Wed May 17 15:15:29 2023: Running xcd server. This server was NOT built by gradle, but presumably rdi.
Wed May 17 15:15:29 2023: Server was asked to start on port: '34407'
Wed May 17 15:15:29 2023: Server is using token UUID: 'b8719fa4-12b2-40a7-b1c5-c7fabc3c2cdd'
Wed May 17 15:15:29 2023: SESSION_MGR: creating session with session uuid: '6d04a3e9-ade5-4ab9-8d63-1f78fcd2ec76' and name 'default'
Wed May 17 15:15:29 2023: Attempting to start server on port '34407'
Wed May 17 15:15:29 2023: XCD main fifo: created main fifo '/tmp/xcdmainb8719fa4-12b2-40a7-b1c5-c7fabc3c2cdd', fd read = 13
Wed May 17 15:15:29 2023: Running Dispatch Server
Wed May 17 15:15:29 2023: Version 2.2.0
Wed May 17 15:15:38 2023: Dispatch Server: Accepted socket connection from client
Wed May 17 15:15:38 2023: Starting Socket connection
Wed May 17 15:15:38 2023: EXCHANGE_TOKEN received, server token: b8719fa4-12b2-40a7-b1c5-c7fabc3c2cdd, passed token: b8719fa4-12b2-40a7-b1c5-c7fabc3c2cdd
Wed May 17 15:15:38 2023: SESSION_MGR: creating session with session uuid: '11444bdf-8564-4834-b289-14413fa38562' and name 'vitis_hls'
Wed May 17 15:15:38 2023: KERNEL_SVC: creating session with uuid: '11444bdf-8564-4834-b289-14413fa38562' and name 'vitis_hls'
Wed May 17 15:15:38 2023: GUIDANCE_SMGR: creating guidance session with uuid: '11444bdf-8564-4834-b289-14413fa38562' and name 'vitis_hls'
Wed May 17 15:16:25 2023: STOP_SERVER received, server token: b8719fa4-12b2-40a7-b1c5-c7fabc3c2cdd, passed token: b8719fa4-12b2-40a7-b1c5-c7fabc3c2cdd
Wed May 17 15:16:25 2023: Socket received request to stop server.
Wed May 17 15:16:25 2023: Dispatch Server: do_await_stop
Wed May 17 15:16:25 2023: Dispatch Server: stopping mainFifo_
Wed May 17 15:16:25 2023: XCD main fifo: Stopping
Wed May 17 15:16:25 2023: XCD main fifo: do_read error code: Operation canceled
Wed May 17 15:16:25 2023: XCD main fifo: bytes_transferred: 0
Wed May 17 15:16:25 2023: SERVER: destructor for server bound to port 34407
Wed May 17 15:16:25 2023: XCD main fifo: Good unlink of /tmp/xcdmainb8719fa4-12b2-40a7-b1c5-c7fabc3c2cdd
Wed May 17 15:16:25 2023: Server exiting with status 0.
Wed May 17 15:16:25 2023: Closing log file.
Wed May 17 15:17:10 2023: Running xcd server. This server was NOT built by gradle, but presumably rdi.
Wed May 17 15:17:10 2023: Server was asked to start on port: '46831'
Wed May 17 15:17:10 2023: Server is using token UUID: '7cacea39-ea2f-46f4-953b-aca3d09b58d8'
Wed May 17 15:17:10 2023: SESSION_MGR: creating session with session uuid: '6d04a3e9-ade5-4ab9-8d63-1f78fcd2ec76' and name 'default'
Wed May 17 15:17:10 2023: Attempting to start server on port '46831'
Wed May 17 15:17:10 2023: XCD main fifo: created main fifo '/tmp/xcdmain7cacea39-ea2f-46f4-953b-aca3d09b58d8', fd read = 13
Wed May 17 15:17:10 2023: Running Dispatch Server
Wed May 17 15:17:10 2023: Version 2.2.0
Wed May 17 15:17:18 2023: Dispatch Server: Accepted socket connection from client
Wed May 17 15:17:18 2023: Starting Socket connection
Wed May 17 15:17:18 2023: EXCHANGE_TOKEN received, server token: 7cacea39-ea2f-46f4-953b-aca3d09b58d8, passed token: 7cacea39-ea2f-46f4-953b-aca3d09b58d8
Wed May 17 15:17:18 2023: SESSION_MGR: creating session with session uuid: '4ebd5f49-0eb9-409a-a177-85f56b020f83' and name 'vitis_hls'
Wed May 17 15:17:18 2023: KERNEL_SVC: creating session with uuid: '4ebd5f49-0eb9-409a-a177-85f56b020f83' and name 'vitis_hls'
Wed May 17 15:17:18 2023: GUIDANCE_SMGR: creating guidance session with uuid: '4ebd5f49-0eb9-409a-a177-85f56b020f83' and name 'vitis_hls'
Wed May 17 15:19:08 2023: STOP_SERVER received, server token: 7cacea39-ea2f-46f4-953b-aca3d09b58d8, passed token: 7cacea39-ea2f-46f4-953b-aca3d09b58d8
Wed May 17 15:19:08 2023: Socket received request to stop server.
Wed May 17 15:19:08 2023: Dispatch Server: do_await_stop
Wed May 17 15:19:08 2023: Dispatch Server: stopping mainFifo_
Wed May 17 15:19:08 2023: XCD main fifo: Stopping
Wed May 17 15:19:08 2023: XCD main fifo: do_read error code: Operation canceled
Wed May 17 15:19:08 2023: XCD main fifo: bytes_transferred: 0
Wed May 17 15:19:08 2023: SERVER: destructor for server bound to port 46831
Wed May 17 15:19:08 2023: XCD main fifo: Good unlink of /tmp/xcdmain7cacea39-ea2f-46f4-953b-aca3d09b58d8
Wed May 17 15:19:08 2023: Server exiting with status 0.
Wed May 17 15:19:08 2023: Closing log file.
Wed May 17 15:20:03 2023: Running xcd server. This server was NOT built by gradle, but presumably rdi.
Wed May 17 15:20:03 2023: Server was asked to start on port: '34845'
Wed May 17 15:20:03 2023: Server is using token UUID: '585e0be7-8997-4864-ac1a-30bc788efd0e'
Wed May 17 15:20:03 2023: SESSION_MGR: creating session with session uuid: '6d04a3e9-ade5-4ab9-8d63-1f78fcd2ec76' and name 'default'
Wed May 17 15:20:03 2023: Attempting to start server on port '34845'
Wed May 17 15:20:03 2023: XCD main fifo: created main fifo '/tmp/xcdmain585e0be7-8997-4864-ac1a-30bc788efd0e', fd read = 13
Wed May 17 15:20:03 2023: Running Dispatch Server
Wed May 17 15:20:03 2023: Version 2.2.0
Wed May 17 15:20:11 2023: Dispatch Server: Accepted socket connection from client
Wed May 17 15:20:11 2023: Starting Socket connection
Wed May 17 15:20:11 2023: EXCHANGE_TOKEN received, server token: 585e0be7-8997-4864-ac1a-30bc788efd0e, passed token: 585e0be7-8997-4864-ac1a-30bc788efd0e
Wed May 17 15:20:11 2023: SESSION_MGR: creating session with session uuid: 'a00b9bb6-d23c-44ab-8131-9a50b930ffa5' and name 'vitis_hls'
Wed May 17 15:20:11 2023: KERNEL_SVC: creating session with uuid: 'a00b9bb6-d23c-44ab-8131-9a50b930ffa5' and name 'vitis_hls'
Wed May 17 15:20:11 2023: GUIDANCE_SMGR: creating guidance session with uuid: 'a00b9bb6-d23c-44ab-8131-9a50b930ffa5' and name 'vitis_hls'
Wed May 17 15:20:46 2023: STOP_SERVER received, server token: 585e0be7-8997-4864-ac1a-30bc788efd0e, passed token: 585e0be7-8997-4864-ac1a-30bc788efd0e
Wed May 17 15:20:46 2023: Socket received request to stop server.
Wed May 17 15:20:46 2023: Dispatch Server: do_await_stop
Wed May 17 15:20:46 2023: Dispatch Server: stopping mainFifo_
Wed May 17 15:20:46 2023: XCD main fifo: Stopping
Wed May 17 15:20:46 2023: XCD main fifo: do_read error code: Operation canceled
Wed May 17 15:20:46 2023: XCD main fifo: bytes_transferred: 0
Wed May 17 15:20:46 2023: SERVER: destructor for server bound to port 34845
Wed May 17 15:20:46 2023: XCD main fifo: Good unlink of /tmp/xcdmain585e0be7-8997-4864-ac1a-30bc788efd0e
Wed May 17 15:20:46 2023: Server exiting with status 0.
Wed May 17 15:20:46 2023: Closing log file.
