#-----------------------------------------------------------
# xsim v2022.2.2 (64-bit)
# SW Build 3788238 on Tue Feb 21 19:59:23 MST 2023
# IP Build 3783773 on Tue Feb 21 23:41:56 MST 2023
# Start of session at: Fri May 26 13:25:51 2023
# Process ID: 24282
# Current directory: /home/sam-admin/git/Training/HLS_Vivado/A8/vitis/meth2/a82/solution_gen/sim/verilog
# Command line: xsim -mode tcl -source {xsim.dir/gen/xsim_script.tcl}
# Log file: /home/sam-admin/git/Training/HLS_Vivado/A8/vitis/meth2/a82/solution_gen/sim/verilog/xsim.log
# Journal file: /home/sam-admin/git/Training/HLS_Vivado/A8/vitis/meth2/a82/solution_gen/sim/verilog/xsim.jou
# Running On: sampaths-lappie, OS: Linux, CPU Frequency: 3400.652 MHz, CPU Physical cores: 4, Host memory: 8241 MB
#-----------------------------------------------------------
source xsim.dir/gen/xsim_script.tcl
# xsim {gen} -autoloadwcfg -tclbatch {gen.tcl}
Time resolution is 1 ps
source gen.tcl
## run all
////////////////////////////////////////////////////////////////////////////////////
// Inter-Transaction Progress: Completed Transaction / Total Transaction
// Intra-Transaction Progress: Measured Latency / Latency Estimation * 100%
//
// RTL Simulation : "Inter-Transaction Progress" ["Intra-Transaction Progress"] @ "Simulation Time"
////////////////////////////////////////////////////////////////////////////////////
// RTL Simulation : 0 / 1 [0.00%] @ "125000"
// RTL Simulation : 1 / 1 [100.00%] @ "88155000"
////////////////////////////////////////////////////////////////////////////////////
$finish called at time : 88215 ns : File "/home/sam-admin/git/Training/HLS_Vivado/A8/vitis/meth2/a82/solution_gen/sim/verilog/gen.autotb.v" Line 210
## quit
INFO: [Common 17-206] Exiting xsim at Fri May 26 13:26:16 2023...
