

================================================================
== Vitis HLS Report for 'cyclicPrefixRemoval'
================================================================
* Date:           Tue May 23 10:36:11 2023

* Version:        2022.2.2 (Build 3779808 on Feb 17 2023)
* Project:        a81
* Solution:       solution_cpr (Vivado IP Flow Target)
* Product family: zynq
* Target device:  xc7z020-clg484-1


================================================================
== Performance Estimates
================================================================
+ Timing: 
    * Summary: 
    +--------+----------+----------+------------+
    |  Clock |  Target  | Estimated| Uncertainty|
    +--------+----------+----------+------------+
    |ap_clk  |  10.00 ns|  3.797 ns|     2.70 ns|
    +--------+----------+----------+------------+

+ Latency: 
    * Summary: 
    +---------+---------+-----------+-----------+------+------+---------+
    |  Latency (cycles) |   Latency (absolute)  |   Interval  | Pipeline|
    |   min   |   max   |    min    |    max    |  min |  max |   Type  |
    +---------+---------+-----------+-----------+------+------+---------+
    |     8803|     8803|  88.030 us|  88.030 us|  8804|  8804|       no|
    +---------+---------+-----------+-----------+------+------+---------+

    + Detail: 
        * Instance: 
        N/A

        * Loop: 
        +------------------+---------+---------+----------+-----------+-----------+------+----------+
        |                  |  Latency (cycles) | Iteration|  Initiation Interval  | Trip |          |
        |     Loop Name    |   min   |   max   |  Latency |  achieved |   target  | Count| Pipelined|
        +------------------+---------+---------+----------+-----------+-----------+------+----------+
        |- VITIS_LOOP_9_1  |     8801|     8801|         3|          1|          1|  8800|       yes|
        +------------------+---------+---------+----------+-----------+-----------+------+----------+



================================================================
== Utilization Estimates
================================================================
* Summary: 
+-----------------+---------+-----+--------+-------+-----+
|       Name      | BRAM_18K| DSP |   FF   |  LUT  | URAM|
+-----------------+---------+-----+--------+-------+-----+
|DSP              |        -|    -|       -|      -|    -|
|Expression       |        -|    -|       0|     85|    -|
|FIFO             |        -|    -|       -|      -|    -|
|Instance         |        -|    -|       -|      -|    -|
|Memory           |        -|    -|       -|      -|    -|
|Multiplexer      |        -|    -|       -|     54|    -|
|Register         |        -|    -|      85|      -|    -|
+-----------------+---------+-----+--------+-------+-----+
|Total            |        0|    0|      85|    139|    0|
+-----------------+---------+-----+--------+-------+-----+
|Available        |      280|  220|  106400|  53200|    0|
+-----------------+---------+-----+--------+-------+-----+
|Utilization (%)  |        0|    0|      ~0|     ~0|    0|
+-----------------+---------+-----+--------+-------+-----+

+ Detail: 
    * Instance: 
    N/A

    * DSP: 
    N/A

    * Memory: 
    N/A

    * FIFO: 
    N/A

    * Expression: 
    +----------------------------------+----------+----+---+----+------------+------------+
    |           Variable Name          | Operation| DSP| FF| LUT| Bitwidth P0| Bitwidth P1|
    +----------------------------------+----------+----+---+----+------------+------------+
    |v_3_fu_109_p2                     |         +|   0|  0|  17|          14|           1|
    |and_ln13_fu_91_p2                 |       and|   0|  0|   2|           1|           1|
    |ap_block_state1_pp0_stage0_iter0  |       and|   0|  0|   2|           1|           1|
    |ap_block_state2_io                |       and|   0|  0|   2|           1|           1|
    |ap_block_state3_io                |       and|   0|  0|   2|           1|           1|
    |ap_condition_122                  |       and|   0|  0|   2|           1|           1|
    |icmp_ln13_1_fu_85_p2              |      icmp|   0|  0|  12|          14|          13|
    |icmp_ln13_2_fu_97_p2              |      icmp|   0|  0|  12|          14|          13|
    |icmp_ln13_fu_79_p2                |      icmp|   0|  0|  12|          14|           9|
    |icmp_ln9_fu_73_p2                 |      icmp|   0|  0|  12|          14|          14|
    |ap_block_pp0_stage0_01001         |        or|   0|  0|   2|           1|           1|
    |ap_block_pp0_stage0_11001         |        or|   0|  0|   2|           1|           1|
    |ap_block_state2_pp0_stage0_iter1  |        or|   0|  0|   2|           1|           1|
    |or_ln13_fu_103_p2                 |        or|   0|  0|   2|           1|           1|
    |ap_enable_pp0                     |       xor|   0|  0|   2|           1|           2|
    +----------------------------------+----------+----+---+----+------------+------------+
    |Total                             |          |   0|  0|  85|          80|          61|
    +----------------------------------+----------+----+---+----+------------+------------+

    * Multiplexer: 
    +-------------------------+----+-----------+-----+-----------+
    |           Name          | LUT| Input Size| Bits| Total Bits|
    +-------------------------+----+-----------+-----+-----------+
    |ap_done_int              |   9|          2|    1|          2|
    |ap_enable_reg_pp0_iter1  |   9|          2|    1|          2|
    |ap_sig_allocacmp_v_2     |   9|          2|   14|         28|
    |inpstream_TDATA_blk_n    |   9|          2|    1|          2|
    |oupstream_TDATA_blk_n    |   9|          2|    1|          2|
    |v_fu_48                  |   9|          2|   14|         28|
    +-------------------------+----+-----------+-----+-----------+
    |Total                    |  54|         12|   32|         64|
    +-------------------------+----+-----------+-----+-----------+

    * Register: 
    +----------------------------------+----+----+-----+-----------+
    |               Name               | FF | LUT| Bits| Const Bits|
    +----------------------------------+----+----+-----+-----------+
    |ap_CS_fsm                         |   1|   0|    1|          0|
    |ap_done_reg                       |   1|   0|    1|          0|
    |ap_enable_reg_pp0_iter1           |   1|   0|    1|          0|
    |ap_enable_reg_pp0_iter2           |   1|   0|    1|          0|
    |ap_loop_exit_ready_pp0_iter1_reg  |   1|   0|    1|          0|
    |inpstream_read_reg_131            |  64|   0|   64|          0|
    |or_ln13_reg_136                   |   1|   0|    1|          0|
    |or_ln13_reg_136_pp0_iter1_reg     |   1|   0|    1|          0|
    |v_fu_48                           |  14|   0|   14|          0|
    +----------------------------------+----+----+-----+-----------+
    |Total                             |  85|   0|   85|          0|
    +----------------------------------+----+----+-----+-----------+



================================================================
== Interface
================================================================
* Summary: 
+------------------+-----+-----+------------+---------------------+--------------+
|     RTL Ports    | Dir | Bits|  Protocol  |    Source Object    |    C Type    |
+------------------+-----+-----+------------+---------------------+--------------+
|ap_clk            |   in|    1|  ap_ctrl_hs|  cyclicPrefixRemoval|  return value|
|ap_rst_n          |   in|    1|  ap_ctrl_hs|  cyclicPrefixRemoval|  return value|
|ap_start          |   in|    1|  ap_ctrl_hs|  cyclicPrefixRemoval|  return value|
|ap_done           |  out|    1|  ap_ctrl_hs|  cyclicPrefixRemoval|  return value|
|ap_idle           |  out|    1|  ap_ctrl_hs|  cyclicPrefixRemoval|  return value|
|ap_ready          |  out|    1|  ap_ctrl_hs|  cyclicPrefixRemoval|  return value|
|inpstream_TVALID  |   in|    1|        axis|            inpstream|       pointer|
|inpstream_TDATA   |   in|   64|        axis|            inpstream|       pointer|
|inpstream_TREADY  |  out|    1|        axis|            inpstream|       pointer|
|oupstream_TREADY  |   in|    1|        axis|            oupstream|       pointer|
|oupstream_TDATA   |  out|   64|        axis|            oupstream|       pointer|
|oupstream_TVALID  |  out|    1|        axis|            oupstream|       pointer|
+------------------+-----+-----+------------+---------------------+--------------+

