Info: Starting: Create block symbol file (.bsf)
Info: qsys-generate /home/sam-admin/git/Training/Scripting/using_quartus/gui/unsaved.qsys --block-symbol-file --output-directory=/home/sam-admin/git/Training/Scripting/using_quartus/gui/unsaved --family="Cyclone IV E" --part=EP4CE22F17C6
Progress: Loading gui/unsaved.qsys
Progress: Reading input file
Progress: Adding clk_0 [clock_source 22.1]
Progress: Parameterizing module clk_0
Progress: Adding nios2_gen2_0 [altera_nios2_gen2 22.1]
Progress: Parameterizing module nios2_gen2_0
Progress: Adding onchip_memory2_0 [altera_avalon_onchip_memory2 22.1]
Progress: Parameterizing module onchip_memory2_0
Progress: Adding pio_0 [altera_avalon_pio 22.1]
Progress: Parameterizing module pio_0
Progress: Adding pio_1 [altera_avalon_pio 22.1]
Progress: Parameterizing module pio_1
Progress: Building connections
Progress: Parameterizing connections
Progress: Validating
Progress: Done reading input file
Info: unsaved.pio_0: PIO inputs are not hardwired in test bench. Undefined values will be read from PIO inputs during simulation.
Info: qsys-generate succeeded.
Info: Finished: Create block symbol file (.bsf)
Info: 
Info: Starting: Create HDL design files for synthesis
Info: qsys-generate /home/sam-admin/git/Training/Scripting/using_quartus/gui/unsaved.qsys --synthesis=VERILOG --output-directory=/home/sam-admin/git/Training/Scripting/using_quartus/gui/unsaved/synthesis --family="Cyclone IV E" --part=EP4CE22F17C6
Progress: Loading gui/unsaved.qsys
Progress: Reading input file
Progress: Adding clk_0 [clock_source 22.1]
Progress: Parameterizing module clk_0
Progress: Adding nios2_gen2_0 [altera_nios2_gen2 22.1]
Progress: Parameterizing module nios2_gen2_0
Progress: Adding onchip_memory2_0 [altera_avalon_onchip_memory2 22.1]
Progress: Parameterizing module onchip_memory2_0
Progress: Adding pio_0 [altera_avalon_pio 22.1]
Progress: Parameterizing module pio_0
Progress: Adding pio_1 [altera_avalon_pio 22.1]
Progress: Parameterizing module pio_1
Progress: Building connections
Progress: Parameterizing connections
Progress: Validating
Progress: Done reading input file
Info: unsaved.pio_0: PIO inputs are not hardwired in test bench. Undefined values will be read from PIO inputs during simulation.
Info: unsaved: Generating unsaved "unsaved" for QUARTUS_SYNTH
Info: nios2_gen2_0: "unsaved" instantiated altera_nios2_gen2 "nios2_gen2_0"
Info: onchip_memory2_0: Starting RTL generation for module 'unsaved_onchip_memory2_0'
Info: onchip_memory2_0:   Generation command is [exec /home/sam-admin/intelFPGA_lite/22.1std/quartus/linux64/perl/bin/perl -I /home/sam-admin/intelFPGA_lite/22.1std/quartus/linux64/perl/lib -I /home/sam-admin/intelFPGA_lite/22.1std/quartus/sopc_builder/bin/europa -I /home/sam-admin/intelFPGA_lite/22.1std/quartus/sopc_builder/bin -I /home/sam-admin/intelFPGA_lite/22.1std/quartus/../ip/altera/sopc_builder_ip/common -I /home/sam-admin/intelFPGA_lite/22.1std/quartus/../ip/altera/sopc_builder_ip/altera_avalon_onchip_memory2 -- /home/sam-admin/intelFPGA_lite/22.1std/quartus/../ip/altera/sopc_builder_ip/altera_avalon_onchip_memory2/generate_rtl.pl --name=unsaved_onchip_memory2_0 --dir=/tmp/alt9605_2713283756252064520.dir/0002_onchip_memory2_0_gen/ --quartus_dir=/home/sam-admin/intelFPGA_lite/22.1std/quartus --verilog --config=/tmp/alt9605_2713283756252064520.dir/0002_onchip_memory2_0_gen//unsaved_onchip_memory2_0_component_configuration.pl  --do_build_sim=0  ]
Info: onchip_memory2_0: Done RTL generation for module 'unsaved_onchip_memory2_0'
Info: onchip_memory2_0: "unsaved" instantiated altera_avalon_onchip_memory2 "onchip_memory2_0"
Info: pio_0: Starting RTL generation for module 'unsaved_pio_0'
Info: pio_0:   Generation command is [exec /home/sam-admin/intelFPGA_lite/22.1std/quartus/linux64/perl/bin/perl -I /home/sam-admin/intelFPGA_lite/22.1std/quartus/linux64/perl/lib -I /home/sam-admin/intelFPGA_lite/22.1std/quartus/sopc_builder/bin/europa -I /home/sam-admin/intelFPGA_lite/22.1std/quartus/sopc_builder/bin -I /home/sam-admin/intelFPGA_lite/22.1std/quartus/../ip/altera/sopc_builder_ip/common -I /home/sam-admin/intelFPGA_lite/22.1std/quartus/../ip/altera/sopc_builder_ip/altera_avalon_pio -- /home/sam-admin/intelFPGA_lite/22.1std/quartus/../ip/altera/sopc_builder_ip/altera_avalon_pio/generate_rtl.pl --name=unsaved_pio_0 --dir=/tmp/alt9605_2713283756252064520.dir/0003_pio_0_gen/ --quartus_dir=/home/sam-admin/intelFPGA_lite/22.1std/quartus --verilog --config=/tmp/alt9605_2713283756252064520.dir/0003_pio_0_gen//unsaved_pio_0_component_configuration.pl  --do_build_sim=0  ]
Info: pio_0: Done RTL generation for module 'unsaved_pio_0'
Info: pio_0: "unsaved" instantiated altera_avalon_pio "pio_0"
Info: pio_1: Starting RTL generation for module 'unsaved_pio_1'
Info: pio_1:   Generation command is [exec /home/sam-admin/intelFPGA_lite/22.1std/quartus/linux64/perl/bin/perl -I /home/sam-admin/intelFPGA_lite/22.1std/quartus/linux64/perl/lib -I /home/sam-admin/intelFPGA_lite/22.1std/quartus/sopc_builder/bin/europa -I /home/sam-admin/intelFPGA_lite/22.1std/quartus/sopc_builder/bin -I /home/sam-admin/intelFPGA_lite/22.1std/quartus/../ip/altera/sopc_builder_ip/common -I /home/sam-admin/intelFPGA_lite/22.1std/quartus/../ip/altera/sopc_builder_ip/altera_avalon_pio -- /home/sam-admin/intelFPGA_lite/22.1std/quartus/../ip/altera/sopc_builder_ip/altera_avalon_pio/generate_rtl.pl --name=unsaved_pio_1 --dir=/tmp/alt9605_2713283756252064520.dir/0004_pio_1_gen/ --quartus_dir=/home/sam-admin/intelFPGA_lite/22.1std/quartus --verilog --config=/tmp/alt9605_2713283756252064520.dir/0004_pio_1_gen//unsaved_pio_1_component_configuration.pl  --do_build_sim=0  ]
Info: pio_1: Done RTL generation for module 'unsaved_pio_1'
Info: pio_1: "unsaved" instantiated altera_avalon_pio "pio_1"
Info: avalon_st_adapter: Inserting error_adapter: error_adapter_0
Info: avalon_st_adapter_001: Inserting error_adapter: error_adapter_0
Info: avalon_st_adapter_002: Inserting error_adapter: error_adapter_0
Info: avalon_st_adapter_003: Inserting error_adapter: error_adapter_0
Info: mm_interconnect_0: "unsaved" instantiated altera_mm_interconnect "mm_interconnect_0"
Info: irq_mapper: "unsaved" instantiated altera_irq_mapper "irq_mapper"
Info: rst_controller: "unsaved" instantiated altera_reset_controller "rst_controller"
Info: cpu: Starting RTL generation for module 'unsaved_nios2_gen2_0_cpu'
Info: cpu:   Generation command is [exec /home/sam-admin/intelFPGA_lite/22.1std/quartus/linux64//perl/bin/perl -I /home/sam-admin/intelFPGA_lite/22.1std/quartus/linux64//perl/lib -I /home/sam-admin/intelFPGA_lite/22.1std/quartus/sopc_builder/bin/europa -I /home/sam-admin/intelFPGA_lite/22.1std/quartus/sopc_builder/bin -I /home/sam-admin/intelFPGA_lite/22.1std/quartus/../ip/altera/nios2_ip/altera_nios2_gen2/cpu_lib -I /home/sam-admin/intelFPGA_lite/22.1std/quartus/../ip/altera/nios2_ip/altera_nios2_gen2/nios_lib -I /home/sam-admin/intelFPGA_lite/22.1std/quartus/../ip/altera/nios2_ip/altera_nios2_gen2 -I /home/sam-admin/intelFPGA_lite/22.1std/quartus/../ip/altera/nios2_ip/altera_nios2_gen2 -- /home/sam-admin/intelFPGA_lite/22.1std/quartus/../ip/altera/nios2_ip/altera_nios2_gen2/generate_rtl.pl --name=unsaved_nios2_gen2_0_cpu --dir=/tmp/alt9605_2713283756252064520.dir/0007_cpu_gen/ --quartus_bindir=/home/sam-admin/intelFPGA_lite/22.1std/quartus/linux64/ --verilog --config=/tmp/alt9605_2713283756252064520.dir/0007_cpu_gen//unsaved_nios2_gen2_0_cpu_processor_configuration.pl  --do_build_sim=0  ]
Info: cpu: # 2023.09.05 15:08:13 (*) Starting Nios II generation
Info: cpu: # 2023.09.05 15:08:13 (*)   Elaborating CPU configuration settings
Info: cpu: # 2023.09.05 15:08:13 (*)   Creating all objects for CPU
Info: cpu: # 2023.09.05 15:08:14 (*)   Generating RTL from CPU objects
Info: cpu: # 2023.09.05 15:08:14 (*)   Creating plain-text RTL
Info: cpu: # 2023.09.05 15:08:14 (*) Done Nios II generation
Info: cpu: Done RTL generation for module 'unsaved_nios2_gen2_0_cpu'
Info: cpu: "nios2_gen2_0" instantiated altera_nios2_gen2_unit "cpu"
Info: nios2_gen2_0_data_master_translator: "mm_interconnect_0" instantiated altera_merlin_master_translator "nios2_gen2_0_data_master_translator"
Info: nios2_gen2_0_debug_mem_slave_translator: "mm_interconnect_0" instantiated altera_merlin_slave_translator "nios2_gen2_0_debug_mem_slave_translator"
Info: nios2_gen2_0_data_master_agent: "mm_interconnect_0" instantiated altera_merlin_master_agent "nios2_gen2_0_data_master_agent"
Info: nios2_gen2_0_debug_mem_slave_agent: "mm_interconnect_0" instantiated altera_merlin_slave_agent "nios2_gen2_0_debug_mem_slave_agent"
Info: nios2_gen2_0_debug_mem_slave_agent_rsp_fifo: "mm_interconnect_0" instantiated altera_avalon_sc_fifo "nios2_gen2_0_debug_mem_slave_agent_rsp_fifo"
Info: router: "mm_interconnect_0" instantiated altera_merlin_router "router"
Info: router_001: "mm_interconnect_0" instantiated altera_merlin_router "router_001"
Info: router_002: "mm_interconnect_0" instantiated altera_merlin_router "router_002"
Info: router_004: "mm_interconnect_0" instantiated altera_merlin_router "router_004"
Info: cmd_demux: "mm_interconnect_0" instantiated altera_merlin_demultiplexer "cmd_demux"
Info: cmd_demux_001: "mm_interconnect_0" instantiated altera_merlin_demultiplexer "cmd_demux_001"
Info: cmd_mux: "mm_interconnect_0" instantiated altera_merlin_multiplexer "cmd_mux"
Info: cmd_mux_002: "mm_interconnect_0" instantiated altera_merlin_multiplexer "cmd_mux_002"
Info: Reusing file /home/sam-admin/git/Training/Scripting/using_quartus/gui/unsaved/synthesis/submodules/altera_merlin_arbitrator.sv
Info: rsp_demux_002: "mm_interconnect_0" instantiated altera_merlin_demultiplexer "rsp_demux_002"
Info: rsp_mux: "mm_interconnect_0" instantiated altera_merlin_multiplexer "rsp_mux"
Info: Reusing file /home/sam-admin/git/Training/Scripting/using_quartus/gui/unsaved/synthesis/submodules/altera_merlin_arbitrator.sv
Info: rsp_mux_001: "mm_interconnect_0" instantiated altera_merlin_multiplexer "rsp_mux_001"
Info: Reusing file /home/sam-admin/git/Training/Scripting/using_quartus/gui/unsaved/synthesis/submodules/altera_merlin_arbitrator.sv
Info: avalon_st_adapter: "mm_interconnect_0" instantiated altera_avalon_st_adapter "avalon_st_adapter"
Info: error_adapter_0: "avalon_st_adapter" instantiated error_adapter "error_adapter_0"
Info: unsaved: Done "unsaved" with 27 modules, 40 files
Info: qsys-generate succeeded.
Info: Finished: Create HDL design files for synthesis
