!PASS! OUTPUT IS TOLERABLE BASED ON GIVEN PRECISION
INFO [HLS SIM]: The maximum depth reached by any hls::stream() instance in the design is 8800
Vivado Simulator v2022.2.2
Copyright 1986-1999, 2001-2022 Xilinx, Inc. All Rights Reserved.
Running: /tools/Xilinx/Vivado/2022.2/bin/unwrapped/lnx64.o/xelab xil_defaultlib.apatb_gen_top glbl -Oenable_linking_all_libraries -prj gen.prj -L smartconnect_v1_0 -L axi_protocol_checker_v1_1_12 -L axi_protocol_checker_v1_1_13 -L axis_protocol_checker_v1_1_11 -L axis_protocol_checker_v1_1_12 -L xil_defaultlib -L unisims_ver -L xpm -L floating_point_v7_1_15 -L floating_point_v7_0_20 --lib ieee_proposed=./ieee_proposed -s gen 
Multi-threading is on. Using 6 slave threads.
WARNING: [XSIM 43-3431] One or more environment variables have been detected which affect the operation of the C compiler. These are typically not set in standard installations and are not tested by Xilinx, however they may be appropriate for your system, so the flow will attempt to continue.  If errors occur, try running xelab with the "-mt off -v 1" switches to see more information from the C compiler. The following environment variables have been detected:
    LIBRARY_PATH
INFO: [VRFC 10-2263] Analyzing SystemVerilog file "/home/sam-admin/git/Training/HLS_Vivado/A8/vitis/meth1/a81/solution_gen/sim/verilog/glbl.v" into library work
INFO: [VRFC 10-311] analyzing module glbl
INFO: [VRFC 10-2263] Analyzing SystemVerilog file "/home/sam-admin/git/Training/HLS_Vivado/A8/vitis/meth1/a81/solution_gen/sim/verilog/AESL_deadlock_kernel_monitor_top.v" into library xil_defaultlib
INFO: [VRFC 10-311] analyzing module AESL_deadlock_kernel_monitor_top
INFO: [VRFC 10-2263] Analyzing SystemVerilog file "/home/sam-admin/git/Training/HLS_Vivado/A8/vitis/meth1/a81/solution_gen/sim/verilog/AESL_axi_s_gst.v" into library xil_defaultlib
INFO: [VRFC 10-311] analyzing module AESL_axi_s_gst
INFO: [VRFC 10-2263] Analyzing SystemVerilog file "/home/sam-admin/git/Training/HLS_Vivado/A8/vitis/meth1/a81/solution_gen/sim/verilog/gen_regslice_both.v" into library xil_defaultlib
INFO: [VRFC 10-311] analyzing module gen_regslice_both
INFO: [VRFC 10-311] analyzing module gen_regslice_both_w1
INFO: [VRFC 10-2263] Analyzing SystemVerilog file "/home/sam-admin/git/Training/HLS_Vivado/A8/vitis/meth1/a81/solution_gen/sim/verilog/gen.autotb.v" into library xil_defaultlib
INFO: [VRFC 10-311] analyzing module apatb_gen_top
INFO: [VRFC 10-2263] Analyzing SystemVerilog file "/home/sam-admin/git/Training/HLS_Vivado/A8/vitis/meth1/a81/solution_gen/sim/verilog/gen_flow_control_loop_pipe.v" into library xil_defaultlib
INFO: [VRFC 10-311] analyzing module gen_flow_control_loop_pipe
INFO: [VRFC 10-2263] Analyzing SystemVerilog file "/home/sam-admin/git/Training/HLS_Vivado/A8/vitis/meth1/a81/solution_gen/sim/verilog/AESL_deadlock_idx0_monitor.v" into library xil_defaultlib
INFO: [VRFC 10-311] analyzing module AESL_deadlock_idx0_monitor
INFO: [VRFC 10-2263] Analyzing SystemVerilog file "/home/sam-admin/git/Training/HLS_Vivado/A8/vitis/meth1/a81/solution_gen/sim/verilog/gen_mux_880014_32_1_1.v" into library xil_defaultlib
INFO: [VRFC 10-311] analyzing module gen_mux_880014_32_1_1
INFO: [VRFC 10-2263] Analyzing SystemVerilog file "/home/sam-admin/git/Training/HLS_Vivado/A8/vitis/meth1/a81/solution_gen/sim/verilog/AESL_fifo.v" into library xil_defaultlib
INFO: [VRFC 10-311] analyzing module fifo
INFO: [VRFC 10-2263] Analyzing SystemVerilog file "/home/sam-admin/git/Training/HLS_Vivado/A8/vitis/meth1/a81/solution_gen/sim/verilog/gen.v" into library xil_defaultlib
INFO: [VRFC 10-311] analyzing module gen
INFO: [VRFC 10-2263] Analyzing SystemVerilog file "/home/sam-admin/git/Training/HLS_Vivado/A8/vitis/meth1/a81/solution_gen/sim/verilog/dataflow_monitor.sv" into library xil_defaultlib
INFO: [VRFC 10-311] analyzing module dataflow_monitor
Starting static elaboration
Pass Through NonSizing Optimizer
WARNING: [VRFC 10-3645] port 'axis_block_info' remains unconnected for this instance [/home/sam-admin/git/Training/HLS_Vivado/A8/vitis/meth1/a81/solution_gen/sim/verilog/AESL_deadlock_kernel_monitor_top.v:18]
Completed static elaboration
Starting simulation data flow analysis
Completed simulation data flow analysis
Time Resolution for simulation is 1ps
Compiling package xil_defaultlib.$unit_dataflow_monitor_sv
Compiling module xil_defaultlib.gen_mux_880014_32_1_1(ID=1,din88...
Compiling module xil_defaultlib.gen_flow_control_loop_pipe
Compiling module xil_defaultlib.gen_regslice_both(DataWidth=64)
Compiling module xil_defaultlib.gen
Compiling module xil_defaultlib.fifo(DEPTH=8800,WIDTH=64)
Compiling module xil_defaultlib.AESL_axi_s_gst
Compiling module xil_defaultlib.AESL_deadlock_idx0_monitor
Compiling module xil_defaultlib.AESL_deadlock_kernel_monitor_top...
Compiling module xil_defaultlib.nodf_module_intf
Compiling module xil_defaultlib.upc_loop_intf(FSM_WIDTH=1)
Compiling module xil_defaultlib.dataflow_monitor_1
Compiling module xil_defaultlib.apatb_gen_top
Compiling module work.glbl
Built simulation snapshot gen

****** xsim v2022.2.2 (64-bit)
  **** SW Build 3788238 on Tue Feb 21 19:59:23 MST 2023
  **** IP Build 3783773 on Tue Feb 21 23:41:56 MST 2023
    ** Copyright 1986-2023 Xilinx, Inc. All Rights Reserved.

source xsim.dir/gen/xsim_script.tcl
# xsim {gen} -autoloadwcfg -tclbatch {gen.tcl}
Time resolution is 1 ps
source gen.tcl
## run all
////////////////////////////////////////////////////////////////////////////////////
// Inter-Transaction Progress: Completed Transaction / Total Transaction
// Intra-Transaction Progress: Measured Latency / Latency Estimation * 100%
//
// RTL Simulation : "Inter-Transaction Progress" ["Intra-Transaction Progress"] @ "Simulation Time"
////////////////////////////////////////////////////////////////////////////////////
// RTL Simulation : 0 / 1 [0.00%] @ "125000"
// RTL Simulation : 1 / 1 [100.00%] @ "88155000"
////////////////////////////////////////////////////////////////////////////////////
$finish called at time : 88215 ns : File "/home/sam-admin/git/Training/HLS_Vivado/A8/vitis/meth1/a81/solution_gen/sim/verilog/gen.autotb.v" Line 210
run: Time (s): cpu = 00:00:00 ; elapsed = 00:00:16 . Memory (MB): peak = 1303.469 ; gain = 0.000 ; free physical = 2523 ; free virtual = 5931
## quit
INFO: xsimkernel Simulation Memory Usage: 125448 KB (Peak: 183820 KB), Simulation CPU Usage: 16400 ms
INFO: [Common 17-206] Exiting xsim at Mon May 22 11:04:58 2023...
!PASS! OUTPUT IS TOLERABLE BASED ON GIVEN PRECISION
INFO [HLS SIM]: The maximum depth reached by any hls::stream() instance in the design is 8800
