Copyright 1986-2023 Xilinx, Inc. All Rights Reserved.
--------------------------------------------------------------------------------------
| Tool Version : Vivado v.2022.2.2 (lin64) Build 3788238 Tue Feb 21 19:59:23 MST 2023
| Date         : Mon Jun 19 14:59:39 2023
| Host         : sampaths-lappie running 64-bit Ubuntu 22.04.2 LTS
| Command      : upgrade_ip
| Device       : xc7z020clg484-1
--------------------------------------------------------------------------------------

Upgrade Log for IP 'design_2_crc24a_0_0'

1. Summary
----------

CAUTION (success, with warnings) in the upgrade of design_2_crc24a_0_0 (xilinx.com:hls:crc24a:1.0) from (Rev. 2113081977) to (Rev. 2113082216)

After upgrade, an IP may have parameter and port differences compared to the original customization. Please review the parameters within the IP customization GUI to ensure proper functionality. Also, please review the updated IP instantiation template to ensure proper connectivity, and update your design if required.

2. Connection Warnings
----------------------

Detected external port differences while upgrading 'design_2_crc24a_0_0'. These changes may impact your design.


-Upgraded port 'a_TDATA' width 8 differs from original width 64

-Upgraded port 'c_TDATA' width 8 differs from original width 64







Copyright 1986-2023 Xilinx, Inc. All Rights Reserved.
--------------------------------------------------------------------------------------
| Tool Version : Vivado v.2022.2.2 (lin64) Build 3788238 Tue Feb 21 19:59:23 MST 2023
| Date         : Mon Jun 19 14:59:38 2023
| Host         : sampaths-lappie running 64-bit Ubuntu 22.04.2 LTS
| Command      : upgrade_ip
| Device       : xc7z020clg484-1
--------------------------------------------------------------------------------------

Upgrade Log for IP 'design_1_crc24a_0_0'

1. Summary
----------

CAUTION (success, with warnings) in the upgrade of design_1_crc24a_0_0 (xilinx.com:hls:crc24a:1.0) from (Rev. 2113081977) to (Rev. 2113082216)

After upgrade, an IP may have parameter and port differences compared to the original customization. Please review the parameters within the IP customization GUI to ensure proper functionality. Also, please review the updated IP instantiation template to ensure proper connectivity, and update your design if required.

2. Connection Warnings
----------------------

Detected external port differences while upgrading 'design_1_crc24a_0_0'. These changes may impact your design.


-Upgraded port 'a_TDATA' width 8 differs from original width 64

-Upgraded port 'c_TDATA' width 8 differs from original width 64







Copyright 1986-2022 Xilinx, Inc. All Rights Reserved.
------------------------------------------------------------------------------------
| Tool Version : Vivado v.2022.2 (lin64) Build 3671981 Fri Oct 14 04:59:54 MDT 2022
| Date         : Mon Jun 19 10:58:21 2023
| Host         : sampaths-lappie running 64-bit Ubuntu 22.04.2 LTS
| Command      : upgrade_ip
| Device       : xc7z020clg484-1
------------------------------------------------------------------------------------

Upgrade Log for IP 'design_2_crc24a_0_0'

1. Summary
----------

SUCCESS in the upgrade of design_2_crc24a_0_0 (xilinx.com:hls:crc24a:1.0) from (Rev. 2113081967) to (Rev. 2113081977)






Copyright 1986-2022 Xilinx, Inc. All Rights Reserved.
------------------------------------------------------------------------------------
| Tool Version : Vivado v.2022.2 (lin64) Build 3671981 Fri Oct 14 04:59:54 MDT 2022
| Date         : Mon Jun 19 10:58:20 2023
| Host         : sampaths-lappie running 64-bit Ubuntu 22.04.2 LTS
| Command      : upgrade_ip
| Device       : xc7z020clg484-1
------------------------------------------------------------------------------------

Upgrade Log for IP 'design_1_crc24a_0_0'

1. Summary
----------

SUCCESS in the upgrade of design_1_crc24a_0_0 (xilinx.com:hls:crc24a:1.0) from (Rev. 2113081967) to (Rev. 2113081977)






Copyright 1986-2022 Xilinx, Inc. All Rights Reserved.
------------------------------------------------------------------------------------
| Tool Version : Vivado v.2022.2 (lin64) Build 3671981 Fri Oct 14 04:59:54 MDT 2022
| Date         : Mon Jun 19 10:49:09 2023
| Host         : sampaths-lappie running 64-bit Ubuntu 22.04.2 LTS
| Command      : upgrade_ip
| Device       : xc7z020clg484-1
------------------------------------------------------------------------------------

Upgrade Log for IP 'design_2_crc24a_0_0'

1. Summary
----------

SUCCESS in the upgrade of design_2_crc24a_0_0 (xilinx.com:hls:crc24a:1.0) from (Rev. 2113081962) to (Rev. 2113081967)






Copyright 1986-2022 Xilinx, Inc. All Rights Reserved.
------------------------------------------------------------------------------------
| Tool Version : Vivado v.2022.2 (lin64) Build 3671981 Fri Oct 14 04:59:54 MDT 2022
| Date         : Mon Jun 19 10:49:08 2023
| Host         : sampaths-lappie running 64-bit Ubuntu 22.04.2 LTS
| Command      : upgrade_ip
| Device       : xc7z020clg484-1
------------------------------------------------------------------------------------

Upgrade Log for IP 'design_1_crc24a_0_0'

1. Summary
----------

SUCCESS in the upgrade of design_1_crc24a_0_0 (xilinx.com:hls:crc24a:1.0) from (Rev. 2113081962) to (Rev. 2113081967)






Copyright 1986-2022 Xilinx, Inc. All Rights Reserved.
------------------------------------------------------------------------------------
| Tool Version : Vivado v.2022.2 (lin64) Build 3671981 Fri Oct 14 04:59:54 MDT 2022
| Date         : Mon Jun 19 10:43:44 2023
| Host         : sampaths-lappie running 64-bit Ubuntu 22.04.2 LTS
| Command      : upgrade_ip
| Device       : xc7z020clg484-1
------------------------------------------------------------------------------------

Upgrade Log for IP 'design_2_crc24a_0_0'

1. Summary
----------

SUCCESS in the upgrade of design_2_crc24a_0_0 (xilinx.com:hls:crc24a:1.0) from (Rev. 2113081953) to (Rev. 2113081962)






Copyright 1986-2022 Xilinx, Inc. All Rights Reserved.
------------------------------------------------------------------------------------
| Tool Version : Vivado v.2022.2 (lin64) Build 3671981 Fri Oct 14 04:59:54 MDT 2022
| Date         : Mon Jun 19 10:43:43 2023
| Host         : sampaths-lappie running 64-bit Ubuntu 22.04.2 LTS
| Command      : upgrade_ip
| Device       : xc7z020clg484-1
------------------------------------------------------------------------------------

Upgrade Log for IP 'design_1_crc24a_0_0'

1. Summary
----------

SUCCESS in the upgrade of design_1_crc24a_0_0 (xilinx.com:hls:crc24a:1.0) from (Rev. 2113081953) to (Rev. 2113081962)






Copyright 1986-2022 Xilinx, Inc. All Rights Reserved.
------------------------------------------------------------------------------------
| Tool Version : Vivado v.2022.2 (lin64) Build 3671981 Fri Oct 14 04:59:54 MDT 2022
| Date         : Mon Jun 19 10:36:01 2023
| Host         : sampaths-lappie running 64-bit Ubuntu 22.04.2 LTS
| Command      : upgrade_ip
| Device       : xc7z020clg484-1
------------------------------------------------------------------------------------

Upgrade Log for IP 'design_2_crc24a_0_0'

1. Summary
----------

SUCCESS in the upgrade of design_2_crc24a_0_0 (xilinx.com:hls:crc24a:1.0) from (Rev. 2113078048) to (Rev. 2113081953)






Copyright 1986-2022 Xilinx, Inc. All Rights Reserved.
------------------------------------------------------------------------------------
| Tool Version : Vivado v.2022.2 (lin64) Build 3671981 Fri Oct 14 04:59:54 MDT 2022
| Date         : Mon Jun 19 10:36:00 2023
| Host         : sampaths-lappie running 64-bit Ubuntu 22.04.2 LTS
| Command      : upgrade_ip
| Device       : xc7z020clg484-1
------------------------------------------------------------------------------------

Upgrade Log for IP 'design_1_crc24a_0_0'

1. Summary
----------

SUCCESS in the upgrade of design_1_crc24a_0_0 (xilinx.com:hls:crc24a:1.0) from (Rev. 2113078048) to (Rev. 2113081953)






Copyright 1986-2022 Xilinx, Inc. All Rights Reserved.
------------------------------------------------------------------------------------
| Tool Version : Vivado v.2022.2 (lin64) Build 3671981 Fri Oct 14 04:59:54 MDT 2022
| Date         : Sat Jun 17 20:55:50 2023
| Host         : sampaths-lappie running 64-bit Ubuntu 22.04.2 LTS
| Command      : upgrade_ip
| Device       : xc7z020clg484-1
------------------------------------------------------------------------------------

Upgrade Log for IP 'design_2_crc24a_0_0'

1. Summary
----------

SUCCESS in the upgrade of design_2_crc24a_0_0 (xilinx.com:hls:crc24a:1.0) from (Rev. 2113078029) to (Rev. 2113078048)






Copyright 1986-2022 Xilinx, Inc. All Rights Reserved.
------------------------------------------------------------------------------------
| Tool Version : Vivado v.2022.2 (lin64) Build 3671981 Fri Oct 14 04:59:54 MDT 2022
| Date         : Sat Jun 17 20:55:50 2023
| Host         : sampaths-lappie running 64-bit Ubuntu 22.04.2 LTS
| Command      : upgrade_ip
| Device       : xc7z020clg484-1
------------------------------------------------------------------------------------

Upgrade Log for IP 'design_1_crc24a_0_0'

1. Summary
----------

SUCCESS in the upgrade of design_1_crc24a_0_0 (xilinx.com:hls:crc24a:1.0) from (Rev. 2113078029) to (Rev. 2113078048)






Copyright 1986-2022 Xilinx, Inc. All Rights Reserved.
------------------------------------------------------------------------------------
| Tool Version : Vivado v.2022.2 (lin64) Build 3671981 Fri Oct 14 04:59:54 MDT 2022
| Date         : Fri Jun 16 17:14:04 2023
| Host         : sampaths-lappie running 64-bit Ubuntu 22.04.2 LTS
| Command      : upgrade_ip
| Device       : xc7z020clg484-1
------------------------------------------------------------------------------------

Upgrade Log for IP 'design_2_crc24a_0_0'

1. Summary
----------

SUCCESS in the upgrade of design_2_crc24a_0_0 (xilinx.com:hls:crc24a:1.0) from (Rev. 2113077665) to (Rev. 2113078029)






Copyright 1986-2022 Xilinx, Inc. All Rights Reserved.
------------------------------------------------------------------------------------
| Tool Version : Vivado v.2022.2 (lin64) Build 3671981 Fri Oct 14 04:59:54 MDT 2022
| Date         : Fri Jun 16 17:14:03 2023
| Host         : sampaths-lappie running 64-bit Ubuntu 22.04.2 LTS
| Command      : upgrade_ip
| Device       : xc7z020clg484-1
------------------------------------------------------------------------------------

Upgrade Log for IP 'design_1_gen_0_1'

1. Summary
----------

SUCCESS in the conversion of design_1_gen_0_1 (xilinx.com:hls:gen:1.0 (Rev. 2113077667)) to Vivado generation flows.






Copyright 1986-2022 Xilinx, Inc. All Rights Reserved.
------------------------------------------------------------------------------------
| Tool Version : Vivado v.2022.2 (lin64) Build 3671981 Fri Oct 14 04:59:54 MDT 2022
| Date         : Fri Jun 16 17:14:02 2023
| Host         : sampaths-lappie running 64-bit Ubuntu 22.04.2 LTS
| Command      : upgrade_ip
| Device       : xc7z020clg484-1
------------------------------------------------------------------------------------

Upgrade Log for IP 'design_1_crc24a_0_0'

1. Summary
----------

SUCCESS in the upgrade of design_1_crc24a_0_0 (xilinx.com:hls:crc24a:1.0) from (Rev. 2113077665) to (Rev. 2113078029)






Copyright 1986-2022 Xilinx, Inc. All Rights Reserved.
------------------------------------------------------------------------------------
| Tool Version : Vivado v.2022.2 (lin64) Build 3671981 Fri Oct 14 04:59:54 MDT 2022
| Date         : Fri Jun 16 11:11:58 2023
| Host         : sampaths-lappie running 64-bit Ubuntu 22.04.2 LTS
| Command      : upgrade_ip
| Device       : xc7z020clg484-1
------------------------------------------------------------------------------------

Upgrade Log for IP 'design_1_gen_0_1'

1. Summary
----------

SUCCESS in the upgrade of design_1_gen_0_1 (xilinx.com:hls:gen:1.0) from (Rev. 2113076464) to (Rev. 2113077667)






Copyright 1986-2022 Xilinx, Inc. All Rights Reserved.
------------------------------------------------------------------------------------
| Tool Version : Vivado v.2022.2 (lin64) Build 3671981 Fri Oct 14 04:59:54 MDT 2022
| Date         : Fri Jun 16 11:11:58 2023
| Host         : sampaths-lappie running 64-bit Ubuntu 22.04.2 LTS
| Command      : upgrade_ip
| Device       : xc7z020clg484-1
------------------------------------------------------------------------------------

Upgrade Log for IP 'design_1_crc24a_0_0'

1. Summary
----------

SUCCESS in the upgrade of design_1_crc24a_0_0 (xilinx.com:hls:crc24a:1.0) from (Rev. 2113076460) to (Rev. 2113077665)






Copyright 1986-2022 Xilinx, Inc. All Rights Reserved.
------------------------------------------------------------------------------------
| Tool Version : Vivado v.2022.2 (lin64) Build 3671981 Fri Oct 14 04:59:54 MDT 2022
| Date         : Thu Jun 15 15:09:54 2023
| Host         : sampaths-lappie running 64-bit Ubuntu 22.04.2 LTS
| Command      : upgrade_ip
| Device       : xc7z020clg484-1
------------------------------------------------------------------------------------

Upgrade Log for IP 'design_1_gen_0_1'

1. Summary
----------

SUCCESS in the upgrade of design_1_gen_0_1 (xilinx.com:hls:gen:1.0) from (Rev. 2113076291) to (Rev. 2113076464)






Copyright 1986-2022 Xilinx, Inc. All Rights Reserved.
------------------------------------------------------------------------------------
| Tool Version : Vivado v.2022.2 (lin64) Build 3671981 Fri Oct 14 04:59:54 MDT 2022
| Date         : Thu Jun 15 15:09:52 2023
| Host         : sampaths-lappie running 64-bit Ubuntu 22.04.2 LTS
| Command      : upgrade_ip
| Device       : xc7z020clg484-1
------------------------------------------------------------------------------------

Upgrade Log for IP 'design_1_crc24a_0_0'

1. Summary
----------

SUCCESS in the upgrade of design_1_crc24a_0_0 (xilinx.com:hls:crc24a:1.0) from (Rev. 2113076406) to (Rev. 2113076460)






Copyright 1986-2022 Xilinx, Inc. All Rights Reserved.
------------------------------------------------------------------------------------
| Tool Version : Vivado v.2022.2 (lin64) Build 3671981 Fri Oct 14 04:59:54 MDT 2022
| Date         : Thu Jun 15 14:12:39 2023
| Host         : sampaths-lappie running 64-bit Ubuntu 22.04.2 LTS
| Command      : upgrade_ip
| Device       : xc7z020clg484-1
------------------------------------------------------------------------------------

Upgrade Log for IP 'design_1_crc24a_0_0'

1. Summary
----------

SUCCESS in the upgrade of design_1_crc24a_0_0 (xilinx.com:hls:crc24a:1.0) from (Rev. 2113076294) to (Rev. 2113076406)






Copyright 1986-2022 Xilinx, Inc. All Rights Reserved.
------------------------------------------------------------------------------------
| Tool Version : Vivado v.2022.2 (lin64) Build 3671981 Fri Oct 14 04:59:54 MDT 2022
| Date         : Thu Jun 15 12:16:51 2023
| Host         : sampaths-lappie running 64-bit Ubuntu 22.04.2 LTS
| Command      : upgrade_ip
| Device       : xc7z020clg484-1
------------------------------------------------------------------------------------

Upgrade Log for IP 'design_1_gen_0_1'

1. Summary
----------

CAUTION (success, with warnings) in the upgrade of design_1_gen_0_1 (xilinx.com:hls:gen:1.0) from (Rev. 2113076257) to (Rev. 2113076291)

After upgrade, an IP may have parameter and port differences compared to the original customization. Please review the parameters within the IP customization GUI to ensure proper functionality. Also, please review the updated IP instantiation template to ensure proper connectivity, and update your design if required.

2. Interface Information
------------------------

Detected external interface differences while upgrading 'design_1_gen_0_1'.


-Upgrade has removed interface 'w'

-Upgrade has added interface 'a' (xilinx.com:interface:axis:1.0)


3. Connection Warnings
----------------------

Detected external port differences while upgrading 'design_1_gen_0_1'. These changes may impact your design.


-Upgrade has removed port 'w_TDATA'

-Upgrade has removed port 'w_TREADY'

-Upgrade has removed port 'w_TVALID'

-Upgrade has added port 'a_TDATA'

-Upgrade has added port 'a_TREADY'

-Upgrade has added port 'a_TVALID'







Copyright 1986-2022 Xilinx, Inc. All Rights Reserved.
------------------------------------------------------------------------------------
| Tool Version : Vivado v.2022.2 (lin64) Build 3671981 Fri Oct 14 04:59:54 MDT 2022
| Date         : Thu Jun 15 12:16:51 2023
| Host         : sampaths-lappie running 64-bit Ubuntu 22.04.2 LTS
| Command      : upgrade_ip
| Device       : xc7z020clg484-1
------------------------------------------------------------------------------------

Upgrade Log for IP 'design_1_crc24a_0_0'

1. Summary
----------

SUCCESS in the upgrade of design_1_crc24a_0_0 (xilinx.com:hls:crc24a:1.0) from (Rev. 2113076253) to (Rev. 2113076294)






Copyright 1986-2022 Xilinx, Inc. All Rights Reserved.
------------------------------------------------------------------------------------
| Tool Version : Vivado v.2022.2 (lin64) Build 3671981 Fri Oct 14 04:59:54 MDT 2022
| Date         : Thu Jun 15 11:41:08 2023
| Host         : sampaths-lappie running 64-bit Ubuntu 22.04.2 LTS
| Command      : upgrade_ip
| Device       : xc7z020clg484-1
------------------------------------------------------------------------------------

Upgrade Log for IP 'design_1_gen_0_1'

1. Summary
----------

CAUTION (success, with warnings) in the upgrade of design_1_gen_0_1 (xilinx.com:hls:gen:1.0) from (Rev. 2113076219) to (Rev. 2113076257)

After upgrade, an IP may have parameter and port differences compared to the original customization. Please review the parameters within the IP customization GUI to ensure proper functionality. Also, please review the updated IP instantiation template to ensure proper connectivity, and update your design if required.

2. Connection Warnings
----------------------

Detected external port differences while upgrading 'design_1_gen_0_1'. These changes may impact your design.


-Upgraded port 'w_TDATA' width 64 differs from original width 8







Copyright 1986-2022 Xilinx, Inc. All Rights Reserved.
------------------------------------------------------------------------------------
| Tool Version : Vivado v.2022.2 (lin64) Build 3671981 Fri Oct 14 04:59:54 MDT 2022
| Date         : Thu Jun 15 11:41:06 2023
| Host         : sampaths-lappie running 64-bit Ubuntu 22.04.2 LTS
| Command      : upgrade_ip
| Device       : xc7z020clg484-1
------------------------------------------------------------------------------------

Upgrade Log for IP 'design_1_crc24a_0_0'

1. Summary
----------

CAUTION (success, with warnings) in the upgrade of design_1_crc24a_0_0 (xilinx.com:hls:crc24a:1.0) from (Rev. 2113076223) to (Rev. 2113076253)

After upgrade, an IP may have parameter and port differences compared to the original customization. Please review the parameters within the IP customization GUI to ensure proper functionality. Also, please review the updated IP instantiation template to ensure proper connectivity, and update your design if required.

2. Connection Warnings
----------------------

Detected external port differences while upgrading 'design_1_crc24a_0_0'. These changes may impact your design.


-Upgraded port 'a_TDATA' width 64 differs from original width 8

-Upgraded port 'c_TDATA' width 64 differs from original width 8







Copyright 1986-2022 Xilinx, Inc. All Rights Reserved.
------------------------------------------------------------------------------------
| Tool Version : Vivado v.2022.2 (lin64) Build 3671981 Fri Oct 14 04:59:54 MDT 2022
| Date         : Thu Jun 15 11:09:33 2023
| Host         : sampaths-lappie running 64-bit Ubuntu 22.04.2 LTS
| Command      : upgrade_ip
| Device       : xc7z020clg484-1
------------------------------------------------------------------------------------

Upgrade Log for IP 'design_1_gen_0_1'

1. Summary
----------

SUCCESS in the upgrade of design_1_gen_0_1 (xilinx.com:hls:gen:1.0) from (Rev. 2113074827) to (Rev. 2113076219)






Copyright 1986-2022 Xilinx, Inc. All Rights Reserved.
------------------------------------------------------------------------------------
| Tool Version : Vivado v.2022.2 (lin64) Build 3671981 Fri Oct 14 04:59:54 MDT 2022
| Date         : Thu Jun 15 11:09:32 2023
| Host         : sampaths-lappie running 64-bit Ubuntu 22.04.2 LTS
| Command      : upgrade_ip
| Device       : xc7z020clg484-1
------------------------------------------------------------------------------------

Upgrade Log for IP 'design_1_crc24a_0_0'

1. Summary
----------

CAUTION (success, with warnings) in the upgrade of design_1_crc24a_0_0 (xilinx.com:hls:crc24a:1.0) from (Rev. 2113074832) to (Rev. 2113076223)

After upgrade, an IP may have parameter and port differences compared to the original customization. Please review the parameters within the IP customization GUI to ensure proper functionality. Also, please review the updated IP instantiation template to ensure proper connectivity, and update your design if required.

2. Interface Information
------------------------

Detected external interface differences while upgrading 'design_1_crc24a_0_0'.


-Upgraded interface 'last' (xilinx.com:interface:axis:1.0) differs from original interface 'xilinx.com:interface:acc_fifo_write:1.0'


3. Connection Warnings
----------------------

Detected external port differences while upgrading 'design_1_crc24a_0_0'. These changes may impact your design.


-Upgrade has removed port 'last_din'

-Upgrade has removed port 'last_full_n'

-Upgrade has removed port 'last_write'

-Upgrade has added port 'last_TDATA'

-Upgrade has added port 'last_TREADY'

-Upgrade has added port 'last_TVALID'







Copyright 1986-2022 Xilinx, Inc. All Rights Reserved.
------------------------------------------------------------------------------------
| Tool Version : Vivado v.2022.2 (lin64) Build 3671981 Fri Oct 14 04:59:54 MDT 2022
| Date         : Wed Jun 14 11:56:14 2023
| Host         : sampaths-lappie running 64-bit Ubuntu 22.04.2 LTS
| Command      : upgrade_ip
| Device       : xc7z020clg484-1
------------------------------------------------------------------------------------

Upgrade Log for IP 'design_1_gen_0_1'

1. Summary
----------

CAUTION (success, with warnings) in the upgrade of design_1_gen_0_1 (xilinx.com:hls:gen:1.0) from (Rev. 2113074791) to (Rev. 2113074827)

After upgrade, an IP may have parameter and port differences compared to the original customization. Please review the parameters within the IP customization GUI to ensure proper functionality. Also, please review the updated IP instantiation template to ensure proper connectivity, and update your design if required.

2. Connection Warnings
----------------------

Detected external port differences while upgrading 'design_1_gen_0_1'. These changes may impact your design.


-Upgraded port 'w_TDATA' width 8 differs from original width 64







Copyright 1986-2022 Xilinx, Inc. All Rights Reserved.
------------------------------------------------------------------------------------
| Tool Version : Vivado v.2022.2 (lin64) Build 3671981 Fri Oct 14 04:59:54 MDT 2022
| Date         : Wed Jun 14 11:56:14 2023
| Host         : sampaths-lappie running 64-bit Ubuntu 22.04.2 LTS
| Command      : upgrade_ip
| Device       : xc7z020clg484-1
------------------------------------------------------------------------------------

Upgrade Log for IP 'design_1_crc24a_0_0'

1. Summary
----------

CAUTION (success, with warnings) in the upgrade of design_1_crc24a_0_0 (xilinx.com:hls:crc24a:1.0) from (Rev. 2113074790) to (Rev. 2113074832)

After upgrade, an IP may have parameter and port differences compared to the original customization. Please review the parameters within the IP customization GUI to ensure proper functionality. Also, please review the updated IP instantiation template to ensure proper connectivity, and update your design if required.

2. Interface Information
------------------------

Detected external interface differences while upgrading 'design_1_crc24a_0_0'.


-Upgraded interface 'last' (xilinx.com:interface:acc_fifo_write:1.0) differs from original interface 'xilinx.com:interface:axis:1.0'


3. Connection Warnings
----------------------

Detected external port differences while upgrading 'design_1_crc24a_0_0'. These changes may impact your design.


-Upgraded port 'a_TDATA' width 8 differs from original width 64

-Upgraded port 'c_TDATA' width 8 differs from original width 64

-Upgrade has removed port 'last_TDATA'

-Upgrade has removed port 'last_TREADY'

-Upgrade has removed port 'last_TVALID'

-Upgrade has added port 'last_din'

-Upgrade has added port 'last_full_n'

-Upgrade has added port 'last_write'







Copyright 1986-2022 Xilinx, Inc. All Rights Reserved.
------------------------------------------------------------------------------------
| Tool Version : Vivado v.2022.2 (lin64) Build 3671981 Fri Oct 14 04:59:54 MDT 2022
| Date         : Wed Jun 14 11:13:37 2023
| Host         : sampaths-lappie running 64-bit Ubuntu 22.04.2 LTS
| Command      : upgrade_ip
| Device       : xc7z020clg484-1
------------------------------------------------------------------------------------

Upgrade Log for IP 'design_1_gen_0_1'

1. Summary
----------

SUCCESS in the upgrade of design_1_gen_0_1 (xilinx.com:hls:gen:1.0) from (Rev. 2113074757) to (Rev. 2113074791)






Copyright 1986-2022 Xilinx, Inc. All Rights Reserved.
------------------------------------------------------------------------------------
| Tool Version : Vivado v.2022.2 (lin64) Build 3671981 Fri Oct 14 04:59:54 MDT 2022
| Date         : Wed Jun 14 11:13:37 2023
| Host         : sampaths-lappie running 64-bit Ubuntu 22.04.2 LTS
| Command      : upgrade_ip
| Device       : xc7z020clg484-1
------------------------------------------------------------------------------------

Upgrade Log for IP 'design_1_crc24a_0_0'

1. Summary
----------

SUCCESS in the upgrade of design_1_crc24a_0_0 (xilinx.com:hls:crc24a:1.0) from (Rev. 2113073462) to (Rev. 2113074790)






Copyright 1986-2022 Xilinx, Inc. All Rights Reserved.
------------------------------------------------------------------------------------
| Tool Version : Vivado v.2022.2 (lin64) Build 3671981 Fri Oct 14 04:59:54 MDT 2022
| Date         : Tue Jun 13 14:17:24 2023
| Host         : sampaths-lappie running 64-bit Ubuntu 22.04.2 LTS
| Command      : upgrade_ip
| Device       : xc7z020clg484-1
------------------------------------------------------------------------------------

Upgrade Log for IP 'design_2_crc24a_0_0'

1. Summary
----------

CAUTION (success, with warnings) in the upgrade of design_2_crc24a_0_0 (xilinx.com:hls:crc24a:1.0) from (Rev. 2113072167) to (Rev. 2113073462)

After upgrade, an IP may have parameter and port differences compared to the original customization. Please review the parameters within the IP customization GUI to ensure proper functionality. Also, please review the updated IP instantiation template to ensure proper connectivity, and update your design if required.

2. Connection Warnings
----------------------

Detected external port differences while upgrading 'design_2_crc24a_0_0'. These changes may impact your design.


-Upgraded port 'a_TDATA' width 64 differs from original width 8

-Upgraded port 'c_TDATA' width 64 differs from original width 8







Copyright 1986-2022 Xilinx, Inc. All Rights Reserved.
------------------------------------------------------------------------------------
| Tool Version : Vivado v.2022.2 (lin64) Build 3671981 Fri Oct 14 04:59:54 MDT 2022
| Date         : Tue Jun 13 14:17:23 2023
| Host         : sampaths-lappie running 64-bit Ubuntu 22.04.2 LTS
| Command      : upgrade_ip
| Device       : xc7z020clg484-1
------------------------------------------------------------------------------------

Upgrade Log for IP 'design_1_crc24a_0_1'

1. Summary
----------

CAUTION (success, with warnings) in the upgrade of design_1_crc24a_0_1 (xilinx.com:hls:crc24a:1.0) from (Rev. 2113072167) to (Rev. 2113073462)

After upgrade, an IP may have parameter and port differences compared to the original customization. Please review the parameters within the IP customization GUI to ensure proper functionality. Also, please review the updated IP instantiation template to ensure proper connectivity, and update your design if required.

2. Connection Warnings
----------------------

Detected external port differences while upgrading 'design_1_crc24a_0_1'. These changes may impact your design.


-Upgraded port 'a_TDATA' width 64 differs from original width 8

-Upgraded port 'c_TDATA' width 64 differs from original width 8


