Copyright 1986-2023 Xilinx, Inc. All Rights Reserved.
--------------------------------------------------------------------------------------
| Tool Version : Vivado v.2022.2.2 (lin64) Build 3788238 Tue Feb 21 19:59:23 MST 2023
| Date         : Thu May 25 16:25:50 2023
| Host         : sampaths-lappie running 64-bit Ubuntu 22.04.2 LTS
| Command      : upgrade_ip
| Device       : xc7z020clg484-1
--------------------------------------------------------------------------------------

Upgrade Log for IP 'design_1_cyclicPrefixRemoval_0_0'

1. Summary
----------

SUCCESS in the upgrade of design_1_cyclicPrefixRemoval_0_0 (xilinx.com:hls:cyclicPrefixRemoval:1.0) from (Rev. 2113046296) to (Rev. 2113046304)






Copyright 1986-2023 Xilinx, Inc. All Rights Reserved.
--------------------------------------------------------------------------------------
| Tool Version : Vivado v.2022.2.2 (lin64) Build 3788238 Tue Feb 21 19:59:23 MST 2023
| Date         : Thu May 25 16:19:16 2023
| Host         : sampaths-lappie running 64-bit Ubuntu 22.04.2 LTS
| Command      : upgrade_ip
| Device       : xc7z020clg484-1
--------------------------------------------------------------------------------------

Upgrade Log for IP 'design_1_cyclicPrefixRemoval_0_0'

1. Summary
----------

SUCCESS in the upgrade of design_1_cyclicPrefixRemoval_0_0 (xilinx.com:hls:cyclicPrefixRemoval:1.0) from (Rev. 2113046271) to (Rev. 2113046296)






Copyright 1986-2023 Xilinx, Inc. All Rights Reserved.
--------------------------------------------------------------------------------------
| Tool Version : Vivado v.2022.2.2 (lin64) Build 3788238 Tue Feb 21 19:59:23 MST 2023
| Date         : Thu May 25 15:53:53 2023
| Host         : sampaths-lappie running 64-bit Ubuntu 22.04.2 LTS
| Command      : upgrade_ip
| Device       : xc7z020clg484-1
--------------------------------------------------------------------------------------

Upgrade Log for IP 'design_1_cyclicPrefixRemoval_0_0'

1. Summary
----------

CAUTION (success, with warnings) in the upgrade of design_1_cyclicPrefixRemoval_0_0 (xilinx.com:hls:cyclicPrefixRemoval:1.0) from (Rev. 2113046227) to (Rev. 2113046271)

After upgrade, an IP may have parameter and port differences compared to the original customization. Please review the parameters within the IP customization GUI to ensure proper functionality. Also, please review the updated IP instantiation template to ensure proper connectivity, and update your design if required.

2. Interface Information
------------------------

Detected external interface differences while upgrading 'design_1_cyclicPrefixRemoval_0_0'.


-Upgraded interface 'z' (xilinx.com:interface:axis:1.0) differs from original interface 'xilinx.com:interface:acc_fifo_write:1.0'


3. Connection Warnings
----------------------

Detected external port differences while upgrading 'design_1_cyclicPrefixRemoval_0_0'. These changes may impact your design.


-Upgrade has removed port 'z_din'

-Upgrade has removed port 'z_full_n'

-Upgrade has removed port 'z_write'

-Upgrade has added port 'z_TDATA'

-Upgrade has added port 'z_TREADY'

-Upgrade has added port 'z_TVALID'







Copyright 1986-2023 Xilinx, Inc. All Rights Reserved.
--------------------------------------------------------------------------------------
| Tool Version : Vivado v.2022.2.2 (lin64) Build 3788238 Tue Feb 21 19:59:23 MST 2023
| Date         : Thu May 25 15:09:47 2023
| Host         : sampaths-lappie running 64-bit Ubuntu 22.04.2 LTS
| Command      : upgrade_ip
| Device       : xc7z020clg484-1
--------------------------------------------------------------------------------------

Upgrade Log for IP 'design_1_cyclicPrefixRemoval_0_0'

1. Summary
----------

SUCCESS in the upgrade of design_1_cyclicPrefixRemoval_0_0 (xilinx.com:hls:cyclicPrefixRemoval:1.0) from (Rev. 2113046093) to (Rev. 2113046227)






Copyright 1986-2023 Xilinx, Inc. All Rights Reserved.
--------------------------------------------------------------------------------------
| Tool Version : Vivado v.2022.2.2 (lin64) Build 3788238 Tue Feb 21 19:59:23 MST 2023
| Date         : Thu May 25 12:53:58 2023
| Host         : sampaths-lappie running 64-bit Ubuntu 22.04.2 LTS
| Command      : upgrade_ip
| Device       : xc7z020clg484-1
--------------------------------------------------------------------------------------

Upgrade Log for IP 'design_1_cyclicPrefixRemoval_0_0'

1. Summary
----------

CAUTION (success, with warnings) in the upgrade of design_1_cyclicPrefixRemoval_0_0 (xilinx.com:hls:cyclicPrefixRemoval:1.0) from (Rev. 2113046089) to (Rev. 2113046093)

After upgrade, an IP may have parameter and port differences compared to the original customization. Please review the parameters within the IP customization GUI to ensure proper functionality. Also, please review the updated IP instantiation template to ensure proper connectivity, and update your design if required.

2. Interface Information
------------------------

Detected external interface differences while upgrading 'design_1_cyclicPrefixRemoval_0_0'.


-Upgraded interface 'inpstream' (xilinx.com:interface:axis:1.0) differs from original interface 'xilinx.com:interface:acc_fifo_read:1.0'

-Upgraded interface 'z' (xilinx.com:interface:acc_fifo_write:1.0) differs from original interface 'xilinx.com:interface:axis:1.0'


3. Connection Warnings
----------------------

Detected external port differences while upgrading 'design_1_cyclicPrefixRemoval_0_0'. These changes may impact your design.


-Upgrade has removed port 'inpstream_dout'

-Upgrade has removed port 'inpstream_empty_n'

-Upgrade has removed port 'inpstream_read'

-Upgrade has removed port 'z_TDATA'

-Upgrade has removed port 'z_TREADY'

-Upgrade has removed port 'z_TVALID'

-Upgrade has added port 'inpstream_TDATA'

-Upgrade has added port 'inpstream_TREADY'

-Upgrade has added port 'inpstream_TVALID'

-Upgrade has added port 'z_din'

-Upgrade has added port 'z_full_n'

-Upgrade has added port 'z_write'







Copyright 1986-2023 Xilinx, Inc. All Rights Reserved.
--------------------------------------------------------------------------------------
| Tool Version : Vivado v.2022.2.2 (lin64) Build 3788238 Tue Feb 21 19:59:23 MST 2023
| Date         : Thu May 25 12:50:56 2023
| Host         : sampaths-lappie running 64-bit Ubuntu 22.04.2 LTS
| Command      : upgrade_ip
| Device       : xc7z020clg484-1
--------------------------------------------------------------------------------------

Upgrade Log for IP 'design_1_cyclicPrefixRemoval_0_0'

1. Summary
----------

CAUTION (success, with warnings) in the upgrade of design_1_cyclicPrefixRemoval_0_0 (xilinx.com:hls:cyclicPrefixRemoval:1.0) from (Rev. 2113046078) to (Rev. 2113046089)

After upgrade, an IP may have parameter and port differences compared to the original customization. Please review the parameters within the IP customization GUI to ensure proper functionality. Also, please review the updated IP instantiation template to ensure proper connectivity, and update your design if required.

2. Interface Information
------------------------

Detected external interface differences while upgrading 'design_1_cyclicPrefixRemoval_0_0'.


-Upgraded interface 'inpstream' (xilinx.com:interface:acc_fifo_read:1.0) differs from original interface 'xilinx.com:interface:axis:1.0'


3. Connection Warnings
----------------------

Detected external port differences while upgrading 'design_1_cyclicPrefixRemoval_0_0'. These changes may impact your design.


-Upgrade has removed port 'inpstream_TDATA'

-Upgrade has removed port 'inpstream_TREADY'

-Upgrade has removed port 'inpstream_TVALID'

-Upgrade has added port 'inpstream_dout'

-Upgrade has added port 'inpstream_empty_n'

-Upgrade has added port 'inpstream_read'







Copyright 1986-2023 Xilinx, Inc. All Rights Reserved.
--------------------------------------------------------------------------------------
| Tool Version : Vivado v.2022.2.2 (lin64) Build 3788238 Tue Feb 21 19:59:23 MST 2023
| Date         : Thu May 25 12:45:54 2023
| Host         : sampaths-lappie running 64-bit Ubuntu 22.04.2 LTS
| Command      : upgrade_ip
| Device       : xc7z020clg484-1
--------------------------------------------------------------------------------------

Upgrade Log for IP 'design_1_cyclicPrefixRemoval_0_0'

1. Summary
----------

CAUTION (success, with warnings) in the upgrade of design_1_cyclicPrefixRemoval_0_0 (xilinx.com:hls:cyclicPrefixRemoval:1.0) from (Rev. 2113046006) to (Rev. 2113046078)

After upgrade, an IP may have parameter and port differences compared to the original customization. Please review the parameters within the IP customization GUI to ensure proper functionality. Also, please review the updated IP instantiation template to ensure proper connectivity, and update your design if required.

2. Interface Information
------------------------

Detected external interface differences while upgrading 'design_1_cyclicPrefixRemoval_0_0'.


-Upgraded interface 'z' (xilinx.com:interface:axis:1.0) differs from original interface 'xilinx.com:interface:acc_fifo_write:1.0'


3. Connection Warnings
----------------------

Detected external port differences while upgrading 'design_1_cyclicPrefixRemoval_0_0'. These changes may impact your design.


-Upgrade has removed port 'z_din'

-Upgrade has removed port 'z_full_n'

-Upgrade has removed port 'z_write'

-Upgrade has added port 'z_TDATA'

-Upgrade has added port 'z_TREADY'

-Upgrade has added port 'z_TVALID'


