#-----------------------------------------------------------
# xsim v2018.3 (64-bit)
# SW Build 2405991 on Thu Dec  6 23:36:41 MST 2018
# IP Build 2404404 on Fri Dec  7 01:43:56 MST 2018
# Start of session at: Tue Apr 11 15:46:53 2023
# Process ID: 20505
# Current directory: /home/sam-admin/git/Training/HLS_Assignments/A7/codes/assignment7/solution1/sim/verilog
# Command line: xsim -mode tcl -source {xsim.dir/fir/xsim_script.tcl}
# Log file: /home/sam-admin/git/Training/HLS_Assignments/A7/codes/assignment7/solution1/sim/verilog/xsim.log
# Journal file: /home/sam-admin/git/Training/HLS_Assignments/A7/codes/assignment7/solution1/sim/verilog/xsim.jou
#-----------------------------------------------------------
source xsim.dir/fir/xsim_script.tcl
# xsim {fir} -autoloadwcfg -tclbatch {fir.tcl}
Vivado Simulator 2018.3
Time resolution is 1 ps
source fir.tcl
## run all
////////////////////////////////////////////////////////////////////////////////////
// Inter-Transaction Progress: Completed Transaction / Total Transaction
// Intra-Transaction Progress: Measured Latency / Latency Estimation * 100%
//
// RTL Simulation : "Inter-Transaction Progress" ["Intra-Transaction Progress"] @ "Simulation Time"
////////////////////////////////////////////////////////////////////////////////////
// RTL Simulation : 0 / 10 [0.00%] @ "125000"
// RTL Simulation : 1 / 10 [100.00%] @ "225000"
// RTL Simulation : 2 / 10 [100.00%] @ "315000"
// RTL Simulation : 3 / 10 [100.00%] @ "405000"
// RTL Simulation : 4 / 10 [100.00%] @ "495000"
// RTL Simulation : 5 / 10 [100.00%] @ "585000"
// RTL Simulation : 6 / 10 [100.00%] @ "675000"
// RTL Simulation : 7 / 10 [100.00%] @ "765000"
// RTL Simulation : 8 / 10 [100.00%] @ "855000"
// RTL Simulation : 9 / 10 [100.00%] @ "945000"
// RTL Simulation : 10 / 10 [100.00%] @ "1035000"
////////////////////////////////////////////////////////////////////////////////////
$finish called at time : 1075 ns : File "/home/sam-admin/git/Training/HLS_Assignments/A7/codes/assignment7/solution1/sim/verilog/fir.autotb.v" Line 327
## quit
INFO: [Common 17-206] Exiting xsim at Tue Apr 11 15:47:03 2023...
