INFO: [COSIM-47] Using XSIM for RTL simulation.
INFO: [COSIM-14] Instrumenting C test bench ...
   Build using "/tools/Xilinx/Vivado/2018.3/tps/lnx64/gcc-6.2.0/bin/g++"
   Compiling a2_2.cpp_pre.cpp.tb.cpp
   Compiling a2_2_tb.cpp_pre.cpp.tb.cpp
   Compiling apatb_mul.cpp
   Generating cosim.tv.exe
INFO: [COSIM-302] Starting C TB testing ... 
INFO: [COSIM-333] Generating C post check test bench ...
INFO: [COSIM-12] Generating RTL test bench ...
INFO: [COSIM-323] Starting verilog simulation. 
INFO: [COSIM-15] Starting XSIM ...
INFO: [COSIM-316] Starting C post checking ...

0
1.45679
4.91358
10.3704
17.8272
27.2839
38.7407
52.1975
60.3457
45.8025
INFO: [XSIM 43-3496] Using init file passed via -initfile option "/tools/Xilinx/Vivado/2018.3/data/xsim/ip/xsim_ip.ini".
Vivado Simulator 2018.3
Copyright 1986-1999, 2001-2018 Xilinx, Inc. All Rights Reserved.
Running: /tools/Xilinx/Vivado/2018.3/bin/unwrapped/lnx64.o/xelab xil_defaultlib.apatb_mul_top glbl -prj mul.prj -L smartconnect_v1_0 -L axi_protocol_checker_v1_1_12 -L axi_protocol_checker_v1_1_13 -L axis_protocol_checker_v1_1_11 -L axis_protocol_checker_v1_1_12 -L xil_defaultlib -L unisims_ver -L xpm --initfile /tools/Xilinx/Vivado/2018.3/data/xsim/ip/xsim_ip.ini --lib ieee_proposed=./ieee_proposed -s mul 
Multi-threading is on. Using 6 slave threads.
WARNING: [XSIM 43-3431] One or more environment variables have been detected which affect the operation of the C compiler. These are typically not set in standard installations and are not tested by Xilinx, however they may be appropriate for your system, so the flow will attempt to continue.  If errors occur, try running xelab with the "-mt off -v 1" switches to see more information from the C compiler. The following environment variables have been detected:
    LIBRARY_PATH
INFO: [VRFC 10-2263] Analyzing SystemVerilog file "/home/sam-admin/Xilinx-Vivado/HLS/Assignment2/a22/solution1/sim/verilog/glbl.v" into library work
INFO: [VRFC 10-311] analyzing module glbl
INFO: [VRFC 10-2263] Analyzing SystemVerilog file "/home/sam-admin/Xilinx-Vivado/HLS/Assignment2/a22/solution1/sim/verilog/mul.v" into library xil_defaultlib
INFO: [VRFC 10-311] analyzing module mul
INFO: [VRFC 10-2263] Analyzing SystemVerilog file "/home/sam-admin/Xilinx-Vivado/HLS/Assignment2/a22/solution1/sim/verilog/mul.autotb.v" into library xil_defaultlib
INFO: [VRFC 10-311] analyzing module apatb_mul_top
Starting static elaboration
Completed static elaboration
Starting simulation data flow analysis
Completed simulation data flow analysis
Time Resolution for simulation is 1ps
Compiling module xil_defaultlib.mul
Compiling module xil_defaultlib.apatb_mul_top
Compiling module work.glbl
Built simulation snapshot mul

****** Webtalk v2018.3 (64-bit)
  **** SW Build 2405991 on Thu Dec  6 23:36:41 MST 2018
  **** IP Build 2404404 on Fri Dec  7 01:43:56 MST 2018
    ** Copyright 1986-2018 Xilinx, Inc. All Rights Reserved.

source /home/sam-admin/Xilinx-Vivado/HLS/Assignment2/a22/solution1/sim/verilog/xsim.dir/mul/webtalk/xsim_webtalk.tcl -notrace
INFO: [Common 17-206] Exiting Webtalk at Fri Mar 17 18:32:53 2023...

****** xsim v2018.3 (64-bit)
  **** SW Build 2405991 on Thu Dec  6 23:36:41 MST 2018
  **** IP Build 2404404 on Fri Dec  7 01:43:56 MST 2018
    ** Copyright 1986-2018 Xilinx, Inc. All Rights Reserved.

source xsim.dir/mul/xsim_script.tcl
# xsim {mul} -autoloadwcfg -tclbatch {mul.tcl}
Vivado Simulator 2018.3
Time resolution is 1 ps
source mul.tcl
## run all
////////////////////////////////////////////////////////////////////////////////////
// Inter-Transaction Progress: Completed Transaction / Total Transaction
// Intra-Transaction Progress: Measured Latency / Latency Estimation * 100%
//
// RTL Simulation : "Inter-Transaction Progress" ["Intra-Transaction Progress"] @ "Simulation Time"
////////////////////////////////////////////////////////////////////////////////////
// RTL Simulation : 0 / 10 [n/a] @ "125000"
// RTL Simulation : 1 / 10 [n/a] @ "145000"
// RTL Simulation : 2 / 10 [n/a] @ "155000"
// RTL Simulation : 3 / 10 [n/a] @ "165000"
// RTL Simulation : 4 / 10 [n/a] @ "175000"
// RTL Simulation : 5 / 10 [n/a] @ "185000"
// RTL Simulation : 6 / 10 [n/a] @ "195000"
// RTL Simulation : 7 / 10 [n/a] @ "205000"
// RTL Simulation : 8 / 10 [n/a] @ "215000"
// RTL Simulation : 9 / 10 [n/a] @ "225000"
// RTL Simulation : 10 / 10 [n/a] @ "235000"
////////////////////////////////////////////////////////////////////////////////////
$finish called at time : 275 ns : File "/home/sam-admin/Xilinx-Vivado/HLS/Assignment2/a22/solution1/sim/verilog/mul.autotb.v" Line 328
## quit
INFO: [Common 17-206] Exiting xsim at Fri Mar 17 18:33:01 2023...

0
1.45679
4.91358
10.3704
17.8272
27.2839
38.7407
52.1975
60.3457
45.8025
INFO: [COSIM-1000] *** C/RTL co-simulation finished: PASS ***
INFO: [COSIM-210] Design is translated to an combinational logic. II and Latency will be marked as all 0.
