INFO-FLOW: Workspace /home/sam-admin/git/Training/HLS_Assignments/A4/codes/Assignment4/solution1 opened at Fri Mar 24 16:52:26 IST 2023
Execute     config_clock -quiet -name default -period 10 -default=false 
INFO: [SYN 201-201] Setting up clock 'default' with a period of 10ns.
Execute     open_platform DefaultPlatform 
Execute     import_lib /tools/Xilinx/Vivado/2018.3/common/technology/xilinx/zynq/zynq 
Execute       source /tools/Xilinx/Vivado/2018.3/common/technology/xilinx/common/xilinx.lib 
Execute         source /tools/Xilinx/Vivado/2018.3/common/technology/xilinx/interface/xilinx_interface.lib 
Execute           source /tools/Xilinx/Vivado/2018.3/common/technology/xilinx/interface/plb46.lib 
Execute           source /tools/Xilinx/Vivado/2018.3/common/technology/xilinx/interface/fsl.lib 
Execute           source /tools/Xilinx/Vivado/2018.3/common/technology/xilinx/interface/axi4.lib 
Execute           source /tools/Xilinx/Vivado/2018.3/common/technology/xilinx/interface/maxi.lib 
Execute           source /tools/Xilinx/Vivado/2018.3/common/technology/xilinx/interface/saxilite.lib 
Execute         source /tools/Xilinx/Vivado/2018.3/common/technology/xilinx/common/dsp48.lib 
Execute         source /tools/Xilinx/Vivado/2018.3/common/technology/xilinx/ip/dds_compiler.lib 
Execute         source /tools/Xilinx/Vivado/2018.3/common/technology/xilinx/ip/xfft.lib 
Execute         source /tools/Xilinx/Vivado/2018.3/common/technology/xilinx/ip/xfir.lib 
Execute       source /tools/Xilinx/Vivado/2018.3/common/technology/xilinx/common/xilinx_old.lib 
Execute       source /tools/Xilinx/Vivado/2018.3/common/technology/xilinx/common/xilinx_vivado.lib 
Execute       source /tools/Xilinx/Vivado/2018.3/common/technology/xilinx/common/xilinx.hlp 
Execute         source /tools/Xilinx/Vivado/2018.3/common/technology/xilinx/common/target_info.tcl 
Execute         source /tools/Xilinx/Vivado/2018.3/common/technology/xilinx/interface/xilinx_interface.hlp 
Execute           source /tools/Xilinx/Vivado/2018.3/common/technology/xilinx/interface/maxi.hlp 
Execute           source /tools/Xilinx/Vivado/2018.3/common/technology/xilinx/interface/saxilite.hlp 
Execute         source /tools/Xilinx/Vivado/2018.3/common/technology/xilinx/common/dsp48.hlp 
Execute       source /tools/Xilinx/Vivado/2018.3/common/technology/xilinx/zynq/dsp48e1.hlp 
Execute       get_default_platform 
Execute       config_chip_info -quiet -resource  {SLICE 13300}  {LUT 53200}     {FF 106400} {DSP48E 220}   {BRAM 280}  
Execute       config_chip_info -quiet -speed medium 
Execute       source /tools/Xilinx/Vivado/2018.3/common/technology/xilinx/common/xilinx.hlp 
Execute         source /tools/Xilinx/Vivado/2018.3/common/technology/xilinx/common/target_info.tcl 
Execute         source /tools/Xilinx/Vivado/2018.3/common/technology/xilinx/interface/xilinx_interface.hlp 
Execute           source /tools/Xilinx/Vivado/2018.3/common/technology/xilinx/interface/maxi.hlp 
Execute           source /tools/Xilinx/Vivado/2018.3/common/technology/xilinx/interface/saxilite.hlp 
Execute         source /tools/Xilinx/Vivado/2018.3/common/technology/xilinx/common/dsp48.hlp 
Execute     source /tools/Xilinx/Vivado/2018.3/common/technology/xilinx/zynq/zynq.gen 
Execute       source /tools/Xilinx/Vivado/2018.3/common/technology/xilinx/common/virtex.gen 
Execute         source /tools/Xilinx/Vivado/2018.3/common/technology/xilinx/common/xilinx.gen 
Execute           source /tools/Xilinx/Vivado/2018.3/common/technology/xilinx/interface/plb46.gen 
Execute           source /tools/Xilinx/Vivado/2018.3/common/technology/xilinx/interface/fsl.gen 
Execute           source /tools/Xilinx/Vivado/2018.3/common/technology/xilinx/interface/axi4.gen 
Execute           source /tools/Xilinx/Vivado/2018.3/common/technology/xilinx/interface/nativeAXI4.gen 
Execute             source /tools/Xilinx/Vivado/2018.3/common/technology/xilinx/interface/saxilite.gen 
Execute             source /tools/Xilinx/Vivado/2018.3/common/technology/xilinx/interface/maxi.gen 
Execute           source /tools/Xilinx/Vivado/2018.3/common/technology/xilinx/scripts/xilinxcoregen.gen 
Execute           source /tools/Xilinx/Vivado/2018.3/common/technology/xilinx/interface/XilEDKCoreGen.gen 
Execute           source /tools/Xilinx/Vivado/2018.3/common/technology/xilinx/ip/dds_compiler.gen 
Execute           source /tools/Xilinx/Vivado/2018.3/common/technology/xilinx/ip/util.gen 
Execute           source /tools/Xilinx/Vivado/2018.3/common/technology/xilinx/ip/xfft.gen 
Execute           source /tools/Xilinx/Vivado/2018.3/common/technology/xilinx/ip/xfir.gen 
Execute         source /tools/Xilinx/Vivado/2018.3/common/technology/xilinx/common/dsp48.gen 
Execute     open_platform DefaultPlatform 
Execute     import_lib /tools/Xilinx/Vivado/2018.3/common/technology/xilinx/zynq/zynq_fpv6 
Execute       source /tools/Xilinx/Vivado/2018.3/common/technology/xilinx/common/xilinx_fpv7.lib 
Execute         source /tools/Xilinx/Vivado/2018.3/common/technology/xilinx/common/xilinx_hp.lib 
Execute       source /tools/Xilinx/Vivado/2018.3/common/technology/xilinx/common/xilinx_fpv.hlp 
Execute         source /tools/Xilinx/Vivado/2018.3/common/technology/xilinx/common/xilinx.hlp 
Execute           source /tools/Xilinx/Vivado/2018.3/common/technology/xilinx/common/target_info.tcl 
Execute           source /tools/Xilinx/Vivado/2018.3/common/technology/xilinx/interface/xilinx_interface.hlp 
Execute             source /tools/Xilinx/Vivado/2018.3/common/technology/xilinx/interface/maxi.hlp 
Execute             source /tools/Xilinx/Vivado/2018.3/common/technology/xilinx/interface/saxilite.hlp 
Execute           source /tools/Xilinx/Vivado/2018.3/common/technology/xilinx/common/dsp48.hlp 
Execute       source /tools/Xilinx/Vivado/2018.3/common/technology/xilinx/zynq/zynq_hp.hlp 
Execute     source /tools/Xilinx/Vivado/2018.3/common/technology/xilinx/zynq/zynq_fpv6.gen 
Execute       source /tools/Xilinx/Vivado/2018.3/common/technology/xilinx/common/xilinx_fpv6.gen 
Execute     set_part xc7z020clg484-1 
Execute       add_library xilinx/zynq/zynq:xc7z020:clg484:-1 
Execute         get_default_platform 
Execute         license_isbetapart xc7z020 
Command         license_isbetapart done; error code: 1; 
Execute         get_default_platform 
Execute         config_chip_info -quiet -resource  {SLICE 13300}  {LUT 53200}     {FF 106400} {DSP48E 220}   {BRAM 280}  
Execute         config_chip_info -quiet -speed slow 
Execute       add_library xilinx/zynq/zynq_fpv6 
Execute         get_default_platform 
INFO: [HLS 200-10] Setting target device to 'xc7z020clg484-1'
Execute       get_default_platform 
Execute     get_default_platform 
Execute     config_chip_info -quiet -resource  {SLICE 13300}  {LUT 53200}     {FF 106400} {DSP48E 220}   {BRAM 280}  
Execute     config_chip_info -quiet -speed slow 
Command   open_solution done; 0.17 sec.
Execute   set_part xc7z020clg484-1 -tool vivado 
Execute     add_library xilinx/zynq/zynq:xc7z020:clg484:-1 
Execute       get_default_platform 
Execute       license_isbetapart xc7z020 
Command       license_isbetapart done; error code: 1; 
Execute       get_default_platform 
Execute       config_chip_info -quiet -resource  {SLICE 13300}  {LUT 53200}     {FF 106400} {DSP48E 220}   {BRAM 280}  
Execute       config_chip_info -quiet -speed slow 
Execute     add_library xilinx/zynq/zynq_fpv6 
Execute       get_default_platform 
Execute     get_default_platform 
Execute   create_clock -period 10 -name default 
Execute     config_clock -quiet -name default -period 10 -default=false 
INFO: [SYN 201-201] Setting up clock 'default' with a period of 10ns.
Execute   csynth_design 
Execute     get_config_compile -effort 
Execute     get_config_compile -enable_clang39 
Execute     get_config_compile -g 
Execute     get_config_compile -lm 
Execute     get_config_compile -ng 
Execute     get_config_compile -opt_fp 
Execute     get_config_compile -skip_cdt 
Execute     get_config_compile -skip_syncheck 
Execute     get_config_compile -skip_transform 
Execute     config_compile -blackbox  
Execute     get_config_compile -keep_printf 
Execute     elaborate -effort=medium -skip_syncheck=0 -keep_printf=0 -lm=0 -skip_cdt=0 -skip_transform=0 -ng=0 -g=0 -opt_fp=0 -from_csynth_design=1 
Execute       get_config_schedule -relax_ii_for_timing 
INFO: [SCHED 204-61] Option 'relax_ii_for_timing' is enabled, will increase II to preserve clock frequency constraints.
Execute       get_config_schedule -suppress_dependence_error_break 
INFO: [HLS 200-10] Analyzing design file 'a4.cpp' ... 
INFO-FLOW: Compiling one TU...
Execute       is_m_axi_addr64 
INFO-FLOW: Handling a4.cpp as C++
Execute       get_default_platform 
Execute       is_encrypted a4.cpp 
Execute       get_default_platform 
INFO-FLOW: Running: GCC PP
INFO-FLOW: Source preprocessing
Execute       clang  -fno-limit-debug-info -gcc-toolchain "/tools/Xilinx/Vivado/2018.3/lnx64/tools/gcc" -hls  -fno-exceptions  -D__llvm__  -E "a4.cpp"     -fno-math-errno -c -emit-llvm -O0  -mllvm -disable-llvm-optzns -fno-threadsafe-statics  -fno-use-cxa-atexit  -fno-threadsafe-statics -fno-use-cxa-atexit -D__CLANG_3_1__ -DAESL_SYN -D__SYNTHESIS__ -D__HLS_SYN__ -I "/tools/Xilinx/Vivado/2018.3/common/technology/autopilot" -I "/tools/Xilinx/Vivado/2018.3/common/technology/autopilot/ap_sysc" -include etc/autopilot_ssdm_op.h -D__DSP48E1__  -o "/home/sam-admin/git/Training/HLS_Assignments/A4/codes/Assignment4/solution1/.autopilot/db/a4.pp.0.cpp" 
INFO-FLOW: exec /tools/Xilinx/Vivado/2018.3/lnx64/tools/clang/bin/clang -fno-limit-debug-info -gcc-toolchain /tools/Xilinx/Vivado/2018.3/lnx64/tools/gcc -hls -fno-exceptions -D__llvm__ -E a4.cpp -fno-math-errno -c -emit-llvm -O0 -mllvm -disable-llvm-optzns -fno-threadsafe-statics -fno-use-cxa-atexit -fno-threadsafe-statics -fno-use-cxa-atexit -D__CLANG_3_1__ -DAESL_SYN -D__SYNTHESIS__ -D__HLS_SYN__ -I /tools/Xilinx/Vivado/2018.3/common/technology/autopilot -I /tools/Xilinx/Vivado/2018.3/common/technology/autopilot/ap_sysc -include etc/autopilot_ssdm_op.h -D__DSP48E1__ -o /home/sam-admin/git/Training/HLS_Assignments/A4/codes/Assignment4/solution1/.autopilot/db/a4.pp.0.cpp
Command       clang done; 1.14 sec.
Execute       tidy_31 xilinx-xfmat-array-geometry /home/sam-admin/git/Training/HLS_Assignments/A4/codes/Assignment4/solution1/.autopilot/db/a4.pp.0.cpp std=gnu++98 
INFO-FLOW: exec /tools/Xilinx/Vivado/2018.3/lnx64/tools/clang-3.9-csynth/bin/tidy-3.1 -header-filter=.* -checks=-*,xilinx-xfmat-array-geometry -quiet -fix /home/sam-admin/git/Training/HLS_Assignments/A4/codes/Assignment4/solution1/.autopilot/db/a4.pp.0.cpp -- -std=gnu++98 -fhls -ferror-limit=0
Command       tidy_31 done; 0.62 sec.
INFO-FLOW: Syntax Checking before pre-processing...
Execute       clang -syntaxcheck -src /home/sam-admin/git/Training/HLS_Assignments/A4/codes/Assignment4/solution1/.autopilot/db/a4.pp.0.cpp  -fno-limit-debug-info -gcc-toolchain "/tools/Xilinx/Vivado/2018.3/lnx64/tools/gcc" -hls    -fno-math-errno -c -emit-llvm -O0  -mllvm -disable-llvm-optzns -fno-threadsafe-statics  -fno-use-cxa-atexit  -fno-threadsafe-statics -fno-use-cxa-atexit -D__CLANG_3_1__ -DAESL_SYN -D__SYNTHESIS__ -D__HLS_SYN__ -I "/tools/Xilinx/Vivado/2018.3/common/technology/autopilot" -I "/tools/Xilinx/Vivado/2018.3/common/technology/autopilot/ap_sysc" -include etc/autopilot_ssdm_op.h -D__DSP48E1__  "/home/sam-admin/git/Training/HLS_Assignments/A4/codes/Assignment4/solution1/.autopilot/db/a4.pp.0.cpp"  -o "/home/sam-admin/git/Training/HLS_Assignments/A4/codes/Assignment4/solution1/.autopilot/db/useless.bc"  
INFO-FLOW: exec /tools/Xilinx/Vivado/2018.3/lnx64/tools/clang/bin/clang -fno-limit-debug-info -gcc-toolchain /tools/Xilinx/Vivado/2018.3/lnx64/tools/gcc -hls -fno-math-errno -c -emit-llvm -O0 -mllvm -disable-llvm-optzns -fno-threadsafe-statics -fno-use-cxa-atexit -fno-threadsafe-statics -fno-use-cxa-atexit -D__CLANG_3_1__ -DAESL_SYN -D__SYNTHESIS__ -D__HLS_SYN__ -I /tools/Xilinx/Vivado/2018.3/common/technology/autopilot -I /tools/Xilinx/Vivado/2018.3/common/technology/autopilot/ap_sysc -include etc/autopilot_ssdm_op.h -D__DSP48E1__ /home/sam-admin/git/Training/HLS_Assignments/A4/codes/Assignment4/solution1/.autopilot/db/a4.pp.0.cpp -o /home/sam-admin/git/Training/HLS_Assignments/A4/codes/Assignment4/solution1/.autopilot/db/useless.bc
Command       clang done; 1.52 sec.
INFO-FLOW: Done: GCC PP time: 3.3 seconds per iteration
Execute       list_core -type functional_unit 
Execute       tidy_31 xilinx-systemc-detector /home/sam-admin/git/Training/HLS_Assignments/A4/codes/Assignment4/solution1/.autopilot/db/a4.pp.0.cpp std=gnu++98 -directive=/home/sam-admin/git/Training/HLS_Assignments/A4/codes/Assignment4/solution1/.autopilot/db/.systemc_flag 
INFO-FLOW: exec /tools/Xilinx/Vivado/2018.3/lnx64/tools/clang-3.9-csynth/bin/tidy-3.1 -header-filter=.* -checks=-*,xilinx-systemc-detector -import-directive=/home/sam-admin/git/Training/HLS_Assignments/A4/codes/Assignment4/solution1/.autopilot/db/.systemc_flag -quiet -fix-errors /home/sam-admin/git/Training/HLS_Assignments/A4/codes/Assignment4/solution1/.autopilot/db/a4.pp.0.cpp -- -std=gnu++98 -fhls -ferror-limit=0
Command       tidy_31 done; 0.57 sec.
INFO-FLOW: Running: tidy-3.1 CDT preprocess
Execute       tidy_31 xilinx-directive2pragma /home/sam-admin/git/Training/HLS_Assignments/A4/codes/Assignment4/solution1/.autopilot/db/a4.pp.0.cpp std=gnu++98 -directive=/home/sam-admin/git/Training/HLS_Assignments/A4/codes/Assignment4/solution1/.autopilot/db/all.directive.json 
INFO-FLOW: exec /tools/Xilinx/Vivado/2018.3/lnx64/tools/clang-3.9-csynth/bin/tidy-3.1 -header-filter=.* -checks=-*,xilinx-directive2pragma -import-directive=/home/sam-admin/git/Training/HLS_Assignments/A4/codes/Assignment4/solution1/.autopilot/db/all.directive.json -quiet -fix-errors /home/sam-admin/git/Training/HLS_Assignments/A4/codes/Assignment4/solution1/.autopilot/db/a4.pp.0.cpp -- -std=gnu++98 -fhls -ferror-limit=0
Command       tidy_31 done; 0.56 sec.
Execute       get_config_dataflow -strict_mode 
Execute       ap_eval exec -ignorestderr /tools/Xilinx/Vivado/2018.3/lnx64/tools/clang-3.9-csynth/bin/xilinx-dataflow-lawyer -export-fixes=/home/sam-admin/git/Training/HLS_Assignments/A4/codes/Assignment4/solution1/.autopilot/db/xilinx-dataflow-lawyer.a4.pp.0.cpp.diag.yml /home/sam-admin/git/Training/HLS_Assignments/A4/codes/Assignment4/solution1/.autopilot/db/a4.pp.0.cpp -- -std=gnu++98 -fhls -ferror-limit=0 -fstrict-dataflow > /home/sam-admin/git/Training/HLS_Assignments/A4/codes/Assignment4/solution1/.autopilot/db/xilinx-dataflow-lawyer.a4.pp.0.cpp.out.log 2> /home/sam-admin/git/Training/HLS_Assignments/A4/codes/Assignment4/solution1/.autopilot/db/xilinx-dataflow-lawyer.a4.pp.0.cpp.err.log 
Command       ap_eval done; 0.55 sec.
Execute       tidy_31 -errorcheck xilinx-constantarray-param,xilinx-resource-pragma-transformer,xilinx-xfmat-array-geometry /home/sam-admin/git/Training/HLS_Assignments/A4/codes/Assignment4/solution1/.autopilot/db/a4.pp.0.cpp std=gnu++98 
Execute         ap_eval exec -ignorestderr /tools/Xilinx/Vivado/2018.3/lnx64/tools/clang-3.9-csynth/bin/tidy-3.1 -export-fixes=/home/sam-admin/git/Training/HLS_Assignments/A4/codes/Assignment4/solution1/.autopilot/db/tidy-3.1.a4.pp.0.cpp.diag.yml -header-filter=.* -checks=-*,xilinx-constantarray-param,xilinx-resource-pragma-transformer,xilinx-xfmat-array-geometry -quiet -fix-errors /home/sam-admin/git/Training/HLS_Assignments/A4/codes/Assignment4/solution1/.autopilot/db/a4.pp.0.cpp -- -std=gnu++98 -fhls -ferror-limit=0 > /home/sam-admin/git/Training/HLS_Assignments/A4/codes/Assignment4/solution1/.autopilot/db/tidy-3.1.a4.pp.0.cpp.out.log 2> /home/sam-admin/git/Training/HLS_Assignments/A4/codes/Assignment4/solution1/.autopilot/db/tidy-3.1.a4.pp.0.cpp.err.log 
Command         ap_eval done; 0.71 sec.
Execute         ap_eval exec -ignorestderr /tools/Xilinx/Vivado/2018.3/lnx64/tools/clang-3.9-csynth/bin/xilinx-legacy-rewriter /home/sam-admin/git/Training/HLS_Assignments/A4/codes/Assignment4/solution1/.autopilot/db/a4.pp.0.cpp -- -std=gnu++98 -fhls -ferror-limit=0 > /home/sam-admin/git/Training/HLS_Assignments/A4/codes/Assignment4/solution1/.autopilot/db/xilinx-legacy-rewriter.a4.pp.0.cpp.out.log 2> /home/sam-admin/git/Training/HLS_Assignments/A4/codes/Assignment4/solution1/.autopilot/db/xilinx-legacy-rewriter.a4.pp.0.cpp.err.log 
Command         ap_eval done; 0.71 sec.
Command       tidy_31 done; 1.42 sec.
INFO-FLOW: Done: tidy-3.1 CDT preprocess time: 2.5 seconds per iteration
INFO-FLOW: Pragma Handling...
Execute       tidy_31 xilinx-ssdm-intrinsics-arguments /home/sam-admin/git/Training/HLS_Assignments/A4/codes/Assignment4/solution1/.autopilot/db/a4.pragma.1.cpp std=gnu++98 
INFO-FLOW: exec /tools/Xilinx/Vivado/2018.3/lnx64/tools/clang-3.9-csynth/bin/tidy-3.1 -header-filter=.* -checks=-*,xilinx-ssdm-intrinsics-arguments -quiet -fix-errors /home/sam-admin/git/Training/HLS_Assignments/A4/codes/Assignment4/solution1/.autopilot/db/a4.pragma.1.cpp -- -std=gnu++98 -fhls -ferror-limit=0
Command       tidy_31 done; 1.1 sec.
Execute       get_default_platform 
INFO-FLOW: Processing labels
Execute       clang -src /home/sam-admin/git/Training/HLS_Assignments/A4/codes/Assignment4/solution1/.autopilot/db/a4.pragma.2.cpp  -fno-limit-debug-info -gcc-toolchain /tools/Xilinx/Vivado/2018.3/lnx64/tools/gcc -hls -hls-analyze-label -hls-analyze-pragma -fno-exceptions  -D__llvm__  -w  "/home/sam-admin/git/Training/HLS_Assignments/A4/codes/Assignment4/solution1/.autopilot/db/a4.pragma.2.cpp"    -fno-math-errno -c -emit-llvm -O0  -mllvm -disable-llvm-optzns -fno-threadsafe-statics  -fno-use-cxa-atexit -DAESL_SYN -D__SYNTHESIS__ -D__HLS_SYN__ -I "/tools/Xilinx/Vivado/2018.3/common/technology/autopilot" -I "/tools/Xilinx/Vivado/2018.3/common/technology/autopilot/ap_sysc" -include etc/autopilot_ssdm_op.h -D__DSP48E1__ -g -o "/home/sam-admin/git/Training/HLS_Assignments/A4/codes/Assignment4/solution1/.autopilot/db/a4.bc" 
INFO-FLOW: exec /tools/Xilinx/Vivado/2018.3/lnx64/tools/clang/bin/clang -fno-limit-debug-info -gcc-toolchain /tools/Xilinx/Vivado/2018.3/lnx64/tools/gcc -hls -hls-analyze-label -hls-analyze-pragma -fno-exceptions -D__llvm__ -w /home/sam-admin/git/Training/HLS_Assignments/A4/codes/Assignment4/solution1/.autopilot/db/a4.pragma.2.cpp -fno-math-errno -c -emit-llvm -O0 -mllvm -disable-llvm-optzns -fno-threadsafe-statics -fno-use-cxa-atexit -DAESL_SYN -D__SYNTHESIS__ -D__HLS_SYN__ -I /tools/Xilinx/Vivado/2018.3/common/technology/autopilot -I /tools/Xilinx/Vivado/2018.3/common/technology/autopilot/ap_sysc -include etc/autopilot_ssdm_op.h -D__DSP48E1__ -g -o /home/sam-admin/git/Training/HLS_Assignments/A4/codes/Assignment4/solution1/.autopilot/db/a4.bc
Command       clang done; 1.69 sec.
INFO-FLOW: Linking Debug ...
Execute       llvm-ld /home/sam-admin/git/Training/HLS_Assignments/A4/codes/Assignment4/solution1/.autopilot/db/a4.g.bc -hls-opt -except-internalize cal -L/tools/Xilinx/Vivado/2018.3/lnx64/lib -lhlsm -lhlsmc++ -o /home/sam-admin/git/Training/HLS_Assignments/A4/codes/Assignment4/solution1/.autopilot/db/a.g 
Command       llvm-ld done; 0.58 sec.
INFO: [HLS 200-111] Finished Linking Time (s): cpu = 00:00:10 ; elapsed = 00:00:10 . Memory (MB): peak = 420.246 ; gain = 0.000 ; free physical = 463 ; free virtual = 6579
INFO: [HLS 200-111] Finished Checking Pragmas Time (s): cpu = 00:00:10 ; elapsed = 00:00:10 . Memory (MB): peak = 420.246 ; gain = 0.000 ; free physical = 465 ; free virtual = 6581
Execute       get_config_sdx -target 
Execute       opt_and_import_c a -opt_level=2 -skip_syncheck=0 -ng=0 -keep_printf=0 
Execute         cleanup_all_models 
INFO: [HLS 200-10] Starting code transformations ...
Execute         transform -promote-dbg-pointer /home/sam-admin/git/Training/HLS_Assignments/A4/codes/Assignment4/solution1/.autopilot/db/a.pp.bc -o /home/sam-admin/git/Training/HLS_Assignments/A4/codes/Assignment4/solution1/.autopilot/db/a.pp.0.bc -f 
Execute         llvm-ld /home/sam-admin/git/Training/HLS_Assignments/A4/codes/Assignment4/solution1/.autopilot/db/a.pp.0.bc -disable-opt -L/tools/Xilinx/Vivado/2018.3/lnx64/lib -lfloatconversion -o /home/sam-admin/git/Training/HLS_Assignments/A4/codes/Assignment4/solution1/.autopilot/db/a.g.0 
Command         llvm-ld done; 0.58 sec.
INFO-FLOW: Running Standard Transforms...
Execute         transform -hls -share-std-xform -demangle-name -inline-byval-memcpy -always-inline -promote-dbg-pointer -interface-preproc -mem2reg -lower-blackbox -scalarrepl -mem2reg -keep-read-access -instcombine -dce -promote-dbg-pointer -bitop-raise -loop-simplify -indvarspre -indvars -loop-simplify -xunroll -constprop -instcombine -simplifycfg -indvars -simplifycfg -dce -globaldce -basicaa -simplifycfg -mem2reg -globalopt -global-constprop -deadargelim -instcombine -simplifycfg -prune-eh -simplifycfg -scalarrepl -instcombine -reassociate -licm -simplifycfg -loop-simplify -indvars -instcombine -simplifycfg -mem2reg -loop-simplify -indvars -instcombine -gvn -gvn -instcombine -adce -break-crit-edges -simplifycfg -loop-delete -global-array-opt -dce -dse -adce -find-syn-modules -top cal -deadargelim -mem2reg -instcombine -dce -presyn-prepare -auto-rom-infer -interface-preproc -syn-check -check-rec-only -find-region -simplifycfg -func-extr -function-inline -globaldce -mem2reg -instcombine -dce -gvn -globaldce -adce -adse -constprop -instcombine -bit-constprop -instcombine -dce -simplifycfg -bitop-raise -simplifycfg -dce -loop-delete -reassociate -globalopt -global-privatize -mem2reg -dce -global-constprop -pointer-simplify -constprop -dce -func-inst -deadargelim -auto-shift-reg-idiom -promote-dbg-pointer -norm-name /home/sam-admin/git/Training/HLS_Assignments/A4/codes/Assignment4/solution1/.autopilot/db/a.g.0.bc -o /home/sam-admin/git/Training/HLS_Assignments/A4/codes/Assignment4/solution1/.autopilot/db/a.g.1.bc -f -phase std-opt 
INFO: [HLS 200-111] Finished Standard Transforms Time (s): cpu = 00:00:10 ; elapsed = 00:00:11 . Memory (MB): peak = 420.246 ; gain = 0.000 ; free physical = 455 ; free virtual = 6572
INFO: [HLS 200-10] Checking synthesizability ...
INFO-FLOW: Checking Synthesizability 1/2..
Execute         transform -hls -syn-check -check-rec-only -disaggr -scalarrepl -norm-name -dce -mem2reg -instcombine -function-uniquify -directive-preproc -mem2reg -dse -dce -auto-rom-infer -dce -pag -array-normalize -instcombine -dce -warn-fifo-pointer -array-seg-normalize -instcombine -dce -array-flatten -instcombine -dce -array-burst -dce -deadargelim -promote-global-argument -simplifycfg -mem2reg -globaldce -resolve-double-ptr -dce -deadargelim -dce -instcombine -function-inline -globaldce -dce -doublePtrSimplify -doublePtrElim -dce -doublePtrSimplify -promote-dbg-pointer -dce -scalarrepl -dse -adse -instcombine -ptrLegalization -simplifycfg -dce -instcombine -pointer-simplify -ptrArgReplace -dce -instcombine -disaggr -scalarrepl -norm-name -dce -mem2reg -instcombine -ptrLegalization -simplifycfg -deadargelim -instcombine -dce -inst-simplify -function-uniquify -directive-preproc -mem2reg -dse -dce -globaldce -check-dspbuiltin /home/sam-admin/git/Training/HLS_Assignments/A4/codes/Assignment4/solution1/.autopilot/db/a.g.1.bc -o /home/sam-admin/git/Training/HLS_Assignments/A4/codes/Assignment4/solution1/.autopilot/db/a.g.2.prechk.bc -f 
INFO-FLOW: Checking Synthesizability 2/2..
Execute         transform -syn-check /home/sam-admin/git/Training/HLS_Assignments/A4/codes/Assignment4/solution1/.autopilot/db/a.g.2.prechk.bc -o /home/sam-admin/git/Training/HLS_Assignments/A4/codes/Assignment4/solution1/.autopilot/db/a.g.2.bc -f -phase syn-check 
INFO: [HLS 200-111] Finished Checking Synthesizability Time (s): cpu = 00:00:10 ; elapsed = 00:00:11 . Memory (MB): peak = 420.246 ; gain = 0.000 ; free physical = 453 ; free virtual = 6570
INFO-FLOW: Compiler optimizing ...
INFO-FLOW: Share syncheck's 1.bc for syn flow: copy /home/sam-admin/git/Training/HLS_Assignments/A4/codes/Assignment4/solution1/.autopilot/db/a.g.1.bc to /home/sam-admin/git/Training/HLS_Assignments/A4/codes/Assignment4/solution1/.autopilot/db/a.o.1.bc
INFO-FLOW: Presyn 1...
Execute         transform -hls -tmp /home/sam-admin/git/Training/HLS_Assignments/A4/codes/Assignment4/solution1/.autopilot/db -interface-port-rename -type-info -function-uniquify -directive-preproc -mem2reg -dse -dce -disaggr -scalarrepl -norm-name -deadargelim -mem2reg -instcombine -dce -simplifycfg -auto-rom-infer -dce -function-uniquify -resource-proc -simplifycfg -mem2reg -globaldce -resolve-double-ptr -dce -deadargelim -dce -instcombine -clib-intrinsic-prepare -dce -func-buffer -dce -pag -array-normalize -func-legal -instcombine -gvn -constprop -dce -ptrArgReplace -mem2reg -instcombine -dce -array-seg-normalize -deadargelim -instcombine -dce -pointer-simplify -dce -port-alignment -dce -interface-preproc -data-pack -instcombine -dce -basicaa -aggr-aa -aggrmodref-aa -aggr-aa -gvn -gvn -basicaa -aggr-aa -aggrmodref-aa -aggr-aa -dse -adse -adce -loop-simplify -indvars -instcombine -gvn -loop-simplify -mem2reg -dce -find-region -instcombine -auto-loop-pipeline -inst-simplify -interface-preproc -cfgopt -instcombine -indvars -auto-loop-unroll -loop-simplify -loop-bound -xunroll -constprop -instcombine -simplifycfg -indvars -simplifycfg -dce -globaldce -clean-region -attach-range -gvn -inst-simplify -constprop -simplifycfg -dce -pointer-simplify -dce -globalopt -constprop -dce -array-promote -constprop -instcombine -dce -ptrArgReplace -mem2reg -instcombine -simplifycfg -dce -auto-par -instcombine -dce -array-transform-check -array-reshape -instcombine -simplifycfg -dce -ptrArgReplace -deadargelim -mem2reg -instcombine -simplifycfg -dce -indvars -loop-simplify -loop-bound -xunroll -constprop -instcombine -simplifycfg -indvars -simplifycfg -dce -globaldce -basicaa -aggr-aa -aggrmodref-aa -aggr-aa -dse -duplicate-dataflow-processes -globaldce -instcombine -array-partition -instcombine -simplifycfg -dce -ptrArgReplace -global-constprop -deadargelim -mem2reg -func-legal -instcombine -dce -global-constprop -deadargelim -mem2reg -instcombine -simplifycfg -dce -merge-param -deadargelim -globalopt -constprop -dce -array-promote -constprop -instcombine -dce -ptrArgReplace -mem2reg -instcombine -simplifycfg -dce -mem-intrinsic-preproc -dce -global-internalize -global-privatize -mem2reg -globaldce -promote-global-argument -ptrArgReplace -mem2reg -instcombine -dce -globalopt -mergereturn -simplify-global-access -mem2reg -dce -pointer-simplify -dce -functionattrs -basicaa -aggr-aa -aggrmodref-aa -aggr-aa -gvn -gvn -basicaa -aggr-aa -aggrmodref-aa -aggr-aa -dse -adse -adce -inst-simplify -dce -norm-name -function-inline -globaldce -func-inst -constprop -instcombine -simplifycfg -dce -func-legal -dce -loop-bound -arraycheck -bitwidthmin -on-by-dataflow -loop-delete -instcombine -simplifycfg -globaldce -dce -gvn -deadargelim -dce -loop-simplify -clean-region -simplifycfg -propagate-stable-arguments -loop-stream -instcombine -simplifycfg -dce -globaldce -duplicate-dataflow-processes -stream-intrinsic-preproc -dce -check-ap-stream -loop-simplify -eliminate-keepreads -extract-dataflow-in-loop -loop-simplify -dce -gvn -deadargelim -dse -check-dataflow-syntax -legalize-stream-variable -legalize-global -extract-subproc -dce -dead-channel-elimination -canonicalize-gep -globaldce -dce -gvn -deadargelim -annotate-dataflow-channels -scalar-propagation -deadargelim -globaldce -mem2reg -check-dataflow-channels -function-stream -dce -globaldce -prop-fifo-spec -internal-stream-gen -canonicalize-gep -globaldce -dce -gvn -deadargelim -mergereturn -indvars -loop-simplify -instcombine -array-stream -array-seg-normalize -array-partition -func-legal -instcombine -simplifycfg -dce -bundle-memfifo-ops -deadargelim -function-uniquify -directive-preproc -mem2reg -dse -dce -group-axi-access -licm -simplifycfg -dce -loop-delete -norm-name /home/sam-admin/git/Training/HLS_Assignments/A4/codes/Assignment4/solution1/.autopilot/db/a.o.1.bc -o /home/sam-admin/git/Training/HLS_Assignments/A4/codes/Assignment4/solution1/.autopilot/db/a.o.1.tmp.bc -f 
INFO-FLOW: Presyn 2...
Execute         transform -hls -keep-callgraph -scalarrepl -mem2reg -port-alignment -attach-range -dce -pipe-mux-gen -indvars -loop-bound -inst-simplify -instcombine -dce -merge-array-access -mem2reg -dce -clean-region -mergereturn -if-conv -instcombine -dce -constprop -basicaa -aggr-aa -aggrmodref-aa -aggr-aa -gvn -gvn -basicaa -aggr-aa -aggrmodref-aa -aggr-aa -dse -adse -adce -scalarrepl -mem2reg -global-constprop -deadargelim -deadargelim -instcombine -dce -simplifycfg -ptrArgReplace -mem2reg -function-inline -globaldce -mem2reg -instcombine -dce -expr-balance -instcombine -dce -bitwidthmin -interface-preproc -directive-preproc -inst-rectify -instcombine -dce -functionattrs -constprop -instcombine -bit-constprop -simplify-global-access -globalopt -globaldce -inst-simplify -instcombine -elimdeaddata -dce -loop-delete -simplifycfg -loop-simplify -auto-burst -norm-name /home/sam-admin/git/Training/HLS_Assignments/A4/codes/Assignment4/solution1/.autopilot/db/a.o.1.tmp.bc -o /home/sam-admin/git/Training/HLS_Assignments/A4/codes/Assignment4/solution1/.autopilot/db/a.o.2.bc -f -phase presyn 
INFO: [HLS 200-111] Finished Pre-synthesis Time (s): cpu = 00:00:10 ; elapsed = 00:00:11 . Memory (MB): peak = 546.484 ; gain = 126.238 ; free physical = 429 ; free virtual = 6549
INFO-FLOW: Building ssdm...
Execute         transform -hls -function-uniquify -auto-function-inline -globaldce -ptrArgReplace -mem2reg -instcombine -dce -reset-lda -loop-simplify -indvars -licm -loop-dep -loop-bound -licm -loop-simplify -flattenloopnest -array-flatten -gvn -instcombine -dce -array-map -dce -func-legal -gvn -adce -instcombine -cfgopt -simplifycfg -loop-simplify -array-burst -promote-global-argument -dce -axi4-lower -array-seg-normalize -basicaa -aggrmodref-aa -globalsmodref-aa -aggr-aa -gvn -gvn -basicaa -aggrmodref-aa -globalsmodref-aa -aggr-aa -dse -adse -adce -licm -inst-simplify -dce -globaldce -instcombine -array-stream -eliminate-keepreads -instcombine -dce -deadargelim -doublePtrSimplify -doublePtrElim -dce -doublePtrSimplify -promote-dbg-pointer -dce -scalarrepl -mem2reg -disaggr -norm-name -mem2reg -instcombine -dse -adse -adce -ptrLegalization -dce -auto-rom-infer -array-flatten -dce -instcombine -check-doubleptr -loop-rot -constprop -cfgopt -simplifycfg -loop-simplify -indvars -pointer-simplify -dce -loop-bound -loop-simplify -loop-preproc -constprop -global-constprop -gvn -mem2reg -instcombine -dce -loop-bound -loop-merge -dce -bitwidthmin -deadargelim -dce -canonicalize-dataflow -dce -scalar-propagation -deadargelim -globaldce -mem2reg -read-loop-dep -interface-preproc -directive-preproc -interface-gen -bram-byte-enable -deadargelim -inst-simplify -dce -gvn -mem2reg -instcombine -dce -adse -loop-bound -instcombine -cfgopt -simplifycfg -loop-simplify -clean-region -io-protocol -find-region -mem2reg -bitop-raise -inst-simplify -inst-rectify -instcombine -adce -deadargelim -loop-simplify -phi-opt -bitop-raise -cfgopt -simplifycfg -strip-dead-prototypes -interface-lower -bitop-lower -intrinsic-lower -auto-function-inline -basicaa -aggrmodref-aa -globalsmodref-aa -aggr-aa -inst-simplify -simplifycfg -loop-simplify -mergereturn -inst-simplify -inst-rectify -dce -load-elim -bitop-lower -loop-rewind -pointer-simplify -dce -cfgopt -dce -bitwidth -loop-bound -loop-dep -read-loop-dep -dce -check-stream -norm-name -legalize -validate-dataflow -inst-clarity -cdfg-build /home/sam-admin/git/Training/HLS_Assignments/A4/codes/Assignment4/solution1/.autopilot/db/a.o.2.bc -o /home/sam-admin/git/Training/HLS_Assignments/A4/codes/Assignment4/solution1/.autopilot/db/a.o.3.bc -f -phase build-ssdm 
INFO: [HLS 200-111] Finished Architecture Synthesis Time (s): cpu = 00:00:10 ; elapsed = 00:00:11 . Memory (MB): peak = 546.484 ; gain = 126.238 ; free physical = 428 ; free virtual = 6548
INFO-FLOW: Finish building internal data model.
Command       opt_and_import_c done; 0.9 sec.
Command     elaborate done; 10.97 sec.
Execute     autosyn -from_csynth_design=1 
INFO: [HLS 200-10] Starting hardware synthesis ...
INFO-FLOW: Synthesizing C/C++ design ...
INFO: [HLS 200-10] Synthesizing 'cal' ...
Execute       ap_set_top_model cal 
Execute       get_model_list cal -filter all-wo-channel -topdown 
Execute       preproc_iomode -model cal 
Execute       get_model_list cal -filter all-wo-channel 
INFO-FLOW: Model list for configure: cal
INFO-FLOW: Configuring Module : cal ...
Execute       set_default_model cal 
Execute       apply_spec_resource_limit cal 
INFO-FLOW: Model list for preprocess: cal
INFO-FLOW: Preprocessing Module: cal ...
Execute       set_default_model cal 
Execute       cdfg_preprocess -model cal 
Execute       rtl_gen_preprocess cal 
INFO-FLOW: Model list for synthesis: cal
INFO: [HLS 200-10] ----------------------------------------------------------------
INFO: [HLS 200-42] -- Implementing module 'cal' 
INFO: [HLS 200-10] ----------------------------------------------------------------
Execute       set_default_model cal 
Execute       schedule -model cal 
INFO: [SCHED 204-11] Starting scheduling ...
INFO: [SCHED 204-61] Pipelining function 'cal'.
INFO: [SCHED 204-61] Pipelining result : Target II = 1, Final II = 1, Depth = 14.
INFO: [SCHED 204-11] Finished scheduling.
INFO: [HLS 200-111]  Elapsed time: 11.43 seconds; current allocated memory: 76.505 MB.
Execute       report -o /home/sam-admin/git/Training/HLS_Assignments/A4/codes/Assignment4/solution1/.autopilot/db/cal.verbose.sched.rpt -verbose -f 
Execute       db_write -o /home/sam-admin/git/Training/HLS_Assignments/A4/codes/Assignment4/solution1/.autopilot/db/cal.sched.adb -f 
INFO-FLOW: Finish scheduling cal.
Execute       set_default_model cal 
Execute       bind -model cal 
BIND OPTION: fu_weight=[ 0.0 -- 1.0 ]
BIND OPTION: model=cal
BIND OPTION: reg_weight=[ 0.0 -- 1.0 ]
INFO: [BIND 205-100] Starting micro-architecture generation ...
INFO: [BIND 205-101] Performing variable lifetime analysis.
INFO: [BIND 205-101] Exploring resource sharing.
INFO: [BIND 205-101] Binding ...
INFO: [BIND 205-100] Finished micro-architecture generation.
INFO: [HLS 200-111]  Elapsed time: 0.05 seconds; current allocated memory: 76.814 MB.
Execute       report -o /home/sam-admin/git/Training/HLS_Assignments/A4/codes/Assignment4/solution1/.autopilot/db/cal.verbose.bind.rpt -verbose -f 
Execute       db_write -o /home/sam-admin/git/Training/HLS_Assignments/A4/codes/Assignment4/solution1/.autopilot/db/cal.bind.adb -f 
INFO-FLOW: Finish binding cal.
Execute       get_model_list cal -filter all-wo-channel 
INFO-FLOW: Preprocessing for RTLGen ...
Execute       rtl_gen_preprocess cal 
INFO-FLOW: Model list for RTL generation: cal
INFO: [HLS 200-10] ----------------------------------------------------------------
INFO: [HLS 200-10] -- Generating RTL for module 'cal' 
INFO: [HLS 200-10] ----------------------------------------------------------------
Execute       get_config_rtl -prefix 
Execute       get_config_rtl -auto_prefix 
Execute       create_rtl_model cal -vendor xilinx -mg_file /home/sam-admin/git/Training/HLS_Assignments/A4/codes/Assignment4/solution1/.autopilot/db/cal.compgen.tcl 
INFO: [RTGEN 206-500] Setting interface mode on port 'cal/a_V' to 'axis' (register, both mode).
INFO: [RTGEN 206-500] Setting interface mode on port 'cal/b_V' to 'axis' (register, both mode).
INFO: [RTGEN 206-500] Setting interface mode on port 'cal/c_V' to 'axis' (register, both mode).
INFO: [RTGEN 206-500] Setting interface mode on port 'cal/d_V' to 'axis' (register, both mode).
INFO: [RTGEN 206-500] Setting interface mode on function 'cal' to 'ap_ctrl_hs'.
INFO: [RTGEN 206-100] Generating core module 'cal_sdiv_9s_8s_9_13_1': 1 instance(s).
INFO: [RTGEN 206-100] Finished creating RTL model for 'cal'.
INFO: [HLS 200-111]  Elapsed time: 0.05 seconds; current allocated memory: 77.713 MB.
Execute       source /home/sam-admin/git/Training/HLS_Assignments/A4/codes/Assignment4/solution1/.autopilot/db/cal.rtl_wrap.cfg.tcl 
Execute       gen_rtl cal -istop -style xilinx -tracefl mytrace -tracefmt vcd -traceopt all -f -lang sc -o /home/sam-admin/git/Training/HLS_Assignments/A4/codes/Assignment4/solution1/syn/systemc/cal -synmodules cal 
Execute       gen_rtl cal -istop -style xilinx -f -lang vhdl -o /home/sam-admin/git/Training/HLS_Assignments/A4/codes/Assignment4/solution1/syn/vhdl/cal 
Execute       gen_rtl cal -istop -style xilinx -f -lang vlog -o /home/sam-admin/git/Training/HLS_Assignments/A4/codes/Assignment4/solution1/syn/verilog/cal 
Execute       export_constraint_db -o /home/sam-admin/git/Training/HLS_Assignments/A4/codes/Assignment4/solution1/.autopilot/db/cal.constraint.tcl -f -tool general 
Execute       report -model cal -o /home/sam-admin/git/Training/HLS_Assignments/A4/codes/Assignment4/solution1/.autopilot/db/cal.design.xml -verbose -f -dv 
Execute       report -model cal -o /home/sam-admin/git/Training/HLS_Assignments/A4/codes/Assignment4/solution1/.autopilot/db/cal.sdaccel.xml -verbose -f -sdaccel 
Execute       gen_tb_info cal -o /home/sam-admin/git/Training/HLS_Assignments/A4/codes/Assignment4/solution1/.autopilot/db/cal -p /home/sam-admin/git/Training/HLS_Assignments/A4/codes/Assignment4/solution1/.autopilot/db 
Execute       report -model cal -o /home/sam-admin/git/Training/HLS_Assignments/A4/codes/Assignment4/solution1/syn/report/cal_csynth.rpt -f 
Execute       report -model cal -o /home/sam-admin/git/Training/HLS_Assignments/A4/codes/Assignment4/solution1/syn/report/cal_csynth.xml -f -x 
Execute       report -model cal -o /home/sam-admin/git/Training/HLS_Assignments/A4/codes/Assignment4/solution1/.autopilot/db/cal.verbose.rpt -verbose -f 
Execute       db_write -model cal -o /home/sam-admin/git/Training/HLS_Assignments/A4/codes/Assignment4/solution1/.autopilot/db/cal.adb -f 
Execute       sc_get_clocks cal 
Execute       get_config_export -vivado_clock 
Execute       sc_get_portdomain cal 
INFO-FLOW: Model list for RTL component generation: cal
INFO-FLOW: Handling components in module [cal] ... 
Execute       source /home/sam-admin/git/Training/HLS_Assignments/A4/codes/Assignment4/solution1/.autopilot/db/cal.compgen.tcl 
INFO-FLOW: Found component cal_sdiv_9s_8s_9_13_1.
INFO-FLOW: Append model cal_sdiv_9s_8s_9_13_1
INFO-FLOW: Append model cal
INFO-FLOW: Generating RTL model list ...
INFO-FLOW: All models in this session: cal_sdiv_9s_8s_9_13_1 cal
INFO-FLOW: To file: write model cal_sdiv_9s_8s_9_13_1
INFO-FLOW: To file: write model cal
INFO-FLOW: Finished generating RTL model list.


INFO-FLOW: RTL Generation done.
INFO-FLOW: CAS Generation done.
INFO-FLOW: CBC Generation done.
INFO-FLOW: DBG:CMD: auto_generate_csynth_design
INFO-FLOW: DBG:CMD:     auto_generate --sim-model -phase csynth_design -d /home/sam-admin/git/Training/HLS_Assignments/A4/codes/Assignment4/solution1
Execute       source /home/sam-admin/git/Training/HLS_Assignments/A4/codes/Assignment4/solution1/.autopilot/db/global.setting.tcl 
INFO-FLOW: DBG:CMD: read_platform_lib /home/sam-admin/git/Training/HLS_Assignments/A4/codes/Assignment4/solution1/.autopilot/db/global.setting.tcl
Execute       source /tools/Xilinx/Vivado/2018.3/common/technology/generic/autopilot/common.gen 
Execute         source /tools/Xilinx/Vivado/2018.3/common/technology/generic/autopilot/APCoreGen.gen 
Execute       source /tools/Xilinx/Vivado/2018.3/common/technology/generic/autopilot/op.gen 
Execute       source /tools/Xilinx/Vivado/2018.3/common/technology/generic/autopilot/op_simcore.gen 
Execute       source /tools/Xilinx/Vivado/2018.3/common/technology/generic/autopilot/interface.gen 
Execute       source /home/sam-admin/git/Training/HLS_Assignments/A4/codes/Assignment4/solution1/.autopilot/db/global.setting.tcl 
Execute       source /tools/Xilinx/Vivado/2018.3/common/technology/xilinx/zynq/zynq.gen 
Execute         source /tools/Xilinx/Vivado/2018.3/common/technology/xilinx/common/virtex.gen 
Execute           source /tools/Xilinx/Vivado/2018.3/common/technology/xilinx/common/xilinx.gen 
Execute             source /tools/Xilinx/Vivado/2018.3/common/technology/xilinx/interface/plb46.gen 
Execute             source /tools/Xilinx/Vivado/2018.3/common/technology/xilinx/interface/fsl.gen 
Execute             source /tools/Xilinx/Vivado/2018.3/common/technology/xilinx/interface/axi4.gen 
Execute             source /tools/Xilinx/Vivado/2018.3/common/technology/xilinx/interface/nativeAXI4.gen 
Execute               source /tools/Xilinx/Vivado/2018.3/common/technology/xilinx/interface/saxilite.gen 
Execute               source /tools/Xilinx/Vivado/2018.3/common/technology/xilinx/interface/maxi.gen 
Execute             source /tools/Xilinx/Vivado/2018.3/common/technology/xilinx/scripts/xilinxcoregen.gen 
Execute             source /tools/Xilinx/Vivado/2018.3/common/technology/xilinx/interface/XilEDKCoreGen.gen 
Execute             source /tools/Xilinx/Vivado/2018.3/common/technology/xilinx/ip/dds_compiler.gen 
Execute             source /tools/Xilinx/Vivado/2018.3/common/technology/xilinx/ip/util.gen 
Execute             source /tools/Xilinx/Vivado/2018.3/common/technology/xilinx/ip/xfft.gen 
Execute             source /tools/Xilinx/Vivado/2018.3/common/technology/xilinx/ip/xfir.gen 
Execute           source /tools/Xilinx/Vivado/2018.3/common/technology/xilinx/common/dsp48.gen 
Execute       source /tools/Xilinx/Vivado/2018.3/common/technology/xilinx/zynq/zynq_fpv6.gen 
Execute         source /tools/Xilinx/Vivado/2018.3/common/technology/xilinx/common/xilinx_fpv6.gen 
INFO-FLOW: DBG:CMD:   using AESL_AUTOCG::g_clock_period=10.000 (was NA)
INFO-FLOW: DBG:CMD:       generate_ip_cores sim=1 export=0 expOnly=0 dstVlogDir=syn/verilog
Execute       source /home/sam-admin/git/Training/HLS_Assignments/A4/codes/Assignment4/solution1/.autopilot/db/global.setting.tcl 
Execute       source /home/sam-admin/git/Training/HLS_Assignments/A4/codes/Assignment4/solution1/.autopilot/db/global.setting.tcl 
Execute       source /home/sam-admin/git/Training/HLS_Assignments/A4/codes/Assignment4/solution1/.autopilot/db/global.setting.tcl 
Execute       source /home/sam-admin/git/Training/HLS_Assignments/A4/codes/Assignment4/solution1/.autopilot/db/cal.compgen.tcl 
INFO: [RTMG 210-282] Generating pipelined core: 'cal_sdiv_9s_8s_9_13_1_div'
INFO-FLOW: DBG:CMD:     auto_generate -export -impltomg_flag -rtl both -tool Vivado -pcore_version 1.00.a -phase csynth_design -d /home/sam-admin/git/Training/HLS_Assignments/A4/codes/Assignment4/solution1
Execute       source /home/sam-admin/git/Training/HLS_Assignments/A4/codes/Assignment4/solution1/.autopilot/db/global.setting.tcl 
INFO-FLOW: DBG:CMD: read_platform_lib /home/sam-admin/git/Training/HLS_Assignments/A4/codes/Assignment4/solution1/.autopilot/db/global.setting.tcl
Execute       source /tools/Xilinx/Vivado/2018.3/common/technology/generic/autopilot/common.gen 
Execute         source /tools/Xilinx/Vivado/2018.3/common/technology/generic/autopilot/APCoreGen.gen 
Execute       source /tools/Xilinx/Vivado/2018.3/common/technology/generic/autopilot/op.gen 
Execute       source /tools/Xilinx/Vivado/2018.3/common/technology/generic/autopilot/op_simcore.gen 
Execute       source /tools/Xilinx/Vivado/2018.3/common/technology/generic/autopilot/interface.gen 
Execute       source /home/sam-admin/git/Training/HLS_Assignments/A4/codes/Assignment4/solution1/.autopilot/db/global.setting.tcl 
Execute       source /tools/Xilinx/Vivado/2018.3/common/technology/xilinx/zynq/zynq.gen 
Execute         source /tools/Xilinx/Vivado/2018.3/common/technology/xilinx/common/virtex.gen 
Execute           source /tools/Xilinx/Vivado/2018.3/common/technology/xilinx/common/xilinx.gen 
Execute             source /tools/Xilinx/Vivado/2018.3/common/technology/xilinx/interface/plb46.gen 
Execute             source /tools/Xilinx/Vivado/2018.3/common/technology/xilinx/interface/fsl.gen 
Execute             source /tools/Xilinx/Vivado/2018.3/common/technology/xilinx/interface/axi4.gen 
Execute             source /tools/Xilinx/Vivado/2018.3/common/technology/xilinx/interface/nativeAXI4.gen 
Execute               source /tools/Xilinx/Vivado/2018.3/common/technology/xilinx/interface/saxilite.gen 
Execute               source /tools/Xilinx/Vivado/2018.3/common/technology/xilinx/interface/maxi.gen 
Execute             source /tools/Xilinx/Vivado/2018.3/common/technology/xilinx/scripts/xilinxcoregen.gen 
Execute             source /tools/Xilinx/Vivado/2018.3/common/technology/xilinx/interface/XilEDKCoreGen.gen 
Execute             source /tools/Xilinx/Vivado/2018.3/common/technology/xilinx/ip/dds_compiler.gen 
Execute             source /tools/Xilinx/Vivado/2018.3/common/technology/xilinx/ip/util.gen 
Execute             source /tools/Xilinx/Vivado/2018.3/common/technology/xilinx/ip/xfft.gen 
Execute             source /tools/Xilinx/Vivado/2018.3/common/technology/xilinx/ip/xfir.gen 
Execute           source /tools/Xilinx/Vivado/2018.3/common/technology/xilinx/common/dsp48.gen 
Execute       source /tools/Xilinx/Vivado/2018.3/common/technology/xilinx/zynq/zynq_fpv6.gen 
Execute         source /tools/Xilinx/Vivado/2018.3/common/technology/xilinx/common/xilinx_fpv6.gen 
INFO-FLOW: DBG:CMD:       initCTypeInfo top_module=cal xml_exists=0
Execute       source /home/sam-admin/git/Training/HLS_Assignments/A4/codes/Assignment4/solution1/.autopilot/db/cal.rtl_wrap.cfg.tcl 
Execute       source /home/sam-admin/git/Training/HLS_Assignments/A4/codes/Assignment4/solution1/.autopilot/db/cal.rtl_wrap.cfg.tcl 
Execute       source /home/sam-admin/git/Training/HLS_Assignments/A4/codes/Assignment4/solution1/.autopilot/db/cal.rtl_wrap.cfg.tcl 
Execute       source /home/sam-admin/git/Training/HLS_Assignments/A4/codes/Assignment4/solution1/.autopilot/db/cal.tbgen.tcl 
Execute       source /home/sam-admin/git/Training/HLS_Assignments/A4/codes/Assignment4/solution1/.autopilot/db/cal.tbgen.tcl 
INFO-FLOW: DBG:CMD:       export_impl_rtl
INFO-FLOW: DBG:CMD:       generate_ip_cores sim=0 export=0 expOnly=0 dstVlogDir=impl/.verilog
Execute       source /home/sam-admin/git/Training/HLS_Assignments/A4/codes/Assignment4/solution1/.autopilot/db/global.setting.tcl 
Execute       source /home/sam-admin/git/Training/HLS_Assignments/A4/codes/Assignment4/solution1/.autopilot/db/cal.compgen.tcl 
INFO-FLOW: DBG:CMD:       generate_ip_cores sim=0 export=1 expOnly=1 dstVlogDir=impl/.pcores/verilog
Execute       source /home/sam-admin/git/Training/HLS_Assignments/A4/codes/Assignment4/solution1/.autopilot/db/global.setting.tcl 
Execute       source /home/sam-admin/git/Training/HLS_Assignments/A4/codes/Assignment4/solution1/.autopilot/db/cal.compgen.tcl 
INFO-FLOW: DBG:CMD:       generate_ip_cores sim=0 export=0 expOnly=0 dstVlogDir=impl/.pcores/verilog_sim
Execute       source /home/sam-admin/git/Training/HLS_Assignments/A4/codes/Assignment4/solution1/.autopilot/db/global.setting.tcl 
Execute       source /home/sam-admin/git/Training/HLS_Assignments/A4/codes/Assignment4/solution1/.autopilot/db/cal.compgen.tcl 
Execute       source /home/sam-admin/git/Training/HLS_Assignments/A4/codes/Assignment4/solution1/.autopilot/db/global.setting.tcl 
Execute       source /home/sam-admin/git/Training/HLS_Assignments/A4/codes/Assignment4/solution1/.autopilot/db/cal.constraint.tcl 
Execute       source /home/sam-admin/git/Training/HLS_Assignments/A4/codes/Assignment4/solution1/.autopilot/db/cal.tbgen.tcl 
INFO-FLOW: DBG:CMD:       hasPcoreIpAdapter=false #gSsdmPorts=10
INFO-FLOW: DBG:CMD: Skipping loadAnalyze_DB, #g_database=4
INFO-FLOW: DBG:CMD:       generate_json is_phase_csynth=1 g_has_adaptors=false generate_bd_files=1 #modelList=2 #gSsdmPorts=10
Execute       source /home/sam-admin/git/Training/HLS_Assignments/A4/codes/Assignment4/solution1/.autopilot/db/global.setting.tcl 
Execute       source /home/sam-admin/git/Training/HLS_Assignments/A4/codes/Assignment4/solution1/.autopilot/db/global.setting.tcl 
Execute       source /home/sam-admin/git/Training/HLS_Assignments/A4/codes/Assignment4/solution1/.autopilot/db/cal.tbgen.tcl 
Execute       source /home/sam-admin/git/Training/HLS_Assignments/A4/codes/Assignment4/solution1/.autopilot/db/cal.tbgen.tcl 
Execute       source /home/sam-admin/git/Training/HLS_Assignments/A4/codes/Assignment4/solution1/.autopilot/db/global.setting.tcl 
Execute       get_config_sdx -target 
Execute       get_config_export -xo 
Execute       source /home/sam-admin/git/Training/HLS_Assignments/A4/codes/Assignment4/solution1/.autopilot/db/global.setting.tcl 
Execute       source /home/sam-admin/git/Training/HLS_Assignments/A4/codes/Assignment4/solution1/.autopilot/db/cal.constraint.tcl 
Execute       sc_get_clocks cal 
Execute       source /home/sam-admin/git/Training/HLS_Assignments/A4/codes/Assignment4/solution1/.autopilot/db/global.setting.tcl 
Execute       get_config_sdx -target 
Execute       get_config_sdx -profile 
Execute       ::config_rtl 
INFO-FLOW: DBG:CMD: add_json_sdx_info kernel file does not exist: /home/sam-admin/git/Training/HLS_Assignments/A4/codes/Assignment4/solution1/.autopilot/db/kernel.internal.xml
INFO-FLOW: DBG:CMD:       delete-temp-dirs (skipped for debug)
INFO: [HLS 200-111] Finished generating all RTL models Time (s): cpu = 00:00:11 ; elapsed = 00:00:12 . Memory (MB): peak = 546.484 ; gain = 126.238 ; free physical = 414 ; free virtual = 6548
INFO: [SYSC 207-301] Generating SystemC RTL for cal.
INFO: [VHDL 208-304] Generating VHDL RTL for cal.
INFO: [VLOG 209-307] Generating Verilog RTL for cal.
Command     autosyn done; 0.71 sec.
Execute     get_part 
Execute     get_config_export -sdx_tcl 
Command   csynth_design done; 11.69 sec.
Command ap_source done; 11.9 sec.
Execute cleanup_all 
INFO-FLOW: Workspace /home/sam-admin/git/Training/HLS_Assignments/A4/codes/Assignment4/solution1 opened at Fri Mar 24 16:52:46 IST 2023
Execute     config_clock -quiet -name default -period 10 -default=false 
INFO: [SYN 201-201] Setting up clock 'default' with a period of 10ns.
Execute     open_platform DefaultPlatform 
Execute     import_lib /tools/Xilinx/Vivado/2018.3/common/technology/xilinx/zynq/zynq 
Execute       source /tools/Xilinx/Vivado/2018.3/common/technology/xilinx/common/xilinx.lib 
Execute         source /tools/Xilinx/Vivado/2018.3/common/technology/xilinx/interface/xilinx_interface.lib 
Execute           source /tools/Xilinx/Vivado/2018.3/common/technology/xilinx/interface/plb46.lib 
Execute           source /tools/Xilinx/Vivado/2018.3/common/technology/xilinx/interface/fsl.lib 
Execute           source /tools/Xilinx/Vivado/2018.3/common/technology/xilinx/interface/axi4.lib 
Execute           source /tools/Xilinx/Vivado/2018.3/common/technology/xilinx/interface/maxi.lib 
Execute           source /tools/Xilinx/Vivado/2018.3/common/technology/xilinx/interface/saxilite.lib 
Execute         source /tools/Xilinx/Vivado/2018.3/common/technology/xilinx/common/dsp48.lib 
Execute         source /tools/Xilinx/Vivado/2018.3/common/technology/xilinx/ip/dds_compiler.lib 
Execute         source /tools/Xilinx/Vivado/2018.3/common/technology/xilinx/ip/xfft.lib 
Execute         source /tools/Xilinx/Vivado/2018.3/common/technology/xilinx/ip/xfir.lib 
Execute       source /tools/Xilinx/Vivado/2018.3/common/technology/xilinx/common/xilinx_old.lib 
Execute       source /tools/Xilinx/Vivado/2018.3/common/technology/xilinx/common/xilinx_vivado.lib 
Execute       source /tools/Xilinx/Vivado/2018.3/common/technology/xilinx/common/xilinx.hlp 
Execute         source /tools/Xilinx/Vivado/2018.3/common/technology/xilinx/common/target_info.tcl 
Execute         source /tools/Xilinx/Vivado/2018.3/common/technology/xilinx/interface/xilinx_interface.hlp 
Execute           source /tools/Xilinx/Vivado/2018.3/common/technology/xilinx/interface/maxi.hlp 
Execute           source /tools/Xilinx/Vivado/2018.3/common/technology/xilinx/interface/saxilite.hlp 
Execute         source /tools/Xilinx/Vivado/2018.3/common/technology/xilinx/common/dsp48.hlp 
Execute       source /tools/Xilinx/Vivado/2018.3/common/technology/xilinx/zynq/dsp48e1.hlp 
Execute       get_default_platform 
Execute       config_chip_info -quiet -resource  {SLICE 13300}  {LUT 53200}     {FF 106400} {DSP48E 220}   {BRAM 280}  
Execute       config_chip_info -quiet -speed medium 
Execute       source /tools/Xilinx/Vivado/2018.3/common/technology/xilinx/common/xilinx.hlp 
Execute         source /tools/Xilinx/Vivado/2018.3/common/technology/xilinx/common/target_info.tcl 
Execute         source /tools/Xilinx/Vivado/2018.3/common/technology/xilinx/interface/xilinx_interface.hlp 
Execute           source /tools/Xilinx/Vivado/2018.3/common/technology/xilinx/interface/maxi.hlp 
Execute           source /tools/Xilinx/Vivado/2018.3/common/technology/xilinx/interface/saxilite.hlp 
Execute         source /tools/Xilinx/Vivado/2018.3/common/technology/xilinx/common/dsp48.hlp 
Execute     source /tools/Xilinx/Vivado/2018.3/common/technology/xilinx/zynq/zynq.gen 
Execute       source /tools/Xilinx/Vivado/2018.3/common/technology/xilinx/common/virtex.gen 
Execute         source /tools/Xilinx/Vivado/2018.3/common/technology/xilinx/common/xilinx.gen 
Execute           source /tools/Xilinx/Vivado/2018.3/common/technology/xilinx/interface/plb46.gen 
Execute           source /tools/Xilinx/Vivado/2018.3/common/technology/xilinx/interface/fsl.gen 
Execute           source /tools/Xilinx/Vivado/2018.3/common/technology/xilinx/interface/axi4.gen 
Execute           source /tools/Xilinx/Vivado/2018.3/common/technology/xilinx/interface/nativeAXI4.gen 
Execute             source /tools/Xilinx/Vivado/2018.3/common/technology/xilinx/interface/saxilite.gen 
Execute             source /tools/Xilinx/Vivado/2018.3/common/technology/xilinx/interface/maxi.gen 
Execute           source /tools/Xilinx/Vivado/2018.3/common/technology/xilinx/scripts/xilinxcoregen.gen 
Execute           source /tools/Xilinx/Vivado/2018.3/common/technology/xilinx/interface/XilEDKCoreGen.gen 
Execute           source /tools/Xilinx/Vivado/2018.3/common/technology/xilinx/ip/dds_compiler.gen 
Execute           source /tools/Xilinx/Vivado/2018.3/common/technology/xilinx/ip/util.gen 
Execute           source /tools/Xilinx/Vivado/2018.3/common/technology/xilinx/ip/xfft.gen 
Execute           source /tools/Xilinx/Vivado/2018.3/common/technology/xilinx/ip/xfir.gen 
Execute         source /tools/Xilinx/Vivado/2018.3/common/technology/xilinx/common/dsp48.gen 
Execute     open_platform DefaultPlatform 
Execute     import_lib /tools/Xilinx/Vivado/2018.3/common/technology/xilinx/zynq/zynq_fpv6 
Execute       source /tools/Xilinx/Vivado/2018.3/common/technology/xilinx/common/xilinx_fpv7.lib 
Execute         source /tools/Xilinx/Vivado/2018.3/common/technology/xilinx/common/xilinx_hp.lib 
Execute       source /tools/Xilinx/Vivado/2018.3/common/technology/xilinx/common/xilinx_fpv.hlp 
Execute         source /tools/Xilinx/Vivado/2018.3/common/technology/xilinx/common/xilinx.hlp 
Execute           source /tools/Xilinx/Vivado/2018.3/common/technology/xilinx/common/target_info.tcl 
Execute           source /tools/Xilinx/Vivado/2018.3/common/technology/xilinx/interface/xilinx_interface.hlp 
Execute             source /tools/Xilinx/Vivado/2018.3/common/technology/xilinx/interface/maxi.hlp 
Execute             source /tools/Xilinx/Vivado/2018.3/common/technology/xilinx/interface/saxilite.hlp 
Execute           source /tools/Xilinx/Vivado/2018.3/common/technology/xilinx/common/dsp48.hlp 
Execute       source /tools/Xilinx/Vivado/2018.3/common/technology/xilinx/zynq/zynq_hp.hlp 
Execute     source /tools/Xilinx/Vivado/2018.3/common/technology/xilinx/zynq/zynq_fpv6.gen 
Execute       source /tools/Xilinx/Vivado/2018.3/common/technology/xilinx/common/xilinx_fpv6.gen 
Execute     set_part xc7z020clg484-1 
Execute       add_library xilinx/zynq/zynq:xc7z020:clg484:-1 
Execute         get_default_platform 
Execute         license_isbetapart xc7z020 
Command         license_isbetapart done; error code: 1; 
Execute         get_default_platform 
Execute         config_chip_info -quiet -resource  {SLICE 13300}  {LUT 53200}     {FF 106400} {DSP48E 220}   {BRAM 280}  
Execute         config_chip_info -quiet -speed slow 
Execute       add_library xilinx/zynq/zynq_fpv6 
Execute         get_default_platform 
INFO: [HLS 200-10] Setting target device to 'xc7z020clg484-1'
Execute       get_default_platform 
Execute     get_default_platform 
Execute     config_chip_info -quiet -resource  {SLICE 13300}  {LUT 53200}     {FF 106400} {DSP48E 220}   {BRAM 280}  
Execute     config_chip_info -quiet -speed slow 
Command   open_solution done; 0.16 sec.
Execute   cosim_design 
Execute     source /home/sam-admin/git/Training/HLS_Assignments/A4/codes/Assignment4/solution1/.autopilot/db/global.setting.tcl 
Execute     source /home/sam-admin/git/Training/HLS_Assignments/A4/codes/Assignment4/solution1/.autopilot/db/global.setting.tcl 
Execute     source /home/sam-admin/git/Training/HLS_Assignments/A4/codes/Assignment4/solution1/.autopilot/db/global.setting.tcl 
INFO-FLOW: DBG:CMD: read_platform_lib /home/sam-admin/git/Training/HLS_Assignments/A4/codes/Assignment4/solution1/.autopilot/db/global.setting.tcl
Execute     source /tools/Xilinx/Vivado/2018.3/common/technology/generic/autopilot/common.gen 
Execute       source /tools/Xilinx/Vivado/2018.3/common/technology/generic/autopilot/APCoreGen.gen 
Execute     source /tools/Xilinx/Vivado/2018.3/common/technology/generic/autopilot/op.gen 
Execute     source /tools/Xilinx/Vivado/2018.3/common/technology/generic/autopilot/op_simcore.gen 
Execute     source /tools/Xilinx/Vivado/2018.3/common/technology/generic/autopilot/interface.gen 
Execute     source /home/sam-admin/git/Training/HLS_Assignments/A4/codes/Assignment4/solution1/.autopilot/db/global.setting.tcl 
Execute     source /tools/Xilinx/Vivado/2018.3/common/technology/xilinx/zynq/zynq.gen 
Execute       source /tools/Xilinx/Vivado/2018.3/common/technology/xilinx/common/virtex.gen 
Execute         source /tools/Xilinx/Vivado/2018.3/common/technology/xilinx/common/xilinx.gen 
Execute           source /tools/Xilinx/Vivado/2018.3/common/technology/xilinx/interface/plb46.gen 
Execute           source /tools/Xilinx/Vivado/2018.3/common/technology/xilinx/interface/fsl.gen 
Execute           source /tools/Xilinx/Vivado/2018.3/common/technology/xilinx/interface/axi4.gen 
Execute           source /tools/Xilinx/Vivado/2018.3/common/technology/xilinx/interface/nativeAXI4.gen 
Execute             source /tools/Xilinx/Vivado/2018.3/common/technology/xilinx/interface/saxilite.gen 
Execute             source /tools/Xilinx/Vivado/2018.3/common/technology/xilinx/interface/maxi.gen 
Execute           source /tools/Xilinx/Vivado/2018.3/common/technology/xilinx/scripts/xilinxcoregen.gen 
Execute           source /tools/Xilinx/Vivado/2018.3/common/technology/xilinx/interface/XilEDKCoreGen.gen 
Execute           source /tools/Xilinx/Vivado/2018.3/common/technology/xilinx/ip/dds_compiler.gen 
Execute           source /tools/Xilinx/Vivado/2018.3/common/technology/xilinx/ip/util.gen 
Execute           source /tools/Xilinx/Vivado/2018.3/common/technology/xilinx/ip/xfft.gen 
Execute           source /tools/Xilinx/Vivado/2018.3/common/technology/xilinx/ip/xfir.gen 
Execute         source /tools/Xilinx/Vivado/2018.3/common/technology/xilinx/common/dsp48.gen 
Execute     source /tools/Xilinx/Vivado/2018.3/common/technology/xilinx/zynq/zynq_fpv6.gen 
Execute       source /tools/Xilinx/Vivado/2018.3/common/technology/xilinx/common/xilinx_fpv6.gen 
INFO-FLOW: DBG:CMD:   using AESL_AUTOCG::g_clock_period=10.000 (was NA)
Execute     source /home/sam-admin/git/Training/HLS_Assignments/A4/codes/Assignment4/solution1/.autopilot/db/global.setting.tcl 
Execute     source /home/sam-admin/git/Training/HLS_Assignments/A4/codes/Assignment4/solution1/.autopilot/db/cal.rtl_wrap.cfg.tcl 
Execute     source /home/sam-admin/git/Training/HLS_Assignments/A4/codes/Assignment4/solution1/.autopilot/db/cal.tbgen.tcl 
Execute     is_encrypted /home/sam-admin/git/Training/HLS_Assignments/A4/codes/out.dat 
Execute     is_encrypted /home/sam-admin/git/Training/HLS_Assignments/A4/codes/in.dat 
Execute     is_encrypted /home/sam-admin/git/Training/HLS_Assignments/A4/codes/a4_tb.cpp 
Execute     is_encrypted /home/sam-admin/git/Training/HLS_Assignments/A4/codes/a4.cpp 
Execute     source /home/sam-admin/git/Training/HLS_Assignments/A4/codes/Assignment4/solution1/.autopilot/db/cal.tbgen.tcl 
Execute     source /home/sam-admin/git/Training/HLS_Assignments/A4/codes/Assignment4/solution1/.autopilot/db/cal.tbgen.tcl 
INFO: [COSIM 212-47] Using XSIM for RTL simulation.
INFO: [COSIM 212-14] Instrumenting C test bench ...
Execute     get_default_platform 
INFO-FLOW: TB processing: /home/sam-admin/git/Training/HLS_Assignments/A4/codes/a4_tb.cpp /home/sam-admin/git/Training/HLS_Assignments/A4/codes/Assignment4/solution1/./sim/autowrap/testbench/a4_tb.cpp_pre.cpp
Execute     tidy_31 xilinx-tb-xfmat /home/sam-admin/git/Training/HLS_Assignments/A4/codes/Assignment4/solution1/./sim/autowrap/testbench/a4_tb.cpp_pre.cpp std=c++11 
INFO-FLOW: exec /tools/Xilinx/Vivado/2018.3/lnx64/tools/clang-3.9-csynth/bin/tidy-3.1 -header-filter=.* -checks=-*,xilinx-tb-xfmat -quiet -fix-errors /home/sam-admin/git/Training/HLS_Assignments/A4/codes/Assignment4/solution1/./sim/autowrap/testbench/a4_tb.cpp_pre.cpp -- -std=c++11 -fhls -ferror-limit=0
Command     tidy_31 done; 1.05 sec.
INFO-FLOW: Marker-Pragma convertor: /home/sam-admin/git/Training/HLS_Assignments/A4/codes/Assignment4/solution1/./sim/autowrap/testbench/a4_tb.cpp_pre.cpp /home/sam-admin/git/Training/HLS_Assignments/A4/codes/Assignment4/solution1/./sim/autowrap/testbench/a4_tb.cpp_pre.cpp.line.cpp ./sim/autowrap/testbench/line.tmp 1
INFO-FLOW: Converting Markers to Pragmas...
INFO-FLOW: Marker-Pragma convertor: /home/sam-admin/git/Training/HLS_Assignments/A4/codes/Assignment4/solution1/./sim/autowrap/testbench/a4_tb.cpp_pre.cpp.tb.cpp.line /home/sam-admin/git/Training/HLS_Assignments/A4/codes/Assignment4/solution1/./sim/autowrap/testbench/a4_tb.cpp_pre.cpp.tb.cpp ./sim/autowrap/testbench/line.tmp 0
INFO-FLOW: Converting Pragmas to Markers...
Execute     get_default_platform 
INFO-FLOW: TB processing: /home/sam-admin/git/Training/HLS_Assignments/A4/codes/a4.cpp /home/sam-admin/git/Training/HLS_Assignments/A4/codes/Assignment4/solution1/./sim/autowrap/testbench/a4.cpp_pre.cpp
Execute     tidy_31 xilinx-tb-xfmat /home/sam-admin/git/Training/HLS_Assignments/A4/codes/Assignment4/solution1/./sim/autowrap/testbench/a4.cpp_pre.cpp std=c++11 
INFO-FLOW: exec /tools/Xilinx/Vivado/2018.3/lnx64/tools/clang-3.9-csynth/bin/tidy-3.1 -header-filter=.* -checks=-*,xilinx-tb-xfmat -quiet -fix-errors /home/sam-admin/git/Training/HLS_Assignments/A4/codes/Assignment4/solution1/./sim/autowrap/testbench/a4.cpp_pre.cpp -- -std=c++11 -fhls -ferror-limit=0
Command     tidy_31 done; 1.04 sec.
INFO-FLOW: Marker-Pragma convertor: /home/sam-admin/git/Training/HLS_Assignments/A4/codes/Assignment4/solution1/./sim/autowrap/testbench/a4.cpp_pre.cpp /home/sam-admin/git/Training/HLS_Assignments/A4/codes/Assignment4/solution1/./sim/autowrap/testbench/a4.cpp_pre.cpp.line.cpp ./sim/autowrap/testbench/line.tmp 1
INFO-FLOW: Converting Markers to Pragmas...
INFO-FLOW: Marker-Pragma convertor: /home/sam-admin/git/Training/HLS_Assignments/A4/codes/Assignment4/solution1/./sim/autowrap/testbench/a4.cpp_pre.cpp.tb.cpp.line /home/sam-admin/git/Training/HLS_Assignments/A4/codes/Assignment4/solution1/./sim/autowrap/testbench/a4.cpp_pre.cpp.tb.cpp ./sim/autowrap/testbench/line.tmp 0
INFO-FLOW: Converting Pragmas to Markers...
Execute     source /home/sam-admin/git/Training/HLS_Assignments/A4/codes/Assignment4/solution1/./sim/autowrap/testbench/tb.status.tcl 
Execute     source /home/sam-admin/git/Training/HLS_Assignments/A4/codes/Assignment4/solution1/.autopilot/db/global.setting.tcl 
Execute     source /home/sam-admin/git/Training/HLS_Assignments/A4/codes/Assignment4/solution1/.autopilot/db/cal.rtl_wrap.cfg.tcl 
Execute     source /home/sam-admin/git/Training/HLS_Assignments/A4/codes/Assignment4/solution1/.autopilot/db/cal.rtl_wrap.cfg.tcl 
Execute     source /home/sam-admin/git/Training/HLS_Assignments/A4/codes/Assignment4/solution1/.autopilot/db/cal.rtl_wrap.cfg.tcl 
Execute     source /home/sam-admin/git/Training/HLS_Assignments/A4/codes/Assignment4/solution1/.autopilot/db/cal.tbgen.tcl 
Execute     source /home/sam-admin/git/Training/HLS_Assignments/A4/codes/Assignment4/solution1/.autopilot/db/cal.tbgen.tcl 
WARNING: [COSIM 212-75] Fifo port 'd_V' has a default depth of 1. Insufficient depth may cause simulation mismatch or freeze. Please specify the depth in 'set_directive_interface' using the option '-depth'.
Execute     get_default_platform 
Execute     source .run_sim.tcl 
INFO: [COSIM 212-302] Starting C TB testing ... 
Command     ap_source done; 0.16 sec.
INFO: [COSIM 212-333] Generating C post check test bench ...
Execute     get_default_platform 
INFO: [COSIM 212-12] Generating RTL test bench ...
Execute     source /home/sam-admin/git/Training/HLS_Assignments/A4/codes/Assignment4/solution1/.autopilot/db/cal.tbgen.tcl 
Execute     source /home/sam-admin/git/Training/HLS_Assignments/A4/codes/Assignment4/solution1/.autopilot/db/cal.tbgen.tcl 
Execute     source /home/sam-admin/git/Training/HLS_Assignments/A4/codes/Assignment4/solution1/.autopilot/db/cal.tbgen.tcl 
Execute     source /home/sam-admin/git/Training/HLS_Assignments/A4/codes/Assignment4/solution1/.autopilot/db/cal.tbgen.tcl 
Execute     source ../tv/cdatafile/ref.tcl 
Execute     source /home/sam-admin/git/Training/HLS_Assignments/A4/codes/Assignment4/solution1/.autopilot/db/cal.tbgen.tcl 
Execute     source /home/sam-admin/git/Training/HLS_Assignments/A4/codes/Assignment4/solution1/.autopilot/db/cal.tbgen.tcl 
Execute     source /home/sam-admin/git/Training/HLS_Assignments/A4/codes/Assignment4/solution1/.autopilot/db/cal.tbgen.tcl 
Execute     source /home/sam-admin/git/Training/HLS_Assignments/A4/codes/Assignment4/solution1/.autopilot/db/cal.tbgen.tcl 
Execute     source /home/sam-admin/git/Training/HLS_Assignments/A4/codes/Assignment4/solution1/.autopilot/db/cal.tbgen.tcl 
Execute     source /home/sam-admin/git/Training/HLS_Assignments/A4/codes/Assignment4/solution1/.autopilot/db/cal.tbgen.tcl 
Execute     source /home/sam-admin/git/Training/HLS_Assignments/A4/codes/Assignment4/solution1/.autopilot/db/cal.tbgen.tcl 
Execute     source /home/sam-admin/git/Training/HLS_Assignments/A4/codes/Assignment4/solution1/.autopilot/db/cal.tbgen.tcl 
Execute     source /home/sam-admin/git/Training/HLS_Assignments/A4/codes/Assignment4/solution1/.autopilot/db/cal.tbgen.tcl 
Execute     source /home/sam-admin/git/Training/HLS_Assignments/A4/codes/Assignment4/solution1/.autopilot/db/cal.tbgen.tcl 
Execute     source /home/sam-admin/git/Training/HLS_Assignments/A4/codes/Assignment4/solution1/.autopilot/db/cal.tbgen.tcl 
Execute     source /home/sam-admin/git/Training/HLS_Assignments/A4/codes/Assignment4/solution1/.autopilot/db/cal.tbgen.tcl 
Execute     source /home/sam-admin/git/Training/HLS_Assignments/A4/codes/Assignment4/solution1/.autopilot/db/cal.tbgen.tcl 
Execute     source /home/sam-admin/git/Training/HLS_Assignments/A4/codes/Assignment4/solution1/.autopilot/db/cal.tbgen.tcl 
Execute     source /home/sam-admin/git/Training/HLS_Assignments/A4/codes/Assignment4/solution1/.autopilot/db/cal.tbgen.tcl 
Execute     source /home/sam-admin/git/Training/HLS_Assignments/A4/codes/Assignment4/solution1/.autopilot/db/cal.tbgen.tcl 
Execute     source ../tv/cdatafile/ref.tcl 
Execute     source /home/sam-admin/git/Training/HLS_Assignments/A4/codes/Assignment4/solution1/.autopilot/db/cal.tbgen.tcl 
Execute     source /home/sam-admin/git/Training/HLS_Assignments/A4/codes/Assignment4/solution1/.autopilot/db/cal.tbgen.tcl 
Execute     source /home/sam-admin/git/Training/HLS_Assignments/A4/codes/Assignment4/solution1/.autopilot/db/cal.tbgen.tcl 
Execute     source /home/sam-admin/git/Training/HLS_Assignments/A4/codes/Assignment4/solution1/.autopilot/db/cal.tbgen.tcl 
Execute     source /home/sam-admin/git/Training/HLS_Assignments/A4/codes/Assignment4/solution1/.autopilot/db/cal.tbgen.tcl 
Execute     source /home/sam-admin/git/Training/HLS_Assignments/A4/codes/Assignment4/solution1/.autopilot/db/cal.tbgen.tcl 
Execute     source /home/sam-admin/git/Training/HLS_Assignments/A4/codes/Assignment4/solution1/.autopilot/db/cal.tbgen.tcl 
Execute     source /home/sam-admin/git/Training/HLS_Assignments/A4/codes/Assignment4/solution1/.autopilot/db/cal.tbgen.tcl 
Execute     source /home/sam-admin/git/Training/HLS_Assignments/A4/codes/Assignment4/solution1/.autopilot/db/cal.tbgen.tcl 
Execute     source /home/sam-admin/git/Training/HLS_Assignments/A4/codes/Assignment4/solution1/.autopilot/db/cal.tbgen.tcl 
Execute     source /home/sam-admin/git/Training/HLS_Assignments/A4/codes/Assignment4/solution1/.autopilot/db/cal.tbgen.tcl 
Execute     source .run_sim.tcl 
Execute       source check_sim.tcl 
Execute       source .sim.status.tcl 
INFO: [COSIM 212-323] Starting verilog simulation. 
INFO: [COSIM 212-15] Starting XSIM ...
INFO: [COSIM 212-316] Starting C post checking ...
Command     ap_source done; 11.56 sec.
INFO: [COSIM 212-1000] *** C/RTL co-simulation finished: PASS ***
Command   cosim_design done; 47.64 sec.
Command ap_source done; 47.82 sec.
Execute cleanup_all 
