Time resolution is 1 ps
INFO: fp_add_tb.fp_add_dut: case 1. temp format = Q          7.         12
CRITICAL WARNING: fp_add_tb.fp_add_dut: output integer width is not sufficient. Overflow may occur
0110010011001000 1110111110100001 0000110010011001000 1111011111010000100 0000010001101001100
0101010100111110 1100011010001101 0000101010100111110 1110001101000110100 1110110111101110010
5.327785 -14.362778 -9.034992 21822 50829 47033
add out mismatch. error = 0.000324
0110101100111100 1101100100000010 0000110101100111100 1110110010000001000 1111100111101000100
6.702280 -9.748757 -3.046477 27452 55554 59298
add out mismatch. error = 0.000579
0001011010011011 1101000000000110 0000001011010011011 1110100000000011000 1110101011010110011
1.413064 -11.994298 -10.581234  5787 53254 43865
add out mismatch. error = 0.000309
0100100010100010 1110101111011011 0000100100010100010 1111010111101101100 1111111100000001110
4.539668 -5.036605 -0.496937 18594 60379 64519
add out mismatch. error = 0.000355
0001011010010010 1011001111100000 0000001011010010010 1101100111110000000 1101110011000010010
1.410853 -19.031720 -17.620867  5778 46048 32768
add out mismatch. error = 1.620867
0100010011011100 0010110100101110 0000100010011011100 0001011010010111000 0001111100110010100
4.303782 11.295179 15.598960 17628 11566 31946
add out mismatch. error = 0.000327
0000001111100101 0000110101111110 0000000001111100101 0000011010111111000 0000011100111011101
0.243617 3.373799 3.617416   997  3454  7406
add out mismatch. error = 0.001205
1001100100001001 0001101001111000 0001001100100001001 0000110100111100000 0010000001011101001
9.564765 6.617394 16.182160 39177  6776 32767
add out mismatch. error = 0.182648
0100000101011110 1101110111100111 0000100000101011110 1110111011110011100 1111011100011111010
4.085642 -8.525323 -4.439682 16734 56807 56445
add out mismatch. error = 0.000717
0100011110100111 1100010101000101 0000100011110100111 1110001010100010100 1110101110010111011
0110101101100101 1110000010110010 0000110101101100101 1111000001011001000 1111110111000101101
6.712241 -7.826900 -1.114659 27493 57522 63254
add out mismatch. error = 0.000402
0101111110111101 0010110011000100 0000101111110111101 0001011001100010000 0010001001011001101
5.983730 11.191530 17.175260 24509 11460 32767
add out mismatch. error = 1.175748
0011111010010111 0010011101100100 0000011111010010111 0001001110110010000 0001101110000100111
3.912066 9.848468 13.760534 16023 10084 28179
add out mismatch. error = 0.001257
0111001000001001 0010100111111101 0000111001000001001 0001010011111110100 0010001100111111101
7.127264 10.497228 17.624492 29193 10749 32767
add out mismatch. error = 1.624980
1000100000010110 1101000111001000 0001000100000010110 1110100011100100000 1111100111100110110
8.505514 -11.555538 -3.050024 34838 53704 59291
add out mismatch. error = 0.000708
0101011011000010 1100011010101111 0000101011011000010 1110001101010111100 1110111000101111110
0111100100101100 1100100011001101 0000111100100101100 1110010001100110100 1111001110001100000
7.573355 -13.800722 -6.227368 31020 51405 52784
add out mismatch. error = 0.000805
0111000010101100 0000000101000011 0000111000010101100 0000000010100001100 0000111010110111000
7.042131 0.315963 7.358094 28844   323 15068
add out mismatch. error = 0.000672
1001101010010011 1100011101110000 0001001101010010011 1110001110111000000 1111011100001010011
9.660935 -14.141251 -4.480316 39571 51056 56361
add out mismatch. error = 0.000336
0100011111110010 0001001111000000 0000100011111110010 0000100111100000000 0001001011011110010
4.496815 4.937646 9.434461 18418  5056 19321
add out mismatch. error = 0.000379
0001000000111011 0011100010011111 0000001000000111011 0001110001001111100 0001111001010110111
1.014629 14.155786 15.170414  4155 14495 31067
add out mismatch. error = 0.000981
1001010100000100 1010101011010000 0001001010100000100 1101010101101000000 1110100000001000100
9.313524 -21.297257 -11.983733 38148 43728 40994
add out mismatch. error = 0.000335
0000000000001111 1101110011111000 0000000000000001111 1110111001111100000 1110111001111101111
0.003878 -8.758154 -8.754276    15 56568 47607
add out mismatch. error = 0.000118
0011111010010000 0001000001001011 0000011111010010000 0000100000100101100 0000111111110111100
3.910219 4.073537 7.983757 16016  4171 16350
add out mismatch. error = 0.000358
0001010110011000 1101001110010101 0000001010110011000 1110100111001010100 1110110001111101100
0011101100011011 0001010110100111 0000011101100011011 0000101011010011100 0001001000110110111
3.694192 5.413631 9.107823 15131  5543 18651
add out mismatch. error = 0.000889
1011000010001100 1111100110101100 0001011000010001100 1111110011010110000 0001001011100111100
11.034327 -1.582355 9.451972 45196 63916 19358
add out mismatch. error = 0.000176
1010010111110011 1100011000100110 0001010010111110011 1110001100010011000 1111011111010001011
10.371914 -14.463595 -4.091681 42483 50726 57157
add out mismatch. error = 0.000372
0100110101000001 1110000100010000 0000100110101000001 1111000010001000000 1111101000110000001
4.828399 -7.735087 -2.906688 19777 57616 59584
add out mismatch. error = 0.000438
0101101111001101 1111110111001111 0000101101111001101 1111111011100111100 0000101001100001001
5.737631 -0.548607 5.189024 23501 64975 10628
add out mismatch. error = 0.000429
0101101010111011 1000000111000010 0000101101010111011 1100000011100001000 1100110000111000011
5.670762 -31.560843 -25.890081 23227 33218 32768
add out mismatch. error = 9.890081
0100001111110100 0010011111111100 0000100001111110100 0001001111111110000 0001110001111100100
4.247072 9.996643 14.243714 17396 10236 29170
add out mismatch. error = 0.000550
0110001011010000 1001111111000010 0000110001011010000 1100111111100001000 1101110000111011000
6.176018 -24.060701 -17.884684 25296 40898 32768
add out mismatch. error = 1.884684
0010010111001011 1011110110001101 0000010010111001011 1101111011000110100 1110001101111111111
2.362253 -16.612395 -14.250142  9675 48525 36351
add out mismatch. error = 0.000346
1010000110000011 1110100111000000 0001010000110000011 1111010011100000000 0000100100010000011
0110010110001001 0000010001010100 0000110010110001001 0000001000101010000 0000111011011011001
6.346184 1.082526 7.428710 25993  1108 15212
add out mismatch. error = 0.000976
1000100110000001 0000101101010101 0001000100110000001 0000010110101010100 0001011011011010101
8.594149 2.833748 11.427898 35201  2901 23402
add out mismatch. error = 0.001140
0100000111100001 0010101100000101 0000100000111100001 0001010110000010100 0001110110111110101
4.117655 10.755053 14.872708 16865 11013 30458
add out mismatch. error = 0.000638
0111010100010110 0010011101101011 0000111010100010110 0001001110110101100 0010001001011000010
7.317884 9.855355 17.173239 29974 10091 32767
add out mismatch. error = 1.173727
1010111101011010 1111111010011001 0001010111101011010 1111111101001100100 0001010100110111110
10.959517 -0.351379 10.608138 44890 65177 21727
add out mismatch. error = 0.000749
1011001011000010 1111000100111101 0001011001011000010 1111100010011110100 0000111011110110110
11.172398 -3.690825 7.481573 45762 61757 15323
add out mismatch. error = 0.000361
0010100110011110 1010011111011010 0000010100110011110 1101001111101101000 1101100100100000110
2.601163 -22.037896 -19.436734 10654 42970 32768
add out mismatch. error = 3.436734
0001100010101001 1101100011111010 0000001100010101001 1110110001111101000 1110111110010010001
1.541377 -9.756794 -8.215417  6313 55546 48712
add out mismatch. error = 0.000573
1010011001110001 1100101101101101 0001010011001110001 1110010110110110100 1111101010000100101
10.402681 -13.144413 -2.741732 42609 52077 59922
add out mismatch. error = 0.000521
0100101000110110 1101000000010001 0000100101000110110 1110100000001000100 1111000101001111010
4.638217 -11.984136 -7.345919 18998 53265 50493
add out mismatch. error = 0.000704
0111001101000101 1110001011100000 0000111001101000101 1111000101110000000 1111111111011000101
1010100100001001 0001100110110111 0001010100100001001 0000110011011011100 0010000111111100101
10.564768 6.428904 16.993671 43273  6583 32767
add out mismatch. error = 0.994159
1010111001001011 1111001101000000 0001010111001001011 1111100110100000000 0000111101101001011
10.893491 -3.187572 7.705919 44619 62272 15781
add out mismatch. error = 0.000352
0110100111000111 0010000110010001 0000110100111000111 0001000011001000100 0001111000000001011
6.611314 8.392142 15.003456 27079  8593 30725
add out mismatch. error = 0.001014
0101011000100000 1001001011010011 0000101011000100000 1100100101101001100 1101010000101101100
5.382823 -27.294698 -21.911875 22048 37587 32768
add out mismatch. error = 5.911875
1011101101001001 1000010001101101 0001011101101001001 1100001000110110100 1101100110011111101
11.705383 -30.893768 -19.188384 47945 33901 32768
add out mismatch. error = 3.188384
0000011000010010 1010010100010011 0000000011000010010 1101001010001001100 1101001101001011110
0.379555 -22.732234 -22.352679  1554 42259 32768
add out mismatch. error = 6.352679
0010010111111110 1101110000110011 0000010010111111110 1110111000011001100 1111001011011001010
1011011111100011 1110000101001001 0001011011111100011 1111000010100100100 0000011110100000111
0110000010011111 1011110111111000 0000110000010011111 1101111011111100000 1110101100001111111
6.038936 -16.508713 -10.469778 24735 48632 44095
add out mismatch. error = 0.000539
1000011001011010 0000011010011110 0001000011001011010 0000001101001111000 0001010000011010010
8.397163 1.654605 10.051768 34394  1694 20585
add out mismatch. error = 0.000498
0001101000101010 0011111000111111 0000001101000101010 0001111100011111100 0010001001100100110
1.635321 15.561719 17.197040  6698 15935 32767
add out mismatch. error = 1.197528
0110011111100111 1111101011001010 0000110011111100111 1111110101100101000 0000101001100001111
6.493995 -1.302971 5.191023 26599 64202 10631
add out mismatch. error = 0.000105
0111110000110110 1110111001000011 0000111110000110110 1111011100100001100 0000011010101000010
7.763373 -4.434883 3.328490 31798 60995  6817
add out mismatch. error = 0.000123
1000000101101000 0001011001100001 0001000000101101000 0000101100110000100 0001101101011101100
8.088031 5.594780 13.682810 33128  5729 28022
add out mismatch. error = 0.000193
0010110010000010 1110100101010001 0000010110010000010 1111010010101000100 1111101000111000110
2.781953 -5.671411 -2.889458 11394 59729 59619
add out mismatch. error = 0.000298
1001000100101011 0010100010111001 0001001000100101011 0001010001011100100 0010011010000001111
9.073074 10.181306 19.254380 37163 10425 32767
add out mismatch. error = 3.254868
0101011110010011 0001001010010100 0000101011110010011 0000100101001010000 0001010000111100011
5.473548 4.644907 10.118456 22419  4756 20721
add out mismatch. error = 0.000780
1011111100011011 1000010000011000 0001011111100011011 1100001000001100000 1101100111101111011
11.944143 -30.977506 -19.033362 48923 33816 32768
add out mismatch. error = 3.033362
0111101111100101 1101000001001000 0000111101111100101 1110100000100100000 1111011110100000101
7.743496 -11.930153 -4.186657 31717 53320 56962
add out mismatch. error = 0.000134
0010110011010001 1101001101111010 0000010110011010001 1110100110111101000 1110111101010111001
2.801072 -11.131333 -8.330261 11473 54138 48476
add out mismatch. error = 0.000183
0110001011011100 1110101111101101 0000110001011011100 1111010111110110100 0000001001010010000
0101011110010000 1101111011000011 0000101011110010000 1110111101100001100 1111101001010011100
5.472790 -8.310285 -2.837494 22416 57027 59726
add out mismatch. error = 0.000580
0011110000110100 1000010001100011 0000011110000110100 1100001000110001100 1100100110111000000
3.762921 -30.904063 -27.141141 15412 33891 32768
add out mismatch. error = 11.141141
1011001000111011 1001111100010010 0001011001000111011 1100111110001001000 1110010111010000011
11.139596 -24.232584 -13.092989 45627 40722 38721
add out mismatch. error = 0.000273
0111000001001111 0000100111001100 0000111000001001111 0000010011100110000 0001001011101111111
7.019322 2.450031 9.469353 28751  2508 19391
add out mismatch. error = 0.001091
0111110111010100 1010110010000101 0000111110111010100 1101011001000010100 1110010111111101000
7.864283 -20.870539 -13.006257 32212 44165 38900
add out mismatch. error = 0.000397
0000111000101111 0011000000010000 0000000111000101111 0001100000001000000 0001100111001101111
0.886614 12.016002 12.902616  3631 12304 26423
add out mismatch. error = 0.000761
0100101110010110 1111111001111111 0000100101110010110 1111111100111111100 0000100010110010010
4.724219 -0.376256 4.347963 19350 65151  8905
add out mismatch. error = 0.000181
1011100111011101 1100100101101100 0001011100111011101 1110010010110110000 1111101111110001101
11.616630 -13.645504 -2.028874 47581 51564 61382
add out mismatch. error = 0.000553
1010101100000011 1100100000001110 0001010101100000011 1110010000000111000 1111100101100111011
10.688301 -13.986533 -3.298232 43779 51214 58781
add out mismatch. error = 0.000108
0111100101111011 1111011010011011 0000111100101111011 1111101101001101100 0000101001111100111
7.592747 -2.349431 5.243316 31099 63131 10739
add out mismatch. error = 0.000336
0100011010001101 0011001101011010 0000100011010001101 0001100110101101000 0010001001111110101
4.409425 12.837996 17.247420 18061 13146 32767
add out mismatch. error = 1.247909
0100000000000101 1111000110010001 0000100000000000101 1111100011001000100 0000000011001001001
4.001388 -3.608608 0.392780 16389 61841   804
add out mismatch. error = 0.000202
0111101101101000 0011100110000001 0000111101101101000 0001110011000000100 0010110000101101100
7.712988 14.376540 22.089527 31592 14721 32767
add out mismatch. error = 6.090016
0110100000101011 1100000111110110 0000110100000101011 1110000011111011000 1110111000000000011
6.510612 -15.509862 -8.999250 26667 49654 47105
add out mismatch. error = 0.000262
0110110011011100 0010100000110001 0000110110011011100 0001010000011000100 0010000110110100000
6.803878 10.048003 16.851881 27868 10289 32767
add out mismatch. error = 0.852369
0011001110000111 1110100001000110 0000011001110000111 1111010000100011000 1111101010010011111
3.220504 -5.932049 -2.711545 13191 59462 59983
add out mismatch. error = 0.000119
0110000110110011 1001101110110100 0000110000110110011 1100110111011010000 1101101000010000011
6.106380 -25.075044 -18.968665 25011 39860 32768
add out mismatch. error = 2.968665
1010101000111011 1100111010010001 0001010101000111011 1110011101001000100 1111110010001111111
10.639522 -12.358480 -1.718958 43579 52881 62015
add out mismatch. error = 0.000280
0100001111100100 1101110111000100 0000100001111100100 1110111011100010000 1111011101011110100
4.243362 -8.559405 -4.316043 17380 56772 56698
add out mismatch. error = 0.000614
0011011011010110 1010010110011010 0000011011011010110 1101001011001101000 1101100110100111110
3.427490 -22.600545 -19.173056 14038 42394 32768
add out mismatch. error = 3.173056
0111100101110110 1110000100010011 0000111100101110110 1111000010001001100 1111111110111000010
0111010000101001 1011110101011100 0000111010000101001 1101111010101110000 1110110100110011001
7.260244 -16.660514 -9.400271 29737 48476 46284
add out mismatch. error = 0.000120
1011111011010110 0010101100000000 0001011111011010110 0001010110000000000 0010110101011010110
11.927283 10.750933 22.678216 48854 11008 32767
add out mismatch. error = 6.678704
0110001011110100 0011100001001100 0000110001011110100 0001110000100110000 0010100010000100100
6.184735 14.075169 20.259904 25332 14412 32767
add out mismatch. error = 4.260393
0000110000010100 1101011100100000 0000000110000010100 1110101110010000000 1110110100010010100
0.755111 -10.219597 -9.464486  3092 55072 46154
add out mismatch. error = 0.000619
0111010110101001 1100101011101100 0000111010110101001 1110010101110110000 1111010000101011001
7.353786 -13.269936 -5.916150 30121 51948 53420
add out mismatch. error = 0.000134
0000001000100001 1101100010011111 0000000001000100001 1110110001001111100 1110110010010011101
0.133078 -9.845428 -9.712350   545 55455 45646
add out mismatch. error = 0.000436
0000001100111001 0000111000110101 0000000001100111001 0000011100011010100 0000011110000001101
0.201553 3.552270 3.753822   825  3637  7686
add out mismatch. error = 0.000893
1010111110111101 1111100011100011 0001010111110111101 1111110001110001100 0001001001101001001
0101100100100001 1011000111100000 0000101100100100001 1101100011110000000 1110010000010100001
5.570706 -19.532224 -13.961519 22817 45536 36944
add out mismatch. error = 0.000581
0101000110000001 1101110001011100 0000101000110000001 1110111000101110000 1111100001011110001
5.094103 -8.910968 -3.816864 20865 56412 57720
add out mismatch. error = 0.000458
0100000000010101 1000000101000000 0000100000000010101 1100000010100000000 1100100010100010101
4.005133 -31.687635 -27.682502 16405 33088 32768
add out mismatch. error = 11.682502
0101010100111110 0001100100110110 0000101010100111110 0000110010011011000 0001011101000010110
5.327718 6.303356 11.631074 21822  6454 23819
add out mismatch. error = 0.000703
1011001100011110 1010011011000001 0001011001100011110 1101001101100000100 1110100111000100010
11.194913 -22.312224 -11.117311 45854 42689 42769
add out mismatch. error = 0.000612
0111010110010010 1111001100110100 0000111010110010010 1111100110011010000 0000100001001100010
1010011111111111 1100101011010010 0001010011111111111 1110010101101001000 1111101001101000111
10.499913 -13.295761 -2.795848 43007 51922 59811
add out mismatch. error = 0.000438
0000110001101011 1101101100100000 0000000110001101011 1110110110010000000 1110111100011101011
0.776252 -9.219719 -8.443467  3179 56096 48245
add out mismatch. error = 0.000596
0111000110010001 1000000111111111 0000111000110010001 1100000011111111100 1100111100110001101
7.098004 -31.501629 -24.403625 29073 33279 32768
add out mismatch. error = 8.403625
0100111001010011 1001100110010011 0000100111001010011 1100110011001001100 1101011010010011111
4.895361 -25.607357 -20.711996 20051 39315 32768
add out mismatch. error = 4.711996
0100110011001111 1101101010111111 0000100110011001111 1110110101011111100 1111011011111001011
4.800653 -9.313549 -4.512897 19663 55999 56293
add out mismatch. error = 0.000287
0111010010110001 0011111001100000 0000111010010110001 0001111100110000000 0010110111000110001
7.293231 15.594625 22.887856 29873 15968 32767
add out mismatch. error = 6.888344
0101110010111101 1100001100000101 0000101110010111101 1110000110000010100 1110110100011010001
5.796205 -15.245143 -9.448938 23741 49925 46184
add out mismatch. error = 0.000281
0101011111110011 0010100110001100 0000101011111110011 0001010011000110000 0001111111000100011
5.496939 10.387432 15.884371 22515 10636 32529
add out mismatch. error = 0.001070
1001110111000011 1100110010100110 0001001110111000011 1110011001010011000 1111101000001011011
9.860327 -12.838831 -2.978504 40387 52390 59437
add out mismatch. error = 0.000476
0110011111101110 1111101010000010 0000110011111101110 1111110101000001000 0000101000111110110
6.495758 -1.373382 5.122376 26606 64130 10491
add out mismatch. error = 0.000183
1000111110101010 1011111111100011 0001000111110101010 1101111111110001100 1111000111100110110
8.979007 -16.028722 -7.049716 36778 49123 51099
add out mismatch. error = 0.000399
0010010000001111 0010110101101110 0000010010000001111 0001011010110111000 0001101100111000111
2.253757 11.357822 13.611579  9231 11630 27875
add out mismatch. error = 0.000739
0000110010001000 1000101111111111 0000000110010001000 1100010111111111100 1100011110010000100
0.783234 -29.001452 -28.218218  3208 35839 32768
add out mismatch. error = 12.218218
0010011111110001 1001110000110011 0000010011111110001 1100111000011001100 1101001100010111101
2.496354 -24.950550 -22.454196 10225 39987 32768
add out mismatch. error = 6.454196
0100101111100001 1100110000000001 0000100101111100001 1110011000000000100 1110111101111100101
4.742456 -12.999557 -8.257101 19425 52225 48626
add out mismatch. error = 0.000265
0100100110100001 1101100001101010 0000100100110100001 1110110000110101000 1111010101101001001
4.601940 -9.897239 -5.295299 18849 55402 54692
add out mismatch. error = 0.000377
0101011111111110 1111000110010011 0000101011111111110 1111100011001001100 0000001111001001010
5.499748 -3.606824 1.892924 22526 61843  3877
add out mismatch. error = 0.000143
0111010010011011 1010001111100001 0000111010010011011 1101000111110000100 1110000010000011111
1011110110010011 1011111000111110 0001011110110010011 1101111100011111000 1111011011010001011
11.848405 -16.439541 -4.591136 48531 48702 56133
add out mismatch. error = 0.000172
0111110001001001 1001010110010100 0000111110001001001 1100101011001010000 1101101001010011001
7.768016 -26.606414 -18.838398 31817 38292 32768
add out mismatch. error = 2.838398
0010111111010001 1111000011100111 0000010111111010001 1111100001110011100 1111111001101101101
2.988531 -3.775236 -0.786705 12241 61671 63926
add out mismatch. error = 0.000572
1011100101110011 1110110101100101 0001011100101110011 1111011010110010100 0000110111100000111
11.590600 -4.651769 6.938831 47475 60773 14211
add out mismatch. error = 0.000134
0010111100100100 0011010110111101 0000010111100100100 0001101011011110100 0010000011000011000
2.946428 13.434955 16.381383 12068 13757 32767
add out mismatch. error = 0.381871
1000001011110111 1101111011110110 0001000001011110111 1110111101111011000 1111111111011001111
1010011010100100 0011110001101011 0001010011010100100 0001111000110101100 0011001100001010000
10.415052 15.104707 25.519758 42660 15467 32767
add out mismatch. error = 9.520247
0100110001011010 1101010111001010 0000100110001011010 1110101011100101000 1111010001110000010
4.772139 -10.553592 -5.781454 19546 54730 53697
add out mismatch. error = 0.000692
0111001000101001 1100111101010011 0000111001000101001 1110011110101001100 1111010111101110101
7.135160 -12.169141 -5.033981 29225 53075 55226
add out mismatch. error = 0.000198
0011010010111111 0001100011001110 0000011010010111111 0000110001100111000 0001001011111110111
3.296683 6.201334 9.498017 13503  6350 19451
add out mismatch. error = 0.000458
0000101110111111 0000000100011001 0000000101110111111 0000000010001100100 0000001000000100011
0.734136 0.275285 1.009421  3007   281  2065
add out mismatch. error = 0.001120
0110111010010111 1111110111101001 0000110111010010111 1111111011110100100 0000110011000111011
0101000001101101 0010001101010111 0000101000001101101 0001000110101011100 0001101110111001001
5.026658 8.834961 13.861619 20589  9047 28388
add out mismatch. error = 0.000291
0001011010110111 1101110000101101 0000001011010110111 1110111000010110100 1111000011101101011
1.419873 -8.956825 -7.536952  5815 56365 50101
add out mismatch. error = 0.000331
1010010001110001 0000010101001111 0001010010001110001 0000001010100111100 0001011100110101101
10.277684 1.327721 11.605405 42097  1359 23766
add out mismatch. error = 0.000913
0101101000010101 1111010011100000 0000101101000010101 1111101001110000000 0000010110110010101
5.630211 -2.782144 2.848067 23061 62688  5834
add out mismatch. error = 0.000566
1010100010100111 1111000011001110 0001010100010100111 1111100001100111000 0000110101111011111
10.540793 -3.799665 6.741128 43175 61646 13807
add out mismatch. error = 0.000572
0101000100001011 1100110100011010 0000101000100001011 1110011010001101000 1111000010101110011
0111011000011101 0010101100100001 0000111011000011101 0001010110010000100 0010010001010100001
7.382136 10.782363 18.164499 30237 11041 32767
add out mismatch. error = 2.164987
0100000111111001 0001111011000100 0000100000111111001 0000111101100010000 0001011110100001001
4.123306 7.692203 11.815509 16889  7876 24196
add out mismatch. error = 0.001056
1001101111101110 0001001100000100 0001001101111101110 0000100110000010000 0001110011111111110
9.745796 4.754745 14.500541 39918  4868 29695
add out mismatch. error = 0.001029
0110101111011110 0001001000001100 0000110101111011110 0000100100000110000 0001011010000001110
6.741893 4.512219 11.254112 27614  4620 23047
add out mismatch. error = 0.000694
1011111000100110 1010110111011001 0001011111000100110 1101011011101100100 1110111010110001010
11.884399 -20.538713 -8.654314 48678 44505 47813
add out mismatch. error = 0.000506
1011000011010001 1101101000010111 0001011000011010001 1110110100001011100 0000001100100101101
11.051227 -9.478242 1.572986 45265 55831  3222
add out mismatch. error = 0.000257
0100000011011101 0001110010110001 0000100000011011101 0000111001011000100 0001011001110100001
4.054130 7.172971 11.227101 16605  7345 22992
add out mismatch. error = 0.000538
0110110000100011 1111111100000101 0000110110000100011 1111111110000010100 0000110100000110111
0100101010001001 0001110011110101 0000100101010001001 0000111001111010100 0001011111001011101
4.658687 7.239863 11.898550 19081  7413 24366
add out mismatch. error = 0.001089
0101100100011011 0000101101100111 0000101100100011011 0000010110110011100 0001000011010110111
5.569213 2.851266 8.420478 22811  2919 17243
add out mismatch. error = 0.001045
1011100110100111 1100010101000000 0001011100110100111 1110001010100000000 1111100111010100111
11.603331 -14.688197 -3.084866 47527 50496 59219
add out mismatch. error = 0.000393
0000101001101101 1000010000110011 0000000101001101101 1100001000011001100 1100001101100111001
0.651711 -30.950955 -30.299244  2669 33843 32768
add out mismatch. error = 14.299244
0110001000110101 1110001110001001 0000110001000110101 1111000111000100100 1111111000001011001
6.138039 -7.116304 -0.978265 25141 58249 63532
add out mismatch. error = 0.000250
0000111110011010 1001101111011110 0000000111110011010 1100110111101111000 1100111111100010010
0.975200 -25.033546 -24.058347  3994 39902 32768
add out mismatch. error = 8.058347
0010100011001000 0001101000000111 0000010100011001000 0000110100000011100 0001001000011100100
2.548997 6.507157 9.056154 10440  6663 18546
add out mismatch. error = 0.000490
1010000000001111 0000101011111110 0001010000000001111 0000010101111111000 0001100110000000111
10.003753 2.748142 12.751895 40975  2814 26115
add out mismatch. error = 0.000430
0111110110010000 1010111110101011 0000111110110010000 1101011111010101100 1110011110000111100
7.847835 -20.083702 -12.235867 32144 44971 40478
add out mismatch. error = 0.000516
0010011011011100 1010011001011010 0000010011011011100 1101001100101101000 1101100000001000100
2.428771 -22.412183 -19.983412  9948 42586 32768
add out mismatch. error = 3.983412
0100100110110010 1100011011101101 0000100100110110010 1110001101110110100 1110110010101100110
4.605986 -14.269417 -9.663432 18866 50925 45747
add out mismatch. error = 0.000834
0011000101011000 1100011101000100 0000011000101011000 1110001110100010000 1110100111001101000
3.084112 -14.184228 -11.100116 12632 51012 42804
add out mismatch. error = 0.000507
0111011010010110 1101100000110101 0000111011010010110 1110110000011010100 1111101011101101010
7.411720 -9.948468 -2.536748 30358 55349 60341
add out mismatch. error = 0.000127
0110110110011101 1100000001001010 0000110110110011101 1110000000100101000 1110110111011000101
6.850897 -15.928689 -9.077792 28061 49226 46946
add out mismatch. error = 0.000643
0001111100100001 1001111011110111 0000001111100100001 1100111101111011100 1101001101011111101
1.945651 -24.259475 -22.313824  7969 40695 32768
add out mismatch. error = 6.313824
1000011110001100 1001010110111001 0001000011110001100 1100101011011100100 1101101111001110000
8.471771 -26.570029 -18.098258 34700 38329 32768
add out mismatch. error = 2.098258
0111011100101011 1111010100101011 0000111011100101011 1111101010010101100 0000100101111010111
7.448014 -2.708840 4.739174 30507 62763  9707
add out mismatch. error = 0.000572
0101011000000001 0001011001001100 0000101011000000001 0000101100100110000 0001010111100110001
5.375321 5.574660 10.949980 22017  5708 22424
add out mismatch. error = 0.000761
0001010000100000 1101110110001111 0000001010000100000 1110111011000111100 1111000101001011100
1.258043 -8.611146 -7.353103  5152 56719 50478
add out mismatch. error = 0.000564
0010110000000101 0000101101001100 0000010110000000101 0000010110100110000 0000101100100110101
2.751280 2.824230 5.575510 11269  2892 11418
add out mismatch. error = 0.000314
0101001010111000 1000001000001000 0000101001010111000 1100000100000100000 1100101101011011000
5.170126 -31.493110 -26.322984 21176 33288 32768
add out mismatch. error = 10.322984
1010000110011000 1110011011011010 0001010000110011000 1111001101101101000 0000011110100000000
0101111110010101 1100110110011111 0000101111110010101 1110011011001111100 1111001011000010001
0111001000100110 1011001001001111 0000111001000100110 1101100100100111100 1110011101101100010
7.134348 -19.423265 -12.288917 29222 45647 40369
add out mismatch. error = 0.000343
0100111110100101 1001001111000001 0000100111110100101 1100100111100000100 1101001111010101001
4.977969 -27.062252 -22.084283 20389 37825 32768
add out mismatch. error = 6.084283
1001100100101000 1010111100111100 0001001100100101000 1101011110011110000 1110101011000011000
9.572352 -20.191892 -10.619540 39208 44860 43788
add out mismatch. error = 0.000399
0110000101011110 1000101101010000 0000110000101011110 1100010110101000000 1101000111010011110
6.085683 -29.172220 -23.086537 24926 35664 32768
add out mismatch. error = 7.086537
0110000110001010 0011000100000100 0000110000110001010 0001100010000010000 0010010010110011010
6.096211 12.254609 18.350819 24970 12548 32767
add out mismatch. error = 2.351308
1001111100001111 1111101010110011 0001001111100001111 1111110101011001100 0001000100111011011
9.941260 -1.325259 8.616001 40719 64179 17645
add out mismatch. error = 0.000278
0110000001000000 0000000001101110 0000110000001000000 0000000000110111000 0000110000111111000
6.015801 0.108261 6.124062 24640   110 12540
add out mismatch. error = 0.001015
0000011000000011 1100000111001100 0000000011000000011 1110000011100110000 1110000110100110011
0.375752 -15.551464 -15.175712  1539 49612 34457
add out mismatch. error = 0.000419
1011000101110100 1010010100010011 0001011000101110100 1101001010001001100 1110100010111000000
0011110001111110 1001000110110110 0000011110001111110 1100100011011011000 1101000001101010110
3.780941 -27.572461 -23.791520 15486 37302 32768
add out mismatch. error = 7.791520
0010010110000010 1100001010000010 0000010010110000010 1110000101000001000 1110010111110001010
0101001110000001 1101011011110111 0000101001110000001 1110101101111011100 1111010111101011101
5.219019 -10.258869 -5.039850 21377 55031 55214
add out mismatch. error = 0.000189
0110011110010100 1001000000000001 0000110011110010100 1100100000000000100 1101010011110011000
6.473828 -27.999672 -21.525845 26516 36865 32768
add out mismatch. error = 5.525845
0110100010101100 0000110100010111 0000110100010101100 0000011010001011100 0001001110100001000
6.542168 3.272596 9.814764 26796  3351 20100
add out mismatch. error = 0.000310
0101001010000010 0011110000101101 0000101001010000010 0001111000010110100 0010100001100110110
5.156775 15.044745 20.201520 21122 15405 32767
add out mismatch. error = 4.202009
0110010000001110 0011101000010110 0000110010000001110 0001110100001011000 0010100110001100110
6.253554 14.522412 20.775966 25614 14870 32767
add out mismatch. error = 4.776454
0100110000101110 1100110010111100 0000100110000101110 1110011001011110000 1110111111100011110
0100011100101111 0001111010110000 0000100011100101111 0000111101011000000 0001100000111101111
4.448996 7.672662 12.121659 18223  7856 24823
add out mismatch. error = 0.001053
0000100011101010 1010101100111111 0000000100011101010 1101010110011111100 1101011010111100110
0.557274 -21.189312 -20.632038  2282 43839 32768
add out mismatch. error = 4.632038
0101100011001000 1101010100011010 0000101100011001000 1110101010001101000 1111010110100110000
5.549013 -10.725343 -5.176330 22728 54554 54936
add out mismatch. error = 0.000549
0111011111111001 0001111111110111 0000111011111111001 0000111111111011100 0001111011111010101
7.498516 7.992035 15.490551 30713  8183 31722
add out mismatch. error = 0.001293
0111001111001010 1000000011100110 0000111001111001010 1100000001110011000 1100111011101100010
7.236952 -31.776353 -24.539401 29642 32998 32768
add out mismatch. error = 8.539401
0100101100110110 1100110010010100 0000100101100110110 1110011001001010000 1110111110110000110
0101010111111110 1100001100110001 0000101010111111110 1110000110011000100 1110110001011000010
0110110010001100 1100100111001010 0000110110010001100 1110010011100101000 1111001001110110100
6.784218 -13.553401 -6.769183 27788 51658 51674
add out mismatch. error = 0.000628
0100010000010101 1011011111000100 0000100010000010101 1101101111100010000 1110010001100100101
4.255352 -18.059430 -13.804078 17429 47044 37266
add out mismatch. error = 0.000367
0001011001011101 1001101000010101 0000001011001011101 1100110100001010100 1100111111010110001
1.397859 -25.479799 -24.081940  5725 39445 32768
add out mismatch. error = 8.081940
0111101011110100 1000001011101011 0000111101011110100 1100000101110101100 1101000011010100000
7.684583 -31.271207 -23.586624 31476 33515 32768
add out mismatch. error = 7.586624
0110001111011110 0011111100001001 0000110001111011110 0001111110000100100 0010110000000000010
6.241700 15.759742 22.001442 25566 16137 32767
add out mismatch. error = 6.001930
1011101010101100 1111101000111100 0001011101010101100 1111110100011110000 0001010001110011100
11.667219 -1.441765 10.225453 47788 64060 20942
add out mismatch. error = 0.000132
0101100100011111 0011010110100001 0000101100100011111 0001101011010000100 0010010111110100011
5.570108 13.407695 18.977803 22815 13729 32767
add out mismatch. error = 2.978291
0111110100100101 1011110011111110 0000111110100100101 1101111001111111000 1110111000100011101
7.821757 -16.752281 -8.930524 32037 48382 47246
add out mismatch. error = 0.000140
0111010010101100 0011011111010011 0000111010010101100 0001101111101001100 0010101001111111000
7.292103 13.956391 21.248494 29868 14291 32767
add out mismatch. error = 5.248982
1011011100111001 1100110111001101 0001011011100111001 1110011011100110100 1111110111001101101
11.451489 -12.550667 -1.099179 46905 52685 63286
add out mismatch. error = 0.000546
0110110101110101 0011010001011111 0000110110101110101 0001101000101111100 0010011111011110001
6.841266 13.093470 19.934736 28021 13407 32767
add out mismatch. error = 3.935224
1000101011001001 1110001000100011 0001000101011001001 1111000100010001100 0000001001101010101
8.674263 -7.466036 1.208228 35529 57891  2474
add out mismatch. error = 0.000220
0110110000110100 1100001000000101 0000110110000110100 1110000100000010100 1110111010001001000
6.762709 -15.496017 -8.733308 27700 49669 47652
add out mismatch. error = 0.000886
0010111111101111 1101100110101011 0000010111111101111 1110110011010101100 1111001011010011011
2.995946 -9.583612 -6.587665 12271 55723 52045
add out mismatch. error = 0.000263
0111011001100100 1011101010111010 0000111011001100100 1101110101011101000 1110110000101001100
7.399485 -17.318674 -9.919189 30308 47802 45222
add out mismatch. error = 0.000243
1011101111001101 1110001010011001 0001011101111001101 1111000101001100100 0000100011000110001
11.737588 -7.350733 4.386855 48077 58009  8984
add out mismatch. error = 0.000137
0111110010111101 1110101110111110 0000111110010111101 1111010111011111000 0000010101110110101
7.796327 -5.065374 2.730954 31933 60350  5594
add out mismatch. error = 0.000492
1011110001000011 1111001100100011 0001011110001000011 1111100110010001100 0001000100011001111
11.766414 -3.216261 8.550153 48195 62243 17511
add out mismatch. error = 0.000140
1010011001110110 1111100000010010 0001010011001110110 1111110000001001000 0001000011010111110
10.403988 -1.983015 8.420973 42614 63506 17247
add out mismatch. error = 0.000414
0101010110111011 1010001100110110 0000101010110111011 1101000110011011000 1101110001010010011
5.358374 -23.197762 -17.839388 21947 41782 32768
add out mismatch. error = 1.839388
0110001111001110 1001001000000001 0000110001111001110 1100100100000000100 1101010101111010010
6.238025 -27.499873 -21.261849 25550 37377 32768
add out mismatch. error = 5.261849
1001011001011000 1000101001000111 0001001011001011000 1100010100100011100 1101011111101110100
9.396494 -29.430971 -20.034477 38488 35399 32768
add out mismatch. error = 4.034477
0000101000010010 1110110000010101 0000000101000010010 1111011000001010100 1111011101001100110
0.629400 -4.980040 -4.350640  2578 60437 56627
add out mismatch. error = 0.000542
1010110101111011 1110110111100001 0001010110101111011 1111011011110000100 0000110010011111111
10.842695 -4.530301 6.312394 44411 60897 12927
add out mismatch. error = 0.000382
0111111000010100 1100001111010101 0000111111000010100 1110000111101010100 1111000110101101000
7.880022 -15.042268 -7.162246 32276 50133 50868
add out mismatch. error = 0.000137
0111100000100111 1000100000101000 0000111100000100111 1100010000010100000 1101001100011000111
7.509682 -29.961826 -22.452144 30759 34856 32768
add out mismatch. error = 6.452144
0010111111101001 1010010110100101 0000010111111101001 1101001011010010100 1101100011001111101
2.994545 -22.589517 -19.594972 12265 42405 32768
add out mismatch. error = 3.594972
0111011000001000 1010110111111111 0000111011000001000 1101011011111111100 1110010111000000100
7.376968 -20.501245 -13.124276 30216 44543 38658
add out mismatch. error = 0.000253
0110100101111001 1110111000110001 0000110100101111001 1111011100011000100 0000010001000111101
6.592054 -4.452911 2.139143 27001 60977  4382
add out mismatch. error = 0.000506
1011011000100101 0001100101100010 0001011011000100101 0000110010110001000 0010001101110101101
11.384110 6.346395 17.730506 46629  6498 32767
add out mismatch. error = 1.730994
0001001111010101 1010110000101111 0000001001111010101 1101011000010111100 1101100010010010001
1.239515 -20.954709 -19.715194  5077 44079 32768
add out mismatch. error = 3.715194
0100011101100001 1111110101001111 0000100011101100001 1111111010100111100 0000011110010011101
4.461410 -0.673725 3.787685 18273 64847  7758
add out mismatch. error = 0.000401
0001101001011111 1111110110001000 0000001101001011111 1111111011000100000 0000001000001111111
1001011010110001 0010111000110011 0001001011010110001 0001011100011001100 0010100111101111101
9.418290 11.550441 20.968730 38577 11827 32767
add out mismatch. error = 4.969219
1010100110110110 1101111000010100 0001010100110110110 1110111100001010000 0000010001000000110
10.606965 -8.480714 2.126251 43446 56852  4355
add out mismatch. error = 0.000214
1010101110000010 1100010000010110 0001010101110000010 1110001000001011000 1111011101111011010
10.719301 -14.978783 -4.259482 43906 50198 56813
add out mismatch. error = 0.000205
0101101110011011 1100001000110101 0000101101110011011 1110000100011010100 1110110010001101111
0111001001001001 0000010101010010 0000111001001001001 0000001010101001000 0001000011110010001
7.143036 1.330691 8.473727 29257  1362 17352
add out mismatch. error = 0.001071
0010000001001000 1001110111001110 0000010000001001000 1100111011100111000 1101001011110000000
2.017778 -24.549674 -22.531896  8264 40398 32768
add out mismatch. error = 6.531896
0100100101101000 1111101111100101 0000100100101101000 1111110111110010100 0000011100011111100
0110000000000001 0011101110110010 0000110000000000001 0001110111011001000 0010100111011001001
6.000416 14.924541 20.924958 24577 15282 32767
add out mismatch. error = 4.925446
0000000100111000 0000000001001010 0000000000100111000 0000000000100101000 0000000001001100000
0.076281 0.072778 0.149059   312    74   304
add out mismatch. error = 0.000621
0101100110000000 1100101010100010 0000101100110000000 1110010101010001000 1111000010000001000
5.593839 -13.342481 -7.748642 22912 51874 49668
add out mismatch. error = 0.000596
0111110000101111 0011100110000010 0000111110000101111 0001110011000001000 0010110001000110111
7.761681 14.377021 22.138701 31791 14722 32767
add out mismatch. error = 6.139189
1000011001010100 1111110101101001 0001000011001010100 1111111010110100100 0000111101111111000
8.395637 -0.648155 7.747482 34388 64873 15868
add out mismatch. error = 0.000565
1011100111001101 1101111111010110 0001011100111001101 1110111111101011000 0000011100100100101
11.612572 -8.041608 3.570964 47565 57302  7314
add out mismatch. error = 0.000325
0100100000001010 1011010111111110 0000100100000001010 1101101011111111000 1110010000000000010
0001100101011000 1100111001100000 0000001100101011000 1110011100110000000 1110101001011011000
1.584097 -12.407111 -10.823014  6488 52832 43372
add out mismatch. error = 0.000749
0011001101100110 1101001100100111 0000011001101100110 1110100110010011100 1111000000000000010
3.212580 -11.212836 -8.000256 13158 54055 49153
add out mismatch. error = 0.000744
0010111000110101 1111101101110001 0000010111000110101 1111110110111000100 0000001101111111001
1000100100100011 1100011110001110 0001000100100100011 1110001111000111000 1111010011101011011
0100100111010000 1011110010001100 0000100100111010000 1101111001000110000 1110011110000000000
4.613387 -16.864043 -12.250656 18896 48268 40448
add out mismatch. error = 0.000656
0001101010110100 1111100000000110 0000001101010110100 1111110000000011000 1111111101011001100
1.668953 -1.994683 -0.325731  6836 63494 64870
add out mismatch. error = 0.000535
1011011111111100 1010001111011001 0001011011111111100 1101000111101100100 1110100011101100000
11.499032 -23.038551 -11.539519 47100 41945 41904
add out mismatch. error = 0.000456
1011111110010010 1000000111001110 0001011111110010010 1100000011100111000 1101100011011001010
11.973369 -31.549348 -19.575979 49042 33230 32768
add out mismatch. error = 3.575979
0110000001100011 1101101001001000 0000110000001100011 1110110100100100000 1111100100110000011
6.024352 -9.430226 -3.405875 24675 55880 58561
add out mismatch. error = 0.000113
0111100111010010 0001100001100000 0000111100111010010 0000110000110000000 0001101101101010010
7.613992 6.094023 13.708015 31186  6240 28073
add out mismatch. error = 0.000496
0111111000011111 1011100101100111 0000111111000011111 1101110010110011100 1110110001110111011
7.882806 -17.649580 -9.766774 32287 47463 45533
add out mismatch. error = 0.000316
0001101000101110 1101111010000101 0000001101000101110 1110111101000010100 1111001010001000010
1.636291 -8.370882 -6.734592  6702 56965 51745
add out mismatch. error = 0.000705
1001001110101110 0001010000000001 0001001001110101110 0000101000000000100 0001110001110110010
9.230049 5.001133 14.231181 37806  5121 29145
add out mismatch. error = 0.000224
0111011011100100 0001000111001110 0000111011011100100 0000100011100111000 0001011111000011100
7.430907 4.451906 11.882813 30436  4558 24334
add out mismatch. error = 0.000977
0100110101101000 1001000100010100 0000100110101101000 1100100010001010000 1101001000110111000
4.838010 -27.730720 -22.892709 19816 37140 32768
add out mismatch. error = 6.892709
0111000001010011 1110000100011000 0000111000001010011 1111000010001100000 1111111010010110011
7.020378 -7.727276 -0.706898 28755 57624 64089
add out mismatch. error = 0.000355
0010010100010101 1110011100111001 0000010010100010101 1111001110011100100 1111100000111111001
2.317725 -6.194372 -3.876646  9493 59193 57596
add out mismatch. error = 0.000307
0111001011100110 1111001001111110 0000111001011100110 1111100100111111000 0000011110011011110
0111100001001100 1110001100111011 0000111100001001100 1111000110011101100 0000000010100111000
7.518727 -7.192883 0.325845 30796 58171   668
add out mismatch. error = 0.000327
0101001110010101 0001110101100010 0000101001110010101 0000111010110001000 0001100100100011101
5.224039 7.345810 12.569849 21397  7522 25742
add out mismatch. error = 0.000513
0100101001110011 1100011001111101 0000100101001110011 1110001100111110100 1110110010001100111
4.653309 -14.378239 -9.724930 19059 50813 45619
add out mismatch. error = 0.000167
1000111111100000 1100001011000010 0001000111111100000 1110000101100001000 1111001101011101000
8.992310 -15.311369 -6.319058 36832 49858 52596
add out mismatch. error = 0.000699
0010100110110111 1110001101110111 0000010100110110111 1111000110111011100 1111011011110010011
0110000000100011 1111010000101100 0000110000000100011 1111101000010110000 0000011000011010011
0010100111110011 1111000000000101 0000010100111110011 1111100000000010100 1111110101000000111
2.622033 -3.995341 -1.373307 10739 61445 62723
add out mismatch. error = 0.000228
1011011011101100 1101001110101100 0001011011011101100 1110100111010110000 0000000010110011100
11.432808 -11.082499 0.350309 46828 54188   718
add out mismatch. error = 0.000277
0101001101111011 0001011100010001 0000101001101111011 0000101110001000100 0001010111110111111
5.217758 5.766650 10.984408 21371  5905 22495
add out mismatch. error = 0.000522
0100011111010111 1111110101110000 0000100011111010111 1111111010111000000 0000011110110010111
4.490147 -0.640834 3.849314 18391 64880  7883
add out mismatch. error = 0.000193
1000011100010110 1111111011000101 0001000011100010110 1111111101100010100 0001000001000101010
0101000100011011 1101101010010011 0000101000100011011 1110110101001001100 1111011101101100111
5.069289 -9.356681 -4.287393 20763 55955 56755
add out mismatch. error = 0.000205
1001010111010110 0001100011110011 0001001010111010110 0000110001111001100 0001111100110100010
9.364862 6.237745 15.602607 38358  6387 31953
add out mismatch. error = 0.000557
0101100000000011 0001110011101101 0000101100000000011 0000111001110110100 0001100101110110111
5.500743 7.231736 12.732479 22531  7405 26075
add out mismatch. error = 0.000545
1001011110111000 1010100100100000 0001001011110111000 1101010010010000000 1110011110000111000
9.482636 -21.719384 -12.236748 38840 43296 40476
add out mismatch. error = 0.000420
0111011110000000 0010110110001111 0000111011110000000 0001011011000111100 0010010110110111100
7.468886 11.390481 18.859367 30592 11663 32767
add out mismatch. error = 2.859855
0100001000010011 1100111110000101 0000100001000010011 1110011111000010100 1111000000000100111
4.129712 -12.120996 -7.991284 16915 53125 49171
add out mismatch. error = 0.000561
0100101001111110 1101100111001101 0000100101001111110 1110110011100110100 1111011000110110010
4.655798 -9.550118 -4.894320 19070 55757 55513
add out mismatch. error = 0.000277
0111100010100011 1100001000000000 0000111100010100011 1110000100000000000 1111000000010100011
7.539905 -15.500776 -7.960871 30883 49664 49233
add out mismatch. error = 0.000421
0000011101011101 0011101010110110 0000000011101011101 0001110101011011000 0001111001000110101
0.460335 14.678470 15.138805  1885 15030 31002
add out mismatch. error = 0.001110
0001000110000011 1101000111011100 0000001000110000011 1110100011101110000 1110101100011110011
1.094679 -11.535467 -10.440788  4483 53724 44153
add out mismatch. error = 0.000130
0001010010000100 0000101000100111 0000001010010000100 0000010100010011100 0000011110100100000
1.282332 2.538337 3.820669  5252  2599  7824
add out mismatch. error = 0.000356
1001001111011010 0001101111100001 0001001001111011010 0000110111110000100 0010000001101011110
9.240939 6.970180 16.211119 37850  7137 32767
add out mismatch. error = 0.211608
0100010011011111 1010010101100000 0000100010011011111 1101001010110000000 1101101101001011111
4.304446 -22.657038 -18.352592 17631 42336 32768
add out mismatch. error = 2.352592
0110110110111101 1101100101100100 0000110110110111101 1110110010110010000 1111101001101001101
6.858800 -9.652888 -2.794088 28093 55652 59814
add out mismatch. error = 0.000143
0010111110000110 1000000110011010 0000010111110000110 1100000011001101000 1100011010111101110
2.970447 -31.600064 -28.629617 12166 33178 32768
add out mismatch. error = 12.629617
0111010101000101 1111010001100110 0000111010101000101 1111101000110011000 0000100011011011101
7.329445 -2.900429 4.429016 30021 62566  9070
add out mismatch. error = 0.000305
1010011011111000 1110001100000100 0001010011011111000 1111000110000010000 0000011001100001000
10.435602 -7.246531 3.189072 42744 58116  6532
add out mismatch. error = 0.000381
0100110111001001 1101011010000000 0000100110111001001 1110101101000000000 1111010011111001001
4.861793 -10.375314 -5.513522 19913 54912 54244
add out mismatch. error = 0.000150
0110010010011101 1100001100010000 0000110010010011101 1110000110001000000 1110111000011011101
0100101011100110 1000101110010111 0000100101011100110 1100010111001011100 1100111100101000010
4.681186 -29.103208 -24.422022 19174 35735 32768
add out mismatch. error = 8.422022
0010011000010011 0001100010110000 0000010011000010011 0000110001011000000 0001000100011010011
2.379849 6.171915 8.551764  9747  6320 17513
add out mismatch. error = 0.000495
0110001000010101 0000101010110000 0000110001000010101 0000010101011000000 0001000110011010101
6.130369 2.672801 8.803171 25109  2736 18026
add out mismatch. error = 0.001413
0101101111000000 0010110011111100 0000101101111000000 0001011001111110000 0010000111110110000
5.734460 11.246222 16.980683 23488 11516 32767
add out mismatch. error = 0.981171
0001011001000111 0000000111010100 0000001011001000111 0000000011101010000 0000001110110010111
1.392520 0.457238 1.849758  5703   468  3787
add out mismatch. error = 0.000637
0100010110101101 1111100001011110 0000100010110101101 1111110000101111000 0000010011100100101
1000110010000101 1010000101101111 0001000110010000101 1101000010110111100 1110001001001000001
8.782632 -23.642556 -14.859924 35973 41327 35104
add out mismatch. error = 0.000549
0010010101011010 1010001011001110 0000010010101011010 1101000101100111000 1101011000010010010
2.334689 -23.298902 -20.964213  9562 41678 32768
add out mismatch. error = 4.964213
0010001101000010 1110101100001001 0000010001101000010 1111010110000100100 1111100111101100110
2.203793 -5.242128 -3.038336  9026 60169 59315
add out mismatch. error = 0.000738
1001101100101011 1010111111001001 0001001101100101011 1101011111100100100 1110101101001001111
9.698164 -20.053814 -10.355649 39723 45001 44327
add out mismatch. error = 0.000308
1000110001110110 1100000010001000 0001000110001110110 1110000001000100000 1111000111010010110
8.778829 -15.868097 -7.089268 35958 49288 51019
add out mismatch. error = 0.000889
0101001010010110 1010111110111010 0000101001010010110 1101011111011101000 1110001000101111110
5.161821 -20.069026 -14.907205 21142 44986 35007
add out mismatch. error = 0.000466
1010101110001111 1110110111000011 0001010101110001111 1111011011100001100 0000110001010011011
10.722444 -4.559571 6.162873 43919 60867 12621
add out mismatch. error = 0.000275
0101111110000010 0011100000000101 0000101111110000010 0001110000000010100 0010011111110010110
5.969290 14.005578 19.974869 24450 14341 32767
add out mismatch. error = 3.975357
0010111001001010 0011001000011001 0000010111001001010 0001100100001100100 0001111011010101110
2.893205 12.524445 15.417650 11850 12825 31575
add out mismatch. error = 0.000170
0110011110111111 1101100111011011 0000110011110111111 1110110011101101100 1111100111100101011
6.484260 -9.536917 -3.052657 26559 55771 59285
add out mismatch. error = 0.000410
1001111111011100 1100011101000011 0001001111111011100 1110001110100001100 1111011110011101000
9.991341 -14.185310 -4.193969 40924 51011 56948
add out mismatch. error = 0.000610
0001000111100000 1100111000101000 0000001000111100000 1110011100010100000 1110100101010000000
1.117410 -12.461329 -11.343919  4576 52776 42304
add out mismatch. error = 0.000169
0111100101011011 1111100110100001 0000111100101011011 1111110011010000100 0000101111111011111
7.584906 -1.593321 5.991585 31067 63905 12271
add out mismatch. error = 0.000114
1010100000000001 1001100100111010 0001010100000000001 1100110010011101000 1110000110011101001
10.500439 -25.694038 -15.193599 43009 39226 34420
add out mismatch. error = 0.000240
0100000011100011 1011100111100100 0000100000011100011 1101110011110010000 1110010100001110011
4.055464 -17.528119 -13.472655 16611 47588 37945
add out mismatch. error = 0.000487
0110011101100000 0011101000111110 0000110011101100000 0001110100011111000 0010101000001011000
6.461158 14.561481 21.022639 26464 14910 32767
add out mismatch. error = 5.023127
0011001110000100 0000111101100011 0000011001110000100 0000011110110001100 0000111000100010000
3.219762 3.846876 7.066638 13188  3939 14472
add out mismatch. error = 0.000232
0101001101111000 1111010001101000 0000101001101111000 1111101000110100000 0000010010100011000
5.216983 -2.899094 2.317888 21368 62568  4748
add out mismatch. error = 0.000471
0100100101000110 1011101011011011 0000100100101000110 1101110101101101100 1110011010010110010
4.579811 -17.286948 -12.707136 18758 47835 39513
add out mismatch. error = 0.000593
1010111010100110 1111110011001100 0001010111010100110 1111111001100110000 0001010000111010110
10.915719 -0.801707 10.114012 44710 64716 20715
add out mismatch. error = 0.000734
0100101000111101 1000001000100001 0000100101000111101 1100000100010000100 1100101001011000001
4.640104 -31.468218 -26.828114 19005 33313 32768
add out mismatch. error = 10.828114
0111000100110010 0001001110000100 0000111000100110010 0000100111000010000 0001011111101000010
7.074922 4.879661 11.954583 28978  4996 24481
add out mismatch. error = 0.000970
1011110011111010 0001111111011010 0001011110011111010 0000111111101101000 0010011110001100010
11.811086 7.963050 19.774136 48378  8154 32767
add out mismatch. error = 3.774624
1001000001010000 1000011100111010 0001001000001010000 1100001110011101000 1101010110100111000
9.019611 -30.194261 -21.174650 36944 34618 32768
add out mismatch. error = 5.174650
0010000111111011 0000000110000011 0000010000111111011 0000000011000001100 0000010100000000111
2.123830 0.378618 2.502448  8699   387  5123
add out mismatch. error = 0.000983
0001101010111110 1101111011110110 0000001101010111110 1110111101111011000 1111001011010010110
1010000101011110 1010101100010000 0001010000101011110 1101010110001000000 1110100110110011110
10.085539 -21.235180 -11.149641 41310 43792 42703
add out mismatch. error = 0.000715
0110011000101110 1100001101011011 0000110011000101110 1110000110101101100 1110111001110011010
6.386473 -15.162036 -8.775563 26158 50011 47565
add out mismatch. error = 0.000660
0010110010010011 1000000011101110 0000010110010010011 1100000001110111000 1100011000001001011
2.785982 -31.767730 -28.981748 11411 33006 32768
add out mismatch. error = 12.981748
1010001001001111 1100110111110011 0001010001001001111 1110011011111001100 1111101101000011011
10.144530 -12.513429 -2.368900 41551 52723 60685
add out mismatch. error = 0.000248
1010101111111100 0000100001111111 0001010101111111100 0000010000111111100 0001100110111111000
10.749150 2.124499 12.873650 44028  2175 26364
add out mismatch. error = 0.000603
1001000101001100 1101100010010001 0001001000101001100 1110110001001000100 1111111001110010000
9.081134 -9.858984 -0.777850 37196 55441 63944
add out mismatch. error = 0.000506
0000100101101101 0011001110011100 0000000100101101101 0001100111001110000 0001101011111011101
0.589314 12.903141 13.492455  2413 13212 27630
add out mismatch. error = 0.001244
1010011010000010 1011010101101011 0001010011010000010 1101101010110101100 1110111110000101110
1011110000011100 0011011111001111 0001011110000011100 0001101111100111100 0011001101101011000
11.757032 13.952610 25.709642 48156 14287 32767
add out mismatch. error = 9.710130
1000110111111011 1100010110001100 0001000110111111011 1110001011000110000 1111010010000101011
8.873841 -14.614126 -5.740285 36347 50572 53781
add out mismatch. error = 0.000538
0110101101101101 0011010001111110 0000110101101101101 0001101000111111000 0010011110101100101
6.714182 13.123439 19.837621 27501 13438 32767
add out mismatch. error = 3.838109
0111101011110101 0010011110001010 0000111101011110101 0001001111000101000 0010001100100011101
7.685056 9.885344 17.570400 31477 10122 32767
add out mismatch. error = 1.570888
0110110001001110 0000100011110001 0000110110001001110 0000010001111000100 0001001000000010010
6.769256 2.236074 9.005330 27726  2289 18441
add out mismatch. error = 0.000936
0110110100010110 1101011110111101 0000110110100010110 1110101111011110100 1111100110000001010
6.817927 -10.065759 -3.247833 27926 55229 58885
add out mismatch. error = 0.000274
1011110101110000 1110100000001101 0001011110101110000 1111010000000110100 0000101110110100100
11.840000 -5.987583 5.852418 48496 59405 11986
add out mismatch. error = 0.000122
0111111101000111 0010100111000000 0000111111101000111 0001010011100000000 0010010011001000111
7.955018 10.437515 18.392533 32583 10688 32767
add out mismatch. error = 2.393021
0111000011111110 1110110001011111 0000111000011111110 1111011000101111100 0000010001001111010
7.062245 -4.907732 2.154513 28926 60511  4413
add out mismatch. error = 0.000272
1000000101111101 1010111001110001 0001000000101111101 1101011100111000100 1110011101101000001
8.093061 -20.390043 -12.296982 33149 44657 40352
add out mismatch. error = 0.000107
0101010001101011 0000000011000101 0000101010001101011 0000000001100010100 0000101011101111111
5.276293 0.192805 5.469098 21611   197 11199
add out mismatch. error = 0.000837
0101100000110001 1100010101101100 0000101100000110001 1110001010110110000 1110110110111100001
5.511990 -14.645358 -9.133368 22577 50540 46832
add out mismatch. error = 0.000556
0110110100100100 1101100110101111 0000110110100100100 1110110011010111100 1111101001111100000
6.821390 -9.579308 -2.757917 27940 55727 59888
add out mismatch. error = 0.000105
0111001111011011 1100000110010001 0000111001111011011 1110000011001000100 1110111101000011111
0101101001110100 1100110000001110 0000101101001110100 1110011000000111000 1111000101010101100
5.653496 -12.986952 -7.333456 23156 52238 50518
add out mismatch. error = 0.000448
1000011011111011 1100011110011010 0001000011011111011 1110001111001101000 1111010010101100011
1010010110111100 1111101011011001 0001010010110111100 1111110101101100100 0001001000100100000
10.358435 -1.289048 9.069387 42428 64217 18576
add out mismatch. error = 0.000925
0000100100101010 1000000000110010 0000000100100101010 1100000000011001000 1100000100111110010
0.572937 -31.951298 -31.378362  2346 32818 32768
add out mismatch. error = 15.378362
0100011011100101 1001000000101000 0000100011011100101 1100100000010100000 1101000011110000101
4.431122 -27.961900 -23.530778 18149 36904 32768
add out mismatch. error = 7.530778
0100011111001011 1110110010100011 0000100011111001011 1111011001010001100 1111111101001010111
0000101011111111 1101000011110111 0000000101011111111 1110100001111011100 1110100111011011011
0.687385 -11.759516 -11.072131  2815 53495 42861
add out mismatch. error = 0.000354
0110110011010100 1101000111100110 0000110110011010100 1110100011110011000 1111011010001101100
6.801855 -11.525971 -4.724116 27860 53734 55862
add out mismatch. error = 0.000483
0110000100011101 1011010010100001 0000110000100011101 1101101001010000100 1110011001110100001
6.069646 -18.843357 -12.773711 24861 46241 39376
add out mismatch. error = 0.000273
0011111010001000 1110110000011101 0000011111010001000 1111011000001110100 1111110111011111100
0000010110010111 1010101101011110 0000000010110010111 1101010110101111000 1101011001100001111
0.349404 -21.158860 -20.809456  1431 43870 32768
add out mismatch. error = 4.809456
1011111000000010 1110011010110101 0001011111000000010 1111001101011010100 0000101100011010110
11.875539 -6.323801 5.551737 48642 59061 11371
add out mismatch. error = 0.000509
0101111111111101 1111110010001100 0000101111111111101 1111111001000110000 0000101001000101101
5.999446 -0.864124 5.135322 24573 64652 10518
add out mismatch. error = 0.000420
0101001011010001 1110010110010101 0000101001011010001 1111001011001010100 1111110100100100101
5.176203 -6.604602 -1.428399 21201 58773 62610
add out mismatch. error = 0.000312
1010011111101000 0001000011010100 0001010011111101000 0000100001101010000 0001110101100111000
10.494254 4.207454 14.701708 42984  4308 30108
add out mismatch. error = 0.000536
0100110001001001 0000011111100110 0000100110001001001 0000001111110011000 0000110101111100001
4.768021 1.975288 6.743310 19529  2022 13808
add out mismatch. error = 0.001122
0000110101100000 1001111100011101 0000000110101100000 1100111110001110100 1101000100111010100
0.836077 -24.222615 -23.386538  3424 40733 32768
add out mismatch. error = 7.386538
0110110101111100 1011010101001010 0000110110101111100 1101101010100101000 1110100001010100100
6.842794 -18.678188 -11.835395 28028 46410 41298
add out mismatch. error = 0.000434
0010111111110000 0011100111000101 0000010111111110000 0001110011100010100 0010001011100000100
2.996332 14.443260 17.439592 12272 14789 32767
add out mismatch. error = 1.440081
0011110100110000 0011110101010001 0000011110100110000 0001111010101000100 0010011001001110100
3.824397 15.329146 19.153543 15664 15697 32767
add out mismatch. error = 3.154032
0101100011100010 0010101010101100 0000101100011100010 0001010101010110000 0010000001110010010
5.555284 10.668763 16.224047 22754 10924 32767
add out mismatch. error = 0.224535
0111001010011011 0000100011010011 0000111001010011011 0000010001101001100 0001001010111100111
7.162862 2.206462 9.369323 29339  2259 19187
add out mismatch. error = 0.000671
0110010001110011 0010111111001011 0000110010001110011 0001011111100101100 0010010001110011111
6.278250 11.949034 18.227284 25715 12235 32767
add out mismatch. error = 2.227773
0100011000100101 1011110101010111 0000100011000100101 1101111010101011100 1110011101110000001
0101101001111001 1011100011000010 0000101101001111001 1101110001100001000 1110011110110000001
5.654694 -17.811481 -12.156787 23161 47298 40640
add out mismatch. error = 0.000537
0100011000101010 0011111011101101 0000100011000101010 0001111101110110100 0010100000111011110
4.385393 15.731774 20.117167 17962 16109 32767
add out mismatch. error = 4.117655
0110100010001101 1000110001010001 0000110100010001101 1100011000101000100 1101001100111010001
6.534511 -28.921355 -22.386844 26765 35921 32768
add out mismatch. error = 6.386844
0111110001000100 1100001100001000 0000111110001000100 1110000110000100000 1111000100001100100
7.766721 -15.242696 -7.475974 31812 49928 50226
add out mismatch. error = 0.000389
0100010100010001 1100001001110000 0000100010100010001 1110000100111000000 1110100111011010001
0000000111110101 1010110110100000 0000000000111110101 1101011011010000000 1101011100001110101
0.122514 -20.594305 -20.471791   501 44448 32768
add out mismatch. error = 4.471791
0100111011000000 1111111000111011 0000100111011000000 1111111100011101100 0000100011110101100
4.921898 -0.443061 4.478837 20160 65083  9174
add out mismatch. error = 0.000655
0111000010100110 1001001111010011 0000111000010100110 1100100111101001100 1101011111111110010
7.040750 -27.044757 -20.004007 28838 37843 32768
add out mismatch. error = 4.004007
0100000010101010 1111001010011101 0000100000010101010 1111100101001110100 0000000101100011110
4.041593 -3.346946 0.694648 16554 62109  1423
add out mismatch. error = 0.000177
0100000101110001 1000111101101011 0000100000101110001 1100011110110101100 1100111111100011101
4.090234 -28.145549 -24.055314 16753 36715 32768
add out mismatch. error = 8.055314
0111000011010111 0011001000011000 0000111000011010111 0001100100001100000 0010011100100110111
7.052621 12.523937 19.576558 28887 12824 32767
add out mismatch. error = 3.577046
1010001100111100 1011000110000011 0001010001100111100 1101100011000001100 1110110100101001000
10.202301 -19.622657 -9.420356 41788 45443 46244
add out mismatch. error = 0.000434
0010010010110110 1110010010101111 0000010010010110110 1111001001010111100 1111011011101110010
2.294492 -6.829368 -4.534876  9398 58543 56249
add out mismatch. error = 0.000208
0100000011101101 0001010110001101 0000100000011101101 0000101011000110100 0001001011100100001
4.057949 5.388450 9.446399 16621  5517 19344
add out mismatch. error = 0.001086
1001011011000111 1110010000101011 0001001011011000111 1111001000010101100 0000010011101110011
0100011100010000 1011101101111111 0000100011100010000 1101110110111111100 1110011010100001100
4.441570 -17.126486 -12.684916 18192 47999 39558
add out mismatch. error = 0.000345
0100100011011001 1000011111111111 0000100100011011001 1100001111111111100 1100110100011010101
4.553152 -30.001436 -25.448284 18649 34815 32768
add out mismatch. error = 9.448284
0101000100001100 1101111110100010 0000101000100001100 1110111111010001000 1111100111110010100
5.065613 -8.091846 -3.026232 20748 57250 59338
add out mismatch. error = 0.000135
0110110000101001 0001100000011101 0000110110000101001 0000110000001110100 0001100110010011101
6.760013 6.028734 12.788747 27689  6173 26190
add out mismatch. error = 0.000661
0001101100100000 1011010100000100 0000001101100100000 1101101010000010000 1101110111100110000
1.695539 -18.746851 -17.051312  6944 46340 32768
add out mismatch. error = 1.051312
0010000000011100 1110110000101110 0000010000000011100 1111011000010111000 1111101000011010100
2.006947 -4.955391 -2.948444  8220 60462 59498
add out mismatch. error = 0.000202
0001010010100101 0000110001000101 0000001010010100101 0000011000100010100 0000100010110111001
1.290448 3.067838 4.358286  5285  3141  8924
add out mismatch. error = 0.000865
1000010001001011 0010111111000110 0001000010001001011 0001011111100011000 0010100001101100011
8.268458 11.943460 20.211918 33867 12230 32767
add out mismatch. error = 4.212406
0100000101001001 1010010001101001 0000100000101001001 1101001000110100100 1101101001011101101
4.080369 -22.897894 -18.817525 16713 42089 32768
add out mismatch. error = 2.817525
1001101111110100 1101010111101111 0001001101111110100 1110101011110111100 1111111001110110000
0011000010101110 0010000001000000 0000011000010101110 0001000000100000000 0001011000110101110
3.042608 8.062877 11.105485 12462  8256 22743
add out mismatch. error = 0.000505
1000010110110101 1111000111111000 0001000010110110101 1111100011111100000 0000100110110010101
0100010010101001 0010000110101010 0000100010010101001 0001000011010101000 0001100101101010001
4.291368 8.416262 12.707630 17577  8618 26024
add out mismatch. error = 0.000598
0100011111100111 1111010101011000 0000100011111100111 1111101010101100000 0000001110101000111
4.493916 -2.664097 1.829819 18407 62808  3747
add out mismatch. error = 0.000230
0100000111101011 1100110110011110 0000100000111101011 1110011011001111000 1110111100001100011
4.120029 -12.596631 -8.476602 16875 52638 48177
add out mismatch. error = 0.000528
0110011101010000 1000011010010110 0000110011101010000 1100001101001011000 1101000000110101000
6.457075 -30.353925 -23.896850 26448 34454 32768
add out mismatch. error = 7.896850
0110111101000111 0010111100110111 0000110111101000111 0001011110011011100 0010010110000100011
6.955030 11.803964 18.758994 28487 12087 32767
add out mismatch. error = 2.759482
0111101111101101 0011000100110011 0000111101111101101 0001100010011001100 0010100000010111001
7.745495 12.300235 20.045729 31725 12595 32767
add out mismatch. error = 4.046217
0111110011010100 1110001100111111 0000111110011010100 1111000110011111100 0000000100111010000
Stopped at time : 1002500 ps : File "/home/sam-admin/git/wisig-work/basic/fp_add_tb.sv" Line 84
Stopped at time : 1002500 ps : File "/home/sam-admin/git/wisig-work/basic/fp_add_tb.sv" Line 84
7.801955 -7.189234 0.612722 31956 58175  1256
add out mismatch. error = 0.000559
0011011111001001 1110110000011110 0000011011111001001 1111011000001111000 1111110100001000001
3.486699 -4.971572 -1.484872 14281 60446 62496
add out mismatch. error = 0.000497
0001001001110110 0011001110110111 0000001001001110110 0001100111011011100 0001110000101010010
1.153927 12.928776 14.082703  4726 13239 28841
add out mismatch. error = 0.000183
1001110101010001 1000111101001100 0001001110101010001 1100011110100110000 1101101101010000001
9.832288 -28.175983 -18.343696 40273 36684 32768
add out mismatch. error = 2.343696
0001011011110110 1101010100011100 0000001011011110110 1110101010001110000 1110110101101100110
1.435130 -10.723563 -9.288433  5878 54556 46515
add out mismatch. error = 0.000836
0111101101101000 0010100101101100 0000111101101101000 0001010010110110000 0010010000100011000
7.713111 10.355738 18.068849 31592 10604 32767
add out mismatch. error = 2.069337
0000100011010011 1001100010111011 0000000100011010011 1100110001011101100 1100110101110111111
0.551547 -25.817427 -25.265880  2259 39099 32768
add out mismatch. error = 9.265880
0011100010111000 0001111111001000 0000011100010111000 0000111111100100000 0001011011111011000
3.545061 7.946220 11.491281 14520  8136 23532
add out mismatch. error = 0.001046
0110110111010110 0011010000100001 0000110110111010110 0001101000010000100 0010011111001011010
6.864752 13.032688 19.897440 28118 13345 32767
add out mismatch. error = 3.897929
0100100100110110 1111011010101010 0000100100100110110 1111101101010101000 0000010001111011110
4.575734 -2.334801 2.240933 18742 63146  4591
add out mismatch. error = 0.000766
0100110011011100 1000000111110000 0000100110011011100 1100000011111000000 1100101010010011100
4.803937 -31.516335 -26.712397 19676 33264 32768
add out mismatch. error = 10.712397
0001011001110011 1011101010110100 0000001011001110011 1101110101011010000 1110000000101000011
1.403099 -17.324753 -15.921654  5747 47796 32929
add out mismatch. error = 0.000267
0011011000010001 1101111110101010 0000011011000010001 1110111111010101000 1111011010010111001
3.379210 -8.084670 -4.705459 13841 57258 55900
add out mismatch. error = 0.000381
1011000101011100 0000001011101110 0001011000101011100 0000000101110111000 0001011110100010100
11.085112 0.732591 11.817702 45404   750 24202
add out mismatch. error = 0.000319
0110000110011000 1100011111010001 0000110000110011000 1110001111101000100 1111000000011011100
6.099749 -14.046669 -7.946920 24984 51153 49262
add out mismatch. error = 0.000631
0011110110100010 1001011110101011 0000011110110100010 1100101111010101100 1101001110001001110
3.852082 -26.083674 -22.231593 15778 38827 32768
add out mismatch. error = 6.231593
1010011101111001 1110111100000000 0001010011101111001 1111011110000000000 0000110001101111001
10.467165 -4.250739 6.216426 42873 61184 12732
add out mismatch. error = 0.000371
0001101010011000 0000100100010010 0000001101010011000 0000010010001001000 0000011111011100000
1.662351 2.268145 3.930497  6808  2322  8048
add out mismatch. error = 0.000809
1011011011001111 1101100000111100 0001011011011001111 1110110000011110000 0000001011110111111
11.425648 -9.942269 1.483379 46799 55356  3039
add out mismatch. error = 0.000508
0010000010111101 1101111001001010 0000010000010111101 1110111100100101000 1111001100111100101
2.046240 -8.427770 -6.381531  8381 56906 52466
add out mismatch. error = 0.000305
0100011100111010 0011101101010101 0000100011100111010 0001110110101010100 0010011010010001110
4.451870 14.833876 19.285746 18234 15189 32767
add out mismatch. error = 3.286234
0110011101011101 1111111000001011 0000110011101011101 1111111100000101100 0000101111110001001
1001001110010001 1000100000011011 0001001001110010001 1100010000001101100 1101011001111111101
9.223024 -29.973689 -20.750665 37777 34843 32768
add out mismatch. error = 4.750665
0101110001010101 1101101011001101 0000101110001010101 1110110101100110100 1111100011110001001
5.770819 -9.299937 -3.529118 23637 56013 58308
add out mismatch. error = 0.000179
0100001101110001 1100001110110011 0000100001101110001 1110000111011001100 1110101001000111101
4.215169 -15.075371 -10.860202 17265 50099 43294
add out mismatch. error = 0.000150
0101100011011000 1101011100000100 0000101100011011000 1110101110000010000 1111011010011101000
5.552778 -10.246742 -4.693965 22744 55044 55924
add out mismatch. error = 0.000605
0100101111001101 1011010100101110 0000100101111001101 1101101010010111000 1110010000010000101
4.737735 -18.705123 -13.967388 19405 46382 36930
add out mismatch. error = 0.000385
1011000111010000 1000111101000000 0001011000111010000 1100011110100000000 1101110111011010000
11.113330 -28.187896 -17.074566 45520 36672 32768
add out mismatch. error = 1.074566
0111100011100000 0000101010101000 0000111100011100000 0000010101010100000 0001010001110000000
7.554876 2.664919 10.219796 30944  2728 20928
add out mismatch. error = 0.001046
0110011001000010 1100010010110000 0000110011001000010 1110001001011000000 1110111100100000010
6.391340 -14.829065 -8.437725 26178 50352 48257
add out mismatch. error = 0.000713
0011111111010111 0001100000010011 0000011111111010111 0000110000001001100 0001010000000100011
3.990071 6.019170 10.009241 16343  6163 20497
add out mismatch. error = 0.000940
0101001111101110 1011100010111001 0000101001111101110 1101110001011100100 1110011011011010010
5.245760 -17.819722 -12.573962 21486 47289 39785
add out mismatch. error = 0.000232
1010001010111101 1011101000110011 0001010001010111101 1101110100011001100 1111000101110001001
10.171144 -17.451112 -7.279968 41661 47667 50628
add out mismatch. error = 0.000671
0111110101100111 1110001010010101 0000111110101100111 1111000101001010100 0000000011110111011
7.837803 -7.354650 0.483153 32103 58005   989
add out mismatch. error = 0.000243
0101001001000110 1101000101010111 0000101001001000110 1110100010101011100 1111001011110100010
5.142136 -11.665261 -6.523124 21062 53591 52177
add out mismatch. error = 0.000175
1001101101001101 1111010100000100 0001001101101001101 1111101010000010000 0000110111101011101
0000101110001001 1001100010110111 0000000101110001001 1100110001011011100 1100110111001100101
0.721029 -25.822182 -25.101154  2953 39095 32768
add out mismatch. error = 9.101154
0101011110011001 1101110111010000 0000101011110011001 1110111011101000000 1111100111011011001
5.474862 -8.547339 -3.072477 22425 56784 59244
add out mismatch. error = 0.000211
0110101000001100 1111001011100111 0000110101000001100 1111100101110011100 0000011010110101000
6.628139 -3.274434 3.353705 27148 62183  6868
add out mismatch. error = 0.000189
0101001011010011 1111010110010111 0000101001011010011 1111101011001011100 0000010100100101111
5.176690 -2.603328 2.573362 21203 62871  5271
add out mismatch. error = 0.000368
0000101110011101 1010101001101110 0000000101110011101 1101010100110111000 1101011010101010101
0.725968 -21.393302 -20.667334  2973 43630 32768
add out mismatch. error = 4.667334
0101001101100110 1111010110101011 0000101001101100110 1111101011010101100 0000010101000010010
5.212455 -2.583571 2.628884 21350 62891  5385
add out mismatch. error = 0.000510
0001110101010100 1010011000111011 0000001110101010100 1101001100011101100 1101011011001000000
1.833188 -22.442930 -20.609742  7508 42555 32768
add out mismatch. error = 4.609742
0110101101000001 0010100011110001 0000110101101000001 0001010001111000100 0010000111100000101
6.703397 10.236136 16.939533 27457 10481 32767
add out mismatch. error = 0.940021
0101000010100111 0011111010100111 0000101000010100111 0001111101010011100 0010100101101000011
5.040942 15.663410 20.704352 20647 16039 32767
add out mismatch. error = 4.704841
1001111010011100 1110110111111101 0001001111010011100 1111011011111110100 0000101011010010000
9.913263 -4.503480 5.409783 40604 60925 11080
add out mismatch. error = 0.000373
0110010011100010 0000100111011110 0000110010011100010 0000010011101111000 0001000110001011010
6.305242 2.467130 8.772373 25826  2526 17965
add out mismatch. error = 0.000400
0001011011101111 1011010110001011 0000001011011101111 1101101011000101100 1101110110100011011
1.433408 -18.614775 -17.181367  5871 46475 32768
add out mismatch. error = 1.181367
0100100010000110 1011010110001101 0000100100010000110 1101101011000110100 1110001111010111010
4.532879 -18.612827 -14.079947 18566 46477 36701
add out mismatch. error = 0.000357
1010001110000110 1010110101101010 0001010001110000110 1101011010110101000 1110101100100101110
10.220436 -20.647026 -10.426589 41862 44394 44183
add out mismatch. error = 0.000320
0011111101101011 1011101001110111 0000011111101101011 1101110100111011100 1110010100101000111
0110001011110011 1000011111110011 0000110001011110011 1100001111111001100 1101000001010111111
6.184550 -30.013202 -23.828652 25331 34803 32768
add out mismatch. error = 7.828652
0111000000000011 0000011001111011 0000111000000000011 0000001100111101100 0001000100111101111
7.000760 1.620432 8.621192 28675  1659 17655
add out mismatch. error = 0.000586
1011010101011011 1010111101101111 0001011010101011011 1101011110110111100 1110111001100010111
11.334821 -20.141681 -8.806860 46427 44911 47499
add out mismatch. error = 0.000269
0100000011110010 0001100001001111 0000100000011110010 0000110000100111100 0001010001000101110
4.059196 6.077971 10.137168 16626  6223 20759
add out mismatch. error = 0.000937
1011011101100000 1011000011110111 0001011011101100000 1101100001111011100 1110111101100111100
11.461157 -19.759687 -8.298530 46944 45303 48542
add out mismatch. error = 0.000678
1001111011001011 1110110010111110 0001001111011001011 1111011001011111000 0000101000111000011
9.924723 -4.815111 5.109612 40651 60606 10465
add out mismatch. error = 0.000251
0110000001100100 1101111110111111 0000110000001100100 1110111111011111100 1111101111101100000
6.024658 -8.063834 -2.039176 24676 57279 61360
add out mismatch. error = 0.000114
1000010100001101 0001011111000110 0001000010100001101 0000101111100011000 0001110010000100101
8.315837 5.943749 14.259586 34061  6086 29202
add out mismatch. error = 0.000797
1001000010110100 0010001111011001 0001001000010110100 0001000111101100100 0010010000000011000
9.044120 8.962728 18.006848 37044  9177 32767
add out mismatch. error = 2.007336
1000010010000100 1111000100011011 0001000010010000100 1111100010001101100 0000100100011110000
8.282281 -3.724401 4.557880 33924 61723  9336
add out mismatch. error = 0.000713
0000001110011001 0000100110010010 0000000001110011001 0000010011001001000 0000010100111100001
0.224968 2.392963 2.617930   921  2450  5360
add out mismatch. error = 0.000743
1000100011100001 1001010001001111 0001000100011100001 1100101000100111100 1101101101000011101
8.554959 -26.923162 -18.368203 35041 37967 32768
add out mismatch. error = 2.368203
1010110101101100 0000110101100101 0001010110101101100 0000011010110010100 0001110001100000000
10.839045 3.349450 14.188495 44396  3429 29056
add out mismatch. error = 0.000995
0000010101101001 1011000100000111 0000000010101101001 1101100010000011100 1101100100110000101
0.338231 -19.743462 -19.405231  1385 45319 32768
add out mismatch. error = 3.405231
1001011011111000 1000111001001100 0001001011011111000 1100011100100110000 1101101000000101000
9.435725 -28.426751 -18.991026 38648 36428 32768
add out mismatch. error = 2.991026
0100010101010101 1100010001100111 0000100010101010101 1110001000110011100 1110101011011110001
4.333344 -14.899944 -10.566600 17749 50279 43896
add out mismatch. error = 0.000193
0001101110110001 1100101010111111 0000001101110110001 1110010101011111100 1110100011010101101
1.730797 -13.313699 -11.582903  7089 51903 41814
add out mismatch. error = 0.000105
0111010101101101 1011001010101011 0000111010101101101 1101100101010101100 1110100000000011001
7.339149 -19.333424 -11.994275 30061 45739 40972
add out mismatch. error = 0.000135
0101100100001001 1011101011000100 0000101100100001001 1101110101100010000 1110100010000011001
5.564887 -17.309541 -11.744654 22793 47812 41484
add out mismatch. error = 0.000513
0111011100010001 1111010010111100 0000111011100010001 1111101001011110000 0000100101000000001
7.441658 -2.817264 4.624394 30481 62652  9472
add out mismatch. error = 0.000606
1000010110000001 1110110001111111 0001000010110000001 1111011000111111100 0000011011101111101
8.344190 -4.876285 3.467905 34177 60543  7102
add out mismatch. error = 0.000132
1010011101100101 1101111010001101 0001010011101100101 1110111101000110100 0000010000110011001
10.462328 -8.363203 2.099125 42853 56973  4300
add out mismatch. error = 0.000485
0010011101000010 1001111001111000 0000010011101000010 1100111100111100000 1101010000100100010
2.453666 -24.383079 -21.929413 10050 40568 32768
add out mismatch. error = 5.929413
0101001101000111 1010110011000101 0000101001101000111 1101011001100010100 1110000011001011011
0000101011110110 1111101010101110 0000000101011110110 1111110101010111000 1111111010110101110
0.685281 -1.330178 -0.644897  2806 64174 64215
add out mismatch. error = 0.000122
0000101101010001 0011001000111000 0000000101101010001 0001100100011100000 0001101010000110001
0.707299 12.555298 13.262597  2897 12856 27160
add out mismatch. error = 0.000878
1001100100100101 1101111010011001 0001001100100100101 1110111101001100100 0000001001110001001
9.571686 -8.350784 1.220902 39205 56985  2500
add out mismatch. error = 0.000198
0101111011111101 1010010000011110 0000101111011111101 1101001000001111000 1101110111101110101
5.936924 -22.971644 -17.034720 24317 42014 32768
add out mismatch. error = 1.034720
0101100101000111 1110101001001111 0000101100101000111 1111010100100111100 0000000001010000011
0101011001010110 1111001001101110 0000101011001010110 1111100100110111000 0000010000000001110
5.396036 -3.393243 2.002792 22102 62062  4103
add out mismatch. error = 0.000626
0100100011101000 0011010101010011 0000100100011101000 0001101010101001100 0010001111000110100
4.556649 13.331838 17.888487 18664 13651 32767
add out mismatch. error = 1.888975
1001011010001010 1010001000110000 0001001011010001010 1101000100011000000 1110001111101001010
9.408778 -23.453391 -14.044613 38538 41520 36773
add out mismatch. error = 0.000179
1001111110100011 1110110011100010 0001001111110100011 1111011001110001000 0000101001100101011
9.977304 -4.780257 5.197047 40867 60642 10645
add out mismatch. error = 0.000707
1001010010011101 1110100010001100 0001001010010011101 1111010001000110000 0000011011011001101
9.288342 -5.863699 3.424642 38045 59532  7014
add out mismatch. error = 0.000162
0010001000110101 0010101100100111 0000010001000110101 0001010110010011100 0001100111011010001
2.138139 10.788967 12.927106  8757 11047 26472
add out mismatch. error = 0.001325
0000101010111011 1100000111011010 0000000101010111011 1110000011101101000 1110001001000100011
0.670850 -15.537736 -14.866887  2747 49626 35089
add out mismatch. error = 0.000187
0001100000001001 1001111101011010 0000001100000001001 1100111110101101000 1101001010101110001
1.502422 -24.162747 -22.660326  6153 40794 32768
add out mismatch. error = 6.660326
0010101001100101 0011101000111111 0000010101001100101 0001110100011111100 0010001001101100001
