INFO: [HLS 200-10] Running '/tools/Xilinx/Vitis_HLS/2022.2/bin/unwrapped/lnx64.o/vitis_hls'
INFO: [HLS 200-10] For user 'sam-admin' on host 'sampaths-lappie' (Linux_x86_64 version 5.19.0-46-generic) on Fri Jul 07 16:07:35 IST 2023
INFO: [HLS 200-10] On os Ubuntu 22.04.2 LTS
INFO: [HLS 200-10] In directory '/home/sam-admin/Desktop/iith/Module-2/sampractrice'
Sourcing Tcl script '/home/sam-admin/Desktop/iith/Module-2/sampractrice/dummysam/solution2/csim.tcl'
INFO: [HLS 200-1510] Running: source /home/sam-admin/Desktop/iith/Module-2/sampractrice/dummysam/solution2/csim.tcl
INFO: [HLS 200-1510] Running: open_project dummysam 
INFO: [HLS 200-10] Opening project '/home/sam-admin/Desktop/iith/Module-2/sampractrice/dummysam'.
INFO: [HLS 200-1510] Running: set_top crc24a 
INFO: [HLS 200-1510] Running: add_files s.cpp 
INFO: [HLS 200-10] Adding design file 's.cpp' to the project
INFO: [HLS 200-1510] Running: add_files -tb tb.cpp -cflags -Wno-unknown-pragmas -Wno-unknown-pragmas -Wno-unknown-pragmas -Wno-unknown-pragmas -Wno-unknown-pragmas -Wno-unknown-pragmas -Wno-unknown-pragmas -Wno-unknown-pragmas -Wno-unknown-pragmas -Wno-unknown-pragmas -Wno-unknown-pragmas -Wno-unknown-pragmas -Wno-unknown-pragmas -csimflags -Wno-unknown-pragmas 
INFO: [HLS 200-10] Adding test bench file 'tb.cpp' to the project
INFO: [HLS 200-1510] Running: open_solution solution2 -flow_target vivado 
INFO: [HLS 200-10] Opening solution '/home/sam-admin/Desktop/iith/Module-2/sampractrice/dummysam/solution2'.
INFO: [SYN 201-201] Setting up clock 'default' with a period of 10ns.
INFO: [HLS 200-1611] Setting target device to 'xczu7ev-ffvc1156-2-e'
INFO: [HLS 200-1505] Using flow_target 'vivado'
Resolution: For help on HLS 200-1505 see www.xilinx.com/cgi-bin/docs/rdoc?v=2022.2;t=hls+guidance;d=200-1505.html
INFO: [HLS 200-1464] Running solution command: config_export -format=ip_catalog
INFO: [HLS 200-1464] Running solution command: config_export -output=/home/sam-admin/Desktop/iith/Module-2/sampractrice/ghv/crc
INFO: [HLS 200-1464] Running solution command: config_export -rtl=verilog
INFO: [HLS 200-1510] Running: set_part xczu7ev-ffvc1156-2-e 
INFO: [HLS 200-1510] Running: create_clock -period 10 -name default 
INFO: [HLS 200-1510] Running: config_export -format ip_catalog -output /home/sam-admin/Desktop/iith/Module-2/sampractrice/ghv/crc -rtl verilog 
INFO: [HLS 200-1510] Running: source ./dummysam/solution2/directives.tcl
INFO: [HLS 200-1510] Running: set_directive_top -name crc24a crc24a 
INFO: [HLS 200-1510] Running: csim_design -quiet 
Running Dispatch Server on port: 36877
INFO: [SIM 211-2] *************** CSIM start ***************
INFO: [SIM 211-4] CSIM will launch GCC as the compiler.
   Compiling ../../../../s.cpp in debug mode
   Generating csim.exe
@E Simulation failed: SIGSEGV.
ERROR: [SIM 211-100] CSim failed with errors.
INFO: [SIM 211-3] *************** CSIM finish ***************
INFO: [HLS 200-111] Finished Command csim_design CPU user time: 1.83 seconds. CPU system time: 0.23 seconds. Elapsed time: 2.13 seconds; current allocated memory: 0.000 MB.
4
    while executing
"source /home/sam-admin/Desktop/iith/Module-2/sampractrice/dummysam/solution2/csim.tcl"
    invoked from within
"hls::main /home/sam-admin/Desktop/iith/Module-2/sampractrice/dummysam/solution2/csim.tcl"
    ("uplevel" body line 1)
    invoked from within
"uplevel 1 hls::main {*}$newargs"
    (procedure "hls_proc" line 16)
    invoked from within
"hls_proc [info nameofexecutable] $argv"
INFO: [HLS 200-112] Total CPU user time: 3.5 seconds. Total CPU system time: 0.44 seconds. Total elapsed time: 13.83 seconds; peak allocated memory: 213.770 MB.
