Mon Jun 12 14:34:03 2023: Running xcd server. This server was NOT built by gradle, but presumably rdi.
Mon Jun 12 14:34:03 2023: Server was asked to start on port: '37785'
Mon Jun 12 14:34:03 2023: Server is using token UUID: 'b6d1c3c8-7503-444b-a1ad-b030bb48b267'
Mon Jun 12 14:34:03 2023: SESSION_MGR: creating session with session uuid: '6d04a3e9-ade5-4ab9-8d63-1f78fcd2ec76' and name 'default'
Mon Jun 12 14:34:03 2023: Attempting to start server on port '37785'
Mon Jun 12 14:34:03 2023: XCD main fifo: created main fifo '/tmp/xcdmainb6d1c3c8-7503-444b-a1ad-b030bb48b267', fd read = 13
Mon Jun 12 14:34:03 2023: Running Dispatch Server
Mon Jun 12 14:34:03 2023: Version 2.2.0
Mon Jun 12 14:34:11 2023: Dispatch Server: Accepted socket connection from client
Mon Jun 12 14:34:11 2023: Starting Socket connection
Mon Jun 12 14:34:11 2023: EXCHANGE_TOKEN received, server token: b6d1c3c8-7503-444b-a1ad-b030bb48b267, passed token: b6d1c3c8-7503-444b-a1ad-b030bb48b267
Mon Jun 12 14:34:11 2023: SESSION_MGR: creating session with session uuid: 'e1d5980b-2d09-4a28-944a-8e0820fc4e14' and name 'vitis_hls'
Mon Jun 12 14:34:11 2023: KERNEL_SVC: creating session with uuid: 'e1d5980b-2d09-4a28-944a-8e0820fc4e14' and name 'vitis_hls'
Mon Jun 12 14:34:11 2023: GUIDANCE_SMGR: creating guidance session with uuid: 'e1d5980b-2d09-4a28-944a-8e0820fc4e14' and name 'vitis_hls'
Mon Jun 12 14:34:29 2023: STOP_SERVER received, server token: b6d1c3c8-7503-444b-a1ad-b030bb48b267, passed token: b6d1c3c8-7503-444b-a1ad-b030bb48b267
Mon Jun 12 14:34:29 2023: Socket received request to stop server.
Mon Jun 12 14:34:29 2023: Dispatch Server: do_await_stop
Mon Jun 12 14:34:29 2023: Dispatch Server: stopping mainFifo_
Mon Jun 12 14:34:29 2023: XCD main fifo: Stopping
Mon Jun 12 14:34:29 2023: XCD main fifo: do_read error code: Operation canceled
Mon Jun 12 14:34:29 2023: XCD main fifo: bytes_transferred: 0
Mon Jun 12 14:34:29 2023: SERVER: destructor for server bound to port 37785
Mon Jun 12 14:34:29 2023: XCD main fifo: Good unlink of /tmp/xcdmainb6d1c3c8-7503-444b-a1ad-b030bb48b267
Mon Jun 12 14:34:29 2023: Server exiting with status 0.
Mon Jun 12 14:34:29 2023: Closing log file.
