

================================================================
== Vitis HLS Report for 'crc24a_Pipeline_VITIS_LOOP_41_3'
================================================================
* Date:           Mon Jun 19 16:49:58 2023

* Version:        2022.2.2 (Build 3779808 on Feb 17 2023)
* Project:        a9crc
* Solution:       solution_crc (Vivado IP Flow Target)
* Product family: zynquplus
* Target device:  xczu7ev-ffvc1156-2-e


================================================================
== Performance Estimates
================================================================
+ Timing: 
    * Summary: 
    +--------+----------+----------+------------+
    |  Clock |  Target  | Estimated| Uncertainty|
    +--------+----------+----------+------------+
    |ap_clk  |  10.00 ns|  3.157 ns|     2.70 ns|
    +--------+----------+----------+------------+

+ Latency: 
    * Summary: 
    +---------+---------+----------+----------+-----+-----+---------+
    |  Latency (cycles) |  Latency (absolute) |  Interval | Pipeline|
    |   min   |   max   |    min   |    max   | min | max |   Type  |
    +---------+---------+----------+----------+-----+-----+---------+
    |       10|       10|  0.100 us|  0.100 us|   10|   10|       no|
    +---------+---------+----------+----------+-----+-----+---------+

    + Detail: 
        * Instance: 
        N/A

        * Loop: 
        +-------------------+---------+---------+----------+-----------+-----------+------+----------+
        |                   |  Latency (cycles) | Iteration|  Initiation Interval  | Trip |          |
        |     Loop Name     |   min   |   max   |  Latency |  achieved |   target  | Count| Pipelined|
        +-------------------+---------+---------+----------+-----------+-----------+------+----------+
        |- VITIS_LOOP_41_3  |        8|        8|         1|          1|          1|     8|       yes|
        +-------------------+---------+---------+----------+-----------+-----------+------+----------+



================================================================
== Utilization Estimates
================================================================
* Summary: 
+-----------------+---------+------+--------+--------+-----+
|       Name      | BRAM_18K|  DSP |   FF   |   LUT  | URAM|
+-----------------+---------+------+--------+--------+-----+
|DSP              |        -|     -|       -|       -|    -|
|Expression       |        -|     -|       0|     404|    -|
|FIFO             |        -|     -|       -|       -|    -|
|Instance         |        -|     -|       0|      43|    -|
|Memory           |        -|     -|       -|       -|    -|
|Multiplexer      |        -|     -|       -|     315|    -|
|Register         |        -|     -|      38|       -|    -|
+-----------------+---------+------+--------+--------+-----+
|Total            |        0|     0|      38|     762|    0|
+-----------------+---------+------+--------+--------+-----+
|Available        |      624|  1728|  460800|  230400|   96|
+-----------------+---------+------+--------+--------+-----+
|Utilization (%)  |        0|     0|      ~0|      ~0|    0|
+-----------------+---------+------+--------+--------+-----+

+ Detail: 
    * Instance: 
    +------------------+--------------+---------+----+---+----+-----+
    |     Instance     |    Module    | BRAM_18K| DSP| FF| LUT| URAM|
    +------------------+--------------+---------+----+---+----+-----+
    |mux_83_1_1_1_U34  |mux_83_1_1_1  |        0|   0|  0|  43|    0|
    +------------------+--------------+---------+----+---+----+-----+
    |Total             |              |        0|   0|  0|  43|    0|
    +------------------+--------------+---------+----+---+----+-----+

    * DSP: 
    N/A

    * Memory: 
    N/A

    * FIFO: 
    N/A

    * Expression: 
    +---------------------------+----------+----+---+----+------------+------------+
    |       Variable Name       | Operation| DSP| FF| LUT| Bitwidth P0| Bitwidth P1|
    +---------------------------+----------+----+---+----+------------+------------+
    |add_ln41_fu_958_p2         |         +|   0|  0|  12|           4|           1|
    |and_ln46_10_fu_1946_p2     |       and|   0|  0|   2|           1|           1|
    |and_ln46_11_fu_1966_p2     |       and|   0|  0|   2|           1|           1|
    |and_ln46_12_fu_1986_p2     |       and|   0|  0|   2|           1|           1|
    |and_ln46_13_fu_2006_p2     |       and|   0|  0|   2|           1|           1|
    |and_ln46_14_fu_2026_p2     |       and|   0|  0|   2|           1|           1|
    |and_ln46_1_fu_1226_p2      |       and|   0|  0|   2|           1|           1|
    |and_ln46_2_fu_1252_p2      |       and|   0|  0|   2|           1|           1|
    |and_ln46_3_fu_1288_p2      |       and|   0|  0|   2|           1|           1|
    |and_ln46_4_fu_1324_p2      |       and|   0|  0|   2|           1|           1|
    |and_ln46_5_fu_1360_p2      |       and|   0|  0|   2|           1|           1|
    |and_ln46_6_fu_1390_p2      |       and|   0|  0|   2|           1|           1|
    |and_ln46_7_fu_1402_p2      |       and|   0|  0|   2|           1|           1|
    |and_ln46_9_fu_1918_p2      |       and|   0|  0|   2|           1|           1|
    |and_ln46_fu_1212_p2        |       and|   0|  0|   2|           1|           1|
    |crc_31_fu_2046_p2          |       and|   0|  0|   2|           1|           1|
    |ret_V_10_fu_1884_p2        |       and|   0|  0|   2|           1|           1|
    |icmp_ln41_fu_952_p2        |      icmp|   0|  0|   9|           4|           5|
    |icmp_ln46_1_fu_1104_p2     |      icmp|   0|  0|   8|           3|           1|
    |icmp_ln46_2_fu_1110_p2     |      icmp|   0|  0|   8|           3|           2|
    |icmp_ln46_3_fu_1116_p2     |      icmp|   0|  0|   8|           3|           2|
    |icmp_ln46_4_fu_1122_p2     |      icmp|   0|  0|   9|           3|           4|
    |icmp_ln46_5_fu_1128_p2     |      icmp|   0|  0|   8|           3|           3|
    |icmp_ln46_6_fu_1134_p2     |      icmp|   0|  0|   8|           3|           3|
    |icmp_ln46_7_fu_1384_p2     |      icmp|   0|  0|   8|           3|           2|
    |icmp_ln46_fu_1098_p2       |      icmp|   0|  0|   8|           3|           1|
    |or_ln46_10_fu_1276_p2      |        or|   0|  0|   2|           1|           1|
    |or_ln46_11_fu_1294_p2      |        or|   0|  0|   2|           1|           1|
    |or_ln46_12_fu_1300_p2      |        or|   0|  0|   2|           1|           1|
    |or_ln46_13_fu_1312_p2      |        or|   0|  0|   2|           1|           1|
    |or_ln46_14_fu_1330_p2      |        or|   0|  0|   2|           1|           1|
    |or_ln46_15_fu_1336_p2      |        or|   0|  0|   2|           1|           1|
    |or_ln46_16_fu_1348_p2      |        or|   0|  0|   2|           1|           1|
    |or_ln46_17_fu_1366_p2      |        or|   0|  0|   2|           1|           1|
    |or_ln46_18_fu_1372_p2      |        or|   0|  0|   2|           1|           1|
    |or_ln46_19_fu_1408_p2      |        or|   0|  0|   2|           1|           1|
    |or_ln46_1_fu_1152_p2       |        or|   0|  0|   2|           1|           1|
    |or_ln46_20_fu_1414_p2      |        or|   0|  0|   2|           1|           1|
    |or_ln46_21_fu_1420_p2      |        or|   0|  0|   2|           1|           1|
    |or_ln46_22_fu_1426_p2      |        or|   0|  0|   2|           1|           1|
    |or_ln46_23_fu_1448_p2      |        or|   0|  0|   2|           1|           1|
    |or_ln46_24_fu_1462_p2      |        or|   0|  0|   2|           1|           1|
    |or_ln46_25_fu_1476_p2      |        or|   0|  0|   2|           1|           1|
    |or_ln46_26_fu_1482_p2      |        or|   0|  0|   2|           1|           1|
    |or_ln46_27_fu_1494_p2      |        or|   0|  0|   2|           1|           1|
    |or_ln46_28_fu_1500_p2      |        or|   0|  0|   2|           1|           1|
    |or_ln46_29_fu_1506_p2      |        or|   0|  0|   2|           1|           1|
    |or_ln46_2_fu_1158_p2       |        or|   0|  0|   2|           1|           1|
    |or_ln46_30_fu_1512_p2      |        or|   0|  0|   2|           1|           1|
    |or_ln46_31_fu_1518_p2      |        or|   0|  0|   2|           1|           1|
    |or_ln46_32_fu_1530_p2      |        or|   0|  0|   2|           1|           1|
    |or_ln46_33_fu_1536_p2      |        or|   0|  0|   2|           1|           1|
    |or_ln46_34_fu_1548_p2      |        or|   0|  0|   2|           1|           1|
    |or_ln46_35_fu_1554_p2      |        or|   0|  0|   2|           1|           1|
    |or_ln46_36_fu_1566_p2      |        or|   0|  0|   2|           1|           1|
    |or_ln46_37_fu_1580_p2      |        or|   0|  0|   2|           1|           1|
    |or_ln46_38_fu_1594_p2      |        or|   0|  0|   2|           1|           1|
    |or_ln46_39_fu_1600_p2      |        or|   0|  0|   2|           1|           1|
    |or_ln46_3_fu_1164_p2       |        or|   0|  0|   2|           1|           1|
    |or_ln46_40_fu_1614_p2      |        or|   0|  0|   2|           1|           1|
    |or_ln46_41_fu_1620_p2      |        or|   0|  0|   2|           1|           1|
    |or_ln46_42_fu_1626_p2      |        or|   0|  0|   2|           1|           1|
    |or_ln46_43_fu_1632_p2      |        or|   0|  0|   2|           1|           1|
    |or_ln46_44_fu_1644_p2      |        or|   0|  0|   2|           1|           1|
    |or_ln46_45_fu_1650_p2      |        or|   0|  0|   2|           1|           1|
    |or_ln46_46_fu_1656_p2      |        or|   0|  0|   2|           1|           1|
    |or_ln46_47_fu_1668_p2      |        or|   0|  0|   2|           1|           1|
    |or_ln46_48_fu_1706_p2      |        or|   0|  0|   2|           1|           1|
    |or_ln46_49_fu_1712_p2      |        or|   0|  0|   2|           1|           1|
    |or_ln46_4_fu_1170_p2       |        or|   0|  0|   2|           1|           1|
    |or_ln46_50_fu_1718_p2      |        or|   0|  0|   2|           1|           1|
    |or_ln46_51_fu_1730_p2      |        or|   0|  0|   2|           1|           1|
    |or_ln46_52_fu_1736_p2      |        or|   0|  0|   2|           1|           1|
    |or_ln46_53_fu_1748_p2      |        or|   0|  0|   2|           1|           1|
    |or_ln46_54_fu_1760_p2      |        or|   0|  0|   2|           1|           1|
    |or_ln46_55_fu_1766_p2      |        or|   0|  0|   2|           1|           1|
    |or_ln46_56_fu_1794_p2      |        or|   0|  0|   2|           1|           1|
    |or_ln46_57_fu_1848_p2      |        or|   0|  0|   2|           1|           1|
    |or_ln46_58_fu_1854_p2      |        or|   0|  0|   2|           1|           1|
    |or_ln46_59_fu_1866_p2      |        or|   0|  0|   2|           1|           1|
    |or_ln46_5_fu_1176_p2       |        or|   0|  0|   2|           1|           1|
    |or_ln46_60_fu_1872_p2      |        or|   0|  0|   2|           1|           1|
    |or_ln46_61_fu_1890_p2      |        or|   0|  0|   2|           1|           1|
    |or_ln46_6_fu_1182_p2       |        or|   0|  0|   2|           1|           1|
    |or_ln46_7_fu_1240_p2       |        or|   0|  0|   2|           1|           1|
    |or_ln46_8_fu_1258_p2       |        or|   0|  0|   2|           1|           1|
    |or_ln46_9_fu_1264_p2       |        or|   0|  0|   2|           1|           1|
    |or_ln46_fu_1146_p2         |        or|   0|  0|   2|           1|           1|
    |crc_12_fu_1586_p3          |    select|   0|  0|   2|           1|           1|
    |crc_13_fu_1606_p3          |    select|   0|  0|   2|           1|           1|
    |crc_16_fu_1698_p3          |    select|   0|  0|   2|           1|           1|
    |crc_19_fu_1786_p3          |    select|   0|  0|   2|           1|           1|
    |crc_20_fu_1808_p3          |    select|   0|  0|   2|           1|           1|
    |crc_21_fu_1824_p3          |    select|   0|  0|   2|           1|           1|
    |crc_22_fu_1840_p3          |    select|   0|  0|   2|           1|           1|
    |crc_25_fu_1932_p3          |    select|   0|  0|   2|           1|           1|
    |crc_26_fu_1952_p3          |    select|   0|  0|   2|           1|           1|
    |crc_27_fu_1972_p3          |    select|   0|  0|   2|           1|           1|
    |crc_28_fu_1992_p3          |    select|   0|  0|   2|           1|           1|
    |crc_29_fu_2012_p3          |    select|   0|  0|   2|           1|           1|
    |crc_2_fu_1232_p3           |    select|   0|  0|   2|           1|           1|
    |crc_30_fu_2032_p3          |    select|   0|  0|   2|           1|           1|
    |crc_8_fu_1440_p3           |    select|   0|  0|   2|           1|           1|
    |crc_9_fu_1468_p3           |    select|   0|  0|   2|           1|           1|
    |ret_V_20_fu_1682_p3        |    select|   0|  0|   2|           1|           1|
    |ret_V_22_fu_1904_p3        |    select|   0|  0|   2|           1|           1|
    |select_ln46_11_fu_1690_p3  |    select|   0|  0|   2|           1|           1|
    |select_ln46_13_fu_1778_p3  |    select|   0|  0|   2|           1|           1|
    |select_ln46_15_fu_1800_p3  |    select|   0|  0|   2|           1|           1|
    |select_ln46_17_fu_1816_p3  |    select|   0|  0|   2|           1|           1|
    |select_ln46_19_fu_1832_p3  |    select|   0|  0|   2|           1|           1|
    |select_ln46_21_fu_1896_p3  |    select|   0|  0|   2|           1|           1|
    |select_ln46_23_fu_1924_p3  |    select|   0|  0|   2|           1|           1|
    |select_ln46_2_fu_1432_p3   |    select|   0|  0|   2|           1|           1|
    |select_ln46_4_fu_1454_p3   |    select|   0|  0|   2|           1|           1|
    |select_ln46_6_fu_1572_p3   |    select|   0|  0|   2|           1|           1|
    |select_ln46_9_fu_1674_p3   |    select|   0|  0|   2|           1|           1|
    |select_ln46_fu_1218_p3     |    select|   0|  0|   2|           1|           1|
    |crc_10_fu_1524_p2          |       xor|   0|  0|   2|           1|           1|
    |crc_14_fu_1662_p2          |       xor|   0|  0|   2|           1|           1|
    |crc_17_fu_1742_p2          |       xor|   0|  0|   2|           1|           1|
    |crc_23_fu_1878_p2          |       xor|   0|  0|   2|           1|           1|
    |crc_3_fu_1270_p2           |       xor|   0|  0|   2|           1|           1|
    |crc_5_fu_1342_p2           |       xor|   0|  0|   2|           1|           1|
    |crc_6_fu_1378_p2           |       xor|   0|  0|   2|           1|           1|
    |crc_7_fu_1396_p2           |       xor|   0|  0|   2|           1|           1|
    |crc_fu_1194_p2             |       xor|   0|  0|   2|           1|           1|
    |ret_V_12_fu_1068_p2        |       xor|   0|  0|   2|           1|           2|
    |ret_V_13_fu_1074_p2        |       xor|   0|  0|   2|           1|           2|
    |ret_V_14_fu_1020_p2        |       xor|   0|  0|   2|           1|           2|
    |ret_V_15_fu_1026_p2        |       xor|   0|  0|   2|           1|           2|
    |ret_V_16_fu_1092_p2        |       xor|   0|  0|   2|           1|           2|
    |ret_V_17_fu_1206_p2        |       xor|   0|  0|   2|           1|           1|
    |ret_V_18_fu_1306_p2        |       xor|   0|  0|   2|           1|           1|
    |ret_V_19_fu_1560_p2        |       xor|   0|  0|   2|           1|           1|
    |ret_V_21_fu_1772_p2        |       xor|   0|  0|   2|           1|           1|
    |ret_V_fu_1002_p2           |       xor|   0|  0|   2|           1|           2|
    |xor_ln1019_fu_1140_p2      |       xor|   0|  0|   2|           1|           2|
    |xor_ln1499_10_fu_1050_p2   |       xor|   0|  0|   2|           1|           2|
    |xor_ln1499_11_fu_1056_p2   |       xor|   0|  0|   2|           1|           2|
    |xor_ln1499_12_fu_1062_p2   |       xor|   0|  0|   2|           1|           2|
    |xor_ln1499_15_fu_1080_p2   |       xor|   0|  0|   2|           1|           2|
    |xor_ln1499_16_fu_1086_p2   |       xor|   0|  0|   2|           1|           2|
    |xor_ln1499_1_fu_996_p2     |       xor|   0|  0|   2|           1|           2|
    |xor_ln1499_3_fu_1008_p2    |       xor|   0|  0|   2|           1|           2|
    |xor_ln1499_4_fu_1014_p2    |       xor|   0|  0|   2|           1|           2|
    |xor_ln1499_7_fu_1032_p2    |       xor|   0|  0|   2|           1|           2|
    |xor_ln1499_8_fu_1038_p2    |       xor|   0|  0|   2|           1|           2|
    |xor_ln1499_9_fu_1044_p2    |       xor|   0|  0|   2|           1|           2|
    |xor_ln1499_fu_990_p2       |       xor|   0|  0|   2|           1|           2|
    |xor_ln46_10_fu_1354_p2     |       xor|   0|  0|   2|           1|           2|
    |xor_ln46_13_fu_1488_p2     |       xor|   0|  0|   2|           1|           2|
    |xor_ln46_15_fu_1542_p2     |       xor|   0|  0|   2|           1|           2|
    |xor_ln46_17_fu_1638_p2     |       xor|   0|  0|   2|           1|           2|
    |xor_ln46_19_fu_1724_p2     |       xor|   0|  0|   2|           1|           2|
    |xor_ln46_21_fu_1754_p2     |       xor|   0|  0|   2|           1|           2|
    |xor_ln46_23_fu_1860_p2     |       xor|   0|  0|   2|           1|           2|
    |xor_ln46_25_fu_1912_p2     |       xor|   0|  0|   2|           2|           1|
    |xor_ln46_26_fu_1940_p2     |       xor|   0|  0|   2|           2|           1|
    |xor_ln46_27_fu_1960_p2     |       xor|   0|  0|   2|           2|           1|
    |xor_ln46_28_fu_1980_p2     |       xor|   0|  0|   2|           2|           1|
    |xor_ln46_29_fu_2000_p2     |       xor|   0|  0|   2|           2|           1|
    |xor_ln46_2_fu_1200_p2      |       xor|   0|  0|   2|           1|           2|
    |xor_ln46_30_fu_2020_p2     |       xor|   0|  0|   2|           2|           1|
    |xor_ln46_31_fu_2040_p2     |       xor|   0|  0|   2|           2|           1|
    |xor_ln46_4_fu_1246_p2      |       xor|   0|  0|   2|           1|           2|
    |xor_ln46_6_fu_1282_p2      |       xor|   0|  0|   2|           1|           2|
    |xor_ln46_8_fu_1318_p2      |       xor|   0|  0|   2|           1|           2|
    |xor_ln46_fu_1188_p2        |       xor|   0|  0|   2|           1|           2|
    +---------------------------+----------+----+---+----+------------+------------+
    |Total                      |          |   0|  0| 404|         198|         214|
    +---------------------------+----------+----+---+----+------------+------------+

    * Multiplexer: 
    +-------------------------------------------------+----+-----------+-----+-----------+
    |                       Name                      | LUT| Input Size| Bits| Total Bits|
    +-------------------------------------------------+----+-----------+-----+-----------+
    |ap_done_int                                      |   9|          2|    1|          2|
    |ap_phi_mux_conv3_i_15211762_phi_fu_925_p4        |   9|          2|    1|          2|
    |ap_phi_mux_conv3_i_15351765_phi_fu_914_p4        |   9|          2|    1|          2|
    |ap_phi_mux_conv3_i_15491768_phi_fu_903_p4        |   9|          2|    1|          2|
    |ap_phi_mux_conv3_i_15631771_phi_fu_892_p4        |   9|          2|    1|          2|
    |ap_phi_mux_conv3_i_15771774_phi_fu_881_p4        |   9|          2|    1|          2|
    |ap_phi_mux_conv3_i_66181777_phi_fu_870_p4        |   9|          2|    1|          2|
    |ap_phi_mux_lhs_V_10_phi_fu_650_p4                |   9|          2|    1|          2|
    |ap_phi_mux_lhs_V_11_phi_fu_639_p4                |   9|          2|    1|          2|
    |ap_phi_mux_lhs_V_12_phi_fu_617_p4                |   9|          2|    1|          2|
    |ap_phi_mux_lhs_V_13_phi_fu_606_p4                |   9|          2|    1|          2|
    |ap_phi_mux_lhs_V_1_phi_fu_859_p4                 |   9|          2|    1|          2|
    |ap_phi_mux_lhs_V_2_phi_fu_804_p4                 |   9|          2|    1|          2|
    |ap_phi_mux_lhs_V_3_phi_fu_793_p4                 |   9|          2|    1|          2|
    |ap_phi_mux_lhs_V_4_phi_fu_760_p4                 |   9|          2|    1|          2|
    |ap_phi_mux_lhs_V_5_phi_fu_727_p4                 |   9|          2|    1|          2|
    |ap_phi_mux_lhs_V_6_phi_fu_716_p4                 |   9|          2|    1|          2|
    |ap_phi_mux_lhs_V_7_phi_fu_683_p4                 |   9|          2|    1|          2|
    |ap_phi_mux_lhs_V_8_phi_fu_672_p4                 |   9|          2|    1|          2|
    |ap_phi_mux_lhs_V_9_phi_fu_661_p4                 |   9|          2|    1|          2|
    |ap_phi_mux_mux_case_01759_phi_fu_936_p4          |   9|          2|    1|          2|
    |ap_phi_mux_mux_case_106111789_phi_fu_826_p4      |   9|          2|    1|          2|
    |ap_phi_mux_mux_case_116121792_phi_fu_815_p4      |   9|          2|    1|          2|
    |ap_phi_mux_mux_case_147111801_phi_fu_782_p4      |   9|          2|    1|          2|
    |ap_phi_mux_mux_case_158061804_phi_fu_771_p4      |   9|          2|    1|          2|
    |ap_phi_mux_mux_case_178081810_phi_fu_749_p4      |   9|          2|    1|          2|
    |ap_phi_mux_mux_case_189031813_phi_fu_738_p4      |   9|          2|    1|          2|
    |ap_phi_mux_mux_case_2110021822_phi_fu_705_p4     |   9|          2|    1|          2|
    |ap_phi_mux_mux_case_2210971825_phi_fu_694_p4     |   9|          2|    1|          2|
    |ap_phi_mux_mux_case_2814871843_phi_fu_628_p4     |   9|          2|    1|          2|
    |ap_phi_mux_mux_case_3146316811852_phi_fu_595_p4  |   9|          2|    1|          2|
    |ap_phi_mux_mux_case_85171783_phi_fu_848_p4       |   9|          2|    1|          2|
    |ap_phi_mux_mux_case_96101786_phi_fu_837_p4       |   9|          2|    1|          2|
    |ap_sig_allocacmp_i                               |   9|          2|    4|          8|
    |i_1_fu_172                                       |   9|          2|    4|          8|
    +-------------------------------------------------+----+-----------+-----+-----------+
    |Total                                            | 315|         70|   41|         82|
    +-------------------------------------------------+----+-----------+-----+-----------+

    * Register: 
    +--------------------------------+---+----+-----+-----------+
    |              Name              | FF| LUT| Bits| Const Bits|
    +--------------------------------+---+----+-----+-----------+
    |ap_CS_fsm                       |  1|   0|    1|          0|
    |ap_done_reg                     |  1|   0|    1|          0|
    |conv3_i_15211762_reg_922        |  1|   0|    1|          0|
    |conv3_i_15351765_reg_911        |  1|   0|    1|          0|
    |conv3_i_15491768_reg_900        |  1|   0|    1|          0|
    |conv3_i_15631771_reg_889        |  1|   0|    1|          0|
    |conv3_i_15771774_reg_878        |  1|   0|    1|          0|
    |conv3_i_66181777_reg_867        |  1|   0|    1|          0|
    |i_1_fu_172                      |  4|   0|    4|          0|
    |lhs_V_10_reg_647                |  1|   0|    1|          0|
    |lhs_V_11_reg_636                |  1|   0|    1|          0|
    |lhs_V_12_reg_614                |  1|   0|    1|          0|
    |lhs_V_13_reg_603                |  1|   0|    1|          0|
    |lhs_V_1_reg_856                 |  1|   0|    1|          0|
    |lhs_V_2_reg_801                 |  1|   0|    1|          0|
    |lhs_V_3_reg_790                 |  1|   0|    1|          0|
    |lhs_V_4_reg_757                 |  1|   0|    1|          0|
    |lhs_V_5_reg_724                 |  1|   0|    1|          0|
    |lhs_V_6_reg_713                 |  1|   0|    1|          0|
    |lhs_V_7_reg_680                 |  1|   0|    1|          0|
    |lhs_V_8_reg_669                 |  1|   0|    1|          0|
    |lhs_V_9_reg_658                 |  1|   0|    1|          0|
    |mux_case_01759_reg_933          |  1|   0|    1|          0|
    |mux_case_106111789_reg_823      |  1|   0|    1|          0|
    |mux_case_116121792_reg_812      |  1|   0|    1|          0|
    |mux_case_147111801_reg_779      |  1|   0|    1|          0|
    |mux_case_158061804_reg_768      |  1|   0|    1|          0|
    |mux_case_178081810_reg_746      |  1|   0|    1|          0|
    |mux_case_189031813_reg_735      |  1|   0|    1|          0|
    |mux_case_2110021822_reg_702     |  1|   0|    1|          0|
    |mux_case_2210971825_reg_691     |  1|   0|    1|          0|
    |mux_case_2814871843_reg_625     |  1|   0|    1|          0|
    |mux_case_3146316811852_reg_592  |  1|   0|    1|          0|
    |mux_case_85171783_reg_845       |  1|   0|    1|          0|
    |mux_case_96101786_reg_834       |  1|   0|    1|          0|
    +--------------------------------+---+----+-----+-----------+
    |Total                           | 38|   0|   38|          0|
    +--------------------------------+---+----+-----+-----------+



================================================================
== Interface
================================================================
* Summary: 
+-----------------------------------+-----+-----+------------+---------------------------------+--------------+
|             RTL Ports             | Dir | Bits|  Protocol  |          Source Object          |    C Type    |
+-----------------------------------+-----+-----+------------+---------------------------------+--------------+
|ap_clk                             |   in|    1|  ap_ctrl_hs|  crc24a_Pipeline_VITIS_LOOP_41_3|  return value|
|ap_rst                             |   in|    1|  ap_ctrl_hs|  crc24a_Pipeline_VITIS_LOOP_41_3|  return value|
|ap_start                           |   in|    1|  ap_ctrl_hs|  crc24a_Pipeline_VITIS_LOOP_41_3|  return value|
|ap_done                            |  out|    1|  ap_ctrl_hs|  crc24a_Pipeline_VITIS_LOOP_41_3|  return value|
|ap_idle                            |  out|    1|  ap_ctrl_hs|  crc24a_Pipeline_VITIS_LOOP_41_3|  return value|
|ap_ready                           |  out|    1|  ap_ctrl_hs|  crc24a_Pipeline_VITIS_LOOP_41_3|  return value|
|p_reload                           |   in|    1|     ap_none|                         p_reload|        scalar|
|p_reload93                         |   in|    1|     ap_none|                       p_reload93|        scalar|
|p_reload92                         |   in|    1|     ap_none|                       p_reload92|        scalar|
|p_reload91                         |   in|    1|     ap_none|                       p_reload91|        scalar|
|p_reload90                         |   in|    1|     ap_none|                       p_reload90|        scalar|
|p_reload89                         |   in|    1|     ap_none|                       p_reload89|        scalar|
|p_reload88                         |   in|    1|     ap_none|                       p_reload88|        scalar|
|p_reload87                         |   in|    1|     ap_none|                       p_reload87|        scalar|
|p_reload86                         |   in|    1|     ap_none|                       p_reload86|        scalar|
|p_reload85                         |   in|    1|     ap_none|                       p_reload85|        scalar|
|p_reload84                         |   in|    1|     ap_none|                       p_reload84|        scalar|
|p_reload83                         |   in|    1|     ap_none|                       p_reload83|        scalar|
|p_reload82                         |   in|    1|     ap_none|                       p_reload82|        scalar|
|p_reload81                         |   in|    1|     ap_none|                       p_reload81|        scalar|
|p_reload80                         |   in|    1|     ap_none|                       p_reload80|        scalar|
|p_reload79                         |   in|    1|     ap_none|                       p_reload79|        scalar|
|p_reload78                         |   in|    1|     ap_none|                       p_reload78|        scalar|
|p_reload77                         |   in|    1|     ap_none|                       p_reload77|        scalar|
|p_reload76                         |   in|    1|     ap_none|                       p_reload76|        scalar|
|p_reload75                         |   in|    1|     ap_none|                       p_reload75|        scalar|
|p_reload74                         |   in|    1|     ap_none|                       p_reload74|        scalar|
|p_reload73                         |   in|    1|     ap_none|                       p_reload73|        scalar|
|p_reload72                         |   in|    1|     ap_none|                       p_reload72|        scalar|
|p_reload71                         |   in|    1|     ap_none|                       p_reload71|        scalar|
|bit_select_i_i_i1922_reload        |   in|    1|     ap_none|      bit_select_i_i_i1922_reload|        scalar|
|bit_select_i_i_i1901_reload        |   in|    1|     ap_none|      bit_select_i_i_i1901_reload|        scalar|
|bit_select_i_i_i1904_reload        |   in|    1|     ap_none|      bit_select_i_i_i1904_reload|        scalar|
|bit_select_i_i_i1907_reload        |   in|    1|     ap_none|      bit_select_i_i_i1907_reload|        scalar|
|bit_select_i_i_i1910_reload        |   in|    1|     ap_none|      bit_select_i_i_i1910_reload|        scalar|
|bit_select_i_i_i1913_reload        |   in|    1|     ap_none|      bit_select_i_i_i1913_reload|        scalar|
|bit_select_i_i_i1916_reload        |   in|    1|     ap_none|      bit_select_i_i_i1916_reload|        scalar|
|bit_select_i_i_i1919_reload        |   in|    1|     ap_none|      bit_select_i_i_i1919_reload|        scalar|
|mux_case_3146316811852_out         |  out|    1|      ap_vld|       mux_case_3146316811852_out|       pointer|
|mux_case_3146316811852_out_ap_vld  |  out|    1|      ap_vld|       mux_case_3146316811852_out|       pointer|
|lhs_V_13_out                       |  out|    1|      ap_vld|                     lhs_V_13_out|       pointer|
|lhs_V_13_out_ap_vld                |  out|    1|      ap_vld|                     lhs_V_13_out|       pointer|
|lhs_V_12_out                       |  out|    1|      ap_vld|                     lhs_V_12_out|       pointer|
|lhs_V_12_out_ap_vld                |  out|    1|      ap_vld|                     lhs_V_12_out|       pointer|
|mux_case_2814871843_out            |  out|    1|      ap_vld|          mux_case_2814871843_out|       pointer|
|mux_case_2814871843_out_ap_vld     |  out|    1|      ap_vld|          mux_case_2814871843_out|       pointer|
|lhs_V_11_out                       |  out|    1|      ap_vld|                     lhs_V_11_out|       pointer|
|lhs_V_11_out_ap_vld                |  out|    1|      ap_vld|                     lhs_V_11_out|       pointer|
|lhs_V_10_out                       |  out|    1|      ap_vld|                     lhs_V_10_out|       pointer|
|lhs_V_10_out_ap_vld                |  out|    1|      ap_vld|                     lhs_V_10_out|       pointer|
|lhs_V_9_out                        |  out|    1|      ap_vld|                      lhs_V_9_out|       pointer|
|lhs_V_9_out_ap_vld                 |  out|    1|      ap_vld|                      lhs_V_9_out|       pointer|
|lhs_V_8_out                        |  out|    1|      ap_vld|                      lhs_V_8_out|       pointer|
|lhs_V_8_out_ap_vld                 |  out|    1|      ap_vld|                      lhs_V_8_out|       pointer|
|lhs_V_7_out                        |  out|    1|      ap_vld|                      lhs_V_7_out|       pointer|
|lhs_V_7_out_ap_vld                 |  out|    1|      ap_vld|                      lhs_V_7_out|       pointer|
|mux_case_2210971825_out            |  out|    1|      ap_vld|          mux_case_2210971825_out|       pointer|
|mux_case_2210971825_out_ap_vld     |  out|    1|      ap_vld|          mux_case_2210971825_out|       pointer|
|mux_case_2110021822_out            |  out|    1|      ap_vld|          mux_case_2110021822_out|       pointer|
|mux_case_2110021822_out_ap_vld     |  out|    1|      ap_vld|          mux_case_2110021822_out|       pointer|
|lhs_V_6_out                        |  out|    1|      ap_vld|                      lhs_V_6_out|       pointer|
|lhs_V_6_out_ap_vld                 |  out|    1|      ap_vld|                      lhs_V_6_out|       pointer|
|lhs_V_5_out                        |  out|    1|      ap_vld|                      lhs_V_5_out|       pointer|
|lhs_V_5_out_ap_vld                 |  out|    1|      ap_vld|                      lhs_V_5_out|       pointer|
|mux_case_189031813_out             |  out|    1|      ap_vld|           mux_case_189031813_out|       pointer|
|mux_case_189031813_out_ap_vld      |  out|    1|      ap_vld|           mux_case_189031813_out|       pointer|
|mux_case_178081810_out             |  out|    1|      ap_vld|           mux_case_178081810_out|       pointer|
|mux_case_178081810_out_ap_vld      |  out|    1|      ap_vld|           mux_case_178081810_out|       pointer|
|lhs_V_4_out                        |  out|    1|      ap_vld|                      lhs_V_4_out|       pointer|
|lhs_V_4_out_ap_vld                 |  out|    1|      ap_vld|                      lhs_V_4_out|       pointer|
|mux_case_158061804_out             |  out|    1|      ap_vld|           mux_case_158061804_out|       pointer|
|mux_case_158061804_out_ap_vld      |  out|    1|      ap_vld|           mux_case_158061804_out|       pointer|
|mux_case_147111801_out             |  out|    1|      ap_vld|           mux_case_147111801_out|       pointer|
|mux_case_147111801_out_ap_vld      |  out|    1|      ap_vld|           mux_case_147111801_out|       pointer|
|lhs_V_3_out                        |  out|    1|      ap_vld|                      lhs_V_3_out|       pointer|
|lhs_V_3_out_ap_vld                 |  out|    1|      ap_vld|                      lhs_V_3_out|       pointer|
|lhs_V_2_out                        |  out|    1|      ap_vld|                      lhs_V_2_out|       pointer|
|lhs_V_2_out_ap_vld                 |  out|    1|      ap_vld|                      lhs_V_2_out|       pointer|
|mux_case_116121792_out             |  out|    1|      ap_vld|           mux_case_116121792_out|       pointer|
|mux_case_116121792_out_ap_vld      |  out|    1|      ap_vld|           mux_case_116121792_out|       pointer|
|mux_case_106111789_out             |  out|    1|      ap_vld|           mux_case_106111789_out|       pointer|
|mux_case_106111789_out_ap_vld      |  out|    1|      ap_vld|           mux_case_106111789_out|       pointer|
|mux_case_96101786_out              |  out|    1|      ap_vld|            mux_case_96101786_out|       pointer|
|mux_case_96101786_out_ap_vld       |  out|    1|      ap_vld|            mux_case_96101786_out|       pointer|
|mux_case_85171783_out              |  out|    1|      ap_vld|            mux_case_85171783_out|       pointer|
|mux_case_85171783_out_ap_vld       |  out|    1|      ap_vld|            mux_case_85171783_out|       pointer|
|lhs_V_1_out                        |  out|    1|      ap_vld|                      lhs_V_1_out|       pointer|
|lhs_V_1_out_ap_vld                 |  out|    1|      ap_vld|                      lhs_V_1_out|       pointer|
|conv3_i_66181777_out               |  out|    1|      ap_vld|             conv3_i_66181777_out|       pointer|
|conv3_i_66181777_out_ap_vld        |  out|    1|      ap_vld|             conv3_i_66181777_out|       pointer|
|conv3_i_15771774_out               |  out|    1|      ap_vld|             conv3_i_15771774_out|       pointer|
|conv3_i_15771774_out_ap_vld        |  out|    1|      ap_vld|             conv3_i_15771774_out|       pointer|
|conv3_i_15631771_out               |  out|    1|      ap_vld|             conv3_i_15631771_out|       pointer|
|conv3_i_15631771_out_ap_vld        |  out|    1|      ap_vld|             conv3_i_15631771_out|       pointer|
|conv3_i_15491768_out               |  out|    1|      ap_vld|             conv3_i_15491768_out|       pointer|
|conv3_i_15491768_out_ap_vld        |  out|    1|      ap_vld|             conv3_i_15491768_out|       pointer|
|conv3_i_15351765_out               |  out|    1|      ap_vld|             conv3_i_15351765_out|       pointer|
|conv3_i_15351765_out_ap_vld        |  out|    1|      ap_vld|             conv3_i_15351765_out|       pointer|
|conv3_i_15211762_out               |  out|    1|      ap_vld|             conv3_i_15211762_out|       pointer|
|conv3_i_15211762_out_ap_vld        |  out|    1|      ap_vld|             conv3_i_15211762_out|       pointer|
|mux_case_01759_out                 |  out|    1|      ap_vld|               mux_case_01759_out|       pointer|
|mux_case_01759_out_ap_vld          |  out|    1|      ap_vld|               mux_case_01759_out|       pointer|
+-----------------------------------+-----+-----+------------+---------------------------------+--------------+

