

================================================================
== Vitis HLS Report for 'crc24a_Pipeline_VITIS_LOOP_31_3'
================================================================
* Date:           Tue Jun 20 15:44:17 2023

* Version:        2022.2.2 (Build 3779808 on Feb 17 2023)
* Project:        a9crc
* Solution:       solution_crc (Vivado IP Flow Target)
* Product family: zynquplus
* Target device:  xczu7ev-ffvc1156-2-e


================================================================
== Performance Estimates
================================================================
+ Timing: 
    * Summary: 
    +--------+----------+----------+------------+
    |  Clock |  Target  | Estimated| Uncertainty|
    +--------+----------+----------+------------+
    |ap_clk  |  10.00 ns|  3.444 ns|     2.70 ns|
    +--------+----------+----------+------------+

+ Latency: 
    * Summary: 
    +---------+---------+----------+----------+-----+-----+---------+
    |  Latency (cycles) |  Latency (absolute) |  Interval | Pipeline|
    |   min   |   max   |    min   |    max   | min | max |   Type  |
    +---------+---------+----------+----------+-----+-----+---------+
    |       10|       10|  0.100 us|  0.100 us|   10|   10|       no|
    +---------+---------+----------+----------+-----+-----+---------+

    + Detail: 
        * Instance: 
        N/A

        * Loop: 
        +-------------------+---------+---------+----------+-----------+-----------+------+----------+
        |                   |  Latency (cycles) | Iteration|  Initiation Interval  | Trip |          |
        |     Loop Name     |   min   |   max   |  Latency |  achieved |   target  | Count| Pipelined|
        +-------------------+---------+---------+----------+-----------+-----------+------+----------+
        |- VITIS_LOOP_31_3  |        8|        8|         1|          1|          1|     8|       yes|
        +-------------------+---------+---------+----------+-----------+-----------+------+----------+



================================================================
== Utilization Estimates
================================================================
* Summary: 
+-----------------+---------+------+--------+--------+-----+
|       Name      | BRAM_18K|  DSP |   FF   |   LUT  | URAM|
+-----------------+---------+------+--------+--------+-----+
|DSP              |        -|     -|       -|       -|    -|
|Expression       |        -|     -|       0|     410|    -|
|FIFO             |        -|     -|       -|       -|    -|
|Instance         |        -|     -|       0|      43|    -|
|Memory           |        -|     -|       -|       -|    -|
|Multiplexer      |        -|     -|       -|     315|    -|
|Register         |        -|     -|      38|       -|    -|
+-----------------+---------+------+--------+--------+-----+
|Total            |        0|     0|      38|     768|    0|
+-----------------+---------+------+--------+--------+-----+
|Available        |      624|  1728|  460800|  230400|   96|
+-----------------+---------+------+--------+--------+-----+
|Utilization (%)  |        0|     0|      ~0|      ~0|    0|
+-----------------+---------+------+--------+--------+-----+

+ Detail: 
    * Instance: 
    +------------------+--------------+---------+----+---+----+-----+
    |     Instance     |    Module    | BRAM_18K| DSP| FF| LUT| URAM|
    +------------------+--------------+---------+----+---+----+-----+
    |mux_83_1_1_1_U34  |mux_83_1_1_1  |        0|   0|  0|  43|    0|
    +------------------+--------------+---------+----+---+----+-----+
    |Total             |              |        0|   0|  0|  43|    0|
    +------------------+--------------+---------+----+---+----+-----+

    * DSP: 
    N/A

    * Memory: 
    N/A

    * FIFO: 
    N/A

    * Expression: 
    +---------------------------+----------+----+---+----+------------+------------+
    |       Variable Name       | Operation| DSP| FF| LUT| Bitwidth P0| Bitwidth P1|
    +---------------------------+----------+----+---+----+------------+------------+
    |add_ln31_fu_966_p2         |         +|   0|  0|  12|           4|           1|
    |and_ln33_fu_998_p2         |       and|   0|  0|   2|           1|           1|
    |and_ln36_10_fu_1972_p2     |       and|   0|  0|   2|           1|           1|
    |and_ln36_11_fu_1992_p2     |       and|   0|  0|   2|           1|           1|
    |and_ln36_12_fu_2012_p2     |       and|   0|  0|   2|           1|           1|
    |and_ln36_13_fu_2032_p2     |       and|   0|  0|   2|           1|           1|
    |and_ln36_14_fu_2052_p2     |       and|   0|  0|   2|           1|           1|
    |and_ln36_1_fu_1238_p2      |       and|   0|  0|   2|           1|           1|
    |and_ln36_2_fu_1290_p2      |       and|   0|  0|   2|           1|           1|
    |and_ln36_3_fu_1296_p2      |       and|   0|  0|   2|           1|           1|
    |and_ln36_4_fu_1338_p2      |       and|   0|  0|   2|           1|           1|
    |and_ln36_5_fu_1380_p2      |       and|   0|  0|   2|           1|           1|
    |and_ln36_6_fu_1416_p2      |       and|   0|  0|   2|           1|           1|
    |and_ln36_7_fu_1428_p2      |       and|   0|  0|   2|           1|           1|
    |and_ln36_8_fu_1916_p2      |       and|   0|  0|   2|           1|           1|
    |and_ln36_fu_1220_p2        |       and|   0|  0|   2|           1|           1|
    |crc_V_39_fu_2072_p2        |       and|   0|  0|   2|           1|           1|
    |crc_V_45_fu_1960_p2        |       and|   0|  0|   2|           1|           1|
    |icmp_ln31_fu_960_p2        |      icmp|   0|  0|   9|           4|           5|
    |icmp_ln36_1_fu_1118_p2     |      icmp|   0|  0|   8|           3|           1|
    |icmp_ln36_2_fu_1124_p2     |      icmp|   0|  0|   8|           3|           2|
    |icmp_ln36_3_fu_1130_p2     |      icmp|   0|  0|   8|           3|           2|
    |icmp_ln36_4_fu_1136_p2     |      icmp|   0|  0|   9|           3|           4|
    |icmp_ln36_5_fu_1142_p2     |      icmp|   0|  0|   8|           3|           3|
    |icmp_ln36_6_fu_1148_p2     |      icmp|   0|  0|   8|           3|           3|
    |icmp_ln36_7_fu_1410_p2     |      icmp|   0|  0|   8|           3|           2|
    |icmp_ln36_fu_1112_p2       |      icmp|   0|  0|   8|           3|           1|
    |or_ln36_10_fu_1302_p2      |        or|   0|  0|   2|           1|           1|
    |or_ln36_11_fu_1308_p2      |        or|   0|  0|   2|           1|           1|
    |or_ln36_12_fu_1314_p2      |        or|   0|  0|   2|           1|           1|
    |or_ln36_13_fu_1326_p2      |        or|   0|  0|   2|           1|           1|
    |or_ln36_14_fu_1344_p2      |        or|   0|  0|   2|           1|           1|
    |or_ln36_15_fu_1350_p2      |        or|   0|  0|   2|           1|           1|
    |or_ln36_16_fu_1356_p2      |        or|   0|  0|   2|           1|           1|
    |or_ln36_17_fu_1368_p2      |        or|   0|  0|   2|           1|           1|
    |or_ln36_18_fu_1386_p2      |        or|   0|  0|   2|           1|           1|
    |or_ln36_19_fu_1392_p2      |        or|   0|  0|   2|           1|           1|
    |or_ln36_1_fu_1166_p2       |        or|   0|  0|   2|           1|           1|
    |or_ln36_20_fu_1398_p2      |        or|   0|  0|   2|           1|           1|
    |or_ln36_21_fu_1434_p2      |        or|   0|  0|   2|           1|           1|
    |or_ln36_22_fu_1440_p2      |        or|   0|  0|   2|           1|           1|
    |or_ln36_23_fu_1446_p2      |        or|   0|  0|   2|           1|           1|
    |or_ln36_24_fu_1452_p2      |        or|   0|  0|   2|           1|           1|
    |or_ln36_25_fu_1474_p2      |        or|   0|  0|   2|           1|           1|
    |or_ln36_26_fu_1480_p2      |        or|   0|  0|   2|           1|           1|
    |or_ln36_27_fu_1494_p2      |        or|   0|  0|   2|           1|           1|
    |or_ln36_28_fu_1508_p2      |        or|   0|  0|   2|           1|           1|
    |or_ln36_29_fu_1514_p2      |        or|   0|  0|   2|           1|           1|
    |or_ln36_2_fu_1172_p2       |        or|   0|  0|   2|           1|           1|
    |or_ln36_30_fu_1526_p2      |        or|   0|  0|   2|           1|           1|
    |or_ln36_31_fu_1532_p2      |        or|   0|  0|   2|           1|           1|
    |or_ln36_32_fu_1538_p2      |        or|   0|  0|   2|           1|           1|
    |or_ln36_33_fu_1544_p2      |        or|   0|  0|   2|           1|           1|
    |or_ln36_34_fu_1550_p2      |        or|   0|  0|   2|           1|           1|
    |or_ln36_35_fu_1562_p2      |        or|   0|  0|   2|           1|           1|
    |or_ln36_36_fu_1568_p2      |        or|   0|  0|   2|           1|           1|
    |or_ln36_37_fu_1580_p2      |        or|   0|  0|   2|           1|           1|
    |or_ln36_38_fu_1586_p2      |        or|   0|  0|   2|           1|           1|
    |or_ln36_39_fu_1592_p2      |        or|   0|  0|   2|           1|           1|
    |or_ln36_3_fu_1178_p2       |        or|   0|  0|   2|           1|           1|
    |or_ln36_40_fu_1598_p2      |        or|   0|  0|   2|           1|           1|
    |or_ln36_41_fu_1618_p2      |        or|   0|  0|   2|           1|           1|
    |or_ln36_42_fu_1632_p2      |        or|   0|  0|   2|           1|           1|
    |or_ln36_43_fu_1646_p2      |        or|   0|  0|   2|           1|           1|
    |or_ln36_44_fu_1652_p2      |        or|   0|  0|   2|           1|           1|
    |or_ln36_45_fu_1658_p2      |        or|   0|  0|   2|           1|           1|
    |or_ln36_46_fu_1664_p2      |        or|   0|  0|   2|           1|           1|
    |or_ln36_47_fu_1676_p2      |        or|   0|  0|   2|           1|           1|
    |or_ln36_48_fu_1682_p2      |        or|   0|  0|   2|           1|           1|
    |or_ln36_49_fu_1688_p2      |        or|   0|  0|   2|           1|           1|
    |or_ln36_4_fu_1184_p2       |        or|   0|  0|   2|           1|           1|
    |or_ln36_50_fu_1732_p2      |        or|   0|  0|   2|           1|           1|
    |or_ln36_51_fu_1738_p2      |        or|   0|  0|   2|           1|           1|
    |or_ln36_52_fu_1744_p2      |        or|   0|  0|   2|           1|           1|
    |or_ln36_53_fu_1756_p2      |        or|   0|  0|   2|           1|           1|
    |or_ln36_54_fu_1762_p2      |        or|   0|  0|   2|           1|           1|
    |or_ln36_55_fu_1774_p2      |        or|   0|  0|   2|           1|           1|
    |or_ln36_56_fu_1786_p2      |        or|   0|  0|   2|           1|           1|
    |or_ln36_57_fu_1792_p2      |        or|   0|  0|   2|           1|           1|
    |or_ln36_58_fu_1820_p2      |        or|   0|  0|   2|           1|           1|
    |or_ln36_59_fu_1874_p2      |        or|   0|  0|   2|           1|           1|
    |or_ln36_5_fu_1190_p2       |        or|   0|  0|   2|           1|           1|
    |or_ln36_60_fu_1880_p2      |        or|   0|  0|   2|           1|           1|
    |or_ln36_61_fu_1892_p2      |        or|   0|  0|   2|           1|           1|
    |or_ln36_62_fu_1898_p2      |        or|   0|  0|   2|           1|           1|
    |or_ln36_63_fu_1910_p2      |        or|   0|  0|   2|           1|           1|
    |or_ln36_6_fu_1196_p2       |        or|   0|  0|   2|           1|           1|
    |or_ln36_7_fu_1226_p2       |        or|   0|  0|   2|           1|           1|
    |or_ln36_8_fu_1260_p2       |        or|   0|  0|   2|           1|           1|
    |or_ln36_9_fu_1278_p2       |        or|   0|  0|   2|           1|           1|
    |or_ln36_fu_1160_p2         |        or|   0|  0|   2|           1|           1|
    |crc_V_40_fu_2058_p3        |    select|   0|  0|   2|           1|           1|
    |crc_V_41_fu_2038_p3        |    select|   0|  0|   2|           1|           1|
    |crc_V_42_fu_2018_p3        |    select|   0|  0|   2|           1|           1|
    |crc_V_43_fu_1998_p3        |    select|   0|  0|   2|           1|           1|
    |crc_V_44_fu_1978_p3        |    select|   0|  0|   2|           1|           1|
    |crc_V_46_fu_1930_p3        |    select|   0|  0|   2|           1|           1|
    |crc_V_48_fu_1866_p3        |    select|   0|  0|   2|           1|           1|
    |crc_V_49_fu_1850_p3        |    select|   0|  0|   2|           1|           1|
    |crc_V_50_fu_1834_p3        |    select|   0|  0|   2|           1|           1|
    |crc_V_51_fu_1812_p3        |    select|   0|  0|   2|           1|           1|
    |crc_V_54_fu_1724_p3        |    select|   0|  0|   2|           1|           1|
    |crc_V_55_fu_1708_p3        |    select|   0|  0|   2|           1|           1|
    |crc_V_57_fu_1638_p3        |    select|   0|  0|   2|           1|           1|
    |crc_V_58_fu_1624_p3        |    select|   0|  0|   2|           1|           1|
    |crc_V_61_fu_1500_p3        |    select|   0|  0|   2|           1|           1|
    |crc_V_62_fu_1466_p3        |    select|   0|  0|   2|           1|           1|
    |crc_V_68_fu_1252_p3        |    select|   0|  0|   2|           1|           1|
    |select_ln36_11_fu_1716_p3  |    select|   0|  0|   2|           1|           1|
    |select_ln36_13_fu_1804_p3  |    select|   0|  0|   2|           1|           1|
    |select_ln36_15_fu_1826_p3  |    select|   0|  0|   2|           1|           1|
    |select_ln36_17_fu_1842_p3  |    select|   0|  0|   2|           1|           1|
    |select_ln36_19_fu_1858_p3  |    select|   0|  0|   2|           1|           1|
    |select_ln36_21_fu_1922_p3  |    select|   0|  0|   2|           1|           1|
    |select_ln36_23_fu_1938_p3  |    select|   0|  0|   2|           1|           1|
    |select_ln36_24_fu_1946_p3  |    select|   0|  0|   2|           1|           1|
    |select_ln36_2_fu_1458_p3   |    select|   0|  0|   2|           1|           1|
    |select_ln36_4_fu_1486_p3   |    select|   0|  0|   2|           1|           1|
    |select_ln36_6_fu_1610_p3   |    select|   0|  0|   2|           1|           1|
    |select_ln36_9_fu_1700_p3   |    select|   0|  0|   2|           1|           1|
    |select_ln36_fu_1244_p3     |    select|   0|  0|   2|           1|           1|
    |crc_V_38_fu_1232_p2        |       xor|   0|  0|   2|           1|           1|
    |crc_V_47_fu_1904_p2        |       xor|   0|  0|   2|           1|           1|
    |crc_V_52_fu_1798_p2        |       xor|   0|  0|   2|           1|           1|
    |crc_V_53_fu_1768_p2        |       xor|   0|  0|   2|           1|           1|
    |crc_V_56_fu_1694_p2        |       xor|   0|  0|   2|           1|           1|
    |crc_V_59_fu_1604_p2        |       xor|   0|  0|   2|           1|           1|
    |crc_V_60_fu_1556_p2        |       xor|   0|  0|   2|           1|           1|
    |crc_V_63_fu_1422_p2        |       xor|   0|  0|   2|           1|           1|
    |crc_V_64_fu_1404_p2        |       xor|   0|  0|   2|           1|           1|
    |crc_V_65_fu_1362_p2        |       xor|   0|  0|   2|           1|           1|
    |crc_V_66_fu_1320_p2        |       xor|   0|  0|   2|           1|           1|
    |crc_V_67_fu_1272_p2        |       xor|   0|  0|   2|           1|           1|
    |crc_V_69_fu_1208_p2        |       xor|   0|  0|   2|           1|           1|
    |ret_V_1_fu_1082_p2         |       xor|   0|  0|   2|           1|           2|
    |ret_V_2_fu_1088_p2         |       xor|   0|  0|   2|           1|           2|
    |ret_V_3_fu_1034_p2         |       xor|   0|  0|   2|           1|           2|
    |ret_V_4_fu_1040_p2         |       xor|   0|  0|   2|           1|           2|
    |ret_V_5_fu_1106_p2         |       xor|   0|  0|   2|           1|           2|
    |ret_V_fu_1016_p2           |       xor|   0|  0|   2|           1|           2|
    |xor_ln1499_10_fu_1064_p2   |       xor|   0|  0|   2|           1|           2|
    |xor_ln1499_11_fu_1070_p2   |       xor|   0|  0|   2|           1|           2|
    |xor_ln1499_12_fu_1076_p2   |       xor|   0|  0|   2|           1|           2|
    |xor_ln1499_15_fu_1094_p2   |       xor|   0|  0|   2|           1|           2|
    |xor_ln1499_16_fu_1100_p2   |       xor|   0|  0|   2|           1|           2|
    |xor_ln1499_1_fu_1010_p2    |       xor|   0|  0|   2|           1|           2|
    |xor_ln1499_3_fu_1022_p2    |       xor|   0|  0|   2|           1|           2|
    |xor_ln1499_4_fu_1028_p2    |       xor|   0|  0|   2|           1|           2|
    |xor_ln1499_7_fu_1046_p2    |       xor|   0|  0|   2|           1|           2|
    |xor_ln1499_8_fu_1052_p2    |       xor|   0|  0|   2|           1|           2|
    |xor_ln1499_9_fu_1058_p2    |       xor|   0|  0|   2|           1|           2|
    |xor_ln1499_fu_1004_p2      |       xor|   0|  0|   2|           1|           2|
    |xor_ln33_fu_1154_p2        |       xor|   0|  0|   2|           2|           1|
    |xor_ln36_10_fu_1374_p2     |       xor|   0|  0|   2|           1|           2|
    |xor_ln36_13_fu_1520_p2     |       xor|   0|  0|   2|           1|           2|
    |xor_ln36_15_fu_1574_p2     |       xor|   0|  0|   2|           1|           2|
    |xor_ln36_17_fu_1670_p2     |       xor|   0|  0|   2|           1|           2|
    |xor_ln36_19_fu_1750_p2     |       xor|   0|  0|   2|           1|           2|
    |xor_ln36_21_fu_1780_p2     |       xor|   0|  0|   2|           1|           2|
    |xor_ln36_23_fu_1886_p2     |       xor|   0|  0|   2|           1|           2|
    |xor_ln36_25_fu_1954_p2     |       xor|   0|  0|   2|           2|           1|
    |xor_ln36_26_fu_1966_p2     |       xor|   0|  0|   2|           2|           1|
    |xor_ln36_27_fu_1986_p2     |       xor|   0|  0|   2|           2|           1|
    |xor_ln36_28_fu_2006_p2     |       xor|   0|  0|   2|           2|           1|
    |xor_ln36_29_fu_2026_p2     |       xor|   0|  0|   2|           2|           1|
    |xor_ln36_2_fu_1214_p2      |       xor|   0|  0|   2|           1|           2|
    |xor_ln36_30_fu_2046_p2     |       xor|   0|  0|   2|           2|           1|
    |xor_ln36_31_fu_2066_p2     |       xor|   0|  0|   2|           2|           1|
    |xor_ln36_4_fu_1266_p2      |       xor|   0|  0|   2|           1|           2|
    |xor_ln36_6_fu_1284_p2      |       xor|   0|  0|   2|           1|           2|
    |xor_ln36_8_fu_1332_p2      |       xor|   0|  0|   2|           1|           2|
    |xor_ln36_fu_1202_p2        |       xor|   0|  0|   2|           1|           2|
    +---------------------------+----------+----+---+----+------------+------------+
    |Total                      |          |   0|  0| 410|         202|         216|
    +---------------------------+----------+----+---+----+------------+------------+

    * Multiplexer: 
    +-----------------------------------+----+-----------+-----+-----------+
    |                Name               | LUT| Input Size| Bits| Total Bits|
    +-----------------------------------+----+-----------+-----+-----------+
    |ap_done_int                        |   9|          2|    1|          2|
    |ap_phi_mux_crc_V_10_phi_fu_834_p4  |   9|          2|    1|          2|
    |ap_phi_mux_crc_V_11_phi_fu_823_p4  |   9|          2|    1|          2|
    |ap_phi_mux_crc_V_14_phi_fu_790_p4  |   9|          2|    1|          2|
    |ap_phi_mux_crc_V_15_phi_fu_779_p4  |   9|          2|    1|          2|
    |ap_phi_mux_crc_V_17_phi_fu_757_p4  |   9|          2|    1|          2|
    |ap_phi_mux_crc_V_18_phi_fu_746_p4  |   9|          2|    1|          2|
    |ap_phi_mux_crc_V_1_phi_fu_933_p4   |   9|          2|    1|          2|
    |ap_phi_mux_crc_V_21_phi_fu_713_p4  |   9|          2|    1|          2|
    |ap_phi_mux_crc_V_22_phi_fu_702_p4  |   9|          2|    1|          2|
    |ap_phi_mux_crc_V_28_phi_fu_636_p4  |   9|          2|    1|          2|
    |ap_phi_mux_crc_V_2_phi_fu_922_p4   |   9|          2|    1|          2|
    |ap_phi_mux_crc_V_31_phi_fu_603_p4  |   9|          2|    1|          2|
    |ap_phi_mux_crc_V_3_phi_fu_911_p4   |   9|          2|    1|          2|
    |ap_phi_mux_crc_V_4_phi_fu_900_p4   |   9|          2|    1|          2|
    |ap_phi_mux_crc_V_5_phi_fu_889_p4   |   9|          2|    1|          2|
    |ap_phi_mux_crc_V_6_phi_fu_878_p4   |   9|          2|    1|          2|
    |ap_phi_mux_crc_V_70_phi_fu_867_p4  |   9|          2|    1|          2|
    |ap_phi_mux_crc_V_71_phi_fu_812_p4  |   9|          2|    1|          2|
    |ap_phi_mux_crc_V_72_phi_fu_801_p4  |   9|          2|    1|          2|
    |ap_phi_mux_crc_V_73_phi_fu_768_p4  |   9|          2|    1|          2|
    |ap_phi_mux_crc_V_74_phi_fu_735_p4  |   9|          2|    1|          2|
    |ap_phi_mux_crc_V_75_phi_fu_724_p4  |   9|          2|    1|          2|
    |ap_phi_mux_crc_V_76_phi_fu_691_p4  |   9|          2|    1|          2|
    |ap_phi_mux_crc_V_77_phi_fu_680_p4  |   9|          2|    1|          2|
    |ap_phi_mux_crc_V_78_phi_fu_669_p4  |   9|          2|    1|          2|
    |ap_phi_mux_crc_V_79_phi_fu_658_p4  |   9|          2|    1|          2|
    |ap_phi_mux_crc_V_80_phi_fu_647_p4  |   9|          2|    1|          2|
    |ap_phi_mux_crc_V_81_phi_fu_625_p4  |   9|          2|    1|          2|
    |ap_phi_mux_crc_V_82_phi_fu_614_p4  |   9|          2|    1|          2|
    |ap_phi_mux_crc_V_8_phi_fu_856_p4   |   9|          2|    1|          2|
    |ap_phi_mux_crc_V_9_phi_fu_845_p4   |   9|          2|    1|          2|
    |ap_phi_mux_crc_V_phi_fu_944_p4     |   9|          2|    1|          2|
    |ap_sig_allocacmp_i                 |   9|          2|    4|          8|
    |i_1_fu_174                         |   9|          2|    4|          8|
    +-----------------------------------+----+-----------+-----+-----------+
    |Total                              | 315|         70|   41|         82|
    +-----------------------------------+----+-----------+-----+-----------+

    * Register: 
    +------------------+---+----+-----+-----------+
    |       Name       | FF| LUT| Bits| Const Bits|
    +------------------+---+----+-----+-----------+
    |ap_CS_fsm         |  1|   0|    1|          0|
    |ap_done_reg       |  1|   0|    1|          0|
    |crc_V_10_reg_831  |  1|   0|    1|          0|
    |crc_V_11_reg_820  |  1|   0|    1|          0|
    |crc_V_14_reg_787  |  1|   0|    1|          0|
    |crc_V_15_reg_776  |  1|   0|    1|          0|
    |crc_V_17_reg_754  |  1|   0|    1|          0|
    |crc_V_18_reg_743  |  1|   0|    1|          0|
    |crc_V_1_reg_930   |  1|   0|    1|          0|
    |crc_V_21_reg_710  |  1|   0|    1|          0|
    |crc_V_22_reg_699  |  1|   0|    1|          0|
    |crc_V_28_reg_633  |  1|   0|    1|          0|
    |crc_V_2_reg_919   |  1|   0|    1|          0|
    |crc_V_31_reg_600  |  1|   0|    1|          0|
    |crc_V_3_reg_908   |  1|   0|    1|          0|
    |crc_V_4_reg_897   |  1|   0|    1|          0|
    |crc_V_5_reg_886   |  1|   0|    1|          0|
    |crc_V_6_reg_875   |  1|   0|    1|          0|
    |crc_V_70_reg_864  |  1|   0|    1|          0|
    |crc_V_71_reg_809  |  1|   0|    1|          0|
    |crc_V_72_reg_798  |  1|   0|    1|          0|
    |crc_V_73_reg_765  |  1|   0|    1|          0|
    |crc_V_74_reg_732  |  1|   0|    1|          0|
    |crc_V_75_reg_721  |  1|   0|    1|          0|
    |crc_V_76_reg_688  |  1|   0|    1|          0|
    |crc_V_77_reg_677  |  1|   0|    1|          0|
    |crc_V_78_reg_666  |  1|   0|    1|          0|
    |crc_V_79_reg_655  |  1|   0|    1|          0|
    |crc_V_80_reg_644  |  1|   0|    1|          0|
    |crc_V_81_reg_622  |  1|   0|    1|          0|
    |crc_V_82_reg_611  |  1|   0|    1|          0|
    |crc_V_8_reg_853   |  1|   0|    1|          0|
    |crc_V_9_reg_842   |  1|   0|    1|          0|
    |crc_V_reg_941     |  1|   0|    1|          0|
    |i_1_fu_174        |  4|   0|    4|          0|
    +------------------+---+----+-----+-----------+
    |Total             | 38|   0|   38|          0|
    +------------------+---+----+-----+-----------+



================================================================
== Interface
================================================================
* Summary: 
+----------------------+-----+-----+------------+---------------------------------+--------------+
|       RTL Ports      | Dir | Bits|  Protocol  |          Source Object          |    C Type    |
+----------------------+-----+-----+------------+---------------------------------+--------------+
|ap_clk                |   in|    1|  ap_ctrl_hs|  crc24a_Pipeline_VITIS_LOOP_31_3|  return value|
|ap_rst                |   in|    1|  ap_ctrl_hs|  crc24a_Pipeline_VITIS_LOOP_31_3|  return value|
|ap_start              |   in|    1|  ap_ctrl_hs|  crc24a_Pipeline_VITIS_LOOP_31_3|  return value|
|ap_done               |  out|    1|  ap_ctrl_hs|  crc24a_Pipeline_VITIS_LOOP_31_3|  return value|
|ap_idle               |  out|    1|  ap_ctrl_hs|  crc24a_Pipeline_VITIS_LOOP_31_3|  return value|
|ap_ready              |  out|    1|  ap_ctrl_hs|  crc24a_Pipeline_VITIS_LOOP_31_3|  return value|
|crc_V_39_reload       |   in|    1|     ap_none|                  crc_V_39_reload|        scalar|
|crc_V_38_reload       |   in|    1|     ap_none|                  crc_V_38_reload|        scalar|
|crc_V_37_reload       |   in|    1|     ap_none|                  crc_V_37_reload|        scalar|
|crc_V_36_reload       |   in|    1|     ap_none|                  crc_V_36_reload|        scalar|
|crc_V_35_reload       |   in|    1|     ap_none|                  crc_V_35_reload|        scalar|
|crc_V_34_reload       |   in|    1|     ap_none|                  crc_V_34_reload|        scalar|
|crc_V_33_reload       |   in|    1|     ap_none|                  crc_V_33_reload|        scalar|
|crc_V_32_reload       |   in|    1|     ap_none|                  crc_V_32_reload|        scalar|
|crc_V_31_reload       |   in|    1|     ap_none|                  crc_V_31_reload|        scalar|
|crc_V_30_reload       |   in|    1|     ap_none|                  crc_V_30_reload|        scalar|
|crc_V_29_reload       |   in|    1|     ap_none|                  crc_V_29_reload|        scalar|
|crc_V_28_reload       |   in|    1|     ap_none|                  crc_V_28_reload|        scalar|
|crc_V_27_reload       |   in|    1|     ap_none|                  crc_V_27_reload|        scalar|
|crc_V_26_reload       |   in|    1|     ap_none|                  crc_V_26_reload|        scalar|
|crc_V_25_reload       |   in|    1|     ap_none|                  crc_V_25_reload|        scalar|
|crc_V_24_reload       |   in|    1|     ap_none|                  crc_V_24_reload|        scalar|
|crc_V_23_reload       |   in|    1|     ap_none|                  crc_V_23_reload|        scalar|
|crc_V_22_reload       |   in|    1|     ap_none|                  crc_V_22_reload|        scalar|
|crc_V_21_reload       |   in|    1|     ap_none|                  crc_V_21_reload|        scalar|
|crc_V_20_reload       |   in|    1|     ap_none|                  crc_V_20_reload|        scalar|
|crc_V_19_reload       |   in|    1|     ap_none|                  crc_V_19_reload|        scalar|
|crc_V_18_reload       |   in|    1|     ap_none|                  crc_V_18_reload|        scalar|
|crc_V_17_reload       |   in|    1|     ap_none|                  crc_V_17_reload|        scalar|
|crc_V_8_reload        |   in|    1|     ap_none|                   crc_V_8_reload|        scalar|
|crc_V_7_reload        |   in|    1|     ap_none|                   crc_V_7_reload|        scalar|
|crc_V_6_reload        |   in|    1|     ap_none|                   crc_V_6_reload|        scalar|
|crc_V_5_reload        |   in|    1|     ap_none|                   crc_V_5_reload|        scalar|
|crc_V_4_reload        |   in|    1|     ap_none|                   crc_V_4_reload|        scalar|
|crc_V_3_reload        |   in|    1|     ap_none|                   crc_V_3_reload|        scalar|
|crc_V_2_reload        |   in|    1|     ap_none|                   crc_V_2_reload|        scalar|
|crc_V_1_reload        |   in|    1|     ap_none|                   crc_V_1_reload|        scalar|
|crc_V_reload          |   in|    1|     ap_none|                     crc_V_reload|        scalar|
|last                  |   in|    1|     ap_none|                             last|        scalar|
|crc_V_96_out          |  out|    1|      ap_vld|                     crc_V_96_out|       pointer|
|crc_V_96_out_ap_vld   |  out|    1|      ap_vld|                     crc_V_96_out|       pointer|
|crc_V_147_out         |  out|    1|      ap_vld|                    crc_V_147_out|       pointer|
|crc_V_147_out_ap_vld  |  out|    1|      ap_vld|                    crc_V_147_out|       pointer|
|crc_V_146_out         |  out|    1|      ap_vld|                    crc_V_146_out|       pointer|
|crc_V_146_out_ap_vld  |  out|    1|      ap_vld|                    crc_V_146_out|       pointer|
|crc_V_93_out          |  out|    1|      ap_vld|                     crc_V_93_out|       pointer|
|crc_V_93_out_ap_vld   |  out|    1|      ap_vld|                     crc_V_93_out|       pointer|
|crc_V_145_out         |  out|    1|      ap_vld|                    crc_V_145_out|       pointer|
|crc_V_145_out_ap_vld  |  out|    1|      ap_vld|                    crc_V_145_out|       pointer|
|crc_V_144_out         |  out|    1|      ap_vld|                    crc_V_144_out|       pointer|
|crc_V_144_out_ap_vld  |  out|    1|      ap_vld|                    crc_V_144_out|       pointer|
|crc_V_143_out         |  out|    1|      ap_vld|                    crc_V_143_out|       pointer|
|crc_V_143_out_ap_vld  |  out|    1|      ap_vld|                    crc_V_143_out|       pointer|
|crc_V_142_out         |  out|    1|      ap_vld|                    crc_V_142_out|       pointer|
|crc_V_142_out_ap_vld  |  out|    1|      ap_vld|                    crc_V_142_out|       pointer|
|crc_V_141_out         |  out|    1|      ap_vld|                    crc_V_141_out|       pointer|
|crc_V_141_out_ap_vld  |  out|    1|      ap_vld|                    crc_V_141_out|       pointer|
|crc_V_87_out          |  out|    1|      ap_vld|                     crc_V_87_out|       pointer|
|crc_V_87_out_ap_vld   |  out|    1|      ap_vld|                     crc_V_87_out|       pointer|
|crc_V_86_out          |  out|    1|      ap_vld|                     crc_V_86_out|       pointer|
|crc_V_86_out_ap_vld   |  out|    1|      ap_vld|                     crc_V_86_out|       pointer|
|crc_V_140_out         |  out|    1|      ap_vld|                    crc_V_140_out|       pointer|
|crc_V_140_out_ap_vld  |  out|    1|      ap_vld|                    crc_V_140_out|       pointer|
|crc_V_139_out         |  out|    1|      ap_vld|                    crc_V_139_out|       pointer|
|crc_V_139_out_ap_vld  |  out|    1|      ap_vld|                    crc_V_139_out|       pointer|
|crc_V_83_out          |  out|    1|      ap_vld|                     crc_V_83_out|       pointer|
|crc_V_83_out_ap_vld   |  out|    1|      ap_vld|                     crc_V_83_out|       pointer|
|crc_V_82_out          |  out|    1|      ap_vld|                     crc_V_82_out|       pointer|
|crc_V_82_out_ap_vld   |  out|    1|      ap_vld|                     crc_V_82_out|       pointer|
|crc_V_138_out         |  out|    1|      ap_vld|                    crc_V_138_out|       pointer|
|crc_V_138_out_ap_vld  |  out|    1|      ap_vld|                    crc_V_138_out|       pointer|
|crc_V_80_out          |  out|    1|      ap_vld|                     crc_V_80_out|       pointer|
|crc_V_80_out_ap_vld   |  out|    1|      ap_vld|                     crc_V_80_out|       pointer|
|crc_V_79_out          |  out|    1|      ap_vld|                     crc_V_79_out|       pointer|
|crc_V_79_out_ap_vld   |  out|    1|      ap_vld|                     crc_V_79_out|       pointer|
|crc_V_137_out         |  out|    1|      ap_vld|                    crc_V_137_out|       pointer|
|crc_V_137_out_ap_vld  |  out|    1|      ap_vld|                    crc_V_137_out|       pointer|
|crc_V_136_out         |  out|    1|      ap_vld|                    crc_V_136_out|       pointer|
|crc_V_136_out_ap_vld  |  out|    1|      ap_vld|                    crc_V_136_out|       pointer|
|crc_V_76_out          |  out|    1|      ap_vld|                     crc_V_76_out|       pointer|
|crc_V_76_out_ap_vld   |  out|    1|      ap_vld|                     crc_V_76_out|       pointer|
|crc_V_75_out          |  out|    1|      ap_vld|                     crc_V_75_out|       pointer|
|crc_V_75_out_ap_vld   |  out|    1|      ap_vld|                     crc_V_75_out|       pointer|
|crc_V_74_out          |  out|    1|      ap_vld|                     crc_V_74_out|       pointer|
|crc_V_74_out_ap_vld   |  out|    1|      ap_vld|                     crc_V_74_out|       pointer|
|crc_V_73_out          |  out|    1|      ap_vld|                     crc_V_73_out|       pointer|
|crc_V_73_out_ap_vld   |  out|    1|      ap_vld|                     crc_V_73_out|       pointer|
|crc_V_135_out         |  out|    1|      ap_vld|                    crc_V_135_out|       pointer|
|crc_V_135_out_ap_vld  |  out|    1|      ap_vld|                    crc_V_135_out|       pointer|
|crc_V_71_out          |  out|    1|      ap_vld|                     crc_V_71_out|       pointer|
|crc_V_71_out_ap_vld   |  out|    1|      ap_vld|                     crc_V_71_out|       pointer|
|crc_V_70_out          |  out|    1|      ap_vld|                     crc_V_70_out|       pointer|
|crc_V_70_out_ap_vld   |  out|    1|      ap_vld|                     crc_V_70_out|       pointer|
|crc_V_69_out          |  out|    1|      ap_vld|                     crc_V_69_out|       pointer|
|crc_V_69_out_ap_vld   |  out|    1|      ap_vld|                     crc_V_69_out|       pointer|
|crc_V_68_out          |  out|    1|      ap_vld|                     crc_V_68_out|       pointer|
|crc_V_68_out_ap_vld   |  out|    1|      ap_vld|                     crc_V_68_out|       pointer|
|crc_V_67_out          |  out|    1|      ap_vld|                     crc_V_67_out|       pointer|
|crc_V_67_out_ap_vld   |  out|    1|      ap_vld|                     crc_V_67_out|       pointer|
|crc_V_66_out          |  out|    1|      ap_vld|                     crc_V_66_out|       pointer|
|crc_V_66_out_ap_vld   |  out|    1|      ap_vld|                     crc_V_66_out|       pointer|
|crc_V_65_out          |  out|    1|      ap_vld|                     crc_V_65_out|       pointer|
|crc_V_65_out_ap_vld   |  out|    1|      ap_vld|                     crc_V_65_out|       pointer|
+----------------------+-----+-----+------------+---------------------------------+--------------+

