

================================================================
== Vitis HLS Report for 'crc24a_Pipeline_VITIS_LOOP_53_5'
================================================================
* Date:           Mon Jun 19 16:50:00 2023

* Version:        2022.2.2 (Build 3779808 on Feb 17 2023)
* Project:        a9crc
* Solution:       solution_crc (Vivado IP Flow Target)
* Product family: zynquplus
* Target device:  xczu7ev-ffvc1156-2-e


================================================================
== Performance Estimates
================================================================
+ Timing: 
    * Summary: 
    +--------+----------+----------+------------+
    |  Clock |  Target  | Estimated| Uncertainty|
    +--------+----------+----------+------------+
    |ap_clk  |  10.00 ns|  1.503 ns|     2.70 ns|
    +--------+----------+----------+------------+

+ Latency: 
    * Summary: 
    +---------+---------+-----------+----------+-----+-----+---------+
    |  Latency (cycles) |  Latency (absolute)  |  Interval | Pipeline|
    |   min   |   max   |    min    |    max   | min | max |   Type  |
    +---------+---------+-----------+----------+-----+-----+---------+
    |        3|       34|  30.000 ns|  0.340 us|    3|   34|       no|
    +---------+---------+-----------+----------+-----+-----+---------+

    + Detail: 
        * Instance: 
        N/A

        * Loop: 
        +-------------------+---------+---------+----------+-----------+-----------+--------+----------+
        |                   |  Latency (cycles) | Iteration|  Initiation Interval  |  Trip  |          |
        |     Loop Name     |   min   |   max   |  Latency |  achieved |   target  |  Count | Pipelined|
        +-------------------+---------+---------+----------+-----------+-----------+--------+----------+
        |- VITIS_LOOP_53_5  |        1|       32|         1|          1|          1|  1 ~ 32|       yes|
        +-------------------+---------+---------+----------+-----------+-----------+--------+----------+



================================================================
== Utilization Estimates
================================================================
* Summary: 
+-----------------+---------+------+--------+--------+-----+
|       Name      | BRAM_18K|  DSP |   FF   |   LUT  | URAM|
+-----------------+---------+------+--------+--------+-----+
|DSP              |        -|     -|       -|       -|    -|
|Expression       |        -|     -|       0|      23|    -|
|FIFO             |        -|     -|       -|       -|    -|
|Instance         |        -|     -|       0|     148|    -|
|Memory           |        -|     -|       -|       -|    -|
|Multiplexer      |        -|     -|       -|      64|    -|
|Register         |        -|     -|       9|       -|    -|
+-----------------+---------+------+--------+--------+-----+
|Total            |        0|     0|       9|     235|    0|
+-----------------+---------+------+--------+--------+-----+
|Available        |      624|  1728|  460800|  230400|   96|
+-----------------+---------+------+--------+--------+-----+
|Utilization (%)  |        0|     0|      ~0|      ~0|    0|
+-----------------+---------+------+--------+--------+-----+

+ Detail: 
    * Instance: 
    +--------------------+---------------+---------+----+---+-----+-----+
    |      Instance      |     Module    | BRAM_18K| DSP| FF| LUT | URAM|
    +--------------------+---------------+---------+----+---+-----+-----+
    |mux_325_1_1_1_U100  |mux_325_1_1_1  |        0|   0|  0|  148|    0|
    +--------------------+---------------+---------+----+---+-----+-----+
    |Total               |               |        0|   0|  0|  148|    0|
    +--------------------+---------------+---------+----+---+-----+-----+

    * DSP: 
    N/A

    * Memory: 
    N/A

    * FIFO: 
    N/A

    * Expression: 
    +---------------------+----------+----+---+----+------------+------------+
    |    Variable Name    | Operation| DSP| FF| LUT| Bitwidth P0| Bitwidth P1|
    +---------------------+----------+----+---+----+------------+------------+
    |add_ln55_fu_348_p2   |         +|   0|  0|  13|           6|           1|
    |icmp_ln53_fu_342_p2  |      icmp|   0|  0|  10|           6|           7|
    +---------------------+----------+----+---+----+------------+------------+
    |Total                |          |   0|  0|  23|          12|           8|
    +---------------------+----------+----+---+----+------------+------------+

    * Multiplexer: 
    +----------------------------------------+----+-----------+-----+-----------+
    |                  Name                  | LUT| Input Size| Bits| Total Bits|
    +----------------------------------------+----+-----------+-----+-----------+
    |ap_done_int                             |   9|          2|    1|          2|
    |ap_phi_mux_UnifiedRetVal_phi_fu_321_p4  |  14|          3|    1|          3|
    |ap_return                               |   9|          2|    1|          2|
    |ap_sig_allocacmp_startIdx_1             |   9|          2|    6|         12|
    |icmp_ln53_out                           |  14|          3|    1|          3|
    |startIdx_fu_106                         |   9|          2|    6|         12|
    +----------------------------------------+----+-----------+-----+-----------+
    |Total                                   |  64|         14|   16|         34|
    +----------------------------------------+----+-----------+-----+-----------+

    * Register: 
    +-----------------+---+----+-----+-----------+
    |       Name      | FF| LUT| Bits| Const Bits|
    +-----------------+---+----+-----+-----------+
    |ap_CS_fsm        |  1|   0|    1|          0|
    |ap_done_reg      |  1|   0|    1|          0|
    |ap_return_preg   |  1|   0|    1|          0|
    |startIdx_fu_106  |  6|   0|    6|          0|
    +-----------------+---+----+-----+-----------+
    |Total            |  9|   0|    9|          0|
    +-----------------+---+----+-----+-----------+



================================================================
== Interface
================================================================
* Summary: 
+-------------------------------+-----+-----+------------+---------------------------------+--------------+
|           RTL Ports           | Dir | Bits|  Protocol  |          Source Object          |    C Type    |
+-------------------------------+-----+-----+------------+---------------------------------+--------------+
|ap_clk                         |   in|    1|  ap_ctrl_hs|  crc24a_Pipeline_VITIS_LOOP_53_5|  return value|
|ap_rst                         |   in|    1|  ap_ctrl_hs|  crc24a_Pipeline_VITIS_LOOP_53_5|  return value|
|ap_start                       |   in|    1|  ap_ctrl_hs|  crc24a_Pipeline_VITIS_LOOP_53_5|  return value|
|ap_done                        |  out|    1|  ap_ctrl_hs|  crc24a_Pipeline_VITIS_LOOP_53_5|  return value|
|ap_idle                        |  out|    1|  ap_ctrl_hs|  crc24a_Pipeline_VITIS_LOOP_53_5|  return value|
|ap_ready                       |  out|    1|  ap_ctrl_hs|  crc24a_Pipeline_VITIS_LOOP_53_5|  return value|
|ap_return                      |  out|    1|  ap_ctrl_hs|  crc24a_Pipeline_VITIS_LOOP_53_5|  return value|
|mux_case_01759_reload          |   in|    1|     ap_none|            mux_case_01759_reload|        scalar|
|conv3_i_15211762_reload        |   in|    1|     ap_none|          conv3_i_15211762_reload|        scalar|
|conv3_i_15351765_reload        |   in|    1|     ap_none|          conv3_i_15351765_reload|        scalar|
|conv3_i_15491768_reload        |   in|    1|     ap_none|          conv3_i_15491768_reload|        scalar|
|conv3_i_15631771_reload        |   in|    1|     ap_none|          conv3_i_15631771_reload|        scalar|
|conv3_i_15771774_reload        |   in|    1|     ap_none|          conv3_i_15771774_reload|        scalar|
|conv3_i_66181777_reload        |   in|    1|     ap_none|          conv3_i_66181777_reload|        scalar|
|lhs_V_1_reload                 |   in|    1|     ap_none|                   lhs_V_1_reload|        scalar|
|mux_case_85171783_reload       |   in|    1|     ap_none|         mux_case_85171783_reload|        scalar|
|mux_case_96101786_reload       |   in|    1|     ap_none|         mux_case_96101786_reload|        scalar|
|mux_case_106111789_reload      |   in|    1|     ap_none|        mux_case_106111789_reload|        scalar|
|mux_case_116121792_reload      |   in|    1|     ap_none|        mux_case_116121792_reload|        scalar|
|lhs_V_2_reload                 |   in|    1|     ap_none|                   lhs_V_2_reload|        scalar|
|lhs_V_3_reload                 |   in|    1|     ap_none|                   lhs_V_3_reload|        scalar|
|mux_case_147111801_reload      |   in|    1|     ap_none|        mux_case_147111801_reload|        scalar|
|mux_case_158061804_reload      |   in|    1|     ap_none|        mux_case_158061804_reload|        scalar|
|lhs_V_4_reload                 |   in|    1|     ap_none|                   lhs_V_4_reload|        scalar|
|mux_case_178081810_reload      |   in|    1|     ap_none|        mux_case_178081810_reload|        scalar|
|mux_case_189031813_reload      |   in|    1|     ap_none|        mux_case_189031813_reload|        scalar|
|lhs_V_5_reload                 |   in|    1|     ap_none|                   lhs_V_5_reload|        scalar|
|lhs_V_6_reload                 |   in|    1|     ap_none|                   lhs_V_6_reload|        scalar|
|mux_case_2110021822_reload     |   in|    1|     ap_none|       mux_case_2110021822_reload|        scalar|
|mux_case_2210971825_reload     |   in|    1|     ap_none|       mux_case_2210971825_reload|        scalar|
|lhs_V_7_reload                 |   in|    1|     ap_none|                   lhs_V_7_reload|        scalar|
|lhs_V_8_reload                 |   in|    1|     ap_none|                   lhs_V_8_reload|        scalar|
|lhs_V_9_reload                 |   in|    1|     ap_none|                   lhs_V_9_reload|        scalar|
|lhs_V_10_reload                |   in|    1|     ap_none|                  lhs_V_10_reload|        scalar|
|lhs_V_11_reload                |   in|    1|     ap_none|                  lhs_V_11_reload|        scalar|
|mux_case_2814871843_reload     |   in|    1|     ap_none|       mux_case_2814871843_reload|        scalar|
|lhs_V_12_reload                |   in|    1|     ap_none|                  lhs_V_12_reload|        scalar|
|lhs_V_13_reload                |   in|    1|     ap_none|                  lhs_V_13_reload|        scalar|
|mux_case_3146316811852_reload  |   in|    1|     ap_none|    mux_case_3146316811852_reload|        scalar|
|startIdx_out                   |  out|    5|      ap_vld|                     startIdx_out|       pointer|
|startIdx_out_ap_vld            |  out|    1|      ap_vld|                     startIdx_out|       pointer|
|icmp_ln53_out                  |  out|    1|      ap_vld|                    icmp_ln53_out|       pointer|
|icmp_ln53_out_ap_vld           |  out|    1|      ap_vld|                    icmp_ln53_out|       pointer|
+-------------------------------+-----+-----+------------+---------------------------------+--------------+

