/home/sam-admin/git/Training/HLS_Vivado/hls/cpr/solution1/.autopilot/db/cpr.pp.0.cpp:1463:7: warning: Added loop label VITIS_LOOP_1211_1:   [xilinx-label-all-loops]
      for (i = 0; i < __N - 1; ++i) {
      ^~~
      VITIS_LOOP_1211_1: 
/home/sam-admin/git/Training/HLS_Vivado/hls/cpr/solution1/.autopilot/db/cpr.pp.0.cpp:1463:7: note: FIX-IT applied suggested code changes
/home/sam-admin/git/Training/HLS_Vivado/hls/cpr/solution1/.autopilot/db/cpr.pp.0.cpp:2437:5: warning: Added loop label VITIS_LOOP_676_1:   [xilinx-label-all-loops]
    for (unsigned i = low; i != high; ++i) {
    ^~~
    VITIS_LOOP_676_1: 
/home/sam-admin/git/Training/HLS_Vivado/hls/cpr/solution1/.autopilot/db/cpr.pp.0.cpp:2437:5: note: FIX-IT applied suggested code changes
/home/sam-admin/git/Training/HLS_Vivado/hls/cpr/solution1/.autopilot/db/cpr.pp.0.cpp:2451:5: warning: Added loop label VITIS_LOOP_690_1:   [xilinx-label-all-loops]
    for (unsigned i = low; i != high; ++i) {
    ^~~
    VITIS_LOOP_690_1: 
/home/sam-admin/git/Training/HLS_Vivado/hls/cpr/solution1/.autopilot/db/cpr.pp.0.cpp:2451:5: note: FIX-IT applied suggested code changes
/home/sam-admin/git/Training/HLS_Vivado/hls/cpr/solution1/.autopilot/db/cpr.pp.0.cpp:2465:5: warning: Added loop label VITIS_LOOP_704_1:   [xilinx-label-all-loops]
    for (unsigned i = low; i != high; ++i) {
    ^~~
    VITIS_LOOP_704_1: 
/home/sam-admin/git/Training/HLS_Vivado/hls/cpr/solution1/.autopilot/db/cpr.pp.0.cpp:2465:5: note: FIX-IT applied suggested code changes
/home/sam-admin/git/Training/HLS_Vivado/hls/cpr/solution1/.autopilot/db/cpr.pp.0.cpp:4064:7: warning: Added loop label VITIS_LOOP_1245_1:   [xilinx-label-all-loops]
      for (i = 0; i < __N - 1; ++i) {
      ^~~
      VITIS_LOOP_1245_1: 
/home/sam-admin/git/Training/HLS_Vivado/hls/cpr/solution1/.autopilot/db/cpr.pp.0.cpp:4064:7: note: FIX-IT applied suggested code changes
/home/sam-admin/git/Training/HLS_Vivado/hls/cpr/solution1/.autopilot/db/cpr.pp.0.cpp:40960:5: warning: Added loop label VITIS_LOOP_11_1:   [xilinx-label-all-loops]
    for (int i = 0; i < 8800 -608; i++) {
    ^~~
    VITIS_LOOP_11_1: 
/home/sam-admin/git/Training/HLS_Vivado/hls/cpr/solution1/.autopilot/db/cpr.pp.0.cpp:40960:5: note: FIX-IT applied suggested code changes
