/home/sam-admin/git/Training/HLS_Vivado/hls/cpr/solution1/.autopilot/db/datagen.pp.0.cpp:29503:7: warning: Added loop label VITIS_LOOP_1211_1:   [xilinx-label-all-loops]
      for (i = 0; i < __N - 1; ++i) {
      ^~~
      VITIS_LOOP_1211_1: 
/home/sam-admin/git/Training/HLS_Vivado/hls/cpr/solution1/.autopilot/db/datagen.pp.0.cpp:29503:7: note: FIX-IT applied suggested code changes
/home/sam-admin/git/Training/HLS_Vivado/hls/cpr/solution1/.autopilot/db/datagen.pp.0.cpp:30477:5: warning: Added loop label VITIS_LOOP_676_1:   [xilinx-label-all-loops]
    for (unsigned i = low; i != high; ++i) {
    ^~~
    VITIS_LOOP_676_1: 
/home/sam-admin/git/Training/HLS_Vivado/hls/cpr/solution1/.autopilot/db/datagen.pp.0.cpp:30477:5: note: FIX-IT applied suggested code changes
/home/sam-admin/git/Training/HLS_Vivado/hls/cpr/solution1/.autopilot/db/datagen.pp.0.cpp:30491:5: warning: Added loop label VITIS_LOOP_690_1:   [xilinx-label-all-loops]
    for (unsigned i = low; i != high; ++i) {
    ^~~
    VITIS_LOOP_690_1: 
/home/sam-admin/git/Training/HLS_Vivado/hls/cpr/solution1/.autopilot/db/datagen.pp.0.cpp:30491:5: note: FIX-IT applied suggested code changes
/home/sam-admin/git/Training/HLS_Vivado/hls/cpr/solution1/.autopilot/db/datagen.pp.0.cpp:30505:5: warning: Added loop label VITIS_LOOP_704_1:   [xilinx-label-all-loops]
    for (unsigned i = low; i != high; ++i) {
    ^~~
    VITIS_LOOP_704_1: 
/home/sam-admin/git/Training/HLS_Vivado/hls/cpr/solution1/.autopilot/db/datagen.pp.0.cpp:30505:5: note: FIX-IT applied suggested code changes
/home/sam-admin/git/Training/HLS_Vivado/hls/cpr/solution1/.autopilot/db/datagen.pp.0.cpp:32104:7: warning: Added loop label VITIS_LOOP_1245_1:   [xilinx-label-all-loops]
      for (i = 0; i < __N - 1; ++i) {
      ^~~
      VITIS_LOOP_1245_1: 
/home/sam-admin/git/Training/HLS_Vivado/hls/cpr/solution1/.autopilot/db/datagen.pp.0.cpp:32104:7: note: FIX-IT applied suggested code changes
/home/sam-admin/git/Training/HLS_Vivado/hls/cpr/solution1/.autopilot/db/datagen.pp.0.cpp:47299:5: warning: Added loop label VITIS_LOOP_8_1:   [xilinx-label-all-loops]
    for (int i = 0; i < 8800; i++) {
    ^~~
    VITIS_LOOP_8_1: 
/home/sam-admin/git/Training/HLS_Vivado/hls/cpr/solution1/.autopilot/db/datagen.pp.0.cpp:47299:5: note: FIX-IT applied suggested code changes
