INFO: [COSIM-47] Using XSIM for RTL simulation.
INFO: [COSIM-14] Instrumenting C test bench ...
   Build using "/tools/Xilinx/Vivado/2018.3/tps/lnx64/gcc-6.2.0/bin/g++"
   Compiling a6.cpp_pre.cpp.tb.cpp
   Compiling a6_tb.cpp_pre.cpp.tb.cpp
   Compiling apatb_a6.cpp
   Generating cosim.tv.exe
INFO: [COSIM-302] Starting C TB testing ... 
INFO: [COSIM-333] Generating C post check test bench ...
INFO: [COSIM-12] Generating RTL test bench ...
INFO: [COSIM-323] Starting verilog simulation. 
INFO: [COSIM-15] Starting XSIM ...
INFO: [COSIM-316] Starting C post checking ...
ALL TEST CASES ARE PASSED!
INFO: [XSIM 43-3496] Using init file passed via -initfile option "/tools/Xilinx/Vivado/2018.3/data/xsim/ip/xsim_ip.ini".
Vivado Simulator 2018.3
Copyright 1986-1999, 2001-2018 Xilinx, Inc. All Rights Reserved.
Running: /tools/Xilinx/Vivado/2018.3/bin/unwrapped/lnx64.o/xelab xil_defaultlib.apatb_a6_top glbl -prj a6.prj -L smartconnect_v1_0 -L axi_protocol_checker_v1_1_12 -L axi_protocol_checker_v1_1_13 -L axis_protocol_checker_v1_1_11 -L axis_protocol_checker_v1_1_12 -L xil_defaultlib -L unisims_ver -L xpm --initfile /tools/Xilinx/Vivado/2018.3/data/xsim/ip/xsim_ip.ini --lib ieee_proposed=./ieee_proposed -s a6 
Multi-threading is on. Using 6 slave threads.
WARNING: [XSIM 43-3431] One or more environment variables have been detected which affect the operation of the C compiler. These are typically not set in standard installations and are not tested by Xilinx, however they may be appropriate for your system, so the flow will attempt to continue.  If errors occur, try running xelab with the "-mt off -v 1" switches to see more information from the C compiler. The following environment variables have been detected:
    LIBRARY_PATH
INFO: [VRFC 10-2263] Analyzing SystemVerilog file "/home/sam-admin/git/Training/HLS_Assignments/A6/codes/Assignment6/solution1/sim/verilog/glbl.v" into library work
INFO: [VRFC 10-311] analyzing module glbl
INFO: [VRFC 10-2263] Analyzing SystemVerilog file "/home/sam-admin/git/Training/HLS_Assignments/A6/codes/Assignment6/solution1/sim/verilog/a6.v" into library xil_defaultlib
INFO: [VRFC 10-311] analyzing module a6
INFO: [VRFC 10-2263] Analyzing SystemVerilog file "/home/sam-admin/git/Training/HLS_Assignments/A6/codes/Assignment6/solution1/sim/verilog/a6.autotb.v" into library xil_defaultlib
INFO: [VRFC 10-311] analyzing module apatb_a6_top
Starting static elaboration
Completed static elaboration
Starting simulation data flow analysis
Completed simulation data flow analysis
Time Resolution for simulation is 1ps
Compiling module xil_defaultlib.a6
Compiling module xil_defaultlib.apatb_a6_top
Compiling module work.glbl
Built simulation snapshot a6

****** Webtalk v2018.3 (64-bit)
  **** SW Build 2405991 on Thu Dec  6 23:36:41 MST 2018
  **** IP Build 2404404 on Fri Dec  7 01:43:56 MST 2018
    ** Copyright 1986-2018 Xilinx, Inc. All Rights Reserved.

source /home/sam-admin/git/Training/HLS_Assignments/A6/codes/Assignment6/solution1/sim/verilog/xsim.dir/a6/webtalk/xsim_webtalk.tcl -notrace
INFO: [Common 17-206] Exiting Webtalk at Tue Apr  4 21:41:24 2023...

****** xsim v2018.3 (64-bit)
  **** SW Build 2405991 on Thu Dec  6 23:36:41 MST 2018
  **** IP Build 2404404 on Fri Dec  7 01:43:56 MST 2018
    ** Copyright 1986-2018 Xilinx, Inc. All Rights Reserved.

source xsim.dir/a6/xsim_script.tcl
# xsim {a6} -autoloadwcfg -tclbatch {a6.tcl}
Vivado Simulator 2018.3
Time resolution is 1 ps
source a6.tcl
## run all
////////////////////////////////////////////////////////////////////////////////////
// Inter-Transaction Progress: Completed Transaction / Total Transaction
// Intra-Transaction Progress: Measured Latency / Latency Estimation * 100%
//
// RTL Simulation : "Inter-Transaction Progress" ["Intra-Transaction Progress"] @ "Simulation Time"
////////////////////////////////////////////////////////////////////////////////////
// RTL Simulation : 0 / 6 [0.00%] @ "125000"
// RTL Simulation : 1 / 6 [100.00%] @ "175000"
// RTL Simulation : 2 / 6 [100.00%] @ "215000"
// RTL Simulation : 3 / 6 [100.00%] @ "245000"
// RTL Simulation : 4 / 6 [100.00%] @ "275000"
// RTL Simulation : 5 / 6 [100.00%] @ "365000"
// RTL Simulation : 6 / 6 [100.00%] @ "455000"
////////////////////////////////////////////////////////////////////////////////////
$finish called at time : 495 ns : File "/home/sam-admin/git/Training/HLS_Assignments/A6/codes/Assignment6/solution1/sim/verilog/a6.autotb.v" Line 404
## quit
INFO: [Common 17-206] Exiting xsim at Tue Apr  4 21:41:32 2023...
ALL TEST CASES ARE PASSED!
INFO: [COSIM-1000] *** C/RTL co-simulation finished: PASS ***
