/home/sam-admin/Desktop/iith/Module-2/sampractrice/hlspract/practsam/solution1/.autopilot/db/pract.pp.0.cpp:1456:7: warning: Added loop label VITIS_LOOP_1211_1:   [xilinx-label-all-loops]
      for (i = 0; i < __N - 1; ++i) {
      ^~~
      VITIS_LOOP_1211_1: 
/home/sam-admin/Desktop/iith/Module-2/sampractrice/hlspract/practsam/solution1/.autopilot/db/pract.pp.0.cpp:1456:7: note: FIX-IT applied suggested code changes
/home/sam-admin/Desktop/iith/Module-2/sampractrice/hlspract/practsam/solution1/.autopilot/db/pract.pp.0.cpp:2430:5: warning: Added loop label VITIS_LOOP_676_1:   [xilinx-label-all-loops]
    for (unsigned i = low; i != high; ++i) {
    ^~~
    VITIS_LOOP_676_1: 
/home/sam-admin/Desktop/iith/Module-2/sampractrice/hlspract/practsam/solution1/.autopilot/db/pract.pp.0.cpp:2430:5: note: FIX-IT applied suggested code changes
/home/sam-admin/Desktop/iith/Module-2/sampractrice/hlspract/practsam/solution1/.autopilot/db/pract.pp.0.cpp:2444:5: warning: Added loop label VITIS_LOOP_690_1:   [xilinx-label-all-loops]
    for (unsigned i = low; i != high; ++i) {
    ^~~
    VITIS_LOOP_690_1: 
/home/sam-admin/Desktop/iith/Module-2/sampractrice/hlspract/practsam/solution1/.autopilot/db/pract.pp.0.cpp:2444:5: note: FIX-IT applied suggested code changes
/home/sam-admin/Desktop/iith/Module-2/sampractrice/hlspract/practsam/solution1/.autopilot/db/pract.pp.0.cpp:2458:5: warning: Added loop label VITIS_LOOP_704_1:   [xilinx-label-all-loops]
    for (unsigned i = low; i != high; ++i) {
    ^~~
    VITIS_LOOP_704_1: 
/home/sam-admin/Desktop/iith/Module-2/sampractrice/hlspract/practsam/solution1/.autopilot/db/pract.pp.0.cpp:2458:5: note: FIX-IT applied suggested code changes
/home/sam-admin/Desktop/iith/Module-2/sampractrice/hlspract/practsam/solution1/.autopilot/db/pract.pp.0.cpp:4069:7: warning: Added loop label VITIS_LOOP_1245_1:   [xilinx-label-all-loops]
      for (i = 0; i < __N - 1; ++i) {
      ^~~
      VITIS_LOOP_1245_1: 
/home/sam-admin/Desktop/iith/Module-2/sampractrice/hlspract/practsam/solution1/.autopilot/db/pract.pp.0.cpp:4069:7: note: FIX-IT applied suggested code changes
