Analysis & Synthesis report for sample_2
Tue Nov 14 17:09:13 2023
Quartus Prime Version 22.1std.2 Build 922 07/20/2023 SC Lite Edition


---------------------
; Table of Contents ;
---------------------
  1. Legal Notice
  2. Analysis & Synthesis Summary
  3. Analysis & Synthesis Settings
  4. Parallel Compilation
  5. Analysis & Synthesis Source Files Read
  6. Analysis & Synthesis Resource Usage Summary
  7. Analysis & Synthesis Resource Utilization by Entity
  8. Analysis & Synthesis IP Cores Summary
  9. Registers Removed During Synthesis
 10. General Register Statistics
 11. Multiplexer Restructuring Statistics (Restructuring Performed)
 12. Source assignments for altera_reset_controller:rst_controller|altera_reset_synchronizer:alt_rst_sync_uq1
 13. Source assignments for altera_reset_controller:rst_controller|altera_reset_synchronizer:alt_rst_req_sync_uq1
 14. Parameter Settings for User Entity Instance: altera_reset_controller:rst_controller
 15. Parameter Settings for User Entity Instance: altera_reset_controller:rst_controller|altera_reset_synchronizer:alt_rst_sync_uq1
 16. Parameter Settings for User Entity Instance: altera_reset_controller:rst_controller|altera_reset_synchronizer:alt_rst_req_sync_uq1
 17. Port Connectivity Checks: "altera_reset_controller:rst_controller|altera_reset_synchronizer:alt_rst_req_sync_uq1"
 18. Port Connectivity Checks: "altera_reset_controller:rst_controller"
 19. Post-Synthesis Netlist Statistics for Top Partition
 20. Elapsed Time Per Partition
 21. Analysis & Synthesis Messages



----------------
; Legal Notice ;
----------------
Copyright (C) 2023  Intel Corporation. All rights reserved.
Your use of Intel Corporation's design tools, logic functions 
and other software and tools, and any partner logic 
functions, and any output files from any of the foregoing 
(including device programming or simulation files), and any 
associated documentation or information are expressly subject 
to the terms and conditions of the Intel Program License 
Subscription Agreement, the Intel Quartus Prime License Agreement,
the Intel FPGA IP License Agreement, or other applicable license
agreement, including, without limitation, that your use is for
the sole purpose of programming logic devices manufactured by
Intel and sold by Intel or its authorized distributors.  Please
refer to the applicable agreement for further details, at
https://fpgasoftware.intel.com/eula.



+----------------------------------------------------------------------------------+
; Analysis & Synthesis Summary                                                     ;
+---------------------------------+------------------------------------------------+
; Analysis & Synthesis Status     ; Successful - Tue Nov 14 17:09:13 2023          ;
; Quartus Prime Version           ; 22.1std.2 Build 922 07/20/2023 SC Lite Edition ;
; Revision Name                   ; sample_2                                       ;
; Top-level Entity Name           ; unsaved                                        ;
; Family                          ; Cyclone V                                      ;
; Logic utilization (in ALMs)     ; N/A                                            ;
; Total registers                 ; 8                                              ;
; Total pins                      ; 22                                             ;
; Total virtual pins              ; 0                                              ;
; Total block memory bits         ; 0                                              ;
; Total DSP Blocks                ; 0                                              ;
; Total HSSI RX PCSs              ; 0                                              ;
; Total HSSI PMA RX Deserializers ; 0                                              ;
; Total HSSI TX PCSs              ; 0                                              ;
; Total HSSI PMA TX Serializers   ; 0                                              ;
; Total PLLs                      ; 0                                              ;
; Total DLLs                      ; 0                                              ;
+---------------------------------+------------------------------------------------+


+---------------------------------------------------------------------------------------------------------------------------+
; Analysis & Synthesis Settings                                                                                             ;
+---------------------------------------------------------------------------------+--------------------+--------------------+
; Option                                                                          ; Setting            ; Default Value      ;
+---------------------------------------------------------------------------------+--------------------+--------------------+
; Device                                                                          ; 5CGXFC7C7F23C8     ;                    ;
; Top-level entity name                                                           ; unsaved            ; sample_2           ;
; Family name                                                                     ; Cyclone V          ; Cyclone V          ;
; Use smart compilation                                                           ; Off                ; Off                ;
; Enable parallel Assembler and Timing Analyzer during compilation                ; On                 ; On                 ;
; Enable compact report table                                                     ; Off                ; Off                ;
; Restructure Multiplexers                                                        ; Auto               ; Auto               ;
; MLAB Add Timing Constraints For Mixed-Port Feed-Through Mode Setting Don't Care ; Off                ; Off                ;
; Create Debugging Nodes for IP Cores                                             ; Off                ; Off                ;
; Preserve fewer node names                                                       ; On                 ; On                 ;
; Intel FPGA IP Evaluation Mode                                                   ; Enable             ; Enable             ;
; Verilog Version                                                                 ; Verilog_2001       ; Verilog_2001       ;
; VHDL Version                                                                    ; VHDL_1993          ; VHDL_1993          ;
; State Machine Processing                                                        ; Auto               ; Auto               ;
; Safe State Machine                                                              ; Off                ; Off                ;
; Extract Verilog State Machines                                                  ; On                 ; On                 ;
; Extract VHDL State Machines                                                     ; On                 ; On                 ;
; Ignore Verilog initial constructs                                               ; Off                ; Off                ;
; Iteration limit for constant Verilog loops                                      ; 5000               ; 5000               ;
; Iteration limit for non-constant Verilog loops                                  ; 250                ; 250                ;
; Add Pass-Through Logic to Inferred RAMs                                         ; On                 ; On                 ;
; Infer RAMs from Raw Logic                                                       ; On                 ; On                 ;
; Parallel Synthesis                                                              ; On                 ; On                 ;
; DSP Block Balancing                                                             ; Auto               ; Auto               ;
; NOT Gate Push-Back                                                              ; On                 ; On                 ;
; Power-Up Don't Care                                                             ; On                 ; On                 ;
; Remove Redundant Logic Cells                                                    ; Off                ; Off                ;
; Remove Duplicate Registers                                                      ; On                 ; On                 ;
; Ignore CARRY Buffers                                                            ; Off                ; Off                ;
; Ignore CASCADE Buffers                                                          ; Off                ; Off                ;
; Ignore GLOBAL Buffers                                                           ; Off                ; Off                ;
; Ignore ROW GLOBAL Buffers                                                       ; Off                ; Off                ;
; Ignore LCELL Buffers                                                            ; Off                ; Off                ;
; Ignore SOFT Buffers                                                             ; On                 ; On                 ;
; Limit AHDL Integers to 32 Bits                                                  ; Off                ; Off                ;
; Optimization Technique                                                          ; Balanced           ; Balanced           ;
; Carry Chain Length                                                              ; 70                 ; 70                 ;
; Auto Carry Chains                                                               ; On                 ; On                 ;
; Auto Open-Drain Pins                                                            ; On                 ; On                 ;
; Perform WYSIWYG Primitive Resynthesis                                           ; Off                ; Off                ;
; Auto ROM Replacement                                                            ; On                 ; On                 ;
; Auto RAM Replacement                                                            ; On                 ; On                 ;
; Auto DSP Block Replacement                                                      ; On                 ; On                 ;
; Auto Shift Register Replacement                                                 ; Auto               ; Auto               ;
; Allow Shift Register Merging across Hierarchies                                 ; Auto               ; Auto               ;
; Auto Clock Enable Replacement                                                   ; On                 ; On                 ;
; Strict RAM Replacement                                                          ; Off                ; Off                ;
; Allow Synchronous Control Signals                                               ; On                 ; On                 ;
; Force Use of Synchronous Clear Signals                                          ; Off                ; Off                ;
; Auto Resource Sharing                                                           ; Off                ; Off                ;
; Allow Any RAM Size For Recognition                                              ; Off                ; Off                ;
; Allow Any ROM Size For Recognition                                              ; Off                ; Off                ;
; Allow Any Shift Register Size For Recognition                                   ; Off                ; Off                ;
; Use LogicLock Constraints during Resource Balancing                             ; On                 ; On                 ;
; Ignore translate_off and synthesis_off directives                               ; Off                ; Off                ;
; Timing-Driven Synthesis                                                         ; On                 ; On                 ;
; Report Parameter Settings                                                       ; On                 ; On                 ;
; Report Source Assignments                                                       ; On                 ; On                 ;
; Report Connectivity Checks                                                      ; On                 ; On                 ;
; Ignore Maximum Fan-Out Assignments                                              ; Off                ; Off                ;
; Synchronization Register Chain Length                                           ; 3                  ; 3                  ;
; Power Optimization During Synthesis                                             ; Normal compilation ; Normal compilation ;
; HDL message level                                                               ; Level2             ; Level2             ;
; Suppress Register Optimization Related Messages                                 ; Off                ; Off                ;
; Number of Removed Registers Reported in Synthesis Report                        ; 5000               ; 5000               ;
; Number of Swept Nodes Reported in Synthesis Report                              ; 5000               ; 5000               ;
; Number of Inverted Registers Reported in Synthesis Report                       ; 100                ; 100                ;
; Clock MUX Protection                                                            ; On                 ; On                 ;
; Auto Gated Clock Conversion                                                     ; Off                ; Off                ;
; Block Design Naming                                                             ; Auto               ; Auto               ;
; SDC constraint protection                                                       ; Off                ; Off                ;
; Synthesis Effort                                                                ; Auto               ; Auto               ;
; Shift Register Replacement - Allow Asynchronous Clear Signal                    ; On                 ; On                 ;
; Pre-Mapping Resynthesis Optimization                                            ; Off                ; Off                ;
; Analysis & Synthesis Message Level                                              ; Medium             ; Medium             ;
; Disable Register Merging Across Hierarchies                                     ; Auto               ; Auto               ;
; Resource Aware Inference For Block RAM                                          ; On                 ; On                 ;
; Automatic Parallel Synthesis                                                    ; On                 ; On                 ;
; Partial Reconfiguration Bitstream ID                                            ; Off                ; Off                ;
+---------------------------------------------------------------------------------+--------------------+--------------------+


+------------------------------------------+
; Parallel Compilation                     ;
+----------------------------+-------------+
; Processors                 ; Number      ;
+----------------------------+-------------+
; Number detected on machine ; 8           ;
; Maximum allowed            ; 4           ;
;                            ;             ;
; Average used               ; 1.00        ;
; Maximum used               ; 4           ;
;                            ;             ;
; Usage by Processor         ; % Time Used ;
;     Processor 1            ; 100.0%      ;
;     Processors 2-4         ;   0.0%      ;
+----------------------------+-------------+


+--------------------------------------------------------------------------------------------------------------------------------------------------------------------------------------------------------------------------------------------------------------------------------+
; Analysis & Synthesis Source Files Read                                                                                                                                                                                                                                         ;
+----------------------------------------------------------+-----------------+------------------------------+----------------------------------------------------------------------------------------------------------------------------------------------------------+---------+
; File Name with User-Entered Path                         ; Used in Netlist ; File Type                    ; File Name with Absolute Path                                                                                                                             ; Library ;
+----------------------------------------------------------+-----------------+------------------------------+----------------------------------------------------------------------------------------------------------------------------------------------------------+---------+
; unsaved/synthesis/unsaved.v                              ; yes             ; User Verilog HDL File        ; /home/sam-admin/git/Training/Quartus/Creating the Same Sample Code as a IP and use it with QSYS/unsaved/synthesis/unsaved.v                              ; unsaved ;
; unsaved/synthesis/submodules/altera_reset_controller.v   ; yes             ; User Verilog HDL File        ; /home/sam-admin/git/Training/Quartus/Creating the Same Sample Code as a IP and use it with QSYS/unsaved/synthesis/submodules/altera_reset_controller.v   ; unsaved ;
; unsaved/synthesis/submodules/altera_reset_synchronizer.v ; yes             ; User Verilog HDL File        ; /home/sam-admin/git/Training/Quartus/Creating the Same Sample Code as a IP and use it with QSYS/unsaved/synthesis/submodules/altera_reset_synchronizer.v ; unsaved ;
; unsaved/synthesis/submodules/counter.sv                  ; yes             ; User SystemVerilog HDL File  ; /home/sam-admin/git/Training/Quartus/Creating the Same Sample Code as a IP and use it with QSYS/unsaved/synthesis/submodules/counter.sv                  ; unsaved ;
+----------------------------------------------------------+-----------------+------------------------------+----------------------------------------------------------------------------------------------------------------------------------------------------------+---------+


+------------------------------------------------------------------------------------+
; Analysis & Synthesis Resource Usage Summary                                        ;
+---------------------------------------------+--------------------------------------+
; Resource                                    ; Usage                                ;
+---------------------------------------------+--------------------------------------+
; Estimate of Logic utilization (ALMs needed) ; 11                                   ;
;                                             ;                                      ;
; Combinational ALUT usage for logic          ; 19                                   ;
;     -- 7 input functions                    ; 0                                    ;
;     -- 6 input functions                    ; 3                                    ;
;     -- 5 input functions                    ; 8                                    ;
;     -- 4 input functions                    ; 0                                    ;
;     -- <=3 input functions                  ; 8                                    ;
;                                             ;                                      ;
; Dedicated logic registers                   ; 8                                    ;
;                                             ;                                      ;
; I/O pins                                    ; 22                                   ;
;                                             ;                                      ;
; Total DSP Blocks                            ; 0                                    ;
;                                             ;                                      ;
; Maximum fan-out node                        ; counter_custom_ip_0_latch_read~input ;
; Maximum fan-out                             ; 10                                   ;
; Total fan-out                               ; 126                                  ;
; Average fan-out                             ; 1.77                                 ;
+---------------------------------------------+--------------------------------------+


+---------------------------------------------------------------------------------------------------------------------------------------------------------------------------------------------------------------+
; Analysis & Synthesis Resource Utilization by Entity                                                                                                                                                           ;
+----------------------------------+---------------------+---------------------------+-------------------+------------+------+--------------+--------------------------------------+-------------+--------------+
; Compilation Hierarchy Node       ; Combinational ALUTs ; Dedicated Logic Registers ; Block Memory Bits ; DSP Blocks ; Pins ; Virtual Pins ; Full Hierarchy Name                  ; Entity Name ; Library Name ;
+----------------------------------+---------------------+---------------------------+-------------------+------------+------+--------------+--------------------------------------+-------------+--------------+
; |unsaved                         ; 19 (0)              ; 8 (0)                     ; 0                 ; 0          ; 22   ; 0            ; |unsaved                             ; unsaved     ; unsaved      ;
;    |counter:counter_custom_ip_0| ; 19 (19)             ; 8 (8)                     ; 0                 ; 0          ; 0    ; 0            ; |unsaved|counter:counter_custom_ip_0 ; counter     ; unsaved      ;
+----------------------------------+---------------------+---------------------------+-------------------+------------+------+--------------+--------------------------------------+-------------+--------------+
Note: For table entries with two numbers listed, the numbers in parentheses indicate the number of resources of the given type used by the specific entity alone. The numbers listed outside of parentheses indicate the total resources of the given type used by the specific entity and all of its sub-entities in the hierarchy.


+----------------------------------------------------------------------------------------------------------------------------------------------+
; Analysis & Synthesis IP Cores Summary                                                                                                        ;
+--------+-------------------------+---------+--------------+--------------+-------------------------------------------------+-----------------+
; Vendor ; IP Core Name            ; Version ; Release Date ; License Type ; Entity Instance                                 ; IP Include File ;
+--------+-------------------------+---------+--------------+--------------+-------------------------------------------------+-----------------+
; N/A    ; Qsys                    ; 22.1    ; N/A          ; N/A          ; |unsaved                                        ; unsaved.qsys    ;
; Altera ; altera_reset_controller ; 22.1    ; N/A          ; N/A          ; |unsaved|altera_reset_controller:rst_controller ; unsaved.qsys    ;
+--------+-------------------------+---------+--------------+--------------+-------------------------------------------------+-----------------+


+--------------------------------------------------------------------------------+
; Registers Removed During Synthesis                                             ;
+---------------------------------------+----------------------------------------+
; Register name                         ; Reason for Removal                     ;
+---------------------------------------+----------------------------------------+
; counter:counter_custom_ip_0|zero      ; Stuck at VCC due to stuck port data_in ;
; Total Number of Removed Registers = 1 ;                                        ;
+---------------------------------------+----------------------------------------+


+------------------------------------------------------+
; General Register Statistics                          ;
+----------------------------------------------+-------+
; Statistic                                    ; Value ;
+----------------------------------------------+-------+
; Total registers                              ; 8     ;
; Number of registers using Synchronous Clear  ; 0     ;
; Number of registers using Synchronous Load   ; 0     ;
; Number of registers using Asynchronous Clear ; 0     ;
; Number of registers using Asynchronous Load  ; 0     ;
; Number of registers using Clock Enable       ; 7     ;
; Number of registers using Preset             ; 0     ;
+----------------------------------------------+-------+


+-------------------------------------------------------------------------------------------------------------------------------------------------------------+
; Multiplexer Restructuring Statistics (Restructuring Performed)                                                                                              ;
+--------------------+-----------+---------------+----------------------+------------------------+------------+-----------------------------------------------+
; Multiplexer Inputs ; Bus Width ; Baseline Area ; Area if Restructured ; Saving if Restructured ; Registered ; Example Multiplexer Output                    ;
+--------------------+-----------+---------------+----------------------+------------------------+------------+-----------------------------------------------+
; 6:1                ; 7 bits    ; 28 LEs        ; 14 LEs               ; 14 LEs                 ; Yes        ; |unsaved|counter:counter_custom_ip_0|count[0] ;
+--------------------+-----------+---------------+----------------------+------------------------+------------+-----------------------------------------------+


+----------------------------------------------------------------------------------------------------------+
; Source assignments for altera_reset_controller:rst_controller|altera_reset_synchronizer:alt_rst_sync_uq1 ;
+-------------------+-------+------+-----------------------------------------------------------------------+
; Assignment        ; Value ; From ; To                                                                    ;
+-------------------+-------+------+-----------------------------------------------------------------------+
; PRESERVE_REGISTER ; on    ; -    ; altera_reset_synchronizer_int_chain[1]                                ;
; PRESERVE_REGISTER ; on    ; -    ; altera_reset_synchronizer_int_chain[0]                                ;
+-------------------+-------+------+-----------------------------------------------------------------------+


+--------------------------------------------------------------------------------------------------------------+
; Source assignments for altera_reset_controller:rst_controller|altera_reset_synchronizer:alt_rst_req_sync_uq1 ;
+-------------------+-------+------+---------------------------------------------------------------------------+
; Assignment        ; Value ; From ; To                                                                        ;
+-------------------+-------+------+---------------------------------------------------------------------------+
; PRESERVE_REGISTER ; on    ; -    ; altera_reset_synchronizer_int_chain[0]                                    ;
; PRESERVE_REGISTER ; on    ; -    ; altera_reset_synchronizer_int_chain[1]                                    ;
+-------------------+-------+------+---------------------------------------------------------------------------+


+-------------------------------------------------------------------------------------+
; Parameter Settings for User Entity Instance: altera_reset_controller:rst_controller ;
+---------------------------+----------+----------------------------------------------+
; Parameter Name            ; Value    ; Type                                         ;
+---------------------------+----------+----------------------------------------------+
; NUM_RESET_INPUTS          ; 1        ; Signed Integer                               ;
; USE_RESET_REQUEST_IN0     ; 0        ; Signed Integer                               ;
; USE_RESET_REQUEST_IN1     ; 0        ; Signed Integer                               ;
; USE_RESET_REQUEST_IN2     ; 0        ; Signed Integer                               ;
; USE_RESET_REQUEST_IN3     ; 0        ; Signed Integer                               ;
; USE_RESET_REQUEST_IN4     ; 0        ; Signed Integer                               ;
; USE_RESET_REQUEST_IN5     ; 0        ; Signed Integer                               ;
; USE_RESET_REQUEST_IN6     ; 0        ; Signed Integer                               ;
; USE_RESET_REQUEST_IN7     ; 0        ; Signed Integer                               ;
; USE_RESET_REQUEST_IN8     ; 0        ; Signed Integer                               ;
; USE_RESET_REQUEST_IN9     ; 0        ; Signed Integer                               ;
; USE_RESET_REQUEST_IN10    ; 0        ; Signed Integer                               ;
; USE_RESET_REQUEST_IN11    ; 0        ; Signed Integer                               ;
; USE_RESET_REQUEST_IN12    ; 0        ; Signed Integer                               ;
; USE_RESET_REQUEST_IN13    ; 0        ; Signed Integer                               ;
; USE_RESET_REQUEST_IN14    ; 0        ; Signed Integer                               ;
; USE_RESET_REQUEST_IN15    ; 0        ; Signed Integer                               ;
; OUTPUT_RESET_SYNC_EDGES   ; deassert ; String                                       ;
; SYNC_DEPTH                ; 2        ; Signed Integer                               ;
; RESET_REQUEST_PRESENT     ; 0        ; Signed Integer                               ;
; RESET_REQ_WAIT_TIME       ; 1        ; Signed Integer                               ;
; MIN_RST_ASSERTION_TIME    ; 3        ; Signed Integer                               ;
; RESET_REQ_EARLY_DSRT_TIME ; 1        ; Signed Integer                               ;
; ADAPT_RESET_REQUEST       ; 0        ; Signed Integer                               ;
+---------------------------+----------+----------------------------------------------+
Note: In order to hide this table in the UI and the text report file, please set the "Show Parameter Settings in Synthesis Report" option in "Analysis and Synthesis Settings -> More Settings" to "Off".


+--------------------------------------------------------------------------------------------------------------------------------+
; Parameter Settings for User Entity Instance: altera_reset_controller:rst_controller|altera_reset_synchronizer:alt_rst_sync_uq1 ;
+----------------+-------+-------------------------------------------------------------------------------------------------------+
; Parameter Name ; Value ; Type                                                                                                  ;
+----------------+-------+-------------------------------------------------------------------------------------------------------+
; ASYNC_RESET    ; 1     ; Unsigned Binary                                                                                       ;
; DEPTH          ; 2     ; Signed Integer                                                                                        ;
+----------------+-------+-------------------------------------------------------------------------------------------------------+
Note: In order to hide this table in the UI and the text report file, please set the "Show Parameter Settings in Synthesis Report" option in "Analysis and Synthesis Settings -> More Settings" to "Off".


+------------------------------------------------------------------------------------------------------------------------------------+
; Parameter Settings for User Entity Instance: altera_reset_controller:rst_controller|altera_reset_synchronizer:alt_rst_req_sync_uq1 ;
+----------------+-------+-----------------------------------------------------------------------------------------------------------+
; Parameter Name ; Value ; Type                                                                                                      ;
+----------------+-------+-----------------------------------------------------------------------------------------------------------+
; ASYNC_RESET    ; 0     ; Signed Integer                                                                                            ;
; DEPTH          ; 2     ; Signed Integer                                                                                            ;
+----------------+-------+-----------------------------------------------------------------------------------------------------------+
Note: In order to hide this table in the UI and the text report file, please set the "Show Parameter Settings in Synthesis Report" option in "Analysis and Synthesis Settings -> More Settings" to "Off".


+-------------------------------------------------------------------------------------------------------------------+
; Port Connectivity Checks: "altera_reset_controller:rst_controller|altera_reset_synchronizer:alt_rst_req_sync_uq1" ;
+----------+-------+----------+-------------------------------------------------------------------------------------+
; Port     ; Type  ; Severity ; Details                                                                             ;
+----------+-------+----------+-------------------------------------------------------------------------------------+
; reset_in ; Input ; Info     ; Stuck at GND                                                                        ;
+----------+-------+----------+-------------------------------------------------------------------------------------+


+--------------------------------------------------------------------+
; Port Connectivity Checks: "altera_reset_controller:rst_controller" ;
+----------------+--------+----------+-------------------------------+
; Port           ; Type   ; Severity ; Details                       ;
+----------------+--------+----------+-------------------------------+
; reset_req      ; Output ; Info     ; Explicitly unconnected        ;
; reset_req_in0  ; Input  ; Info     ; Stuck at GND                  ;
; reset_in1      ; Input  ; Info     ; Stuck at GND                  ;
; reset_req_in1  ; Input  ; Info     ; Stuck at GND                  ;
; reset_in2      ; Input  ; Info     ; Stuck at GND                  ;
; reset_req_in2  ; Input  ; Info     ; Stuck at GND                  ;
; reset_in3      ; Input  ; Info     ; Stuck at GND                  ;
; reset_req_in3  ; Input  ; Info     ; Stuck at GND                  ;
; reset_in4      ; Input  ; Info     ; Stuck at GND                  ;
; reset_req_in4  ; Input  ; Info     ; Stuck at GND                  ;
; reset_in5      ; Input  ; Info     ; Stuck at GND                  ;
; reset_req_in5  ; Input  ; Info     ; Stuck at GND                  ;
; reset_in6      ; Input  ; Info     ; Stuck at GND                  ;
; reset_req_in6  ; Input  ; Info     ; Stuck at GND                  ;
; reset_in7      ; Input  ; Info     ; Stuck at GND                  ;
; reset_req_in7  ; Input  ; Info     ; Stuck at GND                  ;
; reset_in8      ; Input  ; Info     ; Stuck at GND                  ;
; reset_req_in8  ; Input  ; Info     ; Stuck at GND                  ;
; reset_in9      ; Input  ; Info     ; Stuck at GND                  ;
; reset_req_in9  ; Input  ; Info     ; Stuck at GND                  ;
; reset_in10     ; Input  ; Info     ; Stuck at GND                  ;
; reset_req_in10 ; Input  ; Info     ; Stuck at GND                  ;
; reset_in11     ; Input  ; Info     ; Stuck at GND                  ;
; reset_req_in11 ; Input  ; Info     ; Stuck at GND                  ;
; reset_in12     ; Input  ; Info     ; Stuck at GND                  ;
; reset_req_in12 ; Input  ; Info     ; Stuck at GND                  ;
; reset_in13     ; Input  ; Info     ; Stuck at GND                  ;
; reset_req_in13 ; Input  ; Info     ; Stuck at GND                  ;
; reset_in14     ; Input  ; Info     ; Stuck at GND                  ;
; reset_req_in14 ; Input  ; Info     ; Stuck at GND                  ;
; reset_in15     ; Input  ; Info     ; Stuck at GND                  ;
; reset_req_in15 ; Input  ; Info     ; Stuck at GND                  ;
+----------------+--------+----------+-------------------------------+


+-----------------------------------------------------+
; Post-Synthesis Netlist Statistics for Top Partition ;
+-----------------------+-----------------------------+
; Type                  ; Count                       ;
+-----------------------+-----------------------------+
; arriav_ff             ; 8                           ;
;     ENA               ; 7                           ;
;     plain             ; 1                           ;
; arriav_lcell_comb     ; 20                          ;
;     arith             ; 8                           ;
;         1 data inputs ; 8                           ;
;     normal            ; 12                          ;
;         0 data inputs ; 1                           ;
;         5 data inputs ; 8                           ;
;         6 data inputs ; 3                           ;
; boundary_port         ; 22                          ;
;                       ;                             ;
; Max LUT depth         ; 2.70                        ;
; Average LUT depth     ; 2.05                        ;
+-----------------------+-----------------------------+


+-------------------------------+
; Elapsed Time Per Partition    ;
+----------------+--------------+
; Partition Name ; Elapsed Time ;
+----------------+--------------+
; Top            ; 00:00:00     ;
+----------------+--------------+


+-------------------------------+
; Analysis & Synthesis Messages ;
+-------------------------------+
Info: *******************************************************************
Info: Running Quartus Prime Analysis & Synthesis
    Info: Version 22.1std.2 Build 922 07/20/2023 SC Lite Edition
    Info: Processing started: Tue Nov 14 17:08:59 2023
Info: Command: quartus_map --read_settings_files=on --write_settings_files=off sample_2 -c sample_2
Warning (18236): Number of processors has not been specified which may cause overloading on shared machines.  Set the global assignment NUM_PARALLEL_PROCESSORS in your QSF to an appropriate value for best performance.
Info (20030): Parallel compilation is enabled and will use 4 of the 4 processors detected
Info (12248): Elaborating Platform Designer system entity "unsaved.qsys"
Info (12250): 2023.11.14.17:09:09 Progress: Loading Creating the Same Sample Code as a IP and use it with QSYS/unsaved.qsys
Info (12250): 2023.11.14.17:09:10 Progress: Reading input file
Info (12250): 2023.11.14.17:09:10 Progress: Adding clk_0 [clock_source 22.1]
Info (12250): 2023.11.14.17:09:10 Progress: Parameterizing module clk_0
Info (12250): 2023.11.14.17:09:10 Progress: Adding counter_custom_ip_0 [counter_custom_ip 1.0]
Info (12250): 2023.11.14.17:09:10 Progress: Parameterizing module counter_custom_ip_0
Info (12250): 2023.11.14.17:09:10 Progress: Building connections
Info (12250): 2023.11.14.17:09:10 Progress: Parameterizing connections
Info (12250): 2023.11.14.17:09:10 Progress: Validating
Info (12250): 2023.11.14.17:09:10 Progress: Done reading input file
Warning (12251): Unsaved.counter_custom_ip_0: Port in conflicts with a VHDL, verilog or system verilog reserved word
Info (12250): Unsaved: Generating unsaved "unsaved" for QUARTUS_SYNTH
Info (12250): Counter_custom_ip_0: "unsaved" instantiated counter_custom_ip "counter_custom_ip_0"
Info (12250): Rst_controller: "unsaved" instantiated altera_reset_controller "rst_controller"
Info (12250): Unsaved: Done "unsaved" with 3 modules, 5 files
Info (12249): Finished elaborating Platform Designer system entity "unsaved.qsys"
Info (12021): Found 1 design units, including 1 entities, in source file unsaved/synthesis/unsaved.v
    Info (12023): Found entity 1: unsaved File: /home/sam-admin/git/Training/Quartus/Creating the Same Sample Code as a IP and use it with QSYS/unsaved/synthesis/unsaved.v Line: 6
Info (12021): Found 1 design units, including 1 entities, in source file unsaved/synthesis/submodules/altera_reset_controller.v
    Info (12023): Found entity 1: altera_reset_controller File: /home/sam-admin/git/Training/Quartus/Creating the Same Sample Code as a IP and use it with QSYS/unsaved/synthesis/submodules/altera_reset_controller.v Line: 42
Info (12021): Found 1 design units, including 1 entities, in source file unsaved/synthesis/submodules/altera_reset_synchronizer.v
    Info (12023): Found entity 1: altera_reset_synchronizer File: /home/sam-admin/git/Training/Quartus/Creating the Same Sample Code as a IP and use it with QSYS/unsaved/synthesis/submodules/altera_reset_synchronizer.v Line: 24
Info (12021): Found 1 design units, including 1 entities, in source file unsaved/synthesis/submodules/counter.sv
    Info (12023): Found entity 1: counter File: /home/sam-admin/git/Training/Quartus/Creating the Same Sample Code as a IP and use it with QSYS/unsaved/synthesis/submodules/counter.sv Line: 3
Info (15248): File "/home/sam-admin/git/Training/Quartus/Creating the Same Sample Code as a IP and use it with QSYS/db/ip/unsaved/submodules/altera_reset_controller.v" is a duplicate of already analyzed file "/home/sam-admin/git/Training/Quartus/Creating the Same Sample Code as a IP and use it with QSYS/unsaved/synthesis/submodules/altera_reset_controller.v" (same filename, same library name and same md5 digest). Skipping analysis of this file.
Info (12021): Found 0 design units, including 0 entities, in source file db/ip/unsaved/submodules/altera_reset_controller.v
Info (15248): File "/home/sam-admin/git/Training/Quartus/Creating the Same Sample Code as a IP and use it with QSYS/db/ip/unsaved/submodules/altera_reset_synchronizer.v" is a duplicate of already analyzed file "/home/sam-admin/git/Training/Quartus/Creating the Same Sample Code as a IP and use it with QSYS/unsaved/synthesis/submodules/altera_reset_synchronizer.v" (same filename, same library name and same md5 digest). Skipping analysis of this file.
Info (12021): Found 0 design units, including 0 entities, in source file db/ip/unsaved/submodules/altera_reset_synchronizer.v
Info (15248): File "/home/sam-admin/git/Training/Quartus/Creating the Same Sample Code as a IP and use it with QSYS/db/ip/unsaved/submodules/counter.sv" is a duplicate of already analyzed file "/home/sam-admin/git/Training/Quartus/Creating the Same Sample Code as a IP and use it with QSYS/unsaved/synthesis/submodules/counter.sv" (same filename, same library name and same md5 digest). Skipping analysis of this file.
Info (12021): Found 0 design units, including 0 entities, in source file db/ip/unsaved/submodules/counter.sv
Info (15248): File "/home/sam-admin/git/Training/Quartus/Creating the Same Sample Code as a IP and use it with QSYS/db/ip/unsaved/unsaved.v" is a duplicate of already analyzed file "/home/sam-admin/git/Training/Quartus/Creating the Same Sample Code as a IP and use it with QSYS/unsaved/synthesis/unsaved.v" (same filename, same library name and same md5 digest). Skipping analysis of this file.
Info (12021): Found 0 design units, including 0 entities, in source file db/ip/unsaved/unsaved.v
Info (12127): Elaborating entity "unsaved" for the top level hierarchy
Info (12128): Elaborating entity "counter" for hierarchy "counter:counter_custom_ip_0" File: /home/sam-admin/git/Training/Quartus/Creating the Same Sample Code as a IP and use it with QSYS/unsaved/synthesis/unsaved.v Line: 28
Warning (10230): Verilog HDL assignment warning at counter.sv(25): truncated value with size 32 to match size of target (8) File: /home/sam-admin/git/Training/Quartus/Creating the Same Sample Code as a IP and use it with QSYS/unsaved/synthesis/submodules/counter.sv Line: 25
Warning (10230): Verilog HDL assignment warning at counter.sv(33): truncated value with size 32 to match size of target (8) File: /home/sam-admin/git/Training/Quartus/Creating the Same Sample Code as a IP and use it with QSYS/unsaved/synthesis/submodules/counter.sv Line: 33
Info (12128): Elaborating entity "altera_reset_controller" for hierarchy "altera_reset_controller:rst_controller" File: /home/sam-admin/git/Training/Quartus/Creating the Same Sample Code as a IP and use it with QSYS/unsaved/synthesis/unsaved.v Line: 91
Info (12128): Elaborating entity "altera_reset_synchronizer" for hierarchy "altera_reset_controller:rst_controller|altera_reset_synchronizer:alt_rst_sync_uq1" File: /home/sam-admin/git/Training/Quartus/Creating the Same Sample Code as a IP and use it with QSYS/unsaved/synthesis/submodules/altera_reset_controller.v Line: 208
Info (12128): Elaborating entity "altera_reset_synchronizer" for hierarchy "altera_reset_controller:rst_controller|altera_reset_synchronizer:alt_rst_req_sync_uq1" File: /home/sam-admin/git/Training/Quartus/Creating the Same Sample Code as a IP and use it with QSYS/unsaved/synthesis/submodules/altera_reset_controller.v Line: 220
Warning (13024): Output pins are stuck at VCC or GND
    Warning (13410): Pin "counter_custom_ip_0_zero_write" is stuck at VCC File: /home/sam-admin/git/Training/Quartus/Creating the Same Sample Code as a IP and use it with QSYS/unsaved/synthesis/unsaved.v Line: 13
Info (286030): Timing-Driven Synthesis is running
Info (16010): Generating hard_block partition "hard_block:auto_generated_inst"
    Info (16011): Adding 0 node(s), including 0 DDIO, 0 PLL, 0 transceiver and 0 LCELL
Warning (21074): Design contains 1 input pin(s) that do not drive logic
    Warning (15610): No output dependent on input pin "reset_reset_n" File: /home/sam-admin/git/Training/Quartus/Creating the Same Sample Code as a IP and use it with QSYS/unsaved/synthesis/unsaved.v Line: 15
Info (21057): Implemented 41 device resources after synthesis - the final resource count might be different
    Info (21058): Implemented 13 input pins
    Info (21059): Implemented 9 output pins
    Info (21061): Implemented 19 logic cells
Info: Quartus Prime Analysis & Synthesis was successful. 0 errors, 8 warnings
    Info: Peak virtual memory: 466 megabytes
    Info: Processing ended: Tue Nov 14 17:09:13 2023
    Info: Elapsed time: 00:00:14
    Info: Total CPU time (on all processors): 00:00:39


