

================================================================
== Vitis HLS Report for 'cyclicPrefixRemoval'
================================================================
* Date:           Fri May 26 13:15:55 2023

* Version:        2022.2.2 (Build 3779808 on Feb 17 2023)
* Project:        a82
* Solution:       solution_cpr (Vivado IP Flow Target)
* Product family: zynq
* Target device:  xc7z020-clg484-1


================================================================
== Performance Estimates
================================================================
+ Timing: 
    * Summary: 
    +--------+----------+----------+------------+
    |  Clock |  Target  | Estimated| Uncertainty|
    +--------+----------+----------+------------+
    |ap_clk  |  10.00 ns|  5.463 ns|     2.70 ns|
    +--------+----------+----------+------------+

+ Latency: 
    * Summary: 
    +---------+---------+----------+----------+-------+-------+---------+
    |  Latency (cycles) |  Latency (absolute) |    Interval   | Pipeline|
    |   min   |   max   |    min   |    max   |  min  |  max  |   Type  |
    +---------+---------+----------+----------+-------+-------+---------+
    |    17002|    17002|  0.170 ms|  0.170 ms|  17003|  17003|       no|
    +---------+---------+----------+----------+-------+-------+---------+

    + Detail: 
        * Instance: 
        +--------------------------------------------------------+----------------------------------------------+---------+---------+-----------+-----------+------+------+---------+
        |                                                        |                                              |  Latency (cycles) |   Latency (absolute)  |   Interval  | Pipeline|
        |                        Instance                        |                    Module                    |   min   |   max   |    min    |    max    |  min |  max |   Type  |
        +--------------------------------------------------------+----------------------------------------------+---------+---------+-----------+-----------+------+------+---------+
        |grp_cyclicPrefixRemoval_Pipeline_VITIS_LOOP_12_1_fu_55  |cyclicPrefixRemoval_Pipeline_VITIS_LOOP_12_1  |     8802|     8802|  88.020 us|  88.020 us|  8802|  8802|       no|
        |grp_cyclicPrefixRemoval_Pipeline_VITIS_LOOP_17_2_fu_63  |cyclicPrefixRemoval_Pipeline_VITIS_LOOP_17_2  |     8194|     8194|  81.940 us|  81.940 us|  8194|  8194|       no|
        +--------------------------------------------------------+----------------------------------------------+---------+---------+-----------+-----------+------+------+---------+

        * Loop: 
        N/A

============================================================
+ Verbose Summary: Synthesis Manager
============================================================
InlineROM: 1
ExposeGlobal: 0
============================================================
+ Verbose Summary: CDFG Model
============================================================
IsTopModel: 1
ResetActiveHigh: 1
IsCombinational: 0
IsDatapathOnly: 0
HasWiredReturn: 1
HasMFsm: 0
HasVarLatency: 1
IsPipeline: 0
IsRtlPipelined: 0
IsInstanceOverlapped: 0
IsDontTouch: 0
HasImplIP: 0
IsGatedGlobalClock: 0


============================================================
+ Verbose Summary: Schedule
============================================================
* Number of FSM states : 7
* Pipeline : 0
* Dataflow Pipeline: 0

* FSM state transitions: 
1 --> 2 
2 --> 3 
3 --> 4 
4 --> 5 
5 --> 6 
6 --> 7 
7 --> 

* FSM state operations: 

State 1 <SV = 0> <Delay = 3.25>
ST_1 : Operation 8 [1/1] (0.00ns)   --->   "%last_loc = alloca i64 1"   --->   Operation 8 'alloca' 'last_loc' <Predicate = true> <Delay = 0.00>
ST_1 : Operation 9 [1/1] (3.25ns)   --->   "%x_real = alloca i64 1" [../../meth2/cpr.cpp:10]   --->   Operation 9 'alloca' 'x_real' <Predicate = true> <Delay = 3.25>
ST_1 : Operation 10 [1/1] (3.25ns)   --->   "%x_imag = alloca i64 1" [../../meth2/cpr.cpp:10]   --->   Operation 10 'alloca' 'x_imag' <Predicate = true> <Delay = 3.25>
ST_1 : Operation 11 [1/1] (0.00ns)   --->   "%empty = wait i32 @_ssdm_op_Wait"   --->   Operation 11 'wait' 'empty' <Predicate = true> <Delay = 0.00>

State 2 <SV = 1> <Delay = 3.25>
ST_2 : Operation 12 [2/2] (3.25ns)   --->   "%call_ln0 = call void @cyclicPrefixRemoval_Pipeline_VITIS_LOOP_12_1, i64 %inpstream, i32 %x_real, i32 %x_imag"   --->   Operation 12 'call' 'call_ln0' <Predicate = true> <Delay = 3.25> <CoreType = "Generic">   --->   Core 0 '' <Latency = 0> <II = 1> <Delay = 1.00> <Generic> <Opcode : >

State 3 <SV = 2> <Delay = 0.00>
ST_3 : Operation 13 [1/2] (0.00ns)   --->   "%call_ln0 = call void @cyclicPrefixRemoval_Pipeline_VITIS_LOOP_12_1, i64 %inpstream, i32 %x_real, i32 %x_imag"   --->   Operation 13 'call' 'call_ln0' <Predicate = true> <Delay = 0.00> <CoreType = "Generic">   --->   Core 0 '' <Latency = 0> <II = 1> <Delay = 1.00> <Generic> <Opcode : >

State 4 <SV = 3> <Delay = 0.00>
ST_4 : Operation 14 [1/1] (0.00ns)   --->   "%empty_12 = wait i32 @_ssdm_op_Wait"   --->   Operation 14 'wait' 'empty_12' <Predicate = true> <Delay = 0.00>

State 5 <SV = 4> <Delay = 0.00>
ST_5 : Operation 15 [1/1] (0.00ns)   --->   "%empty_13 = wait i32 @_ssdm_op_Wait"   --->   Operation 15 'wait' 'empty_13' <Predicate = true> <Delay = 0.00>
ST_5 : Operation 16 [2/2] (0.00ns)   --->   "%call_ln0 = call void @cyclicPrefixRemoval_Pipeline_VITIS_LOOP_17_2, i32 %x_real, i32 %x_imag, i64 %oupstream, i1 %last_loc"   --->   Operation 16 'call' 'call_ln0' <Predicate = true> <Delay = 0.00> <CoreType = "Generic">   --->   Core 0 '' <Latency = 0> <II = 1> <Delay = 1.00> <Generic> <Opcode : >

State 6 <SV = 5> <Delay = 3.79>
ST_6 : Operation 17 [1/2] (3.79ns)   --->   "%call_ln0 = call void @cyclicPrefixRemoval_Pipeline_VITIS_LOOP_17_2, i32 %x_real, i32 %x_imag, i64 %oupstream, i1 %last_loc"   --->   Operation 17 'call' 'call_ln0' <Predicate = true> <Delay = 3.79> <CoreType = "Generic">   --->   Core 0 '' <Latency = 0> <II = 1> <Delay = 1.00> <Generic> <Opcode : >

State 7 <SV = 6> <Delay = 0.00>
ST_7 : Operation 18 [1/1] (0.00ns)   --->   "%spectopmodule_ln4 = spectopmodule void @_ssdm_op_SpecTopModule, void @empty_2" [../../meth2/cpr.cpp:4]   --->   Operation 18 'spectopmodule' 'spectopmodule_ln4' <Predicate = true> <Delay = 0.00>
ST_7 : Operation 19 [1/1] (0.00ns)   --->   "%specinterface_ln0 = specinterface void @_ssdm_op_SpecInterface, i64 %inpstream, void @empty, i32 1, i32 1, void @empty_0, i32 0, i32 0, void @empty_1, void @empty_1, void @empty_1, i32 0, i32 0, i32 0, i32 0, void @empty_1, void @empty_1, i32 4294967295, i32 0"   --->   Operation 19 'specinterface' 'specinterface_ln0' <Predicate = true> <Delay = 0.00>
ST_7 : Operation 20 [1/1] (0.00ns)   --->   "%specbitsmap_ln0 = specbitsmap void @_ssdm_op_SpecBitsMap, i64 %inpstream"   --->   Operation 20 'specbitsmap' 'specbitsmap_ln0' <Predicate = true> <Delay = 0.00>
ST_7 : Operation 21 [1/1] (0.00ns)   --->   "%specinterface_ln0 = specinterface void @_ssdm_op_SpecInterface, i64 %oupstream, void @empty, i32 1, i32 1, void @empty_0, i32 0, i32 0, void @empty_1, void @empty_1, void @empty_1, i32 0, i32 0, i32 0, i32 0, void @empty_1, void @empty_1, i32 4294967295, i32 0"   --->   Operation 21 'specinterface' 'specinterface_ln0' <Predicate = true> <Delay = 0.00>
ST_7 : Operation 22 [1/1] (0.00ns)   --->   "%specbitsmap_ln0 = specbitsmap void @_ssdm_op_SpecBitsMap, i64 %oupstream"   --->   Operation 22 'specbitsmap' 'specbitsmap_ln0' <Predicate = true> <Delay = 0.00>
ST_7 : Operation 23 [1/1] (0.00ns)   --->   "%specinterface_ln0 = specinterface void @_ssdm_op_SpecInterface, i8 %z, void @empty, i32 0, i32 0, void @empty_1, i32 0, i32 0, void @empty_1, void @empty_1, void @empty_1, i32 0, i32 0, i32 0, i32 0, void @empty_1, void @empty_1, i32 4294967295, i32 0"   --->   Operation 23 'specinterface' 'specinterface_ln0' <Predicate = true> <Delay = 0.00>
ST_7 : Operation 24 [1/1] (0.00ns)   --->   "%specbitsmap_ln0 = specbitsmap void @_ssdm_op_SpecBitsMap, i8 %z"   --->   Operation 24 'specbitsmap' 'specbitsmap_ln0' <Predicate = true> <Delay = 0.00>
ST_7 : Operation 25 [1/1] (0.00ns)   --->   "%last_loc_load = load i1 %last_loc"   --->   Operation 25 'load' 'last_loc_load' <Predicate = true> <Delay = 0.00>
ST_7 : Operation 26 [1/1] (0.00ns)   --->   "%empty_14 = wait i32 @_ssdm_op_Wait"   --->   Operation 26 'wait' 'empty_14' <Predicate = true> <Delay = 0.00>
ST_7 : Operation 27 [1/1] (0.00ns)   --->   "%zext_ln31 = zext i1 %last_loc_load" [../../meth2/cpr.cpp:31]   --->   Operation 27 'zext' 'zext_ln31' <Predicate = true> <Delay = 0.00>
ST_7 : Operation 28 [1/1] (0.00ns)   --->   "%write_ln31 = write void @_ssdm_op_Write.axis.volatile.i8P128A, i8 %z, i8 %zext_ln31" [../../meth2/cpr.cpp:31]   --->   Operation 28 'write' 'write_ln31' <Predicate = true> <Delay = 0.00> <CoreInst = "axis">   --->   Core 115 'axis' <Latency = 0> <II = 1> <Delay = 1.00> <Adapter> <Opcode : >
ST_7 : Operation 29 [1/1] (0.00ns)   --->   "%ret_ln32 = ret" [../../meth2/cpr.cpp:32]   --->   Operation 29 'ret' 'ret_ln32' <Predicate = true> <Delay = 0.00>


============================================================
+ Verbose Summary: Binding
============================================================
STG Binding: 
---------------- STG Properties BEGIN ----------------
- Is combinational: 0
- Is one-state seq: 0
- Is datapath-only: 0
- Is pipelined: 0
- Is top level: 1
Port [ Return ] is wired: 1; IO mode=ap_ctrl_hs:ce=0
Port [ inpstream]:  wired=1; compound=1; hidden=0; nouse=0; global=0; static=0; extern=0; dir=0; type=0; pingpong=0; private_global=0; IO mode=axis:ce=0
Port [ oupstream]:  wired=1; compound=1; hidden=0; nouse=0; global=0; static=0; extern=0; dir=1; type=0; pingpong=0; private_global=0; IO mode=axis:ce=0
Port [ z]:  wired=1; compound=1; hidden=0; nouse=0; global=0; static=0; extern=0; dir=1; type=0; pingpong=0; private_global=0; IO mode=axis:ce=0
---------------- STG Properties END ------------------

---------------- Datapath Model BEGIN ----------------

<LifeTime>
<method=bitvector/>
last_loc          (alloca       ) [ 00111111]
x_real            (alloca       ) [ 00111110]
x_imag            (alloca       ) [ 00111110]
empty             (wait         ) [ 00000000]
call_ln0          (call         ) [ 00000000]
empty_12          (wait         ) [ 00000000]
empty_13          (wait         ) [ 00000000]
call_ln0          (call         ) [ 00000000]
spectopmodule_ln4 (spectopmodule) [ 00000000]
specinterface_ln0 (specinterface) [ 00000000]
specbitsmap_ln0   (specbitsmap  ) [ 00000000]
specinterface_ln0 (specinterface) [ 00000000]
specbitsmap_ln0   (specbitsmap  ) [ 00000000]
specinterface_ln0 (specinterface) [ 00000000]
specbitsmap_ln0   (specbitsmap  ) [ 00000000]
last_loc_load     (load         ) [ 00000000]
empty_14          (wait         ) [ 00000000]
zext_ln31         (zext         ) [ 00000000]
write_ln31        (write        ) [ 00000000]
ret_ln32          (ret          ) [ 00000000]
</LifeTime>

<model>

<comp_list>
<comp id="0" class="1000" name="inpstream">
<pin_list>
<pin id="1" dir="1" index="0" bw="1" slack="0"/>
</pin_list>
<bind>
<StgValue><ssdm name="inpstream"/></StgValue>
</bind>
</comp>

<comp id="2" class="1000" name="oupstream">
<pin_list>
<pin id="3" dir="1" index="0" bw="1" slack="0"/>
</pin_list>
<bind>
<StgValue><ssdm name="oupstream"/></StgValue>
</bind>
</comp>

<comp id="4" class="1000" name="z">
<pin_list>
<pin id="5" dir="1" index="0" bw="1" slack="0"/>
</pin_list>
<bind>
<StgValue><ssdm name="z"/></StgValue>
</bind>
</comp>

<comp id="6" class="1001" name="const_6">
<pin_list>
<pin id="7" dir="1" index="0" bw="1" slack="0"/>
</pin_list>
<bind>
<StgValue><ssdm name=""/></StgValue>
</bind>
</comp>

<comp id="8" class="1001" name="const_8">
<pin_list>
<pin id="9" dir="1" index="0" bw="1" slack="2147483647"/>
</pin_list>
<bind>
<StgValue><ssdm name="_ssdm_op_Wait"/></StgValue>
</bind>
</comp>

<comp id="10" class="1001" name="const_10">
<pin_list>
<pin id="11" dir="1" index="0" bw="1" slack="0"/>
</pin_list>
<bind>
<StgValue><ssdm name="cyclicPrefixRemoval_Pipeline_VITIS_LOOP_12_1"/></StgValue>
</bind>
</comp>

<comp id="12" class="1001" name="const_12">
<pin_list>
<pin id="13" dir="1" index="0" bw="1" slack="0"/>
</pin_list>
<bind>
<StgValue><ssdm name="cyclicPrefixRemoval_Pipeline_VITIS_LOOP_17_2"/></StgValue>
</bind>
</comp>

<comp id="14" class="1001" name="const_14">
<pin_list>
<pin id="15" dir="1" index="0" bw="1" slack="2147483647"/>
</pin_list>
<bind>
<StgValue><ssdm name="_ssdm_op_SpecTopModule"/></StgValue>
</bind>
</comp>

<comp id="16" class="1001" name="const_16">
<pin_list>
<pin id="17" dir="1" index="0" bw="1" slack="2147483647"/>
</pin_list>
<bind>
<StgValue><ssdm name="empty_2"/></StgValue>
</bind>
</comp>

<comp id="18" class="1001" name="const_18">
<pin_list>
<pin id="19" dir="1" index="0" bw="1" slack="2147483647"/>
</pin_list>
<bind>
<StgValue><ssdm name="_ssdm_op_SpecInterface"/></StgValue>
</bind>
</comp>

<comp id="20" class="1001" name="const_20">
<pin_list>
<pin id="21" dir="1" index="0" bw="1" slack="2147483647"/>
</pin_list>
<bind>
<StgValue><ssdm name="empty"/></StgValue>
</bind>
</comp>

<comp id="22" class="1001" name="const_22">
<pin_list>
<pin id="23" dir="1" index="0" bw="1" slack="2147483647"/>
</pin_list>
<bind>
<StgValue><ssdm name=""/></StgValue>
</bind>
</comp>

<comp id="24" class="1001" name="const_24">
<pin_list>
<pin id="25" dir="1" index="0" bw="1" slack="2147483647"/>
</pin_list>
<bind>
<StgValue><ssdm name="empty_0"/></StgValue>
</bind>
</comp>

<comp id="26" class="1001" name="const_26">
<pin_list>
<pin id="27" dir="1" index="0" bw="1" slack="2147483647"/>
</pin_list>
<bind>
<StgValue><ssdm name=""/></StgValue>
</bind>
</comp>

<comp id="28" class="1001" name="const_28">
<pin_list>
<pin id="29" dir="1" index="0" bw="1" slack="2147483647"/>
</pin_list>
<bind>
<StgValue><ssdm name="empty_1"/></StgValue>
</bind>
</comp>

<comp id="30" class="1001" name="const_30">
<pin_list>
<pin id="31" dir="1" index="0" bw="1" slack="2147483647"/>
</pin_list>
<bind>
<StgValue><ssdm name=""/></StgValue>
</bind>
</comp>

<comp id="32" class="1001" name="const_32">
<pin_list>
<pin id="33" dir="1" index="0" bw="1" slack="2147483647"/>
</pin_list>
<bind>
<StgValue><ssdm name="_ssdm_op_SpecBitsMap"/></StgValue>
</bind>
</comp>

<comp id="34" class="1001" name="const_34">
<pin_list>
<pin id="35" dir="1" index="0" bw="1" slack="0"/>
</pin_list>
<bind>
<StgValue><ssdm name="_ssdm_op_Write.axis.volatile.i8P128A"/></StgValue>
</bind>
</comp>

<comp id="36" class="1004" name="last_loc_fu_36">
<pin_list>
<pin id="37" dir="0" index="0" bw="1" slack="0"/>
<pin id="38" dir="1" index="1" bw="1" slack="4"/>
</pin_list>
<bind>
<opcode="alloca(26) " fcode="alloca"/>
<opset="last_loc/1 "/>
</bind>
</comp>

<comp id="40" class="1004" name="x_real_alloca_fu_40">
<pin_list>
<pin id="41" dir="0" index="0" bw="1" slack="0"/>
<pin id="42" dir="1" index="1" bw="32" slack="2147483647"/>
</pin_list>
<bind>
<opcode="alloca(26) " fcode="alloca"/>
<opset="x_real/1 "/>
</bind>
</comp>

<comp id="44" class="1004" name="x_imag_alloca_fu_44">
<pin_list>
<pin id="45" dir="0" index="0" bw="1" slack="0"/>
<pin id="46" dir="1" index="1" bw="32" slack="2147483647"/>
</pin_list>
<bind>
<opcode="alloca(26) " fcode="alloca"/>
<opset="x_imag/1 "/>
</bind>
</comp>

<comp id="48" class="1004" name="write_ln31_write_fu_48">
<pin_list>
<pin id="49" dir="0" index="0" bw="0" slack="0"/>
<pin id="50" dir="0" index="1" bw="8" slack="0"/>
<pin id="51" dir="0" index="2" bw="1" slack="0"/>
<pin id="52" dir="1" index="3" bw="0" slack="2147483647"/>
</pin_list>
<bind>
<opcode="write(1151) " fcode="write"/>
<opset="write_ln31/7 "/>
</bind>
</comp>

<comp id="55" class="1004" name="grp_cyclicPrefixRemoval_Pipeline_VITIS_LOOP_12_1_fu_55">
<pin_list>
<pin id="56" dir="0" index="0" bw="0" slack="0"/>
<pin id="57" dir="0" index="1" bw="64" slack="0"/>
<pin id="58" dir="0" index="2" bw="32" slack="2147483647"/>
<pin id="59" dir="0" index="3" bw="32" slack="2147483647"/>
<pin id="60" dir="1" index="4" bw="0" slack="2147483647"/>
</pin_list>
<bind>
<opcode="call(48) " fcode="call"/>
<opset="call_ln0/2 "/>
</bind>
</comp>

<comp id="63" class="1004" name="grp_cyclicPrefixRemoval_Pipeline_VITIS_LOOP_17_2_fu_63">
<pin_list>
<pin id="64" dir="0" index="0" bw="0" slack="0"/>
<pin id="65" dir="0" index="1" bw="32" slack="2147483647"/>
<pin id="66" dir="0" index="2" bw="32" slack="2147483647"/>
<pin id="67" dir="0" index="3" bw="64" slack="0"/>
<pin id="68" dir="0" index="4" bw="1" slack="4"/>
<pin id="69" dir="1" index="5" bw="0" slack="2147483647"/>
</pin_list>
<bind>
<opcode="call(48) " fcode="call"/>
<opset="call_ln0/5 "/>
</bind>
</comp>

<comp id="72" class="1004" name="last_loc_load_load_fu_72">
<pin_list>
<pin id="73" dir="0" index="0" bw="1" slack="6"/>
<pin id="74" dir="1" index="1" bw="1" slack="0"/>
</pin_list>
<bind>
<opcode="load(27) " fcode="load"/>
<opset="last_loc_load/7 "/>
</bind>
</comp>

<comp id="75" class="1004" name="zext_ln31_fu_75">
<pin_list>
<pin id="76" dir="0" index="0" bw="1" slack="0"/>
<pin id="77" dir="1" index="1" bw="8" slack="0"/>
</pin_list>
<bind>
<opcode="zext(34) " fcode="zext"/>
<opset="zext_ln31/7 "/>
</bind>
</comp>

<comp id="80" class="1005" name="last_loc_reg_80">
<pin_list>
<pin id="81" dir="0" index="0" bw="1" slack="4"/>
<pin id="82" dir="1" index="1" bw="1" slack="4"/>
</pin_list>
<bind>
<opset="last_loc "/>
</bind>
</comp>

</comp_list>

<net_list>
<net id="39"><net_src comp="6" pin="0"/><net_sink comp="36" pin=0"/></net>

<net id="43"><net_src comp="6" pin="0"/><net_sink comp="40" pin=0"/></net>

<net id="47"><net_src comp="6" pin="0"/><net_sink comp="44" pin=0"/></net>

<net id="53"><net_src comp="34" pin="0"/><net_sink comp="48" pin=0"/></net>

<net id="54"><net_src comp="4" pin="0"/><net_sink comp="48" pin=1"/></net>

<net id="61"><net_src comp="10" pin="0"/><net_sink comp="55" pin=0"/></net>

<net id="62"><net_src comp="0" pin="0"/><net_sink comp="55" pin=1"/></net>

<net id="70"><net_src comp="12" pin="0"/><net_sink comp="63" pin=0"/></net>

<net id="71"><net_src comp="2" pin="0"/><net_sink comp="63" pin=3"/></net>

<net id="78"><net_src comp="72" pin="1"/><net_sink comp="75" pin=0"/></net>

<net id="79"><net_src comp="75" pin="1"/><net_sink comp="48" pin=2"/></net>

<net id="83"><net_src comp="36" pin="1"/><net_sink comp="80" pin=0"/></net>

<net id="84"><net_src comp="80" pin="1"/><net_sink comp="63" pin=4"/></net>

<net id="85"><net_src comp="80" pin="1"/><net_sink comp="72" pin=0"/></net>

</net_list>

</model> 
---------------- Datapath Model END ------------------

* FSMD analyzer results:
  - Output states:
	Port: oupstream | {5 6 }
	Port: z | {7 }
 - Input state : 
	Port: cyclicPrefixRemoval : inpstream | {2 3 }
  - Chain level:
	State 1
	State 2
	State 3
	State 4
	State 5
	State 6
	State 7
		zext_ln31 : 1
		write_ln31 : 2


============================================================
+ Verbose Summary: Datapath Resource usage 
============================================================

* Functional unit list:
|----------|--------------------------------------------------------|---------|---------|---------|
| Operation|                     Functional Unit                    |  Delay  |    FF   |   LUT   |
|----------|--------------------------------------------------------|---------|---------|---------|
|   call   | grp_cyclicPrefixRemoval_Pipeline_VITIS_LOOP_12_1_fu_55 |    0    |    14   |    29   |
|          | grp_cyclicPrefixRemoval_Pipeline_VITIS_LOOP_17_2_fu_63 |  5.2412 |    72   |   129   |
|----------|--------------------------------------------------------|---------|---------|---------|
|   write  |                 write_ln31_write_fu_48                 |    0    |    0    |    0    |
|----------|--------------------------------------------------------|---------|---------|---------|
|   zext   |                     zext_ln31_fu_75                    |    0    |    0    |    0    |
|----------|--------------------------------------------------------|---------|---------|---------|
|   Total  |                                                        |  5.2412 |    86   |   158   |
|----------|--------------------------------------------------------|---------|---------|---------|

Memories:
+------+--------+--------+--------+--------+
|      |  BRAM  |   FF   |   LUT  |  URAM  |
+------+--------+--------+--------+--------+
|x_imag|   32   |    0   |    0   |    0   |
|x_real|   32   |    0   |    0   |    0   |
+------+--------+--------+--------+--------+
| Total|   64   |    0   |    0   |    0   |
+------+--------+--------+--------+--------+

* Register list:
+---------------+--------+
|               |   FF   |
+---------------+--------+
|last_loc_reg_80|    1   |
+---------------+--------+
|     Total     |    1   |
+---------------+--------+

* Multiplexer (MUX) list: 
|--------|------|------|------|--------|
|  Comp  |  Pin | Size |  BW  | S x BW |
|--------|------|------|------|--------|
|  Total |      |      |      |    0   |
|--------|------|------|------|--------|



* Summary:
+-----------+--------+--------+--------+--------+--------+
|           |  BRAM  |  Delay |   FF   |   LUT  |  URAM  |
+-----------+--------+--------+--------+--------+--------+
|  Function |    -   |    5   |   86   |   158  |    -   |
|   Memory  |   64   |    -   |    0   |    0   |    0   |
|Multiplexer|    -   |    -   |    -   |    -   |    -   |
|  Register |    -   |    -   |    1   |    -   |    -   |
+-----------+--------+--------+--------+--------+--------+
|   Total   |   64   |    5   |   87   |   158  |    0   |
+-----------+--------+--------+--------+--------+--------+
