INFO: [COSIM-47] Using XSIM for RTL simulation.
INFO: [COSIM-14] Instrumenting C test bench ...
   Build using "/tools/Xilinx/Vitis_HLS/2022.2/tps/lnx64/gcc-8.3.0/bin/g++"
   Compiling apatb_crc24a.cpp
   Compiling apatb_crc24a_util.cpp
   Compiling crc.cpp_pre.cpp.tb.cpp
   Compiling crc_tb.cpp_pre.cpp.tb.cpp
   Compiling apatb_crc24a_ir.ll
   Generating cosim.tv.exe
INFO: [COSIM-302] Starting C TB testing ... 
INFO: [COSIM-333] Generating C post check test bench ...
INFO: [COSIM-12] Generating RTL test bench ...
INFO: [COSIM-1] *** C/RTL co-simulation file generation completed. ***
INFO: [COSIM-323] Starting verilog simulation. 
INFO: [COSIM-15] Starting XSIM ...
INFO: [COSIM-316] Starting C post checking ...
CRC generator output : 01101000101101001111001100000010
CRC detector output :  00000000000000000000000000000000
!PASS!CRC Check at detector is Success
INFO [HLS SIM]: The maximum depth reached by any hls::stream() instance in the design is 4
Vivado Simulator v2022.2.2
Copyright 1986-1999, 2001-2022 Xilinx, Inc. All Rights Reserved.
Running: /tools/Xilinx/Vivado/2022.2/bin/unwrapped/lnx64.o/xelab xil_defaultlib.apatb_crc24a_top glbl -Oenable_linking_all_libraries -prj crc24a.prj -L smartconnect_v1_0 -L axi_protocol_checker_v1_1_12 -L axi_protocol_checker_v1_1_13 -L axis_protocol_checker_v1_1_11 -L axis_protocol_checker_v1_1_12 -L xil_defaultlib -L unisims_ver -L xpm -L floating_point_v7_1_15 -L floating_point_v7_0_20 --lib ieee_proposed=./ieee_proposed -s crc24a 
Multi-threading is on. Using 6 slave threads.
WARNING: [XSIM 43-3431] One or more environment variables have been detected which affect the operation of the C compiler. These are typically not set in standard installations and are not tested by Xilinx, however they may be appropriate for your system, so the flow will attempt to continue.  If errors occur, try running xelab with the "-mt off -v 1" switches to see more information from the C compiler. The following environment variables have been detected:
    LIBRARY_PATH
INFO: [VRFC 10-2263] Analyzing SystemVerilog file "/home/sam-admin/git/Training/HLS_Vivado/A9/PART-1_HLS/vitis_ap/sol_crc/sim/verilog/glbl.v" into library work
INFO: [VRFC 10-311] analyzing module glbl
INFO: [VRFC 10-2263] Analyzing SystemVerilog file "/home/sam-admin/git/Training/HLS_Vivado/A9/PART-1_HLS/vitis_ap/sol_crc/sim/verilog/crc24a.v" into library xil_defaultlib
INFO: [VRFC 10-311] analyzing module crc24a
INFO: [VRFC 10-2263] Analyzing SystemVerilog file "/home/sam-admin/git/Training/HLS_Vivado/A9/PART-1_HLS/vitis_ap/sol_crc/sim/verilog/AESL_deadlock_kernel_monitor_top.v" into library xil_defaultlib
INFO: [VRFC 10-311] analyzing module AESL_deadlock_kernel_monitor_top
INFO: [VRFC 10-2263] Analyzing SystemVerilog file "/home/sam-admin/git/Training/HLS_Vivado/A9/PART-1_HLS/vitis_ap/sol_crc/sim/verilog/crc24a_flow_control_loop_pipe_sequential_init.v" into library xil_defaultlib
INFO: [VRFC 10-311] analyzing module crc24a_flow_control_loop_pipe_sequential_init
INFO: [VRFC 10-2263] Analyzing SystemVerilog file "/home/sam-admin/git/Training/HLS_Vivado/A9/PART-1_HLS/vitis_ap/sol_crc/sim/verilog/crc24a.autotb.v" into library xil_defaultlib
INFO: [VRFC 10-311] analyzing module apatb_crc24a_top
INFO: [VRFC 10-2263] Analyzing SystemVerilog file "/home/sam-admin/git/Training/HLS_Vivado/A9/PART-1_HLS/vitis_ap/sol_crc/sim/verilog/AESL_deadlock_idx0_monitor.v" into library xil_defaultlib
INFO: [VRFC 10-311] analyzing module AESL_deadlock_idx0_monitor
INFO: [VRFC 10-2263] Analyzing SystemVerilog file "/home/sam-admin/git/Training/HLS_Vivado/A9/PART-1_HLS/vitis_ap/sol_crc/sim/verilog/crc24a_crc24a_Pipeline_loop2.v" into library xil_defaultlib
INFO: [VRFC 10-311] analyzing module crc24a_crc24a_Pipeline_loop2
INFO: [VRFC 10-2263] Analyzing SystemVerilog file "/home/sam-admin/git/Training/HLS_Vivado/A9/PART-1_HLS/vitis_ap/sol_crc/sim/verilog/AESL_axi_s_input_r.v" into library xil_defaultlib
INFO: [VRFC 10-311] analyzing module AESL_axi_s_input_r
INFO: [VRFC 10-2263] Analyzing SystemVerilog file "/home/sam-admin/git/Training/HLS_Vivado/A9/PART-1_HLS/vitis_ap/sol_crc/sim/verilog/crc24a_mux_83_1_1_1.v" into library xil_defaultlib
INFO: [VRFC 10-311] analyzing module crc24a_mux_83_1_1_1
INFO: [VRFC 10-2263] Analyzing SystemVerilog file "/home/sam-admin/git/Training/HLS_Vivado/A9/PART-1_HLS/vitis_ap/sol_crc/sim/verilog/AESL_fifo.v" into library xil_defaultlib
INFO: [VRFC 10-311] analyzing module fifo
INFO: [VRFC 10-2263] Analyzing SystemVerilog file "/home/sam-admin/git/Training/HLS_Vivado/A9/PART-1_HLS/vitis_ap/sol_crc/sim/verilog/crc24a_regslice_both.v" into library xil_defaultlib
INFO: [VRFC 10-311] analyzing module crc24a_regslice_both
INFO: [VRFC 10-311] analyzing module crc24a_regslice_both_w1
INFO: [VRFC 10-2263] Analyzing SystemVerilog file "/home/sam-admin/git/Training/HLS_Vivado/A9/PART-1_HLS/vitis_ap/sol_crc/sim/verilog/AESL_axi_s_output_r.v" into library xil_defaultlib
INFO: [VRFC 10-311] analyzing module AESL_axi_s_output_r
INFO: [VRFC 10-2263] Analyzing SystemVerilog file "/home/sam-admin/git/Training/HLS_Vivado/A9/PART-1_HLS/vitis_ap/sol_crc/sim/verilog/dataflow_monitor.sv" into library xil_defaultlib
INFO: [VRFC 10-311] analyzing module dataflow_monitor
Starting static elaboration
Pass Through NonSizing Optimizer
WARNING: [VRFC 10-3645] port 'axis_block_info' remains unconnected for this instance [/home/sam-admin/git/Training/HLS_Vivado/A9/PART-1_HLS/vitis_ap/sol_crc/sim/verilog/AESL_deadlock_kernel_monitor_top.v:19]
Completed static elaboration
Starting simulation data flow analysis
Completed simulation data flow analysis
Time Resolution for simulation is 1ps
Compiling package xil_defaultlib.$unit_dataflow_monitor_sv
Compiling module xil_defaultlib.crc24a_mux_83_1_1_1(ID=1,din0_WI...
Compiling module xil_defaultlib.crc24a_flow_control_loop_pipe_se...
Compiling module xil_defaultlib.crc24a_crc24a_Pipeline_loop2
Compiling module xil_defaultlib.crc24a_regslice_both(DataWidth=8...
Compiling module xil_defaultlib.crc24a_regslice_both(DataWidth=1...
Compiling module xil_defaultlib.crc24a
Compiling module xil_defaultlib.fifo(DEPTH=1)
Compiling module xil_defaultlib.fifo(DEPTH=1,WIDTH=1)
Compiling module xil_defaultlib.AESL_axi_s_input_r
Compiling module xil_defaultlib.fifo(DEPTH=4)
Compiling module xil_defaultlib.AESL_axi_s_output_r
Compiling module xil_defaultlib.AESL_deadlock_idx0_monitor
Compiling module xil_defaultlib.AESL_deadlock_kernel_monitor_top...
Compiling module xil_defaultlib.nodf_module_intf
Compiling module xil_defaultlib.dataflow_monitor_1
Compiling module xil_defaultlib.apatb_crc24a_top
Compiling module work.glbl
Built simulation snapshot crc24a

****** xsim v2022.2.2 (64-bit)
  **** SW Build 3788238 on Tue Feb 21 19:59:23 MST 2023
  **** IP Build 3783773 on Tue Feb 21 23:41:56 MST 2023
    ** Copyright 1986-2023 Xilinx, Inc. All Rights Reserved.

source xsim.dir/crc24a/xsim_script.tcl
# xsim {crc24a} -autoloadwcfg -tclbatch {crc24a.tcl}
Time resolution is 1 ps
source crc24a.tcl
## run all
////////////////////////////////////////////////////////////////////////////////////
// Inter-Transaction Progress: Completed Transaction / Total Transaction
// Intra-Transaction Progress: Measured Latency / Latency Estimation * 100%
//
// RTL Simulation : "Inter-Transaction Progress" ["Intra-Transaction Progress"] @ "Simulation Time"
////////////////////////////////////////////////////////////////////////////////////
// RTL Simulation : 0 / 1 [0.00%] @ "125000"
find kernel block.
// RTL Simulation : 1 / 1 [100.00%] @ "295000"
////////////////////////////////////////////////////////////////////////////////////
$finish called at time : 355 ns : File "/home/sam-admin/git/Training/HLS_Vivado/A9/PART-1_HLS/vitis_ap/sol_crc/sim/verilog/crc24a.autotb.v" Line 271
## quit
INFO: [Common 17-206] Exiting xsim at Mon Jul 10 10:39:51 2023...
CRC generator output : 01101000101101001111001100000010
CRC detector output :  00000000000000000000000000000000
!PASS!CRC Check at detector is Success
INFO [HLS SIM]: The maximum depth reached by any hls::stream() instance in the design is 4
INFO: [COSIM-1000] *** C/RTL co-simulation finished: PASS ***
INFO: [COSIM-211] II is measurable only when transaction number is greater than 1 in RTL simulation. Otherwise, they will be marked as all NA. If user wants to calculate them, please make sure there are at least 2 transactions in RTL simulation.
