

================================================================
== Vitis HLS Report for 'crc24a_Pipeline_VITIS_LOOP_32_2'
================================================================
* Date:           Mon Jun 12 14:34:26 2023

* Version:        2022.2 (Build 3670227 on Oct 13 2022)
* Project:        a9crc
* Solution:       solution2 (Vivado IP Flow Target)
* Product family: zynq
* Target device:  xc7z020-clg484-1


================================================================
== Performance Estimates
================================================================
+ Timing: 
    * Summary: 
    +--------+----------+----------+------------+
    |  Clock |  Target  | Estimated| Uncertainty|
    +--------+----------+----------+------------+
    |ap_clk  |  10.00 ns|  5.984 ns|     2.70 ns|
    +--------+----------+----------+------------+

+ Latency: 
    * Summary: 
    +---------+---------+----------+----------+-----+-----+---------+
    |  Latency (cycles) |  Latency (absolute) |  Interval | Pipeline|
    |   min   |   max   |    min   |    max   | min | max |   Type  |
    +---------+---------+----------+----------+-----+-----+---------+
    |       26|       26|  0.260 us|  0.260 us|   26|   26|       no|
    +---------+---------+----------+----------+-----+-----+---------+

    + Detail: 
        * Instance: 
        N/A

        * Loop: 
        +-------------------+---------+---------+----------+-----------+-----------+------+----------+
        |                   |  Latency (cycles) | Iteration|  Initiation Interval  | Trip |          |
        |     Loop Name     |   min   |   max   |  Latency |  achieved |   target  | Count| Pipelined|
        +-------------------+---------+---------+----------+-----------+-----------+------+----------+
        |- VITIS_LOOP_32_2  |       24|       24|         1|          1|          1|    24|       yes|
        +-------------------+---------+---------+----------+-----------+-----------+------+----------+



================================================================
== Utilization Estimates
================================================================
* Summary: 
+-----------------+---------+-----+--------+-------+-----+
|       Name      | BRAM_18K| DSP |   FF   |  LUT  | URAM|
+-----------------+---------+-----+--------+-------+-----+
|DSP              |        -|    -|       -|      -|    -|
|Expression       |        -|    -|       0|    132|    -|
|FIFO             |        -|    -|       -|      -|    -|
|Instance         |        -|    -|       0|    113|    -|
|Memory           |        -|    -|       -|      -|    -|
|Multiplexer      |        -|    -|       -|    574|    -|
|Register         |        -|    -|      56|      -|    -|
+-----------------+---------+-----+--------+-------+-----+
|Total            |        0|    0|      56|    819|    0|
+-----------------+---------+-----+--------+-------+-----+
|Available        |      280|  220|  106400|  53200|    0|
+-----------------+---------+-----+--------+-------+-----+
|Utilization (%)  |        0|    0|      ~0|      1|    0|
+-----------------+---------+-----+--------+-------+-----+

+ Detail: 
    * Instance: 
    +-------------------+---------------+---------+----+---+-----+-----+
    |      Instance     |     Module    | BRAM_18K| DSP| FF| LUT | URAM|
    +-------------------+---------------+---------+----+---+-----+-----+
    |mux_245_1_1_1_U50  |mux_245_1_1_1  |        0|   0|  0|  113|    0|
    +-------------------+---------------+---------+----+---+-----+-----+
    |Total              |               |        0|   0|  0|  113|    0|
    +-------------------+---------------+---------+----+---+-----+-----+

    * DSP: 
    N/A

    * Memory: 
    N/A

    * FIFO: 
    N/A

    * Expression: 
    +------------------------+----------+----+---+----+------------+------------+
    |      Variable Name     | Operation| DSP| FF| LUT| Bitwidth P0| Bitwidth P1|
    +------------------------+----------+----+---+----+------------+------------+
    |add_ln32_fu_1747_p2     |         +|   0|  0|  13|           5|           1|
    |ap_condition_1617       |       and|   0|  0|   2|           1|           1|
    |ap_condition_1622       |       and|   0|  0|   2|           1|           1|
    |ap_condition_1625       |       and|   0|  0|   2|           1|           1|
    |ap_condition_1628       |       and|   0|  0|   2|           1|           1|
    |ap_condition_1631       |       and|   0|  0|   2|           1|           1|
    |ap_condition_1634       |       and|   0|  0|   2|           1|           1|
    |ap_condition_1637       |       and|   0|  0|   2|           1|           1|
    |icmp_ln32_fu_1741_p2    |      icmp|   0|  0|   9|           5|           5|
    |ap_enable_pp0           |       xor|   0|  0|   2|           1|           2|
    |grp_fu_1122_p2          |       xor|   0|  0|   2|           1|           2|
    |grp_fu_1127_p2          |       xor|   0|  0|   2|           1|           2|
    |grp_fu_1133_p2          |       xor|   0|  0|   2|           1|           2|
    |grp_fu_1139_p2          |       xor|   0|  0|   2|           1|           2|
    |grp_fu_1145_p2          |       xor|   0|  0|   2|           1|           2|
    |grp_fu_1151_p2          |       xor|   0|  0|   2|           1|           2|
    |grp_fu_1157_p2          |       xor|   0|  0|   2|           1|           2|
    |grp_fu_1163_p2          |       xor|   0|  0|   2|           1|           2|
    |grp_fu_1169_p2          |       xor|   0|  0|   2|           1|           2|
    |grp_fu_1175_p2          |       xor|   0|  0|   2|           1|           2|
    |grp_fu_1181_p2          |       xor|   0|  0|   2|           1|           2|
    |grp_fu_1187_p2          |       xor|   0|  0|   2|           1|           2|
    |grp_fu_1193_p2          |       xor|   0|  0|   2|           1|           2|
    |grp_fu_1214_p2          |       xor|   0|  0|   2|           1|           2|
    |grp_fu_1219_p2          |       xor|   0|  0|   2|           1|           2|
    |grp_fu_1225_p2          |       xor|   0|  0|   2|           1|           2|
    |grp_fu_1231_p2          |       xor|   0|  0|   2|           1|           2|
    |grp_fu_1237_p2          |       xor|   0|  0|   2|           1|           2|
    |grp_fu_1243_p2          |       xor|   0|  0|   2|           1|           2|
    |grp_fu_1261_p2          |       xor|   0|  0|   2|           1|           2|
    |grp_fu_1266_p2          |       xor|   0|  0|   2|           1|           2|
    |grp_fu_1272_p2          |       xor|   0|  0|   2|           1|           2|
    |grp_fu_1278_p2          |       xor|   0|  0|   2|           1|           2|
    |grp_fu_1284_p2          |       xor|   0|  0|   2|           1|           2|
    |grp_fu_1293_p2          |       xor|   0|  0|   2|           1|           2|
    |grp_fu_1298_p2          |       xor|   0|  0|   2|           1|           2|
    |grp_fu_1307_p2          |       xor|   0|  0|   2|           1|           2|
    |grp_fu_1312_p2          |       xor|   0|  0|   2|           1|           2|
    |grp_fu_1318_p2          |       xor|   0|  0|   2|           1|           2|
    |grp_fu_1323_p2          |       xor|   0|  0|   2|           1|           2|
    |grp_fu_1328_p2          |       xor|   0|  0|   2|           1|           2|
    |grp_fu_1333_p2          |       xor|   0|  0|   2|           1|           2|
    |grp_fu_1338_p2          |       xor|   0|  0|   2|           1|           2|
    |grp_fu_1343_p2          |       xor|   0|  0|   2|           1|           2|
    |grp_fu_1348_p2          |       xor|   0|  0|   2|           1|           2|
    |grp_fu_1353_p2          |       xor|   0|  0|   2|           1|           2|
    |grp_fu_1358_p2          |       xor|   0|  0|   2|           1|           2|
    |grp_fu_1363_p2          |       xor|   0|  0|   2|           1|           2|
    |grp_fu_1368_p2          |       xor|   0|  0|   2|           1|           2|
    |grp_fu_1373_p2          |       xor|   0|  0|   2|           1|           2|
    |grp_fu_1378_p2          |       xor|   0|  0|   2|           1|           2|
    |xor_ln38_12_fu_3453_p2  |       xor|   0|  0|   2|           1|           2|
    |xor_ln38_13_fu_3374_p2  |       xor|   0|  0|   2|           1|           2|
    |xor_ln38_26_fu_3298_p2  |       xor|   0|  0|   2|           1|           2|
    |xor_ln38_39_fu_3222_p2  |       xor|   0|  0|   2|           1|           2|
    |xor_ln38_52_fu_3146_p2  |       xor|   0|  0|   2|           1|           2|
    |xor_ln38_65_fu_3070_p2  |       xor|   0|  0|   2|           1|           2|
    +------------------------+----------+----+---+----+------------+------------+
    |Total                   |          |   0|  0| 132|          65|         109|
    +------------------------+----------+----+---+----+------------+------------+

    * Multiplexer: 
    +-------------------------+----+-----------+-----+-----------+
    |           Name          | LUT| Input Size| Bits| Total Bits|
    +-------------------------+----+-----------+-----+-----------+
    |ap_done_int              |   9|          2|    1|          2|
    |ap_enable_reg_pp0_iter1  |   9|          2|    1|          2|
    |dividend_10_fu_310       |   9|          2|    1|          2|
    |dividend_11_fu_314       |  14|          3|    1|          3|
    |dividend_12_fu_318       |  14|          3|    1|          3|
    |dividend_13_fu_322       |  14|          3|    1|          3|
    |dividend_14_fu_326       |   9|          2|    1|          2|
    |dividend_15_fu_330       |  14|          3|    1|          3|
    |dividend_16_fu_334       |  14|          3|    1|          3|
    |dividend_17_fu_338       |  14|          3|    1|          3|
    |dividend_18_fu_342       |   9|          2|    1|          2|
    |dividend_19_fu_346       |  14|          3|    1|          3|
    |dividend_1_fu_274        |   9|          2|    1|          2|
    |dividend_20_fu_350       |   9|          2|    1|          2|
    |dividend_21_fu_354       |  14|          3|    1|          3|
    |dividend_22_fu_358       |  14|          3|    1|          3|
    |dividend_23_fu_362       |  14|          3|    1|          3|
    |dividend_24_fu_366       |   9|          2|    1|          2|
    |dividend_25_fu_370       |   9|          2|    1|          2|
    |dividend_26_fu_374       |   9|          2|    1|          2|
    |dividend_27_fu_378       |  14|          3|    1|          3|
    |dividend_28_fu_382       |   9|          2|    1|          2|
    |dividend_29_fu_386       |  14|          3|    1|          3|
    |dividend_2_fu_278        |  14|          3|    1|          3|
    |dividend_30_fu_390       |   9|          2|    1|          2|
    |dividend_31_fu_394       |   9|          2|    1|          2|
    |dividend_32_fu_398       |   9|          2|    1|          2|
    |dividend_33_fu_402       |  14|          3|    1|          3|
    |dividend_34_fu_406       |   9|          2|    1|          2|
    |dividend_35_fu_410       |   9|          2|    1|          2|
    |dividend_36_fu_414       |   9|          2|    1|          2|
    |dividend_37_fu_418       |  14|          3|    1|          3|
    |dividend_38_fu_422       |   9|          2|    1|          2|
    |dividend_39_fu_426       |  14|          3|    1|          3|
    |dividend_3_fu_282        |  14|          3|    1|          3|
    |dividend_40_fu_430       |  14|          3|    1|          3|
    |dividend_41_fu_434       |   9|          2|    1|          2|
    |dividend_42_fu_438       |   9|          2|    1|          2|
    |dividend_43_fu_442       |   9|          2|    1|          2|
    |dividend_44_fu_446       |   9|          2|    1|          2|
    |dividend_45_fu_450       |   9|          2|    1|          2|
    |dividend_46_fu_454       |  14|          3|    1|          3|
    |dividend_47_fu_458       |   9|          2|    1|          2|
    |dividend_4_fu_286        |  14|          3|    1|          3|
    |dividend_5_fu_290        |  14|          3|    1|          3|
    |dividend_6_fu_294        |  14|          3|    1|          3|
    |dividend_7_fu_298        |   9|          2|    1|          2|
    |dividend_8_fu_302        |   9|          2|    1|          2|
    |dividend_9_fu_306        |  14|          3|    1|          3|
    |dividend_fu_270          |   9|          2|    1|          2|
    |i_1_fu_266               |   9|          2|    5|         10|
    +-------------------------+----+-----------+-----+-----------+
    |Total                    | 574|        125|   55|        133|
    +-------------------------+----+-----------+-----+-----------+

    * Register: 
    +-------------------------+---+----+-----+-----------+
    |           Name          | FF| LUT| Bits| Const Bits|
    +-------------------------+---+----+-----+-----------+
    |ap_CS_fsm                |  1|   0|    1|          0|
    |ap_done_reg              |  1|   0|    1|          0|
    |ap_enable_reg_pp0_iter1  |  1|   0|    1|          0|
    |dividend_10_fu_310       |  1|   0|    1|          0|
    |dividend_11_fu_314       |  1|   0|    1|          0|
    |dividend_12_fu_318       |  1|   0|    1|          0|
    |dividend_13_fu_322       |  1|   0|    1|          0|
    |dividend_14_fu_326       |  1|   0|    1|          0|
    |dividend_15_fu_330       |  1|   0|    1|          0|
    |dividend_16_fu_334       |  1|   0|    1|          0|
    |dividend_17_fu_338       |  1|   0|    1|          0|
    |dividend_18_fu_342       |  1|   0|    1|          0|
    |dividend_19_fu_346       |  1|   0|    1|          0|
    |dividend_1_fu_274        |  1|   0|    1|          0|
    |dividend_20_fu_350       |  1|   0|    1|          0|
    |dividend_21_fu_354       |  1|   0|    1|          0|
    |dividend_22_fu_358       |  1|   0|    1|          0|
    |dividend_23_fu_362       |  1|   0|    1|          0|
    |dividend_24_fu_366       |  1|   0|    1|          0|
    |dividend_25_fu_370       |  1|   0|    1|          0|
    |dividend_26_fu_374       |  1|   0|    1|          0|
    |dividend_27_fu_378       |  1|   0|    1|          0|
    |dividend_28_fu_382       |  1|   0|    1|          0|
    |dividend_29_fu_386       |  1|   0|    1|          0|
    |dividend_2_fu_278        |  1|   0|    1|          0|
    |dividend_30_fu_390       |  1|   0|    1|          0|
    |dividend_31_fu_394       |  1|   0|    1|          0|
    |dividend_32_fu_398       |  1|   0|    1|          0|
    |dividend_33_fu_402       |  1|   0|    1|          0|
    |dividend_34_fu_406       |  1|   0|    1|          0|
    |dividend_35_fu_410       |  1|   0|    1|          0|
    |dividend_36_fu_414       |  1|   0|    1|          0|
    |dividend_37_fu_418       |  1|   0|    1|          0|
    |dividend_38_fu_422       |  1|   0|    1|          0|
    |dividend_39_fu_426       |  1|   0|    1|          0|
    |dividend_3_fu_282        |  1|   0|    1|          0|
    |dividend_40_fu_430       |  1|   0|    1|          0|
    |dividend_41_fu_434       |  1|   0|    1|          0|
    |dividend_42_fu_438       |  1|   0|    1|          0|
    |dividend_43_fu_442       |  1|   0|    1|          0|
    |dividend_44_fu_446       |  1|   0|    1|          0|
    |dividend_45_fu_450       |  1|   0|    1|          0|
    |dividend_46_fu_454       |  1|   0|    1|          0|
    |dividend_47_fu_458       |  1|   0|    1|          0|
    |dividend_4_fu_286        |  1|   0|    1|          0|
    |dividend_5_fu_290        |  1|   0|    1|          0|
    |dividend_6_fu_294        |  1|   0|    1|          0|
    |dividend_7_fu_298        |  1|   0|    1|          0|
    |dividend_8_fu_302        |  1|   0|    1|          0|
    |dividend_9_fu_306        |  1|   0|    1|          0|
    |dividend_fu_270          |  1|   0|    1|          0|
    |i_1_fu_266               |  5|   0|    5|          0|
    +-------------------------+---+----+-----+-----------+
    |Total                    | 56|   0|   56|          0|
    +-------------------------+---+----+-----+-----------+



================================================================
== Interface
================================================================
* Summary: 
+-------------------------+-----+-----+------------+---------------------------------+--------------+
|        RTL Ports        | Dir | Bits|  Protocol  |          Source Object          |    C Type    |
+-------------------------+-----+-----+------------+---------------------------------+--------------+
|ap_clk                   |   in|    1|  ap_ctrl_hs|  crc24a_Pipeline_VITIS_LOOP_32_2|  return value|
|ap_rst                   |   in|    1|  ap_ctrl_hs|  crc24a_Pipeline_VITIS_LOOP_32_2|  return value|
|ap_start                 |   in|    1|  ap_ctrl_hs|  crc24a_Pipeline_VITIS_LOOP_32_2|  return value|
|ap_done                  |  out|    1|  ap_ctrl_hs|  crc24a_Pipeline_VITIS_LOOP_32_2|  return value|
|ap_idle                  |  out|    1|  ap_ctrl_hs|  crc24a_Pipeline_VITIS_LOOP_32_2|  return value|
|ap_ready                 |  out|    1|  ap_ctrl_hs|  crc24a_Pipeline_VITIS_LOOP_32_2|  return value|
|dividend_47_reload       |   in|    1|     ap_none|               dividend_47_reload|        scalar|
|dividend_46_reload       |   in|    1|     ap_none|               dividend_46_reload|        scalar|
|dividend_45_reload       |   in|    1|     ap_none|               dividend_45_reload|        scalar|
|dividend_44_reload       |   in|    1|     ap_none|               dividend_44_reload|        scalar|
|dividend_43_reload       |   in|    1|     ap_none|               dividend_43_reload|        scalar|
|dividend_42_reload       |   in|    1|     ap_none|               dividend_42_reload|        scalar|
|dividend_41_reload       |   in|    1|     ap_none|               dividend_41_reload|        scalar|
|dividend_40_reload       |   in|    1|     ap_none|               dividend_40_reload|        scalar|
|dividend_39_reload       |   in|    1|     ap_none|               dividend_39_reload|        scalar|
|dividend_38_reload       |   in|    1|     ap_none|               dividend_38_reload|        scalar|
|dividend_37_reload       |   in|    1|     ap_none|               dividend_37_reload|        scalar|
|dividend_36_reload       |   in|    1|     ap_none|               dividend_36_reload|        scalar|
|dividend_35_reload       |   in|    1|     ap_none|               dividend_35_reload|        scalar|
|dividend_34_reload       |   in|    1|     ap_none|               dividend_34_reload|        scalar|
|dividend_33_reload       |   in|    1|     ap_none|               dividend_33_reload|        scalar|
|dividend_32_reload       |   in|    1|     ap_none|               dividend_32_reload|        scalar|
|dividend_31_reload       |   in|    1|     ap_none|               dividend_31_reload|        scalar|
|dividend_30_reload       |   in|    1|     ap_none|               dividend_30_reload|        scalar|
|dividend_29_reload       |   in|    1|     ap_none|               dividend_29_reload|        scalar|
|dividend_28_reload       |   in|    1|     ap_none|               dividend_28_reload|        scalar|
|dividend_27_reload       |   in|    1|     ap_none|               dividend_27_reload|        scalar|
|dividend_26_reload       |   in|    1|     ap_none|               dividend_26_reload|        scalar|
|dividend_25_reload       |   in|    1|     ap_none|               dividend_25_reload|        scalar|
|dividend_24_reload       |   in|    1|     ap_none|               dividend_24_reload|        scalar|
|dividend_23_reload       |   in|    1|     ap_none|               dividend_23_reload|        scalar|
|dividend_22_reload       |   in|    1|     ap_none|               dividend_22_reload|        scalar|
|dividend_21_reload       |   in|    1|     ap_none|               dividend_21_reload|        scalar|
|dividend_20_reload       |   in|    1|     ap_none|               dividend_20_reload|        scalar|
|dividend_19_reload       |   in|    1|     ap_none|               dividend_19_reload|        scalar|
|dividend_18_reload       |   in|    1|     ap_none|               dividend_18_reload|        scalar|
|dividend_17_reload       |   in|    1|     ap_none|               dividend_17_reload|        scalar|
|dividend_16_reload       |   in|    1|     ap_none|               dividend_16_reload|        scalar|
|dividend_15_reload       |   in|    1|     ap_none|               dividend_15_reload|        scalar|
|dividend_14_reload       |   in|    1|     ap_none|               dividend_14_reload|        scalar|
|dividend_13_reload       |   in|    1|     ap_none|               dividend_13_reload|        scalar|
|dividend_12_reload       |   in|    1|     ap_none|               dividend_12_reload|        scalar|
|dividend_11_reload       |   in|    1|     ap_none|               dividend_11_reload|        scalar|
|dividend_10_reload       |   in|    1|     ap_none|               dividend_10_reload|        scalar|
|dividend_9_reload        |   in|    1|     ap_none|                dividend_9_reload|        scalar|
|dividend_8_reload        |   in|    1|     ap_none|                dividend_8_reload|        scalar|
|dividend_7_reload        |   in|    1|     ap_none|                dividend_7_reload|        scalar|
|dividend_6_reload        |   in|    1|     ap_none|                dividend_6_reload|        scalar|
|dividend_5_reload        |   in|    1|     ap_none|                dividend_5_reload|        scalar|
|dividend_4_reload        |   in|    1|     ap_none|                dividend_4_reload|        scalar|
|dividend_3_reload        |   in|    1|     ap_none|                dividend_3_reload|        scalar|
|dividend_2_reload        |   in|    1|     ap_none|                dividend_2_reload|        scalar|
|dividend_1_reload        |   in|    1|     ap_none|                dividend_1_reload|        scalar|
|dividend_reload          |   in|    1|     ap_none|                  dividend_reload|        scalar|
|dividend_143_out         |  out|    1|      ap_vld|                 dividend_143_out|       pointer|
|dividend_143_out_ap_vld  |  out|    1|      ap_vld|                 dividend_143_out|       pointer|
|dividend_142_out         |  out|    1|      ap_vld|                 dividend_142_out|       pointer|
|dividend_142_out_ap_vld  |  out|    1|      ap_vld|                 dividend_142_out|       pointer|
|dividend_141_out         |  out|    1|      ap_vld|                 dividend_141_out|       pointer|
|dividend_141_out_ap_vld  |  out|    1|      ap_vld|                 dividend_141_out|       pointer|
|dividend_140_out         |  out|    1|      ap_vld|                 dividend_140_out|       pointer|
|dividend_140_out_ap_vld  |  out|    1|      ap_vld|                 dividend_140_out|       pointer|
|dividend_139_out         |  out|    1|      ap_vld|                 dividend_139_out|       pointer|
|dividend_139_out_ap_vld  |  out|    1|      ap_vld|                 dividend_139_out|       pointer|
|dividend_138_out         |  out|    1|      ap_vld|                 dividend_138_out|       pointer|
|dividend_138_out_ap_vld  |  out|    1|      ap_vld|                 dividend_138_out|       pointer|
|dividend_137_out         |  out|    1|      ap_vld|                 dividend_137_out|       pointer|
|dividend_137_out_ap_vld  |  out|    1|      ap_vld|                 dividend_137_out|       pointer|
|dividend_136_out         |  out|    1|      ap_vld|                 dividend_136_out|       pointer|
|dividend_136_out_ap_vld  |  out|    1|      ap_vld|                 dividend_136_out|       pointer|
|dividend_135_out         |  out|    1|      ap_vld|                 dividend_135_out|       pointer|
|dividend_135_out_ap_vld  |  out|    1|      ap_vld|                 dividend_135_out|       pointer|
|dividend_134_out         |  out|    1|      ap_vld|                 dividend_134_out|       pointer|
|dividend_134_out_ap_vld  |  out|    1|      ap_vld|                 dividend_134_out|       pointer|
|dividend_133_out         |  out|    1|      ap_vld|                 dividend_133_out|       pointer|
|dividend_133_out_ap_vld  |  out|    1|      ap_vld|                 dividend_133_out|       pointer|
|dividend_132_out         |  out|    1|      ap_vld|                 dividend_132_out|       pointer|
|dividend_132_out_ap_vld  |  out|    1|      ap_vld|                 dividend_132_out|       pointer|
|dividend_131_out         |  out|    1|      ap_vld|                 dividend_131_out|       pointer|
|dividend_131_out_ap_vld  |  out|    1|      ap_vld|                 dividend_131_out|       pointer|
|dividend_130_out         |  out|    1|      ap_vld|                 dividend_130_out|       pointer|
|dividend_130_out_ap_vld  |  out|    1|      ap_vld|                 dividend_130_out|       pointer|
|dividend_129_out         |  out|    1|      ap_vld|                 dividend_129_out|       pointer|
|dividend_129_out_ap_vld  |  out|    1|      ap_vld|                 dividend_129_out|       pointer|
|dividend_128_out         |  out|    1|      ap_vld|                 dividend_128_out|       pointer|
|dividend_128_out_ap_vld  |  out|    1|      ap_vld|                 dividend_128_out|       pointer|
|dividend_127_out         |  out|    1|      ap_vld|                 dividend_127_out|       pointer|
|dividend_127_out_ap_vld  |  out|    1|      ap_vld|                 dividend_127_out|       pointer|
|dividend_126_out         |  out|    1|      ap_vld|                 dividend_126_out|       pointer|
|dividend_126_out_ap_vld  |  out|    1|      ap_vld|                 dividend_126_out|       pointer|
|dividend_125_out         |  out|    1|      ap_vld|                 dividend_125_out|       pointer|
|dividend_125_out_ap_vld  |  out|    1|      ap_vld|                 dividend_125_out|       pointer|
|dividend_124_out         |  out|    1|      ap_vld|                 dividend_124_out|       pointer|
|dividend_124_out_ap_vld  |  out|    1|      ap_vld|                 dividend_124_out|       pointer|
|dividend_123_out         |  out|    1|      ap_vld|                 dividend_123_out|       pointer|
|dividend_123_out_ap_vld  |  out|    1|      ap_vld|                 dividend_123_out|       pointer|
|dividend_122_out         |  out|    1|      ap_vld|                 dividend_122_out|       pointer|
|dividend_122_out_ap_vld  |  out|    1|      ap_vld|                 dividend_122_out|       pointer|
|dividend_121_out         |  out|    1|      ap_vld|                 dividend_121_out|       pointer|
|dividend_121_out_ap_vld  |  out|    1|      ap_vld|                 dividend_121_out|       pointer|
|dividend_120_out         |  out|    1|      ap_vld|                 dividend_120_out|       pointer|
|dividend_120_out_ap_vld  |  out|    1|      ap_vld|                 dividend_120_out|       pointer|
|dividend_119_out         |  out|    1|      ap_vld|                 dividend_119_out|       pointer|
|dividend_119_out_ap_vld  |  out|    1|      ap_vld|                 dividend_119_out|       pointer|
|dividend_118_out         |  out|    1|      ap_vld|                 dividend_118_out|       pointer|
|dividend_118_out_ap_vld  |  out|    1|      ap_vld|                 dividend_118_out|       pointer|
|dividend_117_out         |  out|    1|      ap_vld|                 dividend_117_out|       pointer|
|dividend_117_out_ap_vld  |  out|    1|      ap_vld|                 dividend_117_out|       pointer|
|dividend_116_out         |  out|    1|      ap_vld|                 dividend_116_out|       pointer|
|dividend_116_out_ap_vld  |  out|    1|      ap_vld|                 dividend_116_out|       pointer|
|dividend_115_out         |  out|    1|      ap_vld|                 dividend_115_out|       pointer|
|dividend_115_out_ap_vld  |  out|    1|      ap_vld|                 dividend_115_out|       pointer|
|dividend_114_out         |  out|    1|      ap_vld|                 dividend_114_out|       pointer|
|dividend_114_out_ap_vld  |  out|    1|      ap_vld|                 dividend_114_out|       pointer|
|dividend_113_out         |  out|    1|      ap_vld|                 dividend_113_out|       pointer|
|dividend_113_out_ap_vld  |  out|    1|      ap_vld|                 dividend_113_out|       pointer|
|dividend_112_out         |  out|    1|      ap_vld|                 dividend_112_out|       pointer|
|dividend_112_out_ap_vld  |  out|    1|      ap_vld|                 dividend_112_out|       pointer|
|dividend_111_out         |  out|    1|      ap_vld|                 dividend_111_out|       pointer|
|dividend_111_out_ap_vld  |  out|    1|      ap_vld|                 dividend_111_out|       pointer|
|dividend_110_out         |  out|    1|      ap_vld|                 dividend_110_out|       pointer|
|dividend_110_out_ap_vld  |  out|    1|      ap_vld|                 dividend_110_out|       pointer|
|dividend_109_out         |  out|    1|      ap_vld|                 dividend_109_out|       pointer|
|dividend_109_out_ap_vld  |  out|    1|      ap_vld|                 dividend_109_out|       pointer|
|dividend_108_out         |  out|    1|      ap_vld|                 dividend_108_out|       pointer|
|dividend_108_out_ap_vld  |  out|    1|      ap_vld|                 dividend_108_out|       pointer|
|dividend_107_out         |  out|    1|      ap_vld|                 dividend_107_out|       pointer|
|dividend_107_out_ap_vld  |  out|    1|      ap_vld|                 dividend_107_out|       pointer|
|dividend_106_out         |  out|    1|      ap_vld|                 dividend_106_out|       pointer|
|dividend_106_out_ap_vld  |  out|    1|      ap_vld|                 dividend_106_out|       pointer|
|dividend_105_out         |  out|    1|      ap_vld|                 dividend_105_out|       pointer|
|dividend_105_out_ap_vld  |  out|    1|      ap_vld|                 dividend_105_out|       pointer|
|dividend_104_out         |  out|    1|      ap_vld|                 dividend_104_out|       pointer|
|dividend_104_out_ap_vld  |  out|    1|      ap_vld|                 dividend_104_out|       pointer|
|dividend_103_out         |  out|    1|      ap_vld|                 dividend_103_out|       pointer|
|dividend_103_out_ap_vld  |  out|    1|      ap_vld|                 dividend_103_out|       pointer|
|dividend_102_out         |  out|    1|      ap_vld|                 dividend_102_out|       pointer|
|dividend_102_out_ap_vld  |  out|    1|      ap_vld|                 dividend_102_out|       pointer|
|dividend_101_out         |  out|    1|      ap_vld|                 dividend_101_out|       pointer|
|dividend_101_out_ap_vld  |  out|    1|      ap_vld|                 dividend_101_out|       pointer|
|dividend_100_out         |  out|    1|      ap_vld|                 dividend_100_out|       pointer|
|dividend_100_out_ap_vld  |  out|    1|      ap_vld|                 dividend_100_out|       pointer|
|dividend_99_out          |  out|    1|      ap_vld|                  dividend_99_out|       pointer|
|dividend_99_out_ap_vld   |  out|    1|      ap_vld|                  dividend_99_out|       pointer|
|dividend_98_out          |  out|    1|      ap_vld|                  dividend_98_out|       pointer|
|dividend_98_out_ap_vld   |  out|    1|      ap_vld|                  dividend_98_out|       pointer|
|dividend_97_out          |  out|    1|      ap_vld|                  dividend_97_out|       pointer|
|dividend_97_out_ap_vld   |  out|    1|      ap_vld|                  dividend_97_out|       pointer|
|dividend_48_out          |  out|    1|      ap_vld|                  dividend_48_out|       pointer|
|dividend_48_out_ap_vld   |  out|    1|      ap_vld|                  dividend_48_out|       pointer|
+-------------------------+-----+-----+------------+---------------------------------+--------------+

