

================================================================
== Vitis HLS Report for 'crc24a_Pipeline_VITIS_LOOP_25_1'
================================================================
* Date:           Mon Jun 12 14:34:26 2023

* Version:        2022.2 (Build 3670227 on Oct 13 2022)
* Project:        a9crc
* Solution:       solution2 (Vivado IP Flow Target)
* Product family: zynq
* Target device:  xc7z020-clg484-1


================================================================
== Performance Estimates
================================================================
+ Timing: 
    * Summary: 
    +--------+----------+----------+------------+
    |  Clock |  Target  | Estimated| Uncertainty|
    +--------+----------+----------+------------+
    |ap_clk  |  10.00 ns|  3.413 ns|     2.70 ns|
    +--------+----------+----------+------------+

+ Latency: 
    * Summary: 
    +---------+---------+----------+----------+-----+-----+---------+
    |  Latency (cycles) |  Latency (absolute) |  Interval | Pipeline|
    |   min   |   max   |    min   |    max   | min | max |   Type  |
    +---------+---------+----------+----------+-----+-----+---------+
    |       50|       50|  0.500 us|  0.500 us|   50|   50|       no|
    +---------+---------+----------+----------+-----+-----+---------+

    + Detail: 
        * Instance: 
        N/A

        * Loop: 
        +-------------------+---------+---------+----------+-----------+-----------+------+----------+
        |                   |  Latency (cycles) | Iteration|  Initiation Interval  | Trip |          |
        |     Loop Name     |   min   |   max   |  Latency |  achieved |   target  | Count| Pipelined|
        +-------------------+---------+---------+----------+-----------+-----------+------+----------+
        |- VITIS_LOOP_25_1  |       48|       48|         1|          1|          1|    48|       yes|
        +-------------------+---------+---------+----------+-----------+-----------+------+----------+



================================================================
== Utilization Estimates
================================================================
* Summary: 
+-----------------+---------+-----+--------+-------+-----+
|       Name      | BRAM_18K| DSP |   FF   |  LUT  | URAM|
+-----------------+---------+-----+--------+-------+-----+
|DSP              |        -|    -|       -|      -|    -|
|Expression       |        -|    -|       0|     28|    -|
|FIFO             |        -|    -|       -|      -|    -|
|Instance         |        -|    -|       -|      -|    -|
|Memory           |        -|    -|       -|      -|    -|
|Multiplexer      |        -|    -|       -|     36|    -|
|Register         |        -|    -|      56|      -|    -|
+-----------------+---------+-----+--------+-------+-----+
|Total            |        0|    0|      56|     64|    0|
+-----------------+---------+-----+--------+-------+-----+
|Available        |      280|  220|  106400|  53200|    0|
+-----------------+---------+-----+--------+-------+-----+
|Utilization (%)  |        0|    0|      ~0|     ~0|    0|
+-----------------+---------+-----+--------+-------+-----+

+ Detail: 
    * Instance: 
    N/A

    * DSP: 
    N/A

    * Memory: 
    N/A

    * FIFO: 
    N/A

    * Expression: 
    +----------------------------------+----------+----+---+----+------------+------------+
    |           Variable Name          | Operation| DSP| FF| LUT| Bitwidth P0| Bitwidth P1|
    +----------------------------------+----------+----+---+----+------------+------------+
    |add_ln25_fu_774_p2                |         +|   0|  0|  14|           6|           1|
    |ap_condition_633                  |       and|   0|  0|   2|           1|           1|
    |icmp_ln25_fu_768_p2               |      icmp|   0|  0|  10|           6|           6|
    |ap_block_state1_pp0_stage0_iter0  |        or|   0|  0|   2|           1|           1|
    +----------------------------------+----------+----+---+----+------------+------------+
    |Total                             |          |   0|  0|  28|          14|           9|
    +----------------------------------+----------+----+---+----+------------+------------+

    * Multiplexer: 
    +----------------------+----+-----------+-----+-----------+
    |         Name         | LUT| Input Size| Bits| Total Bits|
    +----------------------+----+-----------+-----+-----------+
    |a_TDATA_blk_n         |   9|          2|    1|          2|
    |ap_done_int           |   9|          2|    1|          2|
    |ap_sig_allocacmp_i_2  |   9|          2|    6|         12|
    |i_fu_222              |   9|          2|    6|         12|
    +----------------------+----+-----------+-----+-----------+
    |Total                 |  36|          8|   14|         28|
    +----------------------+----+-----------+-----+-----------+

    * Register: 
    +--------------------+---+----+-----+-----------+
    |        Name        | FF| LUT| Bits| Const Bits|
    +--------------------+---+----+-----+-----------+
    |ap_CS_fsm           |  1|   0|    1|          0|
    |ap_done_reg         |  1|   0|    1|          0|
    |dividend_10_fu_266  |  1|   0|    1|          0|
    |dividend_11_fu_270  |  1|   0|    1|          0|
    |dividend_12_fu_274  |  1|   0|    1|          0|
    |dividend_13_fu_278  |  1|   0|    1|          0|
    |dividend_14_fu_282  |  1|   0|    1|          0|
    |dividend_15_fu_286  |  1|   0|    1|          0|
    |dividend_16_fu_290  |  1|   0|    1|          0|
    |dividend_17_fu_294  |  1|   0|    1|          0|
    |dividend_18_fu_298  |  1|   0|    1|          0|
    |dividend_19_fu_302  |  1|   0|    1|          0|
    |dividend_1_fu_230   |  1|   0|    1|          0|
    |dividend_20_fu_306  |  1|   0|    1|          0|
    |dividend_21_fu_310  |  1|   0|    1|          0|
    |dividend_22_fu_314  |  1|   0|    1|          0|
    |dividend_23_fu_318  |  1|   0|    1|          0|
    |dividend_24_fu_322  |  1|   0|    1|          0|
    |dividend_25_fu_326  |  1|   0|    1|          0|
    |dividend_26_fu_330  |  1|   0|    1|          0|
    |dividend_27_fu_334  |  1|   0|    1|          0|
    |dividend_28_fu_338  |  1|   0|    1|          0|
    |dividend_29_fu_342  |  1|   0|    1|          0|
    |dividend_2_fu_234   |  1|   0|    1|          0|
    |dividend_30_fu_346  |  1|   0|    1|          0|
    |dividend_31_fu_350  |  1|   0|    1|          0|
    |dividend_32_fu_354  |  1|   0|    1|          0|
    |dividend_33_fu_358  |  1|   0|    1|          0|
    |dividend_34_fu_362  |  1|   0|    1|          0|
    |dividend_35_fu_366  |  1|   0|    1|          0|
    |dividend_36_fu_370  |  1|   0|    1|          0|
    |dividend_37_fu_374  |  1|   0|    1|          0|
    |dividend_38_fu_378  |  1|   0|    1|          0|
    |dividend_39_fu_382  |  1|   0|    1|          0|
    |dividend_3_fu_238   |  1|   0|    1|          0|
    |dividend_40_fu_386  |  1|   0|    1|          0|
    |dividend_41_fu_390  |  1|   0|    1|          0|
    |dividend_42_fu_394  |  1|   0|    1|          0|
    |dividend_43_fu_398  |  1|   0|    1|          0|
    |dividend_44_fu_402  |  1|   0|    1|          0|
    |dividend_45_fu_406  |  1|   0|    1|          0|
    |dividend_46_fu_410  |  1|   0|    1|          0|
    |dividend_47_fu_414  |  1|   0|    1|          0|
    |dividend_4_fu_242   |  1|   0|    1|          0|
    |dividend_5_fu_246   |  1|   0|    1|          0|
    |dividend_6_fu_250   |  1|   0|    1|          0|
    |dividend_7_fu_254   |  1|   0|    1|          0|
    |dividend_8_fu_258   |  1|   0|    1|          0|
    |dividend_9_fu_262   |  1|   0|    1|          0|
    |dividend_fu_226     |  1|   0|    1|          0|
    |i_fu_222            |  6|   0|    6|          0|
    +--------------------+---+----+-----+-----------+
    |Total               | 56|   0|   56|          0|
    +--------------------+---+----+-----+-----------+



================================================================
== Interface
================================================================
* Summary: 
+------------------------+-----+-----+------------+---------------------------------+--------------+
|        RTL Ports       | Dir | Bits|  Protocol  |          Source Object          |    C Type    |
+------------------------+-----+-----+------------+---------------------------------+--------------+
|ap_clk                  |   in|    1|  ap_ctrl_hs|  crc24a_Pipeline_VITIS_LOOP_25_1|  return value|
|ap_rst                  |   in|    1|  ap_ctrl_hs|  crc24a_Pipeline_VITIS_LOOP_25_1|  return value|
|ap_start                |   in|    1|  ap_ctrl_hs|  crc24a_Pipeline_VITIS_LOOP_25_1|  return value|
|ap_done                 |  out|    1|  ap_ctrl_hs|  crc24a_Pipeline_VITIS_LOOP_25_1|  return value|
|ap_idle                 |  out|    1|  ap_ctrl_hs|  crc24a_Pipeline_VITIS_LOOP_25_1|  return value|
|ap_ready                |  out|    1|  ap_ctrl_hs|  crc24a_Pipeline_VITIS_LOOP_25_1|  return value|
|a_TVALID                |   in|    1|        axis|                                a|       pointer|
|a_TDATA                 |   in|    8|        axis|                                a|       pointer|
|a_TREADY                |  out|    1|        axis|                                a|       pointer|
|dividend_47_out         |  out|    1|      ap_vld|                  dividend_47_out|       pointer|
|dividend_47_out_ap_vld  |  out|    1|      ap_vld|                  dividend_47_out|       pointer|
|dividend_46_out         |  out|    1|      ap_vld|                  dividend_46_out|       pointer|
|dividend_46_out_ap_vld  |  out|    1|      ap_vld|                  dividend_46_out|       pointer|
|dividend_45_out         |  out|    1|      ap_vld|                  dividend_45_out|       pointer|
|dividend_45_out_ap_vld  |  out|    1|      ap_vld|                  dividend_45_out|       pointer|
|dividend_44_out         |  out|    1|      ap_vld|                  dividend_44_out|       pointer|
|dividend_44_out_ap_vld  |  out|    1|      ap_vld|                  dividend_44_out|       pointer|
|dividend_43_out         |  out|    1|      ap_vld|                  dividend_43_out|       pointer|
|dividend_43_out_ap_vld  |  out|    1|      ap_vld|                  dividend_43_out|       pointer|
|dividend_42_out         |  out|    1|      ap_vld|                  dividend_42_out|       pointer|
|dividend_42_out_ap_vld  |  out|    1|      ap_vld|                  dividend_42_out|       pointer|
|dividend_41_out         |  out|    1|      ap_vld|                  dividend_41_out|       pointer|
|dividend_41_out_ap_vld  |  out|    1|      ap_vld|                  dividend_41_out|       pointer|
|dividend_40_out         |  out|    1|      ap_vld|                  dividend_40_out|       pointer|
|dividend_40_out_ap_vld  |  out|    1|      ap_vld|                  dividend_40_out|       pointer|
|dividend_39_out         |  out|    1|      ap_vld|                  dividend_39_out|       pointer|
|dividend_39_out_ap_vld  |  out|    1|      ap_vld|                  dividend_39_out|       pointer|
|dividend_38_out         |  out|    1|      ap_vld|                  dividend_38_out|       pointer|
|dividend_38_out_ap_vld  |  out|    1|      ap_vld|                  dividend_38_out|       pointer|
|dividend_37_out         |  out|    1|      ap_vld|                  dividend_37_out|       pointer|
|dividend_37_out_ap_vld  |  out|    1|      ap_vld|                  dividend_37_out|       pointer|
|dividend_36_out         |  out|    1|      ap_vld|                  dividend_36_out|       pointer|
|dividend_36_out_ap_vld  |  out|    1|      ap_vld|                  dividend_36_out|       pointer|
|dividend_35_out         |  out|    1|      ap_vld|                  dividend_35_out|       pointer|
|dividend_35_out_ap_vld  |  out|    1|      ap_vld|                  dividend_35_out|       pointer|
|dividend_34_out         |  out|    1|      ap_vld|                  dividend_34_out|       pointer|
|dividend_34_out_ap_vld  |  out|    1|      ap_vld|                  dividend_34_out|       pointer|
|dividend_33_out         |  out|    1|      ap_vld|                  dividend_33_out|       pointer|
|dividend_33_out_ap_vld  |  out|    1|      ap_vld|                  dividend_33_out|       pointer|
|dividend_32_out         |  out|    1|      ap_vld|                  dividend_32_out|       pointer|
|dividend_32_out_ap_vld  |  out|    1|      ap_vld|                  dividend_32_out|       pointer|
|dividend_31_out         |  out|    1|      ap_vld|                  dividend_31_out|       pointer|
|dividend_31_out_ap_vld  |  out|    1|      ap_vld|                  dividend_31_out|       pointer|
|dividend_30_out         |  out|    1|      ap_vld|                  dividend_30_out|       pointer|
|dividend_30_out_ap_vld  |  out|    1|      ap_vld|                  dividend_30_out|       pointer|
|dividend_29_out         |  out|    1|      ap_vld|                  dividend_29_out|       pointer|
|dividend_29_out_ap_vld  |  out|    1|      ap_vld|                  dividend_29_out|       pointer|
|dividend_28_out         |  out|    1|      ap_vld|                  dividend_28_out|       pointer|
|dividend_28_out_ap_vld  |  out|    1|      ap_vld|                  dividend_28_out|       pointer|
|dividend_27_out         |  out|    1|      ap_vld|                  dividend_27_out|       pointer|
|dividend_27_out_ap_vld  |  out|    1|      ap_vld|                  dividend_27_out|       pointer|
|dividend_26_out         |  out|    1|      ap_vld|                  dividend_26_out|       pointer|
|dividend_26_out_ap_vld  |  out|    1|      ap_vld|                  dividend_26_out|       pointer|
|dividend_25_out         |  out|    1|      ap_vld|                  dividend_25_out|       pointer|
|dividend_25_out_ap_vld  |  out|    1|      ap_vld|                  dividend_25_out|       pointer|
|dividend_24_out         |  out|    1|      ap_vld|                  dividend_24_out|       pointer|
|dividend_24_out_ap_vld  |  out|    1|      ap_vld|                  dividend_24_out|       pointer|
|dividend_23_out         |  out|    1|      ap_vld|                  dividend_23_out|       pointer|
|dividend_23_out_ap_vld  |  out|    1|      ap_vld|                  dividend_23_out|       pointer|
|dividend_22_out         |  out|    1|      ap_vld|                  dividend_22_out|       pointer|
|dividend_22_out_ap_vld  |  out|    1|      ap_vld|                  dividend_22_out|       pointer|
|dividend_21_out         |  out|    1|      ap_vld|                  dividend_21_out|       pointer|
|dividend_21_out_ap_vld  |  out|    1|      ap_vld|                  dividend_21_out|       pointer|
|dividend_20_out         |  out|    1|      ap_vld|                  dividend_20_out|       pointer|
|dividend_20_out_ap_vld  |  out|    1|      ap_vld|                  dividend_20_out|       pointer|
|dividend_19_out         |  out|    1|      ap_vld|                  dividend_19_out|       pointer|
|dividend_19_out_ap_vld  |  out|    1|      ap_vld|                  dividend_19_out|       pointer|
|dividend_18_out         |  out|    1|      ap_vld|                  dividend_18_out|       pointer|
|dividend_18_out_ap_vld  |  out|    1|      ap_vld|                  dividend_18_out|       pointer|
|dividend_17_out         |  out|    1|      ap_vld|                  dividend_17_out|       pointer|
|dividend_17_out_ap_vld  |  out|    1|      ap_vld|                  dividend_17_out|       pointer|
|dividend_16_out         |  out|    1|      ap_vld|                  dividend_16_out|       pointer|
|dividend_16_out_ap_vld  |  out|    1|      ap_vld|                  dividend_16_out|       pointer|
|dividend_15_out         |  out|    1|      ap_vld|                  dividend_15_out|       pointer|
|dividend_15_out_ap_vld  |  out|    1|      ap_vld|                  dividend_15_out|       pointer|
|dividend_14_out         |  out|    1|      ap_vld|                  dividend_14_out|       pointer|
|dividend_14_out_ap_vld  |  out|    1|      ap_vld|                  dividend_14_out|       pointer|
|dividend_13_out         |  out|    1|      ap_vld|                  dividend_13_out|       pointer|
|dividend_13_out_ap_vld  |  out|    1|      ap_vld|                  dividend_13_out|       pointer|
|dividend_12_out         |  out|    1|      ap_vld|                  dividend_12_out|       pointer|
|dividend_12_out_ap_vld  |  out|    1|      ap_vld|                  dividend_12_out|       pointer|
|dividend_11_out         |  out|    1|      ap_vld|                  dividend_11_out|       pointer|
|dividend_11_out_ap_vld  |  out|    1|      ap_vld|                  dividend_11_out|       pointer|
|dividend_10_out         |  out|    1|      ap_vld|                  dividend_10_out|       pointer|
|dividend_10_out_ap_vld  |  out|    1|      ap_vld|                  dividend_10_out|       pointer|
|dividend_9_out          |  out|    1|      ap_vld|                   dividend_9_out|       pointer|
|dividend_9_out_ap_vld   |  out|    1|      ap_vld|                   dividend_9_out|       pointer|
|dividend_8_out          |  out|    1|      ap_vld|                   dividend_8_out|       pointer|
|dividend_8_out_ap_vld   |  out|    1|      ap_vld|                   dividend_8_out|       pointer|
|dividend_7_out          |  out|    1|      ap_vld|                   dividend_7_out|       pointer|
|dividend_7_out_ap_vld   |  out|    1|      ap_vld|                   dividend_7_out|       pointer|
|dividend_6_out          |  out|    1|      ap_vld|                   dividend_6_out|       pointer|
|dividend_6_out_ap_vld   |  out|    1|      ap_vld|                   dividend_6_out|       pointer|
|dividend_5_out          |  out|    1|      ap_vld|                   dividend_5_out|       pointer|
|dividend_5_out_ap_vld   |  out|    1|      ap_vld|                   dividend_5_out|       pointer|
|dividend_4_out          |  out|    1|      ap_vld|                   dividend_4_out|       pointer|
|dividend_4_out_ap_vld   |  out|    1|      ap_vld|                   dividend_4_out|       pointer|
|dividend_3_out          |  out|    1|      ap_vld|                   dividend_3_out|       pointer|
|dividend_3_out_ap_vld   |  out|    1|      ap_vld|                   dividend_3_out|       pointer|
|dividend_2_out          |  out|    1|      ap_vld|                   dividend_2_out|       pointer|
|dividend_2_out_ap_vld   |  out|    1|      ap_vld|                   dividend_2_out|       pointer|
|dividend_1_out          |  out|    1|      ap_vld|                   dividend_1_out|       pointer|
|dividend_1_out_ap_vld   |  out|    1|      ap_vld|                   dividend_1_out|       pointer|
|dividend_out            |  out|    1|      ap_vld|                     dividend_out|       pointer|
|dividend_out_ap_vld     |  out|    1|      ap_vld|                     dividend_out|       pointer|
+------------------------+-----+-----+------------+---------------------------------+--------------+

