#
# An unexpected error has occurred (11)
#
Stack:
/tools/Xilinx/Vivado/2022.2/tps/lnx64/jre11.0.11_9/lib//server/libjvm.so(+0xbefecb) [0x7f82bf9efecb]
/tools/Xilinx/Vivado/2022.2/tps/lnx64/jre11.0.11_9/lib//server/libjvm.so(JVM_handle_linux_signal+0xd1) [0x7f82bf9f6c81]
/tools/Xilinx/Vivado/2022.2/tps/lnx64/jre11.0.11_9/lib//server/libjvm.so(+0xbead23) [0x7f82bf9ead23]
/lib/x86_64-linux-gnu/libc.so.6(+0x42520) [0x7f82ff442520]
/tools/Xilinx/Vivado/2022.2/lib/lnx64.o/librdi_wavedata.so(+0x286565) [0x7f82cfc86565]
/tools/Xilinx/Vivado/2022.2/lib/lnx64.o/librdi_wavedata.so(SimBridge::DataObjMgr::createDrawingBTree(std::vector<SimBridge::IDataObj const*, std::allocator<SimBridge::IDataObj const*> > const&, ISIM::IGuiStatus*, bool)+0x207) [0x7f82cfc86b27]
/tools/Xilinx/Vivado/2022.2/lib/lnx64.o/librdi_wavedata.so(SimBridge::DataReader::getTransitions(SimBridge::IDataObj const*, long long, long long, long long, SimBridge::ValueFormat const&, std::vector<SimBridge::Transition, std::allocator<SimBridge::Transition> >&) const+0x6f) [0x7f82cfc91d7f]
/tools/Xilinx/Vivado/2022.2/lib/lnx64.o/librdi_wavedata.so(SG_Model::ModelImp::getTransitions(SimBridge::IDataObj const*, SG_Model::IDatabase*, long long, long long, long long, SimBridge::ValueFormat const&, bool, std::vector<SimBridge::Transition, std::allocator<SimBridge::Transition> >&) const+0xbd) [0x7f82cfd317ad]
/tools/Xilinx/Vivado/2022.2/lib/lnx64.o/librdi_wavedata.so(SG_Model::Model::getTransitions(SG_Model::WVDataObject const*, long long, long long, long long, SimBridge::ValueFormat const&, bool, std::vector<SimBridge::Transition, std::allocator<SimBridge::Transition> >&) const+0x12c) [0x7f82cfd32ecc]
/tools/Xilinx/Vivado/2022.2/lib/lnx64.o/librdi_wavedata.so(+0x3622fa) [0x7f82cfd622fa]
/tools/Xilinx/Vivado/2022.2/lib/lnx64.o/librdi_wavedata.so(SG_Model::WaveformRender::render(SG_Model::WVDataObject const&)+0x294) [0x7f82cfd5e994]
/tools/Xilinx/Vivado/2022.2/lib/lnx64.o/librdi_wavedata.so(WaveViewer::WVWaveformPanel::WaveformTraverser::drawWaveform(SG_Model::WVDataObject const*, int, int)+0x38e) [0x7f82cfdd94ae]
/tools/Xilinx/Vivado/2022.2/lib/lnx64.o/librdi_wavedata.so(WaveViewer::WVWaveformPanel::WaveformTraverser::handleItemSize(WaveViewer::WVTreeWVObjectModel::ITraverseHandler::TraverseItem const&)+0x52) [0x7f82cfdd9782]
/tools/Xilinx/Vivado/2022.2/lib/lnx64.o/librdi_wavedata.so(WaveViewer::WVTreeWVObjectModel::traverseYRange(SG_Model::WVDataObject const*, WaveViewer::WVTreeWVObjectModel::ITraverseHandler&, int, int, int&, int&) const+0x234) [0x7f82cfdbcd24]
/tools/Xilinx/Vivado/2022.2/lib/lnx64.o/librdi_wavedata.so(WaveViewer::WVTreeWVObjectModel::traverseYRange(SG_Model::WVDataObject const*, WaveViewer::WVTreeWVObjectModel::ITraverseHandler&, int, int, int&, int&) const+0x2be) [0x7f82cfdbcdae]
/tools/Xilinx/Vivado/2022.2/lib/lnx64.o/librdi_wavedata.so(WaveViewer::WVTreeWVObjectModel::traverseYRange(WaveViewer::WVTreeWVObjectModel::ITraverseHandler&, int, int) const+0x57) [0x7f82cfdbcee7]
/tools/Xilinx/Vivado/2022.2/lib/lnx64.o/librdi_wavedata.so(WaveViewer::WVWaveformPanel::getGraphics(HDGDStringStream&, long&)+0x3a9) [0x7f82cfdd8aa9]
/tools/Xilinx/Vivado/2022.2/lib/lnx64.o/librdi_wavedata.so(WVExecutiveImp::getGraphicsDataSize()+0x9a) [0x7f82cfd9513a]
/tools/Xilinx/Vivado/2022.2/lib/lnx64.o/librdi_wavedata.so(WVExecutive::getGraphicsDataSize()+0xf) [0x7f82cfd955af]
/tools/Xilinx/Vivado/2022.2/lib/lnx64.o/librdi_wavedata.so(Java_ui_views_waveform_waveformi_WVExecutive_1getGraphicsDataSize+0x17) [0x7f82cfde1317]
[0x7f82af8ce584]
