INFO-FLOW: Workspace /home/sam-admin/git/Training/HLS_Vivado/A9/HLS/a9crc/solution1 opened at Fri Jun 09 14:17:51 IST 2023
Execute     ap_set_clock -name default -period 10 -default=false 
INFO: [SYN 201-201] Setting up clock 'default' with a period of 10ns.
Execute     set_part - 
Execute       create_platform - -board  
DBG:HLSDevice: Trying to load device library: /tools/Xilinx/Vitis_HLS/2022.2/lib/lnx64.o/libxv_hlsvwrap.so
DBG:HLSDevice: first parts/arch.xml in RDI_DATADIR: /tools/Xilinx/Vivado/2022.2/data/parts/arch.xml
DBG:HLSDevice: init success
ERROR: [HLS 200-1023] Part '-' is not installed.
Command       create_platform done; error code: 1; 0.43 sec.
INFO-FLOW: Caught error in set_part: command 'create_platform' returned error code
    while executing
"create_platform $value -board $board"
    (procedure "ap_internal_set_part" line 26)
    invoked from within
"ap_internal_set_part "
Command     set_part done; error code: 2; 0.43 sec.
INFO-FLOW: Caught error in open_solution: command 'create_platform' returned error code
    while executing
"::AP::initSetPart"
    (procedure "ap_internal_open_solution" line 131)
    invoked from within
"ap_internal_open_solution "
Command   open_solution done; error code: 2; 0.54 sec.
Command ap_source done; error code: 1; 0.65 sec.
Execute cleanup_all 
INFO-FLOW: Workspace /home/sam-admin/git/Training/HLS_Vivado/A9/HLS/a9crc/solution1 opened at Sat Jun 10 21:13:22 IST 2023
Execute     ap_set_clock -name default -period 10 -default=false 
INFO: [SYN 201-201] Setting up clock 'default' with a period of 10ns.
Execute     set_part - 
Execute       create_platform - -board  
DBG:HLSDevice: Trying to load device library: /tools/Xilinx/Vitis_HLS/2022.2/lib/lnx64.o/libxv_hlsvwrap.so
DBG:HLSDevice: first parts/arch.xml in RDI_DATADIR: /tools/Xilinx/Vivado/2022.2/data/parts/arch.xml
DBG:HLSDevice: init success
ERROR: [HLS 200-1023] Part '-' is not installed.
Command       create_platform done; error code: 1; 0.49 sec.
INFO-FLOW: Caught error in set_part: command 'create_platform' returned error code
    while executing
"create_platform $value -board $board"
    (procedure "ap_internal_set_part" line 26)
    invoked from within
"ap_internal_set_part "
Command     set_part done; error code: 2; 0.49 sec.
INFO-FLOW: Caught error in open_solution: command 'create_platform' returned error code
    while executing
"::AP::initSetPart"
    (procedure "ap_internal_open_solution" line 131)
    invoked from within
"ap_internal_open_solution "
Command   open_solution done; error code: 2; 0.6 sec.
Command ap_source done; error code: 1; 0.61 sec.
Execute cleanup_all 
INFO-FLOW: Workspace /home/sam-admin/git/Training/HLS_Vivado/A9/HLS/a9crc/solution1 opened at Mon Jun 12 10:03:14 IST 2023
Execute     ap_set_clock -name default -period 10 -default=false 
INFO: [SYN 201-201] Setting up clock 'default' with a period of 10ns.
Execute     set_part - 
Execute       create_platform - -board  
DBG:HLSDevice: Trying to load device library: /tools/Xilinx/Vitis_HLS/2022.2/lib/lnx64.o/libxv_hlsvwrap.so
DBG:HLSDevice: first parts/arch.xml in RDI_DATADIR: /tools/Xilinx/Vivado/2022.2/data/parts/arch.xml
DBG:HLSDevice: init success
ERROR: [HLS 200-1023] Part '-' is not installed.
Command       create_platform done; error code: 1; 0.98 sec.
INFO-FLOW: Caught error in set_part: command 'create_platform' returned error code
    while executing
"create_platform $value -board $board"
    (procedure "ap_internal_set_part" line 26)
    invoked from within
"ap_internal_set_part "
Command     set_part done; error code: 2; 0.99 sec.
INFO-FLOW: Caught error in open_solution: command 'create_platform' returned error code
    while executing
"::AP::initSetPart"
    (procedure "ap_internal_open_solution" line 131)
    invoked from within
"ap_internal_open_solution "
Command   open_solution done; error code: 2; 1.27 sec.
Command ap_source done; error code: 1; 1.31 sec.
Execute cleanup_all 
INFO-FLOW: Workspace /home/sam-admin/git/Training/HLS_Vivado/A9/HLS/a9crc/solution1 opened at Mon Jun 12 12:42:17 IST 2023
Execute     ap_set_clock -name default -period 10 -default=false 
INFO: [SYN 201-201] Setting up clock 'default' with a period of 10ns.
Execute     set_part - 
Execute       create_platform - -board  
DBG:HLSDevice: Trying to load device library: /tools/Xilinx/Vitis_HLS/2022.2/lib/lnx64.o/libxv_hlsvwrap.so
DBG:HLSDevice: first parts/arch.xml in RDI_DATADIR: /tools/Xilinx/Vivado/2022.2/data/parts/arch.xml
DBG:HLSDevice: init success
ERROR: [HLS 200-1023] Part '-' is not installed.
Command       create_platform done; error code: 1; 0.79 sec.
INFO-FLOW: Caught error in set_part: command 'create_platform' returned error code
    while executing
"create_platform $value -board $board"
    (procedure "ap_internal_set_part" line 26)
    invoked from within
"ap_internal_set_part "
Command     set_part done; error code: 2; 0.8 sec.
INFO-FLOW: Caught error in open_solution: command 'create_platform' returned error code
    while executing
"::AP::initSetPart"
    (procedure "ap_internal_open_solution" line 131)
    invoked from within
"ap_internal_open_solution "
Command   open_solution done; error code: 2; 0.95 sec.
Command ap_source done; error code: 1; 0.97 sec.
Execute cleanup_all 
