This is pdfTeX, Version 3.141592653-2.6-1.40.22 (TeX Live 2022/dev/Debian) (preloaded format=pdflatex 2022.8.22)  3 APR 2023 14:17
entering extended mode
 restricted \write18 enabled.
 %&-line parsing enabled.
**Sampath_Govardhan_a5a.tex
(./Sampath_Govardhan_a5a.tex
LaTeX2e <2021-11-15> patch level 1
L3 programming layer <2022-01-21>
(/usr/share/texlive/texmf-dist/tex/latex/base/article.cls
Document Class: article 2021/10/04 v1.4n Standard LaTeX document class
(/usr/share/texlive/texmf-dist/tex/latex/base/size10.clo
File: size10.clo 2021/10/04 v1.4n Standard LaTeX file (size option)
)
\c@part=\count185
\c@section=\count186
\c@subsection=\count187
\c@subsubsection=\count188
\c@paragraph=\count189
\c@subparagraph=\count190
\c@figure=\count191
\c@table=\count192
\abovecaptionskip=\skip47
\belowcaptionskip=\skip48
\bibindent=\dimen138
)
(/usr/share/texlive/texmf-dist/tex/latex/graphics/graphicx.sty
Package: graphicx 2021/09/16 v1.2d Enhanced LaTeX Graphics (DPC,SPQR)

(/usr/share/texlive/texmf-dist/tex/latex/graphics/keyval.sty
Package: keyval 2014/10/28 v1.15 key=value parser (DPC)
\KV@toks@=\toks16
)
(/usr/share/texlive/texmf-dist/tex/latex/graphics/graphics.sty
Package: graphics 2021/03/04 v1.4d Standard LaTeX Graphics (DPC,SPQR)

(/usr/share/texlive/texmf-dist/tex/latex/graphics/trig.sty
Package: trig 2021/08/11 v1.11 sin cos tan (DPC)
)
(/usr/share/texlive/texmf-dist/tex/latex/graphics-cfg/graphics.cfg
File: graphics.cfg 2016/06/04 v1.11 sample graphics configuration
)
Package graphics Info: Driver file: pdftex.def on input line 107.

(/usr/share/texlive/texmf-dist/tex/latex/graphics-def/pdftex.def
File: pdftex.def 2020/10/05 v1.2a Graphics/color driver for pdftex
))
\Gin@req@height=\dimen139
\Gin@req@width=\dimen140
)
(/usr/share/texlive/texmf-dist/tex/latex/caption/caption.sty
Package: caption 2020/10/26 v3.5g Customizing captions (AR)

(/usr/share/texlive/texmf-dist/tex/latex/caption/caption3.sty
Package: caption3 2020/10/21 v2.2e caption3 kernel (AR)
\captionmargin=\dimen141
\captionmargin@=\dimen142
\captionwidth=\dimen143
\caption@tempdima=\dimen144
\caption@indent=\dimen145
\caption@parindent=\dimen146
\caption@hangindent=\dimen147
Package caption Info: Standard document class detected.
)
\c@caption@flags=\count193
\c@continuedfloat=\count194
)
(/usr/share/texlive/texmf-dist/tex/latex/caption/subcaption.sty
Package: subcaption 2020/10/07 v1.3j Sub-captions (AR)
\c@subfigure=\count195
\c@subtable=\count196
)
(/usr/share/texlive/texmf-dist/tex/latex/listings/listings.sty
\lst@mode=\count197
\lst@gtempboxa=\box50
\lst@token=\toks17
\lst@length=\count198
\lst@currlwidth=\dimen148
\lst@column=\count199
\lst@pos=\count266
\lst@lostspace=\dimen149
\lst@width=\dimen150
\lst@newlines=\count267
\lst@lineno=\count268
\lst@maxwidth=\dimen151

(/usr/share/texlive/texmf-dist/tex/latex/listings/lstmisc.sty
File: lstmisc.sty 2020/03/24 1.8d (Carsten Heinz)
\c@lstnumber=\count269
\lst@skipnumbers=\count270
\lst@framebox=\box51
)
(/usr/share/texlive/texmf-dist/tex/latex/listings/listings.cfg
File: listings.cfg 2020/03/24 1.8d listings configuration
))
Package: listings 2020/03/24 1.8d (Carsten Heinz)

(/usr/share/texlive/texmf-dist/tex/latex/l3backend/l3backend-pdftex.def
File: l3backend-pdftex.def 2022-01-12 L3 backend support: PDF output (pdfTeX)
\l__color_backend_stack_int=\count271
\l__pdf_internal_box=\box52
)
(./Sampath_Govardhan_a5a.aux

LaTeX Warning: Label `fig:my_label' multiply defined.


LaTeX Warning: Label `sub@fig:my_label' multiply defined.


LaTeX Warning: Label `fig:my_label' multiply defined.


LaTeX Warning: Label `sub@fig:my_label' multiply defined.


LaTeX Warning: Label `fig:my_label' multiply defined.


LaTeX Warning: Label `sub@fig:my_label' multiply defined.


LaTeX Warning: Label `fig:my_label' multiply defined.


LaTeX Warning: Label `sub@fig:my_label' multiply defined.


LaTeX Warning: Label `fig:my_label' multiply defined.


LaTeX Warning: Label `sub@fig:my_label' multiply defined.


LaTeX Warning: Label `fig:my_label' multiply defined.


LaTeX Warning: Label `sub@fig:my_label' multiply defined.


LaTeX Warning: Label `fig:my_label' multiply defined.


LaTeX Warning: Label `sub@fig:my_label' multiply defined.

)
\openout1 = `Sampath_Govardhan_a5a.aux'.

LaTeX Font Info:    Checking defaults for OML/cmm/m/it on input line 10.
LaTeX Font Info:    ... okay on input line 10.
LaTeX Font Info:    Checking defaults for OMS/cmsy/m/n on input line 10.
LaTeX Font Info:    ... okay on input line 10.
LaTeX Font Info:    Checking defaults for OT1/cmr/m/n on input line 10.
LaTeX Font Info:    ... okay on input line 10.
LaTeX Font Info:    Checking defaults for T1/cmr/m/n on input line 10.
LaTeX Font Info:    ... okay on input line 10.
LaTeX Font Info:    Checking defaults for TS1/cmr/m/n on input line 10.
LaTeX Font Info:    ... okay on input line 10.
LaTeX Font Info:    Checking defaults for OMX/cmex/m/n on input line 10.
LaTeX Font Info:    ... okay on input line 10.
LaTeX Font Info:    Checking defaults for U/cmr/m/n on input line 10.
LaTeX Font Info:    ... okay on input line 10.
 (/usr/share/texlive/texmf-dist/tex/context/base/mkii/supp-pdf.mkii
[Loading MPS to PDF converter (version 2006.09.02).]
\scratchcounter=\count272
\scratchdimen=\dimen152
\scratchbox=\box53
\nofMPsegments=\count273
\nofMParguments=\count274
\everyMPshowfont=\toks18
\MPscratchCnt=\count275
\MPscratchDim=\dimen153
\MPnumerator=\count276
\makeMPintoPDFobject=\count277
\everyMPtoPDFconversion=\toks19
) (/usr/share/texlive/texmf-dist/tex/latex/epstopdf-pkg/epstopdf-base.sty
Package: epstopdf-base 2020-01-24 v2.11 Base part for package epstopdf
Package epstopdf-base Info: Redefining graphics rule for `.eps' on input line 4
85.

(/usr/share/texlive/texmf-dist/tex/latex/latexconfig/epstopdf-sys.cfg
File: epstopdf-sys.cfg 2010/07/13 v1.3 Configuration of (r)epstopdf for TeX Liv
e
))
Package caption Info: Begin \AtBeginDocument code.
Package caption Info: listings package is loaded.
Package caption Info: End \AtBeginDocument code.
\c@lstlisting=\count278
LaTeX Font Info:    External font `cmex10' loaded for size
(Font)              <12> on input line 11.
LaTeX Font Info:    External font `cmex10' loaded for size
(Font)              <8> on input line 11.
LaTeX Font Info:    External font `cmex10' loaded for size
(Font)              <6> on input line 11.


LaTeX Warning: No \author given.


Underfull \hbox (badness 10000) in paragraph at lines 12--14

 []


Overfull \hbox (75.00427pt too wide) in paragraph at lines 17--18
[][][][][][][][][][][][][][][][][][][][][][][][][][][][] 
 []


Overfull \hbox (87.0044pt too wide) in paragraph at lines 18--19
[][][][][][][][][][][][][][][][][][][][][][][][][][][][][][] 
 []


Overfull \hbox (87.0044pt too wide) in paragraph at lines 19--20
[][][][][][][][][][][][][][][][][][][][][][][][][][][][][][][][] 
 []


Overfull \hbox (99.00452pt too wide) in paragraph at lines 20--21
[][][][][][][][][][][][][][][][][][][][][][][][][][][][][][][][] 
 []


Overfull \hbox (99.00452pt too wide) in paragraph at lines 25--26
[][][][][][][][][][][][][][][][][][][][][][][][][][][][][] 
 []


Overfull \hbox (129.00482pt too wide) in paragraph at lines 27--30
[][][][][][][][][][][][][][][][][][][][][][][][][][][][][][][][][][][][][] 
 []

[1

{/var/lib/texmf/fonts/map/pdftex/updmap/pdftex.map}]
LaTeX Font Info:    Trying to load font information for OML+cmr on input line 4
1.

(/usr/share/texlive/texmf-dist/tex/latex/base/omlcmr.fd
File: omlcmr.fd 2019/12/16 v2.5j Standard LaTeX font definitions
)
LaTeX Font Info:    Font shape `OML/cmr/m/n' in size <10> not available
(Font)              Font shape `OML/cmm/m/it' tried instead on input line 41.
LaTeX Font Info:    Trying to load font information for OMS+cmr on input line 4
3.

(/usr/share/texlive/texmf-dist/tex/latex/base/omscmr.fd
File: omscmr.fd 2019/12/16 v2.5j Standard LaTeX font definitions
)
LaTeX Font Info:    Font shape `OMS/cmr/m/n' in size <10> not available
(Font)              Font shape `OMS/cmsy/m/n' tried instead on input line 43.

Overfull \hbox (69.00421pt too wide) in paragraph at lines 50--51
[][][][][][] 
 []


Overfull \hbox (141.00494pt too wide) in paragraph at lines 51--52
[][][] 
 []


Overfull \hbox (33.00385pt too wide) in paragraph at lines 55--57
[][][][][][][][][][][][][][][][][][][][] 
 []


Overfull \hbox (135.00488pt too wide) in paragraph at lines 57--58
[][][][][][][][][][][][][][][][][][][][][][][][][][] 
 []


Overfull \hbox (9.0036pt too wide) in paragraph at lines 58--59
[][][][][][][][][][][][][][][] 
 []

[2]
Overfull \hbox (69.00421pt too wide) in paragraph at lines 81--82
[][][][][][] 
 []


Overfull \hbox (141.00494pt too wide) in paragraph at lines 82--83
[][][] 
 []


Overfull \hbox (27.00378pt too wide) in paragraph at lines 86--88
[][][][][][][][][][][][][][][][][][][][] 
 []


Overfull \hbox (153.00507pt too wide) in paragraph at lines 88--89
[][][][][][][][][][][][][][][][][][][][][][][][][][] 
 []


Overfull \hbox (27.00378pt too wide) in paragraph at lines 89--90
[][][][][][][][][][][][][][][] 
 []

[3]
Overfull \hbox (81.00433pt too wide) in paragraph at lines 130--131
[][][][][][][][][][][][][][][][][][][][][][][][][][][][][][][][][] 
 []

[4] [5]
Overfull \hbox (45.00397pt too wide) in paragraph at lines 210--211
[][][][][][][][][][][][][][][][][][][][][][][][][][][][][][][][][][][][][][][][
][][][][][][][][][][][][][] 
 []

[6]
Overfull \hbox (45.00397pt too wide) in paragraph at lines 241--242
[][][][][][][][][][][][][][][][][][][][][][][][][][][][][][][][][][][][][][][][
][][][][][][][][][][][][][] 
 []

[7] [8] [9]
<figs/31a.png, id=39, 424.58624pt x 324.21124pt>
File: figs/31a.png Graphic file (type png)
<use figs/31a.png>
Package pdftex.def Info: figs/31a.png  used on input line 326.
(pdftex.def)             Requested size: 241.49895pt x 184.40656pt.
<figs/31b.png, id=41, 481.8pt x 328.22626pt>
File: figs/31b.png Graphic file (type png)
<use figs/31b.png>
Package pdftex.def Info: figs/31b.png  used on input line 333.
(pdftex.def)             Requested size: 276.00105pt x 188.03247pt.
 [10 <./figs/31a.png> <./figs/31b.png>]
<figs/32a.png, id=48, 423.5825pt x 297.11pt>
File: figs/32a.png Graphic file (type png)
<use figs/32a.png>
Package pdftex.def Info: figs/32a.png  used on input line 348.
(pdftex.def)             Requested size: 241.49895pt x 169.39072pt.
<figs/32b.png, id=49, 482.80376pt x 295.1025pt>
File: figs/32b.png Graphic file (type png)
<use figs/32b.png>
Package pdftex.def Info: figs/32b.png  used on input line 355.
(pdftex.def)             Requested size: 276.00105pt x 168.70547pt.
 [11 <./figs/32a.png> <./figs/32b.png>]
<figs/33a.png, id=55, 667.49374pt x 751.80875pt>
File: figs/33a.png Graphic file (type png)
<use figs/33a.png>
Package pdftex.def Info: figs/33a.png  used on input line 370.
(pdftex.def)             Requested size: 172.5pt x 194.28407pt.
<figs/33b.png, id=56, 724.7075pt x 747.79375pt>
File: figs/33b.png Graphic file (type png)
<use figs/33b.png>
Package pdftex.def Info: figs/33b.png  used on input line 377.
(pdftex.def)             Requested size: 172.5pt x 177.99081pt.
 [12 <./figs/33a.png> <./figs/33b.png>]
Overfull \hbox (465.00824pt too wide) in paragraph at lines 391--392
[][][][][][][][][][][][][][][][][][][][][][][][][][][][][][][][][][][][][] 
 []


Overfull \hbox (189.00543pt too wide) in paragraph at lines 392--393
[][][][][][][][][][][][][][][][][][][][][][][][][][][][][] 
 []


Overfull \hbox (483.00842pt too wide) in paragraph at lines 393--394
[][][][][][][][][][][][][][][][][][][][][][][][][][][][][][][][][][][][][][][][
][][][][][][][][][][][][] 
 []


Overfull \hbox (201.00555pt too wide) in paragraph at lines 395--396
[][][][][][][][][][][][][][][][][][][][][][][][][][][][][][][] 
 []


Overfull \hbox (303.00659pt too wide) in paragraph at lines 396--397
[][][][][][][][][][][][][][][][][][][][][][][][][][][][][][][][][] 
 []


Overfull \hbox (381.00739pt too wide) in paragraph at lines 397--398
[][][][][][][][][][][][][][][][][][][][][][][][][][][][][][][][][][][] 
 []


Overfull \hbox (69.00421pt too wide) in paragraph at lines 398--399
[][][][][][][][][][][][][][][][][][][][][][][][][][][][][][][] 
 []


Overfull \hbox (21.00372pt too wide) in paragraph at lines 399--400
[][][][][][][][][][][][][][][][][][][][][] 
 []


Overfull \hbox (87.0044pt too wide) in paragraph at lines 402--403
[][][][][][][][][][][][][][][][][][][][][][][][] 
 []


Overfull \hbox (15.00366pt too wide) in paragraph at lines 409--410
[][][][][][][][][][][][][][][][][][][][][][][] 
 []


Overfull \hbox (375.00732pt too wide) in paragraph at lines 413--414
[][][][][][][][][][][][][][][][][][][][][][][][][][][][][][][][][][][][][][][][
][][] 
 []


Overfull \hbox (39.0039pt too wide) in paragraph at lines 415--416
[][][][][][][][][][][][][][][][][][][][] 
 []


Overfull \hbox (2109.02496pt too wide) in paragraph at lines 416--417
[][][][][][][][][][][][][][][][][][][][][][][][][][][][][][][][][][][][][][][][
][][][][][][][][][][][][][][][][][][][][][][][][][][][][][][][][][][][][][][][]
[][][][][][][][][][][][][][][][][][][][][][][][][][][] 
 []


Overfull \hbox (1425.018pt too wide) in paragraph at lines 418--419
[][][][][][][][][][][][][][][][][][][][][][][][][][][][][][][][][][][][][][][][
][][][][][][][][][][][][][][][][][][][][][][][][][][][][][][][][][][][][][][][]
[][][][][][][][][][][][][][][][][][][][][][][][][][]
 []


Overfull \hbox (663.01025pt too wide) in paragraph at lines 418--419
[][][][][][][][][][][][][][][][][][][][][][][][][][][][][][][][][][][][][][][][
][][][][][][][][][][][][][][][][][][][][][] 
 []


Overfull \hbox (681.01044pt too wide) in paragraph at lines 420--421
[][][][][][][][][][][][][][][][][][][][][][][][][][][][][][][][][][][][][][][][
][][][][][][][][][][][] 
 []


Overfull \hbox (903.0127pt too wide) in paragraph at lines 422--423
[][][][][][][][][][][][][][][][][][][][][][][][][][][][][][][][][][][][][][][][
][][][][][][][][][][][] 
 []


Overfull \hbox (63.00415pt too wide) in paragraph at lines 423--424
[][][][][][][][][][][][][][][] 
 []


Overfull \hbox (903.0127pt too wide) in paragraph at lines 424--425
[][][][][][][][][][][][][][][][][][][][][][][][][][][][][][][][][][][][][][][][
][][][][][][][][][][][] 
 []


Overfull \hbox (63.00415pt too wide) in paragraph at lines 425--426
[][][][][][][][][][][][][][][] 
 []


Overfull \hbox (777.01141pt too wide) in paragraph at lines 426--427
[][][][][][][][][][][][][][][][][][][][][][][][][][][][][][][][][][][][][][][][
][][][][][][][][][][][] 
 []

[13]
Overfull \hbox (903.0127pt too wide) in paragraph at lines 429--430
[][][][][][][][][][][][][][][][][][][][][][][][][][][][][][][][][][][][][][][][
][][][][][][][][][][][] 
 []


Overfull \hbox (63.00415pt too wide) in paragraph at lines 430--431
[][][][][][][][][][][][][][][] 
 []


Overfull \hbox (777.01141pt too wide) in paragraph at lines 431--432
[][][][][][][][][][][][][][][][][][][][][][][][][][][][][][][][][][][][][][][][
][][][][][][][][][][][] 
 []


Overfull \hbox (777.01141pt too wide) in paragraph at lines 434--435
[][][][][][][][][][][][][][][][][][][][][][][][][][][][][][][][][][][][][][][][
][][][][][][][][][][][] 
 []


Overfull \hbox (777.01141pt too wide) in paragraph at lines 437--438
[][][][][][][][][][][][][][][][][][][][][][][][][][][][][][][][][][][][][][][][
][][][][][][][][][][][] 
 []


Overfull \hbox (903.0127pt too wide) in paragraph at lines 440--441
[][][][][][][][][][][][][][][][][][][][][][][][][][][][][][][][][][][][][][][][
][][][][][][][][][][][] 
 []


Overfull \hbox (63.00415pt too wide) in paragraph at lines 441--442
[][][][][][][][][][][][][][][] 
 []


Overfull \hbox (903.0127pt too wide) in paragraph at lines 442--443
[][][][][][][][][][][][][][][][][][][][][][][][][][][][][][][][][][][][][][][][
][][][][][][][][][][][] 
 []


Overfull \hbox (63.00415pt too wide) in paragraph at lines 443--444
[][][][][][][][][][][][][][][] 
 []


Overfull \hbox (777.01141pt too wide) in paragraph at lines 444--445
[][][][][][][][][][][][][][][][][][][][][][][][][][][][][][][][][][][][][][][][
][][][][][][][][][][][] 
 []


Overfull \hbox (777.01141pt too wide) in paragraph at lines 447--448
[][][][][][][][][][][][][][][][][][][][][][][][][][][][][][][][][][][][][][][][
][][][][][][][][][][][] 
 []


Overfull \hbox (819.01184pt too wide) in paragraph at lines 450--451
[][][][][][][][][][][][][][][][][][][][][][][][][][][][][][][][][][][][][][][][
][][][][][][][][][][][] 
 []


Overfull \hbox (777.01141pt too wide) in paragraph at lines 452--453
[][][][][][][][][][][][][][][][][][][][][][][][][][][][][][][][][][][][][][][][
][][][][][][][][][][][] 
 []


Overfull \hbox (735.01099pt too wide) in paragraph at lines 455--456
[][][][][][][][][][][][][][][][][][][][][][][][][][][][][][][][][][][][][][][][
][][][][][][][][][][][] 
 []


Overfull \hbox (903.0127pt too wide) in paragraph at lines 457--458
[][][][][][][][][][][][][][][][][][][][][][][][][][][][][][][][][][][][][][][][
][][][][][][][][][][][] 
 []


Overfull \hbox (63.00415pt too wide) in paragraph at lines 458--459
[][][][][][][][][][][][][][][] 
 []


Overfull \hbox (777.01141pt too wide) in paragraph at lines 459--460
[][][][][][][][][][][][][][][][][][][][][][][][][][][][][][][][][][][][][][][][
][][][][][][][][][][][][][] 
 []


Overfull \hbox (903.0127pt too wide) in paragraph at lines 461--462
[][][][][][][][][][][][][][][][][][][][][][][][][][][][][][][][][][][][][][][][
][][][][][][][][][][][] 
 []


Overfull \hbox (63.00415pt too wide) in paragraph at lines 462--463
[][][][][][][][][][][][][][][] 
 []


Overfull \hbox (903.0127pt too wide) in paragraph at lines 463--464
[][][][][][][][][][][][][][][][][][][][][][][][][][][][][][][][][][][][][][][][
][][][][][][][][][][][] 
 []


Overfull \hbox (63.00415pt too wide) in paragraph at lines 464--465
[][][][][][][][][][][][][][][] 
 []


Overfull \hbox (777.01141pt too wide) in paragraph at lines 465--466
[][][][][][][][][][][][][][][][][][][][][][][][][][][][][][][][][][][][][][][][
][][][][][][][][][][][] 
 []


Overfull \hbox (57.00409pt too wide) in paragraph at lines 474--475
[][][][][][][][][][][][][][] 
 []

[14]
Overfull \hbox (57.00409pt too wide) in paragraph at lines 476--477
[][][][][][][][][][][][][][] 
 []


Overfull \hbox (57.00409pt too wide) in paragraph at lines 478--479
[][][][][][][][][][][][][][] 
 []


Overfull \hbox (57.00409pt too wide) in paragraph at lines 480--481
[][][][][][][][][][][][][][] 
 []


Overfull \hbox (57.00409pt too wide) in paragraph at lines 482--483
[][][][][][][][][][][][][][] 
 []


Overfull \hbox (57.00409pt too wide) in paragraph at lines 484--485
[][][][][][][][][][][][][][] 
 []


Overfull \hbox (57.00409pt too wide) in paragraph at lines 486--487
[][][][][][][][][][][][][][] 
 []


Overfull \hbox (57.00409pt too wide) in paragraph at lines 488--489
[][][][][][][][][][][][][][] 
 []


Overfull \hbox (57.00409pt too wide) in paragraph at lines 489--490
[][][][][][][][][][][][][][] 
 []


Overfull \hbox (33.00385pt too wide) in paragraph at lines 491--492
[][][][][][][][][] 
 []


Overfull \hbox (33.00385pt too wide) in paragraph at lines 492--493
[][][][][][][][][] 
 []


Overfull \hbox (33.00385pt too wide) in paragraph at lines 493--494
[][][][][][][][][] 
 []


Overfull \hbox (33.00385pt too wide) in paragraph at lines 494--495
[][][][][][][][][] 
 []


Overfull \hbox (33.00385pt too wide) in paragraph at lines 495--496
[][][][][][][][][] 
 []


Overfull \hbox (33.00385pt too wide) in paragraph at lines 496--497
[][][][][][][][][] 
 []


Overfull \hbox (33.00385pt too wide) in paragraph at lines 497--498
[][][][][][][][][] 
 []


Overfull \hbox (33.00385pt too wide) in paragraph at lines 498--499
[][][][][][][][][] 
 []


Overfull \hbox (15.00366pt too wide) in paragraph at lines 507--510
[][][][][][][][][][][][][][][][][][][][][] 
 []


Overfull \hbox (543.00903pt too wide) in paragraph at lines 510--511
[][][][][][][][][][][][][][][][][][][][][][][][][][][][][][][][][][][][][][][][
][][][] 
 []


Overfull \hbox (63.00415pt too wide) in paragraph at lines 511--514
[][][][][][][][][][][][][][][][][][][][][][][][][][][] 
 []


Overfull \hbox (15.00366pt too wide) in paragraph at lines 517--520
[][][][][][][][][][][][][][][][][][][][][] 
 []

[15]
Overfull \hbox (159.00513pt too wide) in paragraph at lines 526--527
[][][] 
 []


Overfull \hbox (87.0044pt too wide) in paragraph at lines 527--528
[][][][][][][][][][][][][][][][][][][][] 
 []


Overfull \hbox (105.00458pt too wide) in paragraph at lines 528--529
[][][][][][][][][][][][][][][][][][][][][][][][] 
 []


Overfull \hbox (249.00604pt too wide) in paragraph at lines 530--531
[][][][][][][][][][][][][][][][][][][][][][][][][][][][][][][][][] 
 []


Overfull \hbox (159.00513pt too wide) in paragraph at lines 531--532
[][][] 
 []


Overfull \hbox (159.00513pt too wide) in paragraph at lines 541--542
[][][] 
 []


Overfull \hbox (597.00958pt too wide) in paragraph at lines 542--543
[][][][][][][][][][][][][][][][][][][][][][][][][][][][][][][][][][][][][][][][
][][][][][][][][][][][][][][][] 
 []


Overfull \hbox (45.00397pt too wide) in paragraph at lines 544--545
[][][][][][][][][][][][][][][][][][][][][][][][][][][] 
 []


Overfull \hbox (45.00397pt too wide) in paragraph at lines 547--548
[][][][][][][][][][][][][][][][][][][][][][][][][][] 
 []


Overfull \hbox (465.00824pt too wide) in paragraph at lines 558--559
[][][][][][][][][][][][][][][][][][][][][][][][][][][][][][][][][][][][][] 
 []


Overfull \hbox (189.00543pt too wide) in paragraph at lines 559--560
[][][][][][][][][][][][][][][][][][][][][][][][][][][][][] 
 []


Overfull \hbox (483.00842pt too wide) in paragraph at lines 560--561
[][][][][][][][][][][][][][][][][][][][][][][][][][][][][][][][][][][][][][][][
][][][][][][][][][][][][] 
 []


Overfull \hbox (201.00555pt too wide) in paragraph at lines 562--563
[][][][][][][][][][][][][][][][][][][][][][][][][][][][][][][] 
 []

[16]
Overfull \hbox (303.00659pt too wide) in paragraph at lines 563--564
[][][][][][][][][][][][][][][][][][][][][][][][][][][][][][][][][] 
 []


Overfull \hbox (381.00739pt too wide) in paragraph at lines 564--565
[][][][][][][][][][][][][][][][][][][][][][][][][][][][][][][][][][][] 
 []


Overfull \hbox (69.00421pt too wide) in paragraph at lines 565--566
[][][][][][][][][][][][][][][][][][][][][][][][][][][][][][][] 
 []


Overfull \hbox (21.00372pt too wide) in paragraph at lines 566--567
[][][][][][][][][][][][][][][][][][][][][] 
 []


Overfull \hbox (87.0044pt too wide) in paragraph at lines 569--570
[][][][][][][][][][][][][][][][][][][][][][][][] 
 []


Overfull \hbox (15.00366pt too wide) in paragraph at lines 576--577
[][][][][][][][][][][][][][][][][][][][][][][] 
 []


Overfull \hbox (375.00732pt too wide) in paragraph at lines 580--581
[][][][][][][][][][][][][][][][][][][][][][][][][][][][][][][][][][][][][][][][
][][] 
 []


Overfull \hbox (39.0039pt too wide) in paragraph at lines 582--583
[][][][][][][][][][][][][][][][][][][][] 
 []


Overfull \hbox (2109.02496pt too wide) in paragraph at lines 583--584
[][][][][][][][][][][][][][][][][][][][][][][][][][][][][][][][][][][][][][][][
][][][][][][][][][][][][][][][][][][][][][][][][][][][][][][][][][][][][][][][]
[][][][][][][][][][][][][][][][][][][][][][][][][][][] 
 []


Overfull \hbox (1425.018pt too wide) in paragraph at lines 585--586
[][][][][][][][][][][][][][][][][][][][][][][][][][][][][][][][][][][][][][][][
][][][][][][][][][][][][][][][][][][][][][][][][][][][][][][][][][][][][][][][]
[][][][][][][][][][][][][][][][][][][][][][][][][][]
 []


Overfull \hbox (663.01025pt too wide) in paragraph at lines 585--586
[][][][][][][][][][][][][][][][][][][][][][][][][][][][][][][][][][][][][][][][
][][][][][][][][][][][][][][][][][][][][][] 
 []


Overfull \hbox (681.01044pt too wide) in paragraph at lines 587--588
[][][][][][][][][][][][][][][][][][][][][][][][][][][][][][][][][][][][][][][][
][][][][][][][][][][][] 
 []


Overfull \hbox (903.0127pt too wide) in paragraph at lines 589--590
[][][][][][][][][][][][][][][][][][][][][][][][][][][][][][][][][][][][][][][][
][][][][][][][][][][][] 
 []


Overfull \hbox (63.00415pt too wide) in paragraph at lines 590--591
[][][][][][][][][][][][][][][] 
 []


Overfull \hbox (903.0127pt too wide) in paragraph at lines 591--592
[][][][][][][][][][][][][][][][][][][][][][][][][][][][][][][][][][][][][][][][
][][][][][][][][][][][] 
 []


Overfull \hbox (63.00415pt too wide) in paragraph at lines 592--593
[][][][][][][][][][][][][][][] 
 []


Overfull \hbox (777.01141pt too wide) in paragraph at lines 593--594
[][][][][][][][][][][][][][][][][][][][][][][][][][][][][][][][][][][][][][][][
][][][][][][][][][][][] 
 []


Overfull \hbox (903.0127pt too wide) in paragraph at lines 596--597
[][][][][][][][][][][][][][][][][][][][][][][][][][][][][][][][][][][][][][][][
][][][][][][][][][][][] 
 []


Overfull \hbox (63.00415pt too wide) in paragraph at lines 597--598
[][][][][][][][][][][][][][][] 
 []


Overfull \hbox (777.01141pt too wide) in paragraph at lines 598--599
[][][][][][][][][][][][][][][][][][][][][][][][][][][][][][][][][][][][][][][][
][][][][][][][][][][][] 
 []


Overfull \hbox (903.0127pt too wide) in paragraph at lines 601--602
[][][][][][][][][][][][][][][][][][][][][][][][][][][][][][][][][][][][][][][][
][][][][][][][][][][][] 
 []


Overfull \hbox (63.00415pt too wide) in paragraph at lines 602--603
[][][][][][][][][][][][][][][] 
 []


Overfull \hbox (903.0127pt too wide) in paragraph at lines 603--604
[][][][][][][][][][][][][][][][][][][][][][][][][][][][][][][][][][][][][][][][
][][][][][][][][][][][] 
 []


Overfull \hbox (63.00415pt too wide) in paragraph at lines 604--605
[][][][][][][][][][][][][][][] 
 []


Overfull \hbox (777.01141pt too wide) in paragraph at lines 605--606
[][][][][][][][][][][][][][][][][][][][][][][][][][][][][][][][][][][][][][][][
][][][][][][][][][][][] 
 []

[17]
Overfull \hbox (777.01141pt too wide) in paragraph at lines 608--609
[][][][][][][][][][][][][][][][][][][][][][][][][][][][][][][][][][][][][][][][
][][][][][][][][][][][] 
 []


Overfull \hbox (819.01184pt too wide) in paragraph at lines 611--612
[][][][][][][][][][][][][][][][][][][][][][][][][][][][][][][][][][][][][][][][
][][][][][][][][][][][] 
 []


Overfull \hbox (735.01099pt too wide) in paragraph at lines 613--614
[][][][][][][][][][][][][][][][][][][][][][][][][][][][][][][][][][][][][][][][
][][][][][][][][][][][] 
 []


Overfull \hbox (903.0127pt too wide) in paragraph at lines 615--616
[][][][][][][][][][][][][][][][][][][][][][][][][][][][][][][][][][][][][][][][
][][][][][][][][][][][] 
 []


Overfull \hbox (63.00415pt too wide) in paragraph at lines 616--617
[][][][][][][][][][][][][][][] 
 []


Overfull \hbox (777.01141pt too wide) in paragraph at lines 617--618
[][][][][][][][][][][][][][][][][][][][][][][][][][][][][][][][][][][][][][][][
][][][][][][][][][][][][][] 
 []


Overfull \hbox (903.0127pt too wide) in paragraph at lines 619--620
[][][][][][][][][][][][][][][][][][][][][][][][][][][][][][][][][][][][][][][][
][][][][][][][][][][][] 
 []


Overfull \hbox (63.00415pt too wide) in paragraph at lines 620--621
[][][][][][][][][][][][][][][] 
 []


Overfull \hbox (903.0127pt too wide) in paragraph at lines 621--622
[][][][][][][][][][][][][][][][][][][][][][][][][][][][][][][][][][][][][][][][
][][][][][][][][][][][] 
 []


Overfull \hbox (63.00415pt too wide) in paragraph at lines 622--623
[][][][][][][][][][][][][][][] 
 []


Overfull \hbox (777.01141pt too wide) in paragraph at lines 623--624
[][][][][][][][][][][][][][][][][][][][][][][][][][][][][][][][][][][][][][][][
][][][][][][][][][][][] 
 []


Overfull \hbox (57.00409pt too wide) in paragraph at lines 632--633
[][][][][][][][][][][][][][] 
 []


Overfull \hbox (57.00409pt too wide) in paragraph at lines 634--635
[][][][][][][][][][][][][][] 
 []


Overfull \hbox (57.00409pt too wide) in paragraph at lines 636--637
[][][][][][][][][][][][][][] 
 []


Overfull \hbox (57.00409pt too wide) in paragraph at lines 638--639
[][][][][][][][][][][][][][] 
 []


Overfull \hbox (57.00409pt too wide) in paragraph at lines 640--641
[][][][][][][][][][][][][][] 
 []


Overfull \hbox (57.00409pt too wide) in paragraph at lines 641--642
[][][][][][][][][][][][][][] 
 []


Overfull \hbox (33.00385pt too wide) in paragraph at lines 643--644
[][][][][][][][][] 
 []


Overfull \hbox (33.00385pt too wide) in paragraph at lines 644--645
[][][][][][][][][] 
 []


Overfull \hbox (33.00385pt too wide) in paragraph at lines 645--646
[][][][][][][][][] 
 []


Overfull \hbox (33.00385pt too wide) in paragraph at lines 646--647
[][][][][][][][][] 
 []


Overfull \hbox (33.00385pt too wide) in paragraph at lines 647--648
[][][][][][][][][] 
 []


Overfull \hbox (33.00385pt too wide) in paragraph at lines 648--649
[][][][][][][][][] 
 []


Overfull \hbox (33.00385pt too wide) in paragraph at lines 649--650
[][][][][][][][][] 
 []


Overfull \hbox (33.00385pt too wide) in paragraph at lines 650--651
[][][][][][][][][] 
 []

[18]
Overfull \hbox (15.00366pt too wide) in paragraph at lines 659--662
[][][][][][][][][][][][][][][][][][][][][] 
 []


Overfull \hbox (543.00903pt too wide) in paragraph at lines 662--663
[][][][][][][][][][][][][][][][][][][][][][][][][][][][][][][][][][][][][][][][
][][][] 
 []


Overfull \hbox (63.00415pt too wide) in paragraph at lines 663--666
[][][][][][][][][][][][][][][][][][][][][][][][][][][] 
 []


Overfull \hbox (15.00366pt too wide) in paragraph at lines 669--672
[][][][][][][][][][][][][][][][][][][][][] 
 []


Overfull \hbox (159.00513pt too wide) in paragraph at lines 678--679
[][][] 
 []


Overfull \hbox (87.0044pt too wide) in paragraph at lines 679--680
[][][][][][][][][][][][][][][][][][][][] 
 []


Overfull \hbox (105.00458pt too wide) in paragraph at lines 680--681
[][][][][][][][][][][][][][][][][][][][][][][][] 
 []


Overfull \hbox (249.00604pt too wide) in paragraph at lines 682--683
[][][][][][][][][][][][][][][][][][][][][][][][][][][][][][][][][] 
 []


Overfull \hbox (159.00513pt too wide) in paragraph at lines 683--684
[][][] 
 []


Overfull \hbox (159.00513pt too wide) in paragraph at lines 693--694
[][][] 
 []


Overfull \hbox (597.00958pt too wide) in paragraph at lines 694--695
[][][][][][][][][][][][][][][][][][][][][][][][][][][][][][][][][][][][][][][][
][][][][][][][][][][][][][][][] 
 []


Overfull \hbox (45.00397pt too wide) in paragraph at lines 696--697
[][][][][][][][][][][][][][][][][][][][][][][][][][][] 
 []


Overfull \hbox (45.00397pt too wide) in paragraph at lines 699--700
[][][][][][][][][][][][][][][][][][][][][][][][][][] 
 []

[19]
<figs/34a.png, id=85, 442.65375pt x 246.9225pt>
File: figs/34a.png Graphic file (type png)
<use figs/34a.png>
Package pdftex.def Info: figs/34a.png  used on input line 713.
(pdftex.def)             Requested size: 276.00105pt x 153.96823pt.
<figs/34b.png, id=86, 482.80376pt x 240.9pt>
File: figs/34b.png Graphic file (type png)
<use figs/34b.png>
Package pdftex.def Info: figs/34b.png  used on input line 720.
(pdftex.def)             Requested size: 276.00105pt x 137.71875pt.
 [20 <./figs/34a.png> <./figs/34b.png>] (./Sampath_Govardhan_a5a.aux)

LaTeX Warning: There were multiply-defined labels.

 ) 
Here is how much of TeX's memory you used:
 4346 strings out of 478287
 70547 string characters out of 5849289
 487240 words of memory out of 5000000
 22542 multiletter control sequences out of 15000+600000
 473841 words of font info for 43 fonts, out of 8000000 for 9000
 1141 hyphenation exceptions out of 8191
 55i,8n,63p,510b,1527s stack positions out of 5000i,500n,10000p,200000b,80000s
{/usr/share/texmf/fonts/enc/dvips/cm-super/cm-super-ts1.enc}</usr/share/texli
ve/texmf-dist/fonts/type1/public/amsfonts/cm/cmbx10.pfb></usr/share/texlive/tex
mf-dist/fonts/type1/public/amsfonts/cm/cmbx12.pfb></usr/share/texlive/texmf-dis
t/fonts/type1/public/amsfonts/cm/cmmi10.pfb></usr/share/texlive/texmf-dist/font
s/type1/public/amsfonts/cm/cmr10.pfb></usr/share/texlive/texmf-dist/fonts/type1
/public/amsfonts/cm/cmr12.pfb></usr/share/texlive/texmf-dist/fonts/type1/public
/amsfonts/cm/cmr17.pfb></usr/share/texlive/texmf-dist/fonts/type1/public/amsfon
ts/cm/cmr9.pfb></usr/share/texlive/texmf-dist/fonts/type1/public/amsfonts/cm/cm
sy10.pfb></usr/share/texmf/fonts/type1/public/cm-super/sfrm1000.pfb>
Output written on Sampath_Govardhan_a5a.pdf (20 pages, 463591 bytes).
PDF statistics:
 132 PDF objects out of 1000 (max. 8388607)
 75 compressed objects within 1 object stream
 0 named destinations out of 1000 (max. 500000)
 41 words of extra memory for PDF output out of 10000 (max. 10000000)

