Fri May 26 13:20:18 2023: Running xcd server. This server was NOT built by gradle, but presumably rdi.
Fri May 26 13:20:18 2023: Server was asked to start on port: '33275'
Fri May 26 13:20:18 2023: Server is using token UUID: 'f94ca3a2-9723-4da8-b9ad-6bb7264f33e1'
Fri May 26 13:20:18 2023: SESSION_MGR: creating session with session uuid: '6d04a3e9-ade5-4ab9-8d63-1f78fcd2ec76' and name 'default'
Fri May 26 13:20:18 2023: Attempting to start server on port '33275'
Fri May 26 13:20:18 2023: XCD main fifo: created main fifo '/tmp/xcdmainf94ca3a2-9723-4da8-b9ad-6bb7264f33e1', fd read = 13
Fri May 26 13:20:18 2023: Running Dispatch Server
Fri May 26 13:20:18 2023: Version 2.2.0
Fri May 26 13:20:27 2023: Dispatch Server: Accepted socket connection from client
Fri May 26 13:20:27 2023: Starting Socket connection
Fri May 26 13:20:27 2023: EXCHANGE_TOKEN received, server token: f94ca3a2-9723-4da8-b9ad-6bb7264f33e1, passed token: f94ca3a2-9723-4da8-b9ad-6bb7264f33e1
Fri May 26 13:20:27 2023: SESSION_MGR: creating session with session uuid: 'a3593299-6d08-4fea-8bc2-452475c33f32' and name 'vitis_hls'
Fri May 26 13:20:27 2023: KERNEL_SVC: creating session with uuid: 'a3593299-6d08-4fea-8bc2-452475c33f32' and name 'vitis_hls'
Fri May 26 13:20:27 2023: GUIDANCE_SMGR: creating guidance session with uuid: 'a3593299-6d08-4fea-8bc2-452475c33f32' and name 'vitis_hls'
Fri May 26 13:22:04 2023: STOP_SERVER received, server token: f94ca3a2-9723-4da8-b9ad-6bb7264f33e1, passed token: f94ca3a2-9723-4da8-b9ad-6bb7264f33e1
Fri May 26 13:22:04 2023: Socket received request to stop server.
Fri May 26 13:22:04 2023: Dispatch Server: do_await_stop
Fri May 26 13:22:04 2023: Dispatch Server: stopping mainFifo_
Fri May 26 13:22:04 2023: XCD main fifo: Stopping
Fri May 26 13:22:04 2023: XCD main fifo: do_read error code: Operation canceled
Fri May 26 13:22:04 2023: XCD main fifo: bytes_transferred: 0
Fri May 26 13:22:04 2023: SERVER: destructor for server bound to port 33275
Fri May 26 13:22:04 2023: XCD main fifo: Good unlink of /tmp/xcdmainf94ca3a2-9723-4da8-b9ad-6bb7264f33e1
Fri May 26 13:22:05 2023: Server exiting with status 0.
Fri May 26 13:22:05 2023: Closing log file.
Fri May 26 13:25:11 2023: Running xcd server. This server was NOT built by gradle, but presumably rdi.
Fri May 26 13:25:11 2023: Server was asked to start on port: '36253'
Fri May 26 13:25:11 2023: Server is using token UUID: '842e580b-83b7-40cf-8a37-3679df3c224f'
Fri May 26 13:25:11 2023: SESSION_MGR: creating session with session uuid: '6d04a3e9-ade5-4ab9-8d63-1f78fcd2ec76' and name 'default'
Fri May 26 13:25:11 2023: Attempting to start server on port '36253'
Fri May 26 13:25:11 2023: XCD main fifo: created main fifo '/tmp/xcdmain842e580b-83b7-40cf-8a37-3679df3c224f', fd read = 13
Fri May 26 13:25:11 2023: Running Dispatch Server
Fri May 26 13:25:11 2023: Version 2.2.0
Fri May 26 13:25:18 2023: Dispatch Server: Accepted socket connection from client
Fri May 26 13:25:18 2023: Starting Socket connection
Fri May 26 13:25:18 2023: EXCHANGE_TOKEN received, server token: 842e580b-83b7-40cf-8a37-3679df3c224f, passed token: 842e580b-83b7-40cf-8a37-3679df3c224f
Fri May 26 13:25:18 2023: SESSION_MGR: creating session with session uuid: 'af7315a7-3f65-4d14-9e69-a72e195b517a' and name 'vitis_hls'
Fri May 26 13:25:18 2023: KERNEL_SVC: creating session with uuid: 'af7315a7-3f65-4d14-9e69-a72e195b517a' and name 'vitis_hls'
Fri May 26 13:25:18 2023: GUIDANCE_SMGR: creating guidance session with uuid: 'af7315a7-3f65-4d14-9e69-a72e195b517a' and name 'vitis_hls'
Fri May 26 13:26:17 2023: STOP_SERVER received, server token: 842e580b-83b7-40cf-8a37-3679df3c224f, passed token: 842e580b-83b7-40cf-8a37-3679df3c224f
Fri May 26 13:26:17 2023: Socket received request to stop server.
Fri May 26 13:26:17 2023: Dispatch Server: do_await_stop
Fri May 26 13:26:17 2023: Dispatch Server: stopping mainFifo_
Fri May 26 13:26:17 2023: XCD main fifo: Stopping
Fri May 26 13:26:17 2023: XCD main fifo: do_read error code: Operation canceled
Fri May 26 13:26:17 2023: XCD main fifo: bytes_transferred: 0
Fri May 26 13:26:17 2023: SERVER: destructor for server bound to port 36253
Fri May 26 13:26:17 2023: XCD main fifo: Good unlink of /tmp/xcdmain842e580b-83b7-40cf-8a37-3679df3c224f
Fri May 26 13:26:17 2023: Server exiting with status 0.
Fri May 26 13:26:17 2023: Closing log file.
