

================================================================
== Vitis HLS Report for 'crc24a_Pipeline_loop2'
================================================================
* Date:           Mon Jul 10 10:38:24 2023

* Version:        2022.2.2 (Build 3779808 on Feb 17 2023)
* Project:        vitis_ap
* Solution:       sol_crc (Vivado IP Flow Target)
* Product family: zynquplus
* Target device:  xczu7ev-ffvc1156-2-e


================================================================
== Performance Estimates
================================================================
+ Timing: 
    * Summary: 
    +--------+----------+----------+------------+
    |  Clock |  Target  | Estimated| Uncertainty|
    +--------+----------+----------+------------+
    |ap_clk  |  10.00 ns|  3.444 ns|     2.70 ns|
    +--------+----------+----------+------------+

+ Latency: 
    * Summary: 
    +---------+---------+----------+----------+-----+-----+---------+
    |  Latency (cycles) |  Latency (absolute) |  Interval | Pipeline|
    |   min   |   max   |    min   |    max   | min | max |   Type  |
    +---------+---------+----------+----------+-----+-----+---------+
    |       10|       10|  0.100 us|  0.100 us|   10|   10|       no|
    +---------+---------+----------+----------+-----+-----+---------+

    + Detail: 
        * Instance: 
        N/A

        * Loop: 
        +----------+---------+---------+----------+-----------+-----------+------+----------+
        |          |  Latency (cycles) | Iteration|  Initiation Interval  | Trip |          |
        | Loop Name|   min   |   max   |  Latency |  achieved |   target  | Count| Pipelined|
        +----------+---------+---------+----------+-----------+-----------+------+----------+
        |- loop2   |        8|        8|         1|          1|          1|     8|       yes|
        +----------+---------+---------+----------+-----------+-----------+------+----------+



================================================================
== Utilization Estimates
================================================================
* Summary: 
+-----------------+---------+------+--------+--------+-----+
|       Name      | BRAM_18K|  DSP |   FF   |   LUT  | URAM|
+-----------------+---------+------+--------+--------+-----+
|DSP              |        -|     -|       -|       -|    -|
|Expression       |        -|     -|       0|     410|    -|
|FIFO             |        -|     -|       -|       -|    -|
|Instance         |        -|     -|       0|      43|    -|
|Memory           |        -|     -|       -|       -|    -|
|Multiplexer      |        -|     -|       -|     315|    -|
|Register         |        -|     -|      38|       -|    -|
+-----------------+---------+------+--------+--------+-----+
|Total            |        0|     0|      38|     768|    0|
+-----------------+---------+------+--------+--------+-----+
|Available        |      624|  1728|  460800|  230400|   96|
+-----------------+---------+------+--------+--------+-----+
|Utilization (%)  |        0|     0|      ~0|      ~0|    0|
+-----------------+---------+------+--------+--------+-----+

+ Detail: 
    * Instance: 
    +-----------------+--------------+---------+----+---+----+-----+
    |     Instance    |    Module    | BRAM_18K| DSP| FF| LUT| URAM|
    +-----------------+--------------+---------+----+---+----+-----+
    |mux_83_1_1_1_U1  |mux_83_1_1_1  |        0|   0|  0|  43|    0|
    +-----------------+--------------+---------+----+---+----+-----+
    |Total            |              |        0|   0|  0|  43|    0|
    +-----------------+--------------+---------+----+---+----+-----+

    * DSP: 
    N/A

    * Memory: 
    N/A

    * FIFO: 
    N/A

    * Expression: 
    +---------------------------+----------+----+---+----+------------+------------+
    |       Variable Name       | Operation| DSP| FF| LUT| Bitwidth P0| Bitwidth P1|
    +---------------------------+----------+----+---+----+------------+------------+
    |add_ln21_fu_776_p2         |         +|   0|  0|  12|           4|           1|
    |and_ln23_fu_808_p2         |       and|   0|  0|   2|           1|           1|
    |and_ln27_10_fu_1782_p2     |       and|   0|  0|   2|           1|           1|
    |and_ln27_11_fu_1802_p2     |       and|   0|  0|   2|           1|           1|
    |and_ln27_12_fu_1822_p2     |       and|   0|  0|   2|           1|           1|
    |and_ln27_13_fu_1842_p2     |       and|   0|  0|   2|           1|           1|
    |and_ln27_14_fu_1862_p2     |       and|   0|  0|   2|           1|           1|
    |and_ln27_1_fu_1048_p2      |       and|   0|  0|   2|           1|           1|
    |and_ln27_2_fu_1100_p2      |       and|   0|  0|   2|           1|           1|
    |and_ln27_3_fu_1106_p2      |       and|   0|  0|   2|           1|           1|
    |and_ln27_4_fu_1148_p2      |       and|   0|  0|   2|           1|           1|
    |and_ln27_5_fu_1190_p2      |       and|   0|  0|   2|           1|           1|
    |and_ln27_6_fu_1226_p2      |       and|   0|  0|   2|           1|           1|
    |and_ln27_7_fu_1238_p2      |       and|   0|  0|   2|           1|           1|
    |and_ln27_8_fu_1726_p2      |       and|   0|  0|   2|           1|           1|
    |and_ln27_fu_1030_p2        |       and|   0|  0|   2|           1|           1|
    |crc_V_39_fu_1882_p2        |       and|   0|  0|   2|           1|           1|
    |crc_V_45_fu_1770_p2        |       and|   0|  0|   2|           1|           1|
    |icmp_ln21_fu_770_p2        |      icmp|   0|  0|   9|           4|           5|
    |icmp_ln27_1_fu_928_p2      |      icmp|   0|  0|   8|           3|           1|
    |icmp_ln27_2_fu_934_p2      |      icmp|   0|  0|   8|           3|           2|
    |icmp_ln27_3_fu_940_p2      |      icmp|   0|  0|   8|           3|           2|
    |icmp_ln27_4_fu_946_p2      |      icmp|   0|  0|   9|           3|           4|
    |icmp_ln27_5_fu_952_p2      |      icmp|   0|  0|   8|           3|           3|
    |icmp_ln27_6_fu_958_p2      |      icmp|   0|  0|   8|           3|           3|
    |icmp_ln27_7_fu_1220_p2     |      icmp|   0|  0|   8|           3|           2|
    |icmp_ln27_fu_922_p2        |      icmp|   0|  0|   8|           3|           1|
    |or_ln27_10_fu_1112_p2      |        or|   0|  0|   2|           1|           1|
    |or_ln27_11_fu_1118_p2      |        or|   0|  0|   2|           1|           1|
    |or_ln27_12_fu_1124_p2      |        or|   0|  0|   2|           1|           1|
    |or_ln27_13_fu_1136_p2      |        or|   0|  0|   2|           1|           1|
    |or_ln27_14_fu_1154_p2      |        or|   0|  0|   2|           1|           1|
    |or_ln27_15_fu_1160_p2      |        or|   0|  0|   2|           1|           1|
    |or_ln27_16_fu_1166_p2      |        or|   0|  0|   2|           1|           1|
    |or_ln27_17_fu_1178_p2      |        or|   0|  0|   2|           1|           1|
    |or_ln27_18_fu_1196_p2      |        or|   0|  0|   2|           1|           1|
    |or_ln27_19_fu_1202_p2      |        or|   0|  0|   2|           1|           1|
    |or_ln27_1_fu_976_p2        |        or|   0|  0|   2|           1|           1|
    |or_ln27_20_fu_1208_p2      |        or|   0|  0|   2|           1|           1|
    |or_ln27_21_fu_1244_p2      |        or|   0|  0|   2|           1|           1|
    |or_ln27_22_fu_1250_p2      |        or|   0|  0|   2|           1|           1|
    |or_ln27_23_fu_1256_p2      |        or|   0|  0|   2|           1|           1|
    |or_ln27_24_fu_1262_p2      |        or|   0|  0|   2|           1|           1|
    |or_ln27_25_fu_1284_p2      |        or|   0|  0|   2|           1|           1|
    |or_ln27_26_fu_1290_p2      |        or|   0|  0|   2|           1|           1|
    |or_ln27_27_fu_1304_p2      |        or|   0|  0|   2|           1|           1|
    |or_ln27_28_fu_1318_p2      |        or|   0|  0|   2|           1|           1|
    |or_ln27_29_fu_1324_p2      |        or|   0|  0|   2|           1|           1|
    |or_ln27_2_fu_982_p2        |        or|   0|  0|   2|           1|           1|
    |or_ln27_30_fu_1336_p2      |        or|   0|  0|   2|           1|           1|
    |or_ln27_31_fu_1342_p2      |        or|   0|  0|   2|           1|           1|
    |or_ln27_32_fu_1348_p2      |        or|   0|  0|   2|           1|           1|
    |or_ln27_33_fu_1354_p2      |        or|   0|  0|   2|           1|           1|
    |or_ln27_34_fu_1360_p2      |        or|   0|  0|   2|           1|           1|
    |or_ln27_35_fu_1372_p2      |        or|   0|  0|   2|           1|           1|
    |or_ln27_36_fu_1378_p2      |        or|   0|  0|   2|           1|           1|
    |or_ln27_37_fu_1390_p2      |        or|   0|  0|   2|           1|           1|
    |or_ln27_38_fu_1396_p2      |        or|   0|  0|   2|           1|           1|
    |or_ln27_39_fu_1402_p2      |        or|   0|  0|   2|           1|           1|
    |or_ln27_3_fu_988_p2        |        or|   0|  0|   2|           1|           1|
    |or_ln27_40_fu_1408_p2      |        or|   0|  0|   2|           1|           1|
    |or_ln27_41_fu_1428_p2      |        or|   0|  0|   2|           1|           1|
    |or_ln27_42_fu_1442_p2      |        or|   0|  0|   2|           1|           1|
    |or_ln27_43_fu_1456_p2      |        or|   0|  0|   2|           1|           1|
    |or_ln27_44_fu_1462_p2      |        or|   0|  0|   2|           1|           1|
    |or_ln27_45_fu_1468_p2      |        or|   0|  0|   2|           1|           1|
    |or_ln27_46_fu_1474_p2      |        or|   0|  0|   2|           1|           1|
    |or_ln27_47_fu_1486_p2      |        or|   0|  0|   2|           1|           1|
    |or_ln27_48_fu_1492_p2      |        or|   0|  0|   2|           1|           1|
    |or_ln27_49_fu_1498_p2      |        or|   0|  0|   2|           1|           1|
    |or_ln27_4_fu_994_p2        |        or|   0|  0|   2|           1|           1|
    |or_ln27_50_fu_1542_p2      |        or|   0|  0|   2|           1|           1|
    |or_ln27_51_fu_1548_p2      |        or|   0|  0|   2|           1|           1|
    |or_ln27_52_fu_1554_p2      |        or|   0|  0|   2|           1|           1|
    |or_ln27_53_fu_1566_p2      |        or|   0|  0|   2|           1|           1|
    |or_ln27_54_fu_1572_p2      |        or|   0|  0|   2|           1|           1|
    |or_ln27_55_fu_1584_p2      |        or|   0|  0|   2|           1|           1|
    |or_ln27_56_fu_1596_p2      |        or|   0|  0|   2|           1|           1|
    |or_ln27_57_fu_1602_p2      |        or|   0|  0|   2|           1|           1|
    |or_ln27_58_fu_1630_p2      |        or|   0|  0|   2|           1|           1|
    |or_ln27_59_fu_1684_p2      |        or|   0|  0|   2|           1|           1|
    |or_ln27_5_fu_1000_p2       |        or|   0|  0|   2|           1|           1|
    |or_ln27_60_fu_1690_p2      |        or|   0|  0|   2|           1|           1|
    |or_ln27_61_fu_1702_p2      |        or|   0|  0|   2|           1|           1|
    |or_ln27_62_fu_1708_p2      |        or|   0|  0|   2|           1|           1|
    |or_ln27_63_fu_1720_p2      |        or|   0|  0|   2|           1|           1|
    |or_ln27_6_fu_1006_p2       |        or|   0|  0|   2|           1|           1|
    |or_ln27_7_fu_1036_p2       |        or|   0|  0|   2|           1|           1|
    |or_ln27_8_fu_1070_p2       |        or|   0|  0|   2|           1|           1|
    |or_ln27_9_fu_1088_p2       |        or|   0|  0|   2|           1|           1|
    |or_ln27_fu_970_p2          |        or|   0|  0|   2|           1|           1|
    |crc_V_40_fu_1868_p3        |    select|   0|  0|   2|           1|           1|
    |crc_V_41_fu_1848_p3        |    select|   0|  0|   2|           1|           1|
    |crc_V_42_fu_1828_p3        |    select|   0|  0|   2|           1|           1|
    |crc_V_43_fu_1808_p3        |    select|   0|  0|   2|           1|           1|
    |crc_V_44_fu_1788_p3        |    select|   0|  0|   2|           1|           1|
    |crc_V_46_fu_1740_p3        |    select|   0|  0|   2|           1|           1|
    |crc_V_48_fu_1676_p3        |    select|   0|  0|   2|           1|           1|
    |crc_V_49_fu_1660_p3        |    select|   0|  0|   2|           1|           1|
    |crc_V_50_fu_1644_p3        |    select|   0|  0|   2|           1|           1|
    |crc_V_51_fu_1622_p3        |    select|   0|  0|   2|           1|           1|
    |crc_V_54_fu_1534_p3        |    select|   0|  0|   2|           1|           1|
    |crc_V_55_fu_1518_p3        |    select|   0|  0|   2|           1|           1|
    |crc_V_57_fu_1448_p3        |    select|   0|  0|   2|           1|           1|
    |crc_V_58_fu_1434_p3        |    select|   0|  0|   2|           1|           1|
    |crc_V_61_fu_1310_p3        |    select|   0|  0|   2|           1|           1|
    |crc_V_62_fu_1276_p3        |    select|   0|  0|   2|           1|           1|
    |crc_V_68_fu_1062_p3        |    select|   0|  0|   2|           1|           1|
    |select_ln27_11_fu_1526_p3  |    select|   0|  0|   2|           1|           1|
    |select_ln27_13_fu_1614_p3  |    select|   0|  0|   2|           1|           1|
    |select_ln27_15_fu_1636_p3  |    select|   0|  0|   2|           1|           1|
    |select_ln27_17_fu_1652_p3  |    select|   0|  0|   2|           1|           1|
    |select_ln27_19_fu_1668_p3  |    select|   0|  0|   2|           1|           1|
    |select_ln27_21_fu_1732_p3  |    select|   0|  0|   2|           1|           1|
    |select_ln27_23_fu_1748_p3  |    select|   0|  0|   2|           1|           1|
    |select_ln27_24_fu_1756_p3  |    select|   0|  0|   2|           1|           1|
    |select_ln27_2_fu_1268_p3   |    select|   0|  0|   2|           1|           1|
    |select_ln27_4_fu_1296_p3   |    select|   0|  0|   2|           1|           1|
    |select_ln27_6_fu_1420_p3   |    select|   0|  0|   2|           1|           1|
    |select_ln27_9_fu_1510_p3   |    select|   0|  0|   2|           1|           1|
    |select_ln27_fu_1054_p3     |    select|   0|  0|   2|           1|           1|
    |crc_V_38_fu_1042_p2        |       xor|   0|  0|   2|           1|           1|
    |crc_V_47_fu_1714_p2        |       xor|   0|  0|   2|           1|           1|
    |crc_V_52_fu_1608_p2        |       xor|   0|  0|   2|           1|           1|
    |crc_V_53_fu_1578_p2        |       xor|   0|  0|   2|           1|           1|
    |crc_V_56_fu_1504_p2        |       xor|   0|  0|   2|           1|           1|
    |crc_V_59_fu_1414_p2        |       xor|   0|  0|   2|           1|           1|
    |crc_V_60_fu_1366_p2        |       xor|   0|  0|   2|           1|           1|
    |crc_V_63_fu_1232_p2        |       xor|   0|  0|   2|           1|           1|
    |crc_V_64_fu_1214_p2        |       xor|   0|  0|   2|           1|           1|
    |crc_V_65_fu_1172_p2        |       xor|   0|  0|   2|           1|           1|
    |crc_V_66_fu_1130_p2        |       xor|   0|  0|   2|           1|           1|
    |crc_V_67_fu_1082_p2        |       xor|   0|  0|   2|           1|           1|
    |crc_V_69_fu_1018_p2        |       xor|   0|  0|   2|           1|           1|
    |ret_V_1_fu_892_p2          |       xor|   0|  0|   2|           1|           2|
    |ret_V_2_fu_898_p2          |       xor|   0|  0|   2|           1|           2|
    |ret_V_3_fu_844_p2          |       xor|   0|  0|   2|           1|           2|
    |ret_V_4_fu_850_p2          |       xor|   0|  0|   2|           1|           2|
    |ret_V_5_fu_916_p2          |       xor|   0|  0|   2|           1|           2|
    |ret_V_fu_826_p2            |       xor|   0|  0|   2|           1|           2|
    |xor_ln1499_10_fu_874_p2    |       xor|   0|  0|   2|           1|           2|
    |xor_ln1499_11_fu_880_p2    |       xor|   0|  0|   2|           1|           2|
    |xor_ln1499_12_fu_886_p2    |       xor|   0|  0|   2|           1|           2|
    |xor_ln1499_15_fu_904_p2    |       xor|   0|  0|   2|           1|           2|
    |xor_ln1499_16_fu_910_p2    |       xor|   0|  0|   2|           1|           2|
    |xor_ln1499_1_fu_820_p2     |       xor|   0|  0|   2|           1|           2|
    |xor_ln1499_3_fu_832_p2     |       xor|   0|  0|   2|           1|           2|
    |xor_ln1499_4_fu_838_p2     |       xor|   0|  0|   2|           1|           2|
    |xor_ln1499_7_fu_856_p2     |       xor|   0|  0|   2|           1|           2|
    |xor_ln1499_8_fu_862_p2     |       xor|   0|  0|   2|           1|           2|
    |xor_ln1499_9_fu_868_p2     |       xor|   0|  0|   2|           1|           2|
    |xor_ln1499_fu_814_p2       |       xor|   0|  0|   2|           1|           2|
    |xor_ln23_fu_964_p2         |       xor|   0|  0|   2|           2|           1|
    |xor_ln27_10_fu_1184_p2     |       xor|   0|  0|   2|           1|           2|
    |xor_ln27_13_fu_1330_p2     |       xor|   0|  0|   2|           1|           2|
    |xor_ln27_15_fu_1384_p2     |       xor|   0|  0|   2|           1|           2|
    |xor_ln27_17_fu_1480_p2     |       xor|   0|  0|   2|           1|           2|
    |xor_ln27_19_fu_1560_p2     |       xor|   0|  0|   2|           1|           2|
    |xor_ln27_21_fu_1590_p2     |       xor|   0|  0|   2|           1|           2|
    |xor_ln27_23_fu_1696_p2     |       xor|   0|  0|   2|           1|           2|
    |xor_ln27_25_fu_1764_p2     |       xor|   0|  0|   2|           2|           1|
    |xor_ln27_26_fu_1776_p2     |       xor|   0|  0|   2|           2|           1|
    |xor_ln27_27_fu_1796_p2     |       xor|   0|  0|   2|           2|           1|
    |xor_ln27_28_fu_1816_p2     |       xor|   0|  0|   2|           2|           1|
    |xor_ln27_29_fu_1836_p2     |       xor|   0|  0|   2|           2|           1|
    |xor_ln27_2_fu_1024_p2      |       xor|   0|  0|   2|           1|           2|
    |xor_ln27_30_fu_1856_p2     |       xor|   0|  0|   2|           2|           1|
    |xor_ln27_31_fu_1876_p2     |       xor|   0|  0|   2|           2|           1|
    |xor_ln27_4_fu_1076_p2      |       xor|   0|  0|   2|           1|           2|
    |xor_ln27_6_fu_1094_p2      |       xor|   0|  0|   2|           1|           2|
    |xor_ln27_8_fu_1142_p2      |       xor|   0|  0|   2|           1|           2|
    |xor_ln27_fu_1012_p2        |       xor|   0|  0|   2|           1|           2|
    +---------------------------+----------+----+---+----+------------+------------+
    |Total                      |          |   0|  0| 410|         202|         216|
    +---------------------------+----------+----+---+----+------------+------------+

    * Multiplexer: 
    +-----------------------------------+----+-----------+-----+-----------+
    |                Name               | LUT| Input Size| Bits| Total Bits|
    +-----------------------------------+----+-----------+-----+-----------+
    |ap_done_int                        |   9|          2|    1|          2|
    |ap_phi_mux_crc_V_10_phi_fu_644_p4  |   9|          2|    1|          2|
    |ap_phi_mux_crc_V_11_phi_fu_633_p4  |   9|          2|    1|          2|
    |ap_phi_mux_crc_V_14_phi_fu_600_p4  |   9|          2|    1|          2|
    |ap_phi_mux_crc_V_15_phi_fu_589_p4  |   9|          2|    1|          2|
    |ap_phi_mux_crc_V_17_phi_fu_567_p4  |   9|          2|    1|          2|
    |ap_phi_mux_crc_V_18_phi_fu_556_p4  |   9|          2|    1|          2|
    |ap_phi_mux_crc_V_1_phi_fu_743_p4   |   9|          2|    1|          2|
    |ap_phi_mux_crc_V_21_phi_fu_523_p4  |   9|          2|    1|          2|
    |ap_phi_mux_crc_V_22_phi_fu_512_p4  |   9|          2|    1|          2|
    |ap_phi_mux_crc_V_28_phi_fu_446_p4  |   9|          2|    1|          2|
    |ap_phi_mux_crc_V_2_phi_fu_732_p4   |   9|          2|    1|          2|
    |ap_phi_mux_crc_V_31_phi_fu_413_p4  |   9|          2|    1|          2|
    |ap_phi_mux_crc_V_3_phi_fu_721_p4   |   9|          2|    1|          2|
    |ap_phi_mux_crc_V_4_phi_fu_710_p4   |   9|          2|    1|          2|
    |ap_phi_mux_crc_V_5_phi_fu_699_p4   |   9|          2|    1|          2|
    |ap_phi_mux_crc_V_6_phi_fu_688_p4   |   9|          2|    1|          2|
    |ap_phi_mux_crc_V_70_phi_fu_677_p4  |   9|          2|    1|          2|
    |ap_phi_mux_crc_V_71_phi_fu_622_p4  |   9|          2|    1|          2|
    |ap_phi_mux_crc_V_72_phi_fu_611_p4  |   9|          2|    1|          2|
    |ap_phi_mux_crc_V_73_phi_fu_578_p4  |   9|          2|    1|          2|
    |ap_phi_mux_crc_V_74_phi_fu_545_p4  |   9|          2|    1|          2|
    |ap_phi_mux_crc_V_75_phi_fu_534_p4  |   9|          2|    1|          2|
    |ap_phi_mux_crc_V_76_phi_fu_501_p4  |   9|          2|    1|          2|
    |ap_phi_mux_crc_V_77_phi_fu_490_p4  |   9|          2|    1|          2|
    |ap_phi_mux_crc_V_86_phi_fu_479_p4  |   9|          2|    1|          2|
    |ap_phi_mux_crc_V_87_phi_fu_468_p4  |   9|          2|    1|          2|
    |ap_phi_mux_crc_V_88_phi_fu_457_p4  |   9|          2|    1|          2|
    |ap_phi_mux_crc_V_89_phi_fu_435_p4  |   9|          2|    1|          2|
    |ap_phi_mux_crc_V_8_phi_fu_666_p4   |   9|          2|    1|          2|
    |ap_phi_mux_crc_V_90_phi_fu_424_p4  |   9|          2|    1|          2|
    |ap_phi_mux_crc_V_9_phi_fu_655_p4   |   9|          2|    1|          2|
    |ap_phi_mux_crc_V_phi_fu_754_p4     |   9|          2|    1|          2|
    |ap_sig_allocacmp_i                 |   9|          2|    4|          8|
    |k_fu_128                           |   9|          2|    4|          8|
    +-----------------------------------+----+-----------+-----+-----------+
    |Total                              | 315|         70|   41|         82|
    +-----------------------------------+----+-----------+-----+-----------+

    * Register: 
    +------------------+---+----+-----+-----------+
    |       Name       | FF| LUT| Bits| Const Bits|
    +------------------+---+----+-----+-----------+
    |ap_CS_fsm         |  1|   0|    1|          0|
    |ap_done_reg       |  1|   0|    1|          0|
    |crc_V_10_reg_641  |  1|   0|    1|          0|
    |crc_V_11_reg_630  |  1|   0|    1|          0|
    |crc_V_14_reg_597  |  1|   0|    1|          0|
    |crc_V_15_reg_586  |  1|   0|    1|          0|
    |crc_V_17_reg_564  |  1|   0|    1|          0|
    |crc_V_18_reg_553  |  1|   0|    1|          0|
    |crc_V_1_reg_740   |  1|   0|    1|          0|
    |crc_V_21_reg_520  |  1|   0|    1|          0|
    |crc_V_22_reg_509  |  1|   0|    1|          0|
    |crc_V_28_reg_443  |  1|   0|    1|          0|
    |crc_V_2_reg_729   |  1|   0|    1|          0|
    |crc_V_31_reg_410  |  1|   0|    1|          0|
    |crc_V_3_reg_718   |  1|   0|    1|          0|
    |crc_V_4_reg_707   |  1|   0|    1|          0|
    |crc_V_5_reg_696   |  1|   0|    1|          0|
    |crc_V_6_reg_685   |  1|   0|    1|          0|
    |crc_V_70_reg_674  |  1|   0|    1|          0|
    |crc_V_71_reg_619  |  1|   0|    1|          0|
    |crc_V_72_reg_608  |  1|   0|    1|          0|
    |crc_V_73_reg_575  |  1|   0|    1|          0|
    |crc_V_74_reg_542  |  1|   0|    1|          0|
    |crc_V_75_reg_531  |  1|   0|    1|          0|
    |crc_V_76_reg_498  |  1|   0|    1|          0|
    |crc_V_77_reg_487  |  1|   0|    1|          0|
    |crc_V_86_reg_476  |  1|   0|    1|          0|
    |crc_V_87_reg_465  |  1|   0|    1|          0|
    |crc_V_88_reg_454  |  1|   0|    1|          0|
    |crc_V_89_reg_432  |  1|   0|    1|          0|
    |crc_V_8_reg_663   |  1|   0|    1|          0|
    |crc_V_90_reg_421  |  1|   0|    1|          0|
    |crc_V_9_reg_652   |  1|   0|    1|          0|
    |crc_V_reg_751     |  1|   0|    1|          0|
    |k_fu_128          |  4|   0|    4|          0|
    +------------------+---+----+-----+-----------+
    |Total             | 38|   0|   38|          0|
    +------------------+---+----+-----+-----------+



================================================================
== Interface
================================================================
* Summary: 
+---------------------+-----+-----+------------+-----------------------+--------------+
|      RTL Ports      | Dir | Bits|  Protocol  |     Source Object     |    C Type    |
+---------------------+-----+-----+------------+-----------------------+--------------+
|ap_clk               |   in|    1|  ap_ctrl_hs|  crc24a_Pipeline_loop2|  return value|
|ap_rst               |   in|    1|  ap_ctrl_hs|  crc24a_Pipeline_loop2|  return value|
|ap_start             |   in|    1|  ap_ctrl_hs|  crc24a_Pipeline_loop2|  return value|
|ap_done              |  out|    1|  ap_ctrl_hs|  crc24a_Pipeline_loop2|  return value|
|ap_idle              |  out|    1|  ap_ctrl_hs|  crc24a_Pipeline_loop2|  return value|
|ap_ready             |  out|    1|  ap_ctrl_hs|  crc24a_Pipeline_loop2|  return value|
|crc_V_85             |   in|    1|     ap_none|               crc_V_85|        scalar|
|crc_V_84             |   in|    1|     ap_none|               crc_V_84|        scalar|
|crc_V_83             |   in|    1|     ap_none|               crc_V_83|        scalar|
|crc_V_82             |   in|    1|     ap_none|               crc_V_82|        scalar|
|crc_V_81             |   in|    1|     ap_none|               crc_V_81|        scalar|
|crc_V_80             |   in|    1|     ap_none|               crc_V_80|        scalar|
|crc_V_79             |   in|    1|     ap_none|               crc_V_79|        scalar|
|crc_V_78             |   in|    1|     ap_none|               crc_V_78|        scalar|
|tmp_last_V           |   in|    1|     ap_none|             tmp_last_V|        scalar|
|crc_V_31_out         |  out|    1|      ap_vld|           crc_V_31_out|       pointer|
|crc_V_31_out_ap_vld  |  out|    1|      ap_vld|           crc_V_31_out|       pointer|
|crc_V_98_out         |  out|    1|      ap_vld|           crc_V_98_out|       pointer|
|crc_V_98_out_ap_vld  |  out|    1|      ap_vld|           crc_V_98_out|       pointer|
|crc_V_97_out         |  out|    1|      ap_vld|           crc_V_97_out|       pointer|
|crc_V_97_out_ap_vld  |  out|    1|      ap_vld|           crc_V_97_out|       pointer|
|crc_V_28_out         |  out|    1|      ap_vld|           crc_V_28_out|       pointer|
|crc_V_28_out_ap_vld  |  out|    1|      ap_vld|           crc_V_28_out|       pointer|
|crc_V_96_out         |  out|    1|      ap_vld|           crc_V_96_out|       pointer|
|crc_V_96_out_ap_vld  |  out|    1|      ap_vld|           crc_V_96_out|       pointer|
|crc_V_95_out         |  out|    1|      ap_vld|           crc_V_95_out|       pointer|
|crc_V_95_out_ap_vld  |  out|    1|      ap_vld|           crc_V_95_out|       pointer|
|crc_V_94_out         |  out|    1|      ap_vld|           crc_V_94_out|       pointer|
|crc_V_94_out_ap_vld  |  out|    1|      ap_vld|           crc_V_94_out|       pointer|
|crc_V_93_out         |  out|    1|      ap_vld|           crc_V_93_out|       pointer|
|crc_V_93_out_ap_vld  |  out|    1|      ap_vld|           crc_V_93_out|       pointer|
|crc_V_92_out         |  out|    1|      ap_vld|           crc_V_92_out|       pointer|
|crc_V_92_out_ap_vld  |  out|    1|      ap_vld|           crc_V_92_out|       pointer|
|crc_V_22_out         |  out|    1|      ap_vld|           crc_V_22_out|       pointer|
|crc_V_22_out_ap_vld  |  out|    1|      ap_vld|           crc_V_22_out|       pointer|
|crc_V_21_out         |  out|    1|      ap_vld|           crc_V_21_out|       pointer|
|crc_V_21_out_ap_vld  |  out|    1|      ap_vld|           crc_V_21_out|       pointer|
|crc_V_91_out         |  out|    1|      ap_vld|           crc_V_91_out|       pointer|
|crc_V_91_out_ap_vld  |  out|    1|      ap_vld|           crc_V_91_out|       pointer|
|crc_V_90_out         |  out|    1|      ap_vld|           crc_V_90_out|       pointer|
|crc_V_90_out_ap_vld  |  out|    1|      ap_vld|           crc_V_90_out|       pointer|
|crc_V_18_out         |  out|    1|      ap_vld|           crc_V_18_out|       pointer|
|crc_V_18_out_ap_vld  |  out|    1|      ap_vld|           crc_V_18_out|       pointer|
|crc_V_17_out         |  out|    1|      ap_vld|           crc_V_17_out|       pointer|
|crc_V_17_out_ap_vld  |  out|    1|      ap_vld|           crc_V_17_out|       pointer|
|crc_V_89_out         |  out|    1|      ap_vld|           crc_V_89_out|       pointer|
|crc_V_89_out_ap_vld  |  out|    1|      ap_vld|           crc_V_89_out|       pointer|
|crc_V_15_out         |  out|    1|      ap_vld|           crc_V_15_out|       pointer|
|crc_V_15_out_ap_vld  |  out|    1|      ap_vld|           crc_V_15_out|       pointer|
|crc_V_14_out         |  out|    1|      ap_vld|           crc_V_14_out|       pointer|
|crc_V_14_out_ap_vld  |  out|    1|      ap_vld|           crc_V_14_out|       pointer|
|crc_V_88_out         |  out|    1|      ap_vld|           crc_V_88_out|       pointer|
|crc_V_88_out_ap_vld  |  out|    1|      ap_vld|           crc_V_88_out|       pointer|
|crc_V_87_out         |  out|    1|      ap_vld|           crc_V_87_out|       pointer|
|crc_V_87_out_ap_vld  |  out|    1|      ap_vld|           crc_V_87_out|       pointer|
|crc_V_11_out         |  out|    1|      ap_vld|           crc_V_11_out|       pointer|
|crc_V_11_out_ap_vld  |  out|    1|      ap_vld|           crc_V_11_out|       pointer|
|crc_V_10_out         |  out|    1|      ap_vld|           crc_V_10_out|       pointer|
|crc_V_10_out_ap_vld  |  out|    1|      ap_vld|           crc_V_10_out|       pointer|
|crc_V_9_out          |  out|    1|      ap_vld|            crc_V_9_out|       pointer|
|crc_V_9_out_ap_vld   |  out|    1|      ap_vld|            crc_V_9_out|       pointer|
|crc_V_8_out          |  out|    1|      ap_vld|            crc_V_8_out|       pointer|
|crc_V_8_out_ap_vld   |  out|    1|      ap_vld|            crc_V_8_out|       pointer|
|crc_V_86_out         |  out|    1|      ap_vld|           crc_V_86_out|       pointer|
|crc_V_86_out_ap_vld  |  out|    1|      ap_vld|           crc_V_86_out|       pointer|
|crc_V_6_out          |  out|    1|      ap_vld|            crc_V_6_out|       pointer|
|crc_V_6_out_ap_vld   |  out|    1|      ap_vld|            crc_V_6_out|       pointer|
|crc_V_5_out          |  out|    1|      ap_vld|            crc_V_5_out|       pointer|
|crc_V_5_out_ap_vld   |  out|    1|      ap_vld|            crc_V_5_out|       pointer|
|crc_V_4_out          |  out|    1|      ap_vld|            crc_V_4_out|       pointer|
|crc_V_4_out_ap_vld   |  out|    1|      ap_vld|            crc_V_4_out|       pointer|
|crc_V_3_out          |  out|    1|      ap_vld|            crc_V_3_out|       pointer|
|crc_V_3_out_ap_vld   |  out|    1|      ap_vld|            crc_V_3_out|       pointer|
|crc_V_2_out          |  out|    1|      ap_vld|            crc_V_2_out|       pointer|
|crc_V_2_out_ap_vld   |  out|    1|      ap_vld|            crc_V_2_out|       pointer|
|crc_V_1_out          |  out|    1|      ap_vld|            crc_V_1_out|       pointer|
|crc_V_1_out_ap_vld   |  out|    1|      ap_vld|            crc_V_1_out|       pointer|
|crc_V_out            |  out|    1|      ap_vld|              crc_V_out|       pointer|
|crc_V_out_ap_vld     |  out|    1|      ap_vld|              crc_V_out|       pointer|
+---------------------+-----+-----+------------+-----------------------+--------------+

