Copyright 1986-2023 Xilinx, Inc. All Rights Reserved.
------------------------------------------------------------------------------------------------------------
| Tool Version : Vivado v.2022.2.2 (lin64) Build 3788238 Tue Feb 21 19:59:23 MST 2023
| Date         : Fri Aug  4 11:57:19 2023
| Host         : sampaths-lappie running 64-bit Ubuntu 22.04.2 LTS
| Command      : report_drc -file adder1_drc_routed.rpt -pb adder1_drc_routed.pb -rpx adder1_drc_routed.rpx
| Design       : adder1
| Device       : xc7z020clg484-1
| Speed File   : -1
| Design State : Fully Routed
------------------------------------------------------------------------------------------------------------

Report DRC

Table of Contents
-----------------
1. REPORT SUMMARY
2. REPORT DETAILS

1. REPORT SUMMARY
-----------------
            Netlist: netlist
          Floorplan: design_1
      Design limits: <entire design considered>
           Ruledeck: default
             Max violations: <unlimited>
             Violations found: 1
+--------+----------+--------------------+------------+
| Rule   | Severity | Description        | Violations |
+--------+----------+--------------------+------------+
| ZPS7-1 | Warning  | PS7 block required | 1          |
+--------+----------+--------------------+------------+

2. REPORT DETAILS
-----------------
ZPS7-1#1 Warning
PS7 block required  
The PS7 cell must be used in this Zynq design in order to enable correct default configuration.
Related violations: <none>


