INFO: [HLS 200-10] Running '/tools/Xilinx/Vitis_HLS/2022.2/bin/unwrapped/lnx64.o/vitis_hls'
INFO: [HLS 200-10] For user 'sam-admin' on host 'sampaths-lappie' (Linux_x86_64 version 5.19.0-42-generic) on Fri May 26 15:42:30 IST 2023
INFO: [HLS 200-10] On os Ubuntu 22.04.2 LTS
INFO: [HLS 200-10] In directory '/home/sam-admin/git/Training/HLS_Vivado/A8/vitis/meth2'
Sourcing Tcl script '/home/sam-admin/git/Training/HLS_Vivado/A8/vitis/meth2/a82/solution_gen/csim.tcl'
INFO: [HLS 200-1510] Running: source /home/sam-admin/git/Training/HLS_Vivado/A8/vitis/meth2/a82/solution_gen/csim.tcl
INFO: [HLS 200-1510] Running: open_project a82 
INFO: [HLS 200-10] Opening project '/home/sam-admin/git/Training/HLS_Vivado/A8/vitis/meth2/a82'.
INFO: [HLS 200-1510] Running: set_top gen 
INFO: [HLS 200-1510] Running: add_files ../../meth2/datagen.cpp 
INFO: [HLS 200-10] Adding design file '../../meth2/datagen.cpp' to the project
INFO: [HLS 200-1510] Running: add_files ../../meth2/cpr.cpp 
INFO: [HLS 200-10] Adding design file '../../meth2/cpr.cpp' to the project
INFO: [HLS 200-1510] Running: add_files -tb puschTxAfterChannelReal.txt -cflags -Wno-unknown-pragmas -Wno-unknown-pragmas -Wno-unknown-pragmas -Wno-unknown-pragmas -Wno-unknown-pragmas -Wno-unknown-pragmas -Wno-unknown-pragmas -Wno-unknown-pragmas -Wno-unknown-pragmas -csimflags -Wno-unknown-pragmas 
WARNING: [HLS 200-40] Cannot find test bench file 'puschTxAfterChannelReal.txt'
INFO: [HLS 200-1510] Running: add_files -tb puschTxAfterChannelImag.txt -cflags -Wno-unknown-pragmas -Wno-unknown-pragmas -Wno-unknown-pragmas -Wno-unknown-pragmas -Wno-unknown-pragmas -Wno-unknown-pragmas -Wno-unknown-pragmas -Wno-unknown-pragmas -Wno-unknown-pragmas -csimflags -Wno-unknown-pragmas 
WARNING: [HLS 200-40] Cannot find test bench file 'puschTxAfterChannelImag.txt'
INFO: [HLS 200-1510] Running: add_files -tb ../../meth2/cpt_tb.cpp -cflags -Wno-unknown-pragmas -Wno-unknown-pragmas -Wno-unknown-pragmas -Wno-unknown-pragmas -Wno-unknown-pragmas -Wno-unknown-pragmas -Wno-unknown-pragmas -Wno-unknown-pragmas -Wno-unknown-pragmas -csimflags -Wno-unknown-pragmas 
INFO: [HLS 200-10] Adding test bench file '../../meth2/cpt_tb.cpp' to the project
INFO: [HLS 200-1510] Running: open_solution solution_gen -flow_target vivado 
INFO: [HLS 200-10] Opening solution '/home/sam-admin/git/Training/HLS_Vivado/A8/vitis/meth2/a82/solution_gen'.
INFO: [SYN 201-201] Setting up clock 'default' with a period of 10ns.
INFO: [HLS 200-1611] Setting target device to 'xc7z020-clg484-1'
INFO: [HLS 200-1505] Using flow_target 'vivado'
Resolution: For help on HLS 200-1505 see www.xilinx.com/cgi-bin/docs/rdoc?v=2022.2;t=hls+guidance;d=200-1505.html
INFO: [HLS 200-1464] Running solution command: config_export -format=ip_catalog
INFO: [HLS 200-1464] Running solution command: config_export -output=/home/sam-admin/git/Training/HLS_Vivado/A8/meth2/gen_ip
INFO: [HLS 200-1464] Running solution command: config_export -rtl=verilog
INFO: [HLS 200-1510] Running: set_part xc7z020-clg484-1 
INFO: [HLS 200-1510] Running: create_clock -period 10 -name default 
INFO: [HLS 200-1510] Running: config_export -format ip_catalog -output /home/sam-admin/git/Training/HLS_Vivado/A8/meth2/gen_ip -rtl verilog 
INFO: [HLS 200-1510] Running: source ./a82/solution_gen/directives.tcl
INFO: [HLS 200-1510] Running: set_directive_top -name gen gen 
INFO: [HLS 200-1510] Running: csim_design -quiet 
Running Dispatch Server on port: 37663
INFO: [SIM 211-2] *************** CSIM start ***************
INFO: [SIM 211-4] CSIM will launch GCC as the compiler.
   Compiling ../../../../../../meth2/cpt_tb.cpp in debug mode
   Compiling ../../../../../../meth2/cpr.cpp in debug mode
   Compiling ../../../../../../meth2/datagen.cpp in debug mode
   Generating csim.exe
!PASS! OUTPUT IS TOLERABLE BASED ON GIVEN PRECISION
WARNING [HLS SIM]: hls::stream 'hls::stream<bool, 0>0' contains leftover data, which may result in RTL simulation hanging.
INFO [HLS SIM]: The maximum depth reached by any hls::stream() instance in the design is 8800
INFO: [SIM 211-1] CSim done with 0 errors.
INFO: [SIM 211-3] *************** CSIM finish ***************
INFO: [HLS 200-111] Finished Command csim_design CPU user time: 2.78 seconds. CPU system time: 0.42 seconds. Elapsed time: 3.72 seconds; current allocated memory: 0.000 MB.
INFO: [HLS 200-112] Total CPU user time: 5.2 seconds. Total CPU system time: 0.72 seconds. Total elapsed time: 16.24 seconds; peak allocated memory: 214.250 MB.
