

================================================================
== Vivado HLS Report for 'mul'
================================================================
* Date:           Fri Mar 17 18:31:35 2023

* Version:        2018.3 (Build 2405991 on Thu Dec 06 23:56:15 MST 2018)
* Project:        a22
* Solution:       solution1
* Product family: zynq
* Target device:  xc7z020clg484-1


================================================================
== Performance Estimates
================================================================
+ Timing (ns): 
    * Summary: 
    +--------+-------+----------+------------+
    |  Clock | Target| Estimated| Uncertainty|
    +--------+-------+----------+------------+
    |ap_clk  |  10.00|     7.447|        1.25|
    +--------+-------+----------+------------+

+ Latency (clock cycles): 
    * Summary: 
    +-----+-----+-----+-----+---------+
    |  Latency  |  Interval | Pipeline|
    | min | max | min | max |   Type  |
    +-----+-----+-----+-----+---------+
    |    0|    0|    0|    0|   none  |
    +-----+-----+-----+-----+---------+

    + Detail: 
        * Instance: 
        N/A

        * Loop: 
        N/A



================================================================
== Utilization Estimates
================================================================
* Summary: 
+-----------------+---------+-------+--------+-------+
|       Name      | BRAM_18K| DSP48E|   FF   |  LUT  |
+-----------------+---------+-------+--------+-------+
|DSP              |        -|      -|       -|      -|
|Expression       |        -|      4|       0|     36|
|FIFO             |        -|      -|       -|      -|
|Instance         |        -|      -|       -|      -|
|Memory           |        -|      -|       -|      -|
|Multiplexer      |        -|      -|       -|      -|
|Register         |        -|      -|       -|      -|
+-----------------+---------+-------+--------+-------+
|Total            |        0|      4|       0|     36|
+-----------------+---------+-------+--------+-------+
|Available        |      280|    220|  106400|  53200|
+-----------------+---------+-------+--------+-------+
|Utilization (%)  |        0|      1|       0|   ~0  |
+-----------------+---------+-------+--------+-------+

+ Detail: 
    * Instance: 
    N/A

    * DSP48: 
    N/A

    * Memory: 
    N/A

    * FIFO: 
    N/A

    * Expression: 
    +--------------+----------+-------+---+----+------------+------------+
    | Variable Name| Operation| DSP48E| FF| LUT| Bitwidth P0| Bitwidth P1|
    +--------------+----------+-------+---+----+------------+------------+
    |c_V           |     *    |      4|  0|  36|          28|          28|
    +--------------+----------+-------+---+----+------------+------------+
    |Total         |          |      4|  0|  36|          28|          28|
    +--------------+----------+-------+---+----+------------+------------+

    * Multiplexer: 
    N/A

    * Register: 
    N/A



================================================================
== Interface
================================================================
* Summary: 
+----------+-----+-----+------------+--------------+--------------+
| RTL Ports| Dir | Bits|  Protocol  | Source Object|    C Type    |
+----------+-----+-----+------------+--------------+--------------+
|ap_start  |  in |    1| ap_ctrl_hs |      mul     | return value |
|ap_done   | out |    1| ap_ctrl_hs |      mul     | return value |
|ap_idle   | out |    1| ap_ctrl_hs |      mul     | return value |
|ap_ready  | out |    1| ap_ctrl_hs |      mul     | return value |
|a_V       |  in |   28|   ap_none  |      a_V     |    scalar    |
|b_V       |  in |   28|   ap_none  |      b_V     |    scalar    |
|c_V       | out |   56|   ap_none  |      c_V     |    pointer   |
+----------+-----+-----+------------+--------------+--------------+

============================================================
+ Verbose Summary: Synthesis Manager
============================================================
InlineROM: 1
ExposeGlobal: 0
============================================================
+ Verbose Summary: CDFG Model
============================================================
IsTopModel: 1
ResetActiveHigh: 1
IsCombinational: 1
IsDatapathOnly: 2
HasWiredReturn: 1
HasMFsm: 0
HasVarLatency: 0
IsPipeline: 0
IsRtlPipelined: 0
IsInstanceOverlapped: 0
IsDontTouch: 0
HasImplIP: 0
IsGatedGlobalClock: 0


============================================================
+ Verbose Summary: Schedule
============================================================
* Number of FSM states : 1
* Pipeline : 0
* Dataflow Pipeline: 0

* FSM state transitions: 
1 --> 

* FSM state operations: 

State 1 <SV = 0> <Delay = 7.44>
ST_1 : Operation 2 [1/1] (0.00ns)   --->   "call void (...)* @_ssdm_op_SpecBitsMap(i28 %a_V), !map !31"   --->   Operation 2 'specbitsmap' <Predicate = true> <Delay = 0.00>
ST_1 : Operation 3 [1/1] (0.00ns)   --->   "call void (...)* @_ssdm_op_SpecBitsMap(i28 %b_V), !map !37"   --->   Operation 3 'specbitsmap' <Predicate = true> <Delay = 0.00>
ST_1 : Operation 4 [1/1] (0.00ns)   --->   "call void (...)* @_ssdm_op_SpecBitsMap(i56* %c_V), !map !41"   --->   Operation 4 'specbitsmap' <Predicate = true> <Delay = 0.00>
ST_1 : Operation 5 [1/1] (0.00ns)   --->   "call void (...)* @_ssdm_op_SpecTopModule([4 x i8]* @mul_str) nounwind"   --->   Operation 5 'spectopmodule' <Predicate = true> <Delay = 0.00>
ST_1 : Operation 6 [1/1] (0.00ns)   --->   "%b_V_read = call i28 @_ssdm_op_Read.ap_none.i28(i28 %b_V)" [2.2/a2_2.cpp:7]   --->   Operation 6 'read' 'b_V_read' <Predicate = true> <Delay = 0.00>
ST_1 : Operation 7 [1/1] (0.00ns)   --->   "%a_V_read = call i28 @_ssdm_op_Read.ap_none.i28(i28 %a_V)" [2.2/a2_2.cpp:7]   --->   Operation 7 'read' 'a_V_read' <Predicate = true> <Delay = 0.00>
ST_1 : Operation 8 [1/1] (0.00ns)   --->   "call void (...)* @_ssdm_op_SpecInterface(i28 %a_V, [8 x i8]* @p_str, i32 0, i32 0, [1 x i8]* @p_str1, i32 0, i32 0, [1 x i8]* @p_str1, [1 x i8]* @p_str1, [1 x i8]* @p_str1, i32 0, i32 0, i32 0, i32 0, [1 x i8]* @p_str1, [1 x i8]* @p_str1) nounwind" [2.2/a2_2.cpp:9]   --->   Operation 8 'specinterface' <Predicate = true> <Delay = 0.00>
ST_1 : Operation 9 [1/1] (0.00ns)   --->   "call void (...)* @_ssdm_op_SpecInterface(i28 %b_V, [8 x i8]* @p_str, i32 0, i32 0, [1 x i8]* @p_str1, i32 0, i32 0, [1 x i8]* @p_str1, [1 x i8]* @p_str1, [1 x i8]* @p_str1, i32 0, i32 0, i32 0, i32 0, [1 x i8]* @p_str1, [1 x i8]* @p_str1) nounwind" [2.2/a2_2.cpp:9]   --->   Operation 9 'specinterface' <Predicate = true> <Delay = 0.00>
ST_1 : Operation 10 [1/1] (0.00ns)   --->   "call void (...)* @_ssdm_op_SpecInterface(i56* %c_V, [8 x i8]* @p_str, i32 0, i32 0, [1 x i8]* @p_str1, i32 0, i32 0, [1 x i8]* @p_str1, [1 x i8]* @p_str1, [1 x i8]* @p_str1, i32 0, i32 0, i32 0, i32 0, [1 x i8]* @p_str1, [1 x i8]* @p_str1) nounwind" [2.2/a2_2.cpp:9]   --->   Operation 10 'specinterface' <Predicate = true> <Delay = 0.00>
ST_1 : Operation 11 [1/1] (0.00ns)   --->   "%r_V = sext i28 %a_V_read to i56" [2.2/a2_2.cpp:9]   --->   Operation 11 'sext' 'r_V' <Predicate = true> <Delay = 0.00>
ST_1 : Operation 12 [1/1] (0.00ns)   --->   "%tmp = sext i28 %b_V_read to i56" [2.2/a2_2.cpp:9]   --->   Operation 12 'sext' 'tmp' <Predicate = true> <Delay = 0.00>
ST_1 : Operation 13 [1/1] (7.44ns)   --->   "%r_V_1 = mul nsw i56 %tmp, %r_V" [2.2/a2_2.cpp:9]   --->   Operation 13 'mul' 'r_V_1' <Predicate = true> <Delay = 7.44> <Core = "Mul">   --->   Core 16 'Mul' <Latency = 0> <II = 1> <Delay = 7.44> <FuncUnit> <Opcode : 'mul'> <InPorts = 2> <OutPorts = 1>
ST_1 : Operation 14 [1/1] (0.00ns)   --->   "call void @_ssdm_op_Write.ap_none.i56P(i56* %c_V, i56 %r_V_1)" [2.2/a2_2.cpp:9]   --->   Operation 14 'write' <Predicate = true> <Delay = 0.00>
ST_1 : Operation 15 [1/1] (0.00ns)   --->   "ret void" [2.2/a2_2.cpp:10]   --->   Operation 15 'ret' <Predicate = true> <Delay = 0.00>


============================================================
+ Verbose Summary: Binding
============================================================
STG Binding: 
---------------- STG Properties BEGIN ----------------
- Is combinational: 1
- Is one-state seq: 0
- Is datapath-only: 0
- Is pipelined: 0
- Is top level: 1
Port [ Return ] is wired: 1; IO mode=ap_ctrl_hs:ce=0
Port [ a_V]:  wired=1; compound=0; hidden=0; nouse=0; global=0; static=0; extern=0; dir=0; type=0; pingpong=0; private_global=0; IO mode=ap_none:ce=0
Port [ b_V]:  wired=1; compound=0; hidden=0; nouse=0; global=0; static=0; extern=0; dir=0; type=0; pingpong=0; private_global=0; IO mode=ap_none:ce=0
Port [ c_V]:  wired=1; compound=0; hidden=0; nouse=0; global=0; static=0; extern=0; dir=1; type=0; pingpong=0; private_global=0; IO mode=ap_none:ce=0
---------------- STG Properties END ------------------

---------------- Datapath Model BEGIN ----------------

<LifeTime>
<method=bitvector/>
StgValue_2  (specbitsmap  ) [ 00]
StgValue_3  (specbitsmap  ) [ 00]
StgValue_4  (specbitsmap  ) [ 00]
StgValue_5  (spectopmodule) [ 00]
b_V_read    (read         ) [ 00]
a_V_read    (read         ) [ 00]
StgValue_8  (specinterface) [ 00]
StgValue_9  (specinterface) [ 00]
StgValue_10 (specinterface) [ 00]
r_V         (sext         ) [ 00]
tmp         (sext         ) [ 00]
r_V_1       (mul          ) [ 00]
StgValue_14 (write        ) [ 00]
StgValue_15 (ret          ) [ 00]
</LifeTime>

<model>

<comp_list>
<comp id="0" class="1000" name="a_V">
<pin_list>
<pin id="1" dir="1" index="0" bw="1" slack="0"/>
</pin_list>
<bind>
<StgValue><ssdm name="a_V"/></StgValue>
</bind>
</comp>

<comp id="2" class="1000" name="b_V">
<pin_list>
<pin id="3" dir="1" index="0" bw="1" slack="0"/>
</pin_list>
<bind>
<StgValue><ssdm name="b_V"/></StgValue>
</bind>
</comp>

<comp id="4" class="1000" name="c_V">
<pin_list>
<pin id="5" dir="1" index="0" bw="1" slack="0"/>
</pin_list>
<bind>
<StgValue><ssdm name="c_V"/></StgValue>
</bind>
</comp>

<comp id="6" class="1001" name="const_6">
<pin_list>
<pin id="7" dir="1" index="0" bw="1" slack="2147483647"/>
</pin_list>
<bind>
<StgValue><ssdm name="_ssdm_op_SpecBitsMap"/></StgValue>
</bind>
</comp>

<comp id="8" class="1001" name="const_8">
<pin_list>
<pin id="9" dir="1" index="0" bw="1" slack="2147483647"/>
</pin_list>
<bind>
<StgValue><ssdm name="_ssdm_op_SpecTopModule"/></StgValue>
</bind>
</comp>

<comp id="10" class="1001" name="const_10">
<pin_list>
<pin id="11" dir="1" index="0" bw="1" slack="2147483647"/>
</pin_list>
<bind>
<StgValue><ssdm name="mul_str"/></StgValue>
</bind>
</comp>

<comp id="12" class="1001" name="const_12">
<pin_list>
<pin id="13" dir="1" index="0" bw="1" slack="0"/>
</pin_list>
<bind>
<StgValue><ssdm name="_ssdm_op_Read.ap_none.i28"/></StgValue>
</bind>
</comp>

<comp id="14" class="1001" name="const_14">
<pin_list>
<pin id="15" dir="1" index="0" bw="1" slack="2147483647"/>
</pin_list>
<bind>
<StgValue><ssdm name="_ssdm_op_SpecInterface"/></StgValue>
</bind>
</comp>

<comp id="16" class="1001" name="const_16">
<pin_list>
<pin id="17" dir="1" index="0" bw="1" slack="2147483647"/>
</pin_list>
<bind>
<StgValue><ssdm name="p_str"/></StgValue>
</bind>
</comp>

<comp id="18" class="1001" name="const_18">
<pin_list>
<pin id="19" dir="1" index="0" bw="1" slack="2147483647"/>
</pin_list>
<bind>
<StgValue><ssdm name=""/></StgValue>
</bind>
</comp>

<comp id="20" class="1001" name="const_20">
<pin_list>
<pin id="21" dir="1" index="0" bw="1" slack="2147483647"/>
</pin_list>
<bind>
<StgValue><ssdm name="p_str1"/></StgValue>
</bind>
</comp>

<comp id="22" class="1001" name="const_22">
<pin_list>
<pin id="23" dir="1" index="0" bw="1" slack="0"/>
</pin_list>
<bind>
<StgValue><ssdm name="_ssdm_op_Write.ap_none.i56P"/></StgValue>
</bind>
</comp>

<comp id="24" class="1004" name="b_V_read_read_fu_24">
<pin_list>
<pin id="25" dir="0" index="0" bw="28" slack="0"/>
<pin id="26" dir="0" index="1" bw="28" slack="0"/>
<pin id="27" dir="1" index="2" bw="28" slack="0"/>
</pin_list>
<bind>
<opcode="read(1150) " fcode="read"/>
<opset="b_V_read/1 "/>
</bind>
</comp>

<comp id="30" class="1004" name="a_V_read_read_fu_30">
<pin_list>
<pin id="31" dir="0" index="0" bw="28" slack="0"/>
<pin id="32" dir="0" index="1" bw="28" slack="0"/>
<pin id="33" dir="1" index="2" bw="28" slack="0"/>
</pin_list>
<bind>
<opcode="read(1150) " fcode="read"/>
<opset="a_V_read/1 "/>
</bind>
</comp>

<comp id="36" class="1004" name="StgValue_14_write_fu_36">
<pin_list>
<pin id="37" dir="0" index="0" bw="0" slack="0"/>
<pin id="38" dir="0" index="1" bw="56" slack="0"/>
<pin id="39" dir="0" index="2" bw="56" slack="0"/>
<pin id="40" dir="1" index="3" bw="0" slack="2147483647"/>
</pin_list>
<bind>
<opcode="write(1151) " fcode="write"/>
<opset="StgValue_14/1 "/>
</bind>
</comp>

<comp id="43" class="1004" name="r_V_fu_43">
<pin_list>
<pin id="44" dir="0" index="0" bw="28" slack="0"/>
<pin id="45" dir="1" index="1" bw="56" slack="0"/>
</pin_list>
<bind>
<opcode="sext(35) " fcode="sext"/>
<opset="r_V/1 "/>
</bind>
</comp>

<comp id="47" class="1004" name="tmp_fu_47">
<pin_list>
<pin id="48" dir="0" index="0" bw="28" slack="0"/>
<pin id="49" dir="1" index="1" bw="56" slack="0"/>
</pin_list>
<bind>
<opcode="sext(35) " fcode="sext"/>
<opset="tmp/1 "/>
</bind>
</comp>

<comp id="51" class="1004" name="r_V_1_fu_51">
<pin_list>
<pin id="52" dir="0" index="0" bw="28" slack="0"/>
<pin id="53" dir="0" index="1" bw="28" slack="0"/>
<pin id="54" dir="1" index="2" bw="56" slack="0"/>
</pin_list>
<bind>
<opcode="mul(12) " fcode="mul"/>
<opset="r_V_1/1 "/>
</bind>
</comp>

</comp_list>

<net_list>
<net id="28"><net_src comp="12" pin="0"/><net_sink comp="24" pin=0"/></net>

<net id="29"><net_src comp="2" pin="0"/><net_sink comp="24" pin=1"/></net>

<net id="34"><net_src comp="12" pin="0"/><net_sink comp="30" pin=0"/></net>

<net id="35"><net_src comp="0" pin="0"/><net_sink comp="30" pin=1"/></net>

<net id="41"><net_src comp="22" pin="0"/><net_sink comp="36" pin=0"/></net>

<net id="42"><net_src comp="4" pin="0"/><net_sink comp="36" pin=1"/></net>

<net id="46"><net_src comp="30" pin="2"/><net_sink comp="43" pin=0"/></net>

<net id="50"><net_src comp="24" pin="2"/><net_sink comp="47" pin=0"/></net>

<net id="55"><net_src comp="47" pin="1"/><net_sink comp="51" pin=0"/></net>

<net id="56"><net_src comp="43" pin="1"/><net_sink comp="51" pin=1"/></net>

<net id="57"><net_src comp="51" pin="2"/><net_sink comp="36" pin=2"/></net>

</net_list>

</model> 
---------------- Datapath Model END ------------------

* FSMD analyzer results:
  - Output states:
	Port: c_V | {1 }
 - Input state : 
	Port: mul : a_V | {1 }
	Port: mul : b_V | {1 }
  - Chain level:
	State 1
		r_V_1 : 1
		StgValue_14 : 2


============================================================
+ Verbose Summary: Datapath Resource usage 
============================================================

* Functional unit list:
|----------|-------------------------|---------|---------|---------|
| Operation|     Functional Unit     |  DSP48E |    FF   |   LUT   |
|----------|-------------------------|---------|---------|---------|
|    mul   |       r_V_1_fu_51       |    4    |    0    |    36   |
|----------|-------------------------|---------|---------|---------|
|   read   |   b_V_read_read_fu_24   |    0    |    0    |    0    |
|          |   a_V_read_read_fu_30   |    0    |    0    |    0    |
|----------|-------------------------|---------|---------|---------|
|   write  | StgValue_14_write_fu_36 |    0    |    0    |    0    |
|----------|-------------------------|---------|---------|---------|
|   sext   |        r_V_fu_43        |    0    |    0    |    0    |
|          |        tmp_fu_47        |    0    |    0    |    0    |
|----------|-------------------------|---------|---------|---------|
|   Total  |                         |    4    |    0    |    36   |
|----------|-------------------------|---------|---------|---------|

Memories:
N/A

* Register list:
N/A

* Multiplexer (MUX) list: 
|--------|------|------|------|--------|
|  Comp  |  Pin | Size |  BW  | S x BW |
|--------|------|------|------|--------|
|  Total |      |      |      |    0   |
|--------|------|------|------|--------|



* Summary:
+-----------+--------+--------+--------+
|           | DSP48E |   FF   |   LUT  |
+-----------+--------+--------+--------+
|  Function |    4   |    0   |   36   |
|   Memory  |    -   |    -   |    -   |
|Multiplexer|    -   |    -   |    -   |
|  Register |    -   |    -   |    -   |
+-----------+--------+--------+--------+
|   Total   |    4   |    0   |   36   |
+-----------+--------+--------+--------+
