#-----------------------------------------------------------
# xsim v2022.2.2 (64-bit)
# SW Build 3788238 on Tue Feb 21 19:59:23 MST 2023
# IP Build 3783773 on Tue Feb 21 23:41:56 MST 2023
# Start of session at: Tue Jun 20 15:46:51 2023
# Process ID: 8369
# Current directory: /home/sam-admin/git/Training/HLS_Vivado/A9/HLS/a9crc/solution_crc/sim/verilog
# Command line: xsim -mode tcl -source {xsim.dir/crc24a/xsim_script.tcl}
# Log file: /home/sam-admin/git/Training/HLS_Vivado/A9/HLS/a9crc/solution_crc/sim/verilog/xsim.log
# Journal file: /home/sam-admin/git/Training/HLS_Vivado/A9/HLS/a9crc/solution_crc/sim/verilog/xsim.jou
# Running On: sampaths-lappie, OS: Linux, CPU Frequency: 3401.401 MHz, CPU Physical cores: 4, Host memory: 8096 MB
#-----------------------------------------------------------
source xsim.dir/crc24a/xsim_script.tcl
# xsim {crc24a} -autoloadwcfg -tclbatch {crc24a.tcl}
Time resolution is 1 ps
source crc24a.tcl
## run all
////////////////////////////////////////////////////////////////////////////////////
// Inter-Transaction Progress: Completed Transaction / Total Transaction
// Intra-Transaction Progress: Measured Latency / Latency Estimation * 100%
//
// RTL Simulation : "Inter-Transaction Progress" ["Intra-Transaction Progress"] @ "Simulation Time"
////////////////////////////////////////////////////////////////////////////////////
// RTL Simulation : 0 / 1 [0.00%] @ "125000"
find kernel block.
// RTL Simulation : 1 / 1 [100.00%] @ "1175000"
////////////////////////////////////////////////////////////////////////////////////
$finish called at time : 1235 ns : File "/home/sam-admin/git/Training/HLS_Vivado/A9/HLS/a9crc/solution_crc/sim/verilog/crc24a.autotb.v" Line 307
## quit
INFO: [Common 17-206] Exiting xsim at Tue Jun 20 15:47:15 2023...
