

================================================================
== Vitis HLS Report for 'crc24a_Pipeline_loop1'
================================================================
* Date:           Wed Jul  5 16:21:40 2023

* Version:        2022.2.2 (Build 3779808 on Feb 17 2023)
* Project:        practsam
* Solution:       solution1 (Vivado IP Flow Target)
* Product family: zynquplus
* Target device:  xczu7ev-ffvc1156-2-e


================================================================
== Performance Estimates
================================================================
+ Timing: 
    * Summary: 
    +--------+----------+----------+------------+
    |  Clock |  Target  | Estimated| Uncertainty|
    +--------+----------+----------+------------+
    |ap_clk  |  10.00 ns|  4.614 ns|     2.70 ns|
    +--------+----------+----------+------------+

+ Latency: 
    * Summary: 
    +---------+---------+----------+----------+-----+-----+---------+
    |  Latency (cycles) |  Latency (absolute) |  Interval | Pipeline|
    |   min   |   max   |    min   |    max   | min | max |   Type  |
    +---------+---------+----------+----------+-----+-----+---------+
    |        ?|        ?|         ?|         ?|    ?|    ?|       no|
    +---------+---------+----------+----------+-----+-----+---------+

    + Detail: 
        * Instance: 
        N/A

        * Loop: 
        +----------+---------+---------+----------+-----------+-----------+------+----------+
        |          |  Latency (cycles) | Iteration|  Initiation Interval  | Trip |          |
        | Loop Name|   min   |   max   |  Latency |  achieved |   target  | Count| Pipelined|
        +----------+---------+---------+----------+-----------+-----------+------+----------+
        |- loop1   |        ?|        ?|        76|          8|          1|     ?|       yes|
        +----------+---------+---------+----------+-----------+-----------+------+----------+



================================================================
== Utilization Estimates
================================================================
* Summary: 
+-----------------+---------+------+--------+--------+-----+
|       Name      | BRAM_18K|  DSP |   FF   |   LUT  | URAM|
+-----------------+---------+------+--------+--------+-----+
|DSP              |        -|     -|       -|       -|    -|
|Expression       |        -|     -|       0|     757|    -|
|FIFO             |        -|     -|       -|       -|    -|
|Instance         |        -|   120|   69208|   53264|    -|
|Memory           |        -|     -|       -|       -|    -|
|Multiplexer      |        -|     -|       -|    2634|    -|
|Register         |        -|     -|    2013|     576|    -|
+-----------------+---------+------+--------+--------+-----+
|Total            |        0|   120|   71221|   57231|    0|
+-----------------+---------+------+--------+--------+-----+
|Available        |      624|  1728|  460800|  230400|   96|
+-----------------+---------+------+--------+--------+-----+
|Utilization (%)  |        0|     6|      15|      24|    0|
+-----------------+---------+------+--------+--------+-----+

+ Detail: 
    * Instance: 
    +---------------------------+-----------------------+---------+----+------+------+-----+
    |          Instance         |         Module        | BRAM_18K| DSP|  FF  |  LUT | URAM|
    +---------------------------+-----------------------+---------+----+------+------+-----+
    |mul_64ns_66ns_129_1_1_U9   |mul_64ns_66ns_129_1_1  |        0|  15|     0|    51|    0|
    |mul_64ns_66ns_129_1_1_U10  |mul_64ns_66ns_129_1_1  |        0|  15|     0|    51|    0|
    |mul_64ns_66ns_129_1_1_U11  |mul_64ns_66ns_129_1_1  |        0|  15|     0|    51|    0|
    |mul_64ns_66ns_129_1_1_U12  |mul_64ns_66ns_129_1_1  |        0|  15|     0|    51|    0|
    |mul_64ns_66ns_129_1_1_U13  |mul_64ns_66ns_129_1_1  |        0|  15|     0|    51|    0|
    |mul_64ns_66ns_129_1_1_U14  |mul_64ns_66ns_129_1_1  |        0|  15|     0|    51|    0|
    |mul_64ns_66ns_129_1_1_U15  |mul_64ns_66ns_129_1_1  |        0|  15|     0|    51|    0|
    |mul_64ns_66ns_129_1_1_U16  |mul_64ns_66ns_129_1_1  |        0|  15|     0|    51|    0|
    |urem_64s_6ns_5_68_1_U1     |urem_64s_6ns_5_68_1    |        0|   0|  8651|  6607|    0|
    |urem_64s_6ns_5_68_1_U2     |urem_64s_6ns_5_68_1    |        0|   0|  8651|  6607|    0|
    |urem_64s_6ns_5_68_1_U3     |urem_64s_6ns_5_68_1    |        0|   0|  8651|  6607|    0|
    |urem_64s_6ns_5_68_1_U4     |urem_64s_6ns_5_68_1    |        0|   0|  8651|  6607|    0|
    |urem_64s_6ns_5_68_1_U5     |urem_64s_6ns_5_68_1    |        0|   0|  8651|  6607|    0|
    |urem_64s_6ns_5_68_1_U6     |urem_64s_6ns_5_68_1    |        0|   0|  8651|  6607|    0|
    |urem_64s_6ns_5_68_1_U7     |urem_64s_6ns_5_68_1    |        0|   0|  8651|  6607|    0|
    |urem_64s_6ns_5_68_1_U8     |urem_64s_6ns_5_68_1    |        0|   0|  8651|  6607|    0|
    +---------------------------+-----------------------+---------+----+------+------+-----+
    |Total                      |                       |        0| 120| 69208| 53264|    0|
    +---------------------------+-----------------------+---------+----+------+------+-----+

    * DSP: 
    N/A

    * Memory: 
    N/A

    * FIFO: 
    N/A

    * Expression: 
    +----------------------------------+----------+----+---+----+------------+------------+
    |           Variable Name          | Operation| DSP| FF| LUT| Bitwidth P0| Bitwidth P1|
    +----------------------------------+----------+----+---+----+------------+------------+
    |add_ln23_1_fu_2086_p2             |         +|   0|  0|  40|          33|           2|
    |add_ln23_2_fu_2131_p2             |         +|   0|  0|  40|          33|           2|
    |add_ln23_3_fu_2176_p2             |         +|   0|  0|  40|          33|           3|
    |add_ln23_4_fu_2221_p2             |         +|   0|  0|  40|          33|           3|
    |add_ln23_5_fu_2266_p2             |         +|   0|  0|  40|          33|           3|
    |add_ln23_6_fu_2311_p2             |         +|   0|  0|  40|          33|           3|
    |add_ln23_fu_2040_p2               |         +|   0|  0|  40|          33|           1|
    |u_2_fu_2356_p2                    |         +|   0|  0|  39|          32|           4|
    |sub_ln23_1_fu_2591_p2             |         -|   0|  0|  12|           5|           5|
    |sub_ln23_2_fu_2659_p2             |         -|   0|  0|  12|           5|           5|
    |sub_ln23_3_fu_2727_p2             |         -|   0|  0|  12|           5|           5|
    |sub_ln23_4_fu_2795_p2             |         -|   0|  0|  12|           5|           5|
    |sub_ln23_5_fu_2863_p2             |         -|   0|  0|  12|           5|           5|
    |sub_ln23_6_fu_2908_p2             |         -|   0|  0|  12|           5|           5|
    |sub_ln23_7_fu_2953_p2             |         -|   0|  0|  12|           5|           5|
    |sub_ln23_fu_2474_p2               |         -|   0|  0|  12|           5|           5|
    |and_ln18_fu_1980_p2               |       and|   0|  0|   2|           1|           1|
    |ap_block_pp0_stage1_11001         |       and|   0|  0|   2|           1|           1|
    |ap_block_state2_pp0_stage1_iter0  |       and|   0|  0|   2|           1|           1|
    |tmp_nbreadreq_fu_208_p3           |       and|   0|  0|   2|           1|           0|
    |icmp_ln1023_fu_1989_p2            |      icmp|   0|  0|  11|           8|           1|
    |select_ln23_10_fu_2107_p3         |    select|   0|  0|   2|           1|           2|
    |select_ln23_11_fu_2152_p3         |    select|   0|  0|   2|           1|           2|
    |select_ln23_12_fu_2197_p3         |    select|   0|  0|   2|           1|           2|
    |select_ln23_13_fu_2242_p3         |    select|   0|  0|   2|           1|           2|
    |select_ln23_14_fu_2287_p3         |    select|   0|  0|   2|           1|           2|
    |select_ln23_15_fu_2332_p3         |    select|   0|  0|   2|           1|           2|
    |select_ln23_1_fu_2597_p3          |    select|   0|  0|   5|           1|           5|
    |select_ln23_2_fu_2665_p3          |    select|   0|  0|   5|           1|           5|
    |select_ln23_3_fu_2733_p3          |    select|   0|  0|   5|           1|           5|
    |select_ln23_4_fu_2801_p3          |    select|   0|  0|   5|           1|           5|
    |select_ln23_5_fu_2869_p3          |    select|   0|  0|   5|           1|           5|
    |select_ln23_6_fu_2914_p3          |    select|   0|  0|   5|           1|           5|
    |select_ln23_7_fu_2959_p3          |    select|   0|  0|   5|           1|           5|
    |select_ln23_8_fu_2003_p3          |    select|   0|  0|   2|           1|           2|
    |select_ln23_9_fu_2062_p3          |    select|   0|  0|   2|           1|           2|
    |select_ln23_fu_2480_p3            |    select|   0|  0|   5|           1|           5|
    |ap_enable_pp0                     |       xor|   0|  0|   2|           1|           2|
    |xor_ln18_fu_1974_p2               |       xor|   0|  0|   2|           1|           2|
    |xor_ln23_1_fu_2070_p2             |       xor|   0|  0|  33|          33|          33|
    |xor_ln23_2_fu_2115_p2             |       xor|   0|  0|  33|          33|          33|
    |xor_ln23_3_fu_2160_p2             |       xor|   0|  0|  33|          33|          33|
    |xor_ln23_4_fu_2205_p2             |       xor|   0|  0|  33|          33|          33|
    |xor_ln23_5_fu_2250_p2             |       xor|   0|  0|  33|          33|          33|
    |xor_ln23_6_fu_2295_p2             |       xor|   0|  0|  33|          33|          33|
    |xor_ln23_7_fu_2340_p2             |       xor|   0|  0|  33|          33|          33|
    |xor_ln23_fu_2011_p2               |       xor|   0|  0|  32|          32|          32|
    +----------------------------------+----------+----+---+----+------------+------------+
    |Total                             |          |   0|  0| 757|         596|         388|
    +----------------------------------+----------+----+---+----+------------+------------+

    * Multiplexer: 
    +----------------------------------+----+-----------+-----+-----------+
    |               Name               | LUT| Input Size| Bits| Total Bits|
    +----------------------------------+----+-----------+-----+-----------+
    |ap_NS_fsm                         |  49|          9|    1|          9|
    |ap_done_int                       |   9|          2|    1|          2|
    |ap_enable_reg_pp0_iter0           |   9|          2|    1|          2|
    |ap_enable_reg_pp0_iter1           |   9|          2|    1|          2|
    |ap_enable_reg_pp0_iter9           |   9|          2|    1|          2|
    |ap_loop_exit_ready_pp0_iter1_reg  |   9|          2|    1|          2|
    |ap_loop_exit_ready_pp0_iter2_reg  |   9|          2|    1|          2|
    |ap_loop_exit_ready_pp0_iter3_reg  |   9|          2|    1|          2|
    |ap_loop_exit_ready_pp0_iter4_reg  |   9|          2|    1|          2|
    |ap_loop_exit_ready_pp0_iter5_reg  |   9|          2|    1|          2|
    |ap_loop_exit_ready_pp0_iter6_reg  |   9|          2|    1|          2|
    |ap_loop_exit_ready_pp0_iter7_reg  |   9|          2|    1|          2|
    |ap_loop_exit_ready_pp0_iter8_reg  |   9|          2|    1|          2|
    |ap_sig_allocacmp_terminate_1      |   9|          2|    1|          2|
    |crc_V_10_address0                 |  49|          9|    5|         45|
    |crc_V_10_d0                       |  49|          9|    1|          9|
    |crc_V_11_address0                 |  49|          9|    5|         45|
    |crc_V_11_d0                       |  49|          9|    1|          9|
    |crc_V_12_address0                 |  49|          9|    5|         45|
    |crc_V_12_d0                       |  49|          9|    1|          9|
    |crc_V_13_address0                 |  49|          9|    5|         45|
    |crc_V_13_d0                       |  49|          9|    1|          9|
    |crc_V_14_address0                 |  49|          9|    5|         45|
    |crc_V_14_d0                       |  49|          9|    1|          9|
    |crc_V_15_address0                 |  49|          9|    5|         45|
    |crc_V_15_d0                       |  49|          9|    1|          9|
    |crc_V_16_address0                 |  49|          9|    5|         45|
    |crc_V_16_d0                       |  49|          9|    1|          9|
    |crc_V_17_address0                 |  49|          9|    5|         45|
    |crc_V_17_d0                       |  49|          9|    1|          9|
    |crc_V_18_address0                 |  49|          9|    5|         45|
    |crc_V_18_d0                       |  49|          9|    1|          9|
    |crc_V_19_address0                 |  49|          9|    5|         45|
    |crc_V_19_d0                       |  49|          9|    1|          9|
    |crc_V_1_address0                  |  49|          9|    5|         45|
    |crc_V_1_d0                        |  49|          9|    1|          9|
    |crc_V_20_address0                 |  49|          9|    5|         45|
    |crc_V_20_d0                       |  49|          9|    1|          9|
    |crc_V_21_address0                 |  49|          9|    5|         45|
    |crc_V_21_d0                       |  49|          9|    1|          9|
    |crc_V_22_address0                 |  49|          9|    5|         45|
    |crc_V_22_d0                       |  49|          9|    1|          9|
    |crc_V_23_address0                 |  49|          9|    5|         45|
    |crc_V_23_d0                       |  49|          9|    1|          9|
    |crc_V_24_address0                 |  49|          9|    5|         45|
    |crc_V_24_d0                       |  49|          9|    1|          9|
    |crc_V_2_address0                  |  49|          9|    5|         45|
    |crc_V_2_d0                        |  49|          9|    1|          9|
    |crc_V_3_address0                  |  49|          9|    5|         45|
    |crc_V_3_d0                        |  49|          9|    1|          9|
    |crc_V_4_address0                  |  49|          9|    5|         45|
    |crc_V_4_d0                        |  49|          9|    1|          9|
    |crc_V_5_address0                  |  49|          9|    5|         45|
    |crc_V_5_d0                        |  49|          9|    1|          9|
    |crc_V_6_address0                  |  49|          9|    5|         45|
    |crc_V_6_d0                        |  49|          9|    1|          9|
    |crc_V_7_address0                  |  49|          9|    5|         45|
    |crc_V_7_d0                        |  49|          9|    1|          9|
    |crc_V_8_address0                  |  49|          9|    5|         45|
    |crc_V_8_d0                        |  49|          9|    1|          9|
    |crc_V_9_address0                  |  49|          9|    5|         45|
    |crc_V_9_d0                        |  49|          9|    1|          9|
    |crc_V_address0                    |  49|          9|    5|         45|
    |crc_V_d0                          |  49|          9|    1|          9|
    |input_r_TDATA_blk_n               |   9|          2|    1|          2|
    |u_fu_200                          |   9|          2|   32|         64|
    +----------------------------------+----+-----------+-----+-----------+
    |Total                             |2634|        489|  197|       1451|
    +----------------------------------+----+-----------+-----+-----------+

    * Register: 
    +----------------------------------+----+----+-----+-----------+
    |               Name               | FF | LUT| Bits| Const Bits|
    +----------------------------------+----+----+-----+-----------+
    |add_ln23_1_reg_3077               |  33|   0|   33|          0|
    |add_ln23_2_reg_3092               |  33|   0|   33|          0|
    |add_ln23_3_reg_3107               |  33|   0|   33|          0|
    |add_ln23_4_reg_3122               |  33|   0|   33|          0|
    |add_ln23_5_reg_3137               |  33|   0|   33|          0|
    |add_ln23_6_reg_3152               |  33|   0|   33|          0|
    |add_ln23_reg_3062                 |  33|   0|   33|          0|
    |and_ln18_reg_3018                 |   1|   0|    1|          0|
    |ap_CS_fsm                         |   8|   0|    8|          0|
    |ap_done_reg                       |   1|   0|    1|          0|
    |ap_enable_reg_pp0_iter0_reg       |   1|   0|    1|          0|
    |ap_enable_reg_pp0_iter1           |   1|   0|    1|          0|
    |ap_enable_reg_pp0_iter2           |   1|   0|    1|          0|
    |ap_enable_reg_pp0_iter3           |   1|   0|    1|          0|
    |ap_enable_reg_pp0_iter4           |   1|   0|    1|          0|
    |ap_enable_reg_pp0_iter5           |   1|   0|    1|          0|
    |ap_enable_reg_pp0_iter6           |   1|   0|    1|          0|
    |ap_enable_reg_pp0_iter7           |   1|   0|    1|          0|
    |ap_enable_reg_pp0_iter8           |   1|   0|    1|          0|
    |ap_enable_reg_pp0_iter9           |   1|   0|    1|          0|
    |ap_loop_exit_ready_pp0_iter1_reg  |   1|   0|    1|          0|
    |ap_loop_exit_ready_pp0_iter2_reg  |   1|   0|    1|          0|
    |ap_loop_exit_ready_pp0_iter3_reg  |   1|   0|    1|          0|
    |ap_loop_exit_ready_pp0_iter4_reg  |   1|   0|    1|          0|
    |ap_loop_exit_ready_pp0_iter5_reg  |   1|   0|    1|          0|
    |ap_loop_exit_ready_pp0_iter6_reg  |   1|   0|    1|          0|
    |ap_loop_exit_ready_pp0_iter7_reg  |   1|   0|    1|          0|
    |ap_loop_exit_ready_pp0_iter8_reg  |   1|   0|    1|          0|
    |d_V_reg_3031                      |   8|   0|    8|          0|
    |icmp_ln1023_reg_3043              |   1|   0|    1|          0|
    |sext_ln628_reg_3052               |  33|   0|   33|          0|
    |terminate_fu_196                  |   1|   0|    1|          0|
    |tmp_22_reg_3167                   |   1|   0|    1|          0|
    |tmp_24_reg_3172                   |  60|   0|   60|          0|
    |tmp_25_reg_3190                   |   1|   0|    1|          0|
    |tmp_26_reg_3067                   |   1|   0|    1|          0|
    |tmp_28_reg_3177                   |  60|   0|   60|          0|
    |tmp_29_reg_3219                   |   1|   0|    1|          0|
    |tmp_30_reg_3082                   |   1|   0|    1|          0|
    |tmp_32_reg_3182                   |  60|   0|   60|          0|
    |tmp_33_reg_3248                   |   1|   0|    1|          0|
    |tmp_34_reg_3097                   |   1|   0|    1|          0|
    |tmp_36_reg_3277                   |  60|   0|   60|          0|
    |tmp_37_reg_3282                   |   1|   0|    1|          0|
    |tmp_38_reg_3112                   |   1|   0|    1|          0|
    |tmp_40_reg_3401                   |  60|   0|   60|          0|
    |tmp_41_reg_3311                   |   1|   0|    1|          0|
    |tmp_42_reg_3127                   |   1|   0|    1|          0|
    |tmp_44_reg_3409                   |  60|   0|   60|          0|
    |tmp_45_reg_3340                   |   1|   0|    1|          0|
    |tmp_46_reg_3142                   |   1|   0|    1|          0|
    |tmp_48_reg_3417                   |  60|   0|   60|          0|
    |tmp_49_reg_3369                   |   1|   0|    1|          0|
    |tmp_50_reg_3157                   |   1|   0|    1|          0|
    |tmp_52_reg_3425                   |  60|   0|   60|          0|
    |u_1_reg_3022                      |  32|   0|   32|          0|
    |u_fu_200                          |  32|   0|   32|          0|
    |add_ln23_1_reg_3077               |  64|  32|   33|          0|
    |add_ln23_2_reg_3092               |  64|  32|   33|          0|
    |add_ln23_3_reg_3107               |  64|  32|   33|          0|
    |add_ln23_4_reg_3122               |  64|  32|   33|          0|
    |add_ln23_5_reg_3137               |  64|  32|   33|          0|
    |add_ln23_6_reg_3152               |  64|  32|   33|          0|
    |add_ln23_reg_3062                 |  64|  32|   33|          0|
    |and_ln18_reg_3018                 |  64|  32|    1|          0|
    |d_V_reg_3031                      |  64|  32|    8|          0|
    |icmp_ln1023_reg_3043              |  64|  32|    1|          0|
    |tmp_26_reg_3067                   |  64|  32|    1|          0|
    |tmp_30_reg_3082                   |  64|  32|    1|          0|
    |tmp_34_reg_3097                   |  64|  32|    1|          0|
    |tmp_38_reg_3112                   |  64|  32|    1|          0|
    |tmp_42_reg_3127                   |  64|  32|    1|          0|
    |tmp_46_reg_3142                   |  64|  32|    1|          0|
    |tmp_50_reg_3157                   |  64|  32|    1|          0|
    |u_1_reg_3022                      |  64|  32|   32|          0|
    +----------------------------------+----+----+-----+-----------+
    |Total                             |2013| 576| 1141|          0|
    +----------------------------------+----+----+-----+-----------+



================================================================
== Interface
================================================================
* Summary: 
+-------------------+-----+-----+------------+-----------------------+--------------+
|     RTL Ports     | Dir | Bits|  Protocol  |     Source Object     |    C Type    |
+-------------------+-----+-----+------------+-----------------------+--------------+
|ap_clk             |   in|    1|  ap_ctrl_hs|  crc24a_Pipeline_loop1|  return value|
|ap_rst             |   in|    1|  ap_ctrl_hs|  crc24a_Pipeline_loop1|  return value|
|ap_start           |   in|    1|  ap_ctrl_hs|  crc24a_Pipeline_loop1|  return value|
|ap_done            |  out|    1|  ap_ctrl_hs|  crc24a_Pipeline_loop1|  return value|
|ap_idle            |  out|    1|  ap_ctrl_hs|  crc24a_Pipeline_loop1|  return value|
|ap_ready           |  out|    1|  ap_ctrl_hs|  crc24a_Pipeline_loop1|  return value|
|input_r_TDATA      |   in|    8|        axis|                input_r|       pointer|
|input_r_TVALID     |   in|    1|        axis|                input_r|       pointer|
|input_r_TREADY     |  out|    1|        axis|                input_r|       pointer|
|crc_V_address0     |  out|    5|   ap_memory|                  crc_V|         array|
|crc_V_ce0          |  out|    1|   ap_memory|                  crc_V|         array|
|crc_V_we0          |  out|    1|   ap_memory|                  crc_V|         array|
|crc_V_d0           |  out|    1|   ap_memory|                  crc_V|         array|
|crc_V_1_address0   |  out|    5|   ap_memory|                crc_V_1|         array|
|crc_V_1_ce0        |  out|    1|   ap_memory|                crc_V_1|         array|
|crc_V_1_we0        |  out|    1|   ap_memory|                crc_V_1|         array|
|crc_V_1_d0         |  out|    1|   ap_memory|                crc_V_1|         array|
|crc_V_2_address0   |  out|    5|   ap_memory|                crc_V_2|         array|
|crc_V_2_ce0        |  out|    1|   ap_memory|                crc_V_2|         array|
|crc_V_2_we0        |  out|    1|   ap_memory|                crc_V_2|         array|
|crc_V_2_d0         |  out|    1|   ap_memory|                crc_V_2|         array|
|crc_V_3_address0   |  out|    5|   ap_memory|                crc_V_3|         array|
|crc_V_3_ce0        |  out|    1|   ap_memory|                crc_V_3|         array|
|crc_V_3_we0        |  out|    1|   ap_memory|                crc_V_3|         array|
|crc_V_3_d0         |  out|    1|   ap_memory|                crc_V_3|         array|
|crc_V_4_address0   |  out|    5|   ap_memory|                crc_V_4|         array|
|crc_V_4_ce0        |  out|    1|   ap_memory|                crc_V_4|         array|
|crc_V_4_we0        |  out|    1|   ap_memory|                crc_V_4|         array|
|crc_V_4_d0         |  out|    1|   ap_memory|                crc_V_4|         array|
|crc_V_5_address0   |  out|    5|   ap_memory|                crc_V_5|         array|
|crc_V_5_ce0        |  out|    1|   ap_memory|                crc_V_5|         array|
|crc_V_5_we0        |  out|    1|   ap_memory|                crc_V_5|         array|
|crc_V_5_d0         |  out|    1|   ap_memory|                crc_V_5|         array|
|crc_V_6_address0   |  out|    5|   ap_memory|                crc_V_6|         array|
|crc_V_6_ce0        |  out|    1|   ap_memory|                crc_V_6|         array|
|crc_V_6_we0        |  out|    1|   ap_memory|                crc_V_6|         array|
|crc_V_6_d0         |  out|    1|   ap_memory|                crc_V_6|         array|
|crc_V_7_address0   |  out|    5|   ap_memory|                crc_V_7|         array|
|crc_V_7_ce0        |  out|    1|   ap_memory|                crc_V_7|         array|
|crc_V_7_we0        |  out|    1|   ap_memory|                crc_V_7|         array|
|crc_V_7_d0         |  out|    1|   ap_memory|                crc_V_7|         array|
|crc_V_8_address0   |  out|    5|   ap_memory|                crc_V_8|         array|
|crc_V_8_ce0        |  out|    1|   ap_memory|                crc_V_8|         array|
|crc_V_8_we0        |  out|    1|   ap_memory|                crc_V_8|         array|
|crc_V_8_d0         |  out|    1|   ap_memory|                crc_V_8|         array|
|crc_V_9_address0   |  out|    5|   ap_memory|                crc_V_9|         array|
|crc_V_9_ce0        |  out|    1|   ap_memory|                crc_V_9|         array|
|crc_V_9_we0        |  out|    1|   ap_memory|                crc_V_9|         array|
|crc_V_9_d0         |  out|    1|   ap_memory|                crc_V_9|         array|
|crc_V_10_address0  |  out|    5|   ap_memory|               crc_V_10|         array|
|crc_V_10_ce0       |  out|    1|   ap_memory|               crc_V_10|         array|
|crc_V_10_we0       |  out|    1|   ap_memory|               crc_V_10|         array|
|crc_V_10_d0        |  out|    1|   ap_memory|               crc_V_10|         array|
|crc_V_11_address0  |  out|    5|   ap_memory|               crc_V_11|         array|
|crc_V_11_ce0       |  out|    1|   ap_memory|               crc_V_11|         array|
|crc_V_11_we0       |  out|    1|   ap_memory|               crc_V_11|         array|
|crc_V_11_d0        |  out|    1|   ap_memory|               crc_V_11|         array|
|crc_V_12_address0  |  out|    5|   ap_memory|               crc_V_12|         array|
|crc_V_12_ce0       |  out|    1|   ap_memory|               crc_V_12|         array|
|crc_V_12_we0       |  out|    1|   ap_memory|               crc_V_12|         array|
|crc_V_12_d0        |  out|    1|   ap_memory|               crc_V_12|         array|
|crc_V_13_address0  |  out|    5|   ap_memory|               crc_V_13|         array|
|crc_V_13_ce0       |  out|    1|   ap_memory|               crc_V_13|         array|
|crc_V_13_we0       |  out|    1|   ap_memory|               crc_V_13|         array|
|crc_V_13_d0        |  out|    1|   ap_memory|               crc_V_13|         array|
|crc_V_14_address0  |  out|    5|   ap_memory|               crc_V_14|         array|
|crc_V_14_ce0       |  out|    1|   ap_memory|               crc_V_14|         array|
|crc_V_14_we0       |  out|    1|   ap_memory|               crc_V_14|         array|
|crc_V_14_d0        |  out|    1|   ap_memory|               crc_V_14|         array|
|crc_V_15_address0  |  out|    5|   ap_memory|               crc_V_15|         array|
|crc_V_15_ce0       |  out|    1|   ap_memory|               crc_V_15|         array|
|crc_V_15_we0       |  out|    1|   ap_memory|               crc_V_15|         array|
|crc_V_15_d0        |  out|    1|   ap_memory|               crc_V_15|         array|
|crc_V_16_address0  |  out|    5|   ap_memory|               crc_V_16|         array|
|crc_V_16_ce0       |  out|    1|   ap_memory|               crc_V_16|         array|
|crc_V_16_we0       |  out|    1|   ap_memory|               crc_V_16|         array|
|crc_V_16_d0        |  out|    1|   ap_memory|               crc_V_16|         array|
|crc_V_17_address0  |  out|    5|   ap_memory|               crc_V_17|         array|
|crc_V_17_ce0       |  out|    1|   ap_memory|               crc_V_17|         array|
|crc_V_17_we0       |  out|    1|   ap_memory|               crc_V_17|         array|
|crc_V_17_d0        |  out|    1|   ap_memory|               crc_V_17|         array|
|crc_V_18_address0  |  out|    5|   ap_memory|               crc_V_18|         array|
|crc_V_18_ce0       |  out|    1|   ap_memory|               crc_V_18|         array|
|crc_V_18_we0       |  out|    1|   ap_memory|               crc_V_18|         array|
|crc_V_18_d0        |  out|    1|   ap_memory|               crc_V_18|         array|
|crc_V_19_address0  |  out|    5|   ap_memory|               crc_V_19|         array|
|crc_V_19_ce0       |  out|    1|   ap_memory|               crc_V_19|         array|
|crc_V_19_we0       |  out|    1|   ap_memory|               crc_V_19|         array|
|crc_V_19_d0        |  out|    1|   ap_memory|               crc_V_19|         array|
|crc_V_20_address0  |  out|    5|   ap_memory|               crc_V_20|         array|
|crc_V_20_ce0       |  out|    1|   ap_memory|               crc_V_20|         array|
|crc_V_20_we0       |  out|    1|   ap_memory|               crc_V_20|         array|
|crc_V_20_d0        |  out|    1|   ap_memory|               crc_V_20|         array|
|crc_V_21_address0  |  out|    5|   ap_memory|               crc_V_21|         array|
|crc_V_21_ce0       |  out|    1|   ap_memory|               crc_V_21|         array|
|crc_V_21_we0       |  out|    1|   ap_memory|               crc_V_21|         array|
|crc_V_21_d0        |  out|    1|   ap_memory|               crc_V_21|         array|
|crc_V_22_address0  |  out|    5|   ap_memory|               crc_V_22|         array|
|crc_V_22_ce0       |  out|    1|   ap_memory|               crc_V_22|         array|
|crc_V_22_we0       |  out|    1|   ap_memory|               crc_V_22|         array|
|crc_V_22_d0        |  out|    1|   ap_memory|               crc_V_22|         array|
|crc_V_23_address0  |  out|    5|   ap_memory|               crc_V_23|         array|
|crc_V_23_ce0       |  out|    1|   ap_memory|               crc_V_23|         array|
|crc_V_23_we0       |  out|    1|   ap_memory|               crc_V_23|         array|
|crc_V_23_d0        |  out|    1|   ap_memory|               crc_V_23|         array|
|crc_V_24_address0  |  out|    5|   ap_memory|               crc_V_24|         array|
|crc_V_24_ce0       |  out|    1|   ap_memory|               crc_V_24|         array|
|crc_V_24_we0       |  out|    1|   ap_memory|               crc_V_24|         array|
|crc_V_24_d0        |  out|    1|   ap_memory|               crc_V_24|         array|
|last_V_out         |  out|    8|      ap_vld|             last_V_out|       pointer|
|last_V_out_ap_vld  |  out|    1|      ap_vld|             last_V_out|       pointer|
|u_out              |  out|   32|      ap_vld|                  u_out|       pointer|
|u_out_ap_vld       |  out|    1|      ap_vld|                  u_out|       pointer|
+-------------------+-----+-----+------------+-----------------------+--------------+

