This is pdfTeX, Version 3.141592653-2.6-1.40.22 (TeX Live 2022/dev/Debian) (preloaded format=pdflatex 2023.5.31)  10 JUL 2023 16:18
entering extended mode
 restricted \write18 enabled.
 %&-line parsing enabled.
**part2.tex
(./part2.tex
LaTeX2e <2021-11-15> patch level 1
L3 programming layer <2022-01-21>
(/usr/share/texlive/texmf-dist/tex/latex/base/article.cls
Document Class: article 2021/10/04 v1.4n Standard LaTeX document class
(/usr/share/texlive/texmf-dist/tex/latex/base/size10.clo
File: size10.clo 2021/10/04 v1.4n Standard LaTeX file (size option)
)
\c@part=\count185
\c@section=\count186
\c@subsection=\count187
\c@subsubsection=\count188
\c@paragraph=\count189
\c@subparagraph=\count190
\c@figure=\count191
\c@table=\count192
\abovecaptionskip=\skip47
\belowcaptionskip=\skip48
\bibindent=\dimen138
)
(/usr/share/texlive/texmf-dist/tex/latex/graphics/graphicx.sty
Package: graphicx 2021/09/16 v1.2d Enhanced LaTeX Graphics (DPC,SPQR)

(/usr/share/texlive/texmf-dist/tex/latex/graphics/keyval.sty
Package: keyval 2014/10/28 v1.15 key=value parser (DPC)
\KV@toks@=\toks16
)
(/usr/share/texlive/texmf-dist/tex/latex/graphics/graphics.sty
Package: graphics 2021/03/04 v1.4d Standard LaTeX Graphics (DPC,SPQR)

(/usr/share/texlive/texmf-dist/tex/latex/graphics/trig.sty
Package: trig 2021/08/11 v1.11 sin cos tan (DPC)
)
(/usr/share/texlive/texmf-dist/tex/latex/graphics-cfg/graphics.cfg
File: graphics.cfg 2016/06/04 v1.11 sample graphics configuration
)
Package graphics Info: Driver file: pdftex.def on input line 107.

(/usr/share/texlive/texmf-dist/tex/latex/graphics-def/pdftex.def
File: pdftex.def 2020/10/05 v1.2a Graphics/color driver for pdftex
))
\Gin@req@height=\dimen139
\Gin@req@width=\dimen140
)
(/usr/share/texlive/texmf-dist/tex/latex/caption/caption.sty
Package: caption 2020/10/26 v3.5g Customizing captions (AR)

(/usr/share/texlive/texmf-dist/tex/latex/caption/caption3.sty
Package: caption3 2020/10/21 v2.2e caption3 kernel (AR)
\captionmargin=\dimen141
\captionmargin@=\dimen142
\captionwidth=\dimen143
\caption@tempdima=\dimen144
\caption@indent=\dimen145
\caption@parindent=\dimen146
\caption@hangindent=\dimen147
Package caption Info: Standard document class detected.
)
\c@caption@flags=\count193
\c@continuedfloat=\count194
)
(/usr/share/texlive/texmf-dist/tex/latex/geometry/geometry.sty
Package: geometry 2020/01/02 v5.9 Page Geometry

(/usr/share/texlive/texmf-dist/tex/generic/iftex/ifvtex.sty
Package: ifvtex 2019/10/25 v1.7 ifvtex legacy package. Use iftex instead.

(/usr/share/texlive/texmf-dist/tex/generic/iftex/iftex.sty
Package: iftex 2020/03/06 v1.0d TeX engine tests
))
\Gm@cnth=\count195
\Gm@cntv=\count196
\c@Gm@tempcnt=\count197
\Gm@bindingoffset=\dimen148
\Gm@wd@mp=\dimen149
\Gm@odd@mp=\dimen150
\Gm@even@mp=\dimen151
\Gm@layoutwidth=\dimen152
\Gm@layoutheight=\dimen153
\Gm@layouthoffset=\dimen154
\Gm@layoutvoffset=\dimen155
\Gm@dimlist=\toks17
)
(/usr/share/texlive/texmf-dist/tex/latex/caption/subcaption.sty
Package: subcaption 2020/10/07 v1.3j Sub-captions (AR)
\c@subfigure=\count198
\c@subtable=\count199
)
(/usr/share/texlive/texmf-dist/tex/latex/hyperref/hyperref.sty
Package: hyperref 2021-06-07 v7.00m Hypertext links for LaTeX

(/usr/share/texlive/texmf-dist/tex/generic/ltxcmds/ltxcmds.sty
Package: ltxcmds 2020-05-10 v1.25 LaTeX kernel commands for general use (HO)
)
(/usr/share/texlive/texmf-dist/tex/generic/pdftexcmds/pdftexcmds.sty
Package: pdftexcmds 2020-06-27 v0.33 Utility functions of pdfTeX for LuaTeX (HO
)

(/usr/share/texlive/texmf-dist/tex/generic/infwarerr/infwarerr.sty
Package: infwarerr 2019/12/03 v1.5 Providing info/warning/error messages (HO)
)
Package pdftexcmds Info: \pdf@primitive is available.
Package pdftexcmds Info: \pdf@ifprimitive is available.
Package pdftexcmds Info: \pdfdraftmode found.
)
(/usr/share/texlive/texmf-dist/tex/generic/kvsetkeys/kvsetkeys.sty
Package: kvsetkeys 2019/12/15 v1.18 Key value parser (HO)
)
(/usr/share/texlive/texmf-dist/tex/generic/kvdefinekeys/kvdefinekeys.sty
Package: kvdefinekeys 2019-12-19 v1.6 Define keys (HO)
)
(/usr/share/texlive/texmf-dist/tex/generic/pdfescape/pdfescape.sty
Package: pdfescape 2019/12/09 v1.15 Implements pdfTeX's escape features (HO)
)
(/usr/share/texlive/texmf-dist/tex/latex/hycolor/hycolor.sty
Package: hycolor 2020-01-27 v1.10 Color options for hyperref/bookmark (HO)
)
(/usr/share/texlive/texmf-dist/tex/latex/letltxmacro/letltxmacro.sty
Package: letltxmacro 2019/12/03 v1.6 Let assignment for LaTeX macros (HO)
)
(/usr/share/texlive/texmf-dist/tex/latex/auxhook/auxhook.sty
Package: auxhook 2019-12-17 v1.6 Hooks for auxiliary files (HO)
)
(/usr/share/texlive/texmf-dist/tex/latex/kvoptions/kvoptions.sty
Package: kvoptions 2020-10-07 v3.14 Key value format for package options (HO)
)
\@linkdim=\dimen156
\Hy@linkcounter=\count266
\Hy@pagecounter=\count267

(/usr/share/texlive/texmf-dist/tex/latex/hyperref/pd1enc.def
File: pd1enc.def 2021-06-07 v7.00m Hyperref: PDFDocEncoding definition (HO)
Now handling font encoding PD1 ...
... no UTF-8 mapping file for font encoding PD1
)
(/usr/share/texlive/texmf-dist/tex/latex/hyperref/hyperref-langpatches.def
File: hyperref-langpatches.def 2021-06-07 v7.00m Hyperref: patches for babel la
nguages
)
(/usr/share/texlive/texmf-dist/tex/generic/intcalc/intcalc.sty
Package: intcalc 2019/12/15 v1.3 Expandable calculations with integers (HO)
)
(/usr/share/texlive/texmf-dist/tex/generic/etexcmds/etexcmds.sty
Package: etexcmds 2019/12/15 v1.7 Avoid name clashes with e-TeX commands (HO)
)
\Hy@SavedSpaceFactor=\count268

(/usr/share/texlive/texmf-dist/tex/latex/hyperref/puenc.def
File: puenc.def 2021-06-07 v7.00m Hyperref: PDF Unicode definition (HO)
Now handling font encoding PU ...
... no UTF-8 mapping file for font encoding PU
)
Package hyperref Info: Hyper figures OFF on input line 4192.
Package hyperref Info: Link nesting OFF on input line 4197.
Package hyperref Info: Hyper index ON on input line 4200.
Package hyperref Info: Plain pages OFF on input line 4207.
Package hyperref Info: Backreferencing OFF on input line 4212.
Package hyperref Info: Implicit mode ON; LaTeX internals redefined.
Package hyperref Info: Bookmarks ON on input line 4445.
\c@Hy@tempcnt=\count269

(/usr/share/texlive/texmf-dist/tex/latex/url/url.sty
\Urlmuskip=\muskip16
Package: url 2013/09/16  ver 3.4  Verb mode for urls, etc.
)
LaTeX Info: Redefining \url on input line 4804.
\XeTeXLinkMargin=\dimen157

(/usr/share/texlive/texmf-dist/tex/generic/bitset/bitset.sty
Package: bitset 2019/12/09 v1.3 Handle bit-vector datatype (HO)

(/usr/share/texlive/texmf-dist/tex/generic/bigintcalc/bigintcalc.sty
Package: bigintcalc 2019/12/15 v1.5 Expandable calculations on big integers (HO
)
))
\Fld@menulength=\count270
\Field@Width=\dimen158
\Fld@charsize=\dimen159
Package hyperref Info: Hyper figures OFF on input line 6076.
Package hyperref Info: Link nesting OFF on input line 6081.
Package hyperref Info: Hyper index ON on input line 6084.
Package hyperref Info: backreferencing OFF on input line 6091.
Package hyperref Info: Link coloring OFF on input line 6096.
Package hyperref Info: Link coloring with OCG OFF on input line 6101.
Package hyperref Info: PDF/A mode OFF on input line 6106.
LaTeX Info: Redefining \ref on input line 6146.
LaTeX Info: Redefining \pageref on input line 6150.

(/usr/share/texlive/texmf-dist/tex/latex/base/atbegshi-ltx.sty
Package: atbegshi-ltx 2021/01/10 v1.0c Emulation of the original atbegshi
package with kernel methods
)
\Hy@abspage=\count271
\c@Item=\count272
\c@Hfootnote=\count273
)
Package hyperref Info: Driver (autodetected): hpdftex.

(/usr/share/texlive/texmf-dist/tex/latex/hyperref/hpdftex.def
File: hpdftex.def 2021-06-07 v7.00m Hyperref driver for pdfTeX

(/usr/share/texlive/texmf-dist/tex/latex/base/atveryend-ltx.sty
Package: atveryend-ltx 2020/08/19 v1.0a Emulation of the original atveryend pac
kage
with kernel methods
)
\Fld@listcount=\count274
\c@bookmark@seq@number=\count275

(/usr/share/texlive/texmf-dist/tex/latex/rerunfilecheck/rerunfilecheck.sty
Package: rerunfilecheck 2019/12/05 v1.9 Rerun checks for auxiliary files (HO)

(/usr/share/texlive/texmf-dist/tex/generic/uniquecounter/uniquecounter.sty
Package: uniquecounter 2019/12/15 v1.4 Provide unlimited unique counter (HO)
)
Package uniquecounter Info: New unique counter `rerunfilecheck' on input line 2
86.
)
\Hy@SectionHShift=\skip49
)
(/usr/share/texlive/texmf-dist/tex/latex/listings/listings.sty
\lst@mode=\count276
\lst@gtempboxa=\box50
\lst@token=\toks18
\lst@length=\count277
\lst@currlwidth=\dimen160
\lst@column=\count278
\lst@pos=\count279
\lst@lostspace=\dimen161
\lst@width=\dimen162
\lst@newlines=\count280
\lst@lineno=\count281
\lst@maxwidth=\dimen163

(/usr/share/texlive/texmf-dist/tex/latex/listings/lstmisc.sty
File: lstmisc.sty 2020/03/24 1.8d (Carsten Heinz)
\c@lstnumber=\count282
\lst@skipnumbers=\count283
\lst@framebox=\box51
)
(/usr/share/texlive/texmf-dist/tex/latex/listings/listings.cfg
File: listings.cfg 2020/03/24 1.8d listings configuration
))
Package: listings 2020/03/24 1.8d (Carsten Heinz)

(/usr/share/texlive/texmf-dist/tex/latex/l3backend/l3backend-pdftex.def
File: l3backend-pdftex.def 2022-01-12 L3 backend support: PDF output (pdfTeX)
\l__color_backend_stack_int=\count284
\l__pdf_internal_box=\box52
)
(./part2.aux

LaTeX Warning: Label `fig:my_label' multiply defined.


LaTeX Warning: Label `sub@fig:my_label' multiply defined.


LaTeX Warning: Label `fig:my_label' multiply defined.


LaTeX Warning: Label `sub@fig:my_label' multiply defined.


LaTeX Warning: Label `fig:my_label' multiply defined.


LaTeX Warning: Label `sub@fig:my_label' multiply defined.


LaTeX Warning: Label `fig:my_label' multiply defined.


LaTeX Warning: Label `fig:my_label' multiply defined.


LaTeX Warning: Label `fig:my_label' multiply defined.


LaTeX Warning: Label `sub@fig:my_label' multiply defined.


LaTeX Warning: Label `fig:my_label' multiply defined.


LaTeX Warning: Label `sub@fig:my_label' multiply defined.


LaTeX Warning: Label `fig:my_label' multiply defined.


LaTeX Warning: Label `fig:my_label' multiply defined.

)
\openout1 = `part2.aux'.

LaTeX Font Info:    Checking defaults for OML/cmm/m/it on input line 18.
LaTeX Font Info:    ... okay on input line 18.
LaTeX Font Info:    Checking defaults for OMS/cmsy/m/n on input line 18.
LaTeX Font Info:    ... okay on input line 18.
LaTeX Font Info:    Checking defaults for OT1/cmr/m/n on input line 18.
LaTeX Font Info:    ... okay on input line 18.
LaTeX Font Info:    Checking defaults for T1/cmr/m/n on input line 18.
LaTeX Font Info:    ... okay on input line 18.
LaTeX Font Info:    Checking defaults for TS1/cmr/m/n on input line 18.
LaTeX Font Info:    ... okay on input line 18.
LaTeX Font Info:    Checking defaults for OMX/cmex/m/n on input line 18.
LaTeX Font Info:    ... okay on input line 18.
LaTeX Font Info:    Checking defaults for U/cmr/m/n on input line 18.
LaTeX Font Info:    ... okay on input line 18.
LaTeX Font Info:    Checking defaults for PD1/pdf/m/n on input line 18.
LaTeX Font Info:    ... okay on input line 18.
LaTeX Font Info:    Checking defaults for PU/pdf/m/n on input line 18.
LaTeX Font Info:    ... okay on input line 18.
 (/usr/share/texlive/texmf-dist/tex/context/base/mkii/supp-pdf.mkii
[Loading MPS to PDF converter (version 2006.09.02).]
\scratchcounter=\count285
\scratchdimen=\dimen164
\scratchbox=\box53
\nofMPsegments=\count286
\nofMParguments=\count287
\everyMPshowfont=\toks19
\MPscratchCnt=\count288
\MPscratchDim=\dimen165
\MPnumerator=\count289
\makeMPintoPDFobject=\count290
\everyMPtoPDFconversion=\toks20
) (/usr/share/texlive/texmf-dist/tex/latex/epstopdf-pkg/epstopdf-base.sty
Package: epstopdf-base 2020-01-24 v2.11 Base part for package epstopdf
Package epstopdf-base Info: Redefining graphics rule for `.eps' on input line 4
85.

(/usr/share/texlive/texmf-dist/tex/latex/latexconfig/epstopdf-sys.cfg
File: epstopdf-sys.cfg 2010/07/13 v1.3 Configuration of (r)epstopdf for TeX Liv
e
))
Package caption Info: Begin \AtBeginDocument code.
Package caption Info: hyperref package is loaded.
Package caption Info: listings package is loaded.
Package caption Info: End \AtBeginDocument code.

*geometry* driver: auto-detecting
*geometry* detected driver: pdftex
*geometry* verbose mode - [ preamble ] result:
* driver: pdftex
* paper: a4paper
* layout: <same size as paper>
* layoutoffset:(h,v)=(0.0pt,0.0pt)
* modes: 
* h-part:(L,W,R)=(56.9055pt, 483.69684pt, 56.90553pt)
* v-part:(T,H,B)=(56.9055pt, 731.23582pt, 56.90552pt)
* \paperwidth=597.50787pt
* \paperheight=845.04684pt
* \textwidth=483.69684pt
* \textheight=731.23582pt
* \oddsidemargin=-15.36449pt
* \evensidemargin=-15.36449pt
* \topmargin=-52.36449pt
* \headheight=12.0pt
* \headsep=25.0pt
* \topskip=10.0pt
* \footskip=30.0pt
* \marginparwidth=65.0pt
* \marginparsep=11.0pt
* \columnsep=10.0pt
* \skip\footins=9.0pt plus 4.0pt minus 2.0pt
* \hoffset=0.0pt
* \voffset=0.0pt
* \mag=1000
* \@twocolumnfalse
* \@twosidefalse
* \@mparswitchfalse
* \@reversemarginfalse
* (1in=72.27pt=25.4mm, 1cm=28.453pt)

Package hyperref Info: Link coloring OFF on input line 18.
(/usr/share/texlive/texmf-dist/tex/latex/hyperref/nameref.sty
Package: nameref 2021-04-02 v2.47 Cross-referencing by name of section

(/usr/share/texlive/texmf-dist/tex/latex/refcount/refcount.sty
Package: refcount 2019/12/15 v3.6 Data extraction from label references (HO)
)
(/usr/share/texlive/texmf-dist/tex/generic/gettitlestring/gettitlestring.sty
Package: gettitlestring 2019/12/15 v1.6 Cleanup title references (HO)
)
\c@section@level=\count291
)
LaTeX Info: Redefining \ref on input line 18.
LaTeX Info: Redefining \pageref on input line 18.
LaTeX Info: Redefining \nameref on input line 18.

(./part2.out) (./part2.out)
\@outlinefile=\write3
\openout3 = `part2.out'.

\c@lstlisting=\count292
LaTeX Font Info:    External font `cmex10' loaded for size
(Font)              <12> on input line 21.
LaTeX Font Info:    External font `cmex10' loaded for size
(Font)              <8> on input line 21.
LaTeX Font Info:    External font `cmex10' loaded for size
(Font)              <6> on input line 21.


LaTeX Warning: No \author given.

<figs/p2src1.png, id=48, 647.41875pt x 548.0475pt>
File: figs/p2src1.png Graphic file (type png)
<use figs/p2src1.png>
Package pdftex.def Info: figs/p2src1.png  used on input line 28.
(pdftex.def)             Requested size: 290.22105pt x 245.67413pt.
<figs/p2src2.png, id=50, 647.41875pt x 501.875pt>
File: figs/p2src2.png Graphic file (type png)
<use figs/p2src2.png>
Package pdftex.def Info: figs/p2src2.png  used on input line 34.
(pdftex.def)             Requested size: 290.22105pt x 224.9763pt.
[1

{/var/lib/texmf/fonts/map/pdftex/updmap/pdftex.map} <./figs/p2src1.png> <./figs
/p2src2.png>]
LaTeX Font Info:    Trying to load font information for OMS+cmr on input line 8
6.
 (/usr/share/texlive/texmf-dist/tex/latex/base/omscmr.fd
File: omscmr.fd 2019/12/16 v2.5j Standard LaTeX font definitions
)
LaTeX Font Info:    Font shape `OMS/cmr/m/n' in size <10> not available
(Font)              Font shape `OMS/cmsy/m/n' tried instead on input line 86.

[2]
<figs/p2tbrtl1.png, id=117, 828.09375pt x 820.06375pt>
File: figs/p2tbrtl1.png Graphic file (type png)
<use figs/p2tbrtl1.png>
Package pdftex.def Info: figs/p2tbrtl1.png  used on input line 97.
(pdftex.def)             Requested size: 270.86903pt x 268.24437pt.
<figs/p2tbrtl2.png, id=118, 679.53876pt x 666.49pt>
File: figs/p2tbrtl2.png Graphic file (type png)
<use figs/p2tbrtl2.png>
Package pdftex.def Info: figs/p2tbrtl2.png  used on input line 103.
(pdftex.def)             Requested size: 270.86903pt x 265.66582pt.
 [3 <./figs/p2tbrtl1.png> <./figs/p2tbrtl2.png>]
<figs/p2rtlwav.png, id=126, 1547.7825pt x 611.28375pt>
File: figs/p2rtlwav.png Graphic file (type png)
<use figs/p2rtlwav.png>
Package pdftex.def Info: figs/p2rtlwav.png  used on input line 115.
(pdftex.def)             Requested size: 483.69684pt x 191.03502pt.

Overfull \hbox (8.30817pt too wide) in paragraph at lines 128--129
[][][][][][][][][][][][][][][][][][][][][][][][][][][][][][][] 
 []


Overfull \hbox (14.30823pt too wide) in paragraph at lines 136--137
[][][][][][][][][][][][][][][][][][][][][][][][][][][][][][][][][][] 
 []


Overfull \hbox (14.30823pt too wide) in paragraph at lines 140--141
[][][][][][][][][][][][][][][][][][][][][][][][][][][][][][][][][][][][][] 
 []


Overfull \hbox (2.3081pt too wide) in paragraph at lines 145--146
[][][][][][][][][][][][][][][][][][][][][][][][][][] 
 []


Overfull \hbox (2.3081pt too wide) in paragraph at lines 150--151
[][][][][][][][][][][][][][][][][][][][][][][][][][][][][][][][] 
 []


Overfull \hbox (2.3081pt too wide) in paragraph at lines 152--153
[][][][][][][][][][][][][][][][][][][][][][][][][][][][] 
 []

[4 <./figs/p2rtlwav.png>]
Overfull \hbox (8.30817pt too wide) in paragraph at lines 158--159
[][][][][][][][][][][][][][][][][][][][][][][][][][] 
 []


Overfull \hbox (2.3081pt too wide) in paragraph at lines 160--161
[][][][] 
 []


Overfull \hbox (2.3081pt too wide) in paragraph at lines 161--162
[][][][][][][][][][][][][][][][][][][][][][][][][][][][][][][][][][] 
 []


Overfull \hbox (8.30817pt too wide) in paragraph at lines 162--163
[][][][][][][][][][][][][][][][][][][][][][][][][][][][][][][][][][][][][][][][
] 
 []


Overfull \hbox (2.3081pt too wide) in paragraph at lines 167--168
[][][][] 
 []


Overfull \hbox (2.3081pt too wide) in paragraph at lines 168--169
[][][][][][][][][][][][][][][][][][][][][][][][][][][][] 
 []


Overfull \hbox (8.30817pt too wide) in paragraph at lines 171--172
[][][][][][][][][][][][][][][][][][][][][][][][][][][][][][] 
 []


Overfull \hbox (8.30817pt too wide) in paragraph at lines 172--173
[][][][][][][][][][][][][][][][][][][][][][][][][][][][][] 
 []


Overfull \hbox (8.30817pt too wide) in paragraph at lines 174--175
[][][][][][][][][][][][][][][][][][][][][][][][][][] 
 []


Overfull \hbox (14.30823pt too wide) in paragraph at lines 175--176
[][][][][][][][][][][][][][][][][][][][][][][][][][][] 
 []


Overfull \hbox (14.30823pt too wide) in paragraph at lines 177--178
[][][][][][][][][][][][][][][][][][][][][][][][][][] 
 []


Overfull \hbox (8.30817pt too wide) in paragraph at lines 183--184
[][][][][][][][][][][][][][][][][][][][][][][][][][][][] 
 []


Overfull \hbox (2.3081pt too wide) in paragraph at lines 184--185
[][][][][][][][][][][][][][][][][][][][][][][][][][][] 
 []


Overfull \hbox (2.3081pt too wide) in paragraph at lines 186--187
[][][][] 
 []


Overfull \hbox (2.3081pt too wide) in paragraph at lines 187--188
[][][][][][][][][][][][][][][][][][][][][][][][][][][][][][][][][][] 
 []


Overfull \hbox (8.30817pt too wide) in paragraph at lines 188--189
[][][][][][][][][][][][][][][][][][][][][][][][][][][][][][][][][][][][][][][][
] 
 []


Overfull \hbox (2.3081pt too wide) in paragraph at lines 193--194
[][][][] 
 []


Overfull \hbox (2.3081pt too wide) in paragraph at lines 194--195
[][][][] 
 []


Overfull \hbox (2.3081pt too wide) in paragraph at lines 196--197
[][][][] 
 []


Overfull \hbox (2.3081pt too wide) in paragraph at lines 197--198
[][][][] 
 []


Overfull \hbox (2.3081pt too wide) in paragraph at lines 205--206
[][][][] 
 []


Overfull \hbox (2.3081pt too wide) in paragraph at lines 206--207
[][][][] 
 []


Overfull \hbox (14.30823pt too wide) in paragraph at lines 207--208
[][][][][][][][][][][][][][][][][][][][][][][][][][][][][][][][][][][][] 
 []


Overfull \hbox (8.30817pt too wide) in paragraph at lines 208--209
[][][][][][][][][][][][][][][][][][][][][][][][][][][][][][][][][][][][][][] 
 []


Overfull \hbox (2.3081pt too wide) in paragraph at lines 214--215
[][][][] 
 []

[5]
Overfull \hbox (2.3081pt too wide) in paragraph at lines 224--225
[][][][][][][][][][][][][][][][][][][][][][][][][][][][][][] 
 []


Overfull \hbox (2.3081pt too wide) in paragraph at lines 226--227
[][][][][][][][][][][][][][][][][] 
 []


Overfull \hbox (2.3081pt too wide) in paragraph at lines 230--231
[][][][][][][][][][][][][][][][][][][][][][][][][][][][][][] 
 []


Overfull \hbox (8.30817pt too wide) in paragraph at lines 239--240
[][][][][][][][][][][][][][][][][][][][][][][][][][][][][][][][] 
 []


Overfull \hbox (8.30817pt too wide) in paragraph at lines 240--241
[][][][][][][][][][][][][][][][][][][][][][][][][][][][][][][][][][][][][][][][
] 
 []


Overfull \hbox (8.30817pt too wide) in paragraph at lines 243--244
[][][][][][][][][][][][][][][][][][][][][][][][][][] 
 []


Overfull \hbox (2.3081pt too wide) in paragraph at lines 245--246
[][][][] 
 []


Overfull \hbox (8.30817pt too wide) in paragraph at lines 247--248
[][][][][][][][][][][][][][][][][][][][][][][][][][][][][][][][][][][][][][] 
 []


Overfull \hbox (2.3081pt too wide) in paragraph at lines 253--254
[][][][] 
 []


Overfull \hbox (2.3081pt too wide) in paragraph at lines 254--255
[][][][] 
 []


Overfull \hbox (2.3081pt too wide) in paragraph at lines 256--257
[][][][] 
 []


Overfull \hbox (2.3081pt too wide) in paragraph at lines 259--260
[][][][] 
 []


Overfull \hbox (14.30823pt too wide) in paragraph at lines 260--261
[][][][][][][][][][][][][][][][][][][][][][][][][][][][][][][][][][] 
 []


Overfull \hbox (2.3081pt too wide) in paragraph at lines 267--268
[][][][] 
 []


Overfull \hbox (2.3081pt too wide) in paragraph at lines 268--269
[][][][] 
 []


Overfull \hbox (2.3081pt too wide) in paragraph at lines 270--271
[][][][] 
 []


Overfull \hbox (2.3081pt too wide) in paragraph at lines 271--272
[][][][][][][][][][][][][][][][][][][][][][][][][][] 
 []


Overfull \hbox (2.3081pt too wide) in paragraph at lines 273--274
[][][][][][][][][][][][][][][][][][][][][][] 
 []


Overfull \hbox (2.3081pt too wide) in paragraph at lines 275--276
[][][][] 
 []

[6]
Overfull \hbox (8.30817pt too wide) in paragraph at lines 277--278
[][][][][][][][][][][][][][][][][][][][][][][][][][][][][][][][][][][][] 
 []


Overfull \hbox (2.3081pt too wide) in paragraph at lines 283--284
[][][][] 
 []


Overfull \hbox (2.3081pt too wide) in paragraph at lines 284--285
[][][][] 
 []


Overfull \hbox (14.30823pt too wide) in paragraph at lines 285--286
[][][][][][][][][][][][][][][][][][][][][][][][][][][][][][][][][][][][] 
 []


Overfull \hbox (8.30817pt too wide) in paragraph at lines 286--287
[][][][][][][][][][][][][][][][][][][][][][][][][][][][][][][][][][][][][][] 
 []


Overfull \hbox (2.3081pt too wide) in paragraph at lines 292--293
[][][][] 
 []


Overfull \hbox (2.3081pt too wide) in paragraph at lines 293--294
[][][][] 
 []


Overfull \hbox (2.3081pt too wide) in paragraph at lines 295--296
[][][][] 
 []


Overfull \hbox (2.3081pt too wide) in paragraph at lines 297--298
[][][][] 
 []


Overfull \hbox (2.3081pt too wide) in paragraph at lines 299--300
[][][][] 
 []


Overfull \hbox (2.3081pt too wide) in paragraph at lines 300--301
[][][][] 
 []


Overfull \hbox (2.3081pt too wide) in paragraph at lines 302--303
[][][][] 
 []


Overfull \hbox (2.3081pt too wide) in paragraph at lines 306--307
[][][][] 
 []


Overfull \hbox (2.3081pt too wide) in paragraph at lines 308--309
[][][][] 
 []


Overfull \hbox (2.3081pt too wide) in paragraph at lines 309--310
[][][][] 
 []


Overfull \hbox (2.3081pt too wide) in paragraph at lines 311--312
[][][][] 
 []


Overfull \hbox (2.3081pt too wide) in paragraph at lines 313--314
[][][][] 
 []


Overfull \hbox (8.30817pt too wide) in paragraph at lines 314--315
[][][][][][][][][][][][][][][][][][][][][][][][][][][][][][][][] 
 []


Overfull \hbox (8.30817pt too wide) in paragraph at lines 315--316
[][][][][][][][][][][][][][][][][][][][][][][][][][][][][][][][][][][][][][][][
] 
 []


Overfull \hbox (2.3081pt too wide) in paragraph at lines 321--322
[][][][] 
 []


Overfull \hbox (2.3081pt too wide) in paragraph at lines 322--323
[][][][] 
 []


Overfull \hbox (2.3081pt too wide) in paragraph at lines 324--325
[][][][] 
 []


Overfull \hbox (2.3081pt too wide) in paragraph at lines 325--326
[][][][] 
 []


Overfull \hbox (2.3081pt too wide) in paragraph at lines 333--334
[][][][] 
 []


Overfull \hbox (2.3081pt too wide) in paragraph at lines 334--335
[][][][] 
 []


Overfull \hbox (2.3081pt too wide) in paragraph at lines 336--337
[][][][] 
 []

[7]
Overfull \hbox (2.3081pt too wide) in paragraph at lines 337--338
[][][][] 
 []


Overfull \hbox (8.30817pt too wide) in paragraph at lines 339--340
[][][][][][][][][][][][][][][][][][][][][][][][][][][][][][][][][][][][][][] 
 []


Overfull \hbox (2.3081pt too wide) in paragraph at lines 345--346
[][][][] 
 []


Overfull \hbox (2.3081pt too wide) in paragraph at lines 346--347
[][][][] 
 []


Overfull \hbox (2.3081pt too wide) in paragraph at lines 348--349
[][][][] 
 []


Overfull \hbox (2.3081pt too wide) in paragraph at lines 349--350
[][][][] 
 []


Overfull \hbox (8.30817pt too wide) in paragraph at lines 351--352
[][][][][][][][][][][][][][][][][][][][][][][][][][][][][][][][][][][][][][] 
 []


Overfull \hbox (2.3081pt too wide) in paragraph at lines 357--358
[][][][] 
 []


Overfull \hbox (2.3081pt too wide) in paragraph at lines 358--359
[][][][] 
 []


Overfull \hbox (2.3081pt too wide) in paragraph at lines 360--361
[][][][] 
 []


Overfull \hbox (2.3081pt too wide) in paragraph at lines 361--362
[][][][] 
 []


Overfull \hbox (2.3081pt too wide) in paragraph at lines 363--364
[][][][] 
 []


Overfull \hbox (2.3081pt too wide) in paragraph at lines 364--365
[][][][] 
 []


Overfull \hbox (2.3081pt too wide) in paragraph at lines 366--367
[][][][] 
 []


Overfull \hbox (2.3081pt too wide) in paragraph at lines 367--368
[][][][] 
 []


Overfull \hbox (2.3081pt too wide) in paragraph at lines 369--370
[][][][] 
 []


Overfull \hbox (2.3081pt too wide) in paragraph at lines 370--371
[][][][] 
 []


Overfull \hbox (2.3081pt too wide) in paragraph at lines 372--373
[][][][] 
 []


Overfull \hbox (2.3081pt too wide) in paragraph at lines 373--374
[][][][] 
 []


Overfull \hbox (8.30817pt too wide) in paragraph at lines 375--376
[][][][][][][][][][][][][][][][][][][][][][][][][][][][][][][][][][][][][][][][
] 
 []


Overfull \hbox (2.3081pt too wide) in paragraph at lines 380--381
[][][][] 
 []


Overfull \hbox (2.3081pt too wide) in paragraph at lines 381--382
[][][][] 
 []


Overfull \hbox (2.3081pt too wide) in paragraph at lines 383--384
[][][][] 
 []


Overfull \hbox (2.3081pt too wide) in paragraph at lines 384--385
[][][][] 
 []


Overfull \hbox (2.3081pt too wide) in paragraph at lines 392--393
[][][][] 
 []


Overfull \hbox (2.3081pt too wide) in paragraph at lines 393--394
[][][][] 
 []


Overfull \hbox (2.3081pt too wide) in paragraph at lines 395--396
[][][][] 
 []


Overfull \hbox (2.3081pt too wide) in paragraph at lines 396--397
[][][][] 
 []

[8]
Overfull \hbox (2.3081pt too wide) in paragraph at lines 404--405
[][][][] 
 []


Overfull \hbox (2.3081pt too wide) in paragraph at lines 405--406
[][][][] 
 []


Overfull \hbox (2.3081pt too wide) in paragraph at lines 407--408
[][][][] 
 []


Overfull \hbox (2.3081pt too wide) in paragraph at lines 408--409
[][][][] 
 []


Overfull \hbox (14.30823pt too wide) in paragraph at lines 409--410
[][][][][][][][][][][][][][][][][][][][][][][][][][][][][][][][][][] 
 []


Overfull \hbox (8.30817pt too wide) in paragraph at lines 410--411
[][][][][][][][][][][][][][][][][][][][][][][][][][][][][][][][][][][][][][] 
 []


Overfull \hbox (2.3081pt too wide) in paragraph at lines 416--417
[][][][] 
 []


Overfull \hbox (2.3081pt too wide) in paragraph at lines 417--418
[][][][] 
 []


Overfull \hbox (2.3081pt too wide) in paragraph at lines 419--420
[][][][] 
 []


Overfull \hbox (2.3081pt too wide) in paragraph at lines 420--421
[][][][] 
 []


Overfull \hbox (2.3081pt too wide) in paragraph at lines 428--429
[][][][] 
 []


Overfull \hbox (2.3081pt too wide) in paragraph at lines 429--430
[][][][] 
 []


Overfull \hbox (2.3081pt too wide) in paragraph at lines 431--432
[][][][] 
 []


Overfull \hbox (2.3081pt too wide) in paragraph at lines 432--433
[][][][] 
 []


Overfull \hbox (8.30817pt too wide) in paragraph at lines 433--434
[][][][][][][][][][][][][][][][][][][][][][][][][][][][][][][][][][] 
 []


Overfull \hbox (8.30817pt too wide) in paragraph at lines 434--435
[][][][][][][][][][][][][][][][][][][][][][][][][][][][][][][][][][][][][][] 
 []


Overfull \hbox (2.3081pt too wide) in paragraph at lines 440--441
[][][][] 
 []


Overfull \hbox (2.3081pt too wide) in paragraph at lines 441--442
[][][][] 
 []


Overfull \hbox (2.3081pt too wide) in paragraph at lines 443--445
[][][][] 
 []

[9]
Overfull \hbox (2.3081pt too wide) in paragraph at lines 460--461
[][][][] 
 []


Overfull \hbox (14.30823pt too wide) in paragraph at lines 461--462
[][][][][][][][][][][][][][][][][][][][][][][][][][][][][][][][][][] 
 []


Overfull \hbox (8.30817pt too wide) in paragraph at lines 462--463
[][][][][][][][][][][][][][][][][][][][][][][][][][][][][][][][][][][][][][] 
 []


Overfull \hbox (2.3081pt too wide) in paragraph at lines 468--469
[][][][] 
 []


Overfull \hbox (8.30817pt too wide) in paragraph at lines 471--472
[][][][][][][][][][][][][][][][][][][][][][][][][][][][][][][][][][][][][][] 
 []


Overfull \hbox (2.3081pt too wide) in paragraph at lines 473--474
[][][][][][][][][][][][][][][][][][][][][][][][][][][][][][][][] 
 []


Overfull \hbox (8.30817pt too wide) in paragraph at lines 474--475
[][][][][][][][][][][][][][][][][][][][][][][][][][][][][][][][][][][][][][] 
 []

LaTeX Font Info:    Trying to load font information for OML+cmr on input line 4
87.
(/usr/share/texlive/texmf-dist/tex/latex/base/omlcmr.fd
File: omlcmr.fd 2019/12/16 v2.5j Standard LaTeX font definitions
)
LaTeX Font Info:    Font shape `OML/cmr/m/n' in size <10> not available
(Font)              Font shape `OML/cmm/m/it' tried instead on input line 487.

Overfull \hbox (2.3081pt too wide) in paragraph at lines 493--494
[][][][][][][][][][][][][][][][][][][][][][][][][][][][][][][][][][][][][] 
 []


Overfull \hbox (8.30817pt too wide) in paragraph at lines 495--496
[][][][][][][][][][][][][][][][][][][][][][][][][][][][][][] 
 []


Overfull \hbox (254.31067pt too wide) in paragraph at lines 508--509
[][][][] 
 []


Overfull \hbox (8.30817pt too wide) in paragraph at lines 513--514
[][][][][][][][][][][][][][][][][][][][][] 
 []


Overfull \hbox (254.31067pt too wide) in paragraph at lines 519--521
[][][][] 
 []

[10]
Overfull \hbox (8.30817pt too wide) in paragraph at lines 555--556
[][][][][][][][][][][][][][][][][][][][][][][][][][][] 
 []

[11]
Overfull \hbox (8.30817pt too wide) in paragraph at lines 630--631
[][][][][][][][][][][][][][][][][][][][][][][][][][][][][][][][][][] 
 []

[12] [13]
<figs/p2bd.png, id=740, 1064.97874pt x 470.75874pt>
File: figs/p2bd.png Graphic file (type png)
<use figs/p2bd.png>
Package pdftex.def Info: figs/p2bd.png  used on input line 701.
(pdftex.def)             Requested size: 483.69684pt x 213.80766pt.
<figs/p2tbip1.png, id=741, 828.09375pt x 820.06375pt>
File: figs/p2tbip1.png Graphic file (type png)
<use figs/p2tbip1.png>
Package pdftex.def Info: figs/p2tbip1.png  used on input line 712.
(pdftex.def)             Requested size: 290.22105pt x 287.41452pt.
<figs/p2tbip2.png, id=742, 828.09375pt x 686.565pt>
File: figs/p2tbip2.png Graphic file (type png)
<use figs/p2tbip2.png>
Package pdftex.def Info: figs/p2tbip2.png  used on input line 718.
(pdftex.def)             Requested size: 290.22105pt x 240.6261pt.
 [14 <./figs/p2bd.png>] [15 <./figs/p2tbip1.png> <./figs/p2tbip2.png>]
<figs/p2ipwav.png, id=756, 1547.7825pt x 611.28375pt>
File: figs/p2ipwav.png Graphic file (type png)
<use figs/p2ipwav.png>
Package pdftex.def Info: figs/p2ipwav.png  used on input line 731.
(pdftex.def)             Requested size: 483.69684pt x 191.03502pt.
<figs/actual_matlab.png, id=757, 1892.06876pt x 719.68875pt>
File: figs/actual_matlab.png Graphic file (type png)
<use figs/actual_matlab.png>
Package pdftex.def Info: figs/actual_matlab.png  used on input line 743.
(pdftex.def)             Requested size: 532.06947pt x 202.37901pt.

Overfull \hbox (48.37263pt too wide) in paragraph at lines 743--744
 [][] 
 []

[16 <./figs/p2ipwav.png> <./figs/actual_matlab.png>]
LaTeX Font Info:    External font `cmex10' loaded for size
(Font)              <7> on input line 754.
LaTeX Font Info:    External font `cmex10' loaded for size
(Font)              <5> on input line 754.
 [17] (./part2.aux)

LaTeX Warning: There were multiply-defined labels.

Package rerunfilecheck Info: File `part2.out' has not changed.
(rerunfilecheck)             Checksum: 44127070AFC1276C7D89FAAE1C050888;1381.
 ) 
Here is how much of TeX's memory you used:
 12296 strings out of 478287
 195064 string characters out of 5849289
 606387 words of memory out of 5000000
 29728 multiletter control sequences out of 15000+600000
 474009 words of font info for 44 fonts, out of 8000000 for 9000
 1141 hyphenation exceptions out of 8191
 60i,8n,63p,240b,1737s stack positions out of 5000i,500n,10000p,200000b,80000s
{/usr/share/texmf/fonts/enc/dvips/cm-super/cm-super-ts1.enc}</usr/share/texli
ve/texmf-dist/fonts/type1/public/amsfonts/cm/cmbx10.pfb></usr/share/texlive/tex
mf-dist/fonts/type1/public/amsfonts/cm/cmbx12.pfb></usr/share/texlive/texmf-dis
t/fonts/type1/public/amsfonts/cm/cmmi10.pfb></usr/share/texlive/texmf-dist/font
s/type1/public/amsfonts/cm/cmr10.pfb></usr/share/texlive/texmf-dist/fonts/type1
/public/amsfonts/cm/cmr12.pfb></usr/share/texlive/texmf-dist/fonts/type1/public
/amsfonts/cm/cmr17.pfb></usr/share/texlive/texmf-dist/fonts/type1/public/amsfon
ts/cm/cmr9.pfb></usr/share/texlive/texmf-dist/fonts/type1/public/amsfonts/cm/cm
sy10.pfb></usr/share/texlive/texmf-dist/fonts/type1/public/amsfonts/cm/cmtt10.p
fb></usr/share/texmf/fonts/type1/public/cm-super/sfrm1000.pfb>
Output written on part2.pdf (17 pages, 673393 bytes).
PDF statistics:
 954 PDF objects out of 1000 (max. 8388607)
 886 compressed objects within 9 object streams
 647 named destinations out of 1000 (max. 500000)
 139 words of extra memory for PDF output out of 10000 (max. 10000000)

