INFO: [VRFC 10-2263] Analyzing Verilog file "/home/sam-admin/git/Training/HLS_Vivado/A9/RTL/project_crc24a/project_crc24a.gen/sources_1/bd/design_1/ipshared/4279/hdl/verilog/crc24a_crc24a_Pipeline_VITIS_LOOP_15_1.v" into library xil_defaultlib
INFO: [VRFC 10-311] analyzing module crc24a_crc24a_Pipeline_VITIS_LOOP_15_1
INFO: [VRFC 10-2263] Analyzing Verilog file "/home/sam-admin/git/Training/HLS_Vivado/A9/RTL/project_crc24a/project_crc24a.gen/sources_1/bd/design_1/ipshared/4279/hdl/verilog/crc24a_crc24a_Pipeline_VITIS_LOOP_34_2.v" into library xil_defaultlib
INFO: [VRFC 10-311] analyzing module crc24a_crc24a_Pipeline_VITIS_LOOP_34_2
INFO: [VRFC 10-2263] Analyzing Verilog file "/home/sam-admin/git/Training/HLS_Vivado/A9/RTL/project_crc24a/project_crc24a.gen/sources_1/bd/design_1/ipshared/4279/hdl/verilog/crc24a_crc24a_Pipeline_VITIS_LOOP_41_3.v" into library xil_defaultlib
INFO: [VRFC 10-311] analyzing module crc24a_crc24a_Pipeline_VITIS_LOOP_41_3
INFO: [VRFC 10-2263] Analyzing Verilog file "/home/sam-admin/git/Training/HLS_Vivado/A9/RTL/project_crc24a/project_crc24a.gen/sources_1/bd/design_1/ipshared/4279/hdl/verilog/crc24a_crc24a_Pipeline_VITIS_LOOP_53_5.v" into library xil_defaultlib
INFO: [VRFC 10-311] analyzing module crc24a_crc24a_Pipeline_VITIS_LOOP_53_5
INFO: [VRFC 10-2263] Analyzing Verilog file "/home/sam-admin/git/Training/HLS_Vivado/A9/RTL/project_crc24a/project_crc24a.gen/sources_1/bd/design_1/ipshared/4279/hdl/verilog/crc24a_crc24a_Pipeline_VITIS_LOOP_63_6.v" into library xil_defaultlib
INFO: [VRFC 10-311] analyzing module crc24a_crc24a_Pipeline_VITIS_LOOP_63_6
INFO: [VRFC 10-2263] Analyzing Verilog file "/home/sam-admin/git/Training/HLS_Vivado/A9/RTL/project_crc24a/project_crc24a.gen/sources_1/bd/design_1/ipshared/4279/hdl/verilog/crc24a_crc24a_Pipeline_VITIS_LOOP_70_7.v" into library xil_defaultlib
INFO: [VRFC 10-311] analyzing module crc24a_crc24a_Pipeline_VITIS_LOOP_70_7
INFO: [VRFC 10-2263] Analyzing Verilog file "/home/sam-admin/git/Training/HLS_Vivado/A9/RTL/project_crc24a/project_crc24a.gen/sources_1/bd/design_1/ipshared/4279/hdl/verilog/crc24a_flow_control_loop_pipe_sequential_init.v" into library xil_defaultlib
INFO: [VRFC 10-311] analyzing module crc24a_flow_control_loop_pipe_sequential_init
INFO: [VRFC 10-2263] Analyzing Verilog file "/home/sam-admin/git/Training/HLS_Vivado/A9/RTL/project_crc24a/project_crc24a.gen/sources_1/bd/design_1/ipshared/4279/hdl/verilog/crc24a_hls_deadlock_idx0_monitor.v" into library xil_defaultlib
INFO: [VRFC 10-311] analyzing module crc24a_hls_deadlock_idx0_monitor
INFO: [VRFC 10-2263] Analyzing Verilog file "/home/sam-admin/git/Training/HLS_Vivado/A9/RTL/project_crc24a/project_crc24a.gen/sources_1/bd/design_1/ipshared/4279/hdl/verilog/crc24a_mux_83_1_1_1.v" into library xil_defaultlib
INFO: [VRFC 10-311] analyzing module crc24a_mux_83_1_1_1
INFO: [VRFC 10-2263] Analyzing Verilog file "/home/sam-admin/git/Training/HLS_Vivado/A9/RTL/project_crc24a/project_crc24a.gen/sources_1/bd/design_1/ipshared/4279/hdl/verilog/crc24a_mux_245_1_1_1.v" into library xil_defaultlib
INFO: [VRFC 10-311] analyzing module crc24a_mux_245_1_1_1
INFO: [VRFC 10-2263] Analyzing Verilog file "/home/sam-admin/git/Training/HLS_Vivado/A9/RTL/project_crc24a/project_crc24a.gen/sources_1/bd/design_1/ipshared/4279/hdl/verilog/crc24a_mux_325_1_1_1.v" into library xil_defaultlib
INFO: [VRFC 10-311] analyzing module crc24a_mux_325_1_1_1
INFO: [VRFC 10-2263] Analyzing Verilog file "/home/sam-admin/git/Training/HLS_Vivado/A9/RTL/project_crc24a/project_crc24a.gen/sources_1/bd/design_1/ipshared/4279/hdl/verilog/crc24a_regslice_both.v" into library xil_defaultlib
INFO: [VRFC 10-311] analyzing module crc24a_regslice_both
INFO: [VRFC 10-311] analyzing module crc24a_regslice_both_w1
INFO: [VRFC 10-2263] Analyzing Verilog file "/home/sam-admin/git/Training/HLS_Vivado/A9/RTL/project_crc24a/project_crc24a.gen/sources_1/bd/design_1/ipshared/4279/hdl/verilog/crc24a.v" into library xil_defaultlib
INFO: [VRFC 10-311] analyzing module crc24a
INFO: [VRFC 10-2263] Analyzing Verilog file "/home/sam-admin/git/Training/HLS_Vivado/A9/RTL/project_crc24a/project_crc24a.ip_user_files/bd/design_1/ip/design_1_crc24a_0_0/sim/design_1_crc24a_0_0.v" into library xil_defaultlib
INFO: [VRFC 10-311] analyzing module design_1_crc24a_0_0
INFO: [VRFC 10-2263] Analyzing Verilog file "/home/sam-admin/git/Training/HLS_Vivado/A9/RTL/project_crc24a/project_crc24a.ip_user_files/bd/design_1/sim/design_1.v" into library xil_defaultlib
INFO: [VRFC 10-311] analyzing module design_1
INFO: [VRFC 10-2263] Analyzing Verilog file "/home/sam-admin/git/Training/HLS_Vivado/A9/RTL/project_crc24a/project_crc24a.srcs/sources_1/imports/hdl/design_1_wrapper.v" into library xil_defaultlib
INFO: [VRFC 10-311] analyzing module design_1_wrapper
INFO: [VRFC 10-2263] Analyzing Verilog file "/home/sam-admin/git/Training/HLS_Vivado/A9/RTL/project_crc24a/project_crc24a.srcs/sim_1/new/testbench.v" into library xil_defaultlib
INFO: [VRFC 10-311] analyzing module testbench
