/home/sam-admin/git/Training/HLS_Vivado/hls/cpr/cpr/.autopilot/db/cpr.pp.0.cpp:29504:7: warning: Added loop label VITIS_LOOP_1211_1:   [xilinx-label-all-loops]
      for (i = 0; i < __N - 1; ++i) {
      ^~~
      VITIS_LOOP_1211_1: 
/home/sam-admin/git/Training/HLS_Vivado/hls/cpr/cpr/.autopilot/db/cpr.pp.0.cpp:29504:7: note: FIX-IT applied suggested code changes
/home/sam-admin/git/Training/HLS_Vivado/hls/cpr/cpr/.autopilot/db/cpr.pp.0.cpp:30478:5: warning: Added loop label VITIS_LOOP_676_1:   [xilinx-label-all-loops]
    for (unsigned i = low; i != high; ++i) {
    ^~~
    VITIS_LOOP_676_1: 
/home/sam-admin/git/Training/HLS_Vivado/hls/cpr/cpr/.autopilot/db/cpr.pp.0.cpp:30478:5: note: FIX-IT applied suggested code changes
/home/sam-admin/git/Training/HLS_Vivado/hls/cpr/cpr/.autopilot/db/cpr.pp.0.cpp:30492:5: warning: Added loop label VITIS_LOOP_690_1:   [xilinx-label-all-loops]
    for (unsigned i = low; i != high; ++i) {
    ^~~
    VITIS_LOOP_690_1: 
/home/sam-admin/git/Training/HLS_Vivado/hls/cpr/cpr/.autopilot/db/cpr.pp.0.cpp:30492:5: note: FIX-IT applied suggested code changes
/home/sam-admin/git/Training/HLS_Vivado/hls/cpr/cpr/.autopilot/db/cpr.pp.0.cpp:30506:5: warning: Added loop label VITIS_LOOP_704_1:   [xilinx-label-all-loops]
    for (unsigned i = low; i != high; ++i) {
    ^~~
    VITIS_LOOP_704_1: 
/home/sam-admin/git/Training/HLS_Vivado/hls/cpr/cpr/.autopilot/db/cpr.pp.0.cpp:30506:5: note: FIX-IT applied suggested code changes
/home/sam-admin/git/Training/HLS_Vivado/hls/cpr/cpr/.autopilot/db/cpr.pp.0.cpp:32105:7: warning: Added loop label VITIS_LOOP_1245_1:   [xilinx-label-all-loops]
      for (i = 0; i < __N - 1; ++i) {
      ^~~
      VITIS_LOOP_1245_1: 
/home/sam-admin/git/Training/HLS_Vivado/hls/cpr/cpr/.autopilot/db/cpr.pp.0.cpp:32105:7: note: FIX-IT applied suggested code changes
/home/sam-admin/git/Training/HLS_Vivado/hls/cpr/cpr/.autopilot/db/cpr.pp.0.cpp:47304:1: warning: Added loop label VITIS_LOOP_12_1:   [xilinx-label-all-loops]
for (int i=0;i<8800;i++){
^~~
VITIS_LOOP_12_1: 
/home/sam-admin/git/Training/HLS_Vivado/hls/cpr/cpr/.autopilot/db/cpr.pp.0.cpp:47304:1: note: FIX-IT applied suggested code changes
