CRC generator output : 
01101000101101001111001100000010
WARNING [HLS SIM]: hls::stream 'hls::stream<ap_uint<1>, 0>0' contains leftover data, which may result in RTL simulation hanging.
INFO [HLS SIM]: The maximum depth reached by any hls::stream() instance in the design is 4
Vivado Simulator v2022.2
Copyright 1986-1999, 2001-2022 Xilinx, Inc. All Rights Reserved.
Running: /tools/Xilinx/Vivado/2022.2/bin/unwrapped/lnx64.o/xelab xil_defaultlib.apatb_crc24a_top glbl -Oenable_linking_all_libraries -prj crc24a.prj -L smartconnect_v1_0 -L axi_protocol_checker_v1_1_12 -L axi_protocol_checker_v1_1_13 -L axis_protocol_checker_v1_1_11 -L axis_protocol_checker_v1_1_12 -L xil_defaultlib -L unisims_ver -L xpm -L floating_point_v7_0_20 -L floating_point_v7_1_15 --lib ieee_proposed=./ieee_proposed -s crc24a 
Multi-threading is on. Using 6 slave threads.
WARNING: [XSIM 43-3431] One or more environment variables have been detected which affect the operation of the C compiler. These are typically not set in standard installations and are not tested by Xilinx, however they may be appropriate for your system, so the flow will attempt to continue.  If errors occur, try running xelab with the "-mt off -v 1" switches to see more information from the C compiler. The following environment variables have been detected:
    LIBRARY_PATH
INFO: [VRFC 10-2263] Analyzing SystemVerilog file "/home/sam-admin/Desktop/iith/Module-2/sampractrice/dummysam/solution2/sim/verilog/glbl.v" into library work
INFO: [VRFC 10-311] analyzing module glbl
INFO: [VRFC 10-2263] Analyzing SystemVerilog file "/home/sam-admin/Desktop/iith/Module-2/sampractrice/dummysam/solution2/sim/verilog/crc24a_mux_164_1_1_1.v" into library xil_defaultlib
INFO: [VRFC 10-311] analyzing module crc24a_mux_164_1_1_1
INFO: [VRFC 10-2263] Analyzing SystemVerilog file "/home/sam-admin/Desktop/iith/Module-2/sampractrice/dummysam/solution2/sim/verilog/crc24a.v" into library xil_defaultlib
INFO: [VRFC 10-311] analyzing module crc24a
INFO: [VRFC 10-2263] Analyzing SystemVerilog file "/home/sam-admin/Desktop/iith/Module-2/sampractrice/dummysam/solution2/sim/verilog/crc24a_g_bits_V_RAM_AUTO_1R1W.v" into library xil_defaultlib
INFO: [VRFC 10-311] analyzing module crc24a_g_bits_V_RAM_AUTO_1R1W
INFO: [VRFC 10-2263] Analyzing SystemVerilog file "/home/sam-admin/Desktop/iith/Module-2/sampractrice/dummysam/solution2/sim/verilog/AESL_deadlock_kernel_monitor_top.v" into library xil_defaultlib
INFO: [VRFC 10-311] analyzing module AESL_deadlock_kernel_monitor_top
INFO: [VRFC 10-2263] Analyzing SystemVerilog file "/home/sam-admin/Desktop/iith/Module-2/sampractrice/dummysam/solution2/sim/verilog/crc24a_crc24a_Pipeline_VITIS_LOOP_65_6.v" into library xil_defaultlib
INFO: [VRFC 10-311] analyzing module crc24a_crc24a_Pipeline_VITIS_LOOP_65_6
INFO: [VRFC 10-2263] Analyzing SystemVerilog file "/home/sam-admin/Desktop/iith/Module-2/sampractrice/dummysam/solution2/sim/verilog/crc24a_crc24a_Pipeline_VITIS_LOOP_43_3.v" into library xil_defaultlib
INFO: [VRFC 10-311] analyzing module crc24a_crc24a_Pipeline_VITIS_LOOP_43_3
INFO: [VRFC 10-2263] Analyzing SystemVerilog file "/home/sam-admin/Desktop/iith/Module-2/sampractrice/dummysam/solution2/sim/verilog/crc24a_flow_control_loop_pipe_sequential_init.v" into library xil_defaultlib
INFO: [VRFC 10-311] analyzing module crc24a_flow_control_loop_pipe_sequential_init
INFO: [VRFC 10-2263] Analyzing SystemVerilog file "/home/sam-admin/Desktop/iith/Module-2/sampractrice/dummysam/solution2/sim/verilog/crc24a.autotb.v" into library xil_defaultlib
INFO: [VRFC 10-311] analyzing module apatb_crc24a_top
INFO: [VRFC 10-2263] Analyzing SystemVerilog file "/home/sam-admin/Desktop/iith/Module-2/sampractrice/dummysam/solution2/sim/verilog/AESL_axi_s_a.v" into library xil_defaultlib
INFO: [VRFC 10-311] analyzing module AESL_axi_s_a
INFO: [VRFC 10-2263] Analyzing SystemVerilog file "/home/sam-admin/Desktop/iith/Module-2/sampractrice/dummysam/solution2/sim/verilog/AESL_deadlock_idx0_monitor.v" into library xil_defaultlib
INFO: [VRFC 10-311] analyzing module AESL_deadlock_idx0_monitor
INFO: [VRFC 10-2263] Analyzing SystemVerilog file "/home/sam-admin/Desktop/iith/Module-2/sampractrice/dummysam/solution2/sim/verilog/crc24a_crc24a_Pipeline_VITIS_LOOP_16_1.v" into library xil_defaultlib
INFO: [VRFC 10-311] analyzing module crc24a_crc24a_Pipeline_VITIS_LOOP_16_1
INFO: [VRFC 10-2263] Analyzing SystemVerilog file "/home/sam-admin/Desktop/iith/Module-2/sampractrice/dummysam/solution2/sim/verilog/crc24a_mux_245_1_1_1.v" into library xil_defaultlib
INFO: [VRFC 10-311] analyzing module crc24a_mux_245_1_1_1
INFO: [VRFC 10-2263] Analyzing SystemVerilog file "/home/sam-admin/Desktop/iith/Module-2/sampractrice/dummysam/solution2/sim/verilog/AESL_axi_s_last.v" into library xil_defaultlib
INFO: [VRFC 10-311] analyzing module AESL_axi_s_last
INFO: [VRFC 10-2263] Analyzing SystemVerilog file "/home/sam-admin/Desktop/iith/Module-2/sampractrice/dummysam/solution2/sim/verilog/crc24a_crc24a_Pipeline_VITIS_LOOP_83_9.v" into library xil_defaultlib
INFO: [VRFC 10-311] analyzing module crc24a_crc24a_Pipeline_VITIS_LOOP_83_9
INFO: [VRFC 10-2263] Analyzing SystemVerilog file "/home/sam-admin/Desktop/iith/Module-2/sampractrice/dummysam/solution2/sim/verilog/crc24a_d_bits_V_RAM_AUTO_1R1W.v" into library xil_defaultlib
INFO: [VRFC 10-311] analyzing module crc24a_d_bits_V_RAM_AUTO_1R1W
INFO: [VRFC 10-2263] Analyzing SystemVerilog file "/home/sam-admin/Desktop/iith/Module-2/sampractrice/dummysam/solution2/sim/verilog/crc24a_crc24a_Pipeline_VITIS_LOOP_55_5.v" into library xil_defaultlib
INFO: [VRFC 10-311] analyzing module crc24a_crc24a_Pipeline_VITIS_LOOP_55_5
INFO: [VRFC 10-2263] Analyzing SystemVerilog file "/home/sam-admin/Desktop/iith/Module-2/sampractrice/dummysam/solution2/sim/verilog/crc24a_crc24a_Pipeline_VITIS_LOOP_79_8.v" into library xil_defaultlib
INFO: [VRFC 10-311] analyzing module crc24a_crc24a_Pipeline_VITIS_LOOP_79_8
INFO: [VRFC 10-2263] Analyzing SystemVerilog file "/home/sam-admin/Desktop/iith/Module-2/sampractrice/dummysam/solution2/sim/verilog/crc24a_mux_83_1_1_1.v" into library xil_defaultlib
INFO: [VRFC 10-311] analyzing module crc24a_mux_83_1_1_1
INFO: [VRFC 10-2263] Analyzing SystemVerilog file "/home/sam-admin/Desktop/iith/Module-2/sampractrice/dummysam/solution2/sim/verilog/AESL_fifo.v" into library xil_defaultlib
INFO: [VRFC 10-311] analyzing module fifo
INFO: [VRFC 10-2263] Analyzing SystemVerilog file "/home/sam-admin/Desktop/iith/Module-2/sampractrice/dummysam/solution2/sim/verilog/crc24a_regslice_both.v" into library xil_defaultlib
INFO: [VRFC 10-311] analyzing module crc24a_regslice_both
INFO: [VRFC 10-311] analyzing module crc24a_regslice_both_w1
INFO: [VRFC 10-2263] Analyzing SystemVerilog file "/home/sam-admin/Desktop/iith/Module-2/sampractrice/dummysam/solution2/sim/verilog/AESL_axi_s_c.v" into library xil_defaultlib
INFO: [VRFC 10-311] analyzing module AESL_axi_s_c
INFO: [VRFC 10-2263] Analyzing SystemVerilog file "/home/sam-admin/Desktop/iith/Module-2/sampractrice/dummysam/solution2/sim/verilog/crc24a_crc24a_Pipeline_VITIS_LOOP_75_7.v" into library xil_defaultlib
INFO: [VRFC 10-311] analyzing module crc24a_crc24a_Pipeline_VITIS_LOOP_75_7
INFO: [VRFC 10-2263] Analyzing SystemVerilog file "/home/sam-admin/Desktop/iith/Module-2/sampractrice/dummysam/solution2/sim/verilog/crc24a_mux_325_1_1_1.v" into library xil_defaultlib
INFO: [VRFC 10-311] analyzing module crc24a_mux_325_1_1_1
INFO: [VRFC 10-2263] Analyzing SystemVerilog file "/home/sam-admin/Desktop/iith/Module-2/sampractrice/dummysam/solution2/sim/verilog/crc24a_crc24a_Pipeline_VITIS_LOOP_36_2.v" into library xil_defaultlib
INFO: [VRFC 10-311] analyzing module crc24a_crc24a_Pipeline_VITIS_LOOP_36_2
INFO: [VRFC 10-2263] Analyzing SystemVerilog file "/home/sam-admin/Desktop/iith/Module-2/sampractrice/dummysam/solution2/sim/verilog/dataflow_monitor.sv" into library xil_defaultlib
INFO: [VRFC 10-311] analyzing module dataflow_monitor
Starting static elaboration
Pass Through NonSizing Optimizer
WARNING: [VRFC 10-3645] port 'axis_block_info' remains unconnected for this instance [/home/sam-admin/Desktop/iith/Module-2/sampractrice/dummysam/solution2/sim/verilog/AESL_deadlock_kernel_monitor_top.v:20]
Completed static elaboration
Starting simulation data flow analysis
Completed simulation data flow analysis
Time Resolution for simulation is 1ps
Compiling package xil_defaultlib.$unit_dataflow_monitor_sv
Compiling module xil_defaultlib.crc24a_d_bits_V_RAM_AUTO_1R1W
Compiling module xil_defaultlib.crc24a_g_bits_V_RAM_AUTO_1R1W
Compiling module xil_defaultlib.crc24a_flow_control_loop_pipe_se...
Compiling module xil_defaultlib.crc24a_crc24a_Pipeline_VITIS_LOO...
Compiling module xil_defaultlib.crc24a_crc24a_Pipeline_VITIS_LOO...
Compiling module xil_defaultlib.crc24a_mux_83_1_1_1(ID=1,din0_WI...
Compiling module xil_defaultlib.crc24a_crc24a_Pipeline_VITIS_LOO...
Compiling module xil_defaultlib.crc24a_mux_325_1_1_1(ID=1,din0_W...
Compiling module xil_defaultlib.crc24a_crc24a_Pipeline_VITIS_LOO...
Compiling module xil_defaultlib.crc24a_crc24a_Pipeline_VITIS_LOO...
Compiling module xil_defaultlib.crc24a_crc24a_Pipeline_VITIS_LOO...
Compiling module xil_defaultlib.crc24a_mux_164_1_1_1(ID=1,din0_W...
Compiling module xil_defaultlib.crc24a_crc24a_Pipeline_VITIS_LOO...
Compiling module xil_defaultlib.crc24a_mux_245_1_1_1(ID=1,din0_W...
Compiling module xil_defaultlib.crc24a_crc24a_Pipeline_VITIS_LOO...
Compiling module xil_defaultlib.crc24a_regslice_both(DataWidth=6...
Compiling module xil_defaultlib.crc24a
Compiling module xil_defaultlib.fifo(DEPTH=1,WIDTH=64)
Compiling module xil_defaultlib.AESL_axi_s_a
Compiling module xil_defaultlib.fifo(DEPTH=4,WIDTH=64)
Compiling module xil_defaultlib.AESL_axi_s_c
Compiling module xil_defaultlib.fifo(DEPTH=2)
Compiling module xil_defaultlib.AESL_axi_s_last
Compiling module xil_defaultlib.AESL_deadlock_idx0_monitor
Compiling module xil_defaultlib.AESL_deadlock_kernel_monitor_top...
Compiling module xil_defaultlib.nodf_module_intf
Compiling module xil_defaultlib.upc_loop_intf(FSM_WIDTH=1)
Compiling module xil_defaultlib.dataflow_monitor_1
Compiling module xil_defaultlib.apatb_crc24a_top
Compiling module work.glbl
Built simulation snapshot crc24a

****** xsim v2022.2 (64-bit)
  **** SW Build 3671981 on Fri Oct 14 04:59:54 MDT 2022
  **** IP Build 3669848 on Fri Oct 14 08:30:02 MDT 2022
    ** Copyright 1986-2022 Xilinx, Inc. All Rights Reserved.

source xsim.dir/crc24a/xsim_script.tcl
# xsim {crc24a} -autoloadwcfg -tclbatch {crc24a.tcl}
Time resolution is 1 ps
source crc24a.tcl
## run all
////////////////////////////////////////////////////////////////////////////////////
// Inter-Transaction Progress: Completed Transaction / Total Transaction
// Intra-Transaction Progress: Measured Latency / Latency Estimation * 100%
//
// RTL Simulation : "Inter-Transaction Progress" ["Intra-Transaction Progress"] @ "Simulation Time"
////////////////////////////////////////////////////////////////////////////////////
// RTL Simulation : 0 / 1 [0.00%] @ "150000"
find kernel block.
// RTL Simulation : 1 / 1 [100.00%] @ "2070000"
////////////////////////////////////////////////////////////////////////////////////
$finish called at time : 2190 ns : File "/home/sam-admin/Desktop/iith/Module-2/sampractrice/dummysam/solution2/sim/verilog/crc24a.autotb.v" Line 296
## quit
INFO: [Common 17-206] Exiting xsim at Fri Jun 16 17:27:44 2023...
CRC generator output : 
01101000101101001111001100000010
WARNING [HLS SIM]: hls::stream 'hls::stream<ap_uint<1>, 0>0' contains leftover data, which may result in RTL simulation hanging.
INFO [HLS SIM]: The maximum depth reached by any hls::stream() instance in the design is 4
