!PASS! OUTPUT IS TOLERABLE BASED ON GIVEN PRECISION
WARNING [HLS SIM]: hls::stream 'hls::stream<bool, 0>0' contains leftover data, which may result in RTL simulation hanging.
INFO [HLS SIM]: The maximum depth reached by any hls::stream() instance in the design is 8800
Vivado Simulator v2022.2.2
Copyright 1986-1999, 2001-2022 Xilinx, Inc. All Rights Reserved.
Running: /tools/Xilinx/Vivado/2022.2/bin/unwrapped/lnx64.o/xelab xil_defaultlib.apatb_cyclicPrefixRemoval_top glbl -Oenable_linking_all_libraries -prj cyclicPrefixRemoval.prj -L smartconnect_v1_0 -L axi_protocol_checker_v1_1_12 -L axi_protocol_checker_v1_1_13 -L axis_protocol_checker_v1_1_11 -L axis_protocol_checker_v1_1_12 -L xil_defaultlib -L unisims_ver -L xpm -L floating_point_v7_1_15 -L floating_point_v7_0_20 --lib ieee_proposed=./ieee_proposed -s cyclicPrefixRemoval 
Multi-threading is on. Using 6 slave threads.
WARNING: [XSIM 43-3431] One or more environment variables have been detected which affect the operation of the C compiler. These are typically not set in standard installations and are not tested by Xilinx, however they may be appropriate for your system, so the flow will attempt to continue.  If errors occur, try running xelab with the "-mt off -v 1" switches to see more information from the C compiler. The following environment variables have been detected:
    LIBRARY_PATH
INFO: [VRFC 10-2263] Analyzing SystemVerilog file "/home/sam-admin/git/Training/HLS_Vivado/A8/vitis/meth2/a82/solution_cpr/sim/verilog/glbl.v" into library work
INFO: [VRFC 10-311] analyzing module glbl
INFO: [VRFC 10-2263] Analyzing SystemVerilog file "/home/sam-admin/git/Training/HLS_Vivado/A8/vitis/meth2/a82/solution_cpr/sim/verilog/cyclicPrefixRemoval.autotb.v" into library xil_defaultlib
INFO: [VRFC 10-311] analyzing module apatb_cyclicPrefixRemoval_top
INFO: [VRFC 10-2263] Analyzing SystemVerilog file "/home/sam-admin/git/Training/HLS_Vivado/A8/vitis/meth2/a82/solution_cpr/sim/verilog/AESL_axi_s_oupstream.v" into library xil_defaultlib
INFO: [VRFC 10-311] analyzing module AESL_axi_s_oupstream
INFO: [VRFC 10-2263] Analyzing SystemVerilog file "/home/sam-admin/git/Training/HLS_Vivado/A8/vitis/meth2/a82/solution_cpr/sim/verilog/AESL_deadlock_kernel_monitor_top.v" into library xil_defaultlib
INFO: [VRFC 10-311] analyzing module AESL_deadlock_kernel_monitor_top
INFO: [VRFC 10-2263] Analyzing SystemVerilog file "/home/sam-admin/git/Training/HLS_Vivado/A8/vitis/meth2/a82/solution_cpr/sim/verilog/cyclicPrefixRemoval_cyclicPrefixRemoval_Pipeline_VITIS_LOOP_12_1.v" into library xil_defaultlib
INFO: [VRFC 10-311] analyzing module cyclicPrefixRemoval_cyclicPrefixRemoval_Pipeline_VITIS_LOOP_12_1
INFO: [VRFC 10-2263] Analyzing SystemVerilog file "/home/sam-admin/git/Training/HLS_Vivado/A8/vitis/meth2/a82/solution_cpr/sim/verilog/cyclicPrefixRemoval.v" into library xil_defaultlib
INFO: [VRFC 10-311] analyzing module cyclicPrefixRemoval
INFO: [VRFC 10-2263] Analyzing SystemVerilog file "/home/sam-admin/git/Training/HLS_Vivado/A8/vitis/meth2/a82/solution_cpr/sim/verilog/cyclicPrefixRemoval_flow_control_loop_pipe_sequential_init.v" into library xil_defaultlib
INFO: [VRFC 10-311] analyzing module cyclicPrefixRemoval_flow_control_loop_pipe_sequential_init
INFO: [VRFC 10-2263] Analyzing SystemVerilog file "/home/sam-admin/git/Training/HLS_Vivado/A8/vitis/meth2/a82/solution_cpr/sim/verilog/AESL_deadlock_idx0_monitor.v" into library xil_defaultlib
INFO: [VRFC 10-311] analyzing module AESL_deadlock_idx0_monitor
INFO: [VRFC 10-2263] Analyzing SystemVerilog file "/home/sam-admin/git/Training/HLS_Vivado/A8/vitis/meth2/a82/solution_cpr/sim/verilog/cyclicPrefixRemoval_regslice_both.v" into library xil_defaultlib
INFO: [VRFC 10-311] analyzing module cyclicPrefixRemoval_regslice_both
INFO: [VRFC 10-311] analyzing module cyclicPrefixRemoval_regslice_both_w1
INFO: [VRFC 10-2263] Analyzing SystemVerilog file "/home/sam-admin/git/Training/HLS_Vivado/A8/vitis/meth2/a82/solution_cpr/sim/verilog/AESL_axi_s_z.v" into library xil_defaultlib
INFO: [VRFC 10-311] analyzing module AESL_axi_s_z
INFO: [VRFC 10-2263] Analyzing SystemVerilog file "/home/sam-admin/git/Training/HLS_Vivado/A8/vitis/meth2/a82/solution_cpr/sim/verilog/cyclicPrefixRemoval_x_real_RAM_AUTO_1R1W.v" into library xil_defaultlib
INFO: [VRFC 10-311] analyzing module cyclicPrefixRemoval_x_real_RAM_AUTO_1R1W
INFO: [VRFC 10-2263] Analyzing SystemVerilog file "/home/sam-admin/git/Training/HLS_Vivado/A8/vitis/meth2/a82/solution_cpr/sim/verilog/AESL_fifo.v" into library xil_defaultlib
INFO: [VRFC 10-311] analyzing module fifo
INFO: [VRFC 10-2263] Analyzing SystemVerilog file "/home/sam-admin/git/Training/HLS_Vivado/A8/vitis/meth2/a82/solution_cpr/sim/verilog/AESL_axi_s_inpstream.v" into library xil_defaultlib
INFO: [VRFC 10-311] analyzing module AESL_axi_s_inpstream
INFO: [VRFC 10-2263] Analyzing SystemVerilog file "/home/sam-admin/git/Training/HLS_Vivado/A8/vitis/meth2/a82/solution_cpr/sim/verilog/cyclicPrefixRemoval_cyclicPrefixRemoval_Pipeline_VITIS_LOOP_17_2.v" into library xil_defaultlib
INFO: [VRFC 10-311] analyzing module cyclicPrefixRemoval_cyclicPrefixRemoval_Pipeline_VITIS_LOOP_17_2
INFO: [VRFC 10-2263] Analyzing SystemVerilog file "/home/sam-admin/git/Training/HLS_Vivado/A8/vitis/meth2/a82/solution_cpr/sim/verilog/dataflow_monitor.sv" into library xil_defaultlib
INFO: [VRFC 10-311] analyzing module dataflow_monitor
Starting static elaboration
Pass Through NonSizing Optimizer
WARNING: [VRFC 10-3645] port 'axis_block_info' remains unconnected for this instance [/home/sam-admin/git/Training/HLS_Vivado/A8/vitis/meth2/a82/solution_cpr/sim/verilog/AESL_deadlock_kernel_monitor_top.v:22]
Completed static elaboration
Starting simulation data flow analysis
Completed simulation data flow analysis
Time Resolution for simulation is 1ps
Compiling package xil_defaultlib.$unit_dataflow_monitor_sv
Compiling module xil_defaultlib.cyclicPrefixRemoval_x_real_RAM_A...
Compiling module xil_defaultlib.cyclicPrefixRemoval_flow_control...
Compiling module xil_defaultlib.cyclicPrefixRemoval_cyclicPrefix...
Compiling module xil_defaultlib.cyclicPrefixRemoval_cyclicPrefix...
Compiling module xil_defaultlib.cyclicPrefixRemoval_regslice_bot...
Compiling module xil_defaultlib.cyclicPrefixRemoval
Compiling module xil_defaultlib.fifo(DEPTH=8800,WIDTH=64)
Compiling module xil_defaultlib.AESL_axi_s_inpstream
Compiling module xil_defaultlib.fifo(DEPTH=8192,WIDTH=64)
Compiling module xil_defaultlib.AESL_axi_s_oupstream
Compiling module xil_defaultlib.fifo(DEPTH=1)
Compiling module xil_defaultlib.AESL_axi_s_z
Compiling module xil_defaultlib.AESL_deadlock_idx0_monitor
Compiling module xil_defaultlib.AESL_deadlock_kernel_monitor_top...
Compiling module xil_defaultlib.nodf_module_intf
Compiling module xil_defaultlib.upc_loop_intf(FSM_WIDTH=1)
Compiling module xil_defaultlib.dataflow_monitor_1
Compiling module xil_defaultlib.apatb_cyclicPrefixRemoval_top
Compiling module work.glbl
Built simulation snapshot cyclicPrefixRemoval

****** xsim v2022.2.2 (64-bit)
  **** SW Build 3788238 on Tue Feb 21 19:59:23 MST 2023
  **** IP Build 3783773 on Tue Feb 21 23:41:56 MST 2023
    ** Copyright 1986-2023 Xilinx, Inc. All Rights Reserved.

source xsim.dir/cyclicPrefixRemoval/xsim_script.tcl
# xsim {cyclicPrefixRemoval} -autoloadwcfg -tclbatch {cyclicPrefixRemoval.tcl}
Time resolution is 1 ps
source cyclicPrefixRemoval.tcl
## run all
////////////////////////////////////////////////////////////////////////////////////
// Inter-Transaction Progress: Completed Transaction / Total Transaction
// Intra-Transaction Progress: Measured Latency / Latency Estimation * 100%
//
// RTL Simulation : "Inter-Transaction Progress" ["Intra-Transaction Progress"] @ "Simulation Time"
////////////////////////////////////////////////////////////////////////////////////
// RTL Simulation : 0 / 1 [0.00%] @ "125000"
// RTL Simulation : 1 / 1 [100.00%] @ "170125000"
////////////////////////////////////////////////////////////////////////////////////
$finish called at time : 170185 ns : File "/home/sam-admin/git/Training/HLS_Vivado/A8/vitis/meth2/a82/solution_cpr/sim/verilog/cyclicPrefixRemoval.autotb.v" Line 296
## quit
INFO: [Common 17-206] Exiting xsim at Fri May 26 13:18:45 2023...
!PASS! OUTPUT IS TOLERABLE BASED ON GIVEN PRECISION
WARNING [HLS SIM]: hls::stream 'hls::stream<bool, 0>0' contains leftover data, which may result in RTL simulation hanging.
INFO [HLS SIM]: The maximum depth reached by any hls::stream() instance in the design is 8800
