

================================================================
== Vivado HLS Report for 'a5a'
================================================================
* Date:           Mon Apr  3 12:39:17 2023

* Version:        2018.3 (Build 2405991 on Thu Dec 06 23:56:15 MST 2018)
* Project:        Assignmnet5a
* Solution:       solution51a
* Product family: zynq
* Target device:  xc7z020clg484-1


================================================================
== Performance Estimates
================================================================
+ Timing (ns): 
    * Summary: 
    +--------+-------+----------+------------+
    |  Clock | Target| Estimated| Uncertainty|
    +--------+-------+----------+------------+
    |ap_clk  |  10.00|     5.806|        1.25|
    +--------+-------+----------+------------+

+ Latency (clock cycles): 
    * Summary: 
    +-----+-----+-----+-----+---------+
    |  Latency  |  Interval | Pipeline|
    | min | max | min | max |   Type  |
    +-----+-----+-----+-----+---------+
    |    9|    9|    9|    9|   none  |
    +-----+-----+-----+-----+---------+

    + Detail: 
        * Instance: 
        N/A

        * Loop: 
        N/A



================================================================
== Utilization Estimates
================================================================
* Summary: 
+-----------------+---------+-------+--------+-------+
|       Name      | BRAM_18K| DSP48E|   FF   |  LUT  |
+-----------------+---------+-------+--------+-------+
|DSP              |        -|      -|       -|      -|
|Expression       |        -|      -|       0|    275|
|FIFO             |        -|      -|       -|      -|
|Instance         |        -|      -|       0|    360|
|Memory           |        8|      -|       0|      0|
|Multiplexer      |        -|      -|       -|    474|
|Register         |        -|      -|     109|      -|
+-----------------+---------+-------+--------+-------+
|Total            |        8|      0|     109|   1109|
+-----------------+---------+-------+--------+-------+
|Available        |      280|    220|  106400|  53200|
+-----------------+---------+-------+--------+-------+
|Utilization (%)  |        2|      0|   ~0   |      2|
+-----------------+---------+-------+--------+-------+

+ Detail: 
    * Instance: 
    +----------------------+-------------------+---------+-------+---+----+
    |       Instance       |       Module      | BRAM_18K| DSP48E| FF| LUT|
    +----------------------+-------------------+---------+-------+---+----+
    |a5a_mux_832_8_1_1_U1  |a5a_mux_832_8_1_1  |        0|      0|  0|  45|
    |a5a_mux_832_8_1_1_U2  |a5a_mux_832_8_1_1  |        0|      0|  0|  45|
    |a5a_mux_832_8_1_1_U3  |a5a_mux_832_8_1_1  |        0|      0|  0|  45|
    |a5a_mux_832_8_1_1_U4  |a5a_mux_832_8_1_1  |        0|      0|  0|  45|
    |a5a_mux_832_8_1_1_U5  |a5a_mux_832_8_1_1  |        0|      0|  0|  45|
    |a5a_mux_832_8_1_1_U6  |a5a_mux_832_8_1_1  |        0|      0|  0|  45|
    |a5a_mux_832_8_1_1_U7  |a5a_mux_832_8_1_1  |        0|      0|  0|  45|
    |a5a_mux_832_8_1_1_U8  |a5a_mux_832_8_1_1  |        0|      0|  0|  45|
    +----------------------+-------------------+---------+-------+---+----+
    |Total                 |                   |        0|      0|  0| 360|
    +----------------------+-------------------+---------+-------+---+----+

    * DSP48: 
    N/A

    * Memory: 
    +----------+------------+---------+---+----+------+-----+------+-------------+
    |  Memory  |   Module   | BRAM_18K| FF| LUT| Words| Bits| Banks| W*Bits*Banks|
    +----------+------------+---------+---+----+------+-----+------+-------------+
    |bram_0_U  |a5a_bram_0  |        1|  0|   0|     8|    6|     1|           48|
    |bram_1_U  |a5a_bram_1  |        1|  0|   0|     8|    6|     1|           48|
    |bram_2_U  |a5a_bram_2  |        1|  0|   0|     8|    6|     1|           48|
    |bram_3_U  |a5a_bram_3  |        1|  0|   0|     8|    6|     1|           48|
    |bram_4_U  |a5a_bram_4  |        1|  0|   0|     8|    6|     1|           48|
    |bram_5_U  |a5a_bram_5  |        1|  0|   0|     8|    6|     1|           48|
    |bram_6_U  |a5a_bram_6  |        1|  0|   0|     8|    6|     1|           48|
    |bram_7_U  |a5a_bram_7  |        1|  0|   0|     8|    6|     1|           48|
    +----------+------------+---------+---+----+------+-----+------+-------------+
    |Total     |            |        8|  0|   0|    64|   48|     8|          384|
    +----------+------------+---------+---+----+------+-----+------+-------------+

    * FIFO: 
    N/A

    * Expression: 
    +---------------------------+----------+-------+---+----+------------+------------+
    |       Variable Name       | Operation| DSP48E| FF| LUT| Bitwidth P0| Bitwidth P1|
    +---------------------------+----------+-------+---+----+------------+------------+
    |tmp_1_fu_751_p2            |     +    |      0|  0|  39|           1|          32|
    |tmp_2_fu_1178_p2           |     +    |      0|  0|  39|           3|          32|
    |tmp_3_fu_831_p2            |     +    |      0|  0|  39|           2|          32|
    |tmp_5_fu_911_p2            |     +    |      0|  0|  39|           2|          32|
    |tmp_7_fu_991_p2            |     +    |      0|  0|  39|           3|          32|
    |tmp_9_fu_1071_p2           |     +    |      0|  0|  39|           3|          32|
    |tmp_s_fu_1151_p2           |     +    |      0|  0|  39|           3|          32|
    |output_V_data_0_V1_status  |    and   |      0|  0|   2|           1|           1|
    +---------------------------+----------+-------+---+----+------------+------------+
    |Total                      |          |      0|  0| 275|          18|         225|
    +---------------------------+----------+-------+---+----+------------+------------+

    * Multiplexer: 
    +-------------------------+----+-----------+-----+-----------+
    |           Name          | LUT| Input Size| Bits| Total Bits|
    +-------------------------+----+-----------+-----+-----------+
    |ap_NS_fsm                |  50|         11|    1|         11|
    |bram_0_address0          |  44|          9|    3|         27|
    |bram_1_address0          |  44|          9|    3|         27|
    |bram_2_address0          |  44|          9|    3|         27|
    |bram_3_address0          |  44|          9|    3|         27|
    |bram_4_address0          |  44|          9|    3|         27|
    |bram_5_address0          |  44|          9|    3|         27|
    |bram_6_address0          |  44|          9|    3|         27|
    |bram_7_address0          |  44|          9|    3|         27|
    |output_V_data_0_V_blk_n  |   9|          2|    1|          2|
    |output_V_data_1_V_blk_n  |   9|          2|    1|          2|
    |output_V_data_2_V_blk_n  |   9|          2|    1|          2|
    |output_V_data_3_V_blk_n  |   9|          2|    1|          2|
    |output_V_data_4_V_blk_n  |   9|          2|    1|          2|
    |output_V_data_5_V_blk_n  |   9|          2|    1|          2|
    |output_V_data_6_V_blk_n  |   9|          2|    1|          2|
    |output_V_data_7_V_blk_n  |   9|          2|    1|          2|
    +-------------------------+----+-----------+-----+-----------+
    |Total                    | 474|         99|   33|        243|
    +-------------------------+----+-----------+-----+-----------+

    * Register: 
    +-----------------------+----+----+-----+-----------+
    |          Name         | FF | LUT| Bits| Const Bits|
    +-----------------------+----+----+-----+-----------+
    |ap_CS_fsm              |  10|   0|   10|          0|
    |arrayNo_reg_1366       |   3|   0|   32|         29|
    |newIndex14_reg_1647    |  29|   0|   29|          0|
    |tmp_data_0_V_reg_1377  |   8|   0|    8|          0|
    |tmp_data_1_V_reg_1422  |   8|   0|    8|          0|
    |tmp_data_2_V_reg_1467  |   8|   0|    8|          0|
    |tmp_data_3_V_reg_1512  |   8|   0|    8|          0|
    |tmp_data_4_V_reg_1557  |   8|   0|    8|          0|
    |tmp_data_5_V_reg_1602  |   8|   0|    8|          0|
    |tmp_data_6_V_reg_1652  |   8|   0|    8|          0|
    |tmp_data_7_V_reg_1697  |   8|   0|    8|          0|
    |tmp_reg_1321           |   3|   0|    3|          0|
    +-----------------------+----+----+-----+-----------+
    |Total                  | 109|   0|  138|         29|
    +-----------------------+----+----+-----+-----------+



================================================================
== Interface
================================================================
* Summary: 
+--------------------------+-----+-----+------------+-------------------+--------------+
|         RTL Ports        | Dir | Bits|  Protocol  |   Source Object   |    C Type    |
+--------------------------+-----+-----+------------+-------------------+--------------+
|ap_clk                    |  in |    1| ap_ctrl_hs |        a5a        | return value |
|ap_rst                    |  in |    1| ap_ctrl_hs |        a5a        | return value |
|ap_start                  |  in |    1| ap_ctrl_hs |        a5a        | return value |
|ap_done                   | out |    1| ap_ctrl_hs |        a5a        | return value |
|ap_idle                   | out |    1| ap_ctrl_hs |        a5a        | return value |
|ap_ready                  | out |    1| ap_ctrl_hs |        a5a        | return value |
|index                     |  in |   32|   ap_none  |       index       |    scalar    |
|output_V_data_0_V_din     | out |    8|   ap_fifo  | output_V_data_0_V |    pointer   |
|output_V_data_0_V_full_n  |  in |    1|   ap_fifo  | output_V_data_0_V |    pointer   |
|output_V_data_0_V_write   | out |    1|   ap_fifo  | output_V_data_0_V |    pointer   |
|output_V_data_1_V_din     | out |    8|   ap_fifo  | output_V_data_1_V |    pointer   |
|output_V_data_1_V_full_n  |  in |    1|   ap_fifo  | output_V_data_1_V |    pointer   |
|output_V_data_1_V_write   | out |    1|   ap_fifo  | output_V_data_1_V |    pointer   |
|output_V_data_2_V_din     | out |    8|   ap_fifo  | output_V_data_2_V |    pointer   |
|output_V_data_2_V_full_n  |  in |    1|   ap_fifo  | output_V_data_2_V |    pointer   |
|output_V_data_2_V_write   | out |    1|   ap_fifo  | output_V_data_2_V |    pointer   |
|output_V_data_3_V_din     | out |    8|   ap_fifo  | output_V_data_3_V |    pointer   |
|output_V_data_3_V_full_n  |  in |    1|   ap_fifo  | output_V_data_3_V |    pointer   |
|output_V_data_3_V_write   | out |    1|   ap_fifo  | output_V_data_3_V |    pointer   |
|output_V_data_4_V_din     | out |    8|   ap_fifo  | output_V_data_4_V |    pointer   |
|output_V_data_4_V_full_n  |  in |    1|   ap_fifo  | output_V_data_4_V |    pointer   |
|output_V_data_4_V_write   | out |    1|   ap_fifo  | output_V_data_4_V |    pointer   |
|output_V_data_5_V_din     | out |    8|   ap_fifo  | output_V_data_5_V |    pointer   |
|output_V_data_5_V_full_n  |  in |    1|   ap_fifo  | output_V_data_5_V |    pointer   |
|output_V_data_5_V_write   | out |    1|   ap_fifo  | output_V_data_5_V |    pointer   |
|output_V_data_6_V_din     | out |    8|   ap_fifo  | output_V_data_6_V |    pointer   |
|output_V_data_6_V_full_n  |  in |    1|   ap_fifo  | output_V_data_6_V |    pointer   |
|output_V_data_6_V_write   | out |    1|   ap_fifo  | output_V_data_6_V |    pointer   |
|output_V_data_7_V_din     | out |    8|   ap_fifo  | output_V_data_7_V |    pointer   |
|output_V_data_7_V_full_n  |  in |    1|   ap_fifo  | output_V_data_7_V |    pointer   |
|output_V_data_7_V_write   | out |    1|   ap_fifo  | output_V_data_7_V |    pointer   |
+--------------------------+-----+-----+------------+-------------------+--------------+

