Wed May 17 15:22:22 2023: Running xcd server. This server was NOT built by gradle, but presumably rdi.
Wed May 17 15:22:22 2023: Server was asked to start on port: '35027'
Wed May 17 15:22:22 2023: Server is using token UUID: 'c505ba76-4abf-40e1-a35b-7f4252e7fd83'
Wed May 17 15:22:22 2023: SESSION_MGR: creating session with session uuid: '6d04a3e9-ade5-4ab9-8d63-1f78fcd2ec76' and name 'default'
Wed May 17 15:22:22 2023: Attempting to start server on port '35027'
Wed May 17 15:22:22 2023: XCD main fifo: created main fifo '/tmp/xcdmainc505ba76-4abf-40e1-a35b-7f4252e7fd83', fd read = 13
Wed May 17 15:22:22 2023: Running Dispatch Server
Wed May 17 15:22:22 2023: Version 2.2.0
Wed May 17 15:22:31 2023: Dispatch Server: Accepted socket connection from client
Wed May 17 15:22:31 2023: Starting Socket connection
Wed May 17 15:22:31 2023: EXCHANGE_TOKEN received, server token: c505ba76-4abf-40e1-a35b-7f4252e7fd83, passed token: c505ba76-4abf-40e1-a35b-7f4252e7fd83
Wed May 17 15:22:31 2023: SESSION_MGR: creating session with session uuid: '7358b643-0ed9-4425-a959-c3e6e1cce601' and name 'vitis_hls'
Wed May 17 15:22:31 2023: KERNEL_SVC: creating session with uuid: '7358b643-0ed9-4425-a959-c3e6e1cce601' and name 'vitis_hls'
Wed May 17 15:22:31 2023: GUIDANCE_SMGR: creating guidance session with uuid: '7358b643-0ed9-4425-a959-c3e6e1cce601' and name 'vitis_hls'
Wed May 17 15:22:48 2023: STOP_SERVER received, server token: c505ba76-4abf-40e1-a35b-7f4252e7fd83, passed token: c505ba76-4abf-40e1-a35b-7f4252e7fd83
Wed May 17 15:22:48 2023: Socket received request to stop server.
Wed May 17 15:22:48 2023: Dispatch Server: do_await_stop
Wed May 17 15:22:48 2023: Dispatch Server: stopping mainFifo_
Wed May 17 15:22:48 2023: XCD main fifo: Stopping
Wed May 17 15:22:48 2023: XCD main fifo: do_read error code: Operation canceled
Wed May 17 15:22:48 2023: XCD main fifo: bytes_transferred: 0
Wed May 17 15:22:48 2023: SERVER: destructor for server bound to port 35027
Wed May 17 15:22:48 2023: XCD main fifo: Good unlink of /tmp/xcdmainc505ba76-4abf-40e1-a35b-7f4252e7fd83
Wed May 17 15:22:48 2023: Server exiting with status 0.
Wed May 17 15:22:48 2023: Closing log file.
Wed May 17 15:23:46 2023: Running xcd server. This server was NOT built by gradle, but presumably rdi.
Wed May 17 15:23:46 2023: Server was asked to start on port: '41937'
Wed May 17 15:23:46 2023: Server is using token UUID: 'e06e2fdf-baab-4a80-91ae-2f045a8d1adf'
Wed May 17 15:23:46 2023: SESSION_MGR: creating session with session uuid: '6d04a3e9-ade5-4ab9-8d63-1f78fcd2ec76' and name 'default'
Wed May 17 15:23:46 2023: Attempting to start server on port '41937'
Wed May 17 15:23:46 2023: XCD main fifo: created main fifo '/tmp/xcdmaine06e2fdf-baab-4a80-91ae-2f045a8d1adf', fd read = 13
Wed May 17 15:23:46 2023: Running Dispatch Server
Wed May 17 15:23:46 2023: Version 2.2.0
Wed May 17 15:23:55 2023: Dispatch Server: Accepted socket connection from client
Wed May 17 15:23:55 2023: Starting Socket connection
Wed May 17 15:23:55 2023: EXCHANGE_TOKEN received, server token: e06e2fdf-baab-4a80-91ae-2f045a8d1adf, passed token: e06e2fdf-baab-4a80-91ae-2f045a8d1adf
Wed May 17 15:23:55 2023: SESSION_MGR: creating session with session uuid: '6c62206e-da6a-46c5-a1da-ca3efa5e8242' and name 'vitis_hls'
Wed May 17 15:23:55 2023: KERNEL_SVC: creating session with uuid: '6c62206e-da6a-46c5-a1da-ca3efa5e8242' and name 'vitis_hls'
Wed May 17 15:23:55 2023: GUIDANCE_SMGR: creating guidance session with uuid: '6c62206e-da6a-46c5-a1da-ca3efa5e8242' and name 'vitis_hls'
Wed May 17 15:24:22 2023: STOP_SERVER received, server token: e06e2fdf-baab-4a80-91ae-2f045a8d1adf, passed token: e06e2fdf-baab-4a80-91ae-2f045a8d1adf
Wed May 17 15:24:22 2023: Socket received request to stop server.
Wed May 17 15:24:22 2023: Dispatch Server: do_await_stop
Wed May 17 15:24:22 2023: Dispatch Server: stopping mainFifo_
Wed May 17 15:24:22 2023: XCD main fifo: Stopping
Wed May 17 15:24:22 2023: XCD main fifo: do_read error code: Operation canceled
Wed May 17 15:24:22 2023: XCD main fifo: bytes_transferred: 0
Wed May 17 15:24:22 2023: SERVER: destructor for server bound to port 41937
Wed May 17 15:24:22 2023: XCD main fifo: Good unlink of /tmp/xcdmaine06e2fdf-baab-4a80-91ae-2f045a8d1adf
Wed May 17 15:24:22 2023: Server exiting with status 0.
Wed May 17 15:24:22 2023: Closing log file.
Wed May 17 15:25:55 2023: Running xcd server. This server was NOT built by gradle, but presumably rdi.
Wed May 17 15:25:55 2023: Server was asked to start on port: '36479'
Wed May 17 15:25:55 2023: Server is using token UUID: '234aa4b6-22f9-4766-8cac-0ba0e5db39f1'
Wed May 17 15:25:55 2023: SESSION_MGR: creating session with session uuid: '6d04a3e9-ade5-4ab9-8d63-1f78fcd2ec76' and name 'default'
Wed May 17 15:25:55 2023: Attempting to start server on port '36479'
Wed May 17 15:25:55 2023: XCD main fifo: created main fifo '/tmp/xcdmain234aa4b6-22f9-4766-8cac-0ba0e5db39f1', fd read = 13
Wed May 17 15:25:55 2023: Running Dispatch Server
Wed May 17 15:25:55 2023: Version 2.2.0
Wed May 17 15:26:03 2023: Dispatch Server: Accepted socket connection from client
Wed May 17 15:26:03 2023: Starting Socket connection
Wed May 17 15:26:03 2023: EXCHANGE_TOKEN received, server token: 234aa4b6-22f9-4766-8cac-0ba0e5db39f1, passed token: 234aa4b6-22f9-4766-8cac-0ba0e5db39f1
Wed May 17 15:26:03 2023: SESSION_MGR: creating session with session uuid: '89db22ad-f3a4-475f-bc02-5f58bd6c8c72' and name 'vitis_hls'
Wed May 17 15:26:03 2023: KERNEL_SVC: creating session with uuid: '89db22ad-f3a4-475f-bc02-5f58bd6c8c72' and name 'vitis_hls'
Wed May 17 15:26:03 2023: GUIDANCE_SMGR: creating guidance session with uuid: '89db22ad-f3a4-475f-bc02-5f58bd6c8c72' and name 'vitis_hls'
Wed May 17 15:26:18 2023: STOP_SERVER received, server token: 234aa4b6-22f9-4766-8cac-0ba0e5db39f1, passed token: 234aa4b6-22f9-4766-8cac-0ba0e5db39f1
Wed May 17 15:26:18 2023: Socket received request to stop server.
Wed May 17 15:26:18 2023: Dispatch Server: do_await_stop
Wed May 17 15:26:18 2023: Dispatch Server: stopping mainFifo_
Wed May 17 15:26:18 2023: XCD main fifo: Stopping
Wed May 17 15:26:18 2023: XCD main fifo: do_read error code: Operation canceled
Wed May 17 15:26:18 2023: XCD main fifo: bytes_transferred: 0
Wed May 17 15:26:18 2023: SERVER: destructor for server bound to port 36479
Wed May 17 15:26:18 2023: XCD main fifo: Good unlink of /tmp/xcdmain234aa4b6-22f9-4766-8cac-0ba0e5db39f1
Wed May 17 15:26:18 2023: Server exiting with status 0.
Wed May 17 15:26:18 2023: Closing log file.
