   Build using "/tools/Xilinx/Vivado/2018.3/tps/lnx64/gcc-6.2.0/bin/g++"
   Compiling apatb_mul.cpp
   Compiling (apcc) a1.c_pre.c.tb.c
INFO: [HLS 200-10] Running '/tools/Xilinx/Vivado/2018.3/bin/unwrapped/lnx64.o/apcc'
INFO: [HLS 200-10] For user 'sam-admin' on host 'sampaths-lappie' (Linux_x86_64 version 5.19.0-35-generic) on Wed Mar 15 14:57:19 IST 2023
INFO: [HLS 200-10] On os Ubuntu 22.04.2 LTS
INFO: [HLS 200-10] In directory '/home/sam-admin/Desktop/iith/Module-2/sampractrice/verilog/practice/solution1/sim/wrapc'
clang: warning: argument unused during compilation: '-fno-builtin-isinf'
clang: warning: argument unused during compilation: '-fno-builtin-isnan'
INFO: [APCC 202-3] Tmp directory is /tmp/apcc_db_sam-admin/55441678872439521065
INFO: [APCC 202-1] APCC is done.
   Compiling (apcc) a1_tb.c_pre.c.tb.c
INFO: [HLS 200-10] Running '/tools/Xilinx/Vivado/2018.3/bin/unwrapped/lnx64.o/apcc'
INFO: [HLS 200-10] For user 'sam-admin' on host 'sampaths-lappie' (Linux_x86_64 version 5.19.0-35-generic) on Wed Mar 15 14:57:25 IST 2023
INFO: [HLS 200-10] On os Ubuntu 22.04.2 LTS
INFO: [HLS 200-10] In directory '/home/sam-admin/Desktop/iith/Module-2/sampractrice/verilog/practice/solution1/sim/wrapc'
clang: warning: argument unused during compilation: '-fno-builtin-isinf'
clang: warning: argument unused during compilation: '-fno-builtin-isnan'
INFO: [APCC 202-3] Tmp directory is /tmp/apcc_db_sam-admin/56071678872445401940
INFO: [APCC 202-1] APCC is done.
   Generating cosim.tv.exe
