#-----------------------------------------------------------
# xsim v2022.2.2 (64-bit)
# SW Build 3788238 on Tue Feb 21 19:59:23 MST 2023
# IP Build 3783773 on Tue Feb 21 23:41:56 MST 2023
# Start of session at: Thu May 11 15:40:41 2023
# Process ID: 17975
# Current directory: /home/sam-admin/git/Training/HLS_Vivado/hls/cpr/solution1/sim/verilog
# Command line: xsim -mode tcl -source {xsim.dir/cyclicPrefixRemoval/xsim_script.tcl}
# Log file: /home/sam-admin/git/Training/HLS_Vivado/hls/cpr/solution1/sim/verilog/xsim.log
# Journal file: /home/sam-admin/git/Training/HLS_Vivado/hls/cpr/solution1/sim/verilog/xsim.jou
# Running On: sampaths-lappie, OS: Linux, CPU Frequency: 3400.627 MHz, CPU Physical cores: 4, Host memory: 8241 MB
#-----------------------------------------------------------
source xsim.dir/cyclicPrefixRemoval/xsim_script.tcl
# xsim {cyclicPrefixRemoval} -autoloadwcfg -tclbatch {cyclicPrefixRemoval.tcl}
Time resolution is 1 ps
source cyclicPrefixRemoval.tcl
## run all
////////////////////////////////////////////////////////////////////////////////////
// Inter-Transaction Progress: Completed Transaction / Total Transaction
// Intra-Transaction Progress: Measured Latency / Latency Estimation * 100%
//
// RTL Simulation : "Inter-Transaction Progress" ["Intra-Transaction Progress"] @ "Simulation Time"
////////////////////////////////////////////////////////////////////////////////////
// RTL Simulation : 0 / 1 [0.00%] @ "125000"
// RTL Simulation : 1 / 1 [100.00%] @ "82065000"
////////////////////////////////////////////////////////////////////////////////////
$finish called at time : 82125 ns : File "/home/sam-admin/git/Training/HLS_Vivado/hls/cpr/solution1/sim/verilog/cyclicPrefixRemoval.autotb.v" Line 270
## quit
INFO: [Common 17-206] Exiting xsim at Thu May 11 15:41:05 2023...
