INFO: [SIM 2] *************** CSIM start ***************
INFO: [SIM 4] CSIM will launch GCC as the compiler.
   Compiling(apcc) ../../../../2.1/a2_1_tb.c in debug mode
INFO: [HLS 200-10] Running '/tools/Xilinx/Vivado/2018.3/bin/unwrapped/lnx64.o/apcc'
INFO: [HLS 200-10] For user 'sam-admin' on host 'sampaths-lappie' (Linux_x86_64 version 5.19.0-35-generic) on Fri Mar 17 15:49:51 IST 2023
INFO: [HLS 200-10] On os Ubuntu 22.04.2 LTS
INFO: [HLS 200-10] In directory '/home/sam-admin/Xilinx-Vivado/HLS/Assignment2/a21/solution1/csim/build'
INFO: [APCC 202-3] Tmp directory is /tmp/apcc_db_sam-admin/93051679048391221701
INFO: [APCC 202-1] APCC is done.
   Generating csim.exe
1*3=3
2*4=8
3*5=15
4*6=24
5*7=35
6*8=48
7*9=63
8*10=80
9*11=99
10*12=120
INFO: [SIM 1] CSim done with 0 errors.
INFO: [SIM 3] *************** CSIM finish ***************
