

================================================================
== Vitis HLS Report for 'cyclicPrefixRemoval'
================================================================
* Date:           Tue May 23 10:36:11 2023

* Version:        2022.2.2 (Build 3779808 on Feb 17 2023)
* Project:        a81
* Solution:       solution_cpr (Vivado IP Flow Target)
* Product family: zynq
* Target device:  xc7z020-clg484-1


================================================================
== Performance Estimates
================================================================
+ Timing: 
    * Summary: 
    +--------+----------+----------+------------+
    |  Clock |  Target  | Estimated| Uncertainty|
    +--------+----------+----------+------------+
    |ap_clk  |  10.00 ns|  3.797 ns|     2.70 ns|
    +--------+----------+----------+------------+

+ Latency: 
    * Summary: 
    +---------+---------+-----------+-----------+------+------+---------+
    |  Latency (cycles) |   Latency (absolute)  |   Interval  | Pipeline|
    |   min   |   max   |    min    |    max    |  min |  max |   Type  |
    +---------+---------+-----------+-----------+------+------+---------+
    |     8803|     8803|  88.030 us|  88.030 us|  8804|  8804|       no|
    +---------+---------+-----------+-----------+------+------+---------+

    + Detail: 
        * Instance: 
        N/A

        * Loop: 
        +------------------+---------+---------+----------+-----------+-----------+------+----------+
        |                  |  Latency (cycles) | Iteration|  Initiation Interval  | Trip |          |
        |     Loop Name    |   min   |   max   |  Latency |  achieved |   target  | Count| Pipelined|
        +------------------+---------+---------+----------+-----------+-----------+------+----------+
        |- VITIS_LOOP_9_1  |     8801|     8801|         3|          1|          1|  8800|       yes|
        +------------------+---------+---------+----------+-----------+-----------+------+----------+



================================================================
== Utilization Estimates
================================================================
* Summary: 
+-----------------+---------+-----+--------+-------+-----+
|       Name      | BRAM_18K| DSP |   FF   |  LUT  | URAM|
+-----------------+---------+-----+--------+-------+-----+
|DSP              |        -|    -|       -|      -|    -|
|Expression       |        -|    -|       0|     85|    -|
|FIFO             |        -|    -|       -|      -|    -|
|Instance         |        -|    -|       -|      -|    -|
|Memory           |        -|    -|       -|      -|    -|
|Multiplexer      |        -|    -|       -|     54|    -|
|Register         |        -|    -|      85|      -|    -|
+-----------------+---------+-----+--------+-------+-----+
|Total            |        0|    0|      85|    139|    0|
+-----------------+---------+-----+--------+-------+-----+
|Available        |      280|  220|  106400|  53200|    0|
+-----------------+---------+-----+--------+-------+-----+
|Utilization (%)  |        0|    0|      ~0|     ~0|    0|
+-----------------+---------+-----+--------+-------+-----+

+ Detail: 
    * Instance: 
    N/A

    * DSP: 
    N/A

    * Memory: 
    N/A

    * FIFO: 
    N/A

    * Expression: 
    +----------------------------------+----------+----+---+----+------------+------------+
    |           Variable Name          | Operation| DSP| FF| LUT| Bitwidth P0| Bitwidth P1|
    +----------------------------------+----------+----+---+----+------------+------------+
    |v_3_fu_109_p2                     |         +|   0|  0|  17|          14|           1|
    |and_ln13_fu_91_p2                 |       and|   0|  0|   2|           1|           1|
    |ap_block_state1_pp0_stage0_iter0  |       and|   0|  0|   2|           1|           1|
    |ap_block_state2_io                |       and|   0|  0|   2|           1|           1|
    |ap_block_state3_io                |       and|   0|  0|   2|           1|           1|
    |ap_condition_122                  |       and|   0|  0|   2|           1|           1|
    |icmp_ln13_1_fu_85_p2              |      icmp|   0|  0|  12|          14|          13|
    |icmp_ln13_2_fu_97_p2              |      icmp|   0|  0|  12|          14|          13|
    |icmp_ln13_fu_79_p2                |      icmp|   0|  0|  12|          14|           9|
    |icmp_ln9_fu_73_p2                 |      icmp|   0|  0|  12|          14|          14|
    |ap_block_pp0_stage0_01001         |        or|   0|  0|   2|           1|           1|
    |ap_block_pp0_stage0_11001         |        or|   0|  0|   2|           1|           1|
    |ap_block_state2_pp0_stage0_iter1  |        or|   0|  0|   2|           1|           1|
    |or_ln13_fu_103_p2                 |        or|   0|  0|   2|           1|           1|
    |ap_enable_pp0                     |       xor|   0|  0|   2|           1|           2|
    +----------------------------------+----------+----+---+----+------------+------------+
    |Total                             |          |   0|  0|  85|          80|          61|
    +----------------------------------+----------+----+---+----+------------+------------+

    * Multiplexer: 
    +-------------------------+----+-----------+-----+-----------+
    |           Name          | LUT| Input Size| Bits| Total Bits|
    +-------------------------+----+-----------+-----+-----------+
    |ap_done_int              |   9|          2|    1|          2|
    |ap_enable_reg_pp0_iter1  |   9|          2|    1|          2|
    |ap_sig_allocacmp_v_2     |   9|          2|   14|         28|
    |inpstream_TDATA_blk_n    |   9|          2|    1|          2|
    |oupstream_TDATA_blk_n    |   9|          2|    1|          2|
    |v_fu_48                  |   9|          2|   14|         28|
    +-------------------------+----+-----------+-----+-----------+
    |Total                    |  54|         12|   32|         64|
    +-------------------------+----+-----------+-----+-----------+

    * Register: 
    +----------------------------------+----+----+-----+-----------+
    |               Name               | FF | LUT| Bits| Const Bits|
    +----------------------------------+----+----+-----+-----------+
    |ap_CS_fsm                         |   1|   0|    1|          0|
    |ap_done_reg                       |   1|   0|    1|          0|
    |ap_enable_reg_pp0_iter1           |   1|   0|    1|          0|
    |ap_enable_reg_pp0_iter2           |   1|   0|    1|          0|
    |ap_loop_exit_ready_pp0_iter1_reg  |   1|   0|    1|          0|
    |inpstream_read_reg_131            |  64|   0|   64|          0|
    |or_ln13_reg_136                   |   1|   0|    1|          0|
    |or_ln13_reg_136_pp0_iter1_reg     |   1|   0|    1|          0|
    |v_fu_48                           |  14|   0|   14|          0|
    +----------------------------------+----+----+-----+-----------+
    |Total                             |  85|   0|   85|          0|
    +----------------------------------+----+----+-----+-----------+



================================================================
== Interface
================================================================
* Summary: 
+------------------+-----+-----+------------+---------------------+--------------+
|     RTL Ports    | Dir | Bits|  Protocol  |    Source Object    |    C Type    |
+------------------+-----+-----+------------+---------------------+--------------+
|ap_clk            |   in|    1|  ap_ctrl_hs|  cyclicPrefixRemoval|  return value|
|ap_rst_n          |   in|    1|  ap_ctrl_hs|  cyclicPrefixRemoval|  return value|
|ap_start          |   in|    1|  ap_ctrl_hs|  cyclicPrefixRemoval|  return value|
|ap_done           |  out|    1|  ap_ctrl_hs|  cyclicPrefixRemoval|  return value|
|ap_idle           |  out|    1|  ap_ctrl_hs|  cyclicPrefixRemoval|  return value|
|ap_ready          |  out|    1|  ap_ctrl_hs|  cyclicPrefixRemoval|  return value|
|inpstream_TVALID  |   in|    1|        axis|            inpstream|       pointer|
|inpstream_TDATA   |   in|   64|        axis|            inpstream|       pointer|
|inpstream_TREADY  |  out|    1|        axis|            inpstream|       pointer|
|oupstream_TREADY  |   in|    1|        axis|            oupstream|       pointer|
|oupstream_TDATA   |  out|   64|        axis|            oupstream|       pointer|
|oupstream_TVALID  |  out|    1|        axis|            oupstream|       pointer|
+------------------+-----+-----+------------+---------------------+--------------+

============================================================
+ Verbose Summary: Synthesis Manager
============================================================
InlineROM: 1
ExposeGlobal: 0
============================================================
+ Verbose Summary: CDFG Model
============================================================
IsTopModel: 1
ResetActiveHigh: 1
IsCombinational: 2
IsDatapathOnly: 2
HasWiredReturn: 1
HasMFsm: 2
HasVarLatency: 1
IsPipeline: 0
IsRtlPipelined: 0
IsInstanceOverlapped: 0
IsDontTouch: 0
HasImplIP: 0
IsGatedGlobalClock: 0

+ Individual pipeline summary: 
  * Pipeline-0: initiation interval (II) = 1, depth = 3


============================================================
+ Verbose Summary: Schedule
============================================================
* Number of FSM states : 3
* Pipeline : 1
  Pipeline-0 : II = 1, D = 3, States = { 1 2 3 }
* Dataflow Pipeline: 0

* FSM state transitions: 
1 --> 2 
2 --> 3 
3 --> 

* FSM state operations: 

State 1 <SV = 0> <Delay = 3.79>
ST_1 : Operation 6 [1/1] (0.00ns)   --->   "%v = alloca i32 1"   --->   Operation 6 'alloca' 'v' <Predicate = true> <Delay = 0.00>
ST_1 : Operation 7 [1/1] (0.00ns)   --->   "%spectopmodule_ln4 = spectopmodule void @_ssdm_op_SpecTopModule, void @empty_2" [../../meth1/cpr.cpp:4]   --->   Operation 7 'spectopmodule' 'spectopmodule_ln4' <Predicate = true> <Delay = 0.00>
ST_1 : Operation 8 [1/1] (0.00ns)   --->   "%specinterface_ln0 = specinterface void @_ssdm_op_SpecInterface, i64 %inpstream, void @empty, i32 1, i32 1, void @empty_0, i32 0, i32 0, void @empty_1, void @empty_1, void @empty_1, i32 0, i32 0, i32 0, i32 0, void @empty_1, void @empty_1, i32 4294967295, i32 0"   --->   Operation 8 'specinterface' 'specinterface_ln0' <Predicate = true> <Delay = 0.00>
ST_1 : Operation 9 [1/1] (0.00ns)   --->   "%specbitsmap_ln0 = specbitsmap void @_ssdm_op_SpecBitsMap, i64 %inpstream"   --->   Operation 9 'specbitsmap' 'specbitsmap_ln0' <Predicate = true> <Delay = 0.00>
ST_1 : Operation 10 [1/1] (0.00ns)   --->   "%specinterface_ln0 = specinterface void @_ssdm_op_SpecInterface, i64 %oupstream, void @empty, i32 1, i32 1, void @empty_0, i32 0, i32 0, void @empty_1, void @empty_1, void @empty_1, i32 0, i32 0, i32 0, i32 0, void @empty_1, void @empty_1, i32 4294967295, i32 0"   --->   Operation 10 'specinterface' 'specinterface_ln0' <Predicate = true> <Delay = 0.00>
ST_1 : Operation 11 [1/1] (0.00ns)   --->   "%specbitsmap_ln0 = specbitsmap void @_ssdm_op_SpecBitsMap, i64 %oupstream"   --->   Operation 11 'specbitsmap' 'specbitsmap_ln0' <Predicate = true> <Delay = 0.00>
ST_1 : Operation 12 [1/1] (1.58ns)   --->   "%store_ln9 = store i14 1, i14 %v" [../../meth1/cpr.cpp:9]   --->   Operation 12 'store' 'store_ln9' <Predicate = true> <Delay = 1.58>
ST_1 : Operation 13 [1/1] (0.00ns)   --->   "%br_ln9 = br void %for.body" [../../meth1/cpr.cpp:9]   --->   Operation 13 'br' 'br_ln9' <Predicate = true> <Delay = 0.00>
ST_1 : Operation 14 [1/1] (0.00ns)   --->   "%v_2 = load i14 %v" [../../meth1/cpr.cpp:9]   --->   Operation 14 'load' 'v_2' <Predicate = true> <Delay = 0.00>
ST_1 : Operation 15 [1/1] (2.20ns)   --->   "%icmp_ln9 = icmp_eq  i14 %v_2, i14 8801" [../../meth1/cpr.cpp:9]   --->   Operation 15 'icmp' 'icmp_ln9' <Predicate = true> <Delay = 2.20> <CoreInst = "Cmp">   --->   Core 9 'Cmp' <Latency = 0> <II = 1> <Delay = 2.20> <FuncUnit> <Opcode : 'icmp'> <InPorts = 2> <OutPorts = 1>
ST_1 : Operation 16 [1/1] (0.00ns)   --->   "%empty = speclooptripcount i32 @_ssdm_op_SpecLoopTripCount, i64 8800, i64 8800, i64 8800"   --->   Operation 16 'speclooptripcount' 'empty' <Predicate = true> <Delay = 0.00>
ST_1 : Operation 17 [1/1] (0.00ns)   --->   "%br_ln9 = br i1 %icmp_ln9, void %for.body.split, void %for.cond.cleanup" [../../meth1/cpr.cpp:9]   --->   Operation 17 'br' 'br_ln9' <Predicate = true> <Delay = 0.00>
ST_1 : Operation 18 [1/1] (0.00ns)   --->   "%specpipeline_ln10 = specpipeline void @_ssdm_op_SpecPipeline, i32 1, i32 0, i32 0, i32 0, void @empty_1" [../../meth1/cpr.cpp:10]   --->   Operation 18 'specpipeline' 'specpipeline_ln10' <Predicate = (!icmp_ln9)> <Delay = 0.00>
ST_1 : Operation 19 [1/1] (0.00ns)   --->   "%specloopname_ln9 = specloopname void @_ssdm_op_SpecLoopName, void @empty_3" [../../meth1/cpr.cpp:9]   --->   Operation 19 'specloopname' 'specloopname_ln9' <Predicate = (!icmp_ln9)> <Delay = 0.00>
ST_1 : Operation 20 [1/1] (0.00ns)   --->   "%inpstream_read = read i64 @_ssdm_op_Read.axis.volatile.i64P128A, i64 %inpstream" [../../meth1/cpr.cpp:11]   --->   Operation 20 'read' 'inpstream_read' <Predicate = (!icmp_ln9)> <Delay = 0.00> <CoreInst = "axis">   --->   Core 115 'axis' <Latency = 0> <II = 1> <Delay = 1.00> <Adapter> <Opcode : >
ST_1 : Operation 21 [1/1] (2.20ns)   --->   "%icmp_ln13 = icmp_ugt  i14 %v_2, i14 320" [../../meth1/cpr.cpp:13]   --->   Operation 21 'icmp' 'icmp_ln13' <Predicate = (!icmp_ln9)> <Delay = 2.20> <CoreInst = "Cmp">   --->   Core 9 'Cmp' <Latency = 0> <II = 1> <Delay = 2.20> <FuncUnit> <Opcode : 'icmp'> <InPorts = 2> <OutPorts = 1>
ST_1 : Operation 22 [1/1] (2.20ns)   --->   "%icmp_ln13_1 = icmp_ult  i14 %v_2, i14 4417" [../../meth1/cpr.cpp:13]   --->   Operation 22 'icmp' 'icmp_ln13_1' <Predicate = (!icmp_ln9)> <Delay = 2.20> <CoreInst = "Cmp">   --->   Core 9 'Cmp' <Latency = 0> <II = 1> <Delay = 2.20> <FuncUnit> <Opcode : 'icmp'> <InPorts = 2> <OutPorts = 1>
ST_1 : Operation 23 [1/1] (0.00ns) (grouped into LUT with out node or_ln13)   --->   "%and_ln13 = and i1 %icmp_ln13, i1 %icmp_ln13_1" [../../meth1/cpr.cpp:13]   --->   Operation 23 'and' 'and_ln13' <Predicate = (!icmp_ln9)> <Delay = 0.00> <CoreInst = "LogicGate">   --->   Core 74 'LogicGate' <Latency = 0> <II = 1> <Delay = 0.97> <FuncUnit> <Opcode : 'and' 'or' 'xor'> <InPorts = 2> <OutPorts = 1>
ST_1 : Operation 24 [1/1] (2.20ns)   --->   "%icmp_ln13_2 = icmp_ugt  i14 %v_2, i14 4704" [../../meth1/cpr.cpp:13]   --->   Operation 24 'icmp' 'icmp_ln13_2' <Predicate = (!icmp_ln9)> <Delay = 2.20> <CoreInst = "Cmp">   --->   Core 9 'Cmp' <Latency = 0> <II = 1> <Delay = 2.20> <FuncUnit> <Opcode : 'icmp'> <InPorts = 2> <OutPorts = 1>
ST_1 : Operation 25 [1/1] (0.97ns) (out node of the LUT)   --->   "%or_ln13 = or i1 %and_ln13, i1 %icmp_ln13_2" [../../meth1/cpr.cpp:13]   --->   Operation 25 'or' 'or_ln13' <Predicate = (!icmp_ln9)> <Delay = 0.97> <CoreInst = "LogicGate">   --->   Core 74 'LogicGate' <Latency = 0> <II = 1> <Delay = 0.97> <FuncUnit> <Opcode : 'and' 'or' 'xor'> <InPorts = 2> <OutPorts = 1>
ST_1 : Operation 26 [1/1] (0.00ns)   --->   "%br_ln13 = br i1 %or_ln13, void %for.inc, void %if.then" [../../meth1/cpr.cpp:13]   --->   Operation 26 'br' 'br_ln13' <Predicate = (!icmp_ln9)> <Delay = 0.00>
ST_1 : Operation 27 [1/1] (1.81ns)   --->   "%v_3 = add i14 %v_2, i14 1" [../../meth1/cpr.cpp:9]   --->   Operation 27 'add' 'v_3' <Predicate = (!icmp_ln9)> <Delay = 1.81> <CoreInst = "Adder">   --->   Core 1 'Adder' <Latency = 0> <II = 1> <Delay = 1.81> <FuncUnit> <Opcode : 'add' 'sub'> <InPorts = 2> <OutPorts = 1>
ST_1 : Operation 28 [1/1] (1.58ns)   --->   "%store_ln9 = store i14 %v_3, i14 %v" [../../meth1/cpr.cpp:9]   --->   Operation 28 'store' 'store_ln9' <Predicate = (!icmp_ln9)> <Delay = 1.58>
ST_1 : Operation 29 [1/1] (0.00ns)   --->   "%br_ln9 = br void %for.body" [../../meth1/cpr.cpp:9]   --->   Operation 29 'br' 'br_ln9' <Predicate = (!icmp_ln9)> <Delay = 0.00>

State 2 <SV = 1> <Delay = 0.00>
ST_2 : Operation 30 [2/2] (0.00ns)   --->   "%write_ln14 = write void @_ssdm_op_Write.axis.volatile.i64P128A, i64 %oupstream, i64 %inpstream_read" [../../meth1/cpr.cpp:14]   --->   Operation 30 'write' 'write_ln14' <Predicate = (or_ln13)> <Delay = 0.00> <CoreInst = "axis">   --->   Core 115 'axis' <Latency = 0> <II = 1> <Delay = 1.00> <Adapter> <Opcode : >
ST_2 : Operation 33 [1/1] (0.00ns)   --->   "%ret_ln17 = ret" [../../meth1/cpr.cpp:17]   --->   Operation 33 'ret' 'ret_ln17' <Predicate = (icmp_ln9)> <Delay = 0.00>

State 3 <SV = 2> <Delay = 0.00>
ST_3 : Operation 31 [1/2] (0.00ns)   --->   "%write_ln14 = write void @_ssdm_op_Write.axis.volatile.i64P128A, i64 %oupstream, i64 %inpstream_read" [../../meth1/cpr.cpp:14]   --->   Operation 31 'write' 'write_ln14' <Predicate = (or_ln13)> <Delay = 0.00> <CoreInst = "axis">   --->   Core 115 'axis' <Latency = 0> <II = 1> <Delay = 1.00> <Adapter> <Opcode : >
ST_3 : Operation 32 [1/1] (0.00ns)   --->   "%br_ln15 = br void %for.inc" [../../meth1/cpr.cpp:15]   --->   Operation 32 'br' 'br_ln15' <Predicate = (or_ln13)> <Delay = 0.00>


============================================================
+ Verbose Summary: Binding
============================================================
STG Binding: 
---------------- STG Properties BEGIN ----------------
- Is combinational: 0
- Is one-state seq: 0
- Is datapath-only: 0
- Is pipelined: 0
- Is top level: 1
Port [ Return ] is wired: 1; IO mode=ap_ctrl_hs:ce=0
Port [ inpstream]:  wired=1; compound=1; hidden=0; nouse=0; global=0; static=0; extern=0; dir=0; type=0; pingpong=0; private_global=0; IO mode=axis:ce=0
Port [ oupstream]:  wired=1; compound=1; hidden=0; nouse=0; global=0; static=0; extern=0; dir=1; type=0; pingpong=0; private_global=0; IO mode=axis:ce=0
---------------- STG Properties END ------------------

---------------- Datapath Model BEGIN ----------------

<LifeTime>
<method=bitvector/>
v                 (alloca           ) [ 0100]
spectopmodule_ln4 (spectopmodule    ) [ 0000]
specinterface_ln0 (specinterface    ) [ 0000]
specbitsmap_ln0   (specbitsmap      ) [ 0000]
specinterface_ln0 (specinterface    ) [ 0000]
specbitsmap_ln0   (specbitsmap      ) [ 0000]
store_ln9         (store            ) [ 0000]
br_ln9            (br               ) [ 0000]
v_2               (load             ) [ 0000]
icmp_ln9          (icmp             ) [ 0110]
empty             (speclooptripcount) [ 0000]
br_ln9            (br               ) [ 0000]
specpipeline_ln10 (specpipeline     ) [ 0000]
specloopname_ln9  (specloopname     ) [ 0000]
inpstream_read    (read             ) [ 0111]
icmp_ln13         (icmp             ) [ 0000]
icmp_ln13_1       (icmp             ) [ 0000]
and_ln13          (and              ) [ 0000]
icmp_ln13_2       (icmp             ) [ 0000]
or_ln13           (or               ) [ 0111]
br_ln13           (br               ) [ 0000]
v_3               (add              ) [ 0000]
store_ln9         (store            ) [ 0000]
br_ln9            (br               ) [ 0000]
write_ln14        (write            ) [ 0000]
br_ln15           (br               ) [ 0000]
ret_ln17          (ret              ) [ 0000]
</LifeTime>

<model>

<comp_list>
<comp id="0" class="1000" name="inpstream">
<pin_list>
<pin id="1" dir="1" index="0" bw="1" slack="0"/>
</pin_list>
<bind>
<StgValue><ssdm name="inpstream"/></StgValue>
</bind>
</comp>

<comp id="2" class="1000" name="oupstream">
<pin_list>
<pin id="3" dir="1" index="0" bw="1" slack="0"/>
</pin_list>
<bind>
<StgValue><ssdm name="oupstream"/></StgValue>
</bind>
</comp>

<comp id="4" class="1001" name="const_4">
<pin_list>
<pin id="5" dir="1" index="0" bw="1" slack="0"/>
</pin_list>
<bind>
<StgValue><ssdm name=""/></StgValue>
</bind>
</comp>

<comp id="6" class="1001" name="const_6">
<pin_list>
<pin id="7" dir="1" index="0" bw="1" slack="2147483647"/>
</pin_list>
<bind>
<StgValue><ssdm name="_ssdm_op_SpecTopModule"/></StgValue>
</bind>
</comp>

<comp id="8" class="1001" name="const_8">
<pin_list>
<pin id="9" dir="1" index="0" bw="1" slack="2147483647"/>
</pin_list>
<bind>
<StgValue><ssdm name="empty_2"/></StgValue>
</bind>
</comp>

<comp id="10" class="1001" name="const_10">
<pin_list>
<pin id="11" dir="1" index="0" bw="1" slack="2147483647"/>
</pin_list>
<bind>
<StgValue><ssdm name="_ssdm_op_SpecInterface"/></StgValue>
</bind>
</comp>

<comp id="12" class="1001" name="const_12">
<pin_list>
<pin id="13" dir="1" index="0" bw="1" slack="2147483647"/>
</pin_list>
<bind>
<StgValue><ssdm name="empty"/></StgValue>
</bind>
</comp>

<comp id="14" class="1001" name="const_14">
<pin_list>
<pin id="15" dir="1" index="0" bw="1" slack="2147483647"/>
</pin_list>
<bind>
<StgValue><ssdm name="empty_0"/></StgValue>
</bind>
</comp>

<comp id="16" class="1001" name="const_16">
<pin_list>
<pin id="17" dir="1" index="0" bw="1" slack="2147483647"/>
</pin_list>
<bind>
<StgValue><ssdm name=""/></StgValue>
</bind>
</comp>

<comp id="18" class="1001" name="const_18">
<pin_list>
<pin id="19" dir="1" index="0" bw="1" slack="2147483647"/>
</pin_list>
<bind>
<StgValue><ssdm name="empty_1"/></StgValue>
</bind>
</comp>

<comp id="20" class="1001" name="const_20">
<pin_list>
<pin id="21" dir="1" index="0" bw="1" slack="2147483647"/>
</pin_list>
<bind>
<StgValue><ssdm name=""/></StgValue>
</bind>
</comp>

<comp id="22" class="1001" name="const_22">
<pin_list>
<pin id="23" dir="1" index="0" bw="1" slack="2147483647"/>
</pin_list>
<bind>
<StgValue><ssdm name="_ssdm_op_SpecBitsMap"/></StgValue>
</bind>
</comp>

<comp id="24" class="1001" name="const_24">
<pin_list>
<pin id="25" dir="1" index="0" bw="1" slack="0"/>
</pin_list>
<bind>
<StgValue><ssdm name=""/></StgValue>
</bind>
</comp>

<comp id="26" class="1001" name="const_26">
<pin_list>
<pin id="27" dir="1" index="0" bw="1" slack="0"/>
</pin_list>
<bind>
<StgValue><ssdm name=""/></StgValue>
</bind>
</comp>

<comp id="28" class="1001" name="const_28">
<pin_list>
<pin id="29" dir="1" index="0" bw="1" slack="2147483647"/>
</pin_list>
<bind>
<StgValue><ssdm name="_ssdm_op_SpecLoopTripCount"/></StgValue>
</bind>
</comp>

<comp id="30" class="1001" name="const_30">
<pin_list>
<pin id="31" dir="1" index="0" bw="1" slack="2147483647"/>
</pin_list>
<bind>
<StgValue><ssdm name=""/></StgValue>
</bind>
</comp>

<comp id="32" class="1001" name="const_32">
<pin_list>
<pin id="33" dir="1" index="0" bw="1" slack="2147483647"/>
</pin_list>
<bind>
<StgValue><ssdm name="_ssdm_op_SpecPipeline"/></StgValue>
</bind>
</comp>

<comp id="34" class="1001" name="const_34">
<pin_list>
<pin id="35" dir="1" index="0" bw="1" slack="2147483647"/>
</pin_list>
<bind>
<StgValue><ssdm name="_ssdm_op_SpecLoopName"/></StgValue>
</bind>
</comp>

<comp id="36" class="1001" name="const_36">
<pin_list>
<pin id="37" dir="1" index="0" bw="1" slack="2147483647"/>
</pin_list>
<bind>
<StgValue><ssdm name="empty_3"/></StgValue>
</bind>
</comp>

<comp id="38" class="1001" name="const_38">
<pin_list>
<pin id="39" dir="1" index="0" bw="1" slack="0"/>
</pin_list>
<bind>
<StgValue><ssdm name="_ssdm_op_Read.axis.volatile.i64P128A"/></StgValue>
</bind>
</comp>

<comp id="40" class="1001" name="const_40">
<pin_list>
<pin id="41" dir="1" index="0" bw="1" slack="0"/>
</pin_list>
<bind>
<StgValue><ssdm name=""/></StgValue>
</bind>
</comp>

<comp id="42" class="1001" name="const_42">
<pin_list>
<pin id="43" dir="1" index="0" bw="1" slack="0"/>
</pin_list>
<bind>
<StgValue><ssdm name=""/></StgValue>
</bind>
</comp>

<comp id="44" class="1001" name="const_44">
<pin_list>
<pin id="45" dir="1" index="0" bw="1" slack="0"/>
</pin_list>
<bind>
<StgValue><ssdm name=""/></StgValue>
</bind>
</comp>

<comp id="46" class="1001" name="const_46">
<pin_list>
<pin id="47" dir="1" index="0" bw="1" slack="0"/>
</pin_list>
<bind>
<StgValue><ssdm name="_ssdm_op_Write.axis.volatile.i64P128A"/></StgValue>
</bind>
</comp>

<comp id="48" class="1004" name="v_fu_48">
<pin_list>
<pin id="49" dir="0" index="0" bw="1" slack="0"/>
<pin id="50" dir="1" index="1" bw="14" slack="0"/>
</pin_list>
<bind>
<opcode="alloca(26) " fcode="alloca"/>
<opset="v/1 "/>
</bind>
</comp>

<comp id="52" class="1004" name="inpstream_read_read_fu_52">
<pin_list>
<pin id="53" dir="0" index="0" bw="64" slack="0"/>
<pin id="54" dir="0" index="1" bw="64" slack="0"/>
<pin id="55" dir="1" index="2" bw="64" slack="1"/>
</pin_list>
<bind>
<opcode="read(1150) " fcode="read"/>
<opset="inpstream_read/1 "/>
</bind>
</comp>

<comp id="58" class="1004" name="grp_write_fu_58">
<pin_list>
<pin id="59" dir="0" index="0" bw="0" slack="0"/>
<pin id="60" dir="0" index="1" bw="64" slack="0"/>
<pin id="61" dir="0" index="2" bw="64" slack="1"/>
<pin id="62" dir="1" index="3" bw="0" slack="2147483647"/>
</pin_list>
<bind>
<opcode="write(1151) " fcode="write"/>
<opset="write_ln14/2 "/>
</bind>
</comp>

<comp id="65" class="1004" name="store_ln9_store_fu_65">
<pin_list>
<pin id="66" dir="0" index="0" bw="1" slack="0"/>
<pin id="67" dir="0" index="1" bw="14" slack="0"/>
<pin id="68" dir="1" index="2" bw="0" slack="2147483647"/>
</pin_list>
<bind>
<opcode="store(28) " fcode="store"/>
<opset="store_ln9/1 "/>
</bind>
</comp>

<comp id="70" class="1004" name="v_2_load_fu_70">
<pin_list>
<pin id="71" dir="0" index="0" bw="14" slack="0"/>
<pin id="72" dir="1" index="1" bw="14" slack="0"/>
</pin_list>
<bind>
<opcode="load(27) " fcode="load"/>
<opset="v_2/1 "/>
</bind>
</comp>

<comp id="73" class="1004" name="icmp_ln9_fu_73">
<pin_list>
<pin id="74" dir="0" index="0" bw="14" slack="0"/>
<pin id="75" dir="0" index="1" bw="14" slack="0"/>
<pin id="76" dir="1" index="2" bw="1" slack="1"/>
</pin_list>
<bind>
<opcode="icmp(45) " fcode="icmp"/>
<opset="icmp_ln9/1 "/>
</bind>
</comp>

<comp id="79" class="1004" name="icmp_ln13_fu_79">
<pin_list>
<pin id="80" dir="0" index="0" bw="14" slack="0"/>
<pin id="81" dir="0" index="1" bw="14" slack="0"/>
<pin id="82" dir="1" index="2" bw="1" slack="0"/>
</pin_list>
<bind>
<opcode="icmp(45) " fcode="icmp"/>
<opset="icmp_ln13/1 "/>
</bind>
</comp>

<comp id="85" class="1004" name="icmp_ln13_1_fu_85">
<pin_list>
<pin id="86" dir="0" index="0" bw="14" slack="0"/>
<pin id="87" dir="0" index="1" bw="14" slack="0"/>
<pin id="88" dir="1" index="2" bw="1" slack="0"/>
</pin_list>
<bind>
<opcode="icmp(45) " fcode="icmp"/>
<opset="icmp_ln13_1/1 "/>
</bind>
</comp>

<comp id="91" class="1004" name="and_ln13_fu_91">
<pin_list>
<pin id="92" dir="0" index="0" bw="1" slack="0"/>
<pin id="93" dir="0" index="1" bw="1" slack="0"/>
<pin id="94" dir="1" index="2" bw="1" slack="0"/>
</pin_list>
<bind>
<opcode="and(23) " fcode="and"/>
<opset="and_ln13/1 "/>
</bind>
</comp>

<comp id="97" class="1004" name="icmp_ln13_2_fu_97">
<pin_list>
<pin id="98" dir="0" index="0" bw="14" slack="0"/>
<pin id="99" dir="0" index="1" bw="14" slack="0"/>
<pin id="100" dir="1" index="2" bw="1" slack="0"/>
</pin_list>
<bind>
<opcode="icmp(45) " fcode="icmp"/>
<opset="icmp_ln13_2/1 "/>
</bind>
</comp>

<comp id="103" class="1004" name="or_ln13_fu_103">
<pin_list>
<pin id="104" dir="0" index="0" bw="1" slack="0"/>
<pin id="105" dir="0" index="1" bw="1" slack="0"/>
<pin id="106" dir="1" index="2" bw="1" slack="1"/>
</pin_list>
<bind>
<opcode="or(24) " fcode="or"/>
<opset="or_ln13/1 "/>
</bind>
</comp>

<comp id="109" class="1004" name="v_3_fu_109">
<pin_list>
<pin id="110" dir="0" index="0" bw="14" slack="0"/>
<pin id="111" dir="0" index="1" bw="1" slack="0"/>
<pin id="112" dir="1" index="2" bw="14" slack="0"/>
</pin_list>
<bind>
<opcode="add(8) " fcode="add"/>
<opset="v_3/1 "/>
</bind>
</comp>

<comp id="115" class="1004" name="store_ln9_store_fu_115">
<pin_list>
<pin id="116" dir="0" index="0" bw="14" slack="0"/>
<pin id="117" dir="0" index="1" bw="14" slack="0"/>
<pin id="118" dir="1" index="2" bw="0" slack="2147483647"/>
</pin_list>
<bind>
<opcode="store(28) " fcode="store"/>
<opset="store_ln9/1 "/>
</bind>
</comp>

<comp id="120" class="1005" name="v_reg_120">
<pin_list>
<pin id="121" dir="0" index="0" bw="14" slack="0"/>
<pin id="122" dir="1" index="1" bw="14" slack="0"/>
</pin_list>
<bind>
<opset="v "/>
</bind>
</comp>

<comp id="127" class="1005" name="icmp_ln9_reg_127">
<pin_list>
<pin id="128" dir="0" index="0" bw="1" slack="1"/>
<pin id="129" dir="1" index="1" bw="1" slack="2147483647"/>
</pin_list>
<bind>
<opset="icmp_ln9 "/>
</bind>
</comp>

<comp id="131" class="1005" name="inpstream_read_reg_131">
<pin_list>
<pin id="132" dir="0" index="0" bw="64" slack="1"/>
<pin id="133" dir="1" index="1" bw="64" slack="1"/>
</pin_list>
<bind>
<opset="inpstream_read "/>
</bind>
</comp>

<comp id="136" class="1005" name="or_ln13_reg_136">
<pin_list>
<pin id="137" dir="0" index="0" bw="1" slack="1"/>
<pin id="138" dir="1" index="1" bw="1" slack="2147483647"/>
</pin_list>
<bind>
<opset="or_ln13 "/>
</bind>
</comp>

</comp_list>

<net_list>
<net id="51"><net_src comp="4" pin="0"/><net_sink comp="48" pin=0"/></net>

<net id="56"><net_src comp="38" pin="0"/><net_sink comp="52" pin=0"/></net>

<net id="57"><net_src comp="0" pin="0"/><net_sink comp="52" pin=1"/></net>

<net id="63"><net_src comp="46" pin="0"/><net_sink comp="58" pin=0"/></net>

<net id="64"><net_src comp="2" pin="0"/><net_sink comp="58" pin=1"/></net>

<net id="69"><net_src comp="24" pin="0"/><net_sink comp="65" pin=0"/></net>

<net id="77"><net_src comp="70" pin="1"/><net_sink comp="73" pin=0"/></net>

<net id="78"><net_src comp="26" pin="0"/><net_sink comp="73" pin=1"/></net>

<net id="83"><net_src comp="70" pin="1"/><net_sink comp="79" pin=0"/></net>

<net id="84"><net_src comp="40" pin="0"/><net_sink comp="79" pin=1"/></net>

<net id="89"><net_src comp="70" pin="1"/><net_sink comp="85" pin=0"/></net>

<net id="90"><net_src comp="42" pin="0"/><net_sink comp="85" pin=1"/></net>

<net id="95"><net_src comp="79" pin="2"/><net_sink comp="91" pin=0"/></net>

<net id="96"><net_src comp="85" pin="2"/><net_sink comp="91" pin=1"/></net>

<net id="101"><net_src comp="70" pin="1"/><net_sink comp="97" pin=0"/></net>

<net id="102"><net_src comp="44" pin="0"/><net_sink comp="97" pin=1"/></net>

<net id="107"><net_src comp="91" pin="2"/><net_sink comp="103" pin=0"/></net>

<net id="108"><net_src comp="97" pin="2"/><net_sink comp="103" pin=1"/></net>

<net id="113"><net_src comp="70" pin="1"/><net_sink comp="109" pin=0"/></net>

<net id="114"><net_src comp="24" pin="0"/><net_sink comp="109" pin=1"/></net>

<net id="119"><net_src comp="109" pin="2"/><net_sink comp="115" pin=0"/></net>

<net id="123"><net_src comp="48" pin="1"/><net_sink comp="120" pin=0"/></net>

<net id="124"><net_src comp="120" pin="1"/><net_sink comp="65" pin=1"/></net>

<net id="125"><net_src comp="120" pin="1"/><net_sink comp="70" pin=0"/></net>

<net id="126"><net_src comp="120" pin="1"/><net_sink comp="115" pin=1"/></net>

<net id="130"><net_src comp="73" pin="2"/><net_sink comp="127" pin=0"/></net>

<net id="134"><net_src comp="52" pin="2"/><net_sink comp="131" pin=0"/></net>

<net id="135"><net_src comp="131" pin="1"/><net_sink comp="58" pin=2"/></net>

<net id="139"><net_src comp="103" pin="2"/><net_sink comp="136" pin=0"/></net>

</net_list>

</model> 
---------------- Datapath Model END ------------------

* FSMD analyzer results:
  - Output states:
	Port: oupstream | {3 }
 - Input state : 
	Port: cyclicPrefixRemoval : inpstream | {1 }
  - Chain level:
	State 1
		store_ln9 : 1
		v_2 : 1
		icmp_ln9 : 2
		br_ln9 : 3
		icmp_ln13 : 2
		icmp_ln13_1 : 2
		and_ln13 : 3
		icmp_ln13_2 : 2
		or_ln13 : 3
		br_ln13 : 3
		v_3 : 2
		store_ln9 : 3
	State 2
	State 3


============================================================
+ Verbose Summary: Datapath Resource usage 
============================================================

* Functional unit list:
|----------|---------------------------|---------|---------|
| Operation|      Functional Unit      |    FF   |   LUT   |
|----------|---------------------------|---------|---------|
|          |       icmp_ln9_fu_73      |    0    |    12   |
|   icmp   |      icmp_ln13_fu_79      |    0    |    12   |
|          |     icmp_ln13_1_fu_85     |    0    |    12   |
|          |     icmp_ln13_2_fu_97     |    0    |    12   |
|----------|---------------------------|---------|---------|
|    add   |         v_3_fu_109        |    0    |    17   |
|----------|---------------------------|---------|---------|
|    and   |       and_ln13_fu_91      |    0    |    2    |
|----------|---------------------------|---------|---------|
|    or    |       or_ln13_fu_103      |    0    |    2    |
|----------|---------------------------|---------|---------|
|   read   | inpstream_read_read_fu_52 |    0    |    0    |
|----------|---------------------------|---------|---------|
|   write  |      grp_write_fu_58      |    0    |    0    |
|----------|---------------------------|---------|---------|
|   Total  |                           |    0    |    69   |
|----------|---------------------------|---------|---------|

Memories:
N/A

* Register list:
+----------------------+--------+
|                      |   FF   |
+----------------------+--------+
|   icmp_ln9_reg_127   |    1   |
|inpstream_read_reg_131|   64   |
|    or_ln13_reg_136   |    1   |
|       v_reg_120      |   14   |
+----------------------+--------+
|         Total        |   80   |
+----------------------+--------+

* Multiplexer (MUX) list: 
|--------|------|------|------|--------|
|  Comp  |  Pin | Size |  BW  | S x BW |
|--------|------|------|------|--------|
|  Total |      |      |      |    0   |
|--------|------|------|------|--------|



* Summary:
+-----------+--------+--------+
|           |   FF   |   LUT  |
+-----------+--------+--------+
|  Function |    0   |   69   |
|   Memory  |    -   |    -   |
|Multiplexer|    -   |    -   |
|  Register |   80   |    -   |
+-----------+--------+--------+
|   Total   |   80   |   69   |
+-----------+--------+--------+
