

================================================================
== Vitis HLS Report for 'cyclicPrefixRemoval'
================================================================
* Date:           Tue May 23 10:36:11 2023

* Version:        2022.2.2 (Build 3779808 on Feb 17 2023)
* Project:        a81
* Solution:       solution_cpr (Vivado IP Flow Target)
* Product family: zynq
* Target device:  xc7z020-clg484-1


================================================================
== Performance Estimates
================================================================
+ Timing: 
    * Summary: 
    +--------+----------+----------+------------+
    |  Clock |  Target  | Estimated| Uncertainty|
    +--------+----------+----------+------------+
    |ap_clk  |  10.00 ns|  3.797 ns|     2.70 ns|
    +--------+----------+----------+------------+

+ Latency: 
    * Summary: 
    +---------+---------+-----------+-----------+------+------+---------+
    |  Latency (cycles) |   Latency (absolute)  |   Interval  | Pipeline|
    |   min   |   max   |    min    |    max    |  min |  max |   Type  |
    +---------+---------+-----------+-----------+------+------+---------+
    |     8803|     8803|  88.030 us|  88.030 us|  8804|  8804|       no|
    +---------+---------+-----------+-----------+------+------+---------+

    + Detail: 
        * Instance: 
        N/A

        * Loop: 
        +------------------+---------+---------+----------+-----------+-----------+------+----------+
        |                  |  Latency (cycles) | Iteration|  Initiation Interval  | Trip |          |
        |     Loop Name    |   min   |   max   |  Latency |  achieved |   target  | Count| Pipelined|
        +------------------+---------+---------+----------+-----------+-----------+------+----------+
        |- VITIS_LOOP_9_1  |     8801|     8801|         3|          1|          1|  8800|       yes|
        +------------------+---------+---------+----------+-----------+-----------+------+----------+

============================================================
+ Verbose Summary: Synthesis Manager
============================================================
InlineROM: 1
ExposeGlobal: 0
============================================================
+ Verbose Summary: CDFG Model
============================================================
IsTopModel: 1
ResetActiveHigh: 1
IsCombinational: 0
IsDatapathOnly: 0
HasWiredReturn: 1
HasMFsm: 2
HasVarLatency: 1
IsPipeline: 0
IsRtlPipelined: 0
IsInstanceOverlapped: 0
IsDontTouch: 0
HasImplIP: 0
IsGatedGlobalClock: 0

+ Individual pipeline summary: 
  * Pipeline-0: initiation interval (II) = 1, depth = 3


============================================================
+ Verbose Summary: Schedule
============================================================
* Number of FSM states : 3
* Pipeline : 1
  Pipeline-0 : II = 1, D = 3, States = { 1 2 3 }
* Dataflow Pipeline: 0

* FSM state transitions: 
1 --> 2 
2 --> 3 
3 --> 

* FSM state operations: 

State 1 <SV = 0> <Delay = 3.79>
ST_1 : Operation 6 [1/1] (0.00ns)   --->   "%v = alloca i32 1"   --->   Operation 6 'alloca' 'v' <Predicate = true> <Delay = 0.00>
ST_1 : Operation 7 [1/1] (0.00ns)   --->   "%spectopmodule_ln4 = spectopmodule void @_ssdm_op_SpecTopModule, void @empty_2" [../../meth1/cpr.cpp:4]   --->   Operation 7 'spectopmodule' 'spectopmodule_ln4' <Predicate = true> <Delay = 0.00>
ST_1 : Operation 8 [1/1] (0.00ns)   --->   "%specinterface_ln0 = specinterface void @_ssdm_op_SpecInterface, i64 %inpstream, void @empty, i32 1, i32 1, void @empty_0, i32 0, i32 0, void @empty_1, void @empty_1, void @empty_1, i32 0, i32 0, i32 0, i32 0, void @empty_1, void @empty_1, i32 4294967295, i32 0"   --->   Operation 8 'specinterface' 'specinterface_ln0' <Predicate = true> <Delay = 0.00>
ST_1 : Operation 9 [1/1] (0.00ns)   --->   "%specbitsmap_ln0 = specbitsmap void @_ssdm_op_SpecBitsMap, i64 %inpstream"   --->   Operation 9 'specbitsmap' 'specbitsmap_ln0' <Predicate = true> <Delay = 0.00>
ST_1 : Operation 10 [1/1] (0.00ns)   --->   "%specinterface_ln0 = specinterface void @_ssdm_op_SpecInterface, i64 %oupstream, void @empty, i32 1, i32 1, void @empty_0, i32 0, i32 0, void @empty_1, void @empty_1, void @empty_1, i32 0, i32 0, i32 0, i32 0, void @empty_1, void @empty_1, i32 4294967295, i32 0"   --->   Operation 10 'specinterface' 'specinterface_ln0' <Predicate = true> <Delay = 0.00>
ST_1 : Operation 11 [1/1] (0.00ns)   --->   "%specbitsmap_ln0 = specbitsmap void @_ssdm_op_SpecBitsMap, i64 %oupstream"   --->   Operation 11 'specbitsmap' 'specbitsmap_ln0' <Predicate = true> <Delay = 0.00>
ST_1 : Operation 12 [1/1] (1.58ns)   --->   "%store_ln9 = store i14 1, i14 %v" [../../meth1/cpr.cpp:9]   --->   Operation 12 'store' 'store_ln9' <Predicate = true> <Delay = 1.58>
ST_1 : Operation 13 [1/1] (0.00ns)   --->   "%br_ln9 = br void %for.body" [../../meth1/cpr.cpp:9]   --->   Operation 13 'br' 'br_ln9' <Predicate = true> <Delay = 0.00>
ST_1 : Operation 14 [1/1] (0.00ns)   --->   "%v_2 = load i14 %v" [../../meth1/cpr.cpp:9]   --->   Operation 14 'load' 'v_2' <Predicate = true> <Delay = 0.00>
ST_1 : Operation 15 [1/1] (2.20ns)   --->   "%icmp_ln9 = icmp_eq  i14 %v_2, i14 8801" [../../meth1/cpr.cpp:9]   --->   Operation 15 'icmp' 'icmp_ln9' <Predicate = true> <Delay = 2.20> <CoreInst = "Cmp">   --->   Core 9 'Cmp' <Latency = 0> <II = 1> <Delay = 2.20> <FuncUnit> <Opcode : 'icmp'> <InPorts = 2> <OutPorts = 1>
ST_1 : Operation 16 [1/1] (0.00ns)   --->   "%empty = speclooptripcount i32 @_ssdm_op_SpecLoopTripCount, i64 8800, i64 8800, i64 8800"   --->   Operation 16 'speclooptripcount' 'empty' <Predicate = true> <Delay = 0.00>
ST_1 : Operation 17 [1/1] (0.00ns)   --->   "%br_ln9 = br i1 %icmp_ln9, void %for.body.split, void %for.cond.cleanup" [../../meth1/cpr.cpp:9]   --->   Operation 17 'br' 'br_ln9' <Predicate = true> <Delay = 0.00>
ST_1 : Operation 18 [1/1] (0.00ns)   --->   "%specpipeline_ln10 = specpipeline void @_ssdm_op_SpecPipeline, i32 1, i32 0, i32 0, i32 0, void @empty_1" [../../meth1/cpr.cpp:10]   --->   Operation 18 'specpipeline' 'specpipeline_ln10' <Predicate = (!icmp_ln9)> <Delay = 0.00>
ST_1 : Operation 19 [1/1] (0.00ns)   --->   "%specloopname_ln9 = specloopname void @_ssdm_op_SpecLoopName, void @empty_3" [../../meth1/cpr.cpp:9]   --->   Operation 19 'specloopname' 'specloopname_ln9' <Predicate = (!icmp_ln9)> <Delay = 0.00>
ST_1 : Operation 20 [1/1] (0.00ns)   --->   "%inpstream_read = read i64 @_ssdm_op_Read.axis.volatile.i64P128A, i64 %inpstream" [../../meth1/cpr.cpp:11]   --->   Operation 20 'read' 'inpstream_read' <Predicate = (!icmp_ln9)> <Delay = 0.00> <CoreInst = "axis">   --->   Core 115 'axis' <Latency = 0> <II = 1> <Delay = 1.00> <Adapter> <Opcode : >
ST_1 : Operation 21 [1/1] (2.20ns)   --->   "%icmp_ln13 = icmp_ugt  i14 %v_2, i14 320" [../../meth1/cpr.cpp:13]   --->   Operation 21 'icmp' 'icmp_ln13' <Predicate = (!icmp_ln9)> <Delay = 2.20> <CoreInst = "Cmp">   --->   Core 9 'Cmp' <Latency = 0> <II = 1> <Delay = 2.20> <FuncUnit> <Opcode : 'icmp'> <InPorts = 2> <OutPorts = 1>
ST_1 : Operation 22 [1/1] (2.20ns)   --->   "%icmp_ln13_1 = icmp_ult  i14 %v_2, i14 4417" [../../meth1/cpr.cpp:13]   --->   Operation 22 'icmp' 'icmp_ln13_1' <Predicate = (!icmp_ln9)> <Delay = 2.20> <CoreInst = "Cmp">   --->   Core 9 'Cmp' <Latency = 0> <II = 1> <Delay = 2.20> <FuncUnit> <Opcode : 'icmp'> <InPorts = 2> <OutPorts = 1>
ST_1 : Operation 23 [1/1] (0.00ns) (grouped into LUT with out node or_ln13)   --->   "%and_ln13 = and i1 %icmp_ln13, i1 %icmp_ln13_1" [../../meth1/cpr.cpp:13]   --->   Operation 23 'and' 'and_ln13' <Predicate = (!icmp_ln9)> <Delay = 0.00> <CoreInst = "LogicGate">   --->   Core 74 'LogicGate' <Latency = 0> <II = 1> <Delay = 0.97> <FuncUnit> <Opcode : 'and' 'or' 'xor'> <InPorts = 2> <OutPorts = 1>
ST_1 : Operation 24 [1/1] (2.20ns)   --->   "%icmp_ln13_2 = icmp_ugt  i14 %v_2, i14 4704" [../../meth1/cpr.cpp:13]   --->   Operation 24 'icmp' 'icmp_ln13_2' <Predicate = (!icmp_ln9)> <Delay = 2.20> <CoreInst = "Cmp">   --->   Core 9 'Cmp' <Latency = 0> <II = 1> <Delay = 2.20> <FuncUnit> <Opcode : 'icmp'> <InPorts = 2> <OutPorts = 1>
ST_1 : Operation 25 [1/1] (0.97ns) (out node of the LUT)   --->   "%or_ln13 = or i1 %and_ln13, i1 %icmp_ln13_2" [../../meth1/cpr.cpp:13]   --->   Operation 25 'or' 'or_ln13' <Predicate = (!icmp_ln9)> <Delay = 0.97> <CoreInst = "LogicGate">   --->   Core 74 'LogicGate' <Latency = 0> <II = 1> <Delay = 0.97> <FuncUnit> <Opcode : 'and' 'or' 'xor'> <InPorts = 2> <OutPorts = 1>
ST_1 : Operation 26 [1/1] (0.00ns)   --->   "%br_ln13 = br i1 %or_ln13, void %for.inc, void %if.then" [../../meth1/cpr.cpp:13]   --->   Operation 26 'br' 'br_ln13' <Predicate = (!icmp_ln9)> <Delay = 0.00>
ST_1 : Operation 27 [1/1] (1.81ns)   --->   "%v_3 = add i14 %v_2, i14 1" [../../meth1/cpr.cpp:9]   --->   Operation 27 'add' 'v_3' <Predicate = (!icmp_ln9)> <Delay = 1.81> <CoreInst = "Adder">   --->   Core 1 'Adder' <Latency = 0> <II = 1> <Delay = 1.81> <FuncUnit> <Opcode : 'add' 'sub'> <InPorts = 2> <OutPorts = 1>
ST_1 : Operation 28 [1/1] (1.58ns)   --->   "%store_ln9 = store i14 %v_3, i14 %v" [../../meth1/cpr.cpp:9]   --->   Operation 28 'store' 'store_ln9' <Predicate = (!icmp_ln9)> <Delay = 1.58>
ST_1 : Operation 29 [1/1] (0.00ns)   --->   "%br_ln9 = br void %for.body" [../../meth1/cpr.cpp:9]   --->   Operation 29 'br' 'br_ln9' <Predicate = (!icmp_ln9)> <Delay = 0.00>

State 2 <SV = 1> <Delay = 0.00>
ST_2 : Operation 30 [2/2] (0.00ns)   --->   "%write_ln14 = write void @_ssdm_op_Write.axis.volatile.i64P128A, i64 %oupstream, i64 %inpstream_read" [../../meth1/cpr.cpp:14]   --->   Operation 30 'write' 'write_ln14' <Predicate = (or_ln13)> <Delay = 0.00> <CoreInst = "axis">   --->   Core 115 'axis' <Latency = 0> <II = 1> <Delay = 1.00> <Adapter> <Opcode : >
ST_2 : Operation 33 [1/1] (0.00ns)   --->   "%ret_ln17 = ret" [../../meth1/cpr.cpp:17]   --->   Operation 33 'ret' 'ret_ln17' <Predicate = (icmp_ln9)> <Delay = 0.00>

State 3 <SV = 2> <Delay = 0.00>
ST_3 : Operation 31 [1/2] (0.00ns)   --->   "%write_ln14 = write void @_ssdm_op_Write.axis.volatile.i64P128A, i64 %oupstream, i64 %inpstream_read" [../../meth1/cpr.cpp:14]   --->   Operation 31 'write' 'write_ln14' <Predicate = (or_ln13)> <Delay = 0.00> <CoreInst = "axis">   --->   Core 115 'axis' <Latency = 0> <II = 1> <Delay = 1.00> <Adapter> <Opcode : >
ST_3 : Operation 32 [1/1] (0.00ns)   --->   "%br_ln15 = br void %for.inc" [../../meth1/cpr.cpp:15]   --->   Operation 32 'br' 'br_ln15' <Predicate = (or_ln13)> <Delay = 0.00>


============================================================
+ Verbose Summary: Timing violations
============================================================
Target clock period: 10ns, clock uncertainty: 2.7ns.

 <State 1>: 3.8ns
The critical path consists of the following:
	'alloca' operation ('v') [3]  (0 ns)
	'load' operation ('v', ../../meth1/cpr.cpp:9) on local variable 'v' [12]  (0 ns)
	'add' operation ('v', ../../meth1/cpr.cpp:9) [30]  (1.81 ns)
	'store' operation ('store_ln9', ../../meth1/cpr.cpp:9) of variable 'v', ../../meth1/cpr.cpp:9 on local variable 'v' [31]  (1.59 ns)
	blocking operation 0.397 ns on control path)

 <State 2>: 0ns
The critical path consists of the following:

 <State 3>: 0ns
The critical path consists of the following:


============================================================
+ Verbose Summary: Binding
============================================================
N/A
* FSMD analyzer results:
  - Output states:
 - Input state : 
  - Chain level:
	State 1
	State 2
	State 3


============================================================
+ Verbose Summary: Datapath Resource usage 
============================================================
N/A
