#-----------------------------------------------------------
# Vivado v2022.2.2 (64-bit)
# SW Build 3788238 on Tue Feb 21 19:59:23 MST 2023
# IP Build 3783773 on Tue Feb 21 23:41:56 MST 2023
# Start of session at: Fri Sep 15 10:54:29 2023
# Process ID: 9583
# Current directory: /home/sam-admin/git/Training/Scripting/using_vivado/using_cli
# Command line: vivado -mode batch -source hello.tcl
# Log file: /home/sam-admin/git/Training/Scripting/using_vivado/using_cli/vivado.log
# Journal file: /home/sam-admin/git/Training/Scripting/using_vivado/using_cli/vivado.jou
# Running On: sampaths-lappie, OS: Linux, CPU Frequency: 3400.240 MHz, CPU Physical cores: 4, Host memory: 8092 MB
#-----------------------------------------------------------
source hello.tcl
# puts "HALF ADDER WITHOUT GUI AND JENKINS"
HALF ADDER WITHOUT GUI AND JENKINS
# set project_name "halfadder_tcl"
# set source_file "adder1.v" 
# set testbench_file "adder_tb.v"
# create_project $project_name ./using_tcl/$project_name -part xc7z020clg484-1 -force
create_project: Time (s): cpu = 00:00:05 ; elapsed = 00:00:11 . Memory (MB): peak = 1293.863 ; gain = 10.023 ; free physical = 499 ; free virtual = 6525
# add_files -fileset sources_1 $source_file
# add_files -fileset sim_1 $testbench_file
# set_property top adder_tb [current_fileset]
# current_project $project_name
# set_property target_simulator "XSim" [current_project]
# set_property top adder_tb [get_filesets sim_1]
# launch_simulation 
Command: launch_simulation 
INFO: [Vivado 12-12493] Simulation top is 'adder_tb'
WARNING: [Vivado 12-13277] Compiled library path does not exist: ''
INFO: [Vivado 12-5682] Launching behavioral simulation in '/home/sam-admin/git/Training/Scripting/using_vivado/using_cli/using_tcl/halfadder_tcl/halfadder_tcl.sim/sim_1/behav/xsim'
INFO: [SIM-utils-51] Simulation object is 'sim_1'
INFO: [SIM-utils-72] Using boost library from '/tools/Xilinx/Vivado/2022.2/tps/boost_1_72_0'
INFO: [SIM-utils-54] Inspecting design source files for 'adder_tb' in fileset 'sim_1'...
INFO: [USF-XSim-97] Finding global include files...
INFO: [USF-XSim-98] Fetching design files from 'sim_1'...
INFO: [USF-XSim-2] XSim::Compile design
INFO: [USF-XSim-61] Executing 'COMPILE and ANALYZE' step in '/home/sam-admin/git/Training/Scripting/using_vivado/using_cli/using_tcl/halfadder_tcl/halfadder_tcl.sim/sim_1/behav/xsim'
xvlog --incr --relax -prj adder_tb_vlog.prj
INFO: [VRFC 10-2263] Analyzing Verilog file "/home/sam-admin/git/Training/Scripting/using_vivado/using_cli/adder1.v" into library xil_defaultlib
INFO: [VRFC 10-311] analyzing module adder1
INFO: [VRFC 10-2263] Analyzing Verilog file "/home/sam-admin/git/Training/Scripting/using_vivado/using_cli/adder_tb.v" into library xil_defaultlib
INFO: [VRFC 10-311] analyzing module adder_tb
INFO: [VRFC 10-2263] Analyzing Verilog file "/home/sam-admin/git/Training/Scripting/using_vivado/using_cli/using_tcl/halfadder_tcl/halfadder_tcl.sim/sim_1/behav/xsim/glbl.v" into library xil_defaultlib
INFO: [VRFC 10-311] analyzing module glbl
Waiting for jobs to finish...
No pending jobs, compilation finished.
INFO: [USF-XSim-69] 'compile' step finished in '4' seconds
INFO: [USF-XSim-3] XSim::Elaborate design
INFO: [USF-XSim-61] Executing 'ELABORATE' step in '/home/sam-admin/git/Training/Scripting/using_vivado/using_cli/using_tcl/halfadder_tcl/halfadder_tcl.sim/sim_1/behav/xsim'
xelab --incr --debug typical --relax --mt 8 -L xil_defaultlib -L unisims_ver -L unimacro_ver -L secureip --snapshot adder_tb_behav xil_defaultlib.adder_tb xil_defaultlib.glbl -log elaborate.log
Vivado Simulator v2022.2.2
Copyright 1986-1999, 2001-2022 Xilinx, Inc. All Rights Reserved.
Running: /tools/Xilinx/Vivado/2022.2/bin/unwrapped/lnx64.o/xelab --incr --debug typical --relax --mt 8 -L xil_defaultlib -L unisims_ver -L unimacro_ver -L secureip --snapshot adder_tb_behav xil_defaultlib.adder_tb xil_defaultlib.glbl -log elaborate.log 
Using 8 slave threads.
Starting static elaboration
Pass Through NonSizing Optimizer
Completed static elaboration
Starting simulation data flow analysis
Completed simulation data flow analysis
Time Resolution for simulation is 1ps
Compiling module xil_defaultlib.adder1
Compiling module xil_defaultlib.adder_tb
Compiling module xil_defaultlib.glbl
Built simulation snapshot adder_tb_behav
execute_script: Time (s): cpu = 00:00:02 ; elapsed = 00:00:06 . Memory (MB): peak = 1317.680 ; gain = 0.000 ; free physical = 375 ; free virtual = 6516
INFO: [USF-XSim-69] 'elaborate' step finished in '6' seconds
INFO: [USF-XSim-4] XSim::Simulate design
INFO: [USF-XSim-61] Executing 'SIMULATE' step in '/home/sam-admin/git/Training/Scripting/using_vivado/using_cli/using_tcl/halfadder_tcl/halfadder_tcl.sim/sim_1/behav/xsim'
INFO: [USF-XSim-98] *** Running xsim
   with args "adder_tb_behav -key {Behavioral:sim_1:Functional:adder_tb} -tclbatch {adder_tb.tcl} -log {simulate.log}"
INFO: [USF-XSim-8] Loading simulator feature
Time resolution is 1 ps
source adder_tb.tcl
## current_wave_config
0 + 0 = 0 with carry 0 at time                10000
0 + 1 = 1 with carry 0 at time                20000
1 + 0 = 1 with carry 0 at time                30000
1 + 1 = 0 with carry 1 at time                40000
$stop called at time : 50 ns : File "/home/sam-admin/git/Training/Scripting/using_vivado/using_cli/adder_tb.v" Line 23
INFO: [USF-XSim-96] XSim completed. Design snapshot 'adder_tb_behav' loaded.
INFO: [USF-XSim-97] XSim simulation ran for 1000ns
launch_simulation: Time (s): cpu = 00:00:06 ; elapsed = 00:00:16 . Memory (MB): peak = 1393.766 ; gain = 99.902 ; free physical = 365 ; free virtual = 6516
# create_wave_config waveform
# save_wave_config waveform
# close_wave_config waveform
WARNING: [Wavedata 42-16] Error Unable to get wave configuration 'waveform'.
# close_sim
INFO: [Simtcl 6-16] Simulation closed
# set_property top adder1 [current_fileset]
# synth_design -top adder1
Command: synth_design -top adder1
Starting synth_design
Using part: xc7z020clg484-1
Attempting to get a license for feature 'Synthesis' and/or device 'xc7z020'
INFO: [Common 17-349] Got license for feature 'Synthesis' and/or device 'xc7z020'
INFO: [Synth 8-7079] Multithreading enabled for synth_design using a maximum of 4 processes.
INFO: [Synth 8-7078] Launching helper process for spawning children vivado processes
INFO: [Synth 8-7075] Helper process launched with PID 9735
INFO: [Synth 8-11241] undeclared symbol 'REGCCE', assumed default net type 'wire' [/tools/Xilinx/Vivado/2022.2/data/verilog/src/unimacro/BRAM_SINGLE_MACRO.v:2170]
---------------------------------------------------------------------------------
Starting Synthesize : Time (s): cpu = 00:00:04 ; elapsed = 00:00:05 . Memory (MB): peak = 1735.707 ; gain = 341.941 ; free physical = 179 ; free virtual = 6054
Synthesis current peak Physical Memory [PSS] (MB): peak = 1239.101; parent = 983.831; children = 255.270
Synthesis current peak Virtual Memory [VSS] (MB): peak = 2708.883; parent = 1735.711; children = 973.172
---------------------------------------------------------------------------------
INFO: [Synth 8-6157] synthesizing module 'adder1' [/home/sam-admin/git/Training/Scripting/using_vivado/using_cli/adder1.v:3]
INFO: [Synth 8-6155] done synthesizing module 'adder1' (0#1) [/home/sam-admin/git/Training/Scripting/using_vivado/using_cli/adder1.v:3]
---------------------------------------------------------------------------------
Finished Synthesize : Time (s): cpu = 00:00:05 ; elapsed = 00:00:07 . Memory (MB): peak = 1802.676 ; gain = 408.910 ; free physical = 317 ; free virtual = 6151
Synthesis current peak Physical Memory [PSS] (MB): peak = 1239.101; parent = 983.831; children = 255.270
Synthesis current peak Virtual Memory [VSS] (MB): peak = 2775.852; parent = 1802.680; children = 973.172
---------------------------------------------------------------------------------
---------------------------------------------------------------------------------
Finished Constraint Validation : Time (s): cpu = 00:00:06 ; elapsed = 00:00:08 . Memory (MB): peak = 1817.520 ; gain = 423.754 ; free physical = 304 ; free virtual = 6138
Synthesis current peak Physical Memory [PSS] (MB): peak = 1239.101; parent = 983.831; children = 255.270
Synthesis current peak Virtual Memory [VSS] (MB): peak = 2790.695; parent = 1817.523; children = 973.172
---------------------------------------------------------------------------------
---------------------------------------------------------------------------------
Start Loading Part and Timing Information
---------------------------------------------------------------------------------
Loading part: xc7z020clg484-1
---------------------------------------------------------------------------------
Finished Loading Part and Timing Information : Time (s): cpu = 00:00:06 ; elapsed = 00:00:08 . Memory (MB): peak = 1817.520 ; gain = 423.754 ; free physical = 303 ; free virtual = 6137
INFO: [Device 21-403] Loading part xc7z020clg484-1
Synthesis current peak Physical Memory [PSS] (MB): peak = 1239.101; parent = 983.831; children = 255.270
Synthesis current peak Virtual Memory [VSS] (MB): peak = 2790.695; parent = 1817.523; children = 973.172
---------------------------------------------------------------------------------
---------------------------------------------------------------------------------
Finished RTL Optimization Phase 2 : Time (s): cpu = 00:00:06 ; elapsed = 00:00:08 . Memory (MB): peak = 1826.426 ; gain = 432.660 ; free physical = 295 ; free virtual = 6130
Synthesis current peak Physical Memory [PSS] (MB): peak = 1239.101; parent = 983.831; children = 255.270
Synthesis current peak Virtual Memory [VSS] (MB): peak = 2799.602; parent = 1826.430; children = 973.172
---------------------------------------------------------------------------------
No constraint files found.
---------------------------------------------------------------------------------
Start RTL Component Statistics 
---------------------------------------------------------------------------------
Detailed RTL Component Info : 
+---XORs : 
	   2 Input      1 Bit         XORs := 1     
---------------------------------------------------------------------------------
Finished RTL Component Statistics 
---------------------------------------------------------------------------------
---------------------------------------------------------------------------------
Start Part Resource Summary
---------------------------------------------------------------------------------
Part Resources:
DSPs: 220 (col length:60)
BRAMs: 280 (col length: RAMB18 60 RAMB36 30)
---------------------------------------------------------------------------------
Finished Part Resource Summary
---------------------------------------------------------------------------------
No constraint files found.
---------------------------------------------------------------------------------
Start Cross Boundary and Area Optimization
---------------------------------------------------------------------------------
WARNING: [Synth 8-7080] Parallel synthesis criteria is not met
---------------------------------------------------------------------------------
Finished Cross Boundary and Area Optimization : Time (s): cpu = 00:00:11 ; elapsed = 00:00:15 . Memory (MB): peak = 1962.582 ; gain = 568.816 ; free physical = 147 ; free virtual = 5834
Synthesis current peak Physical Memory [PSS] (MB): peak = 1473.034; parent = 1217.917; children = 255.270
Synthesis current peak Virtual Memory [VSS] (MB): peak = 2935.758; parent = 1962.586; children = 973.172
---------------------------------------------------------------------------------
No constraint files found.
---------------------------------------------------------------------------------
Start Timing Optimization
---------------------------------------------------------------------------------
---------------------------------------------------------------------------------
Finished Timing Optimization : Time (s): cpu = 00:00:11 ; elapsed = 00:00:15 . Memory (MB): peak = 1962.582 ; gain = 568.816 ; free physical = 152 ; free virtual = 5828
Synthesis current peak Physical Memory [PSS] (MB): peak = 1476.437; parent = 1221.319; children = 255.270
Synthesis current peak Virtual Memory [VSS] (MB): peak = 2935.758; parent = 1962.586; children = 973.172
---------------------------------------------------------------------------------
---------------------------------------------------------------------------------
Start Technology Mapping
---------------------------------------------------------------------------------
---------------------------------------------------------------------------------
Finished Technology Mapping : Time (s): cpu = 00:00:11 ; elapsed = 00:00:15 . Memory (MB): peak = 1970.590 ; gain = 576.824 ; free physical = 148 ; free virtual = 5824
Synthesis current peak Physical Memory [PSS] (MB): peak = 1477.015; parent = 1221.897; children = 255.270
Synthesis current peak Virtual Memory [VSS] (MB): peak = 2943.766; parent = 1970.594; children = 973.172
---------------------------------------------------------------------------------
---------------------------------------------------------------------------------
Start IO Insertion
---------------------------------------------------------------------------------
---------------------------------------------------------------------------------
Start Flattening Before IO Insertion
---------------------------------------------------------------------------------
---------------------------------------------------------------------------------
Finished Flattening Before IO Insertion
---------------------------------------------------------------------------------
---------------------------------------------------------------------------------
Start Final Netlist Cleanup
---------------------------------------------------------------------------------
---------------------------------------------------------------------------------
Finished Final Netlist Cleanup
---------------------------------------------------------------------------------
---------------------------------------------------------------------------------
Finished IO Insertion : Time (s): cpu = 00:00:15 ; elapsed = 00:00:19 . Memory (MB): peak = 1970.590 ; gain = 576.824 ; free physical = 135 ; free virtual = 5814
Synthesis current peak Physical Memory [PSS] (MB): peak = 1477.176; parent = 1222.059; children = 255.270
Synthesis current peak Virtual Memory [VSS] (MB): peak = 2943.766; parent = 1970.594; children = 973.172
---------------------------------------------------------------------------------
---------------------------------------------------------------------------------
Start Renaming Generated Instances
---------------------------------------------------------------------------------
---------------------------------------------------------------------------------
Finished Renaming Generated Instances : Time (s): cpu = 00:00:15 ; elapsed = 00:00:19 . Memory (MB): peak = 1970.590 ; gain = 576.824 ; free physical = 135 ; free virtual = 5814
Synthesis current peak Physical Memory [PSS] (MB): peak = 1477.191; parent = 1222.074; children = 255.270
Synthesis current peak Virtual Memory [VSS] (MB): peak = 2943.766; parent = 1970.594; children = 973.172
---------------------------------------------------------------------------------
---------------------------------------------------------------------------------
Start Rebuilding User Hierarchy
---------------------------------------------------------------------------------
---------------------------------------------------------------------------------
Finished Rebuilding User Hierarchy : Time (s): cpu = 00:00:15 ; elapsed = 00:00:19 . Memory (MB): peak = 1970.590 ; gain = 576.824 ; free physical = 135 ; free virtual = 5814
Synthesis current peak Physical Memory [PSS] (MB): peak = 1477.285; parent = 1222.168; children = 255.270
Synthesis current peak Virtual Memory [VSS] (MB): peak = 2943.766; parent = 1970.594; children = 973.172
---------------------------------------------------------------------------------
---------------------------------------------------------------------------------
Start Renaming Generated Ports
---------------------------------------------------------------------------------
---------------------------------------------------------------------------------
Finished Renaming Generated Ports : Time (s): cpu = 00:00:15 ; elapsed = 00:00:19 . Memory (MB): peak = 1970.590 ; gain = 576.824 ; free physical = 135 ; free virtual = 5814
Synthesis current peak Physical Memory [PSS] (MB): peak = 1477.363; parent = 1222.246; children = 255.270
Synthesis current peak Virtual Memory [VSS] (MB): peak = 2943.766; parent = 1970.594; children = 973.172
---------------------------------------------------------------------------------
---------------------------------------------------------------------------------
Start Handling Custom Attributes
---------------------------------------------------------------------------------
---------------------------------------------------------------------------------
Finished Handling Custom Attributes : Time (s): cpu = 00:00:15 ; elapsed = 00:00:19 . Memory (MB): peak = 1970.590 ; gain = 576.824 ; free physical = 135 ; free virtual = 5814
Synthesis current peak Physical Memory [PSS] (MB): peak = 1477.379; parent = 1222.262; children = 255.270
Synthesis current peak Virtual Memory [VSS] (MB): peak = 2943.766; parent = 1970.594; children = 973.172
---------------------------------------------------------------------------------
---------------------------------------------------------------------------------
Start Renaming Generated Nets
---------------------------------------------------------------------------------
---------------------------------------------------------------------------------
Finished Renaming Generated Nets : Time (s): cpu = 00:00:15 ; elapsed = 00:00:19 . Memory (MB): peak = 1970.590 ; gain = 576.824 ; free physical = 135 ; free virtual = 5814
Synthesis current peak Physical Memory [PSS] (MB): peak = 1477.395; parent = 1222.277; children = 255.270
Synthesis current peak Virtual Memory [VSS] (MB): peak = 2943.766; parent = 1970.594; children = 973.172
---------------------------------------------------------------------------------
---------------------------------------------------------------------------------
Start Writing Synthesis Report
---------------------------------------------------------------------------------

Report BlackBoxes: 
+-+--------------+----------+
| |BlackBox name |Instances |
+-+--------------+----------+
+-+--------------+----------+

Report Cell Usage: 
+------+-----+------+
|      |Cell |Count |
+------+-----+------+
|1     |LUT2 |     2|
|2     |IBUF |     2|
|3     |OBUF |     2|
+------+-----+------+

Report Instance Areas: 
+------+---------+-------+------+
|      |Instance |Module |Cells |
+------+---------+-------+------+
|1     |top      |       |     6|
+------+---------+-------+------+
---------------------------------------------------------------------------------
Finished Writing Synthesis Report : Time (s): cpu = 00:00:15 ; elapsed = 00:00:19 . Memory (MB): peak = 1970.590 ; gain = 576.824 ; free physical = 135 ; free virtual = 5814
Synthesis current peak Physical Memory [PSS] (MB): peak = 1477.410; parent = 1222.293; children = 255.270
Synthesis current peak Virtual Memory [VSS] (MB): peak = 2943.766; parent = 1970.594; children = 973.172
---------------------------------------------------------------------------------
Synthesis finished with 0 errors, 0 critical warnings and 1 warnings.
Synthesis Optimization Runtime : Time (s): cpu = 00:00:15 ; elapsed = 00:00:19 . Memory (MB): peak = 1970.590 ; gain = 576.824 ; free physical = 143 ; free virtual = 5821
Synthesis Optimization Complete : Time (s): cpu = 00:00:15 ; elapsed = 00:00:19 . Memory (MB): peak = 1970.598 ; gain = 576.824 ; free physical = 143 ; free virtual = 5821
INFO: [Project 1-571] Translating synthesized netlist
Netlist sorting complete. Time (s): cpu = 00:00:00 ; elapsed = 00:00:00 . Memory (MB): peak = 1976.527 ; gain = 0.000 ; free physical = 152 ; free virtual = 5822
INFO: [Project 1-570] Preparing netlist for logic optimization
INFO: [Opt 31-138] Pushed 0 inverter(s) to 0 load pin(s).
Netlist sorting complete. Time (s): cpu = 00:00:00 ; elapsed = 00:00:00 . Memory (MB): peak = 2091.199 ; gain = 0.000 ; free physical = 146 ; free virtual = 5832
INFO: [Project 1-111] Unisim Transformation Summary:
No Unisim elements were transformed.

Synth Design complete, checksum: 1770fe45
INFO: [Common 17-83] Releasing license: Synthesis
13 Infos, 1 Warnings, 0 Critical Warnings and 0 Errors encountered.
synth_design completed successfully
synth_design: Time (s): cpu = 00:00:20 ; elapsed = 00:00:23 . Memory (MB): peak = 2091.199 ; gain = 697.434 ; free physical = 348 ; free virtual = 6034
# set_property IOSTANDARD LVCMOS33 [get_ports a]
# set_property IOSTANDARD LVCMOS33 [get_ports b]
# set_property IOSTANDARD LVCMOS33 [get_ports c]
# set_property IOSTANDARD LVCMOS33 [get_ports s]
# set_property PACKAGE_PIN U7 [get_ports a]
# set_property PACKAGE_PIN W5 [get_ports b]
# set_property PACKAGE_PIN W6 [get_ports c]
# set_property PACKAGE_PIN W7 [get_ports s]
# opt_design
Command: opt_design
Attempting to get a license for feature 'Implementation' and/or device 'xc7z020'
INFO: [Common 17-349] Got license for feature 'Implementation' and/or device 'xc7z020'
Running DRC as a precondition to command opt_design

Starting DRC Task
INFO: [DRC 23-27] Running DRC with 8 threads
INFO: [Project 1-461] DRC finished with 0 Errors
INFO: [Project 1-462] Please refer to the DRC report (report_drc) for more information.

Time (s): cpu = 00:00:00.52 ; elapsed = 00:00:00.56 . Memory (MB): peak = 2155.230 ; gain = 64.031 ; free physical = 345 ; free virtual = 6031

Starting Cache Timing Information Task
INFO: [Timing 38-35] Done setting XDC timing constraints.
Ending Cache Timing Information Task | Checksum: 15e524ea6

Time (s): cpu = 00:00:06 ; elapsed = 00:00:08 . Memory (MB): peak = 2362.191 ; gain = 206.961 ; free physical = 164 ; free virtual = 5695

Starting Logic Optimization Task

Phase 1 Retarget
INFO: [Opt 31-138] Pushed 0 inverter(s) to 0 load pin(s).
INFO: [Opt 31-49] Retargeted 0 cell(s).
Phase 1 Retarget | Checksum: 15e524ea6

Time (s): cpu = 00:00:00.01 ; elapsed = 00:00:00.07 . Memory (MB): peak = 2581.160 ; gain = 0.000 ; free physical = 156 ; free virtual = 5477
INFO: [Opt 31-389] Phase Retarget created 0 cells and removed 0 cells

Phase 2 Constant propagation
INFO: [Opt 31-138] Pushed 0 inverter(s) to 0 load pin(s).
Phase 2 Constant propagation | Checksum: 15e524ea6

Time (s): cpu = 00:00:00.01 ; elapsed = 00:00:00.07 . Memory (MB): peak = 2581.160 ; gain = 0.000 ; free physical = 156 ; free virtual = 5477
INFO: [Opt 31-389] Phase Constant propagation created 0 cells and removed 0 cells

Phase 3 Sweep
Phase 3 Sweep | Checksum: 15e524ea6

Time (s): cpu = 00:00:00.01 ; elapsed = 00:00:00.07 . Memory (MB): peak = 2581.160 ; gain = 0.000 ; free physical = 156 ; free virtual = 5477
INFO: [Opt 31-389] Phase Sweep created 0 cells and removed 0 cells

Phase 4 BUFG optimization
Phase 4 BUFG optimization | Checksum: 15e524ea6

Time (s): cpu = 00:00:00.01 ; elapsed = 00:00:00.08 . Memory (MB): peak = 2613.176 ; gain = 32.016 ; free physical = 156 ; free virtual = 5477
INFO: [Opt 31-662] Phase BUFG optimization created 0 cells of which 0 are BUFGs and removed 0 cells.

Phase 5 Shift Register Optimization
INFO: [Opt 31-1064] SRL Remap converted 0 SRLs to 0 registers and converted 0 registers of register chains to 0 SRLs
Phase 5 Shift Register Optimization | Checksum: 15e524ea6

Time (s): cpu = 00:00:00.01 ; elapsed = 00:00:00.08 . Memory (MB): peak = 2613.176 ; gain = 32.016 ; free physical = 156 ; free virtual = 5477
INFO: [Opt 31-389] Phase Shift Register Optimization created 0 cells and removed 0 cells

Phase 6 Post Processing Netlist
Phase 6 Post Processing Netlist | Checksum: 15e524ea6

Time (s): cpu = 00:00:00.01 ; elapsed = 00:00:00.1 . Memory (MB): peak = 2613.176 ; gain = 32.016 ; free physical = 156 ; free virtual = 5477
INFO: [Opt 31-389] Phase Post Processing Netlist created 0 cells and removed 0 cells
Opt_design Change Summary
=========================


-------------------------------------------------------------------------------------------------------------------------
|  Phase                        |  #Cells created  |  #Cells Removed  |  #Constrained objects preventing optimizations  |
-------------------------------------------------------------------------------------------------------------------------
|  Retarget                     |               0  |               0  |                                              0  |
|  Constant propagation         |               0  |               0  |                                              0  |
|  Sweep                        |               0  |               0  |                                              0  |
|  BUFG optimization            |               0  |               0  |                                              0  |
|  Shift Register Optimization  |               0  |               0  |                                              0  |
|  Post Processing Netlist      |               0  |               0  |                                              0  |
-------------------------------------------------------------------------------------------------------------------------



Starting Connectivity Check Task

Time (s): cpu = 00:00:00 ; elapsed = 00:00:00 . Memory (MB): peak = 2613.176 ; gain = 0.000 ; free physical = 156 ; free virtual = 5477
Ending Logic Optimization Task | Checksum: 15e524ea6

Time (s): cpu = 00:00:00.02 ; elapsed = 00:00:00.1 . Memory (MB): peak = 2613.176 ; gain = 32.016 ; free physical = 156 ; free virtual = 5477

Starting Power Optimization Task
INFO: [Pwropt 34-132] Skipping clock gating for clocks with a period < 2.00 ns.
Ending Power Optimization Task | Checksum: 15e524ea6

Time (s): cpu = 00:00:00.01 ; elapsed = 00:00:00.02 . Memory (MB): peak = 2613.176 ; gain = 0.000 ; free physical = 343 ; free virtual = 5666

Starting Final Cleanup Task
Ending Final Cleanup Task | Checksum: 15e524ea6

Time (s): cpu = 00:00:00 ; elapsed = 00:00:00 . Memory (MB): peak = 2613.176 ; gain = 0.000 ; free physical = 343 ; free virtual = 5666

Starting Netlist Obfuscation Task
Netlist sorting complete. Time (s): cpu = 00:00:00.01 ; elapsed = 00:00:00 . Memory (MB): peak = 2613.176 ; gain = 0.000 ; free physical = 342 ; free virtual = 5665
Ending Netlist Obfuscation Task | Checksum: 15e524ea6

Time (s): cpu = 00:00:00.01 ; elapsed = 00:00:00 . Memory (MB): peak = 2613.176 ; gain = 0.000 ; free physical = 342 ; free virtual = 5665
INFO: [Common 17-83] Releasing license: Implementation
17 Infos, 0 Warnings, 0 Critical Warnings and 0 Errors encountered.
opt_design completed successfully
opt_design: Time (s): cpu = 00:00:09 ; elapsed = 00:00:11 . Memory (MB): peak = 2613.176 ; gain = 521.977 ; free physical = 340 ; free virtual = 5663
# place_design
Command: place_design
Attempting to get a license for feature 'Implementation' and/or device 'xc7z020'
INFO: [Common 17-349] Got license for feature 'Implementation' and/or device 'xc7z020'
INFO: [DRC 23-27] Running DRC with 8 threads
INFO: [Vivado_Tcl 4-198] DRC finished with 0 Errors
INFO: [Vivado_Tcl 4-199] Please refer to the DRC report (report_drc) for more information.
Running DRC as a precondition to command place_design
INFO: [DRC 23-27] Running DRC with 8 threads
INFO: [Vivado_Tcl 4-198] DRC finished with 0 Errors
INFO: [Vivado_Tcl 4-199] Please refer to the DRC report (report_drc) for more information.

Starting Placer Task
INFO: [Place 30-611] Multithreading enabled for place_design using a maximum of 8 CPUs

Phase 1 Placer Initialization

Phase 1.1 Placer Initialization Netlist Sorting
Netlist sorting complete. Time (s): cpu = 00:00:00 ; elapsed = 00:00:00 . Memory (MB): peak = 2645.191 ; gain = 0.000 ; free physical = 328 ; free virtual = 5653
Phase 1.1 Placer Initialization Netlist Sorting | Checksum: 146e15061

Time (s): cpu = 00:00:00 ; elapsed = 00:00:00.07 . Memory (MB): peak = 2645.191 ; gain = 0.000 ; free physical = 328 ; free virtual = 5653
Netlist sorting complete. Time (s): cpu = 00:00:00 ; elapsed = 00:00:00 . Memory (MB): peak = 2645.191 ; gain = 0.000 ; free physical = 328 ; free virtual = 5653

Phase 1.2 IO Placement/ Clock Placement/ Build Placer Device
INFO: [Timing 38-35] Done setting XDC timing constraints.
Phase 1.2 IO Placement/ Clock Placement/ Build Placer Device | Checksum: 146e15061

Time (s): cpu = 00:00:00.4 ; elapsed = 00:00:00.81 . Memory (MB): peak = 2645.191 ; gain = 0.000 ; free physical = 323 ; free virtual = 5651

Phase 1.3 Build Placer Netlist Model
Phase 1.3 Build Placer Netlist Model | Checksum: 1ba3d4c35

Time (s): cpu = 00:00:00.57 ; elapsed = 00:00:01 . Memory (MB): peak = 2645.191 ; gain = 0.000 ; free physical = 322 ; free virtual = 5651

Phase 1.4 Constrain Clocks/Macros
Phase 1.4 Constrain Clocks/Macros | Checksum: 1ba3d4c35

Time (s): cpu = 00:00:00.58 ; elapsed = 00:00:01 . Memory (MB): peak = 2645.191 ; gain = 0.000 ; free physical = 322 ; free virtual = 5651
Phase 1 Placer Initialization | Checksum: 1ba3d4c35

Time (s): cpu = 00:00:00.58 ; elapsed = 00:00:01 . Memory (MB): peak = 2645.191 ; gain = 0.000 ; free physical = 321 ; free virtual = 5650

Phase 2 Global Placement

Phase 2.1 Floorplanning
Phase 2.1 Floorplanning | Checksum: 1ba3d4c35

Time (s): cpu = 00:00:00.58 ; elapsed = 00:00:01 . Memory (MB): peak = 2645.191 ; gain = 0.000 ; free physical = 319 ; free virtual = 5649

Phase 2.2 Update Timing before SLR Path Opt
Phase 2.2 Update Timing before SLR Path Opt | Checksum: 1ba3d4c35

Time (s): cpu = 00:00:00.58 ; elapsed = 00:00:01 . Memory (MB): peak = 2645.191 ; gain = 0.000 ; free physical = 319 ; free virtual = 5649

Phase 2.3 Post-Processing in Floorplanning
Phase 2.3 Post-Processing in Floorplanning | Checksum: 1ba3d4c35

Time (s): cpu = 00:00:00.58 ; elapsed = 00:00:01 . Memory (MB): peak = 2645.191 ; gain = 0.000 ; free physical = 319 ; free virtual = 5649

Phase 2.4 Global Placement Core
WARNING: [Place 46-29] Timing had been disabled during Placer and, therefore, physical synthesis in Placer will be skipped.
Phase 2.4 Global Placement Core | Checksum: 1c08dfe07

Time (s): cpu = 00:00:01 ; elapsed = 00:00:01 . Memory (MB): peak = 2645.191 ; gain = 0.000 ; free physical = 299 ; free virtual = 5630
Phase 2 Global Placement | Checksum: 1c08dfe07

Time (s): cpu = 00:00:02 ; elapsed = 00:00:01 . Memory (MB): peak = 2645.191 ; gain = 0.000 ; free physical = 299 ; free virtual = 5630

Phase 3 Detail Placement

Phase 3.1 Commit Multi Column Macros
Phase 3.1 Commit Multi Column Macros | Checksum: 1c08dfe07

Time (s): cpu = 00:00:02 ; elapsed = 00:00:01 . Memory (MB): peak = 2645.191 ; gain = 0.000 ; free physical = 299 ; free virtual = 5630

Phase 3.2 Commit Most Macros & LUTRAMs
Phase 3.2 Commit Most Macros & LUTRAMs | Checksum: 18f40c335

Time (s): cpu = 00:00:02 ; elapsed = 00:00:01 . Memory (MB): peak = 2645.191 ; gain = 0.000 ; free physical = 299 ; free virtual = 5630

Phase 3.3 Area Swap Optimization
Phase 3.3 Area Swap Optimization | Checksum: 219c34738

Time (s): cpu = 00:00:02 ; elapsed = 00:00:01 . Memory (MB): peak = 2645.191 ; gain = 0.000 ; free physical = 299 ; free virtual = 5630

Phase 3.4 Pipeline Register Optimization
Phase 3.4 Pipeline Register Optimization | Checksum: 219c34738

Time (s): cpu = 00:00:02 ; elapsed = 00:00:01 . Memory (MB): peak = 2645.191 ; gain = 0.000 ; free physical = 299 ; free virtual = 5630

Phase 3.5 Small Shape Detail Placement
Phase 3.5 Small Shape Detail Placement | Checksum: bc3d291f

Time (s): cpu = 00:00:03 ; elapsed = 00:00:02 . Memory (MB): peak = 2645.191 ; gain = 0.000 ; free physical = 292 ; free virtual = 5624

Phase 3.6 Re-assign LUT pins
Phase 3.6 Re-assign LUT pins | Checksum: bc3d291f

Time (s): cpu = 00:00:03 ; elapsed = 00:00:02 . Memory (MB): peak = 2645.191 ; gain = 0.000 ; free physical = 292 ; free virtual = 5624

Phase 3.7 Pipeline Register Optimization
Phase 3.7 Pipeline Register Optimization | Checksum: bc3d291f

Time (s): cpu = 00:00:03 ; elapsed = 00:00:02 . Memory (MB): peak = 2645.191 ; gain = 0.000 ; free physical = 292 ; free virtual = 5624
Phase 3 Detail Placement | Checksum: bc3d291f

Time (s): cpu = 00:00:03 ; elapsed = 00:00:02 . Memory (MB): peak = 2645.191 ; gain = 0.000 ; free physical = 292 ; free virtual = 5624

Phase 4 Post Placement Optimization and Clean-Up

Phase 4.1 Post Commit Optimization
Phase 4.1 Post Commit Optimization | Checksum: bc3d291f

Time (s): cpu = 00:00:03 ; elapsed = 00:00:02 . Memory (MB): peak = 2645.191 ; gain = 0.000 ; free physical = 292 ; free virtual = 5624

Phase 4.2 Post Placement Cleanup
Phase 4.2 Post Placement Cleanup | Checksum: bc3d291f

Time (s): cpu = 00:00:03 ; elapsed = 00:00:02 . Memory (MB): peak = 2645.191 ; gain = 0.000 ; free physical = 292 ; free virtual = 5624

Phase 4.3 Placer Reporting

Phase 4.3.1 Print Estimated Congestion
INFO: [Place 30-612] Post-Placement Estimated Congestion 
 ____________________________________________________
|           | Global Congestion | Short Congestion  |
| Direction | Region Size       | Region Size       |
|___________|___________________|___________________|
|      North|                1x1|                1x1|
|___________|___________________|___________________|
|      South|                1x1|                1x1|
|___________|___________________|___________________|
|       East|                1x1|                1x1|
|___________|___________________|___________________|
|       West|                1x1|                1x1|
|___________|___________________|___________________|

Phase 4.3.1 Print Estimated Congestion | Checksum: bc3d291f

Time (s): cpu = 00:00:03 ; elapsed = 00:00:02 . Memory (MB): peak = 2645.191 ; gain = 0.000 ; free physical = 292 ; free virtual = 5624
Phase 4.3 Placer Reporting | Checksum: bc3d291f

Time (s): cpu = 00:00:03 ; elapsed = 00:00:02 . Memory (MB): peak = 2645.191 ; gain = 0.000 ; free physical = 292 ; free virtual = 5624

Phase 4.4 Final Placement Cleanup
Netlist sorting complete. Time (s): cpu = 00:00:00 ; elapsed = 00:00:00 . Memory (MB): peak = 2645.191 ; gain = 0.000 ; free physical = 292 ; free virtual = 5624

Time (s): cpu = 00:00:03 ; elapsed = 00:00:02 . Memory (MB): peak = 2645.191 ; gain = 0.000 ; free physical = 292 ; free virtual = 5624
Phase 4 Post Placement Optimization and Clean-Up | Checksum: bc3d291f

Time (s): cpu = 00:00:03 ; elapsed = 00:00:02 . Memory (MB): peak = 2645.191 ; gain = 0.000 ; free physical = 292 ; free virtual = 5624
Ending Placer Task | Checksum: ae215cea

Time (s): cpu = 00:00:03 ; elapsed = 00:00:02 . Memory (MB): peak = 2645.191 ; gain = 0.000 ; free physical = 292 ; free virtual = 5624
INFO: [Common 17-83] Releasing license: Implementation
11 Infos, 1 Warnings, 0 Critical Warnings and 0 Errors encountered.
place_design completed successfully
# route_design
Command: route_design
Attempting to get a license for feature 'Implementation' and/or device 'xc7z020'
INFO: [Common 17-349] Got license for feature 'Implementation' and/or device 'xc7z020'
Running DRC as a precondition to command route_design
INFO: [DRC 23-27] Running DRC with 8 threads
INFO: [Vivado_Tcl 4-198] DRC finished with 0 Errors
INFO: [Vivado_Tcl 4-199] Please refer to the DRC report (report_drc) for more information.


Starting Routing Task
INFO: [Route 35-254] Multithreading enabled for route_design using a maximum of 8 CPUs

Phase 1 Build RT Design
Checksum: PlaceDB: 5b5d39e0 ConstDB: 0 ShapeSum: 52c4230a RouteDB: 0
Post Restoration Checksum: NetGraph: 86e15016 NumContArr: 40b94c09 Constraints: 0 Timing: 0
Phase 1 Build RT Design | Checksum: c79a9c1f

Time (s): cpu = 00:00:22 ; elapsed = 00:00:19 . Memory (MB): peak = 2646.195 ; gain = 0.000 ; free physical = 176 ; free virtual = 5509

Phase 2 Router Initialization
INFO: [Route 35-64] No timing constraints were detected. The router will operate in resource-optimization mode.

Phase 2.1 Fix Topology Constraints
Phase 2.1 Fix Topology Constraints | Checksum: c79a9c1f

Time (s): cpu = 00:00:22 ; elapsed = 00:00:20 . Memory (MB): peak = 2646.195 ; gain = 0.000 ; free physical = 142 ; free virtual = 5477

Phase 2.2 Pre Route Cleanup
Phase 2.2 Pre Route Cleanup | Checksum: c79a9c1f

Time (s): cpu = 00:00:22 ; elapsed = 00:00:20 . Memory (MB): peak = 2646.195 ; gain = 0.000 ; free physical = 142 ; free virtual = 5477
 Number of Nodes with overlaps = 0

Router Utilization Summary
  Global Vertical Routing Utilization    = 0 %
  Global Horizontal Routing Utilization  = 0 %
  Routable Net Status*
  *Does not include unroutable nets such as driverless and loadless.
  Run report_route_status for detailed report.
  Number of Failed Nets               = 4
    (Failed Nets is the sum of unrouted and partially routed nets)
  Number of Unrouted Nets             = 4
  Number of Partially Routed Nets     = 0
  Number of Node Overlaps             = 0

Phase 2 Router Initialization | Checksum: 15d7db944

Time (s): cpu = 00:00:23 ; elapsed = 00:00:20 . Memory (MB): peak = 2646.195 ; gain = 0.000 ; free physical = 135 ; free virtual = 5470

Phase 3 Initial Routing

Phase 3.1 Global Routing
Phase 3.1 Global Routing | Checksum: 15d7db944

Time (s): cpu = 00:00:23 ; elapsed = 00:00:20 . Memory (MB): peak = 2646.195 ; gain = 0.000 ; free physical = 135 ; free virtual = 5470
Phase 3 Initial Routing | Checksum: 1d35ca73b

Time (s): cpu = 00:00:23 ; elapsed = 00:00:20 . Memory (MB): peak = 2646.195 ; gain = 0.000 ; free physical = 133 ; free virtual = 5468

Phase 4 Rip-up And Reroute

Phase 4.1 Global Iteration 0
 Number of Nodes with overlaps = 0
Phase 4.1 Global Iteration 0 | Checksum: f52a8087

Time (s): cpu = 00:00:23 ; elapsed = 00:00:20 . Memory (MB): peak = 2646.195 ; gain = 0.000 ; free physical = 132 ; free virtual = 5467
Phase 4 Rip-up And Reroute | Checksum: f52a8087

Time (s): cpu = 00:00:23 ; elapsed = 00:00:20 . Memory (MB): peak = 2646.195 ; gain = 0.000 ; free physical = 132 ; free virtual = 5467

Phase 5 Delay and Skew Optimization
Phase 5 Delay and Skew Optimization | Checksum: f52a8087

Time (s): cpu = 00:00:23 ; elapsed = 00:00:20 . Memory (MB): peak = 2646.195 ; gain = 0.000 ; free physical = 132 ; free virtual = 5467

Phase 6 Post Hold Fix

Phase 6.1 Hold Fix Iter
Phase 6.1 Hold Fix Iter | Checksum: f52a8087

Time (s): cpu = 00:00:23 ; elapsed = 00:00:20 . Memory (MB): peak = 2646.195 ; gain = 0.000 ; free physical = 132 ; free virtual = 5467
Phase 6 Post Hold Fix | Checksum: f52a8087

Time (s): cpu = 00:00:23 ; elapsed = 00:00:20 . Memory (MB): peak = 2646.195 ; gain = 0.000 ; free physical = 132 ; free virtual = 5467

Phase 7 Route finalize

Router Utilization Summary
  Global Vertical Routing Utilization    = 0.000207104 %
  Global Horizontal Routing Utilization  = 0.000760649 %
  Routable Net Status*
  *Does not include unroutable nets such as driverless and loadless.
  Run report_route_status for detailed report.
  Number of Failed Nets               = 0
    (Failed Nets is the sum of unrouted and partially routed nets)
  Number of Unrouted Nets             = 0
  Number of Partially Routed Nets     = 0
  Number of Node Overlaps             = 0

Congestion Report
North Dir 1x1 Area, Max Cong = 0%, No Congested Regions.
South Dir 1x1 Area, Max Cong = 1.8018%, No Congested Regions.
East Dir 1x1 Area, Max Cong = 2.94118%, No Congested Regions.
West Dir 1x1 Area, Max Cong = 4.41176%, No Congested Regions.

------------------------------
Reporting congestion hotspots
------------------------------
Direction: North
----------------
Congested clusters found at Level 0
Effective congestion level: 0 Aspect Ratio: 1 Sparse Ratio: 0
Direction: South
----------------
Congested clusters found at Level 0
Effective congestion level: 0 Aspect Ratio: 1 Sparse Ratio: 0
Direction: East
----------------
Congested clusters found at Level 0
Effective congestion level: 0 Aspect Ratio: 1 Sparse Ratio: 0
Direction: West
----------------
Congested clusters found at Level 0
Effective congestion level: 0 Aspect Ratio: 1 Sparse Ratio: 0

Phase 7 Route finalize | Checksum: f52a8087

Time (s): cpu = 00:00:23 ; elapsed = 00:00:20 . Memory (MB): peak = 2646.195 ; gain = 0.000 ; free physical = 132 ; free virtual = 5467

Phase 8 Verifying routed nets

 Verification completed successfully
Phase 8 Verifying routed nets | Checksum: f52a8087

Time (s): cpu = 00:00:23 ; elapsed = 00:00:20 . Memory (MB): peak = 2646.195 ; gain = 0.000 ; free physical = 130 ; free virtual = 5465

Phase 9 Depositing Routes
Phase 9 Depositing Routes | Checksum: 15c45f914

Time (s): cpu = 00:00:23 ; elapsed = 00:00:20 . Memory (MB): peak = 2646.195 ; gain = 0.000 ; free physical = 130 ; free virtual = 5465
INFO: [Route 35-16] Router Completed Successfully

Time (s): cpu = 00:00:23 ; elapsed = 00:00:20 . Memory (MB): peak = 2646.195 ; gain = 0.000 ; free physical = 166 ; free virtual = 5501

Routing Is Done.
INFO: [Common 17-83] Releasing license: Implementation
8 Infos, 0 Warnings, 0 Critical Warnings and 0 Errors encountered.
route_design completed successfully
route_design: Time (s): cpu = 00:00:24 ; elapsed = 00:00:20 . Memory (MB): peak = 2646.195 ; gain = 1.004 ; free physical = 166 ; free virtual = 5501
# write_bitstream -force ./using_tcl/output.bit
Command: write_bitstream -force ./using_tcl/output.bit
Attempting to get a license for feature 'Implementation' and/or device 'xc7z020'
INFO: [Common 17-349] Got license for feature 'Implementation' and/or device 'xc7z020'
Running DRC as a precondition to command write_bitstream
INFO: [IP_Flow 19-234] Refreshing IP repositories
INFO: [IP_Flow 19-1704] No user IP repositories specified
INFO: [IP_Flow 19-2313] Loaded Vivado IP repository '/tools/Xilinx/Vivado/2022.2/data/ip'.
INFO: [DRC 23-27] Running DRC with 8 threads
WARNING: [DRC ZPS7-1] PS7 block required: The PS7 cell must be used in this Zynq design in order to enable correct default configuration.
INFO: [Vivado 12-3199] DRC finished with 0 Errors, 1 Warnings
INFO: [Vivado 12-3200] Please refer to the DRC report (report_drc) for more information.
INFO: [Designutils 20-2272] Running write_bitstream with 8 threads.
Loading data files...
Loading site data...
Loading route data...
Processing options...
Creating bitmap...
Creating bitstream...
Writing bitstream ./using_tcl/output.bit...
INFO: [Vivado 12-1842] Bitgen Completed Successfully.
INFO: [Project 1-1876] WebTalk data collection is mandatory when using a ULT device. To see the specific WebTalk data collected for your design, open the usage_statistics_webtalk.html or usage_statistics_webtalk.xml file in the implementation directory.
INFO: [Common 17-83] Releasing license: Implementation
11 Infos, 1 Warnings, 0 Critical Warnings and 0 Errors encountered.
write_bitstream completed successfully
write_bitstream: Time (s): cpu = 00:00:09 ; elapsed = 00:00:21 . Memory (MB): peak = 2929.168 ; gain = 282.973 ; free physical = 480 ; free virtual = 5457
# close_project
# exit
INFO: [Common 17-206] Exiting Vivado at Fri Sep 15 10:56:55 2023...
