
*** Running vivado
    with args -log adder1.vds -m64 -product Vivado -mode batch -messageDb vivado.pb -notrace -source adder1.tcl


****** Vivado v2022.2.2 (64-bit)
  **** SW Build 3788238 on Tue Feb 21 19:59:23 MST 2023
  **** IP Build 3783773 on Tue Feb 21 23:41:56 MST 2023
    ** Copyright 1986-2023 Xilinx, Inc. All Rights Reserved.

source adder1.tcl -notrace
Command: read_checkpoint -auto_incremental -incremental /home/sam-admin/git/Training/Scripting/using_gui/basicadd/basicadd.srcs/utils_1/imports/synth_1/adder1.dcp
INFO: [Vivado 12-5825] Read reference checkpoint from /home/sam-admin/git/Training/Scripting/using_gui/basicadd/basicadd.srcs/utils_1/imports/synth_1/adder1.dcp for incremental synthesis
INFO: [Vivado 12-7989] Please ensure there are no constraint changes
Command: synth_design -top adder1 -part xc7z020clg484-1
Starting synth_design
Attempting to get a license for feature 'Synthesis' and/or device 'xc7z020'
INFO: [Common 17-349] Got license for feature 'Synthesis' and/or device 'xc7z020'
INFO: [Device 21-403] Loading part xc7z020clg484-1
INFO: [Designutils 20-5440] No compile time benefit to using incremental synthesis; A full resynthesis will be run
INFO: [Designutils 20-4379] Flow is switching to default flow due to incremental criteria not met. If you would like to alter this behaviour and have the flow terminate instead, please set the following parameter config_implementation {autoIncr.Synth.RejectBehavior Terminate}
INFO: [Synth 8-7079] Multithreading enabled for synth_design using a maximum of 4 processes.
INFO: [Synth 8-7078] Launching helper process for spawning children vivado processes
INFO: [Synth 8-7075] Helper process launched with PID 35093
INFO: [Synth 8-11241] undeclared symbol 'REGCCE', assumed default net type 'wire' [/tools/Xilinx/Vivado/2022.2/data/verilog/src/unimacro/BRAM_SINGLE_MACRO.v:2170]
---------------------------------------------------------------------------------
Starting RTL Elaboration : Time (s): cpu = 00:00:04 ; elapsed = 00:00:04 . Memory (MB): peak = 1981.098 ; gain = 373.770 ; free physical = 607 ; free virtual = 3105
Synthesis current peak Physical Memory [PSS] (MB): peak = 1338.916; parent = 1142.621; children = 196.295
Synthesis current peak Virtual Memory [VSS] (MB): peak = 3002.656; parent = 1981.102; children = 1021.555
---------------------------------------------------------------------------------
INFO: [Synth 8-6157] synthesizing module 'adder1' [/home/sam-admin/git/Training/Scripting/adder1.v:3]
INFO: [Synth 8-6155] done synthesizing module 'adder1' (0#1) [/home/sam-admin/git/Training/Scripting/adder1.v:3]
---------------------------------------------------------------------------------
Finished RTL Elaboration : Time (s): cpu = 00:00:05 ; elapsed = 00:00:06 . Memory (MB): peak = 2046.066 ; gain = 438.738 ; free physical = 692 ; free virtual = 3189
Synthesis current peak Physical Memory [PSS] (MB): peak = 1338.916; parent = 1142.621; children = 196.295
Synthesis current peak Virtual Memory [VSS] (MB): peak = 3067.625; parent = 2046.070; children = 1021.555
---------------------------------------------------------------------------------
---------------------------------------------------------------------------------
Start Handling Custom Attributes
---------------------------------------------------------------------------------
---------------------------------------------------------------------------------
Finished Handling Custom Attributes : Time (s): cpu = 00:00:05 ; elapsed = 00:00:06 . Memory (MB): peak = 2063.879 ; gain = 456.551 ; free physical = 692 ; free virtual = 3189
Synthesis current peak Physical Memory [PSS] (MB): peak = 1338.916; parent = 1142.621; children = 196.295
Synthesis current peak Virtual Memory [VSS] (MB): peak = 3085.438; parent = 2063.883; children = 1021.555
---------------------------------------------------------------------------------
---------------------------------------------------------------------------------
Finished RTL Optimization Phase 1 : Time (s): cpu = 00:00:05 ; elapsed = 00:00:06 . Memory (MB): peak = 2063.879 ; gain = 456.551 ; free physical = 692 ; free virtual = 3189
Synthesis current peak Physical Memory [PSS] (MB): peak = 1338.916; parent = 1142.621; children = 196.295
Synthesis current peak Virtual Memory [VSS] (MB): peak = 3085.438; parent = 2063.883; children = 1021.555
---------------------------------------------------------------------------------
Netlist sorting complete. Time (s): cpu = 00:00:00 ; elapsed = 00:00:00 . Memory (MB): peak = 2063.879 ; gain = 0.000 ; free physical = 688 ; free virtual = 3186
INFO: [Project 1-570] Preparing netlist for logic optimization

Processing XDC Constraints
Initializing timing engine
Parsing XDC File [/home/sam-admin/git/Training/Scripting/using_gui/basicadd/basicadd.srcs/constrs_2/new/constadd.xdc]
Finished Parsing XDC File [/home/sam-admin/git/Training/Scripting/using_gui/basicadd/basicadd.srcs/constrs_2/new/constadd.xdc]
INFO: [Project 1-236] Implementation specific constraints were found while reading constraint file [/home/sam-admin/git/Training/Scripting/using_gui/basicadd/basicadd.srcs/constrs_2/new/constadd.xdc]. These constraints will be ignored for synthesis but will be used in implementation. Impacted constraints are listed in the file [.Xil/adder1_propImpl.xdc].
Resolution: To avoid this warning, move constraints listed in [.Xil/adder1_propImpl.xdc] to another XDC file and exclude this new file from synthesis with the used_in_synthesis property (File Properties dialog in GUI) and re-run elaboration/synthesis.
Completed Processing XDC Constraints

Netlist sorting complete. Time (s): cpu = 00:00:00 ; elapsed = 00:00:00 . Memory (MB): peak = 2140.785 ; gain = 0.000 ; free physical = 610 ; free virtual = 3108
INFO: [Project 1-111] Unisim Transformation Summary:
No Unisim elements were transformed.

Constraint Validation Runtime : Time (s): cpu = 00:00:00 ; elapsed = 00:00:00.01 . Memory (MB): peak = 2140.785 ; gain = 0.000 ; free physical = 610 ; free virtual = 3108
INFO: [Designutils 20-5440] No compile time benefit to using incremental synthesis; A full resynthesis will be run
INFO: [Designutils 20-4379] Flow is switching to default flow due to incremental criteria not met. If you would like to alter this behaviour and have the flow terminate instead, please set the following parameter config_implementation {autoIncr.Synth.RejectBehavior Terminate}
INFO: [Synth 8-11241] undeclared symbol 'REGCCE', assumed default net type 'wire' [/tools/Xilinx/Vivado/2022.2/data/verilog/src/unimacro/BRAM_SINGLE_MACRO.v:2170]
---------------------------------------------------------------------------------
Finished Constraint Validation : Time (s): cpu = 00:00:11 ; elapsed = 00:00:12 . Memory (MB): peak = 2140.785 ; gain = 533.457 ; free physical = 654 ; free virtual = 3164
Synthesis current peak Physical Memory [PSS] (MB): peak = 1338.916; parent = 1142.621; children = 196.295
Synthesis current peak Virtual Memory [VSS] (MB): peak = 3130.328; parent = 2108.773; children = 1021.555
---------------------------------------------------------------------------------
---------------------------------------------------------------------------------
Start Loading Part and Timing Information
---------------------------------------------------------------------------------
Loading part: xc7z020clg484-1
---------------------------------------------------------------------------------
Finished Loading Part and Timing Information : Time (s): cpu = 00:00:11 ; elapsed = 00:00:12 . Memory (MB): peak = 2140.785 ; gain = 533.457 ; free physical = 654 ; free virtual = 3164
Synthesis current peak Physical Memory [PSS] (MB): peak = 1338.916; parent = 1142.621; children = 196.295
Synthesis current peak Virtual Memory [VSS] (MB): peak = 3130.328; parent = 2108.773; children = 1021.555
---------------------------------------------------------------------------------
---------------------------------------------------------------------------------
Start Applying 'set_property' XDC Constraints
---------------------------------------------------------------------------------
---------------------------------------------------------------------------------
Finished applying 'set_property' XDC Constraints : Time (s): cpu = 00:00:11 ; elapsed = 00:00:12 . Memory (MB): peak = 2140.785 ; gain = 533.457 ; free physical = 654 ; free virtual = 3164
Synthesis current peak Physical Memory [PSS] (MB): peak = 1338.916; parent = 1142.621; children = 196.295
Synthesis current peak Virtual Memory [VSS] (MB): peak = 3130.328; parent = 2108.773; children = 1021.555
---------------------------------------------------------------------------------
---------------------------------------------------------------------------------
Finished RTL Optimization Phase 2 : Time (s): cpu = 00:00:11 ; elapsed = 00:00:13 . Memory (MB): peak = 2140.785 ; gain = 533.457 ; free physical = 653 ; free virtual = 3164
Synthesis current peak Physical Memory [PSS] (MB): peak = 1338.916; parent = 1142.621; children = 196.295
Synthesis current peak Virtual Memory [VSS] (MB): peak = 3130.328; parent = 2108.773; children = 1021.555
---------------------------------------------------------------------------------
---------------------------------------------------------------------------------
Start RTL Component Statistics 
---------------------------------------------------------------------------------
Detailed RTL Component Info : 
+---XORs : 
	   2 Input      1 Bit         XORs := 1     
---------------------------------------------------------------------------------
Finished RTL Component Statistics 
---------------------------------------------------------------------------------
---------------------------------------------------------------------------------
Start Part Resource Summary
---------------------------------------------------------------------------------
Part Resources:
DSPs: 220 (col length:60)
BRAMs: 280 (col length: RAMB18 60 RAMB36 30)
---------------------------------------------------------------------------------
Finished Part Resource Summary
---------------------------------------------------------------------------------
---------------------------------------------------------------------------------
Start Cross Boundary and Area Optimization
---------------------------------------------------------------------------------
WARNING: [Synth 8-7080] Parallel synthesis criteria is not met
---------------------------------------------------------------------------------
Finished Cross Boundary and Area Optimization : Time (s): cpu = 00:00:12 ; elapsed = 00:00:14 . Memory (MB): peak = 2140.785 ; gain = 533.457 ; free physical = 647 ; free virtual = 3149
Synthesis current peak Physical Memory [PSS] (MB): peak = 1338.916; parent = 1142.621; children = 196.295
Synthesis current peak Virtual Memory [VSS] (MB): peak = 3130.328; parent = 2108.773; children = 1021.555
---------------------------------------------------------------------------------
---------------------------------------------------------------------------------
Start Applying XDC Timing Constraints
---------------------------------------------------------------------------------
---------------------------------------------------------------------------------
Finished Applying XDC Timing Constraints : Time (s): cpu = 00:00:17 ; elapsed = 00:00:19 . Memory (MB): peak = 2140.785 ; gain = 533.457 ; free physical = 525 ; free virtual = 3027
Synthesis current peak Physical Memory [PSS] (MB): peak = 1422.163; parent = 1225.909; children = 196.295
Synthesis current peak Virtual Memory [VSS] (MB): peak = 3130.328; parent = 2108.773; children = 1021.555
---------------------------------------------------------------------------------
---------------------------------------------------------------------------------
Start Timing Optimization
---------------------------------------------------------------------------------
---------------------------------------------------------------------------------
Finished Timing Optimization : Time (s): cpu = 00:00:17 ; elapsed = 00:00:19 . Memory (MB): peak = 2140.785 ; gain = 533.457 ; free physical = 524 ; free virtual = 3027
Synthesis current peak Physical Memory [PSS] (MB): peak = 1422.296; parent = 1226.042; children = 196.295
Synthesis current peak Virtual Memory [VSS] (MB): peak = 3130.328; parent = 2108.773; children = 1021.555
---------------------------------------------------------------------------------
---------------------------------------------------------------------------------
Start Technology Mapping
---------------------------------------------------------------------------------
---------------------------------------------------------------------------------
Finished Technology Mapping : Time (s): cpu = 00:00:17 ; elapsed = 00:00:19 . Memory (MB): peak = 2140.785 ; gain = 533.457 ; free physical = 523 ; free virtual = 3026
Synthesis current peak Physical Memory [PSS] (MB): peak = 1422.690; parent = 1226.437; children = 196.295
Synthesis current peak Virtual Memory [VSS] (MB): peak = 3130.328; parent = 2108.773; children = 1021.555
---------------------------------------------------------------------------------
---------------------------------------------------------------------------------
Start IO Insertion
---------------------------------------------------------------------------------
---------------------------------------------------------------------------------
Start Flattening Before IO Insertion
---------------------------------------------------------------------------------
---------------------------------------------------------------------------------
Finished Flattening Before IO Insertion
---------------------------------------------------------------------------------
---------------------------------------------------------------------------------
Start Final Netlist Cleanup
---------------------------------------------------------------------------------
---------------------------------------------------------------------------------
Finished Final Netlist Cleanup
---------------------------------------------------------------------------------
---------------------------------------------------------------------------------
Finished IO Insertion : Time (s): cpu = 00:00:21 ; elapsed = 00:00:23 . Memory (MB): peak = 2140.785 ; gain = 533.457 ; free physical = 523 ; free virtual = 3026
Synthesis current peak Physical Memory [PSS] (MB): peak = 1422.874; parent = 1226.620; children = 196.295
Synthesis current peak Virtual Memory [VSS] (MB): peak = 3130.328; parent = 2108.773; children = 1021.555
---------------------------------------------------------------------------------
---------------------------------------------------------------------------------
Start Renaming Generated Instances
---------------------------------------------------------------------------------
---------------------------------------------------------------------------------
Finished Renaming Generated Instances : Time (s): cpu = 00:00:21 ; elapsed = 00:00:23 . Memory (MB): peak = 2140.785 ; gain = 533.457 ; free physical = 523 ; free virtual = 3026
Synthesis current peak Physical Memory [PSS] (MB): peak = 1422.890; parent = 1226.636; children = 196.295
Synthesis current peak Virtual Memory [VSS] (MB): peak = 3130.328; parent = 2108.773; children = 1021.555
---------------------------------------------------------------------------------
---------------------------------------------------------------------------------
Start Rebuilding User Hierarchy
---------------------------------------------------------------------------------
---------------------------------------------------------------------------------
Finished Rebuilding User Hierarchy : Time (s): cpu = 00:00:21 ; elapsed = 00:00:23 . Memory (MB): peak = 2140.785 ; gain = 533.457 ; free physical = 523 ; free virtual = 3026
Synthesis current peak Physical Memory [PSS] (MB): peak = 1422.905; parent = 1226.651; children = 196.295
Synthesis current peak Virtual Memory [VSS] (MB): peak = 3130.328; parent = 2108.773; children = 1021.555
---------------------------------------------------------------------------------
---------------------------------------------------------------------------------
Start Renaming Generated Ports
---------------------------------------------------------------------------------
---------------------------------------------------------------------------------
Finished Renaming Generated Ports : Time (s): cpu = 00:00:21 ; elapsed = 00:00:23 . Memory (MB): peak = 2140.785 ; gain = 533.457 ; free physical = 523 ; free virtual = 3026
Synthesis current peak Physical Memory [PSS] (MB): peak = 1422.983; parent = 1226.729; children = 196.295
Synthesis current peak Virtual Memory [VSS] (MB): peak = 3130.328; parent = 2108.773; children = 1021.555
---------------------------------------------------------------------------------
---------------------------------------------------------------------------------
Start Handling Custom Attributes
---------------------------------------------------------------------------------
---------------------------------------------------------------------------------
Finished Handling Custom Attributes : Time (s): cpu = 00:00:21 ; elapsed = 00:00:23 . Memory (MB): peak = 2140.785 ; gain = 533.457 ; free physical = 523 ; free virtual = 3026
Synthesis current peak Physical Memory [PSS] (MB): peak = 1422.983; parent = 1226.729; children = 196.295
Synthesis current peak Virtual Memory [VSS] (MB): peak = 3130.328; parent = 2108.773; children = 1021.555
---------------------------------------------------------------------------------
---------------------------------------------------------------------------------
Start Renaming Generated Nets
---------------------------------------------------------------------------------
---------------------------------------------------------------------------------
Finished Renaming Generated Nets : Time (s): cpu = 00:00:21 ; elapsed = 00:00:23 . Memory (MB): peak = 2140.785 ; gain = 533.457 ; free physical = 523 ; free virtual = 3026
Synthesis current peak Physical Memory [PSS] (MB): peak = 1422.999; parent = 1226.745; children = 196.295
Synthesis current peak Virtual Memory [VSS] (MB): peak = 3130.328; parent = 2108.773; children = 1021.555
---------------------------------------------------------------------------------
---------------------------------------------------------------------------------
Start Writing Synthesis Report
---------------------------------------------------------------------------------

Report BlackBoxes: 
+-+--------------+----------+
| |BlackBox name |Instances |
+-+--------------+----------+
+-+--------------+----------+

Report Cell Usage: 
+------+-----+------+
|      |Cell |Count |
+------+-----+------+
|1     |LUT2 |     2|
|2     |IBUF |     2|
|3     |OBUF |     2|
+------+-----+------+
---------------------------------------------------------------------------------
Finished Writing Synthesis Report : Time (s): cpu = 00:00:21 ; elapsed = 00:00:23 . Memory (MB): peak = 2140.785 ; gain = 533.457 ; free physical = 523 ; free virtual = 3026
Synthesis current peak Physical Memory [PSS] (MB): peak = 1423.030; parent = 1226.776; children = 196.295
Synthesis current peak Virtual Memory [VSS] (MB): peak = 3130.328; parent = 2108.773; children = 1021.555
---------------------------------------------------------------------------------
Synthesis finished with 0 errors, 0 critical warnings and 1 warnings.
Synthesis Optimization Runtime : Time (s): cpu = 00:00:20 ; elapsed = 00:00:21 . Memory (MB): peak = 2140.785 ; gain = 456.551 ; free physical = 579 ; free virtual = 3082
Synthesis Optimization Complete : Time (s): cpu = 00:00:21 ; elapsed = 00:00:23 . Memory (MB): peak = 2140.785 ; gain = 533.457 ; free physical = 579 ; free virtual = 3082
INFO: [Project 1-571] Translating synthesized netlist
Netlist sorting complete. Time (s): cpu = 00:00:00 ; elapsed = 00:00:00 . Memory (MB): peak = 2140.785 ; gain = 0.000 ; free physical = 579 ; free virtual = 3082
INFO: [Project 1-570] Preparing netlist for logic optimization
INFO: [Opt 31-138] Pushed 0 inverter(s) to 0 load pin(s).
Netlist sorting complete. Time (s): cpu = 00:00:00 ; elapsed = 00:00:00 . Memory (MB): peak = 2140.785 ; gain = 0.000 ; free physical = 638 ; free virtual = 3141
INFO: [Project 1-111] Unisim Transformation Summary:
No Unisim elements were transformed.

Synth Design complete, checksum: 1770fe45
INFO: [Common 17-83] Releasing license: Synthesis
23 Infos, 1 Warnings, 0 Critical Warnings and 0 Errors encountered.
synth_design completed successfully
synth_design: Time (s): cpu = 00:00:29 ; elapsed = 00:00:28 . Memory (MB): peak = 2140.785 ; gain = 864.082 ; free physical = 837 ; free virtual = 3340
INFO: [Common 17-1381] The checkpoint '/home/sam-admin/git/Training/Scripting/using_gui/basicadd/basicadd.runs/synth_1/adder1.dcp' has been generated.
INFO: [runtcl-4] Executing : report_utilization -file adder1_utilization_synth.rpt -pb adder1_utilization_synth.pb
INFO: [Common 17-206] Exiting Vivado at Fri Aug  4 11:56:20 2023...
