/home/sam-admin/git/Training/HLS_Vivado/A9/HLS/a9crc/solution_crc/.autopilot/db/crc.pp.0.cpp:1456:7: warning: Added loop label VITIS_LOOP_1211_1:   [xilinx-label-all-loops]
      for (i = 0; i < __N - 1; ++i) {
      ^~~
      VITIS_LOOP_1211_1: 
/home/sam-admin/git/Training/HLS_Vivado/A9/HLS/a9crc/solution_crc/.autopilot/db/crc.pp.0.cpp:1456:7: note: FIX-IT applied suggested code changes
/home/sam-admin/git/Training/HLS_Vivado/A9/HLS/a9crc/solution_crc/.autopilot/db/crc.pp.0.cpp:2430:5: warning: Added loop label VITIS_LOOP_676_1:   [xilinx-label-all-loops]
    for (unsigned i = low; i != high; ++i) {
    ^~~
    VITIS_LOOP_676_1: 
/home/sam-admin/git/Training/HLS_Vivado/A9/HLS/a9crc/solution_crc/.autopilot/db/crc.pp.0.cpp:2430:5: note: FIX-IT applied suggested code changes
/home/sam-admin/git/Training/HLS_Vivado/A9/HLS/a9crc/solution_crc/.autopilot/db/crc.pp.0.cpp:2444:5: warning: Added loop label VITIS_LOOP_690_1:   [xilinx-label-all-loops]
    for (unsigned i = low; i != high; ++i) {
    ^~~
    VITIS_LOOP_690_1: 
/home/sam-admin/git/Training/HLS_Vivado/A9/HLS/a9crc/solution_crc/.autopilot/db/crc.pp.0.cpp:2444:5: note: FIX-IT applied suggested code changes
/home/sam-admin/git/Training/HLS_Vivado/A9/HLS/a9crc/solution_crc/.autopilot/db/crc.pp.0.cpp:2458:5: warning: Added loop label VITIS_LOOP_704_1:   [xilinx-label-all-loops]
    for (unsigned i = low; i != high; ++i) {
    ^~~
    VITIS_LOOP_704_1: 
/home/sam-admin/git/Training/HLS_Vivado/A9/HLS/a9crc/solution_crc/.autopilot/db/crc.pp.0.cpp:2458:5: note: FIX-IT applied suggested code changes
/home/sam-admin/git/Training/HLS_Vivado/A9/HLS/a9crc/solution_crc/.autopilot/db/crc.pp.0.cpp:4069:7: warning: Added loop label VITIS_LOOP_1245_1:   [xilinx-label-all-loops]
      for (i = 0; i < __N - 1; ++i) {
      ^~~
      VITIS_LOOP_1245_1: 
/home/sam-admin/git/Training/HLS_Vivado/A9/HLS/a9crc/solution_crc/.autopilot/db/crc.pp.0.cpp:4069:7: note: FIX-IT applied suggested code changes
/home/sam-admin/git/Training/HLS_Vivado/A9/HLS/a9crc/solution_crc/.autopilot/db/crc.pp.0.cpp:5872:9: warning: Added loop label VITIS_LOOP_16_1:   [xilinx-label-all-loops]
        for (int j = 0; j < 8; j++) {
        ^~~
        VITIS_LOOP_16_1: 
/home/sam-admin/git/Training/HLS_Vivado/A9/HLS/a9crc/solution_crc/.autopilot/db/crc.pp.0.cpp:5872:9: note: FIX-IT applied suggested code changes
/home/sam-admin/git/Training/HLS_Vivado/A9/HLS/a9crc/solution_crc/.autopilot/db/crc.pp.0.cpp:5890:2: warning: Added loop label VITIS_LOOP_34_2:   [xilinx-label-all-loops]
 for (int i = 8; i < 32; i++) {
 ^~~
 VITIS_LOOP_34_2: 
/home/sam-admin/git/Training/HLS_Vivado/A9/HLS/a9crc/solution_crc/.autopilot/db/crc.pp.0.cpp:5890:2: note: FIX-IT applied suggested code changes
/home/sam-admin/git/Training/HLS_Vivado/A9/HLS/a9crc/solution_crc/.autopilot/db/crc.pp.0.cpp:5897:5: warning: Added loop label VITIS_LOOP_41_3:   [xilinx-label-all-loops]
    for (int i = 0; i <= x - y; i++) {
    ^~~
    VITIS_LOOP_41_3: 
/home/sam-admin/git/Training/HLS_Vivado/A9/HLS/a9crc/solution_crc/.autopilot/db/crc.pp.0.cpp:5897:5: note: FIX-IT applied suggested code changes
/home/sam-admin/git/Training/HLS_Vivado/A9/HLS/a9crc/solution_crc/.autopilot/db/crc.pp.0.cpp:5900:13: warning: Added loop label VITIS_LOOP_44_4:   [xilinx-label-all-loops]
            for (int j = 0; j < y; j++) {
            ^~~
            VITIS_LOOP_44_4: 
/home/sam-admin/git/Training/HLS_Vivado/A9/HLS/a9crc/solution_crc/.autopilot/db/crc.pp.0.cpp:5900:13: note: FIX-IT applied suggested code changes
/home/sam-admin/git/Training/HLS_Vivado/A9/HLS/a9crc/solution_crc/.autopilot/db/crc.pp.0.cpp:5909:5: warning: Added loop label VITIS_LOOP_53_5:   [xilinx-label-all-loops]
    while (startIdx < x && crc[startIdx] == 0) {
    ^~~~~
    VITIS_LOOP_53_5: 
/home/sam-admin/git/Training/HLS_Vivado/A9/HLS/a9crc/solution_crc/.autopilot/db/crc.pp.0.cpp:5909:5: note: FIX-IT applied suggested code changes
/home/sam-admin/git/Training/HLS_Vivado/A9/HLS/a9crc/solution_crc/.autopilot/db/crc.pp.0.cpp:5919:2: warning: Added loop label VITIS_LOOP_63_6:   [xilinx-label-all-loops]
 for (int i = 0; i < 24; i++) {
 ^~~
 VITIS_LOOP_63_6: 
/home/sam-admin/git/Training/HLS_Vivado/A9/HLS/a9crc/solution_crc/.autopilot/db/crc.pp.0.cpp:5919:2: note: FIX-IT applied suggested code changes
/home/sam-admin/git/Training/HLS_Vivado/A9/HLS/a9crc/solution_crc/.autopilot/db/crc.pp.0.cpp:5926:4: warning: Added loop label VITIS_LOOP_70_7:   [xilinx-label-all-loops]
   for (int i = 0; i < 24; i++) {
   ^~~
   VITIS_LOOP_70_7: 
/home/sam-admin/git/Training/HLS_Vivado/A9/HLS/a9crc/solution_crc/.autopilot/db/crc.pp.0.cpp:5926:4: note: FIX-IT applied suggested code changes
