

================================================================
== Vitis HLS Report for 'crc24a_Pipeline_VITIS_LOOP_51_6'
================================================================
* Date:           Tue Jun 20 15:44:15 2023

* Version:        2022.2.2 (Build 3779808 on Feb 17 2023)
* Project:        a9crc
* Solution:       solution_crc (Vivado IP Flow Target)
* Product family: zynquplus
* Target device:  xczu7ev-ffvc1156-2-e


================================================================
== Performance Estimates
================================================================
+ Timing: 
    * Summary: 
    +--------+----------+----------+------------+
    |  Clock |  Target  | Estimated| Uncertainty|
    +--------+----------+----------+------------+
    |ap_clk  |  10.00 ns|  2.669 ns|     2.70 ns|
    +--------+----------+----------+------------+

+ Latency: 
    * Summary: 
    +---------+---------+----------+----------+-----+-----+---------+
    |  Latency (cycles) |  Latency (absolute) |  Interval | Pipeline|
    |   min   |   max   |    min   |    max   | min | max |   Type  |
    +---------+---------+----------+----------+-----+-----+---------+
    |       26|       26|  0.260 us|  0.260 us|   26|   26|       no|
    +---------+---------+----------+----------+-----+-----+---------+

    + Detail: 
        * Instance: 
        N/A

        * Loop: 
        +-------------------+---------+---------+----------+-----------+-----------+------+----------+
        |                   |  Latency (cycles) | Iteration|  Initiation Interval  | Trip |          |
        |     Loop Name     |   min   |   max   |  Latency |  achieved |   target  | Count| Pipelined|
        +-------------------+---------+---------+----------+-----------+-----------+------+----------+
        |- VITIS_LOOP_51_6  |       24|       24|         1|          1|          1|    24|       yes|
        +-------------------+---------+---------+----------+-----------+-----------+------+----------+

============================================================
+ Verbose Summary: Synthesis Manager
============================================================
InlineROM: 1
ExposeGlobal: 0
============================================================
+ Verbose Summary: CDFG Model
============================================================
IsTopModel: 0
ResetActiveHigh: 1
IsCombinational: 0
IsDatapathOnly: 0
HasWiredReturn: 1
HasMFsm: 2
HasVarLatency: 1
IsPipeline: 0
IsRtlPipelined: 0
IsInstanceOverlapped: 0
IsDontTouch: 0
HasImplIP: 0
IsGatedGlobalClock: 0

+ Individual pipeline summary: 
  * Pipeline-0: initiation interval (II) = 1, depth = 1


============================================================
+ Verbose Summary: Schedule
============================================================
* Number of FSM states : 1
* Pipeline : 1
  Pipeline-0 : II = 1, D = 1, States = { 1 }
* Dataflow Pipeline: 0

* FSM state transitions: 
1 --> 

* FSM state operations: 

State 1 <SV = 0> <Delay = 2.66>
ST_1 : Operation 4 [1/1] (0.00ns)   --->   "%i = alloca i32 1"   --->   Operation 4 'alloca' 'i' <Predicate = true> <Delay = 0.00>
ST_1 : Operation 5 [1/1] (0.00ns)   --->   "%crc_V_96_reload_read = read i1 @_ssdm_op_Read.ap_auto.i1, i1 %crc_V_96_reload"   --->   Operation 5 'read' 'crc_V_96_reload_read' <Predicate = true> <Delay = 0.00>
ST_1 : Operation 6 [1/1] (0.00ns)   --->   "%crc_V_147_reload_read = read i1 @_ssdm_op_Read.ap_auto.i1, i1 %crc_V_147_reload"   --->   Operation 6 'read' 'crc_V_147_reload_read' <Predicate = true> <Delay = 0.00>
ST_1 : Operation 7 [1/1] (0.00ns)   --->   "%crc_V_146_reload_read = read i1 @_ssdm_op_Read.ap_auto.i1, i1 %crc_V_146_reload"   --->   Operation 7 'read' 'crc_V_146_reload_read' <Predicate = true> <Delay = 0.00>
ST_1 : Operation 8 [1/1] (0.00ns)   --->   "%crc_V_93_reload_read = read i1 @_ssdm_op_Read.ap_auto.i1, i1 %crc_V_93_reload"   --->   Operation 8 'read' 'crc_V_93_reload_read' <Predicate = true> <Delay = 0.00>
ST_1 : Operation 9 [1/1] (0.00ns)   --->   "%crc_V_145_reload_read = read i1 @_ssdm_op_Read.ap_auto.i1, i1 %crc_V_145_reload"   --->   Operation 9 'read' 'crc_V_145_reload_read' <Predicate = true> <Delay = 0.00>
ST_1 : Operation 10 [1/1] (0.00ns)   --->   "%crc_V_144_reload_read = read i1 @_ssdm_op_Read.ap_auto.i1, i1 %crc_V_144_reload"   --->   Operation 10 'read' 'crc_V_144_reload_read' <Predicate = true> <Delay = 0.00>
ST_1 : Operation 11 [1/1] (0.00ns)   --->   "%crc_V_143_reload_read = read i1 @_ssdm_op_Read.ap_auto.i1, i1 %crc_V_143_reload"   --->   Operation 11 'read' 'crc_V_143_reload_read' <Predicate = true> <Delay = 0.00>
ST_1 : Operation 12 [1/1] (0.00ns)   --->   "%crc_V_142_reload_read = read i1 @_ssdm_op_Read.ap_auto.i1, i1 %crc_V_142_reload"   --->   Operation 12 'read' 'crc_V_142_reload_read' <Predicate = true> <Delay = 0.00>
ST_1 : Operation 13 [1/1] (0.00ns)   --->   "%crc_V_141_reload_read = read i1 @_ssdm_op_Read.ap_auto.i1, i1 %crc_V_141_reload"   --->   Operation 13 'read' 'crc_V_141_reload_read' <Predicate = true> <Delay = 0.00>
ST_1 : Operation 14 [1/1] (0.00ns)   --->   "%crc_V_87_reload_read = read i1 @_ssdm_op_Read.ap_auto.i1, i1 %crc_V_87_reload"   --->   Operation 14 'read' 'crc_V_87_reload_read' <Predicate = true> <Delay = 0.00>
ST_1 : Operation 15 [1/1] (0.00ns)   --->   "%crc_V_86_reload_read = read i1 @_ssdm_op_Read.ap_auto.i1, i1 %crc_V_86_reload"   --->   Operation 15 'read' 'crc_V_86_reload_read' <Predicate = true> <Delay = 0.00>
ST_1 : Operation 16 [1/1] (0.00ns)   --->   "%crc_V_140_reload_read = read i1 @_ssdm_op_Read.ap_auto.i1, i1 %crc_V_140_reload"   --->   Operation 16 'read' 'crc_V_140_reload_read' <Predicate = true> <Delay = 0.00>
ST_1 : Operation 17 [1/1] (0.00ns)   --->   "%crc_V_139_reload_read = read i1 @_ssdm_op_Read.ap_auto.i1, i1 %crc_V_139_reload"   --->   Operation 17 'read' 'crc_V_139_reload_read' <Predicate = true> <Delay = 0.00>
ST_1 : Operation 18 [1/1] (0.00ns)   --->   "%crc_V_83_reload_read = read i1 @_ssdm_op_Read.ap_auto.i1, i1 %crc_V_83_reload"   --->   Operation 18 'read' 'crc_V_83_reload_read' <Predicate = true> <Delay = 0.00>
ST_1 : Operation 19 [1/1] (0.00ns)   --->   "%crc_V_82_reload_read = read i1 @_ssdm_op_Read.ap_auto.i1, i1 %crc_V_82_reload"   --->   Operation 19 'read' 'crc_V_82_reload_read' <Predicate = true> <Delay = 0.00>
ST_1 : Operation 20 [1/1] (0.00ns)   --->   "%crc_V_138_reload_read = read i1 @_ssdm_op_Read.ap_auto.i1, i1 %crc_V_138_reload"   --->   Operation 20 'read' 'crc_V_138_reload_read' <Predicate = true> <Delay = 0.00>
ST_1 : Operation 21 [1/1] (0.00ns)   --->   "%crc_V_80_reload_read = read i1 @_ssdm_op_Read.ap_auto.i1, i1 %crc_V_80_reload"   --->   Operation 21 'read' 'crc_V_80_reload_read' <Predicate = true> <Delay = 0.00>
ST_1 : Operation 22 [1/1] (0.00ns)   --->   "%crc_V_79_reload_read = read i1 @_ssdm_op_Read.ap_auto.i1, i1 %crc_V_79_reload"   --->   Operation 22 'read' 'crc_V_79_reload_read' <Predicate = true> <Delay = 0.00>
ST_1 : Operation 23 [1/1] (0.00ns)   --->   "%crc_V_137_reload_read = read i1 @_ssdm_op_Read.ap_auto.i1, i1 %crc_V_137_reload"   --->   Operation 23 'read' 'crc_V_137_reload_read' <Predicate = true> <Delay = 0.00>
ST_1 : Operation 24 [1/1] (0.00ns)   --->   "%crc_V_136_reload_read = read i1 @_ssdm_op_Read.ap_auto.i1, i1 %crc_V_136_reload"   --->   Operation 24 'read' 'crc_V_136_reload_read' <Predicate = true> <Delay = 0.00>
ST_1 : Operation 25 [1/1] (0.00ns)   --->   "%crc_V_76_reload_read = read i1 @_ssdm_op_Read.ap_auto.i1, i1 %crc_V_76_reload"   --->   Operation 25 'read' 'crc_V_76_reload_read' <Predicate = true> <Delay = 0.00>
ST_1 : Operation 26 [1/1] (0.00ns)   --->   "%crc_V_75_reload_read = read i1 @_ssdm_op_Read.ap_auto.i1, i1 %crc_V_75_reload"   --->   Operation 26 'read' 'crc_V_75_reload_read' <Predicate = true> <Delay = 0.00>
ST_1 : Operation 27 [1/1] (0.00ns)   --->   "%crc_V_74_reload_read = read i1 @_ssdm_op_Read.ap_auto.i1, i1 %crc_V_74_reload"   --->   Operation 27 'read' 'crc_V_74_reload_read' <Predicate = true> <Delay = 0.00>
ST_1 : Operation 28 [1/1] (0.00ns)   --->   "%crc_V_73_reload_read = read i1 @_ssdm_op_Read.ap_auto.i1, i1 %crc_V_73_reload"   --->   Operation 28 'read' 'crc_V_73_reload_read' <Predicate = true> <Delay = 0.00>
ST_1 : Operation 29 [1/1] (0.00ns)   --->   "%crc_V_135_reload_read = read i1 @_ssdm_op_Read.ap_auto.i1, i1 %crc_V_135_reload"   --->   Operation 29 'read' 'crc_V_135_reload_read' <Predicate = true> <Delay = 0.00>
ST_1 : Operation 30 [1/1] (0.00ns)   --->   "%crc_V_71_reload_read = read i1 @_ssdm_op_Read.ap_auto.i1, i1 %crc_V_71_reload"   --->   Operation 30 'read' 'crc_V_71_reload_read' <Predicate = true> <Delay = 0.00>
ST_1 : Operation 31 [1/1] (0.00ns)   --->   "%crc_V_70_reload_read = read i1 @_ssdm_op_Read.ap_auto.i1, i1 %crc_V_70_reload"   --->   Operation 31 'read' 'crc_V_70_reload_read' <Predicate = true> <Delay = 0.00>
ST_1 : Operation 32 [1/1] (0.00ns)   --->   "%crc_V_69_reload_read = read i1 @_ssdm_op_Read.ap_auto.i1, i1 %crc_V_69_reload"   --->   Operation 32 'read' 'crc_V_69_reload_read' <Predicate = true> <Delay = 0.00>
ST_1 : Operation 33 [1/1] (0.00ns)   --->   "%crc_V_68_reload_read = read i1 @_ssdm_op_Read.ap_auto.i1, i1 %crc_V_68_reload"   --->   Operation 33 'read' 'crc_V_68_reload_read' <Predicate = true> <Delay = 0.00>
ST_1 : Operation 34 [1/1] (0.00ns)   --->   "%crc_V_67_reload_read = read i1 @_ssdm_op_Read.ap_auto.i1, i1 %crc_V_67_reload"   --->   Operation 34 'read' 'crc_V_67_reload_read' <Predicate = true> <Delay = 0.00>
ST_1 : Operation 35 [1/1] (0.00ns)   --->   "%crc_V_66_reload_read = read i1 @_ssdm_op_Read.ap_auto.i1, i1 %crc_V_66_reload"   --->   Operation 35 'read' 'crc_V_66_reload_read' <Predicate = true> <Delay = 0.00>
ST_1 : Operation 36 [1/1] (0.00ns)   --->   "%crc_V_65_reload_read = read i1 @_ssdm_op_Read.ap_auto.i1, i1 %crc_V_65_reload"   --->   Operation 36 'read' 'crc_V_65_reload_read' <Predicate = true> <Delay = 0.00>
ST_1 : Operation 37 [1/1] (0.00ns)   --->   "%icmp_ln43_lcssa_read = read i1 @_ssdm_op_Read.ap_auto.i1, i1 %icmp_ln43_lcssa"   --->   Operation 37 'read' 'icmp_ln43_lcssa_read' <Predicate = true> <Delay = 0.00>
ST_1 : Operation 38 [1/1] (0.00ns)   --->   "%trunc_ln3_read = read i5 @_ssdm_op_Read.ap_auto.i5, i5 %trunc_ln3"   --->   Operation 38 'read' 'trunc_ln3_read' <Predicate = true> <Delay = 0.00>
ST_1 : Operation 39 [1/1] (0.42ns)   --->   "%store_ln0 = store i5 0, i5 %i"   --->   Operation 39 'store' 'store_ln0' <Predicate = true> <Delay = 0.42>
ST_1 : Operation 40 [1/1] (0.00ns)   --->   "%br_ln0 = br void %for.body81"   --->   Operation 40 'br' 'br_ln0' <Predicate = true> <Delay = 0.00>
ST_1 : Operation 41 [1/1] (0.00ns)   --->   "%i_2 = load i5 %i" [../codes/crc.cpp:53]   --->   Operation 41 'load' 'i_2' <Predicate = true> <Delay = 0.00>
ST_1 : Operation 42 [1/1] (0.75ns)   --->   "%icmp_ln51 = icmp_eq  i5 %i_2, i5 24" [../codes/crc.cpp:51]   --->   Operation 42 'icmp' 'icmp_ln51' <Predicate = true> <Delay = 0.75> <CoreInst = "Cmp">   --->   Core 9 'Cmp' <Latency = 0> <II = 1> <Delay = 0.75> <FuncUnit> <Opcode : 'icmp'> <InPorts = 2> <OutPorts = 1>
ST_1 : Operation 43 [1/1] (0.00ns)   --->   "%empty = speclooptripcount i32 @_ssdm_op_SpecLoopTripCount, i64 24, i64 24, i64 24"   --->   Operation 43 'speclooptripcount' 'empty' <Predicate = true> <Delay = 0.00>
ST_1 : Operation 44 [1/1] (0.78ns)   --->   "%add_ln51 = add i5 %i_2, i5 1" [../codes/crc.cpp:51]   --->   Operation 44 'add' 'add_ln51' <Predicate = true> <Delay = 0.78> <CoreInst = "Adder">   --->   Core 1 'Adder' <Latency = 0> <II = 1> <Delay = 0.78> <FuncUnit> <Opcode : 'add' 'sub'> <InPorts = 2> <OutPorts = 1>
ST_1 : Operation 45 [1/1] (0.00ns)   --->   "%br_ln51 = br i1 %icmp_ln51, void %for.body81.split, void %for.body97.preheader.exitStub" [../codes/crc.cpp:51]   --->   Operation 45 'br' 'br_ln51' <Predicate = true> <Delay = 0.00>
ST_1 : Operation 46 [1/1] (0.00ns)   --->   "%zext_ln51 = zext i5 %i_2" [../codes/crc.cpp:51]   --->   Operation 46 'zext' 'zext_ln51' <Predicate = (!icmp_ln51)> <Delay = 0.00>
ST_1 : Operation 47 [1/1] (0.00ns)   --->   "%specpipeline_ln52 = specpipeline void @_ssdm_op_SpecPipeline, i32 1, i32 0, i32 0, i32 0, void @empty_1" [../codes/crc.cpp:52]   --->   Operation 47 'specpipeline' 'specpipeline_ln52' <Predicate = (!icmp_ln51)> <Delay = 0.00>
ST_1 : Operation 48 [1/1] (0.00ns)   --->   "%specloopname_ln51 = specloopname void @_ssdm_op_SpecLoopName, void @empty_5" [../codes/crc.cpp:51]   --->   Operation 48 'specloopname' 'specloopname_ln51' <Predicate = (!icmp_ln51)> <Delay = 0.00>
ST_1 : Operation 49 [1/1] (0.78ns)   --->   "%add_ln53 = add i5 %i_2, i5 %trunc_ln3_read" [../codes/crc.cpp:53]   --->   Operation 49 'add' 'add_ln53' <Predicate = (!icmp_ln51 & !icmp_ln43_lcssa_read)> <Delay = 0.78> <CoreInst = "Adder">   --->   Core 1 'Adder' <Latency = 0> <II = 1> <Delay = 0.78> <FuncUnit> <Opcode : 'add' 'sub'> <InPorts = 2> <OutPorts = 1>
ST_1 : Operation 50 [1/1] (0.41ns)   --->   "%select_ln53 = select i1 %icmp_ln43_lcssa_read, i5 %i_2, i5 %add_ln53" [../codes/crc.cpp:53]   --->   Operation 50 'select' 'select_ln53' <Predicate = (!icmp_ln51)> <Delay = 0.41> <CoreInst = "Sel">   --->   Core 73 'Sel' <Latency = 0> <II = 1> <Delay = 0.41> <FuncUnit> <Opcode : 'select'> <InPorts = 3> <OutPorts = 1>
ST_1 : Operation 51 [1/1] (0.00ns)   --->   "%f_V_addr = getelementptr i1 %f_V, i64 0, i64 %zext_ln51" [../codes/crc.cpp:53]   --->   Operation 51 'getelementptr' 'f_V_addr' <Predicate = (!icmp_ln51)> <Delay = 0.00>
ST_1 : Operation 52 [1/1] (0.78ns)   --->   "%tmp_1 = mux i1 @_ssdm_op_Mux.ap_auto.32i1.i5, i1 %crc_V_65_reload_read, i1 %crc_V_66_reload_read, i1 %crc_V_67_reload_read, i1 %crc_V_68_reload_read, i1 %crc_V_69_reload_read, i1 %crc_V_70_reload_read, i1 %crc_V_71_reload_read, i1 %crc_V_135_reload_read, i1 %crc_V_73_reload_read, i1 %crc_V_74_reload_read, i1 %crc_V_75_reload_read, i1 %crc_V_76_reload_read, i1 %crc_V_136_reload_read, i1 %crc_V_137_reload_read, i1 %crc_V_79_reload_read, i1 %crc_V_80_reload_read, i1 %crc_V_138_reload_read, i1 %crc_V_82_reload_read, i1 %crc_V_83_reload_read, i1 %crc_V_139_reload_read, i1 %crc_V_140_reload_read, i1 %crc_V_86_reload_read, i1 %crc_V_87_reload_read, i1 %crc_V_141_reload_read, i1 %crc_V_142_reload_read, i1 %crc_V_143_reload_read, i1 %crc_V_144_reload_read, i1 %crc_V_145_reload_read, i1 %crc_V_93_reload_read, i1 %crc_V_146_reload_read, i1 %crc_V_147_reload_read, i1 %crc_V_96_reload_read, i5 %select_ln53" [../codes/crc.cpp:53]   --->   Operation 52 'mux' 'tmp_1' <Predicate = (!icmp_ln51)> <Delay = 0.78> <CoreInst = "Multiplexer">   --->   Core 76 'Multiplexer' <Latency = 0> <II = 1> <Delay = 0.78> <FuncUnit> <Opcode : 'mux'> <InPorts = 2> <OutPorts = 1>
ST_1 : Operation 53 [1/1] (0.67ns)   --->   "%store_ln53 = store i1 %tmp_1, i5 %f_V_addr" [../codes/crc.cpp:53]   --->   Operation 53 'store' 'store_ln53' <Predicate = (!icmp_ln51)> <Delay = 0.67> <CoreInst = "RAM">   --->   Core 83 'RAM' <Latency = 1> <II = 1> <Delay = 0.67> <Storage> <Opcode : 'load' 'store'> <Ports = 2> <Width = 1> <Depth = 24> <RAM>
ST_1 : Operation 54 [1/1] (0.42ns)   --->   "%store_ln51 = store i5 %add_ln51, i5 %i" [../codes/crc.cpp:51]   --->   Operation 54 'store' 'store_ln51' <Predicate = (!icmp_ln51)> <Delay = 0.42>
ST_1 : Operation 55 [1/1] (0.00ns)   --->   "%br_ln51 = br void %for.body81" [../codes/crc.cpp:51]   --->   Operation 55 'br' 'br_ln51' <Predicate = (!icmp_ln51)> <Delay = 0.00>
ST_1 : Operation 56 [1/1] (0.00ns)   --->   "%ret_ln0 = ret"   --->   Operation 56 'ret' 'ret_ln0' <Predicate = (icmp_ln51)> <Delay = 0.00>


============================================================
+ Verbose Summary: Timing violations
============================================================
Target clock period: 10ns, clock uncertainty: 2.7ns.

 <State 1>: 2.67ns
The critical path consists of the following:
	'alloca' operation ('i') [36]  (0 ns)
	'load' operation ('i', ../codes/crc.cpp:53) on local variable 'i' [74]  (0 ns)
	'add' operation ('add_ln53', ../codes/crc.cpp:53) [83]  (0.789 ns)
	'select' operation ('select_ln53', ../codes/crc.cpp:53) [84]  (0.414 ns)
	'mux' operation ('tmp_1', ../codes/crc.cpp:53) [86]  (0.789 ns)
	'store' operation ('store_ln53', ../codes/crc.cpp:53) of variable 'tmp_1', ../codes/crc.cpp:53 on array 'f_V' [87]  (0.677 ns)


============================================================
+ Verbose Summary: Binding
============================================================
N/A
* FSMD analyzer results:
  - Output states:
 - Input state : 
  - Chain level:
	State 1


============================================================
+ Verbose Summary: Datapath Resource usage 
============================================================
N/A
