

================================================================
== Vitis HLS Report for 'crc24a_Pipeline_VITIS_LOOP_70_7'
================================================================
* Date:           Mon Jun 19 16:49:57 2023

* Version:        2022.2.2 (Build 3779808 on Feb 17 2023)
* Project:        a9crc
* Solution:       solution_crc (Vivado IP Flow Target)
* Product family: zynquplus
* Target device:  xczu7ev-ffvc1156-2-e


================================================================
== Performance Estimates
================================================================
+ Timing: 
    * Summary: 
    +--------+----------+----------+------------+
    |  Clock |  Target  | Estimated| Uncertainty|
    +--------+----------+----------+------------+
    |ap_clk  |  10.00 ns|  1.242 ns|     2.70 ns|
    +--------+----------+----------+------------+

+ Latency: 
    * Summary: 
    +---------+---------+----------+----------+-----+-----+---------+
    |  Latency (cycles) |  Latency (absolute) |  Interval | Pipeline|
    |   min   |   max   |    min   |    max   | min | max |   Type  |
    +---------+---------+----------+----------+-----+-----+---------+
    |       26|       26|  0.260 us|  0.260 us|   26|   26|       no|
    +---------+---------+----------+----------+-----+-----+---------+

    + Detail: 
        * Instance: 
        N/A

        * Loop: 
        +-------------------+---------+---------+----------+-----------+-----------+------+----------+
        |                   |  Latency (cycles) | Iteration|  Initiation Interval  | Trip |          |
        |     Loop Name     |   min   |   max   |  Latency |  achieved |   target  | Count| Pipelined|
        +-------------------+---------+---------+----------+-----------+-----------+------+----------+
        |- VITIS_LOOP_70_7  |       24|       24|         1|          1|          1|    24|       yes|
        +-------------------+---------+---------+----------+-----------+-----------+------+----------+

============================================================
+ Verbose Summary: Synthesis Manager
============================================================
InlineROM: 1
ExposeGlobal: 0
============================================================
+ Verbose Summary: CDFG Model
============================================================
IsTopModel: 0
ResetActiveHigh: 1
IsCombinational: 0
IsDatapathOnly: 0
HasWiredReturn: 1
HasMFsm: 2
HasVarLatency: 1
IsPipeline: 0
IsRtlPipelined: 0
IsInstanceOverlapped: 0
IsDontTouch: 0
HasImplIP: 0
IsGatedGlobalClock: 0

+ Individual pipeline summary: 
  * Pipeline-0: initiation interval (II) = 1, depth = 1


============================================================
+ Verbose Summary: Schedule
============================================================
* Number of FSM states : 1
* Pipeline : 1
  Pipeline-0 : II = 1, D = 1, States = { 1 }
* Dataflow Pipeline: 0

* FSM state transitions: 
1 --> 

* FSM state operations: 

State 1 <SV = 0> <Delay = 1.24>
ST_1 : Operation 4 [1/1] (0.00ns)   --->   "%p_Val2_s = alloca i32 1"   --->   Operation 4 'alloca' 'p_Val2_s' <Predicate = true> <Delay = 0.00>
ST_1 : Operation 5 [1/1] (0.00ns)   --->   "%p_Val2_1 = alloca i32 1"   --->   Operation 5 'alloca' 'p_Val2_1' <Predicate = true> <Delay = 0.00>
ST_1 : Operation 6 [1/1] (0.00ns)   --->   "%p_Val2_2 = alloca i32 1"   --->   Operation 6 'alloca' 'p_Val2_2' <Predicate = true> <Delay = 0.00>
ST_1 : Operation 7 [1/1] (0.00ns)   --->   "%p_Val2_3 = alloca i32 1"   --->   Operation 7 'alloca' 'p_Val2_3' <Predicate = true> <Delay = 0.00>
ST_1 : Operation 8 [1/1] (0.00ns)   --->   "%i = alloca i32 1"   --->   Operation 8 'alloca' 'i' <Predicate = true> <Delay = 0.00>
ST_1 : Operation 9 [1/1] (0.00ns)   --->   "%d_V_read = read i8 @_ssdm_op_Read.ap_auto.i8, i8 %d_V"   --->   Operation 9 'read' 'd_V_read' <Predicate = true> <Delay = 0.00>
ST_1 : Operation 10 [1/1] (0.00ns)   --->   "%f_V_23_reload_read = read i1 @_ssdm_op_Read.ap_auto.i1, i1 %f_V_23_reload"   --->   Operation 10 'read' 'f_V_23_reload_read' <Predicate = true> <Delay = 0.00>
ST_1 : Operation 11 [1/1] (0.00ns)   --->   "%f_V_22_reload_read = read i1 @_ssdm_op_Read.ap_auto.i1, i1 %f_V_22_reload"   --->   Operation 11 'read' 'f_V_22_reload_read' <Predicate = true> <Delay = 0.00>
ST_1 : Operation 12 [1/1] (0.00ns)   --->   "%f_V_21_reload_read = read i1 @_ssdm_op_Read.ap_auto.i1, i1 %f_V_21_reload"   --->   Operation 12 'read' 'f_V_21_reload_read' <Predicate = true> <Delay = 0.00>
ST_1 : Operation 13 [1/1] (0.00ns)   --->   "%f_V_20_reload_read = read i1 @_ssdm_op_Read.ap_auto.i1, i1 %f_V_20_reload"   --->   Operation 13 'read' 'f_V_20_reload_read' <Predicate = true> <Delay = 0.00>
ST_1 : Operation 14 [1/1] (0.00ns)   --->   "%f_V_19_reload_read = read i1 @_ssdm_op_Read.ap_auto.i1, i1 %f_V_19_reload"   --->   Operation 14 'read' 'f_V_19_reload_read' <Predicate = true> <Delay = 0.00>
ST_1 : Operation 15 [1/1] (0.00ns)   --->   "%f_V_18_reload_read = read i1 @_ssdm_op_Read.ap_auto.i1, i1 %f_V_18_reload"   --->   Operation 15 'read' 'f_V_18_reload_read' <Predicate = true> <Delay = 0.00>
ST_1 : Operation 16 [1/1] (0.00ns)   --->   "%f_V_17_reload_read = read i1 @_ssdm_op_Read.ap_auto.i1, i1 %f_V_17_reload"   --->   Operation 16 'read' 'f_V_17_reload_read' <Predicate = true> <Delay = 0.00>
ST_1 : Operation 17 [1/1] (0.00ns)   --->   "%f_V_16_reload_read = read i1 @_ssdm_op_Read.ap_auto.i1, i1 %f_V_16_reload"   --->   Operation 17 'read' 'f_V_16_reload_read' <Predicate = true> <Delay = 0.00>
ST_1 : Operation 18 [1/1] (0.00ns)   --->   "%f_V_15_reload_read = read i1 @_ssdm_op_Read.ap_auto.i1, i1 %f_V_15_reload"   --->   Operation 18 'read' 'f_V_15_reload_read' <Predicate = true> <Delay = 0.00>
ST_1 : Operation 19 [1/1] (0.00ns)   --->   "%f_V_14_reload_read = read i1 @_ssdm_op_Read.ap_auto.i1, i1 %f_V_14_reload"   --->   Operation 19 'read' 'f_V_14_reload_read' <Predicate = true> <Delay = 0.00>
ST_1 : Operation 20 [1/1] (0.00ns)   --->   "%f_V_13_reload_read = read i1 @_ssdm_op_Read.ap_auto.i1, i1 %f_V_13_reload"   --->   Operation 20 'read' 'f_V_13_reload_read' <Predicate = true> <Delay = 0.00>
ST_1 : Operation 21 [1/1] (0.00ns)   --->   "%f_V_12_reload_read = read i1 @_ssdm_op_Read.ap_auto.i1, i1 %f_V_12_reload"   --->   Operation 21 'read' 'f_V_12_reload_read' <Predicate = true> <Delay = 0.00>
ST_1 : Operation 22 [1/1] (0.00ns)   --->   "%f_V_11_reload_read = read i1 @_ssdm_op_Read.ap_auto.i1, i1 %f_V_11_reload"   --->   Operation 22 'read' 'f_V_11_reload_read' <Predicate = true> <Delay = 0.00>
ST_1 : Operation 23 [1/1] (0.00ns)   --->   "%f_V_10_reload_read = read i1 @_ssdm_op_Read.ap_auto.i1, i1 %f_V_10_reload"   --->   Operation 23 'read' 'f_V_10_reload_read' <Predicate = true> <Delay = 0.00>
ST_1 : Operation 24 [1/1] (0.00ns)   --->   "%f_V_9_reload_read = read i1 @_ssdm_op_Read.ap_auto.i1, i1 %f_V_9_reload"   --->   Operation 24 'read' 'f_V_9_reload_read' <Predicate = true> <Delay = 0.00>
ST_1 : Operation 25 [1/1] (0.00ns)   --->   "%f_V_8_reload_read = read i1 @_ssdm_op_Read.ap_auto.i1, i1 %f_V_8_reload"   --->   Operation 25 'read' 'f_V_8_reload_read' <Predicate = true> <Delay = 0.00>
ST_1 : Operation 26 [1/1] (0.00ns)   --->   "%f_V_7_reload_read = read i1 @_ssdm_op_Read.ap_auto.i1, i1 %f_V_7_reload"   --->   Operation 26 'read' 'f_V_7_reload_read' <Predicate = true> <Delay = 0.00>
ST_1 : Operation 27 [1/1] (0.00ns)   --->   "%f_V_6_reload_read = read i1 @_ssdm_op_Read.ap_auto.i1, i1 %f_V_6_reload"   --->   Operation 27 'read' 'f_V_6_reload_read' <Predicate = true> <Delay = 0.00>
ST_1 : Operation 28 [1/1] (0.00ns)   --->   "%f_V_5_reload_read = read i1 @_ssdm_op_Read.ap_auto.i1, i1 %f_V_5_reload"   --->   Operation 28 'read' 'f_V_5_reload_read' <Predicate = true> <Delay = 0.00>
ST_1 : Operation 29 [1/1] (0.00ns)   --->   "%f_V_4_reload_read = read i1 @_ssdm_op_Read.ap_auto.i1, i1 %f_V_4_reload"   --->   Operation 29 'read' 'f_V_4_reload_read' <Predicate = true> <Delay = 0.00>
ST_1 : Operation 30 [1/1] (0.00ns)   --->   "%f_V_3_reload_read = read i1 @_ssdm_op_Read.ap_auto.i1, i1 %f_V_3_reload"   --->   Operation 30 'read' 'f_V_3_reload_read' <Predicate = true> <Delay = 0.00>
ST_1 : Operation 31 [1/1] (0.00ns)   --->   "%f_V_2_reload_read = read i1 @_ssdm_op_Read.ap_auto.i1, i1 %f_V_2_reload"   --->   Operation 31 'read' 'f_V_2_reload_read' <Predicate = true> <Delay = 0.00>
ST_1 : Operation 32 [1/1] (0.00ns)   --->   "%f_V_1_reload_read = read i1 @_ssdm_op_Read.ap_auto.i1, i1 %f_V_1_reload"   --->   Operation 32 'read' 'f_V_1_reload_read' <Predicate = true> <Delay = 0.00>
ST_1 : Operation 33 [1/1] (0.00ns)   --->   "%f_V_reload_read = read i1 @_ssdm_op_Read.ap_auto.i1, i1 %f_V_reload"   --->   Operation 33 'read' 'f_V_reload_read' <Predicate = true> <Delay = 0.00>
ST_1 : Operation 34 [1/1] (0.42ns)   --->   "%store_ln0 = store i5 0, i5 %i"   --->   Operation 34 'store' 'store_ln0' <Predicate = true> <Delay = 0.42>
ST_1 : Operation 35 [1/1] (0.00ns)   --->   "%br_ln0 = br void %for.body96"   --->   Operation 35 'br' 'br_ln0' <Predicate = true> <Delay = 0.00>
ST_1 : Operation 36 [1/1] (0.00ns)   --->   "%i_1 = load i5 %i" [../codes/crc.cpp:75]   --->   Operation 36 'load' 'i_1' <Predicate = true> <Delay = 0.00>
ST_1 : Operation 37 [1/1] (0.75ns)   --->   "%icmp_ln70 = icmp_eq  i5 %i_1, i5 24" [../codes/crc.cpp:70]   --->   Operation 37 'icmp' 'icmp_ln70' <Predicate = true> <Delay = 0.75> <CoreInst = "Cmp">   --->   Core 9 'Cmp' <Latency = 0> <II = 1> <Delay = 0.75> <FuncUnit> <Opcode : 'icmp'> <InPorts = 2> <OutPorts = 1>
ST_1 : Operation 38 [1/1] (0.00ns)   --->   "%empty = speclooptripcount i32 @_ssdm_op_SpecLoopTripCount, i64 24, i64 24, i64 24"   --->   Operation 38 'speclooptripcount' 'empty' <Predicate = true> <Delay = 0.00>
ST_1 : Operation 39 [1/1] (0.78ns)   --->   "%add_ln70 = add i5 %i_1, i5 1" [../codes/crc.cpp:70]   --->   Operation 39 'add' 'add_ln70' <Predicate = true> <Delay = 0.78> <CoreInst = "Adder">   --->   Core 1 'Adder' <Latency = 0> <II = 1> <Delay = 0.78> <FuncUnit> <Opcode : 'add' 'sub'> <InPorts = 2> <OutPorts = 1>
ST_1 : Operation 40 [1/1] (0.00ns)   --->   "%br_ln70 = br i1 %icmp_ln70, void %for.body96.split_ifconv, void %for.end123.exitStub" [../codes/crc.cpp:70]   --->   Operation 40 'br' 'br_ln70' <Predicate = true> <Delay = 0.00>
ST_1 : Operation 41 [1/1] (0.00ns)   --->   "%p_Val2_load_1 = load i8 %p_Val2_s"   --->   Operation 41 'load' 'p_Val2_load_1' <Predicate = (!icmp_ln70)> <Delay = 0.00>
ST_1 : Operation 42 [1/1] (0.00ns)   --->   "%p_Val2_1_load_1 = load i8 %p_Val2_1" [../codes/crc.cpp:75]   --->   Operation 42 'load' 'p_Val2_1_load_1' <Predicate = (!icmp_ln70)> <Delay = 0.00>
ST_1 : Operation 43 [1/1] (0.00ns)   --->   "%p_Val2_2_load_1 = load i8 %p_Val2_2" [../codes/crc.cpp:75]   --->   Operation 43 'load' 'p_Val2_2_load_1' <Predicate = (!icmp_ln70)> <Delay = 0.00>
ST_1 : Operation 44 [1/1] (0.00ns)   --->   "%p_Val2_3_load_1 = load i8 %p_Val2_3"   --->   Operation 44 'load' 'p_Val2_3_load_1' <Predicate = (!icmp_ln70)> <Delay = 0.00>
ST_1 : Operation 45 [1/1] (0.00ns)   --->   "%specpipeline_ln71 = specpipeline void @_ssdm_op_SpecPipeline, i32 1, i32 0, i32 0, i32 0, void @empty_1" [../codes/crc.cpp:71]   --->   Operation 45 'specpipeline' 'specpipeline_ln71' <Predicate = (!icmp_ln70)> <Delay = 0.00>
ST_1 : Operation 46 [1/1] (0.00ns)   --->   "%specloopname_ln68 = specloopname void @_ssdm_op_SpecLoopName, void @empty_3" [../codes/crc.cpp:68]   --->   Operation 46 'specloopname' 'specloopname_ln68' <Predicate = (!icmp_ln70)> <Delay = 0.00>
ST_1 : Operation 47 [1/1] (0.00ns)   --->   "%tmp = partselect i2 @_ssdm_op_PartSelect.i2.i5.i32.i32, i5 %i_1, i32 3, i32 4" [../codes/crc.cpp:72]   --->   Operation 47 'partselect' 'tmp' <Predicate = (!icmp_ln70)> <Delay = 0.00>
ST_1 : Operation 48 [1/1] (0.44ns)   --->   "%icmp_ln72 = icmp_eq  i2 %tmp, i2 0" [../codes/crc.cpp:72]   --->   Operation 48 'icmp' 'icmp_ln72' <Predicate = (!icmp_ln70)> <Delay = 0.44> <CoreInst = "Cmp">   --->   Core 9 'Cmp' <Latency = 0> <II = 1> <Delay = 0.44> <FuncUnit> <Opcode : 'icmp'> <InPorts = 2> <OutPorts = 1>
ST_1 : Operation 49 [1/1] (0.84ns)   --->   "%tmp_2 = mux i1 @_ssdm_op_Mux.ap_auto.24i1.i5, i1 %f_V_reload_read, i1 %f_V_1_reload_read, i1 %f_V_2_reload_read, i1 %f_V_3_reload_read, i1 %f_V_4_reload_read, i1 %f_V_5_reload_read, i1 %f_V_6_reload_read, i1 %f_V_7_reload_read, i1 %f_V_8_reload_read, i1 %f_V_9_reload_read, i1 %f_V_10_reload_read, i1 %f_V_11_reload_read, i1 %f_V_12_reload_read, i1 %f_V_13_reload_read, i1 %f_V_14_reload_read, i1 %f_V_15_reload_read, i1 %f_V_16_reload_read, i1 %f_V_17_reload_read, i1 %f_V_18_reload_read, i1 %f_V_19_reload_read, i1 %f_V_20_reload_read, i1 %f_V_21_reload_read, i1 %f_V_22_reload_read, i1 %f_V_23_reload_read, i5 %i_1"   --->   Operation 49 'mux' 'tmp_2' <Predicate = (!icmp_ln70)> <Delay = 0.84> <CoreInst = "Multiplexer">   --->   Core 76 'Multiplexer' <Latency = 0> <II = 1> <Delay = 0.84> <FuncUnit> <Opcode : 'mux'> <InPorts = 2> <OutPorts = 1>
ST_1 : Operation 50 [1/1] (0.00ns)   --->   "%zext_ln628 = zext i5 %i_1"   --->   Operation 50 'zext' 'zext_ln628' <Predicate = (!icmp_ln70)> <Delay = 0.00>
ST_1 : Operation 51 [1/1] (0.00ns)   --->   "%trunc_ln628 = trunc i5 %i_1"   --->   Operation 51 'trunc' 'trunc_ln628' <Predicate = (!icmp_ln70)> <Delay = 0.00>
ST_1 : Operation 52 [1/1] (0.00ns)   --->   "%tmp_1 = bitselect i1 @_ssdm_op_BitSelect.i1.i8.i32, i8 %d_V_read, i32 %zext_ln628"   --->   Operation 52 'bitselect' 'tmp_1' <Predicate = (!icmp_ln70)> <Delay = 0.00>
ST_1 : Operation 53 [1/1] (0.00ns)   --->   "%p_Result_s = bitset i8 @_ssdm_op_BitSet.i8.i8.i32.i1, i8 %p_Val2_3_load_1, i32 %zext_ln628, i1 %tmp_1"   --->   Operation 53 'bitset' 'p_Result_s' <Predicate = (!icmp_ln70)> <Delay = 0.00>
ST_1 : Operation 54 [1/1] (0.00ns)   --->   "%p_Result_1 = bitset i8 @_ssdm_op_BitSet.i8.i8.i32.i1, i8 %p_Val2_load_1, i32 %zext_ln628, i1 %tmp_2"   --->   Operation 54 'bitset' 'p_Result_1' <Predicate = (!icmp_ln70)> <Delay = 0.00>
ST_1 : Operation 55 [1/1] (0.00ns)   --->   "%tmp_5 = bitselect i1 @_ssdm_op_BitSelect.i1.i5.i32, i5 %i_1, i32 4" [../codes/crc.cpp:75]   --->   Operation 55 'bitselect' 'tmp_5' <Predicate = (!icmp_ln70)> <Delay = 0.00>
ST_1 : Operation 56 [1/1] (0.00ns)   --->   "%zext_ln368 = zext i3 %trunc_ln628"   --->   Operation 56 'zext' 'zext_ln368' <Predicate = (!icmp_ln70)> <Delay = 0.00>
ST_1 : Operation 57 [1/1] (0.00ns)   --->   "%p_Result_2 = bitset i8 @_ssdm_op_BitSet.i8.i8.i32.i1, i8 %p_Val2_1_load_1, i32 %zext_ln368, i1 %tmp_2"   --->   Operation 57 'bitset' 'p_Result_2' <Predicate = (!icmp_ln70)> <Delay = 0.00>
ST_1 : Operation 58 [1/1] (0.00ns)   --->   "%p_Result_3 = bitset i8 @_ssdm_op_BitSet.i8.i8.i32.i1, i8 %p_Val2_2_load_1, i32 %zext_ln368, i1 %tmp_2"   --->   Operation 58 'bitset' 'p_Result_3' <Predicate = (!icmp_ln70)> <Delay = 0.00>
ST_1 : Operation 59 [1/1] (0.39ns)   --->   "%g_V_1 = select i1 %icmp_ln72, i8 %p_Result_1, i8 %p_Val2_load_1" [../codes/crc.cpp:72]   --->   Operation 59 'select' 'g_V_1' <Predicate = (!icmp_ln70)> <Delay = 0.39> <CoreInst = "Sel">   --->   Core 73 'Sel' <Latency = 0> <II = 1> <Delay = 0.39> <FuncUnit> <Opcode : 'select'> <InPorts = 3> <OutPorts = 1>
ST_1 : Operation 60 [1/1] (0.00ns) (grouped into LUT with out node h_V_1)   --->   "%or_ln75 = or i1 %tmp_5, i1 %icmp_ln72" [../codes/crc.cpp:75]   --->   Operation 60 'or' 'or_ln75' <Predicate = (!icmp_ln70)> <Delay = 0.00> <CoreInst = "LogicGate">   --->   Core 74 'LogicGate' <Latency = 0> <II = 1> <Delay = 0.28> <FuncUnit> <Opcode : 'and' 'or' 'xor'> <InPorts = 2> <OutPorts = 1>
ST_1 : Operation 61 [1/1] (0.39ns) (out node of the LUT)   --->   "%h_V_1 = select i1 %or_ln75, i8 %p_Val2_1_load_1, i8 %p_Result_2" [../codes/crc.cpp:75]   --->   Operation 61 'select' 'h_V_1' <Predicate = (!icmp_ln70)> <Delay = 0.39> <CoreInst = "Sel">   --->   Core 73 'Sel' <Latency = 0> <II = 1> <Delay = 0.39> <FuncUnit> <Opcode : 'select'> <InPorts = 3> <OutPorts = 1>
ST_1 : Operation 62 [1/1] (0.39ns)   --->   "%m_V_1 = select i1 %tmp_5, i8 %p_Result_3, i8 %p_Val2_2_load_1" [../codes/crc.cpp:75]   --->   Operation 62 'select' 'm_V_1' <Predicate = (!icmp_ln70)> <Delay = 0.39> <CoreInst = "Sel">   --->   Core 73 'Sel' <Latency = 0> <II = 1> <Delay = 0.39> <FuncUnit> <Opcode : 'select'> <InPorts = 3> <OutPorts = 1>
ST_1 : Operation 63 [1/1] (0.39ns)   --->   "%o_V_1 = select i1 %icmp_ln72, i8 %p_Result_s, i8 %p_Val2_3_load_1" [../codes/crc.cpp:72]   --->   Operation 63 'select' 'o_V_1' <Predicate = (!icmp_ln70)> <Delay = 0.39> <CoreInst = "Sel">   --->   Core 73 'Sel' <Latency = 0> <II = 1> <Delay = 0.39> <FuncUnit> <Opcode : 'select'> <InPorts = 3> <OutPorts = 1>
ST_1 : Operation 64 [1/1] (0.42ns)   --->   "%store_ln70 = store i5 %add_ln70, i5 %i" [../codes/crc.cpp:70]   --->   Operation 64 'store' 'store_ln70' <Predicate = (!icmp_ln70)> <Delay = 0.42>
ST_1 : Operation 65 [1/1] (0.00ns)   --->   "%store_ln70 = store i8 %o_V_1, i8 %p_Val2_3" [../codes/crc.cpp:70]   --->   Operation 65 'store' 'store_ln70' <Predicate = (!icmp_ln70)> <Delay = 0.00>
ST_1 : Operation 66 [1/1] (0.00ns)   --->   "%store_ln70 = store i8 %m_V_1, i8 %p_Val2_2" [../codes/crc.cpp:70]   --->   Operation 66 'store' 'store_ln70' <Predicate = (!icmp_ln70)> <Delay = 0.00>
ST_1 : Operation 67 [1/1] (0.00ns)   --->   "%store_ln70 = store i8 %h_V_1, i8 %p_Val2_1" [../codes/crc.cpp:70]   --->   Operation 67 'store' 'store_ln70' <Predicate = (!icmp_ln70)> <Delay = 0.00>
ST_1 : Operation 68 [1/1] (0.00ns)   --->   "%store_ln70 = store i8 %g_V_1, i8 %p_Val2_s" [../codes/crc.cpp:70]   --->   Operation 68 'store' 'store_ln70' <Predicate = (!icmp_ln70)> <Delay = 0.00>
ST_1 : Operation 69 [1/1] (0.00ns)   --->   "%br_ln70 = br void %for.body96" [../codes/crc.cpp:70]   --->   Operation 69 'br' 'br_ln70' <Predicate = (!icmp_ln70)> <Delay = 0.00>
ST_1 : Operation 70 [1/1] (0.00ns)   --->   "%p_Val2_load = load i8 %p_Val2_s"   --->   Operation 70 'load' 'p_Val2_load' <Predicate = (icmp_ln70)> <Delay = 0.00>
ST_1 : Operation 71 [1/1] (0.00ns)   --->   "%p_Val2_1_load = load i8 %p_Val2_1"   --->   Operation 71 'load' 'p_Val2_1_load' <Predicate = (icmp_ln70)> <Delay = 0.00>
ST_1 : Operation 72 [1/1] (0.00ns)   --->   "%p_Val2_2_load = load i8 %p_Val2_2"   --->   Operation 72 'load' 'p_Val2_2_load' <Predicate = (icmp_ln70)> <Delay = 0.00>
ST_1 : Operation 73 [1/1] (0.00ns)   --->   "%p_Val2_3_load = load i8 %p_Val2_3"   --->   Operation 73 'load' 'p_Val2_3_load' <Predicate = (icmp_ln70)> <Delay = 0.00>
ST_1 : Operation 74 [1/1] (0.00ns)   --->   "%write_ln0 = write void @_ssdm_op_Write.ap_auto.i8P0A, i8 %o_V_2_out, i8 %p_Val2_3_load"   --->   Operation 74 'write' 'write_ln0' <Predicate = (icmp_ln70)> <Delay = 0.00>
ST_1 : Operation 75 [1/1] (0.00ns)   --->   "%write_ln0 = write void @_ssdm_op_Write.ap_auto.i8P0A, i8 %m_V_2_out, i8 %p_Val2_2_load"   --->   Operation 75 'write' 'write_ln0' <Predicate = (icmp_ln70)> <Delay = 0.00>
ST_1 : Operation 76 [1/1] (0.00ns)   --->   "%write_ln0 = write void @_ssdm_op_Write.ap_auto.i8P0A, i8 %h_V_2_out, i8 %p_Val2_1_load"   --->   Operation 76 'write' 'write_ln0' <Predicate = (icmp_ln70)> <Delay = 0.00>
ST_1 : Operation 77 [1/1] (0.00ns)   --->   "%write_ln0 = write void @_ssdm_op_Write.ap_auto.i8P0A, i8 %g_V_2_out, i8 %p_Val2_load"   --->   Operation 77 'write' 'write_ln0' <Predicate = (icmp_ln70)> <Delay = 0.00>
ST_1 : Operation 78 [1/1] (0.00ns)   --->   "%ret_ln0 = ret"   --->   Operation 78 'ret' 'ret_ln0' <Predicate = (icmp_ln70)> <Delay = 0.00>


============================================================
+ Verbose Summary: Timing violations
============================================================
Target clock period: 10ns, clock uncertainty: 2.7ns.

 <State 1>: 1.24ns
The critical path consists of the following:
	'alloca' operation ('i') [34]  (0 ns)
	'load' operation ('i', ../codes/crc.cpp:75) on local variable 'i' [63]  (0 ns)
	'mux' operation ('tmp_2') [77]  (0.849 ns)
	'select' operation ('g.V', ../codes/crc.cpp:72) [87]  (0.393 ns)


============================================================
+ Verbose Summary: Binding
============================================================
N/A
* FSMD analyzer results:
  - Output states:
 - Input state : 
  - Chain level:
	State 1


============================================================
+ Verbose Summary: Datapath Resource usage 
============================================================
N/A
