/home/sam-admin/git/Training/HLS_Vivado/A9/HLS/a9crc/solution2/.autopilot/db/crc.pp.0.cpp:32472:5: warning: Added loop label VITIS_LOOP_25_1:   [xilinx-label-all-loops]
    for (int i = 0; i < x; i++) {
    ^~~
    VITIS_LOOP_25_1: 
/home/sam-admin/git/Training/HLS_Vivado/A9/HLS/a9crc/solution2/.autopilot/db/crc.pp.0.cpp:32472:5: note: FIX-IT applied suggested code changes
/home/sam-admin/git/Training/HLS_Vivado/A9/HLS/a9crc/solution2/.autopilot/db/crc.pp.0.cpp:32479:5: warning: Added loop label VITIS_LOOP_32_2:   [xilinx-label-all-loops]
    for (int i = 0; i <= x - y; i++) {
    ^~~
    VITIS_LOOP_32_2: 
/home/sam-admin/git/Training/HLS_Vivado/A9/HLS/a9crc/solution2/.autopilot/db/crc.pp.0.cpp:32479:5: note: FIX-IT applied suggested code changes
/home/sam-admin/git/Training/HLS_Vivado/A9/HLS/a9crc/solution2/.autopilot/db/crc.pp.0.cpp:32482:13: warning: Added loop label VITIS_LOOP_35_3:   [xilinx-label-all-loops]
            for (int j = 0; j < y; j++) {
            ^~~
            VITIS_LOOP_35_3: 
/home/sam-admin/git/Training/HLS_Vivado/A9/HLS/a9crc/solution2/.autopilot/db/crc.pp.0.cpp:32482:13: note: FIX-IT applied suggested code changes
/home/sam-admin/git/Training/HLS_Vivado/A9/HLS/a9crc/solution2/.autopilot/db/crc.pp.0.cpp:32492:5: warning: Added loop label VITIS_LOOP_45_4:   [xilinx-label-all-loops]
    while (startIdx < x && dividend[startIdx] == 0) {
    ^~~~~
    VITIS_LOOP_45_4: 
/home/sam-admin/git/Training/HLS_Vivado/A9/HLS/a9crc/solution2/.autopilot/db/crc.pp.0.cpp:32492:5: note: FIX-IT applied suggested code changes
/home/sam-admin/git/Training/HLS_Vivado/A9/HLS/a9crc/solution2/.autopilot/db/crc.pp.0.cpp:32496:5: warning: Added loop label VITIS_LOOP_49_5:   [xilinx-label-all-loops]
    for (int i = 0; i < 24; i++) {
    ^~~
    VITIS_LOOP_49_5: 
/home/sam-admin/git/Training/HLS_Vivado/A9/HLS/a9crc/solution2/.autopilot/db/crc.pp.0.cpp:32496:5: note: FIX-IT applied suggested code changes
/home/sam-admin/git/Training/HLS_Vivado/A9/HLS/a9crc/solution2/.autopilot/db/crc.pp.0.cpp:32507:5: warning: Added loop label VITIS_LOOP_60_6:   [xilinx-label-all-loops]
    for (int j = 0; j < 24; j++) {
    ^~~
    VITIS_LOOP_60_6: 
/home/sam-admin/git/Training/HLS_Vivado/A9/HLS/a9crc/solution2/.autopilot/db/crc.pp.0.cpp:32507:5: note: FIX-IT applied suggested code changes
