

================================================================
== Vitis HLS Report for 'crc24a_Pipeline_VITIS_LOOP_49_5'
================================================================
* Date:           Mon Jun 12 14:34:25 2023

* Version:        2022.2 (Build 3670227 on Oct 13 2022)
* Project:        a9crc
* Solution:       solution2 (Vivado IP Flow Target)
* Product family: zynq
* Target device:  xc7z020-clg484-1


================================================================
== Performance Estimates
================================================================
+ Timing: 
    * Summary: 
    +--------+----------+----------+------------+
    |  Clock |  Target  | Estimated| Uncertainty|
    +--------+----------+----------+------------+
    |ap_clk  |  10.00 ns|  6.000 ns|     2.70 ns|
    +--------+----------+----------+------------+

+ Latency: 
    * Summary: 
    +---------+---------+----------+----------+-----+-----+---------+
    |  Latency (cycles) |  Latency (absolute) |  Interval | Pipeline|
    |   min   |   max   |    min   |    max   | min | max |   Type  |
    +---------+---------+----------+----------+-----+-----+---------+
    |       26|       26|  0.260 us|  0.260 us|   26|   26|       no|
    +---------+---------+----------+----------+-----+-----+---------+

    + Detail: 
        * Instance: 
        N/A

        * Loop: 
        +-------------------+---------+---------+----------+-----------+-----------+------+----------+
        |                   |  Latency (cycles) | Iteration|  Initiation Interval  | Trip |          |
        |     Loop Name     |   min   |   max   |  Latency |  achieved |   target  | Count| Pipelined|
        +-------------------+---------+---------+----------+-----------+-----------+------+----------+
        |- VITIS_LOOP_49_5  |       24|       24|         2|          1|          1|    24|       yes|
        +-------------------+---------+---------+----------+-----------+-----------+------+----------+

============================================================
+ Verbose Summary: Synthesis Manager
============================================================
InlineROM: 1
ExposeGlobal: 0
============================================================
+ Verbose Summary: CDFG Model
============================================================
IsTopModel: 0
ResetActiveHigh: 1
IsCombinational: 0
IsDatapathOnly: 0
HasWiredReturn: 1
HasMFsm: 2
HasVarLatency: 1
IsPipeline: 0
IsRtlPipelined: 0
IsInstanceOverlapped: 0
IsDontTouch: 0
HasImplIP: 0
IsGatedGlobalClock: 0

+ Individual pipeline summary: 
  * Pipeline-0: initiation interval (II) = 1, depth = 2


============================================================
+ Verbose Summary: Schedule
============================================================
* Number of FSM states : 2
* Pipeline : 1
  Pipeline-0 : II = 1, D = 2, States = { 1 2 }
* Dataflow Pipeline: 0

* FSM state transitions: 
1 --> 2 
2 --> 

* FSM state operations: 

State 1 <SV = 0> <Delay = 6.00>
ST_1 : Operation 5 [1/1] (0.00ns)   --->   "%i = alloca i32 1"   --->   Operation 5 'alloca' 'i' <Predicate = true> <Delay = 0.00>
ST_1 : Operation 6 [1/1] (0.00ns)   --->   "%icmp_ln45_lcssa_read = read i1 @_ssdm_op_Read.ap_auto.i1, i1 %icmp_ln45_lcssa"   --->   Operation 6 'read' 'icmp_ln45_lcssa_read' <Predicate = true> <Delay = 0.00>
ST_1 : Operation 7 [1/1] (0.00ns)   --->   "%dividend_143_reload_read = read i1 @_ssdm_op_Read.ap_auto.i1, i1 %dividend_143_reload"   --->   Operation 7 'read' 'dividend_143_reload_read' <Predicate = true> <Delay = 0.00>
ST_1 : Operation 8 [1/1] (0.00ns)   --->   "%dividend_142_reload_read = read i1 @_ssdm_op_Read.ap_auto.i1, i1 %dividend_142_reload"   --->   Operation 8 'read' 'dividend_142_reload_read' <Predicate = true> <Delay = 0.00>
ST_1 : Operation 9 [1/1] (0.00ns)   --->   "%dividend_141_reload_read = read i1 @_ssdm_op_Read.ap_auto.i1, i1 %dividend_141_reload"   --->   Operation 9 'read' 'dividend_141_reload_read' <Predicate = true> <Delay = 0.00>
ST_1 : Operation 10 [1/1] (0.00ns)   --->   "%dividend_140_reload_read = read i1 @_ssdm_op_Read.ap_auto.i1, i1 %dividend_140_reload"   --->   Operation 10 'read' 'dividend_140_reload_read' <Predicate = true> <Delay = 0.00>
ST_1 : Operation 11 [1/1] (0.00ns)   --->   "%dividend_139_reload_read = read i1 @_ssdm_op_Read.ap_auto.i1, i1 %dividend_139_reload"   --->   Operation 11 'read' 'dividend_139_reload_read' <Predicate = true> <Delay = 0.00>
ST_1 : Operation 12 [1/1] (0.00ns)   --->   "%dividend_138_reload_read = read i1 @_ssdm_op_Read.ap_auto.i1, i1 %dividend_138_reload"   --->   Operation 12 'read' 'dividend_138_reload_read' <Predicate = true> <Delay = 0.00>
ST_1 : Operation 13 [1/1] (0.00ns)   --->   "%dividend_137_reload_read = read i1 @_ssdm_op_Read.ap_auto.i1, i1 %dividend_137_reload"   --->   Operation 13 'read' 'dividend_137_reload_read' <Predicate = true> <Delay = 0.00>
ST_1 : Operation 14 [1/1] (0.00ns)   --->   "%dividend_136_reload_read = read i1 @_ssdm_op_Read.ap_auto.i1, i1 %dividend_136_reload"   --->   Operation 14 'read' 'dividend_136_reload_read' <Predicate = true> <Delay = 0.00>
ST_1 : Operation 15 [1/1] (0.00ns)   --->   "%dividend_135_reload_read = read i1 @_ssdm_op_Read.ap_auto.i1, i1 %dividend_135_reload"   --->   Operation 15 'read' 'dividend_135_reload_read' <Predicate = true> <Delay = 0.00>
ST_1 : Operation 16 [1/1] (0.00ns)   --->   "%dividend_134_reload_read = read i1 @_ssdm_op_Read.ap_auto.i1, i1 %dividend_134_reload"   --->   Operation 16 'read' 'dividend_134_reload_read' <Predicate = true> <Delay = 0.00>
ST_1 : Operation 17 [1/1] (0.00ns)   --->   "%dividend_133_reload_read = read i1 @_ssdm_op_Read.ap_auto.i1, i1 %dividend_133_reload"   --->   Operation 17 'read' 'dividend_133_reload_read' <Predicate = true> <Delay = 0.00>
ST_1 : Operation 18 [1/1] (0.00ns)   --->   "%dividend_132_reload_read = read i1 @_ssdm_op_Read.ap_auto.i1, i1 %dividend_132_reload"   --->   Operation 18 'read' 'dividend_132_reload_read' <Predicate = true> <Delay = 0.00>
ST_1 : Operation 19 [1/1] (0.00ns)   --->   "%dividend_131_reload_read = read i1 @_ssdm_op_Read.ap_auto.i1, i1 %dividend_131_reload"   --->   Operation 19 'read' 'dividend_131_reload_read' <Predicate = true> <Delay = 0.00>
ST_1 : Operation 20 [1/1] (0.00ns)   --->   "%dividend_130_reload_read = read i1 @_ssdm_op_Read.ap_auto.i1, i1 %dividend_130_reload"   --->   Operation 20 'read' 'dividend_130_reload_read' <Predicate = true> <Delay = 0.00>
ST_1 : Operation 21 [1/1] (0.00ns)   --->   "%dividend_129_reload_read = read i1 @_ssdm_op_Read.ap_auto.i1, i1 %dividend_129_reload"   --->   Operation 21 'read' 'dividend_129_reload_read' <Predicate = true> <Delay = 0.00>
ST_1 : Operation 22 [1/1] (0.00ns)   --->   "%dividend_128_reload_read = read i1 @_ssdm_op_Read.ap_auto.i1, i1 %dividend_128_reload"   --->   Operation 22 'read' 'dividend_128_reload_read' <Predicate = true> <Delay = 0.00>
ST_1 : Operation 23 [1/1] (0.00ns)   --->   "%dividend_127_reload_read = read i1 @_ssdm_op_Read.ap_auto.i1, i1 %dividend_127_reload"   --->   Operation 23 'read' 'dividend_127_reload_read' <Predicate = true> <Delay = 0.00>
ST_1 : Operation 24 [1/1] (0.00ns)   --->   "%dividend_126_reload_read = read i1 @_ssdm_op_Read.ap_auto.i1, i1 %dividend_126_reload"   --->   Operation 24 'read' 'dividend_126_reload_read' <Predicate = true> <Delay = 0.00>
ST_1 : Operation 25 [1/1] (0.00ns)   --->   "%dividend_125_reload_read = read i1 @_ssdm_op_Read.ap_auto.i1, i1 %dividend_125_reload"   --->   Operation 25 'read' 'dividend_125_reload_read' <Predicate = true> <Delay = 0.00>
ST_1 : Operation 26 [1/1] (0.00ns)   --->   "%dividend_124_reload_read = read i1 @_ssdm_op_Read.ap_auto.i1, i1 %dividend_124_reload"   --->   Operation 26 'read' 'dividend_124_reload_read' <Predicate = true> <Delay = 0.00>
ST_1 : Operation 27 [1/1] (0.00ns)   --->   "%dividend_123_reload_read = read i1 @_ssdm_op_Read.ap_auto.i1, i1 %dividend_123_reload"   --->   Operation 27 'read' 'dividend_123_reload_read' <Predicate = true> <Delay = 0.00>
ST_1 : Operation 28 [1/1] (0.00ns)   --->   "%dividend_122_reload_read = read i1 @_ssdm_op_Read.ap_auto.i1, i1 %dividend_122_reload"   --->   Operation 28 'read' 'dividend_122_reload_read' <Predicate = true> <Delay = 0.00>
ST_1 : Operation 29 [1/1] (0.00ns)   --->   "%dividend_121_reload_read = read i1 @_ssdm_op_Read.ap_auto.i1, i1 %dividend_121_reload"   --->   Operation 29 'read' 'dividend_121_reload_read' <Predicate = true> <Delay = 0.00>
ST_1 : Operation 30 [1/1] (0.00ns)   --->   "%dividend_120_reload_read = read i1 @_ssdm_op_Read.ap_auto.i1, i1 %dividend_120_reload"   --->   Operation 30 'read' 'dividend_120_reload_read' <Predicate = true> <Delay = 0.00>
ST_1 : Operation 31 [1/1] (0.00ns)   --->   "%startIdx_reload_read = read i6 @_ssdm_op_Read.ap_auto.i6, i6 %startIdx_reload"   --->   Operation 31 'read' 'startIdx_reload_read' <Predicate = true> <Delay = 0.00>
ST_1 : Operation 32 [1/1] (0.00ns)   --->   "%dividend_119_reload_read = read i1 @_ssdm_op_Read.ap_auto.i1, i1 %dividend_119_reload"   --->   Operation 32 'read' 'dividend_119_reload_read' <Predicate = true> <Delay = 0.00>
ST_1 : Operation 33 [1/1] (0.00ns)   --->   "%dividend_118_reload_read = read i1 @_ssdm_op_Read.ap_auto.i1, i1 %dividend_118_reload"   --->   Operation 33 'read' 'dividend_118_reload_read' <Predicate = true> <Delay = 0.00>
ST_1 : Operation 34 [1/1] (0.00ns)   --->   "%dividend_117_reload_read = read i1 @_ssdm_op_Read.ap_auto.i1, i1 %dividend_117_reload"   --->   Operation 34 'read' 'dividend_117_reload_read' <Predicate = true> <Delay = 0.00>
ST_1 : Operation 35 [1/1] (0.00ns)   --->   "%dividend_116_reload_read = read i1 @_ssdm_op_Read.ap_auto.i1, i1 %dividend_116_reload"   --->   Operation 35 'read' 'dividend_116_reload_read' <Predicate = true> <Delay = 0.00>
ST_1 : Operation 36 [1/1] (0.00ns)   --->   "%dividend_115_reload_read = read i1 @_ssdm_op_Read.ap_auto.i1, i1 %dividend_115_reload"   --->   Operation 36 'read' 'dividend_115_reload_read' <Predicate = true> <Delay = 0.00>
ST_1 : Operation 37 [1/1] (0.00ns)   --->   "%dividend_114_reload_read = read i1 @_ssdm_op_Read.ap_auto.i1, i1 %dividend_114_reload"   --->   Operation 37 'read' 'dividend_114_reload_read' <Predicate = true> <Delay = 0.00>
ST_1 : Operation 38 [1/1] (0.00ns)   --->   "%dividend_113_reload_read = read i1 @_ssdm_op_Read.ap_auto.i1, i1 %dividend_113_reload"   --->   Operation 38 'read' 'dividend_113_reload_read' <Predicate = true> <Delay = 0.00>
ST_1 : Operation 39 [1/1] (0.00ns)   --->   "%dividend_112_reload_read = read i1 @_ssdm_op_Read.ap_auto.i1, i1 %dividend_112_reload"   --->   Operation 39 'read' 'dividend_112_reload_read' <Predicate = true> <Delay = 0.00>
ST_1 : Operation 40 [1/1] (0.00ns)   --->   "%dividend_111_reload_read = read i1 @_ssdm_op_Read.ap_auto.i1, i1 %dividend_111_reload"   --->   Operation 40 'read' 'dividend_111_reload_read' <Predicate = true> <Delay = 0.00>
ST_1 : Operation 41 [1/1] (0.00ns)   --->   "%dividend_110_reload_read = read i1 @_ssdm_op_Read.ap_auto.i1, i1 %dividend_110_reload"   --->   Operation 41 'read' 'dividend_110_reload_read' <Predicate = true> <Delay = 0.00>
ST_1 : Operation 42 [1/1] (0.00ns)   --->   "%dividend_109_reload_read = read i1 @_ssdm_op_Read.ap_auto.i1, i1 %dividend_109_reload"   --->   Operation 42 'read' 'dividend_109_reload_read' <Predicate = true> <Delay = 0.00>
ST_1 : Operation 43 [1/1] (0.00ns)   --->   "%dividend_108_reload_read = read i1 @_ssdm_op_Read.ap_auto.i1, i1 %dividend_108_reload"   --->   Operation 43 'read' 'dividend_108_reload_read' <Predicate = true> <Delay = 0.00>
ST_1 : Operation 44 [1/1] (0.00ns)   --->   "%dividend_107_reload_read = read i1 @_ssdm_op_Read.ap_auto.i1, i1 %dividend_107_reload"   --->   Operation 44 'read' 'dividend_107_reload_read' <Predicate = true> <Delay = 0.00>
ST_1 : Operation 45 [1/1] (0.00ns)   --->   "%dividend_106_reload_read = read i1 @_ssdm_op_Read.ap_auto.i1, i1 %dividend_106_reload"   --->   Operation 45 'read' 'dividend_106_reload_read' <Predicate = true> <Delay = 0.00>
ST_1 : Operation 46 [1/1] (0.00ns)   --->   "%dividend_105_reload_read = read i1 @_ssdm_op_Read.ap_auto.i1, i1 %dividend_105_reload"   --->   Operation 46 'read' 'dividend_105_reload_read' <Predicate = true> <Delay = 0.00>
ST_1 : Operation 47 [1/1] (0.00ns)   --->   "%dividend_104_reload_read = read i1 @_ssdm_op_Read.ap_auto.i1, i1 %dividend_104_reload"   --->   Operation 47 'read' 'dividend_104_reload_read' <Predicate = true> <Delay = 0.00>
ST_1 : Operation 48 [1/1] (0.00ns)   --->   "%dividend_103_reload_read = read i1 @_ssdm_op_Read.ap_auto.i1, i1 %dividend_103_reload"   --->   Operation 48 'read' 'dividend_103_reload_read' <Predicate = true> <Delay = 0.00>
ST_1 : Operation 49 [1/1] (0.00ns)   --->   "%dividend_102_reload_read = read i1 @_ssdm_op_Read.ap_auto.i1, i1 %dividend_102_reload"   --->   Operation 49 'read' 'dividend_102_reload_read' <Predicate = true> <Delay = 0.00>
ST_1 : Operation 50 [1/1] (0.00ns)   --->   "%dividend_101_reload_read = read i1 @_ssdm_op_Read.ap_auto.i1, i1 %dividend_101_reload"   --->   Operation 50 'read' 'dividend_101_reload_read' <Predicate = true> <Delay = 0.00>
ST_1 : Operation 51 [1/1] (0.00ns)   --->   "%dividend_100_reload_read = read i1 @_ssdm_op_Read.ap_auto.i1, i1 %dividend_100_reload"   --->   Operation 51 'read' 'dividend_100_reload_read' <Predicate = true> <Delay = 0.00>
ST_1 : Operation 52 [1/1] (0.00ns)   --->   "%dividend_99_reload_read = read i1 @_ssdm_op_Read.ap_auto.i1, i1 %dividend_99_reload"   --->   Operation 52 'read' 'dividend_99_reload_read' <Predicate = true> <Delay = 0.00>
ST_1 : Operation 53 [1/1] (0.00ns)   --->   "%dividend_98_reload_read = read i1 @_ssdm_op_Read.ap_auto.i1, i1 %dividend_98_reload"   --->   Operation 53 'read' 'dividend_98_reload_read' <Predicate = true> <Delay = 0.00>
ST_1 : Operation 54 [1/1] (0.00ns)   --->   "%dividend_97_reload_read = read i1 @_ssdm_op_Read.ap_auto.i1, i1 %dividend_97_reload"   --->   Operation 54 'read' 'dividend_97_reload_read' <Predicate = true> <Delay = 0.00>
ST_1 : Operation 55 [1/1] (0.00ns)   --->   "%dividend_48_reload_read = read i1 @_ssdm_op_Read.ap_auto.i1, i1 %dividend_48_reload"   --->   Operation 55 'read' 'dividend_48_reload_read' <Predicate = true> <Delay = 0.00>
ST_1 : Operation 56 [1/1] (1.58ns)   --->   "%store_ln0 = store i5 0, i5 %i"   --->   Operation 56 'store' 'store_ln0' <Predicate = true> <Delay = 1.58>
ST_1 : Operation 57 [1/1] (0.00ns)   --->   "%br_ln0 = br void %for.body35"   --->   Operation 57 'br' 'br_ln0' <Predicate = true> <Delay = 0.00>
ST_1 : Operation 58 [1/1] (0.00ns)   --->   "%i_1 = load i5 %i" [../codes/crc.cpp:49]   --->   Operation 58 'load' 'i_1' <Predicate = true> <Delay = 0.00>
ST_1 : Operation 59 [1/1] (1.36ns)   --->   "%icmp_ln49 = icmp_eq  i5 %i_1, i5 24" [../codes/crc.cpp:49]   --->   Operation 59 'icmp' 'icmp_ln49' <Predicate = true> <Delay = 1.36> <CoreInst = "Cmp">   --->   Core 9 'Cmp' <Latency = 0> <II = 1> <Delay = 1.36> <FuncUnit> <Opcode : 'icmp'> <InPorts = 2> <OutPorts = 1>
ST_1 : Operation 60 [1/1] (0.00ns)   --->   "%empty = speclooptripcount i32 @_ssdm_op_SpecLoopTripCount, i64 24, i64 24, i64 24"   --->   Operation 60 'speclooptripcount' 'empty' <Predicate = true> <Delay = 0.00>
ST_1 : Operation 61 [1/1] (1.78ns)   --->   "%add_ln49 = add i5 %i_1, i5 1" [../codes/crc.cpp:49]   --->   Operation 61 'add' 'add_ln49' <Predicate = true> <Delay = 1.78> <CoreInst = "Adder">   --->   Core 1 'Adder' <Latency = 0> <II = 1> <Delay = 1.78> <FuncUnit> <Opcode : 'add' 'sub'> <InPorts = 2> <OutPorts = 1>
ST_1 : Operation 62 [1/1] (0.00ns)   --->   "%br_ln49 = br i1 %icmp_ln49, void %for.body35.split_ifconv, void %for.body55.preheader.exitStub" [../codes/crc.cpp:49]   --->   Operation 62 'br' 'br_ln49' <Predicate = true> <Delay = 0.00>
ST_1 : Operation 63 [1/1] (0.00ns)   --->   "%zext_ln52 = zext i5 %i_1" [../codes/crc.cpp:52]   --->   Operation 63 'zext' 'zext_ln52' <Predicate = (!icmp_ln49 & !icmp_ln45_lcssa_read)> <Delay = 0.00>
ST_1 : Operation 64 [1/1] (3.20ns)   --->   "%tmp_2 = mux i1 @_ssdm_op_Mux.ap_auto.24i1.i5, i1 %dividend_48_reload_read, i1 %dividend_97_reload_read, i1 %dividend_98_reload_read, i1 %dividend_99_reload_read, i1 %dividend_100_reload_read, i1 %dividend_101_reload_read, i1 %dividend_102_reload_read, i1 %dividend_103_reload_read, i1 %dividend_104_reload_read, i1 %dividend_105_reload_read, i1 %dividend_106_reload_read, i1 %dividend_107_reload_read, i1 %dividend_108_reload_read, i1 %dividend_109_reload_read, i1 %dividend_110_reload_read, i1 %dividend_111_reload_read, i1 %dividend_112_reload_read, i1 %dividend_113_reload_read, i1 %dividend_114_reload_read, i1 %dividend_115_reload_read, i1 %dividend_116_reload_read, i1 %dividend_117_reload_read, i1 %dividend_118_reload_read, i1 %dividend_119_reload_read, i5 %i_1" [../codes/crc.cpp:52]   --->   Operation 64 'mux' 'tmp_2' <Predicate = (!icmp_ln49 & icmp_ln45_lcssa_read)> <Delay = 3.20> <CoreInst = "Multiplexer">   --->   Core 76 'Multiplexer' <Latency = 0> <II = 1> <Delay = 3.20> <FuncUnit> <Opcode : 'mux'> <InPorts = 2> <OutPorts = 1>
ST_1 : Operation 65 [1/1] (1.82ns)   --->   "%add_ln55 = add i6 %zext_ln52, i6 %startIdx_reload_read" [../codes/crc.cpp:55]   --->   Operation 65 'add' 'add_ln55' <Predicate = (!icmp_ln49 & !icmp_ln45_lcssa_read)> <Delay = 1.82> <CoreInst = "Adder">   --->   Core 1 'Adder' <Latency = 0> <II = 1> <Delay = 1.82> <FuncUnit> <Opcode : 'add' 'sub'> <InPorts = 2> <OutPorts = 1>
ST_1 : Operation 66 [1/1] (3.18ns)   --->   "%tmp_3 = mux i1 @_ssdm_op_Mux.ap_auto.48i1.i6, i1 %dividend_48_reload_read, i1 %dividend_97_reload_read, i1 %dividend_98_reload_read, i1 %dividend_99_reload_read, i1 %dividend_100_reload_read, i1 %dividend_101_reload_read, i1 %dividend_102_reload_read, i1 %dividend_103_reload_read, i1 %dividend_104_reload_read, i1 %dividend_105_reload_read, i1 %dividend_106_reload_read, i1 %dividend_107_reload_read, i1 %dividend_108_reload_read, i1 %dividend_109_reload_read, i1 %dividend_110_reload_read, i1 %dividend_111_reload_read, i1 %dividend_112_reload_read, i1 %dividend_113_reload_read, i1 %dividend_114_reload_read, i1 %dividend_115_reload_read, i1 %dividend_116_reload_read, i1 %dividend_117_reload_read, i1 %dividend_118_reload_read, i1 %dividend_119_reload_read, i1 %dividend_120_reload_read, i1 %dividend_121_reload_read, i1 %dividend_122_reload_read, i1 %dividend_123_reload_read, i1 %dividend_124_reload_read, i1 %dividend_125_reload_read, i1 %dividend_126_reload_read, i1 %dividend_127_reload_read, i1 %dividend_128_reload_read, i1 %dividend_129_reload_read, i1 %dividend_130_reload_read, i1 %dividend_131_reload_read, i1 %dividend_132_reload_read, i1 %dividend_133_reload_read, i1 %dividend_134_reload_read, i1 %dividend_135_reload_read, i1 %dividend_136_reload_read, i1 %dividend_137_reload_read, i1 %dividend_138_reload_read, i1 %dividend_139_reload_read, i1 %dividend_140_reload_read, i1 %dividend_141_reload_read, i1 %dividend_142_reload_read, i1 %dividend_143_reload_read, i6 %add_ln55" [../codes/crc.cpp:55]   --->   Operation 66 'mux' 'tmp_3' <Predicate = (!icmp_ln49 & !icmp_ln45_lcssa_read)> <Delay = 3.18> <CoreInst = "Multiplexer">   --->   Core 76 'Multiplexer' <Latency = 0> <II = 1> <Delay = 3.18> <FuncUnit> <Opcode : 'mux'> <InPorts = 2> <OutPorts = 1>
ST_1 : Operation 67 [1/1] (0.99ns)   --->   "%storemerge = select i1 %icmp_ln45_lcssa_read, i1 %tmp_2, i1 %tmp_3" [../codes/crc.cpp:52]   --->   Operation 67 'select' 'storemerge' <Predicate = (!icmp_ln49)> <Delay = 0.99> <CoreInst = "Sel">   --->   Core 73 'Sel' <Latency = 0> <II = 1> <Delay = 0.99> <FuncUnit> <Opcode : 'select'> <InPorts = 3> <OutPorts = 1>
ST_1 : Operation 68 [1/1] (1.58ns)   --->   "%store_ln49 = store i5 %add_ln49, i5 %i" [../codes/crc.cpp:49]   --->   Operation 68 'store' 'store_ln49' <Predicate = (!icmp_ln49)> <Delay = 1.58>
ST_1 : Operation 75 [1/1] (0.00ns)   --->   "%ret_ln0 = ret"   --->   Operation 75 'ret' 'ret_ln0' <Predicate = (icmp_ln49)> <Delay = 0.00>

State 2 <SV = 1> <Delay = 2.32>
ST_2 : Operation 69 [1/1] (0.00ns)   --->   "%zext_ln49 = zext i5 %i_1" [../codes/crc.cpp:49]   --->   Operation 69 'zext' 'zext_ln49' <Predicate = true> <Delay = 0.00>
ST_2 : Operation 70 [1/1] (0.00ns)   --->   "%specpipeline_ln50 = specpipeline void @_ssdm_op_SpecPipeline, i32 1, i32 0, i32 0, i32 0, void @empty_1" [../codes/crc.cpp:50]   --->   Operation 70 'specpipeline' 'specpipeline_ln50' <Predicate = true> <Delay = 0.00>
ST_2 : Operation 71 [1/1] (0.00ns)   --->   "%specloopname_ln49 = specloopname void @_ssdm_op_SpecLoopName, void @empty_4" [../codes/crc.cpp:49]   --->   Operation 71 'specloopname' 'specloopname_ln49' <Predicate = true> <Delay = 0.00>
ST_2 : Operation 72 [1/1] (0.00ns)   --->   "%p_addr = getelementptr i1 %p, i64 0, i64 %zext_ln49" [../codes/crc.cpp:55]   --->   Operation 72 'getelementptr' 'p_addr' <Predicate = true> <Delay = 0.00>
ST_2 : Operation 73 [1/1] (2.32ns)   --->   "%store_ln52 = store i1 %storemerge, i5 %p_addr" [../codes/crc.cpp:52]   --->   Operation 73 'store' 'store_ln52' <Predicate = true> <Delay = 2.32> <CoreInst = "RAM">   --->   Core 82 'RAM' <Latency = 1> <II = 1> <Delay = 2.32> <Storage> <Opcode : 'load' 'store'> <Ports = 2> <Width = 1> <Depth = 24> <RAM>
ST_2 : Operation 74 [1/1] (0.00ns)   --->   "%br_ln49 = br void %for.body35" [../codes/crc.cpp:49]   --->   Operation 74 'br' 'br_ln49' <Predicate = true> <Delay = 0.00>


============================================================
+ Verbose Summary: Timing violations
============================================================
Target clock period: 10ns, clock uncertainty: 2.7ns.

 <State 1>: 6ns
The critical path consists of the following:
	'alloca' operation ('i') [52]  (0 ns)
	'load' operation ('i', ../codes/crc.cpp:49) on local variable 'i' [106]  (0 ns)
	'add' operation ('add_ln55', ../codes/crc.cpp:55) [118]  (1.83 ns)
	'mux' operation ('tmp_3', ../codes/crc.cpp:55) [119]  (3.18 ns)
	'select' operation ('storemerge', ../codes/crc.cpp:52) [120]  (0.993 ns)

 <State 2>: 2.32ns
The critical path consists of the following:
	'getelementptr' operation ('p_addr', ../codes/crc.cpp:55) [115]  (0 ns)
	'store' operation ('store_ln52', ../codes/crc.cpp:52) of variable 'storemerge', ../codes/crc.cpp:52 on array 'p' [121]  (2.32 ns)


============================================================
+ Verbose Summary: Binding
============================================================
N/A
* FSMD analyzer results:
  - Output states:
 - Input state : 
  - Chain level:
	State 1
	State 2


============================================================
+ Verbose Summary: Datapath Resource usage 
============================================================
N/A
