

================================================================
== Vitis HLS Report for 'crc24a_Pipeline_VITIS_LOOP_25_1'
================================================================
* Date:           Mon Jun 12 14:34:22 2023

* Version:        2022.2 (Build 3670227 on Oct 13 2022)
* Project:        a9crc
* Solution:       solution2 (Vivado IP Flow Target)
* Product family: zynq
* Target device:  xc7z020-clg484-1


================================================================
== Performance Estimates
================================================================
+ Timing: 
    * Summary: 
    +--------+----------+----------+------------+
    |  Clock |  Target  | Estimated| Uncertainty|
    +--------+----------+----------+------------+
    |ap_clk  |  10.00 ns|  3.413 ns|     2.70 ns|
    +--------+----------+----------+------------+

+ Latency: 
    * Summary: 
    +---------+---------+----------+----------+-----+-----+---------+
    |  Latency (cycles) |  Latency (absolute) |  Interval | Pipeline|
    |   min   |   max   |    min   |    max   | min | max |   Type  |
    +---------+---------+----------+----------+-----+-----+---------+
    |       50|       50|  0.500 us|  0.500 us|   50|   50|       no|
    +---------+---------+----------+----------+-----+-----+---------+

    + Detail: 
        * Instance: 
        N/A

        * Loop: 
        +-------------------+---------+---------+----------+-----------+-----------+------+----------+
        |                   |  Latency (cycles) | Iteration|  Initiation Interval  | Trip |          |
        |     Loop Name     |   min   |   max   |  Latency |  achieved |   target  | Count| Pipelined|
        +-------------------+---------+---------+----------+-----------+-----------+------+----------+
        |- VITIS_LOOP_25_1  |       48|       48|         1|          1|          1|    48|       yes|
        +-------------------+---------+---------+----------+-----------+-----------+------+----------+

============================================================
+ Verbose Summary: Synthesis Manager
============================================================
InlineROM: 1
ExposeGlobal: 0
============================================================
+ Verbose Summary: CDFG Model
============================================================
IsTopModel: 0
ResetActiveHigh: 1
IsCombinational: 0
IsDatapathOnly: 0
HasWiredReturn: 1
HasMFsm: 2
HasVarLatency: 1
IsPipeline: 0
IsRtlPipelined: 0
IsInstanceOverlapped: 0
IsDontTouch: 0
HasImplIP: 0
IsGatedGlobalClock: 0

+ Individual pipeline summary: 
  * Pipeline-0: initiation interval (II) = 1, depth = 1


============================================================
+ Verbose Summary: Schedule
============================================================
* Number of FSM states : 1
* Pipeline : 1
  Pipeline-0 : II = 1, D = 1, States = { 1 }
* Dataflow Pipeline: 0

* FSM state transitions: 
1 --> 

* FSM state operations: 

State 1 <SV = 0> <Delay = 3.41>
ST_1 : Operation 4 [1/1] (0.00ns)   --->   "%i = alloca i32 1"   --->   Operation 4 'alloca' 'i' <Predicate = true> <Delay = 0.00>
ST_1 : Operation 5 [1/1] (0.00ns)   --->   "%dividend = alloca i32 1"   --->   Operation 5 'alloca' 'dividend' <Predicate = true> <Delay = 0.00>
ST_1 : Operation 6 [1/1] (0.00ns)   --->   "%dividend_1 = alloca i32 1"   --->   Operation 6 'alloca' 'dividend_1' <Predicate = true> <Delay = 0.00>
ST_1 : Operation 7 [1/1] (0.00ns)   --->   "%dividend_2 = alloca i32 1"   --->   Operation 7 'alloca' 'dividend_2' <Predicate = true> <Delay = 0.00>
ST_1 : Operation 8 [1/1] (0.00ns)   --->   "%dividend_3 = alloca i32 1"   --->   Operation 8 'alloca' 'dividend_3' <Predicate = true> <Delay = 0.00>
ST_1 : Operation 9 [1/1] (0.00ns)   --->   "%dividend_4 = alloca i32 1"   --->   Operation 9 'alloca' 'dividend_4' <Predicate = true> <Delay = 0.00>
ST_1 : Operation 10 [1/1] (0.00ns)   --->   "%dividend_5 = alloca i32 1"   --->   Operation 10 'alloca' 'dividend_5' <Predicate = true> <Delay = 0.00>
ST_1 : Operation 11 [1/1] (0.00ns)   --->   "%dividend_6 = alloca i32 1"   --->   Operation 11 'alloca' 'dividend_6' <Predicate = true> <Delay = 0.00>
ST_1 : Operation 12 [1/1] (0.00ns)   --->   "%dividend_7 = alloca i32 1"   --->   Operation 12 'alloca' 'dividend_7' <Predicate = true> <Delay = 0.00>
ST_1 : Operation 13 [1/1] (0.00ns)   --->   "%dividend_8 = alloca i32 1"   --->   Operation 13 'alloca' 'dividend_8' <Predicate = true> <Delay = 0.00>
ST_1 : Operation 14 [1/1] (0.00ns)   --->   "%dividend_9 = alloca i32 1"   --->   Operation 14 'alloca' 'dividend_9' <Predicate = true> <Delay = 0.00>
ST_1 : Operation 15 [1/1] (0.00ns)   --->   "%dividend_10 = alloca i32 1"   --->   Operation 15 'alloca' 'dividend_10' <Predicate = true> <Delay = 0.00>
ST_1 : Operation 16 [1/1] (0.00ns)   --->   "%dividend_11 = alloca i32 1"   --->   Operation 16 'alloca' 'dividend_11' <Predicate = true> <Delay = 0.00>
ST_1 : Operation 17 [1/1] (0.00ns)   --->   "%dividend_12 = alloca i32 1"   --->   Operation 17 'alloca' 'dividend_12' <Predicate = true> <Delay = 0.00>
ST_1 : Operation 18 [1/1] (0.00ns)   --->   "%dividend_13 = alloca i32 1"   --->   Operation 18 'alloca' 'dividend_13' <Predicate = true> <Delay = 0.00>
ST_1 : Operation 19 [1/1] (0.00ns)   --->   "%dividend_14 = alloca i32 1"   --->   Operation 19 'alloca' 'dividend_14' <Predicate = true> <Delay = 0.00>
ST_1 : Operation 20 [1/1] (0.00ns)   --->   "%dividend_15 = alloca i32 1"   --->   Operation 20 'alloca' 'dividend_15' <Predicate = true> <Delay = 0.00>
ST_1 : Operation 21 [1/1] (0.00ns)   --->   "%dividend_16 = alloca i32 1"   --->   Operation 21 'alloca' 'dividend_16' <Predicate = true> <Delay = 0.00>
ST_1 : Operation 22 [1/1] (0.00ns)   --->   "%dividend_17 = alloca i32 1"   --->   Operation 22 'alloca' 'dividend_17' <Predicate = true> <Delay = 0.00>
ST_1 : Operation 23 [1/1] (0.00ns)   --->   "%dividend_18 = alloca i32 1"   --->   Operation 23 'alloca' 'dividend_18' <Predicate = true> <Delay = 0.00>
ST_1 : Operation 24 [1/1] (0.00ns)   --->   "%dividend_19 = alloca i32 1"   --->   Operation 24 'alloca' 'dividend_19' <Predicate = true> <Delay = 0.00>
ST_1 : Operation 25 [1/1] (0.00ns)   --->   "%dividend_20 = alloca i32 1"   --->   Operation 25 'alloca' 'dividend_20' <Predicate = true> <Delay = 0.00>
ST_1 : Operation 26 [1/1] (0.00ns)   --->   "%dividend_21 = alloca i32 1"   --->   Operation 26 'alloca' 'dividend_21' <Predicate = true> <Delay = 0.00>
ST_1 : Operation 27 [1/1] (0.00ns)   --->   "%dividend_22 = alloca i32 1"   --->   Operation 27 'alloca' 'dividend_22' <Predicate = true> <Delay = 0.00>
ST_1 : Operation 28 [1/1] (0.00ns)   --->   "%dividend_23 = alloca i32 1"   --->   Operation 28 'alloca' 'dividend_23' <Predicate = true> <Delay = 0.00>
ST_1 : Operation 29 [1/1] (0.00ns)   --->   "%dividend_24 = alloca i32 1"   --->   Operation 29 'alloca' 'dividend_24' <Predicate = true> <Delay = 0.00>
ST_1 : Operation 30 [1/1] (0.00ns)   --->   "%dividend_25 = alloca i32 1"   --->   Operation 30 'alloca' 'dividend_25' <Predicate = true> <Delay = 0.00>
ST_1 : Operation 31 [1/1] (0.00ns)   --->   "%dividend_26 = alloca i32 1"   --->   Operation 31 'alloca' 'dividend_26' <Predicate = true> <Delay = 0.00>
ST_1 : Operation 32 [1/1] (0.00ns)   --->   "%dividend_27 = alloca i32 1"   --->   Operation 32 'alloca' 'dividend_27' <Predicate = true> <Delay = 0.00>
ST_1 : Operation 33 [1/1] (0.00ns)   --->   "%dividend_28 = alloca i32 1"   --->   Operation 33 'alloca' 'dividend_28' <Predicate = true> <Delay = 0.00>
ST_1 : Operation 34 [1/1] (0.00ns)   --->   "%dividend_29 = alloca i32 1"   --->   Operation 34 'alloca' 'dividend_29' <Predicate = true> <Delay = 0.00>
ST_1 : Operation 35 [1/1] (0.00ns)   --->   "%dividend_30 = alloca i32 1"   --->   Operation 35 'alloca' 'dividend_30' <Predicate = true> <Delay = 0.00>
ST_1 : Operation 36 [1/1] (0.00ns)   --->   "%dividend_31 = alloca i32 1"   --->   Operation 36 'alloca' 'dividend_31' <Predicate = true> <Delay = 0.00>
ST_1 : Operation 37 [1/1] (0.00ns)   --->   "%dividend_32 = alloca i32 1"   --->   Operation 37 'alloca' 'dividend_32' <Predicate = true> <Delay = 0.00>
ST_1 : Operation 38 [1/1] (0.00ns)   --->   "%dividend_33 = alloca i32 1"   --->   Operation 38 'alloca' 'dividend_33' <Predicate = true> <Delay = 0.00>
ST_1 : Operation 39 [1/1] (0.00ns)   --->   "%dividend_34 = alloca i32 1"   --->   Operation 39 'alloca' 'dividend_34' <Predicate = true> <Delay = 0.00>
ST_1 : Operation 40 [1/1] (0.00ns)   --->   "%dividend_35 = alloca i32 1"   --->   Operation 40 'alloca' 'dividend_35' <Predicate = true> <Delay = 0.00>
ST_1 : Operation 41 [1/1] (0.00ns)   --->   "%dividend_36 = alloca i32 1"   --->   Operation 41 'alloca' 'dividend_36' <Predicate = true> <Delay = 0.00>
ST_1 : Operation 42 [1/1] (0.00ns)   --->   "%dividend_37 = alloca i32 1"   --->   Operation 42 'alloca' 'dividend_37' <Predicate = true> <Delay = 0.00>
ST_1 : Operation 43 [1/1] (0.00ns)   --->   "%dividend_38 = alloca i32 1"   --->   Operation 43 'alloca' 'dividend_38' <Predicate = true> <Delay = 0.00>
ST_1 : Operation 44 [1/1] (0.00ns)   --->   "%dividend_39 = alloca i32 1"   --->   Operation 44 'alloca' 'dividend_39' <Predicate = true> <Delay = 0.00>
ST_1 : Operation 45 [1/1] (0.00ns)   --->   "%dividend_40 = alloca i32 1"   --->   Operation 45 'alloca' 'dividend_40' <Predicate = true> <Delay = 0.00>
ST_1 : Operation 46 [1/1] (0.00ns)   --->   "%dividend_41 = alloca i32 1"   --->   Operation 46 'alloca' 'dividend_41' <Predicate = true> <Delay = 0.00>
ST_1 : Operation 47 [1/1] (0.00ns)   --->   "%dividend_42 = alloca i32 1"   --->   Operation 47 'alloca' 'dividend_42' <Predicate = true> <Delay = 0.00>
ST_1 : Operation 48 [1/1] (0.00ns)   --->   "%dividend_43 = alloca i32 1"   --->   Operation 48 'alloca' 'dividend_43' <Predicate = true> <Delay = 0.00>
ST_1 : Operation 49 [1/1] (0.00ns)   --->   "%dividend_44 = alloca i32 1"   --->   Operation 49 'alloca' 'dividend_44' <Predicate = true> <Delay = 0.00>
ST_1 : Operation 50 [1/1] (0.00ns)   --->   "%dividend_45 = alloca i32 1"   --->   Operation 50 'alloca' 'dividend_45' <Predicate = true> <Delay = 0.00>
ST_1 : Operation 51 [1/1] (0.00ns)   --->   "%dividend_46 = alloca i32 1"   --->   Operation 51 'alloca' 'dividend_46' <Predicate = true> <Delay = 0.00>
ST_1 : Operation 52 [1/1] (0.00ns)   --->   "%dividend_47 = alloca i32 1"   --->   Operation 52 'alloca' 'dividend_47' <Predicate = true> <Delay = 0.00>
ST_1 : Operation 53 [1/1] (0.00ns)   --->   "%specinterface_ln0 = specinterface void @_ssdm_op_SpecInterface, i8 %a, void @empty, i32 0, i32 0, void @empty_0, i32 0, i32 0, void @empty_1, void @empty_1, void @empty_1, i32 0, i32 0, i32 0, i32 0, void @empty_1, void @empty_1, i32 4294967295, i32 0"   --->   Operation 53 'specinterface' 'specinterface_ln0' <Predicate = true> <Delay = 0.00>
ST_1 : Operation 54 [1/1] (1.58ns)   --->   "%store_ln0 = store i6 0, i6 %i"   --->   Operation 54 'store' 'store_ln0' <Predicate = true> <Delay = 1.58>
ST_1 : Operation 55 [1/1] (0.00ns)   --->   "%br_ln0 = br void %for.inc"   --->   Operation 55 'br' 'br_ln0' <Predicate = true> <Delay = 0.00>
ST_1 : Operation 56 [1/1] (0.00ns)   --->   "%i_2 = load i6 %i" [../codes/crc.cpp:25]   --->   Operation 56 'load' 'i_2' <Predicate = true> <Delay = 0.00>
ST_1 : Operation 57 [1/1] (1.42ns)   --->   "%icmp_ln25 = icmp_eq  i6 %i_2, i6 48" [../codes/crc.cpp:25]   --->   Operation 57 'icmp' 'icmp_ln25' <Predicate = true> <Delay = 1.42> <CoreInst = "Cmp">   --->   Core 9 'Cmp' <Latency = 0> <II = 1> <Delay = 1.42> <FuncUnit> <Opcode : 'icmp'> <InPorts = 2> <OutPorts = 1>
ST_1 : Operation 58 [1/1] (0.00ns)   --->   "%empty = speclooptripcount i32 @_ssdm_op_SpecLoopTripCount, i64 48, i64 48, i64 48"   --->   Operation 58 'speclooptripcount' 'empty' <Predicate = true> <Delay = 0.00>
ST_1 : Operation 59 [1/1] (1.82ns)   --->   "%add_ln25 = add i6 %i_2, i6 1" [../codes/crc.cpp:25]   --->   Operation 59 'add' 'add_ln25' <Predicate = true> <Delay = 1.82> <CoreInst = "Adder">   --->   Core 1 'Adder' <Latency = 0> <II = 1> <Delay = 1.82> <FuncUnit> <Opcode : 'add' 'sub'> <InPorts = 2> <OutPorts = 1>
ST_1 : Operation 60 [1/1] (0.00ns)   --->   "%br_ln25 = br i1 %icmp_ln25, void %for.inc.split, void %for.body5.preheader.exitStub" [../codes/crc.cpp:25]   --->   Operation 60 'br' 'br_ln25' <Predicate = true> <Delay = 0.00>
ST_1 : Operation 61 [1/1] (0.00ns)   --->   "%specpipeline_ln26 = specpipeline void @_ssdm_op_SpecPipeline, i32 1, i32 0, i32 0, i32 0, void @empty_1" [../codes/crc.cpp:26]   --->   Operation 61 'specpipeline' 'specpipeline_ln26' <Predicate = (!icmp_ln25)> <Delay = 0.00>
ST_1 : Operation 62 [1/1] (0.00ns)   --->   "%specloopname_ln18 = specloopname void @_ssdm_op_SpecLoopName, void @empty_7" [../codes/crc.cpp:18]   --->   Operation 62 'specloopname' 'specloopname_ln18' <Predicate = (!icmp_ln25)> <Delay = 0.00>
ST_1 : Operation 63 [1/1] (0.00ns)   --->   "%a_read = read i8 @_ssdm_op_Read.axis.volatile.i8P128A, i8 %a" [../codes/crc.cpp:27]   --->   Operation 63 'read' 'a_read' <Predicate = (!icmp_ln25)> <Delay = 0.00> <CoreInst = "axis">   --->   Core 115 'axis' <Latency = 0> <II = 1> <Delay = 1.00> <Adapter> <Opcode : >
ST_1 : Operation 64 [1/1] (0.00ns)   --->   "%dividend_97 = trunc i8 %a_read" [../codes/crc.cpp:27]   --->   Operation 64 'trunc' 'dividend_97' <Predicate = (!icmp_ln25)> <Delay = 0.00>
ST_1 : Operation 65 [1/1] (0.95ns)   --->   "%switch_ln27 = switch i6 %i_2, void %arrayidx.case.47, i6 0, void %for.inc.split.arrayidx.exit_crit_edge1, i6 1, void %arrayidx.case.1, i6 2, void %arrayidx.case.2, i6 3, void %arrayidx.case.3, i6 4, void %arrayidx.case.4, i6 5, void %arrayidx.case.5, i6 6, void %arrayidx.case.6, i6 7, void %arrayidx.case.7, i6 8, void %arrayidx.case.8, i6 9, void %arrayidx.case.9, i6 10, void %arrayidx.case.10, i6 11, void %arrayidx.case.11, i6 12, void %arrayidx.case.12, i6 13, void %arrayidx.case.13, i6 14, void %arrayidx.case.14, i6 15, void %arrayidx.case.15, i6 16, void %arrayidx.case.16, i6 17, void %arrayidx.case.17, i6 18, void %arrayidx.case.18, i6 19, void %arrayidx.case.19, i6 20, void %arrayidx.case.20, i6 21, void %arrayidx.case.21, i6 22, void %arrayidx.case.22, i6 23, void %arrayidx.case.23, i6 24, void %arrayidx.case.24, i6 25, void %arrayidx.case.25, i6 26, void %arrayidx.case.26, i6 27, void %arrayidx.case.27, i6 28, void %arrayidx.case.28, i6 29, void %arrayidx.case.29, i6 30, void %arrayidx.case.30, i6 31, void %arrayidx.case.31, i6 32, void %arrayidx.case.32, i6 33, void %arrayidx.case.33, i6 34, void %arrayidx.case.34, i6 35, void %arrayidx.case.35, i6 36, void %arrayidx.case.36, i6 37, void %arrayidx.case.37, i6 38, void %arrayidx.case.38, i6 39, void %arrayidx.case.39, i6 40, void %arrayidx.case.40, i6 41, void %arrayidx.case.41, i6 42, void %arrayidx.case.42, i6 43, void %arrayidx.case.43, i6 44, void %arrayidx.case.44, i6 45, void %arrayidx.case.45, i6 46, void %for.inc.split.arrayidx.exit_crit_edge" [../codes/crc.cpp:27]   --->   Operation 65 'switch' 'switch_ln27' <Predicate = (!icmp_ln25)> <Delay = 0.95>
ST_1 : Operation 66 [1/1] (0.00ns)   --->   "%store_ln27 = store i1 %dividend_97, i1 %dividend_46" [../codes/crc.cpp:27]   --->   Operation 66 'store' 'store_ln27' <Predicate = (!icmp_ln25 & i_2 == 46)> <Delay = 0.00>
ST_1 : Operation 67 [1/1] (0.00ns)   --->   "%br_ln27 = br void %arrayidx.exit" [../codes/crc.cpp:27]   --->   Operation 67 'br' 'br_ln27' <Predicate = (!icmp_ln25 & i_2 == 46)> <Delay = 0.00>
ST_1 : Operation 68 [1/1] (0.00ns)   --->   "%store_ln27 = store i1 %dividend_97, i1 %dividend_45" [../codes/crc.cpp:27]   --->   Operation 68 'store' 'store_ln27' <Predicate = (!icmp_ln25 & i_2 == 45)> <Delay = 0.00>
ST_1 : Operation 69 [1/1] (0.00ns)   --->   "%br_ln27 = br void %arrayidx.exit" [../codes/crc.cpp:27]   --->   Operation 69 'br' 'br_ln27' <Predicate = (!icmp_ln25 & i_2 == 45)> <Delay = 0.00>
ST_1 : Operation 70 [1/1] (0.00ns)   --->   "%store_ln27 = store i1 %dividend_97, i1 %dividend_44" [../codes/crc.cpp:27]   --->   Operation 70 'store' 'store_ln27' <Predicate = (!icmp_ln25 & i_2 == 44)> <Delay = 0.00>
ST_1 : Operation 71 [1/1] (0.00ns)   --->   "%br_ln27 = br void %arrayidx.exit" [../codes/crc.cpp:27]   --->   Operation 71 'br' 'br_ln27' <Predicate = (!icmp_ln25 & i_2 == 44)> <Delay = 0.00>
ST_1 : Operation 72 [1/1] (0.00ns)   --->   "%store_ln27 = store i1 %dividend_97, i1 %dividend_43" [../codes/crc.cpp:27]   --->   Operation 72 'store' 'store_ln27' <Predicate = (!icmp_ln25 & i_2 == 43)> <Delay = 0.00>
ST_1 : Operation 73 [1/1] (0.00ns)   --->   "%br_ln27 = br void %arrayidx.exit" [../codes/crc.cpp:27]   --->   Operation 73 'br' 'br_ln27' <Predicate = (!icmp_ln25 & i_2 == 43)> <Delay = 0.00>
ST_1 : Operation 74 [1/1] (0.00ns)   --->   "%store_ln27 = store i1 %dividend_97, i1 %dividend_42" [../codes/crc.cpp:27]   --->   Operation 74 'store' 'store_ln27' <Predicate = (!icmp_ln25 & i_2 == 42)> <Delay = 0.00>
ST_1 : Operation 75 [1/1] (0.00ns)   --->   "%br_ln27 = br void %arrayidx.exit" [../codes/crc.cpp:27]   --->   Operation 75 'br' 'br_ln27' <Predicate = (!icmp_ln25 & i_2 == 42)> <Delay = 0.00>
ST_1 : Operation 76 [1/1] (0.00ns)   --->   "%store_ln27 = store i1 %dividend_97, i1 %dividend_41" [../codes/crc.cpp:27]   --->   Operation 76 'store' 'store_ln27' <Predicate = (!icmp_ln25 & i_2 == 41)> <Delay = 0.00>
ST_1 : Operation 77 [1/1] (0.00ns)   --->   "%br_ln27 = br void %arrayidx.exit" [../codes/crc.cpp:27]   --->   Operation 77 'br' 'br_ln27' <Predicate = (!icmp_ln25 & i_2 == 41)> <Delay = 0.00>
ST_1 : Operation 78 [1/1] (0.00ns)   --->   "%store_ln27 = store i1 %dividend_97, i1 %dividend_40" [../codes/crc.cpp:27]   --->   Operation 78 'store' 'store_ln27' <Predicate = (!icmp_ln25 & i_2 == 40)> <Delay = 0.00>
ST_1 : Operation 79 [1/1] (0.00ns)   --->   "%br_ln27 = br void %arrayidx.exit" [../codes/crc.cpp:27]   --->   Operation 79 'br' 'br_ln27' <Predicate = (!icmp_ln25 & i_2 == 40)> <Delay = 0.00>
ST_1 : Operation 80 [1/1] (0.00ns)   --->   "%store_ln27 = store i1 %dividend_97, i1 %dividend_39" [../codes/crc.cpp:27]   --->   Operation 80 'store' 'store_ln27' <Predicate = (!icmp_ln25 & i_2 == 39)> <Delay = 0.00>
ST_1 : Operation 81 [1/1] (0.00ns)   --->   "%br_ln27 = br void %arrayidx.exit" [../codes/crc.cpp:27]   --->   Operation 81 'br' 'br_ln27' <Predicate = (!icmp_ln25 & i_2 == 39)> <Delay = 0.00>
ST_1 : Operation 82 [1/1] (0.00ns)   --->   "%store_ln27 = store i1 %dividend_97, i1 %dividend_38" [../codes/crc.cpp:27]   --->   Operation 82 'store' 'store_ln27' <Predicate = (!icmp_ln25 & i_2 == 38)> <Delay = 0.00>
ST_1 : Operation 83 [1/1] (0.00ns)   --->   "%br_ln27 = br void %arrayidx.exit" [../codes/crc.cpp:27]   --->   Operation 83 'br' 'br_ln27' <Predicate = (!icmp_ln25 & i_2 == 38)> <Delay = 0.00>
ST_1 : Operation 84 [1/1] (0.00ns)   --->   "%store_ln27 = store i1 %dividend_97, i1 %dividend_37" [../codes/crc.cpp:27]   --->   Operation 84 'store' 'store_ln27' <Predicate = (!icmp_ln25 & i_2 == 37)> <Delay = 0.00>
ST_1 : Operation 85 [1/1] (0.00ns)   --->   "%br_ln27 = br void %arrayidx.exit" [../codes/crc.cpp:27]   --->   Operation 85 'br' 'br_ln27' <Predicate = (!icmp_ln25 & i_2 == 37)> <Delay = 0.00>
ST_1 : Operation 86 [1/1] (0.00ns)   --->   "%store_ln27 = store i1 %dividend_97, i1 %dividend_36" [../codes/crc.cpp:27]   --->   Operation 86 'store' 'store_ln27' <Predicate = (!icmp_ln25 & i_2 == 36)> <Delay = 0.00>
ST_1 : Operation 87 [1/1] (0.00ns)   --->   "%br_ln27 = br void %arrayidx.exit" [../codes/crc.cpp:27]   --->   Operation 87 'br' 'br_ln27' <Predicate = (!icmp_ln25 & i_2 == 36)> <Delay = 0.00>
ST_1 : Operation 88 [1/1] (0.00ns)   --->   "%store_ln27 = store i1 %dividend_97, i1 %dividend_35" [../codes/crc.cpp:27]   --->   Operation 88 'store' 'store_ln27' <Predicate = (!icmp_ln25 & i_2 == 35)> <Delay = 0.00>
ST_1 : Operation 89 [1/1] (0.00ns)   --->   "%br_ln27 = br void %arrayidx.exit" [../codes/crc.cpp:27]   --->   Operation 89 'br' 'br_ln27' <Predicate = (!icmp_ln25 & i_2 == 35)> <Delay = 0.00>
ST_1 : Operation 90 [1/1] (0.00ns)   --->   "%store_ln27 = store i1 %dividend_97, i1 %dividend_34" [../codes/crc.cpp:27]   --->   Operation 90 'store' 'store_ln27' <Predicate = (!icmp_ln25 & i_2 == 34)> <Delay = 0.00>
ST_1 : Operation 91 [1/1] (0.00ns)   --->   "%br_ln27 = br void %arrayidx.exit" [../codes/crc.cpp:27]   --->   Operation 91 'br' 'br_ln27' <Predicate = (!icmp_ln25 & i_2 == 34)> <Delay = 0.00>
ST_1 : Operation 92 [1/1] (0.00ns)   --->   "%store_ln27 = store i1 %dividend_97, i1 %dividend_33" [../codes/crc.cpp:27]   --->   Operation 92 'store' 'store_ln27' <Predicate = (!icmp_ln25 & i_2 == 33)> <Delay = 0.00>
ST_1 : Operation 93 [1/1] (0.00ns)   --->   "%br_ln27 = br void %arrayidx.exit" [../codes/crc.cpp:27]   --->   Operation 93 'br' 'br_ln27' <Predicate = (!icmp_ln25 & i_2 == 33)> <Delay = 0.00>
ST_1 : Operation 94 [1/1] (0.00ns)   --->   "%store_ln27 = store i1 %dividend_97, i1 %dividend_32" [../codes/crc.cpp:27]   --->   Operation 94 'store' 'store_ln27' <Predicate = (!icmp_ln25 & i_2 == 32)> <Delay = 0.00>
ST_1 : Operation 95 [1/1] (0.00ns)   --->   "%br_ln27 = br void %arrayidx.exit" [../codes/crc.cpp:27]   --->   Operation 95 'br' 'br_ln27' <Predicate = (!icmp_ln25 & i_2 == 32)> <Delay = 0.00>
ST_1 : Operation 96 [1/1] (0.00ns)   --->   "%store_ln27 = store i1 %dividend_97, i1 %dividend_31" [../codes/crc.cpp:27]   --->   Operation 96 'store' 'store_ln27' <Predicate = (!icmp_ln25 & i_2 == 31)> <Delay = 0.00>
ST_1 : Operation 97 [1/1] (0.00ns)   --->   "%br_ln27 = br void %arrayidx.exit" [../codes/crc.cpp:27]   --->   Operation 97 'br' 'br_ln27' <Predicate = (!icmp_ln25 & i_2 == 31)> <Delay = 0.00>
ST_1 : Operation 98 [1/1] (0.00ns)   --->   "%store_ln27 = store i1 %dividend_97, i1 %dividend_30" [../codes/crc.cpp:27]   --->   Operation 98 'store' 'store_ln27' <Predicate = (!icmp_ln25 & i_2 == 30)> <Delay = 0.00>
ST_1 : Operation 99 [1/1] (0.00ns)   --->   "%br_ln27 = br void %arrayidx.exit" [../codes/crc.cpp:27]   --->   Operation 99 'br' 'br_ln27' <Predicate = (!icmp_ln25 & i_2 == 30)> <Delay = 0.00>
ST_1 : Operation 100 [1/1] (0.00ns)   --->   "%store_ln27 = store i1 %dividend_97, i1 %dividend_29" [../codes/crc.cpp:27]   --->   Operation 100 'store' 'store_ln27' <Predicate = (!icmp_ln25 & i_2 == 29)> <Delay = 0.00>
ST_1 : Operation 101 [1/1] (0.00ns)   --->   "%br_ln27 = br void %arrayidx.exit" [../codes/crc.cpp:27]   --->   Operation 101 'br' 'br_ln27' <Predicate = (!icmp_ln25 & i_2 == 29)> <Delay = 0.00>
ST_1 : Operation 102 [1/1] (0.00ns)   --->   "%store_ln27 = store i1 %dividend_97, i1 %dividend_28" [../codes/crc.cpp:27]   --->   Operation 102 'store' 'store_ln27' <Predicate = (!icmp_ln25 & i_2 == 28)> <Delay = 0.00>
ST_1 : Operation 103 [1/1] (0.00ns)   --->   "%br_ln27 = br void %arrayidx.exit" [../codes/crc.cpp:27]   --->   Operation 103 'br' 'br_ln27' <Predicate = (!icmp_ln25 & i_2 == 28)> <Delay = 0.00>
ST_1 : Operation 104 [1/1] (0.00ns)   --->   "%store_ln27 = store i1 %dividend_97, i1 %dividend_27" [../codes/crc.cpp:27]   --->   Operation 104 'store' 'store_ln27' <Predicate = (!icmp_ln25 & i_2 == 27)> <Delay = 0.00>
ST_1 : Operation 105 [1/1] (0.00ns)   --->   "%br_ln27 = br void %arrayidx.exit" [../codes/crc.cpp:27]   --->   Operation 105 'br' 'br_ln27' <Predicate = (!icmp_ln25 & i_2 == 27)> <Delay = 0.00>
ST_1 : Operation 106 [1/1] (0.00ns)   --->   "%store_ln27 = store i1 %dividend_97, i1 %dividend_26" [../codes/crc.cpp:27]   --->   Operation 106 'store' 'store_ln27' <Predicate = (!icmp_ln25 & i_2 == 26)> <Delay = 0.00>
ST_1 : Operation 107 [1/1] (0.00ns)   --->   "%br_ln27 = br void %arrayidx.exit" [../codes/crc.cpp:27]   --->   Operation 107 'br' 'br_ln27' <Predicate = (!icmp_ln25 & i_2 == 26)> <Delay = 0.00>
ST_1 : Operation 108 [1/1] (0.00ns)   --->   "%store_ln27 = store i1 %dividend_97, i1 %dividend_25" [../codes/crc.cpp:27]   --->   Operation 108 'store' 'store_ln27' <Predicate = (!icmp_ln25 & i_2 == 25)> <Delay = 0.00>
ST_1 : Operation 109 [1/1] (0.00ns)   --->   "%br_ln27 = br void %arrayidx.exit" [../codes/crc.cpp:27]   --->   Operation 109 'br' 'br_ln27' <Predicate = (!icmp_ln25 & i_2 == 25)> <Delay = 0.00>
ST_1 : Operation 110 [1/1] (0.00ns)   --->   "%store_ln27 = store i1 %dividend_97, i1 %dividend_24" [../codes/crc.cpp:27]   --->   Operation 110 'store' 'store_ln27' <Predicate = (!icmp_ln25 & i_2 == 24)> <Delay = 0.00>
ST_1 : Operation 111 [1/1] (0.00ns)   --->   "%br_ln27 = br void %arrayidx.exit" [../codes/crc.cpp:27]   --->   Operation 111 'br' 'br_ln27' <Predicate = (!icmp_ln25 & i_2 == 24)> <Delay = 0.00>
ST_1 : Operation 112 [1/1] (0.00ns)   --->   "%store_ln27 = store i1 %dividend_97, i1 %dividend_23" [../codes/crc.cpp:27]   --->   Operation 112 'store' 'store_ln27' <Predicate = (!icmp_ln25 & i_2 == 23)> <Delay = 0.00>
ST_1 : Operation 113 [1/1] (0.00ns)   --->   "%br_ln27 = br void %arrayidx.exit" [../codes/crc.cpp:27]   --->   Operation 113 'br' 'br_ln27' <Predicate = (!icmp_ln25 & i_2 == 23)> <Delay = 0.00>
ST_1 : Operation 114 [1/1] (0.00ns)   --->   "%store_ln27 = store i1 %dividend_97, i1 %dividend_22" [../codes/crc.cpp:27]   --->   Operation 114 'store' 'store_ln27' <Predicate = (!icmp_ln25 & i_2 == 22)> <Delay = 0.00>
ST_1 : Operation 115 [1/1] (0.00ns)   --->   "%br_ln27 = br void %arrayidx.exit" [../codes/crc.cpp:27]   --->   Operation 115 'br' 'br_ln27' <Predicate = (!icmp_ln25 & i_2 == 22)> <Delay = 0.00>
ST_1 : Operation 116 [1/1] (0.00ns)   --->   "%store_ln27 = store i1 %dividend_97, i1 %dividend_21" [../codes/crc.cpp:27]   --->   Operation 116 'store' 'store_ln27' <Predicate = (!icmp_ln25 & i_2 == 21)> <Delay = 0.00>
ST_1 : Operation 117 [1/1] (0.00ns)   --->   "%br_ln27 = br void %arrayidx.exit" [../codes/crc.cpp:27]   --->   Operation 117 'br' 'br_ln27' <Predicate = (!icmp_ln25 & i_2 == 21)> <Delay = 0.00>
ST_1 : Operation 118 [1/1] (0.00ns)   --->   "%store_ln27 = store i1 %dividend_97, i1 %dividend_20" [../codes/crc.cpp:27]   --->   Operation 118 'store' 'store_ln27' <Predicate = (!icmp_ln25 & i_2 == 20)> <Delay = 0.00>
ST_1 : Operation 119 [1/1] (0.00ns)   --->   "%br_ln27 = br void %arrayidx.exit" [../codes/crc.cpp:27]   --->   Operation 119 'br' 'br_ln27' <Predicate = (!icmp_ln25 & i_2 == 20)> <Delay = 0.00>
ST_1 : Operation 120 [1/1] (0.00ns)   --->   "%store_ln27 = store i1 %dividend_97, i1 %dividend_19" [../codes/crc.cpp:27]   --->   Operation 120 'store' 'store_ln27' <Predicate = (!icmp_ln25 & i_2 == 19)> <Delay = 0.00>
ST_1 : Operation 121 [1/1] (0.00ns)   --->   "%br_ln27 = br void %arrayidx.exit" [../codes/crc.cpp:27]   --->   Operation 121 'br' 'br_ln27' <Predicate = (!icmp_ln25 & i_2 == 19)> <Delay = 0.00>
ST_1 : Operation 122 [1/1] (0.00ns)   --->   "%store_ln27 = store i1 %dividend_97, i1 %dividend_18" [../codes/crc.cpp:27]   --->   Operation 122 'store' 'store_ln27' <Predicate = (!icmp_ln25 & i_2 == 18)> <Delay = 0.00>
ST_1 : Operation 123 [1/1] (0.00ns)   --->   "%br_ln27 = br void %arrayidx.exit" [../codes/crc.cpp:27]   --->   Operation 123 'br' 'br_ln27' <Predicate = (!icmp_ln25 & i_2 == 18)> <Delay = 0.00>
ST_1 : Operation 124 [1/1] (0.00ns)   --->   "%store_ln27 = store i1 %dividend_97, i1 %dividend_17" [../codes/crc.cpp:27]   --->   Operation 124 'store' 'store_ln27' <Predicate = (!icmp_ln25 & i_2 == 17)> <Delay = 0.00>
ST_1 : Operation 125 [1/1] (0.00ns)   --->   "%br_ln27 = br void %arrayidx.exit" [../codes/crc.cpp:27]   --->   Operation 125 'br' 'br_ln27' <Predicate = (!icmp_ln25 & i_2 == 17)> <Delay = 0.00>
ST_1 : Operation 126 [1/1] (0.00ns)   --->   "%store_ln27 = store i1 %dividend_97, i1 %dividend_16" [../codes/crc.cpp:27]   --->   Operation 126 'store' 'store_ln27' <Predicate = (!icmp_ln25 & i_2 == 16)> <Delay = 0.00>
ST_1 : Operation 127 [1/1] (0.00ns)   --->   "%br_ln27 = br void %arrayidx.exit" [../codes/crc.cpp:27]   --->   Operation 127 'br' 'br_ln27' <Predicate = (!icmp_ln25 & i_2 == 16)> <Delay = 0.00>
ST_1 : Operation 128 [1/1] (0.00ns)   --->   "%store_ln27 = store i1 %dividend_97, i1 %dividend_15" [../codes/crc.cpp:27]   --->   Operation 128 'store' 'store_ln27' <Predicate = (!icmp_ln25 & i_2 == 15)> <Delay = 0.00>
ST_1 : Operation 129 [1/1] (0.00ns)   --->   "%br_ln27 = br void %arrayidx.exit" [../codes/crc.cpp:27]   --->   Operation 129 'br' 'br_ln27' <Predicate = (!icmp_ln25 & i_2 == 15)> <Delay = 0.00>
ST_1 : Operation 130 [1/1] (0.00ns)   --->   "%store_ln27 = store i1 %dividend_97, i1 %dividend_14" [../codes/crc.cpp:27]   --->   Operation 130 'store' 'store_ln27' <Predicate = (!icmp_ln25 & i_2 == 14)> <Delay = 0.00>
ST_1 : Operation 131 [1/1] (0.00ns)   --->   "%br_ln27 = br void %arrayidx.exit" [../codes/crc.cpp:27]   --->   Operation 131 'br' 'br_ln27' <Predicate = (!icmp_ln25 & i_2 == 14)> <Delay = 0.00>
ST_1 : Operation 132 [1/1] (0.00ns)   --->   "%store_ln27 = store i1 %dividend_97, i1 %dividend_13" [../codes/crc.cpp:27]   --->   Operation 132 'store' 'store_ln27' <Predicate = (!icmp_ln25 & i_2 == 13)> <Delay = 0.00>
ST_1 : Operation 133 [1/1] (0.00ns)   --->   "%br_ln27 = br void %arrayidx.exit" [../codes/crc.cpp:27]   --->   Operation 133 'br' 'br_ln27' <Predicate = (!icmp_ln25 & i_2 == 13)> <Delay = 0.00>
ST_1 : Operation 134 [1/1] (0.00ns)   --->   "%store_ln27 = store i1 %dividend_97, i1 %dividend_12" [../codes/crc.cpp:27]   --->   Operation 134 'store' 'store_ln27' <Predicate = (!icmp_ln25 & i_2 == 12)> <Delay = 0.00>
ST_1 : Operation 135 [1/1] (0.00ns)   --->   "%br_ln27 = br void %arrayidx.exit" [../codes/crc.cpp:27]   --->   Operation 135 'br' 'br_ln27' <Predicate = (!icmp_ln25 & i_2 == 12)> <Delay = 0.00>
ST_1 : Operation 136 [1/1] (0.00ns)   --->   "%store_ln27 = store i1 %dividend_97, i1 %dividend_11" [../codes/crc.cpp:27]   --->   Operation 136 'store' 'store_ln27' <Predicate = (!icmp_ln25 & i_2 == 11)> <Delay = 0.00>
ST_1 : Operation 137 [1/1] (0.00ns)   --->   "%br_ln27 = br void %arrayidx.exit" [../codes/crc.cpp:27]   --->   Operation 137 'br' 'br_ln27' <Predicate = (!icmp_ln25 & i_2 == 11)> <Delay = 0.00>
ST_1 : Operation 138 [1/1] (0.00ns)   --->   "%store_ln27 = store i1 %dividend_97, i1 %dividend_10" [../codes/crc.cpp:27]   --->   Operation 138 'store' 'store_ln27' <Predicate = (!icmp_ln25 & i_2 == 10)> <Delay = 0.00>
ST_1 : Operation 139 [1/1] (0.00ns)   --->   "%br_ln27 = br void %arrayidx.exit" [../codes/crc.cpp:27]   --->   Operation 139 'br' 'br_ln27' <Predicate = (!icmp_ln25 & i_2 == 10)> <Delay = 0.00>
ST_1 : Operation 140 [1/1] (0.00ns)   --->   "%store_ln27 = store i1 %dividend_97, i1 %dividend_9" [../codes/crc.cpp:27]   --->   Operation 140 'store' 'store_ln27' <Predicate = (!icmp_ln25 & i_2 == 9)> <Delay = 0.00>
ST_1 : Operation 141 [1/1] (0.00ns)   --->   "%br_ln27 = br void %arrayidx.exit" [../codes/crc.cpp:27]   --->   Operation 141 'br' 'br_ln27' <Predicate = (!icmp_ln25 & i_2 == 9)> <Delay = 0.00>
ST_1 : Operation 142 [1/1] (0.00ns)   --->   "%store_ln27 = store i1 %dividend_97, i1 %dividend_8" [../codes/crc.cpp:27]   --->   Operation 142 'store' 'store_ln27' <Predicate = (!icmp_ln25 & i_2 == 8)> <Delay = 0.00>
ST_1 : Operation 143 [1/1] (0.00ns)   --->   "%br_ln27 = br void %arrayidx.exit" [../codes/crc.cpp:27]   --->   Operation 143 'br' 'br_ln27' <Predicate = (!icmp_ln25 & i_2 == 8)> <Delay = 0.00>
ST_1 : Operation 144 [1/1] (0.00ns)   --->   "%store_ln27 = store i1 %dividend_97, i1 %dividend_7" [../codes/crc.cpp:27]   --->   Operation 144 'store' 'store_ln27' <Predicate = (!icmp_ln25 & i_2 == 7)> <Delay = 0.00>
ST_1 : Operation 145 [1/1] (0.00ns)   --->   "%br_ln27 = br void %arrayidx.exit" [../codes/crc.cpp:27]   --->   Operation 145 'br' 'br_ln27' <Predicate = (!icmp_ln25 & i_2 == 7)> <Delay = 0.00>
ST_1 : Operation 146 [1/1] (0.00ns)   --->   "%store_ln27 = store i1 %dividend_97, i1 %dividend_6" [../codes/crc.cpp:27]   --->   Operation 146 'store' 'store_ln27' <Predicate = (!icmp_ln25 & i_2 == 6)> <Delay = 0.00>
ST_1 : Operation 147 [1/1] (0.00ns)   --->   "%br_ln27 = br void %arrayidx.exit" [../codes/crc.cpp:27]   --->   Operation 147 'br' 'br_ln27' <Predicate = (!icmp_ln25 & i_2 == 6)> <Delay = 0.00>
ST_1 : Operation 148 [1/1] (0.00ns)   --->   "%store_ln27 = store i1 %dividend_97, i1 %dividend_5" [../codes/crc.cpp:27]   --->   Operation 148 'store' 'store_ln27' <Predicate = (!icmp_ln25 & i_2 == 5)> <Delay = 0.00>
ST_1 : Operation 149 [1/1] (0.00ns)   --->   "%br_ln27 = br void %arrayidx.exit" [../codes/crc.cpp:27]   --->   Operation 149 'br' 'br_ln27' <Predicate = (!icmp_ln25 & i_2 == 5)> <Delay = 0.00>
ST_1 : Operation 150 [1/1] (0.00ns)   --->   "%store_ln27 = store i1 %dividend_97, i1 %dividend_4" [../codes/crc.cpp:27]   --->   Operation 150 'store' 'store_ln27' <Predicate = (!icmp_ln25 & i_2 == 4)> <Delay = 0.00>
ST_1 : Operation 151 [1/1] (0.00ns)   --->   "%br_ln27 = br void %arrayidx.exit" [../codes/crc.cpp:27]   --->   Operation 151 'br' 'br_ln27' <Predicate = (!icmp_ln25 & i_2 == 4)> <Delay = 0.00>
ST_1 : Operation 152 [1/1] (0.00ns)   --->   "%store_ln27 = store i1 %dividend_97, i1 %dividend_3" [../codes/crc.cpp:27]   --->   Operation 152 'store' 'store_ln27' <Predicate = (!icmp_ln25 & i_2 == 3)> <Delay = 0.00>
ST_1 : Operation 153 [1/1] (0.00ns)   --->   "%br_ln27 = br void %arrayidx.exit" [../codes/crc.cpp:27]   --->   Operation 153 'br' 'br_ln27' <Predicate = (!icmp_ln25 & i_2 == 3)> <Delay = 0.00>
ST_1 : Operation 154 [1/1] (0.00ns)   --->   "%store_ln27 = store i1 %dividend_97, i1 %dividend_2" [../codes/crc.cpp:27]   --->   Operation 154 'store' 'store_ln27' <Predicate = (!icmp_ln25 & i_2 == 2)> <Delay = 0.00>
ST_1 : Operation 155 [1/1] (0.00ns)   --->   "%br_ln27 = br void %arrayidx.exit" [../codes/crc.cpp:27]   --->   Operation 155 'br' 'br_ln27' <Predicate = (!icmp_ln25 & i_2 == 2)> <Delay = 0.00>
ST_1 : Operation 156 [1/1] (0.00ns)   --->   "%store_ln27 = store i1 %dividend_97, i1 %dividend_1" [../codes/crc.cpp:27]   --->   Operation 156 'store' 'store_ln27' <Predicate = (!icmp_ln25 & i_2 == 1)> <Delay = 0.00>
ST_1 : Operation 157 [1/1] (0.00ns)   --->   "%br_ln27 = br void %arrayidx.exit" [../codes/crc.cpp:27]   --->   Operation 157 'br' 'br_ln27' <Predicate = (!icmp_ln25 & i_2 == 1)> <Delay = 0.00>
ST_1 : Operation 158 [1/1] (0.00ns)   --->   "%store_ln27 = store i1 %dividend_97, i1 %dividend" [../codes/crc.cpp:27]   --->   Operation 158 'store' 'store_ln27' <Predicate = (!icmp_ln25 & i_2 == 0)> <Delay = 0.00>
ST_1 : Operation 159 [1/1] (0.00ns)   --->   "%br_ln27 = br void %arrayidx.exit" [../codes/crc.cpp:27]   --->   Operation 159 'br' 'br_ln27' <Predicate = (!icmp_ln25 & i_2 == 0)> <Delay = 0.00>
ST_1 : Operation 160 [1/1] (0.00ns)   --->   "%store_ln27 = store i1 %dividend_97, i1 %dividend_47" [../codes/crc.cpp:27]   --->   Operation 160 'store' 'store_ln27' <Predicate = (!icmp_ln25 & i_2 == 63) | (!icmp_ln25 & i_2 == 62) | (!icmp_ln25 & i_2 == 61) | (!icmp_ln25 & i_2 == 60) | (!icmp_ln25 & i_2 == 59) | (!icmp_ln25 & i_2 == 58) | (!icmp_ln25 & i_2 == 57) | (!icmp_ln25 & i_2 == 56) | (!icmp_ln25 & i_2 == 55) | (!icmp_ln25 & i_2 == 54) | (!icmp_ln25 & i_2 == 53) | (!icmp_ln25 & i_2 == 52) | (!icmp_ln25 & i_2 == 51) | (!icmp_ln25 & i_2 == 50) | (!icmp_ln25 & i_2 == 49) | (!icmp_ln25 & i_2 == 48) | (!icmp_ln25 & i_2 == 47)> <Delay = 0.00>
ST_1 : Operation 161 [1/1] (0.00ns)   --->   "%br_ln27 = br void %arrayidx.exit" [../codes/crc.cpp:27]   --->   Operation 161 'br' 'br_ln27' <Predicate = (!icmp_ln25 & i_2 == 63) | (!icmp_ln25 & i_2 == 62) | (!icmp_ln25 & i_2 == 61) | (!icmp_ln25 & i_2 == 60) | (!icmp_ln25 & i_2 == 59) | (!icmp_ln25 & i_2 == 58) | (!icmp_ln25 & i_2 == 57) | (!icmp_ln25 & i_2 == 56) | (!icmp_ln25 & i_2 == 55) | (!icmp_ln25 & i_2 == 54) | (!icmp_ln25 & i_2 == 53) | (!icmp_ln25 & i_2 == 52) | (!icmp_ln25 & i_2 == 51) | (!icmp_ln25 & i_2 == 50) | (!icmp_ln25 & i_2 == 49) | (!icmp_ln25 & i_2 == 48) | (!icmp_ln25 & i_2 == 47)> <Delay = 0.00>
ST_1 : Operation 162 [1/1] (1.58ns)   --->   "%store_ln25 = store i6 %add_ln25, i6 %i" [../codes/crc.cpp:25]   --->   Operation 162 'store' 'store_ln25' <Predicate = (!icmp_ln25)> <Delay = 1.58>
ST_1 : Operation 163 [1/1] (0.00ns)   --->   "%br_ln25 = br void %for.inc" [../codes/crc.cpp:25]   --->   Operation 163 'br' 'br_ln25' <Predicate = (!icmp_ln25)> <Delay = 0.00>
ST_1 : Operation 164 [1/1] (0.00ns)   --->   "%dividend_load = load i1 %dividend"   --->   Operation 164 'load' 'dividend_load' <Predicate = (icmp_ln25)> <Delay = 0.00>
ST_1 : Operation 165 [1/1] (0.00ns)   --->   "%dividend_1_load = load i1 %dividend_1"   --->   Operation 165 'load' 'dividend_1_load' <Predicate = (icmp_ln25)> <Delay = 0.00>
ST_1 : Operation 166 [1/1] (0.00ns)   --->   "%dividend_2_load = load i1 %dividend_2"   --->   Operation 166 'load' 'dividend_2_load' <Predicate = (icmp_ln25)> <Delay = 0.00>
ST_1 : Operation 167 [1/1] (0.00ns)   --->   "%dividend_3_load = load i1 %dividend_3"   --->   Operation 167 'load' 'dividend_3_load' <Predicate = (icmp_ln25)> <Delay = 0.00>
ST_1 : Operation 168 [1/1] (0.00ns)   --->   "%dividend_4_load = load i1 %dividend_4"   --->   Operation 168 'load' 'dividend_4_load' <Predicate = (icmp_ln25)> <Delay = 0.00>
ST_1 : Operation 169 [1/1] (0.00ns)   --->   "%dividend_5_load = load i1 %dividend_5"   --->   Operation 169 'load' 'dividend_5_load' <Predicate = (icmp_ln25)> <Delay = 0.00>
ST_1 : Operation 170 [1/1] (0.00ns)   --->   "%dividend_6_load = load i1 %dividend_6"   --->   Operation 170 'load' 'dividend_6_load' <Predicate = (icmp_ln25)> <Delay = 0.00>
ST_1 : Operation 171 [1/1] (0.00ns)   --->   "%dividend_7_load = load i1 %dividend_7"   --->   Operation 171 'load' 'dividend_7_load' <Predicate = (icmp_ln25)> <Delay = 0.00>
ST_1 : Operation 172 [1/1] (0.00ns)   --->   "%dividend_8_load = load i1 %dividend_8"   --->   Operation 172 'load' 'dividend_8_load' <Predicate = (icmp_ln25)> <Delay = 0.00>
ST_1 : Operation 173 [1/1] (0.00ns)   --->   "%dividend_9_load = load i1 %dividend_9"   --->   Operation 173 'load' 'dividend_9_load' <Predicate = (icmp_ln25)> <Delay = 0.00>
ST_1 : Operation 174 [1/1] (0.00ns)   --->   "%dividend_10_load = load i1 %dividend_10"   --->   Operation 174 'load' 'dividend_10_load' <Predicate = (icmp_ln25)> <Delay = 0.00>
ST_1 : Operation 175 [1/1] (0.00ns)   --->   "%dividend_11_load = load i1 %dividend_11"   --->   Operation 175 'load' 'dividend_11_load' <Predicate = (icmp_ln25)> <Delay = 0.00>
ST_1 : Operation 176 [1/1] (0.00ns)   --->   "%dividend_12_load = load i1 %dividend_12"   --->   Operation 176 'load' 'dividend_12_load' <Predicate = (icmp_ln25)> <Delay = 0.00>
ST_1 : Operation 177 [1/1] (0.00ns)   --->   "%dividend_13_load = load i1 %dividend_13"   --->   Operation 177 'load' 'dividend_13_load' <Predicate = (icmp_ln25)> <Delay = 0.00>
ST_1 : Operation 178 [1/1] (0.00ns)   --->   "%dividend_14_load = load i1 %dividend_14"   --->   Operation 178 'load' 'dividend_14_load' <Predicate = (icmp_ln25)> <Delay = 0.00>
ST_1 : Operation 179 [1/1] (0.00ns)   --->   "%dividend_15_load = load i1 %dividend_15"   --->   Operation 179 'load' 'dividend_15_load' <Predicate = (icmp_ln25)> <Delay = 0.00>
ST_1 : Operation 180 [1/1] (0.00ns)   --->   "%dividend_16_load = load i1 %dividend_16"   --->   Operation 180 'load' 'dividend_16_load' <Predicate = (icmp_ln25)> <Delay = 0.00>
ST_1 : Operation 181 [1/1] (0.00ns)   --->   "%dividend_17_load = load i1 %dividend_17"   --->   Operation 181 'load' 'dividend_17_load' <Predicate = (icmp_ln25)> <Delay = 0.00>
ST_1 : Operation 182 [1/1] (0.00ns)   --->   "%dividend_18_load = load i1 %dividend_18"   --->   Operation 182 'load' 'dividend_18_load' <Predicate = (icmp_ln25)> <Delay = 0.00>
ST_1 : Operation 183 [1/1] (0.00ns)   --->   "%dividend_19_load = load i1 %dividend_19"   --->   Operation 183 'load' 'dividend_19_load' <Predicate = (icmp_ln25)> <Delay = 0.00>
ST_1 : Operation 184 [1/1] (0.00ns)   --->   "%dividend_20_load = load i1 %dividend_20"   --->   Operation 184 'load' 'dividend_20_load' <Predicate = (icmp_ln25)> <Delay = 0.00>
ST_1 : Operation 185 [1/1] (0.00ns)   --->   "%dividend_21_load = load i1 %dividend_21"   --->   Operation 185 'load' 'dividend_21_load' <Predicate = (icmp_ln25)> <Delay = 0.00>
ST_1 : Operation 186 [1/1] (0.00ns)   --->   "%dividend_22_load = load i1 %dividend_22"   --->   Operation 186 'load' 'dividend_22_load' <Predicate = (icmp_ln25)> <Delay = 0.00>
ST_1 : Operation 187 [1/1] (0.00ns)   --->   "%dividend_23_load = load i1 %dividend_23"   --->   Operation 187 'load' 'dividend_23_load' <Predicate = (icmp_ln25)> <Delay = 0.00>
ST_1 : Operation 188 [1/1] (0.00ns)   --->   "%dividend_24_load = load i1 %dividend_24"   --->   Operation 188 'load' 'dividend_24_load' <Predicate = (icmp_ln25)> <Delay = 0.00>
ST_1 : Operation 189 [1/1] (0.00ns)   --->   "%dividend_25_load = load i1 %dividend_25"   --->   Operation 189 'load' 'dividend_25_load' <Predicate = (icmp_ln25)> <Delay = 0.00>
ST_1 : Operation 190 [1/1] (0.00ns)   --->   "%dividend_26_load = load i1 %dividend_26"   --->   Operation 190 'load' 'dividend_26_load' <Predicate = (icmp_ln25)> <Delay = 0.00>
ST_1 : Operation 191 [1/1] (0.00ns)   --->   "%dividend_27_load = load i1 %dividend_27"   --->   Operation 191 'load' 'dividend_27_load' <Predicate = (icmp_ln25)> <Delay = 0.00>
ST_1 : Operation 192 [1/1] (0.00ns)   --->   "%dividend_28_load = load i1 %dividend_28"   --->   Operation 192 'load' 'dividend_28_load' <Predicate = (icmp_ln25)> <Delay = 0.00>
ST_1 : Operation 193 [1/1] (0.00ns)   --->   "%dividend_29_load = load i1 %dividend_29"   --->   Operation 193 'load' 'dividend_29_load' <Predicate = (icmp_ln25)> <Delay = 0.00>
ST_1 : Operation 194 [1/1] (0.00ns)   --->   "%dividend_30_load = load i1 %dividend_30"   --->   Operation 194 'load' 'dividend_30_load' <Predicate = (icmp_ln25)> <Delay = 0.00>
ST_1 : Operation 195 [1/1] (0.00ns)   --->   "%dividend_31_load = load i1 %dividend_31"   --->   Operation 195 'load' 'dividend_31_load' <Predicate = (icmp_ln25)> <Delay = 0.00>
ST_1 : Operation 196 [1/1] (0.00ns)   --->   "%dividend_32_load = load i1 %dividend_32"   --->   Operation 196 'load' 'dividend_32_load' <Predicate = (icmp_ln25)> <Delay = 0.00>
ST_1 : Operation 197 [1/1] (0.00ns)   --->   "%dividend_33_load = load i1 %dividend_33"   --->   Operation 197 'load' 'dividend_33_load' <Predicate = (icmp_ln25)> <Delay = 0.00>
ST_1 : Operation 198 [1/1] (0.00ns)   --->   "%dividend_34_load = load i1 %dividend_34"   --->   Operation 198 'load' 'dividend_34_load' <Predicate = (icmp_ln25)> <Delay = 0.00>
ST_1 : Operation 199 [1/1] (0.00ns)   --->   "%dividend_35_load = load i1 %dividend_35"   --->   Operation 199 'load' 'dividend_35_load' <Predicate = (icmp_ln25)> <Delay = 0.00>
ST_1 : Operation 200 [1/1] (0.00ns)   --->   "%dividend_36_load = load i1 %dividend_36"   --->   Operation 200 'load' 'dividend_36_load' <Predicate = (icmp_ln25)> <Delay = 0.00>
ST_1 : Operation 201 [1/1] (0.00ns)   --->   "%dividend_37_load = load i1 %dividend_37"   --->   Operation 201 'load' 'dividend_37_load' <Predicate = (icmp_ln25)> <Delay = 0.00>
ST_1 : Operation 202 [1/1] (0.00ns)   --->   "%dividend_38_load = load i1 %dividend_38"   --->   Operation 202 'load' 'dividend_38_load' <Predicate = (icmp_ln25)> <Delay = 0.00>
ST_1 : Operation 203 [1/1] (0.00ns)   --->   "%dividend_39_load = load i1 %dividend_39"   --->   Operation 203 'load' 'dividend_39_load' <Predicate = (icmp_ln25)> <Delay = 0.00>
ST_1 : Operation 204 [1/1] (0.00ns)   --->   "%dividend_40_load = load i1 %dividend_40"   --->   Operation 204 'load' 'dividend_40_load' <Predicate = (icmp_ln25)> <Delay = 0.00>
ST_1 : Operation 205 [1/1] (0.00ns)   --->   "%dividend_41_load = load i1 %dividend_41"   --->   Operation 205 'load' 'dividend_41_load' <Predicate = (icmp_ln25)> <Delay = 0.00>
ST_1 : Operation 206 [1/1] (0.00ns)   --->   "%dividend_42_load = load i1 %dividend_42"   --->   Operation 206 'load' 'dividend_42_load' <Predicate = (icmp_ln25)> <Delay = 0.00>
ST_1 : Operation 207 [1/1] (0.00ns)   --->   "%dividend_43_load = load i1 %dividend_43"   --->   Operation 207 'load' 'dividend_43_load' <Predicate = (icmp_ln25)> <Delay = 0.00>
ST_1 : Operation 208 [1/1] (0.00ns)   --->   "%dividend_44_load = load i1 %dividend_44"   --->   Operation 208 'load' 'dividend_44_load' <Predicate = (icmp_ln25)> <Delay = 0.00>
ST_1 : Operation 209 [1/1] (0.00ns)   --->   "%dividend_45_load = load i1 %dividend_45"   --->   Operation 209 'load' 'dividend_45_load' <Predicate = (icmp_ln25)> <Delay = 0.00>
ST_1 : Operation 210 [1/1] (0.00ns)   --->   "%dividend_46_load = load i1 %dividend_46"   --->   Operation 210 'load' 'dividend_46_load' <Predicate = (icmp_ln25)> <Delay = 0.00>
ST_1 : Operation 211 [1/1] (0.00ns)   --->   "%dividend_47_load = load i1 %dividend_47"   --->   Operation 211 'load' 'dividend_47_load' <Predicate = (icmp_ln25)> <Delay = 0.00>
ST_1 : Operation 212 [1/1] (0.00ns)   --->   "%write_ln0 = write void @_ssdm_op_Write.ap_auto.i1P0A, i1 %dividend_47_out, i1 %dividend_47_load"   --->   Operation 212 'write' 'write_ln0' <Predicate = (icmp_ln25)> <Delay = 0.00>
ST_1 : Operation 213 [1/1] (0.00ns)   --->   "%write_ln0 = write void @_ssdm_op_Write.ap_auto.i1P0A, i1 %dividend_46_out, i1 %dividend_46_load"   --->   Operation 213 'write' 'write_ln0' <Predicate = (icmp_ln25)> <Delay = 0.00>
ST_1 : Operation 214 [1/1] (0.00ns)   --->   "%write_ln0 = write void @_ssdm_op_Write.ap_auto.i1P0A, i1 %dividend_45_out, i1 %dividend_45_load"   --->   Operation 214 'write' 'write_ln0' <Predicate = (icmp_ln25)> <Delay = 0.00>
ST_1 : Operation 215 [1/1] (0.00ns)   --->   "%write_ln0 = write void @_ssdm_op_Write.ap_auto.i1P0A, i1 %dividend_44_out, i1 %dividend_44_load"   --->   Operation 215 'write' 'write_ln0' <Predicate = (icmp_ln25)> <Delay = 0.00>
ST_1 : Operation 216 [1/1] (0.00ns)   --->   "%write_ln0 = write void @_ssdm_op_Write.ap_auto.i1P0A, i1 %dividend_43_out, i1 %dividend_43_load"   --->   Operation 216 'write' 'write_ln0' <Predicate = (icmp_ln25)> <Delay = 0.00>
ST_1 : Operation 217 [1/1] (0.00ns)   --->   "%write_ln0 = write void @_ssdm_op_Write.ap_auto.i1P0A, i1 %dividend_42_out, i1 %dividend_42_load"   --->   Operation 217 'write' 'write_ln0' <Predicate = (icmp_ln25)> <Delay = 0.00>
ST_1 : Operation 218 [1/1] (0.00ns)   --->   "%write_ln0 = write void @_ssdm_op_Write.ap_auto.i1P0A, i1 %dividend_41_out, i1 %dividend_41_load"   --->   Operation 218 'write' 'write_ln0' <Predicate = (icmp_ln25)> <Delay = 0.00>
ST_1 : Operation 219 [1/1] (0.00ns)   --->   "%write_ln0 = write void @_ssdm_op_Write.ap_auto.i1P0A, i1 %dividend_40_out, i1 %dividend_40_load"   --->   Operation 219 'write' 'write_ln0' <Predicate = (icmp_ln25)> <Delay = 0.00>
ST_1 : Operation 220 [1/1] (0.00ns)   --->   "%write_ln0 = write void @_ssdm_op_Write.ap_auto.i1P0A, i1 %dividend_39_out, i1 %dividend_39_load"   --->   Operation 220 'write' 'write_ln0' <Predicate = (icmp_ln25)> <Delay = 0.00>
ST_1 : Operation 221 [1/1] (0.00ns)   --->   "%write_ln0 = write void @_ssdm_op_Write.ap_auto.i1P0A, i1 %dividend_38_out, i1 %dividend_38_load"   --->   Operation 221 'write' 'write_ln0' <Predicate = (icmp_ln25)> <Delay = 0.00>
ST_1 : Operation 222 [1/1] (0.00ns)   --->   "%write_ln0 = write void @_ssdm_op_Write.ap_auto.i1P0A, i1 %dividend_37_out, i1 %dividend_37_load"   --->   Operation 222 'write' 'write_ln0' <Predicate = (icmp_ln25)> <Delay = 0.00>
ST_1 : Operation 223 [1/1] (0.00ns)   --->   "%write_ln0 = write void @_ssdm_op_Write.ap_auto.i1P0A, i1 %dividend_36_out, i1 %dividend_36_load"   --->   Operation 223 'write' 'write_ln0' <Predicate = (icmp_ln25)> <Delay = 0.00>
ST_1 : Operation 224 [1/1] (0.00ns)   --->   "%write_ln0 = write void @_ssdm_op_Write.ap_auto.i1P0A, i1 %dividend_35_out, i1 %dividend_35_load"   --->   Operation 224 'write' 'write_ln0' <Predicate = (icmp_ln25)> <Delay = 0.00>
ST_1 : Operation 225 [1/1] (0.00ns)   --->   "%write_ln0 = write void @_ssdm_op_Write.ap_auto.i1P0A, i1 %dividend_34_out, i1 %dividend_34_load"   --->   Operation 225 'write' 'write_ln0' <Predicate = (icmp_ln25)> <Delay = 0.00>
ST_1 : Operation 226 [1/1] (0.00ns)   --->   "%write_ln0 = write void @_ssdm_op_Write.ap_auto.i1P0A, i1 %dividend_33_out, i1 %dividend_33_load"   --->   Operation 226 'write' 'write_ln0' <Predicate = (icmp_ln25)> <Delay = 0.00>
ST_1 : Operation 227 [1/1] (0.00ns)   --->   "%write_ln0 = write void @_ssdm_op_Write.ap_auto.i1P0A, i1 %dividend_32_out, i1 %dividend_32_load"   --->   Operation 227 'write' 'write_ln0' <Predicate = (icmp_ln25)> <Delay = 0.00>
ST_1 : Operation 228 [1/1] (0.00ns)   --->   "%write_ln0 = write void @_ssdm_op_Write.ap_auto.i1P0A, i1 %dividend_31_out, i1 %dividend_31_load"   --->   Operation 228 'write' 'write_ln0' <Predicate = (icmp_ln25)> <Delay = 0.00>
ST_1 : Operation 229 [1/1] (0.00ns)   --->   "%write_ln0 = write void @_ssdm_op_Write.ap_auto.i1P0A, i1 %dividend_30_out, i1 %dividend_30_load"   --->   Operation 229 'write' 'write_ln0' <Predicate = (icmp_ln25)> <Delay = 0.00>
ST_1 : Operation 230 [1/1] (0.00ns)   --->   "%write_ln0 = write void @_ssdm_op_Write.ap_auto.i1P0A, i1 %dividend_29_out, i1 %dividend_29_load"   --->   Operation 230 'write' 'write_ln0' <Predicate = (icmp_ln25)> <Delay = 0.00>
ST_1 : Operation 231 [1/1] (0.00ns)   --->   "%write_ln0 = write void @_ssdm_op_Write.ap_auto.i1P0A, i1 %dividend_28_out, i1 %dividend_28_load"   --->   Operation 231 'write' 'write_ln0' <Predicate = (icmp_ln25)> <Delay = 0.00>
ST_1 : Operation 232 [1/1] (0.00ns)   --->   "%write_ln0 = write void @_ssdm_op_Write.ap_auto.i1P0A, i1 %dividend_27_out, i1 %dividend_27_load"   --->   Operation 232 'write' 'write_ln0' <Predicate = (icmp_ln25)> <Delay = 0.00>
ST_1 : Operation 233 [1/1] (0.00ns)   --->   "%write_ln0 = write void @_ssdm_op_Write.ap_auto.i1P0A, i1 %dividend_26_out, i1 %dividend_26_load"   --->   Operation 233 'write' 'write_ln0' <Predicate = (icmp_ln25)> <Delay = 0.00>
ST_1 : Operation 234 [1/1] (0.00ns)   --->   "%write_ln0 = write void @_ssdm_op_Write.ap_auto.i1P0A, i1 %dividend_25_out, i1 %dividend_25_load"   --->   Operation 234 'write' 'write_ln0' <Predicate = (icmp_ln25)> <Delay = 0.00>
ST_1 : Operation 235 [1/1] (0.00ns)   --->   "%write_ln0 = write void @_ssdm_op_Write.ap_auto.i1P0A, i1 %dividend_24_out, i1 %dividend_24_load"   --->   Operation 235 'write' 'write_ln0' <Predicate = (icmp_ln25)> <Delay = 0.00>
ST_1 : Operation 236 [1/1] (0.00ns)   --->   "%write_ln0 = write void @_ssdm_op_Write.ap_auto.i1P0A, i1 %dividend_23_out, i1 %dividend_23_load"   --->   Operation 236 'write' 'write_ln0' <Predicate = (icmp_ln25)> <Delay = 0.00>
ST_1 : Operation 237 [1/1] (0.00ns)   --->   "%write_ln0 = write void @_ssdm_op_Write.ap_auto.i1P0A, i1 %dividend_22_out, i1 %dividend_22_load"   --->   Operation 237 'write' 'write_ln0' <Predicate = (icmp_ln25)> <Delay = 0.00>
ST_1 : Operation 238 [1/1] (0.00ns)   --->   "%write_ln0 = write void @_ssdm_op_Write.ap_auto.i1P0A, i1 %dividend_21_out, i1 %dividend_21_load"   --->   Operation 238 'write' 'write_ln0' <Predicate = (icmp_ln25)> <Delay = 0.00>
ST_1 : Operation 239 [1/1] (0.00ns)   --->   "%write_ln0 = write void @_ssdm_op_Write.ap_auto.i1P0A, i1 %dividend_20_out, i1 %dividend_20_load"   --->   Operation 239 'write' 'write_ln0' <Predicate = (icmp_ln25)> <Delay = 0.00>
ST_1 : Operation 240 [1/1] (0.00ns)   --->   "%write_ln0 = write void @_ssdm_op_Write.ap_auto.i1P0A, i1 %dividend_19_out, i1 %dividend_19_load"   --->   Operation 240 'write' 'write_ln0' <Predicate = (icmp_ln25)> <Delay = 0.00>
ST_1 : Operation 241 [1/1] (0.00ns)   --->   "%write_ln0 = write void @_ssdm_op_Write.ap_auto.i1P0A, i1 %dividend_18_out, i1 %dividend_18_load"   --->   Operation 241 'write' 'write_ln0' <Predicate = (icmp_ln25)> <Delay = 0.00>
ST_1 : Operation 242 [1/1] (0.00ns)   --->   "%write_ln0 = write void @_ssdm_op_Write.ap_auto.i1P0A, i1 %dividend_17_out, i1 %dividend_17_load"   --->   Operation 242 'write' 'write_ln0' <Predicate = (icmp_ln25)> <Delay = 0.00>
ST_1 : Operation 243 [1/1] (0.00ns)   --->   "%write_ln0 = write void @_ssdm_op_Write.ap_auto.i1P0A, i1 %dividend_16_out, i1 %dividend_16_load"   --->   Operation 243 'write' 'write_ln0' <Predicate = (icmp_ln25)> <Delay = 0.00>
ST_1 : Operation 244 [1/1] (0.00ns)   --->   "%write_ln0 = write void @_ssdm_op_Write.ap_auto.i1P0A, i1 %dividend_15_out, i1 %dividend_15_load"   --->   Operation 244 'write' 'write_ln0' <Predicate = (icmp_ln25)> <Delay = 0.00>
ST_1 : Operation 245 [1/1] (0.00ns)   --->   "%write_ln0 = write void @_ssdm_op_Write.ap_auto.i1P0A, i1 %dividend_14_out, i1 %dividend_14_load"   --->   Operation 245 'write' 'write_ln0' <Predicate = (icmp_ln25)> <Delay = 0.00>
ST_1 : Operation 246 [1/1] (0.00ns)   --->   "%write_ln0 = write void @_ssdm_op_Write.ap_auto.i1P0A, i1 %dividend_13_out, i1 %dividend_13_load"   --->   Operation 246 'write' 'write_ln0' <Predicate = (icmp_ln25)> <Delay = 0.00>
ST_1 : Operation 247 [1/1] (0.00ns)   --->   "%write_ln0 = write void @_ssdm_op_Write.ap_auto.i1P0A, i1 %dividend_12_out, i1 %dividend_12_load"   --->   Operation 247 'write' 'write_ln0' <Predicate = (icmp_ln25)> <Delay = 0.00>
ST_1 : Operation 248 [1/1] (0.00ns)   --->   "%write_ln0 = write void @_ssdm_op_Write.ap_auto.i1P0A, i1 %dividend_11_out, i1 %dividend_11_load"   --->   Operation 248 'write' 'write_ln0' <Predicate = (icmp_ln25)> <Delay = 0.00>
ST_1 : Operation 249 [1/1] (0.00ns)   --->   "%write_ln0 = write void @_ssdm_op_Write.ap_auto.i1P0A, i1 %dividend_10_out, i1 %dividend_10_load"   --->   Operation 249 'write' 'write_ln0' <Predicate = (icmp_ln25)> <Delay = 0.00>
ST_1 : Operation 250 [1/1] (0.00ns)   --->   "%write_ln0 = write void @_ssdm_op_Write.ap_auto.i1P0A, i1 %dividend_9_out, i1 %dividend_9_load"   --->   Operation 250 'write' 'write_ln0' <Predicate = (icmp_ln25)> <Delay = 0.00>
ST_1 : Operation 251 [1/1] (0.00ns)   --->   "%write_ln0 = write void @_ssdm_op_Write.ap_auto.i1P0A, i1 %dividend_8_out, i1 %dividend_8_load"   --->   Operation 251 'write' 'write_ln0' <Predicate = (icmp_ln25)> <Delay = 0.00>
ST_1 : Operation 252 [1/1] (0.00ns)   --->   "%write_ln0 = write void @_ssdm_op_Write.ap_auto.i1P0A, i1 %dividend_7_out, i1 %dividend_7_load"   --->   Operation 252 'write' 'write_ln0' <Predicate = (icmp_ln25)> <Delay = 0.00>
ST_1 : Operation 253 [1/1] (0.00ns)   --->   "%write_ln0 = write void @_ssdm_op_Write.ap_auto.i1P0A, i1 %dividend_6_out, i1 %dividend_6_load"   --->   Operation 253 'write' 'write_ln0' <Predicate = (icmp_ln25)> <Delay = 0.00>
ST_1 : Operation 254 [1/1] (0.00ns)   --->   "%write_ln0 = write void @_ssdm_op_Write.ap_auto.i1P0A, i1 %dividend_5_out, i1 %dividend_5_load"   --->   Operation 254 'write' 'write_ln0' <Predicate = (icmp_ln25)> <Delay = 0.00>
ST_1 : Operation 255 [1/1] (0.00ns)   --->   "%write_ln0 = write void @_ssdm_op_Write.ap_auto.i1P0A, i1 %dividend_4_out, i1 %dividend_4_load"   --->   Operation 255 'write' 'write_ln0' <Predicate = (icmp_ln25)> <Delay = 0.00>
ST_1 : Operation 256 [1/1] (0.00ns)   --->   "%write_ln0 = write void @_ssdm_op_Write.ap_auto.i1P0A, i1 %dividend_3_out, i1 %dividend_3_load"   --->   Operation 256 'write' 'write_ln0' <Predicate = (icmp_ln25)> <Delay = 0.00>
ST_1 : Operation 257 [1/1] (0.00ns)   --->   "%write_ln0 = write void @_ssdm_op_Write.ap_auto.i1P0A, i1 %dividend_2_out, i1 %dividend_2_load"   --->   Operation 257 'write' 'write_ln0' <Predicate = (icmp_ln25)> <Delay = 0.00>
ST_1 : Operation 258 [1/1] (0.00ns)   --->   "%write_ln0 = write void @_ssdm_op_Write.ap_auto.i1P0A, i1 %dividend_1_out, i1 %dividend_1_load"   --->   Operation 258 'write' 'write_ln0' <Predicate = (icmp_ln25)> <Delay = 0.00>
ST_1 : Operation 259 [1/1] (0.00ns)   --->   "%write_ln0 = write void @_ssdm_op_Write.ap_auto.i1P0A, i1 %dividend_out, i1 %dividend_load"   --->   Operation 259 'write' 'write_ln0' <Predicate = (icmp_ln25)> <Delay = 0.00>
ST_1 : Operation 260 [1/1] (0.00ns)   --->   "%ret_ln0 = ret"   --->   Operation 260 'ret' 'ret_ln0' <Predicate = (icmp_ln25)> <Delay = 0.00>


============================================================
+ Verbose Summary: Timing violations
============================================================
Target clock period: 10ns, clock uncertainty: 2.7ns.

 <State 1>: 3.41ns
The critical path consists of the following:
	'alloca' operation ('i') [50]  (0 ns)
	'load' operation ('i', ../codes/crc.cpp:25) on local variable 'i' [103]  (0 ns)
	'add' operation ('add_ln25', ../codes/crc.cpp:25) [106]  (1.83 ns)
	'store' operation ('store_ln25', ../codes/crc.cpp:25) of variable 'add_ln25', ../codes/crc.cpp:25 on local variable 'i' [259]  (1.59 ns)


============================================================
+ Verbose Summary: Binding
============================================================
N/A
* FSMD analyzer results:
  - Output states:
 - Input state : 
  - Chain level:
	State 1


============================================================
+ Verbose Summary: Datapath Resource usage 
============================================================
N/A
