

================================================================
== Vitis HLS Report for 'crc24a_Pipeline_VITIS_LOOP_45_4'
================================================================
* Date:           Mon Jun 12 14:34:25 2023

* Version:        2022.2 (Build 3670227 on Oct 13 2022)
* Project:        a9crc
* Solution:       solution2 (Vivado IP Flow Target)
* Product family: zynq
* Target device:  xc7z020-clg484-1


================================================================
== Performance Estimates
================================================================
+ Timing: 
    * Summary: 
    +--------+----------+----------+------------+
    |  Clock |  Target  | Estimated| Uncertainty|
    +--------+----------+----------+------------+
    |ap_clk  |  10.00 ns|  5.748 ns|     2.70 ns|
    +--------+----------+----------+------------+

+ Latency: 
    * Summary: 
    +---------+---------+-----------+----------+-----+-----+---------+
    |  Latency (cycles) |  Latency (absolute)  |  Interval | Pipeline|
    |   min   |   max   |    min    |    max   | min | max |   Type  |
    +---------+---------+-----------+----------+-----+-----+---------+
    |        3|       50|  30.000 ns|  0.500 us|    3|   50|       no|
    +---------+---------+-----------+----------+-----+-----+---------+

    + Detail: 
        * Instance: 
        N/A

        * Loop: 
        +-------------------+---------+---------+----------+-----------+-----------+--------+----------+
        |                   |  Latency (cycles) | Iteration|  Initiation Interval  |  Trip  |          |
        |     Loop Name     |   min   |   max   |  Latency |  achieved |   target  |  Count | Pipelined|
        +-------------------+---------+---------+----------+-----------+-----------+--------+----------+
        |- VITIS_LOOP_45_4  |        1|       48|         1|          1|          1|  1 ~ 48|       yes|
        +-------------------+---------+---------+----------+-----------+-----------+--------+----------+

============================================================
+ Verbose Summary: Synthesis Manager
============================================================
InlineROM: 1
ExposeGlobal: 0
============================================================
+ Verbose Summary: CDFG Model
============================================================
IsTopModel: 0
ResetActiveHigh: 1
IsCombinational: 0
IsDatapathOnly: 0
HasWiredReturn: 1
HasMFsm: 2
HasVarLatency: 1
IsPipeline: 0
IsRtlPipelined: 0
IsInstanceOverlapped: 0
IsDontTouch: 0
HasImplIP: 0
IsGatedGlobalClock: 0

+ Individual pipeline summary: 
  * Pipeline-0: initiation interval (II) = 1, depth = 1


============================================================
+ Verbose Summary: Schedule
============================================================
* Number of FSM states : 1
* Pipeline : 1
  Pipeline-0 : II = 1, D = 1, States = { 1 }
* Dataflow Pipeline: 0

* FSM state transitions: 
1 --> 

* FSM state operations: 

State 1 <SV = 0> <Delay = 5.74>
ST_1 : Operation 4 [1/1] (0.00ns)   --->   "%startIdx = alloca i32 1"   --->   Operation 4 'alloca' 'startIdx' <Predicate = true> <Delay = 0.00>
ST_1 : Operation 5 [1/1] (0.00ns)   --->   "%dividend_143_reload_read = read i1 @_ssdm_op_Read.ap_auto.i1, i1 %dividend_143_reload"   --->   Operation 5 'read' 'dividend_143_reload_read' <Predicate = true> <Delay = 0.00>
ST_1 : Operation 6 [1/1] (0.00ns)   --->   "%dividend_142_reload_read = read i1 @_ssdm_op_Read.ap_auto.i1, i1 %dividend_142_reload"   --->   Operation 6 'read' 'dividend_142_reload_read' <Predicate = true> <Delay = 0.00>
ST_1 : Operation 7 [1/1] (0.00ns)   --->   "%dividend_141_reload_read = read i1 @_ssdm_op_Read.ap_auto.i1, i1 %dividend_141_reload"   --->   Operation 7 'read' 'dividend_141_reload_read' <Predicate = true> <Delay = 0.00>
ST_1 : Operation 8 [1/1] (0.00ns)   --->   "%dividend_140_reload_read = read i1 @_ssdm_op_Read.ap_auto.i1, i1 %dividend_140_reload"   --->   Operation 8 'read' 'dividend_140_reload_read' <Predicate = true> <Delay = 0.00>
ST_1 : Operation 9 [1/1] (0.00ns)   --->   "%dividend_139_reload_read = read i1 @_ssdm_op_Read.ap_auto.i1, i1 %dividend_139_reload"   --->   Operation 9 'read' 'dividend_139_reload_read' <Predicate = true> <Delay = 0.00>
ST_1 : Operation 10 [1/1] (0.00ns)   --->   "%dividend_138_reload_read = read i1 @_ssdm_op_Read.ap_auto.i1, i1 %dividend_138_reload"   --->   Operation 10 'read' 'dividend_138_reload_read' <Predicate = true> <Delay = 0.00>
ST_1 : Operation 11 [1/1] (0.00ns)   --->   "%dividend_137_reload_read = read i1 @_ssdm_op_Read.ap_auto.i1, i1 %dividend_137_reload"   --->   Operation 11 'read' 'dividend_137_reload_read' <Predicate = true> <Delay = 0.00>
ST_1 : Operation 12 [1/1] (0.00ns)   --->   "%dividend_136_reload_read = read i1 @_ssdm_op_Read.ap_auto.i1, i1 %dividend_136_reload"   --->   Operation 12 'read' 'dividend_136_reload_read' <Predicate = true> <Delay = 0.00>
ST_1 : Operation 13 [1/1] (0.00ns)   --->   "%dividend_135_reload_read = read i1 @_ssdm_op_Read.ap_auto.i1, i1 %dividend_135_reload"   --->   Operation 13 'read' 'dividend_135_reload_read' <Predicate = true> <Delay = 0.00>
ST_1 : Operation 14 [1/1] (0.00ns)   --->   "%dividend_134_reload_read = read i1 @_ssdm_op_Read.ap_auto.i1, i1 %dividend_134_reload"   --->   Operation 14 'read' 'dividend_134_reload_read' <Predicate = true> <Delay = 0.00>
ST_1 : Operation 15 [1/1] (0.00ns)   --->   "%dividend_133_reload_read = read i1 @_ssdm_op_Read.ap_auto.i1, i1 %dividend_133_reload"   --->   Operation 15 'read' 'dividend_133_reload_read' <Predicate = true> <Delay = 0.00>
ST_1 : Operation 16 [1/1] (0.00ns)   --->   "%dividend_132_reload_read = read i1 @_ssdm_op_Read.ap_auto.i1, i1 %dividend_132_reload"   --->   Operation 16 'read' 'dividend_132_reload_read' <Predicate = true> <Delay = 0.00>
ST_1 : Operation 17 [1/1] (0.00ns)   --->   "%dividend_131_reload_read = read i1 @_ssdm_op_Read.ap_auto.i1, i1 %dividend_131_reload"   --->   Operation 17 'read' 'dividend_131_reload_read' <Predicate = true> <Delay = 0.00>
ST_1 : Operation 18 [1/1] (0.00ns)   --->   "%dividend_130_reload_read = read i1 @_ssdm_op_Read.ap_auto.i1, i1 %dividend_130_reload"   --->   Operation 18 'read' 'dividend_130_reload_read' <Predicate = true> <Delay = 0.00>
ST_1 : Operation 19 [1/1] (0.00ns)   --->   "%dividend_129_reload_read = read i1 @_ssdm_op_Read.ap_auto.i1, i1 %dividend_129_reload"   --->   Operation 19 'read' 'dividend_129_reload_read' <Predicate = true> <Delay = 0.00>
ST_1 : Operation 20 [1/1] (0.00ns)   --->   "%dividend_128_reload_read = read i1 @_ssdm_op_Read.ap_auto.i1, i1 %dividend_128_reload"   --->   Operation 20 'read' 'dividend_128_reload_read' <Predicate = true> <Delay = 0.00>
ST_1 : Operation 21 [1/1] (0.00ns)   --->   "%dividend_127_reload_read = read i1 @_ssdm_op_Read.ap_auto.i1, i1 %dividend_127_reload"   --->   Operation 21 'read' 'dividend_127_reload_read' <Predicate = true> <Delay = 0.00>
ST_1 : Operation 22 [1/1] (0.00ns)   --->   "%dividend_126_reload_read = read i1 @_ssdm_op_Read.ap_auto.i1, i1 %dividend_126_reload"   --->   Operation 22 'read' 'dividend_126_reload_read' <Predicate = true> <Delay = 0.00>
ST_1 : Operation 23 [1/1] (0.00ns)   --->   "%dividend_125_reload_read = read i1 @_ssdm_op_Read.ap_auto.i1, i1 %dividend_125_reload"   --->   Operation 23 'read' 'dividend_125_reload_read' <Predicate = true> <Delay = 0.00>
ST_1 : Operation 24 [1/1] (0.00ns)   --->   "%dividend_124_reload_read = read i1 @_ssdm_op_Read.ap_auto.i1, i1 %dividend_124_reload"   --->   Operation 24 'read' 'dividend_124_reload_read' <Predicate = true> <Delay = 0.00>
ST_1 : Operation 25 [1/1] (0.00ns)   --->   "%dividend_123_reload_read = read i1 @_ssdm_op_Read.ap_auto.i1, i1 %dividend_123_reload"   --->   Operation 25 'read' 'dividend_123_reload_read' <Predicate = true> <Delay = 0.00>
ST_1 : Operation 26 [1/1] (0.00ns)   --->   "%dividend_122_reload_read = read i1 @_ssdm_op_Read.ap_auto.i1, i1 %dividend_122_reload"   --->   Operation 26 'read' 'dividend_122_reload_read' <Predicate = true> <Delay = 0.00>
ST_1 : Operation 27 [1/1] (0.00ns)   --->   "%dividend_121_reload_read = read i1 @_ssdm_op_Read.ap_auto.i1, i1 %dividend_121_reload"   --->   Operation 27 'read' 'dividend_121_reload_read' <Predicate = true> <Delay = 0.00>
ST_1 : Operation 28 [1/1] (0.00ns)   --->   "%dividend_120_reload_read = read i1 @_ssdm_op_Read.ap_auto.i1, i1 %dividend_120_reload"   --->   Operation 28 'read' 'dividend_120_reload_read' <Predicate = true> <Delay = 0.00>
ST_1 : Operation 29 [1/1] (0.00ns)   --->   "%dividend_119_reload_read = read i1 @_ssdm_op_Read.ap_auto.i1, i1 %dividend_119_reload"   --->   Operation 29 'read' 'dividend_119_reload_read' <Predicate = true> <Delay = 0.00>
ST_1 : Operation 30 [1/1] (0.00ns)   --->   "%dividend_118_reload_read = read i1 @_ssdm_op_Read.ap_auto.i1, i1 %dividend_118_reload"   --->   Operation 30 'read' 'dividend_118_reload_read' <Predicate = true> <Delay = 0.00>
ST_1 : Operation 31 [1/1] (0.00ns)   --->   "%dividend_117_reload_read = read i1 @_ssdm_op_Read.ap_auto.i1, i1 %dividend_117_reload"   --->   Operation 31 'read' 'dividend_117_reload_read' <Predicate = true> <Delay = 0.00>
ST_1 : Operation 32 [1/1] (0.00ns)   --->   "%dividend_116_reload_read = read i1 @_ssdm_op_Read.ap_auto.i1, i1 %dividend_116_reload"   --->   Operation 32 'read' 'dividend_116_reload_read' <Predicate = true> <Delay = 0.00>
ST_1 : Operation 33 [1/1] (0.00ns)   --->   "%dividend_115_reload_read = read i1 @_ssdm_op_Read.ap_auto.i1, i1 %dividend_115_reload"   --->   Operation 33 'read' 'dividend_115_reload_read' <Predicate = true> <Delay = 0.00>
ST_1 : Operation 34 [1/1] (0.00ns)   --->   "%dividend_114_reload_read = read i1 @_ssdm_op_Read.ap_auto.i1, i1 %dividend_114_reload"   --->   Operation 34 'read' 'dividend_114_reload_read' <Predicate = true> <Delay = 0.00>
ST_1 : Operation 35 [1/1] (0.00ns)   --->   "%dividend_113_reload_read = read i1 @_ssdm_op_Read.ap_auto.i1, i1 %dividend_113_reload"   --->   Operation 35 'read' 'dividend_113_reload_read' <Predicate = true> <Delay = 0.00>
ST_1 : Operation 36 [1/1] (0.00ns)   --->   "%dividend_112_reload_read = read i1 @_ssdm_op_Read.ap_auto.i1, i1 %dividend_112_reload"   --->   Operation 36 'read' 'dividend_112_reload_read' <Predicate = true> <Delay = 0.00>
ST_1 : Operation 37 [1/1] (0.00ns)   --->   "%dividend_111_reload_read = read i1 @_ssdm_op_Read.ap_auto.i1, i1 %dividend_111_reload"   --->   Operation 37 'read' 'dividend_111_reload_read' <Predicate = true> <Delay = 0.00>
ST_1 : Operation 38 [1/1] (0.00ns)   --->   "%dividend_110_reload_read = read i1 @_ssdm_op_Read.ap_auto.i1, i1 %dividend_110_reload"   --->   Operation 38 'read' 'dividend_110_reload_read' <Predicate = true> <Delay = 0.00>
ST_1 : Operation 39 [1/1] (0.00ns)   --->   "%dividend_109_reload_read = read i1 @_ssdm_op_Read.ap_auto.i1, i1 %dividend_109_reload"   --->   Operation 39 'read' 'dividend_109_reload_read' <Predicate = true> <Delay = 0.00>
ST_1 : Operation 40 [1/1] (0.00ns)   --->   "%dividend_108_reload_read = read i1 @_ssdm_op_Read.ap_auto.i1, i1 %dividend_108_reload"   --->   Operation 40 'read' 'dividend_108_reload_read' <Predicate = true> <Delay = 0.00>
ST_1 : Operation 41 [1/1] (0.00ns)   --->   "%dividend_107_reload_read = read i1 @_ssdm_op_Read.ap_auto.i1, i1 %dividend_107_reload"   --->   Operation 41 'read' 'dividend_107_reload_read' <Predicate = true> <Delay = 0.00>
ST_1 : Operation 42 [1/1] (0.00ns)   --->   "%dividend_106_reload_read = read i1 @_ssdm_op_Read.ap_auto.i1, i1 %dividend_106_reload"   --->   Operation 42 'read' 'dividend_106_reload_read' <Predicate = true> <Delay = 0.00>
ST_1 : Operation 43 [1/1] (0.00ns)   --->   "%dividend_105_reload_read = read i1 @_ssdm_op_Read.ap_auto.i1, i1 %dividend_105_reload"   --->   Operation 43 'read' 'dividend_105_reload_read' <Predicate = true> <Delay = 0.00>
ST_1 : Operation 44 [1/1] (0.00ns)   --->   "%dividend_104_reload_read = read i1 @_ssdm_op_Read.ap_auto.i1, i1 %dividend_104_reload"   --->   Operation 44 'read' 'dividend_104_reload_read' <Predicate = true> <Delay = 0.00>
ST_1 : Operation 45 [1/1] (0.00ns)   --->   "%dividend_103_reload_read = read i1 @_ssdm_op_Read.ap_auto.i1, i1 %dividend_103_reload"   --->   Operation 45 'read' 'dividend_103_reload_read' <Predicate = true> <Delay = 0.00>
ST_1 : Operation 46 [1/1] (0.00ns)   --->   "%dividend_102_reload_read = read i1 @_ssdm_op_Read.ap_auto.i1, i1 %dividend_102_reload"   --->   Operation 46 'read' 'dividend_102_reload_read' <Predicate = true> <Delay = 0.00>
ST_1 : Operation 47 [1/1] (0.00ns)   --->   "%dividend_101_reload_read = read i1 @_ssdm_op_Read.ap_auto.i1, i1 %dividend_101_reload"   --->   Operation 47 'read' 'dividend_101_reload_read' <Predicate = true> <Delay = 0.00>
ST_1 : Operation 48 [1/1] (0.00ns)   --->   "%dividend_100_reload_read = read i1 @_ssdm_op_Read.ap_auto.i1, i1 %dividend_100_reload"   --->   Operation 48 'read' 'dividend_100_reload_read' <Predicate = true> <Delay = 0.00>
ST_1 : Operation 49 [1/1] (0.00ns)   --->   "%dividend_99_reload_read = read i1 @_ssdm_op_Read.ap_auto.i1, i1 %dividend_99_reload"   --->   Operation 49 'read' 'dividend_99_reload_read' <Predicate = true> <Delay = 0.00>
ST_1 : Operation 50 [1/1] (0.00ns)   --->   "%dividend_98_reload_read = read i1 @_ssdm_op_Read.ap_auto.i1, i1 %dividend_98_reload"   --->   Operation 50 'read' 'dividend_98_reload_read' <Predicate = true> <Delay = 0.00>
ST_1 : Operation 51 [1/1] (0.00ns)   --->   "%dividend_97_reload_read = read i1 @_ssdm_op_Read.ap_auto.i1, i1 %dividend_97_reload"   --->   Operation 51 'read' 'dividend_97_reload_read' <Predicate = true> <Delay = 0.00>
ST_1 : Operation 52 [1/1] (0.00ns)   --->   "%dividend_48_reload_read = read i1 @_ssdm_op_Read.ap_auto.i1, i1 %dividend_48_reload"   --->   Operation 52 'read' 'dividend_48_reload_read' <Predicate = true> <Delay = 0.00>
ST_1 : Operation 53 [1/1] (1.58ns)   --->   "%store_ln0 = store i6 0, i6 %startIdx"   --->   Operation 53 'store' 'store_ln0' <Predicate = true> <Delay = 1.58>
ST_1 : Operation 54 [1/1] (0.00ns)   --->   "%br_ln0 = br void %while.cond"   --->   Operation 54 'br' 'br_ln0' <Predicate = true> <Delay = 0.00>
ST_1 : Operation 55 [1/1] (0.00ns)   --->   "%startIdx_1 = load i6 %startIdx" [../codes/crc.cpp:47]   --->   Operation 55 'load' 'startIdx_1' <Predicate = true> <Delay = 0.00>
ST_1 : Operation 56 [1/1] (1.42ns)   --->   "%icmp_ln45 = icmp_eq  i6 %startIdx_1, i6 48" [../codes/crc.cpp:45]   --->   Operation 56 'icmp' 'icmp_ln45' <Predicate = true> <Delay = 1.42> <CoreInst = "Cmp">   --->   Core 9 'Cmp' <Latency = 0> <II = 1> <Delay = 1.42> <FuncUnit> <Opcode : 'icmp'> <InPorts = 2> <OutPorts = 1>
ST_1 : Operation 57 [1/1] (0.00ns)   --->   "%empty = speclooptripcount i32 @_ssdm_op_SpecLoopTripCount, i64 1, i64 48, i64 24"   --->   Operation 57 'speclooptripcount' 'empty' <Predicate = true> <Delay = 0.00>
ST_1 : Operation 58 [1/1] (1.82ns)   --->   "%add_ln47 = add i6 %startIdx_1, i6 1" [../codes/crc.cpp:47]   --->   Operation 58 'add' 'add_ln47' <Predicate = true> <Delay = 1.82> <CoreInst = "Adder">   --->   Core 1 'Adder' <Latency = 0> <II = 1> <Delay = 1.82> <FuncUnit> <Opcode : 'add' 'sub'> <InPorts = 2> <OutPorts = 1>
ST_1 : Operation 59 [1/1] (0.00ns)   --->   "%br_ln45 = br i1 %icmp_ln45, void %land.rhs, void %while.cond.VITIS_LOOP_49_5_crit_edge.exitStub" [../codes/crc.cpp:45]   --->   Operation 59 'br' 'br_ln45' <Predicate = true> <Delay = 0.00>
ST_1 : Operation 60 [1/1] (0.00ns)   --->   "%specpipeline_ln46 = specpipeline void @_ssdm_op_SpecPipeline, i32 1, i32 0, i32 0, i32 0, void @empty_1" [../codes/crc.cpp:46]   --->   Operation 60 'specpipeline' 'specpipeline_ln46' <Predicate = (!icmp_ln45)> <Delay = 0.00>
ST_1 : Operation 61 [1/1] (0.00ns)   --->   "%specloopname_ln45 = specloopname void @_ssdm_op_SpecLoopName, void @empty_5" [../codes/crc.cpp:45]   --->   Operation 61 'specloopname' 'specloopname_ln45' <Predicate = (!icmp_ln45)> <Delay = 0.00>
ST_1 : Operation 62 [1/1] (3.18ns)   --->   "%tmp_1 = mux i1 @_ssdm_op_Mux.ap_auto.48i1.i6, i1 %dividend_48_reload_read, i1 %dividend_97_reload_read, i1 %dividend_98_reload_read, i1 %dividend_99_reload_read, i1 %dividend_100_reload_read, i1 %dividend_101_reload_read, i1 %dividend_102_reload_read, i1 %dividend_103_reload_read, i1 %dividend_104_reload_read, i1 %dividend_105_reload_read, i1 %dividend_106_reload_read, i1 %dividend_107_reload_read, i1 %dividend_108_reload_read, i1 %dividend_109_reload_read, i1 %dividend_110_reload_read, i1 %dividend_111_reload_read, i1 %dividend_112_reload_read, i1 %dividend_113_reload_read, i1 %dividend_114_reload_read, i1 %dividend_115_reload_read, i1 %dividend_116_reload_read, i1 %dividend_117_reload_read, i1 %dividend_118_reload_read, i1 %dividend_119_reload_read, i1 %dividend_120_reload_read, i1 %dividend_121_reload_read, i1 %dividend_122_reload_read, i1 %dividend_123_reload_read, i1 %dividend_124_reload_read, i1 %dividend_125_reload_read, i1 %dividend_126_reload_read, i1 %dividend_127_reload_read, i1 %dividend_128_reload_read, i1 %dividend_129_reload_read, i1 %dividend_130_reload_read, i1 %dividend_131_reload_read, i1 %dividend_132_reload_read, i1 %dividend_133_reload_read, i1 %dividend_134_reload_read, i1 %dividend_135_reload_read, i1 %dividend_136_reload_read, i1 %dividend_137_reload_read, i1 %dividend_138_reload_read, i1 %dividend_139_reload_read, i1 %dividend_140_reload_read, i1 %dividend_141_reload_read, i1 %dividend_142_reload_read, i1 %dividend_143_reload_read, i6 %startIdx_1" [../codes/crc.cpp:45]   --->   Operation 62 'mux' 'tmp_1' <Predicate = (!icmp_ln45)> <Delay = 3.18> <CoreInst = "Multiplexer">   --->   Core 76 'Multiplexer' <Latency = 0> <II = 1> <Delay = 3.18> <FuncUnit> <Opcode : 'mux'> <InPorts = 2> <OutPorts = 1>
ST_1 : Operation 63 [1/1] (0.00ns)   --->   "%br_ln45 = br i1 %tmp_1, void %while.body, void %land.rhs.VITIS_LOOP_49_5_crit_edge.exitStub" [../codes/crc.cpp:45]   --->   Operation 63 'br' 'br_ln45' <Predicate = (!icmp_ln45)> <Delay = 0.00>
ST_1 : Operation 64 [1/1] (1.58ns)   --->   "%store_ln45 = store i6 %add_ln47, i6 %startIdx" [../codes/crc.cpp:45]   --->   Operation 64 'store' 'store_ln45' <Predicate = (!icmp_ln45 & !tmp_1)> <Delay = 1.58>
ST_1 : Operation 65 [1/1] (0.00ns)   --->   "%br_ln45 = br void %while.cond" [../codes/crc.cpp:45]   --->   Operation 65 'br' 'br_ln45' <Predicate = (!icmp_ln45 & !tmp_1)> <Delay = 0.00>
ST_1 : Operation 66 [1/1] (0.00ns)   --->   "%write_ln47 = write void @_ssdm_op_Write.ap_auto.i6P0A, i6 %startIdx_out, i6 %startIdx_1" [../codes/crc.cpp:47]   --->   Operation 66 'write' 'write_ln47' <Predicate = (!icmp_ln45 & tmp_1)> <Delay = 0.00>
ST_1 : Operation 67 [1/1] (0.00ns)   --->   "%write_ln0 = write void @_ssdm_op_Write.ap_auto.i1P0A, i1 %icmp_ln45_out, i1 0"   --->   Operation 67 'write' 'write_ln0' <Predicate = (!icmp_ln45 & tmp_1)> <Delay = 0.00>
ST_1 : Operation 68 [1/1] (1.58ns)   --->   "%br_ln0 = br void %UnifiedReturnBlock"   --->   Operation 68 'br' 'br_ln0' <Predicate = (!icmp_ln45 & tmp_1)> <Delay = 1.58>
ST_1 : Operation 69 [1/1] (0.00ns)   --->   "%write_ln0 = write void @_ssdm_op_Write.ap_auto.i6P0A, i6 %startIdx_out, i6 48"   --->   Operation 69 'write' 'write_ln0' <Predicate = (icmp_ln45)> <Delay = 0.00>
ST_1 : Operation 70 [1/1] (0.00ns)   --->   "%write_ln0 = write void @_ssdm_op_Write.ap_auto.i1P0A, i1 %icmp_ln45_out, i1 1"   --->   Operation 70 'write' 'write_ln0' <Predicate = (icmp_ln45)> <Delay = 0.00>
ST_1 : Operation 71 [1/1] (1.58ns)   --->   "%br_ln0 = br void %UnifiedReturnBlock"   --->   Operation 71 'br' 'br_ln0' <Predicate = (icmp_ln45)> <Delay = 1.58>
ST_1 : Operation 72 [1/1] (0.00ns)   --->   "%UnifiedRetVal = phi i1 1, void %while.cond.VITIS_LOOP_49_5_crit_edge.exitStub, i1 0, void %land.rhs.VITIS_LOOP_49_5_crit_edge.exitStub"   --->   Operation 72 'phi' 'UnifiedRetVal' <Predicate = (tmp_1) | (icmp_ln45)> <Delay = 0.00>
ST_1 : Operation 73 [1/1] (0.00ns)   --->   "%ret_ln0 = ret i1 %UnifiedRetVal"   --->   Operation 73 'ret' 'ret_ln0' <Predicate = (tmp_1) | (icmp_ln45)> <Delay = 0.00>


============================================================
+ Verbose Summary: Binding
============================================================
STG Binding: 
---------------- STG Properties BEGIN ----------------
- Is combinational: 0
- Is one-state seq: 0
- Is datapath-only: 0
- Is pipelined: 0
- Is top level: 0
Port [ Return ] is wired: 1; IO mode=ap_ctrl_hs:ce=0
Port [ dividend_48_reload]:  wired=1; compound=0; hidden=0; nouse=0; global=0; static=0; extern=0; dir=0; type=0; pingpong=0; private_global=0; IO mode=ap_none:ce=0
Port [ dividend_97_reload]:  wired=1; compound=0; hidden=0; nouse=0; global=0; static=0; extern=0; dir=0; type=0; pingpong=0; private_global=0; IO mode=ap_none:ce=0
Port [ dividend_98_reload]:  wired=1; compound=0; hidden=0; nouse=0; global=0; static=0; extern=0; dir=0; type=0; pingpong=0; private_global=0; IO mode=ap_none:ce=0
Port [ dividend_99_reload]:  wired=1; compound=0; hidden=0; nouse=0; global=0; static=0; extern=0; dir=0; type=0; pingpong=0; private_global=0; IO mode=ap_none:ce=0
Port [ dividend_100_reload]:  wired=1; compound=0; hidden=0; nouse=0; global=0; static=0; extern=0; dir=0; type=0; pingpong=0; private_global=0; IO mode=ap_none:ce=0
Port [ dividend_101_reload]:  wired=1; compound=0; hidden=0; nouse=0; global=0; static=0; extern=0; dir=0; type=0; pingpong=0; private_global=0; IO mode=ap_none:ce=0
Port [ dividend_102_reload]:  wired=1; compound=0; hidden=0; nouse=0; global=0; static=0; extern=0; dir=0; type=0; pingpong=0; private_global=0; IO mode=ap_none:ce=0
Port [ dividend_103_reload]:  wired=1; compound=0; hidden=0; nouse=0; global=0; static=0; extern=0; dir=0; type=0; pingpong=0; private_global=0; IO mode=ap_none:ce=0
Port [ dividend_104_reload]:  wired=1; compound=0; hidden=0; nouse=0; global=0; static=0; extern=0; dir=0; type=0; pingpong=0; private_global=0; IO mode=ap_none:ce=0
Port [ dividend_105_reload]:  wired=1; compound=0; hidden=0; nouse=0; global=0; static=0; extern=0; dir=0; type=0; pingpong=0; private_global=0; IO mode=ap_none:ce=0
Port [ dividend_106_reload]:  wired=1; compound=0; hidden=0; nouse=0; global=0; static=0; extern=0; dir=0; type=0; pingpong=0; private_global=0; IO mode=ap_none:ce=0
Port [ dividend_107_reload]:  wired=1; compound=0; hidden=0; nouse=0; global=0; static=0; extern=0; dir=0; type=0; pingpong=0; private_global=0; IO mode=ap_none:ce=0
Port [ dividend_108_reload]:  wired=1; compound=0; hidden=0; nouse=0; global=0; static=0; extern=0; dir=0; type=0; pingpong=0; private_global=0; IO mode=ap_none:ce=0
Port [ dividend_109_reload]:  wired=1; compound=0; hidden=0; nouse=0; global=0; static=0; extern=0; dir=0; type=0; pingpong=0; private_global=0; IO mode=ap_none:ce=0
Port [ dividend_110_reload]:  wired=1; compound=0; hidden=0; nouse=0; global=0; static=0; extern=0; dir=0; type=0; pingpong=0; private_global=0; IO mode=ap_none:ce=0
Port [ dividend_111_reload]:  wired=1; compound=0; hidden=0; nouse=0; global=0; static=0; extern=0; dir=0; type=0; pingpong=0; private_global=0; IO mode=ap_none:ce=0
Port [ dividend_112_reload]:  wired=1; compound=0; hidden=0; nouse=0; global=0; static=0; extern=0; dir=0; type=0; pingpong=0; private_global=0; IO mode=ap_none:ce=0
Port [ dividend_113_reload]:  wired=1; compound=0; hidden=0; nouse=0; global=0; static=0; extern=0; dir=0; type=0; pingpong=0; private_global=0; IO mode=ap_none:ce=0
Port [ dividend_114_reload]:  wired=1; compound=0; hidden=0; nouse=0; global=0; static=0; extern=0; dir=0; type=0; pingpong=0; private_global=0; IO mode=ap_none:ce=0
Port [ dividend_115_reload]:  wired=1; compound=0; hidden=0; nouse=0; global=0; static=0; extern=0; dir=0; type=0; pingpong=0; private_global=0; IO mode=ap_none:ce=0
Port [ dividend_116_reload]:  wired=1; compound=0; hidden=0; nouse=0; global=0; static=0; extern=0; dir=0; type=0; pingpong=0; private_global=0; IO mode=ap_none:ce=0
Port [ dividend_117_reload]:  wired=1; compound=0; hidden=0; nouse=0; global=0; static=0; extern=0; dir=0; type=0; pingpong=0; private_global=0; IO mode=ap_none:ce=0
Port [ dividend_118_reload]:  wired=1; compound=0; hidden=0; nouse=0; global=0; static=0; extern=0; dir=0; type=0; pingpong=0; private_global=0; IO mode=ap_none:ce=0
Port [ dividend_119_reload]:  wired=1; compound=0; hidden=0; nouse=0; global=0; static=0; extern=0; dir=0; type=0; pingpong=0; private_global=0; IO mode=ap_none:ce=0
Port [ dividend_120_reload]:  wired=1; compound=0; hidden=0; nouse=0; global=0; static=0; extern=0; dir=0; type=0; pingpong=0; private_global=0; IO mode=ap_none:ce=0
Port [ dividend_121_reload]:  wired=1; compound=0; hidden=0; nouse=0; global=0; static=0; extern=0; dir=0; type=0; pingpong=0; private_global=0; IO mode=ap_none:ce=0
Port [ dividend_122_reload]:  wired=1; compound=0; hidden=0; nouse=0; global=0; static=0; extern=0; dir=0; type=0; pingpong=0; private_global=0; IO mode=ap_none:ce=0
Port [ dividend_123_reload]:  wired=1; compound=0; hidden=0; nouse=0; global=0; static=0; extern=0; dir=0; type=0; pingpong=0; private_global=0; IO mode=ap_none:ce=0
Port [ dividend_124_reload]:  wired=1; compound=0; hidden=0; nouse=0; global=0; static=0; extern=0; dir=0; type=0; pingpong=0; private_global=0; IO mode=ap_none:ce=0
Port [ dividend_125_reload]:  wired=1; compound=0; hidden=0; nouse=0; global=0; static=0; extern=0; dir=0; type=0; pingpong=0; private_global=0; IO mode=ap_none:ce=0
Port [ dividend_126_reload]:  wired=1; compound=0; hidden=0; nouse=0; global=0; static=0; extern=0; dir=0; type=0; pingpong=0; private_global=0; IO mode=ap_none:ce=0
Port [ dividend_127_reload]:  wired=1; compound=0; hidden=0; nouse=0; global=0; static=0; extern=0; dir=0; type=0; pingpong=0; private_global=0; IO mode=ap_none:ce=0
Port [ dividend_128_reload]:  wired=1; compound=0; hidden=0; nouse=0; global=0; static=0; extern=0; dir=0; type=0; pingpong=0; private_global=0; IO mode=ap_none:ce=0
Port [ dividend_129_reload]:  wired=1; compound=0; hidden=0; nouse=0; global=0; static=0; extern=0; dir=0; type=0; pingpong=0; private_global=0; IO mode=ap_none:ce=0
Port [ dividend_130_reload]:  wired=1; compound=0; hidden=0; nouse=0; global=0; static=0; extern=0; dir=0; type=0; pingpong=0; private_global=0; IO mode=ap_none:ce=0
Port [ dividend_131_reload]:  wired=1; compound=0; hidden=0; nouse=0; global=0; static=0; extern=0; dir=0; type=0; pingpong=0; private_global=0; IO mode=ap_none:ce=0
Port [ dividend_132_reload]:  wired=1; compound=0; hidden=0; nouse=0; global=0; static=0; extern=0; dir=0; type=0; pingpong=0; private_global=0; IO mode=ap_none:ce=0
Port [ dividend_133_reload]:  wired=1; compound=0; hidden=0; nouse=0; global=0; static=0; extern=0; dir=0; type=0; pingpong=0; private_global=0; IO mode=ap_none:ce=0
Port [ dividend_134_reload]:  wired=1; compound=0; hidden=0; nouse=0; global=0; static=0; extern=0; dir=0; type=0; pingpong=0; private_global=0; IO mode=ap_none:ce=0
Port [ dividend_135_reload]:  wired=1; compound=0; hidden=0; nouse=0; global=0; static=0; extern=0; dir=0; type=0; pingpong=0; private_global=0; IO mode=ap_none:ce=0
Port [ dividend_136_reload]:  wired=1; compound=0; hidden=0; nouse=0; global=0; static=0; extern=0; dir=0; type=0; pingpong=0; private_global=0; IO mode=ap_none:ce=0
Port [ dividend_137_reload]:  wired=1; compound=0; hidden=0; nouse=0; global=0; static=0; extern=0; dir=0; type=0; pingpong=0; private_global=0; IO mode=ap_none:ce=0
Port [ dividend_138_reload]:  wired=1; compound=0; hidden=0; nouse=0; global=0; static=0; extern=0; dir=0; type=0; pingpong=0; private_global=0; IO mode=ap_none:ce=0
Port [ dividend_139_reload]:  wired=1; compound=0; hidden=0; nouse=0; global=0; static=0; extern=0; dir=0; type=0; pingpong=0; private_global=0; IO mode=ap_none:ce=0
Port [ dividend_140_reload]:  wired=1; compound=0; hidden=0; nouse=0; global=0; static=0; extern=0; dir=0; type=0; pingpong=0; private_global=0; IO mode=ap_none:ce=0
Port [ dividend_141_reload]:  wired=1; compound=0; hidden=0; nouse=0; global=0; static=0; extern=0; dir=0; type=0; pingpong=0; private_global=0; IO mode=ap_none:ce=0
Port [ dividend_142_reload]:  wired=1; compound=0; hidden=0; nouse=0; global=0; static=0; extern=0; dir=0; type=0; pingpong=0; private_global=0; IO mode=ap_none:ce=0
Port [ dividend_143_reload]:  wired=1; compound=0; hidden=0; nouse=0; global=0; static=0; extern=0; dir=0; type=0; pingpong=0; private_global=0; IO mode=ap_none:ce=0
Port [ startIdx_out]:  wired=1; compound=0; hidden=0; nouse=0; global=0; static=0; extern=0; dir=1; type=0; pingpong=0; private_global=0; IO mode=ap_vld:ce=0
Port [ icmp_ln45_out]:  wired=1; compound=0; hidden=0; nouse=0; global=0; static=0; extern=0; dir=1; type=0; pingpong=0; private_global=0; IO mode=ap_vld:ce=0
---------------- STG Properties END ------------------

---------------- Datapath Model BEGIN ----------------

<LifeTime>
<method=bitvector/>
startIdx                 (alloca           ) [ 01]
dividend_143_reload_read (read             ) [ 00]
dividend_142_reload_read (read             ) [ 00]
dividend_141_reload_read (read             ) [ 00]
dividend_140_reload_read (read             ) [ 00]
dividend_139_reload_read (read             ) [ 00]
dividend_138_reload_read (read             ) [ 00]
dividend_137_reload_read (read             ) [ 00]
dividend_136_reload_read (read             ) [ 00]
dividend_135_reload_read (read             ) [ 00]
dividend_134_reload_read (read             ) [ 00]
dividend_133_reload_read (read             ) [ 00]
dividend_132_reload_read (read             ) [ 00]
dividend_131_reload_read (read             ) [ 00]
dividend_130_reload_read (read             ) [ 00]
dividend_129_reload_read (read             ) [ 00]
dividend_128_reload_read (read             ) [ 00]
dividend_127_reload_read (read             ) [ 00]
dividend_126_reload_read (read             ) [ 00]
dividend_125_reload_read (read             ) [ 00]
dividend_124_reload_read (read             ) [ 00]
dividend_123_reload_read (read             ) [ 00]
dividend_122_reload_read (read             ) [ 00]
dividend_121_reload_read (read             ) [ 00]
dividend_120_reload_read (read             ) [ 00]
dividend_119_reload_read (read             ) [ 00]
dividend_118_reload_read (read             ) [ 00]
dividend_117_reload_read (read             ) [ 00]
dividend_116_reload_read (read             ) [ 00]
dividend_115_reload_read (read             ) [ 00]
dividend_114_reload_read (read             ) [ 00]
dividend_113_reload_read (read             ) [ 00]
dividend_112_reload_read (read             ) [ 00]
dividend_111_reload_read (read             ) [ 00]
dividend_110_reload_read (read             ) [ 00]
dividend_109_reload_read (read             ) [ 00]
dividend_108_reload_read (read             ) [ 00]
dividend_107_reload_read (read             ) [ 00]
dividend_106_reload_read (read             ) [ 00]
dividend_105_reload_read (read             ) [ 00]
dividend_104_reload_read (read             ) [ 00]
dividend_103_reload_read (read             ) [ 00]
dividend_102_reload_read (read             ) [ 00]
dividend_101_reload_read (read             ) [ 00]
dividend_100_reload_read (read             ) [ 00]
dividend_99_reload_read  (read             ) [ 00]
dividend_98_reload_read  (read             ) [ 00]
dividend_97_reload_read  (read             ) [ 00]
dividend_48_reload_read  (read             ) [ 00]
store_ln0                (store            ) [ 00]
br_ln0                   (br               ) [ 00]
startIdx_1               (load             ) [ 00]
icmp_ln45                (icmp             ) [ 01]
empty                    (speclooptripcount) [ 00]
add_ln47                 (add              ) [ 00]
br_ln45                  (br               ) [ 00]
specpipeline_ln46        (specpipeline     ) [ 00]
specloopname_ln45        (specloopname     ) [ 00]
tmp_1                    (mux              ) [ 01]
br_ln45                  (br               ) [ 00]
store_ln45               (store            ) [ 00]
br_ln45                  (br               ) [ 00]
write_ln47               (write            ) [ 00]
write_ln0                (write            ) [ 00]
br_ln0                   (br               ) [ 00]
write_ln0                (write            ) [ 00]
write_ln0                (write            ) [ 00]
br_ln0                   (br               ) [ 00]
UnifiedRetVal            (phi              ) [ 00]
ret_ln0                  (ret              ) [ 00]
</LifeTime>

<model>

<comp_list>
<comp id="0" class="1000" name="dividend_48_reload">
<pin_list>
<pin id="1" dir="1" index="0" bw="1" slack="0"/>
</pin_list>
<bind>
<StgValue><ssdm name="dividend_48_reload"/></StgValue>
</bind>
</comp>

<comp id="2" class="1000" name="dividend_97_reload">
<pin_list>
<pin id="3" dir="1" index="0" bw="1" slack="0"/>
</pin_list>
<bind>
<StgValue><ssdm name="dividend_97_reload"/></StgValue>
</bind>
</comp>

<comp id="4" class="1000" name="dividend_98_reload">
<pin_list>
<pin id="5" dir="1" index="0" bw="1" slack="0"/>
</pin_list>
<bind>
<StgValue><ssdm name="dividend_98_reload"/></StgValue>
</bind>
</comp>

<comp id="6" class="1000" name="dividend_99_reload">
<pin_list>
<pin id="7" dir="1" index="0" bw="1" slack="0"/>
</pin_list>
<bind>
<StgValue><ssdm name="dividend_99_reload"/></StgValue>
</bind>
</comp>

<comp id="8" class="1000" name="dividend_100_reload">
<pin_list>
<pin id="9" dir="1" index="0" bw="1" slack="0"/>
</pin_list>
<bind>
<StgValue><ssdm name="dividend_100_reload"/></StgValue>
</bind>
</comp>

<comp id="10" class="1000" name="dividend_101_reload">
<pin_list>
<pin id="11" dir="1" index="0" bw="1" slack="0"/>
</pin_list>
<bind>
<StgValue><ssdm name="dividend_101_reload"/></StgValue>
</bind>
</comp>

<comp id="12" class="1000" name="dividend_102_reload">
<pin_list>
<pin id="13" dir="1" index="0" bw="1" slack="0"/>
</pin_list>
<bind>
<StgValue><ssdm name="dividend_102_reload"/></StgValue>
</bind>
</comp>

<comp id="14" class="1000" name="dividend_103_reload">
<pin_list>
<pin id="15" dir="1" index="0" bw="1" slack="0"/>
</pin_list>
<bind>
<StgValue><ssdm name="dividend_103_reload"/></StgValue>
</bind>
</comp>

<comp id="16" class="1000" name="dividend_104_reload">
<pin_list>
<pin id="17" dir="1" index="0" bw="1" slack="0"/>
</pin_list>
<bind>
<StgValue><ssdm name="dividend_104_reload"/></StgValue>
</bind>
</comp>

<comp id="18" class="1000" name="dividend_105_reload">
<pin_list>
<pin id="19" dir="1" index="0" bw="1" slack="0"/>
</pin_list>
<bind>
<StgValue><ssdm name="dividend_105_reload"/></StgValue>
</bind>
</comp>

<comp id="20" class="1000" name="dividend_106_reload">
<pin_list>
<pin id="21" dir="1" index="0" bw="1" slack="0"/>
</pin_list>
<bind>
<StgValue><ssdm name="dividend_106_reload"/></StgValue>
</bind>
</comp>

<comp id="22" class="1000" name="dividend_107_reload">
<pin_list>
<pin id="23" dir="1" index="0" bw="1" slack="0"/>
</pin_list>
<bind>
<StgValue><ssdm name="dividend_107_reload"/></StgValue>
</bind>
</comp>

<comp id="24" class="1000" name="dividend_108_reload">
<pin_list>
<pin id="25" dir="1" index="0" bw="1" slack="0"/>
</pin_list>
<bind>
<StgValue><ssdm name="dividend_108_reload"/></StgValue>
</bind>
</comp>

<comp id="26" class="1000" name="dividend_109_reload">
<pin_list>
<pin id="27" dir="1" index="0" bw="1" slack="0"/>
</pin_list>
<bind>
<StgValue><ssdm name="dividend_109_reload"/></StgValue>
</bind>
</comp>

<comp id="28" class="1000" name="dividend_110_reload">
<pin_list>
<pin id="29" dir="1" index="0" bw="1" slack="0"/>
</pin_list>
<bind>
<StgValue><ssdm name="dividend_110_reload"/></StgValue>
</bind>
</comp>

<comp id="30" class="1000" name="dividend_111_reload">
<pin_list>
<pin id="31" dir="1" index="0" bw="1" slack="0"/>
</pin_list>
<bind>
<StgValue><ssdm name="dividend_111_reload"/></StgValue>
</bind>
</comp>

<comp id="32" class="1000" name="dividend_112_reload">
<pin_list>
<pin id="33" dir="1" index="0" bw="1" slack="0"/>
</pin_list>
<bind>
<StgValue><ssdm name="dividend_112_reload"/></StgValue>
</bind>
</comp>

<comp id="34" class="1000" name="dividend_113_reload">
<pin_list>
<pin id="35" dir="1" index="0" bw="1" slack="0"/>
</pin_list>
<bind>
<StgValue><ssdm name="dividend_113_reload"/></StgValue>
</bind>
</comp>

<comp id="36" class="1000" name="dividend_114_reload">
<pin_list>
<pin id="37" dir="1" index="0" bw="1" slack="0"/>
</pin_list>
<bind>
<StgValue><ssdm name="dividend_114_reload"/></StgValue>
</bind>
</comp>

<comp id="38" class="1000" name="dividend_115_reload">
<pin_list>
<pin id="39" dir="1" index="0" bw="1" slack="0"/>
</pin_list>
<bind>
<StgValue><ssdm name="dividend_115_reload"/></StgValue>
</bind>
</comp>

<comp id="40" class="1000" name="dividend_116_reload">
<pin_list>
<pin id="41" dir="1" index="0" bw="1" slack="0"/>
</pin_list>
<bind>
<StgValue><ssdm name="dividend_116_reload"/></StgValue>
</bind>
</comp>

<comp id="42" class="1000" name="dividend_117_reload">
<pin_list>
<pin id="43" dir="1" index="0" bw="1" slack="0"/>
</pin_list>
<bind>
<StgValue><ssdm name="dividend_117_reload"/></StgValue>
</bind>
</comp>

<comp id="44" class="1000" name="dividend_118_reload">
<pin_list>
<pin id="45" dir="1" index="0" bw="1" slack="0"/>
</pin_list>
<bind>
<StgValue><ssdm name="dividend_118_reload"/></StgValue>
</bind>
</comp>

<comp id="46" class="1000" name="dividend_119_reload">
<pin_list>
<pin id="47" dir="1" index="0" bw="1" slack="0"/>
</pin_list>
<bind>
<StgValue><ssdm name="dividend_119_reload"/></StgValue>
</bind>
</comp>

<comp id="48" class="1000" name="dividend_120_reload">
<pin_list>
<pin id="49" dir="1" index="0" bw="1" slack="0"/>
</pin_list>
<bind>
<StgValue><ssdm name="dividend_120_reload"/></StgValue>
</bind>
</comp>

<comp id="50" class="1000" name="dividend_121_reload">
<pin_list>
<pin id="51" dir="1" index="0" bw="1" slack="0"/>
</pin_list>
<bind>
<StgValue><ssdm name="dividend_121_reload"/></StgValue>
</bind>
</comp>

<comp id="52" class="1000" name="dividend_122_reload">
<pin_list>
<pin id="53" dir="1" index="0" bw="1" slack="0"/>
</pin_list>
<bind>
<StgValue><ssdm name="dividend_122_reload"/></StgValue>
</bind>
</comp>

<comp id="54" class="1000" name="dividend_123_reload">
<pin_list>
<pin id="55" dir="1" index="0" bw="1" slack="0"/>
</pin_list>
<bind>
<StgValue><ssdm name="dividend_123_reload"/></StgValue>
</bind>
</comp>

<comp id="56" class="1000" name="dividend_124_reload">
<pin_list>
<pin id="57" dir="1" index="0" bw="1" slack="0"/>
</pin_list>
<bind>
<StgValue><ssdm name="dividend_124_reload"/></StgValue>
</bind>
</comp>

<comp id="58" class="1000" name="dividend_125_reload">
<pin_list>
<pin id="59" dir="1" index="0" bw="1" slack="0"/>
</pin_list>
<bind>
<StgValue><ssdm name="dividend_125_reload"/></StgValue>
</bind>
</comp>

<comp id="60" class="1000" name="dividend_126_reload">
<pin_list>
<pin id="61" dir="1" index="0" bw="1" slack="0"/>
</pin_list>
<bind>
<StgValue><ssdm name="dividend_126_reload"/></StgValue>
</bind>
</comp>

<comp id="62" class="1000" name="dividend_127_reload">
<pin_list>
<pin id="63" dir="1" index="0" bw="1" slack="0"/>
</pin_list>
<bind>
<StgValue><ssdm name="dividend_127_reload"/></StgValue>
</bind>
</comp>

<comp id="64" class="1000" name="dividend_128_reload">
<pin_list>
<pin id="65" dir="1" index="0" bw="1" slack="0"/>
</pin_list>
<bind>
<StgValue><ssdm name="dividend_128_reload"/></StgValue>
</bind>
</comp>

<comp id="66" class="1000" name="dividend_129_reload">
<pin_list>
<pin id="67" dir="1" index="0" bw="1" slack="0"/>
</pin_list>
<bind>
<StgValue><ssdm name="dividend_129_reload"/></StgValue>
</bind>
</comp>

<comp id="68" class="1000" name="dividend_130_reload">
<pin_list>
<pin id="69" dir="1" index="0" bw="1" slack="0"/>
</pin_list>
<bind>
<StgValue><ssdm name="dividend_130_reload"/></StgValue>
</bind>
</comp>

<comp id="70" class="1000" name="dividend_131_reload">
<pin_list>
<pin id="71" dir="1" index="0" bw="1" slack="0"/>
</pin_list>
<bind>
<StgValue><ssdm name="dividend_131_reload"/></StgValue>
</bind>
</comp>

<comp id="72" class="1000" name="dividend_132_reload">
<pin_list>
<pin id="73" dir="1" index="0" bw="1" slack="0"/>
</pin_list>
<bind>
<StgValue><ssdm name="dividend_132_reload"/></StgValue>
</bind>
</comp>

<comp id="74" class="1000" name="dividend_133_reload">
<pin_list>
<pin id="75" dir="1" index="0" bw="1" slack="0"/>
</pin_list>
<bind>
<StgValue><ssdm name="dividend_133_reload"/></StgValue>
</bind>
</comp>

<comp id="76" class="1000" name="dividend_134_reload">
<pin_list>
<pin id="77" dir="1" index="0" bw="1" slack="0"/>
</pin_list>
<bind>
<StgValue><ssdm name="dividend_134_reload"/></StgValue>
</bind>
</comp>

<comp id="78" class="1000" name="dividend_135_reload">
<pin_list>
<pin id="79" dir="1" index="0" bw="1" slack="0"/>
</pin_list>
<bind>
<StgValue><ssdm name="dividend_135_reload"/></StgValue>
</bind>
</comp>

<comp id="80" class="1000" name="dividend_136_reload">
<pin_list>
<pin id="81" dir="1" index="0" bw="1" slack="0"/>
</pin_list>
<bind>
<StgValue><ssdm name="dividend_136_reload"/></StgValue>
</bind>
</comp>

<comp id="82" class="1000" name="dividend_137_reload">
<pin_list>
<pin id="83" dir="1" index="0" bw="1" slack="0"/>
</pin_list>
<bind>
<StgValue><ssdm name="dividend_137_reload"/></StgValue>
</bind>
</comp>

<comp id="84" class="1000" name="dividend_138_reload">
<pin_list>
<pin id="85" dir="1" index="0" bw="1" slack="0"/>
</pin_list>
<bind>
<StgValue><ssdm name="dividend_138_reload"/></StgValue>
</bind>
</comp>

<comp id="86" class="1000" name="dividend_139_reload">
<pin_list>
<pin id="87" dir="1" index="0" bw="1" slack="0"/>
</pin_list>
<bind>
<StgValue><ssdm name="dividend_139_reload"/></StgValue>
</bind>
</comp>

<comp id="88" class="1000" name="dividend_140_reload">
<pin_list>
<pin id="89" dir="1" index="0" bw="1" slack="0"/>
</pin_list>
<bind>
<StgValue><ssdm name="dividend_140_reload"/></StgValue>
</bind>
</comp>

<comp id="90" class="1000" name="dividend_141_reload">
<pin_list>
<pin id="91" dir="1" index="0" bw="1" slack="0"/>
</pin_list>
<bind>
<StgValue><ssdm name="dividend_141_reload"/></StgValue>
</bind>
</comp>

<comp id="92" class="1000" name="dividend_142_reload">
<pin_list>
<pin id="93" dir="1" index="0" bw="1" slack="0"/>
</pin_list>
<bind>
<StgValue><ssdm name="dividend_142_reload"/></StgValue>
</bind>
</comp>

<comp id="94" class="1000" name="dividend_143_reload">
<pin_list>
<pin id="95" dir="1" index="0" bw="1" slack="0"/>
</pin_list>
<bind>
<StgValue><ssdm name="dividend_143_reload"/></StgValue>
</bind>
</comp>

<comp id="96" class="1000" name="startIdx_out">
<pin_list>
<pin id="97" dir="1" index="0" bw="1" slack="0"/>
</pin_list>
<bind>
<StgValue><ssdm name="startIdx_out"/></StgValue>
</bind>
</comp>

<comp id="98" class="1000" name="icmp_ln45_out">
<pin_list>
<pin id="99" dir="1" index="0" bw="1" slack="0"/>
</pin_list>
<bind>
<StgValue><ssdm name="icmp_ln45_out"/></StgValue>
</bind>
</comp>

<comp id="100" class="1001" name="const_100">
<pin_list>
<pin id="101" dir="1" index="0" bw="1" slack="0"/>
</pin_list>
<bind>
<StgValue><ssdm name=""/></StgValue>
</bind>
</comp>

<comp id="102" class="1001" name="const_102">
<pin_list>
<pin id="103" dir="1" index="0" bw="1" slack="0"/>
</pin_list>
<bind>
<StgValue><ssdm name="_ssdm_op_Read.ap_auto.i1"/></StgValue>
</bind>
</comp>

<comp id="104" class="1001" name="const_104">
<pin_list>
<pin id="105" dir="1" index="0" bw="1" slack="0"/>
</pin_list>
<bind>
<StgValue><ssdm name=""/></StgValue>
</bind>
</comp>

<comp id="106" class="1001" name="const_106">
<pin_list>
<pin id="107" dir="1" index="0" bw="1" slack="0"/>
</pin_list>
<bind>
<StgValue><ssdm name=""/></StgValue>
</bind>
</comp>

<comp id="108" class="1001" name="const_108">
<pin_list>
<pin id="109" dir="1" index="0" bw="1" slack="2147483647"/>
</pin_list>
<bind>
<StgValue><ssdm name="_ssdm_op_SpecLoopTripCount"/></StgValue>
</bind>
</comp>

<comp id="110" class="1001" name="const_110">
<pin_list>
<pin id="111" dir="1" index="0" bw="1" slack="2147483647"/>
</pin_list>
<bind>
<StgValue><ssdm name=""/></StgValue>
</bind>
</comp>

<comp id="112" class="1001" name="const_112">
<pin_list>
<pin id="113" dir="1" index="0" bw="1" slack="2147483647"/>
</pin_list>
<bind>
<StgValue><ssdm name=""/></StgValue>
</bind>
</comp>

<comp id="114" class="1001" name="const_114">
<pin_list>
<pin id="115" dir="1" index="0" bw="1" slack="2147483647"/>
</pin_list>
<bind>
<StgValue><ssdm name=""/></StgValue>
</bind>
</comp>

<comp id="116" class="1001" name="const_116">
<pin_list>
<pin id="117" dir="1" index="0" bw="1" slack="0"/>
</pin_list>
<bind>
<StgValue><ssdm name=""/></StgValue>
</bind>
</comp>

<comp id="118" class="1001" name="const_118">
<pin_list>
<pin id="119" dir="1" index="0" bw="1" slack="2147483647"/>
</pin_list>
<bind>
<StgValue><ssdm name="_ssdm_op_SpecPipeline"/></StgValue>
</bind>
</comp>

<comp id="120" class="1001" name="const_120">
<pin_list>
<pin id="121" dir="1" index="0" bw="1" slack="2147483647"/>
</pin_list>
<bind>
<StgValue><ssdm name=""/></StgValue>
</bind>
</comp>

<comp id="122" class="1001" name="const_122">
<pin_list>
<pin id="123" dir="1" index="0" bw="1" slack="2147483647"/>
</pin_list>
<bind>
<StgValue><ssdm name="empty_1"/></StgValue>
</bind>
</comp>

<comp id="124" class="1001" name="const_124">
<pin_list>
<pin id="125" dir="1" index="0" bw="1" slack="2147483647"/>
</pin_list>
<bind>
<StgValue><ssdm name="_ssdm_op_SpecLoopName"/></StgValue>
</bind>
</comp>

<comp id="126" class="1001" name="const_126">
<pin_list>
<pin id="127" dir="1" index="0" bw="1" slack="2147483647"/>
</pin_list>
<bind>
<StgValue><ssdm name="empty_5"/></StgValue>
</bind>
</comp>

<comp id="128" class="1001" name="const_128">
<pin_list>
<pin id="129" dir="1" index="0" bw="1" slack="0"/>
</pin_list>
<bind>
<StgValue><ssdm name="_ssdm_op_Mux.ap_auto.48i1.i6"/></StgValue>
</bind>
</comp>

<comp id="130" class="1001" name="const_130">
<pin_list>
<pin id="131" dir="1" index="0" bw="1" slack="0"/>
</pin_list>
<bind>
<StgValue><ssdm name="_ssdm_op_Write.ap_auto.i6P0A"/></StgValue>
</bind>
</comp>

<comp id="132" class="1001" name="const_132">
<pin_list>
<pin id="133" dir="1" index="0" bw="1" slack="0"/>
</pin_list>
<bind>
<StgValue><ssdm name="_ssdm_op_Write.ap_auto.i1P0A"/></StgValue>
</bind>
</comp>

<comp id="134" class="1001" name="const_134">
<pin_list>
<pin id="135" dir="1" index="0" bw="1" slack="0"/>
</pin_list>
<bind>
<StgValue><ssdm name=""/></StgValue>
</bind>
</comp>

<comp id="136" class="1001" name="const_136">
<pin_list>
<pin id="137" dir="1" index="0" bw="1" slack="0"/>
</pin_list>
<bind>
<StgValue><ssdm name=""/></StgValue>
</bind>
</comp>

<comp id="138" class="1004" name="startIdx_fu_138">
<pin_list>
<pin id="139" dir="0" index="0" bw="1" slack="0"/>
<pin id="140" dir="1" index="1" bw="6" slack="0"/>
</pin_list>
<bind>
<opcode="alloca(26) " fcode="alloca"/>
<opset="startIdx/1 "/>
</bind>
</comp>

<comp id="142" class="1004" name="dividend_143_reload_read_read_fu_142">
<pin_list>
<pin id="143" dir="0" index="0" bw="1" slack="0"/>
<pin id="144" dir="0" index="1" bw="1" slack="0"/>
<pin id="145" dir="1" index="2" bw="1" slack="0"/>
</pin_list>
<bind>
<opcode="read(1150) " fcode="read"/>
<opset="dividend_143_reload_read/1 "/>
</bind>
</comp>

<comp id="148" class="1004" name="dividend_142_reload_read_read_fu_148">
<pin_list>
<pin id="149" dir="0" index="0" bw="1" slack="0"/>
<pin id="150" dir="0" index="1" bw="1" slack="0"/>
<pin id="151" dir="1" index="2" bw="1" slack="0"/>
</pin_list>
<bind>
<opcode="read(1150) " fcode="read"/>
<opset="dividend_142_reload_read/1 "/>
</bind>
</comp>

<comp id="154" class="1004" name="dividend_141_reload_read_read_fu_154">
<pin_list>
<pin id="155" dir="0" index="0" bw="1" slack="0"/>
<pin id="156" dir="0" index="1" bw="1" slack="0"/>
<pin id="157" dir="1" index="2" bw="1" slack="0"/>
</pin_list>
<bind>
<opcode="read(1150) " fcode="read"/>
<opset="dividend_141_reload_read/1 "/>
</bind>
</comp>

<comp id="160" class="1004" name="dividend_140_reload_read_read_fu_160">
<pin_list>
<pin id="161" dir="0" index="0" bw="1" slack="0"/>
<pin id="162" dir="0" index="1" bw="1" slack="0"/>
<pin id="163" dir="1" index="2" bw="1" slack="0"/>
</pin_list>
<bind>
<opcode="read(1150) " fcode="read"/>
<opset="dividend_140_reload_read/1 "/>
</bind>
</comp>

<comp id="166" class="1004" name="dividend_139_reload_read_read_fu_166">
<pin_list>
<pin id="167" dir="0" index="0" bw="1" slack="0"/>
<pin id="168" dir="0" index="1" bw="1" slack="0"/>
<pin id="169" dir="1" index="2" bw="1" slack="0"/>
</pin_list>
<bind>
<opcode="read(1150) " fcode="read"/>
<opset="dividend_139_reload_read/1 "/>
</bind>
</comp>

<comp id="172" class="1004" name="dividend_138_reload_read_read_fu_172">
<pin_list>
<pin id="173" dir="0" index="0" bw="1" slack="0"/>
<pin id="174" dir="0" index="1" bw="1" slack="0"/>
<pin id="175" dir="1" index="2" bw="1" slack="0"/>
</pin_list>
<bind>
<opcode="read(1150) " fcode="read"/>
<opset="dividend_138_reload_read/1 "/>
</bind>
</comp>

<comp id="178" class="1004" name="dividend_137_reload_read_read_fu_178">
<pin_list>
<pin id="179" dir="0" index="0" bw="1" slack="0"/>
<pin id="180" dir="0" index="1" bw="1" slack="0"/>
<pin id="181" dir="1" index="2" bw="1" slack="0"/>
</pin_list>
<bind>
<opcode="read(1150) " fcode="read"/>
<opset="dividend_137_reload_read/1 "/>
</bind>
</comp>

<comp id="184" class="1004" name="dividend_136_reload_read_read_fu_184">
<pin_list>
<pin id="185" dir="0" index="0" bw="1" slack="0"/>
<pin id="186" dir="0" index="1" bw="1" slack="0"/>
<pin id="187" dir="1" index="2" bw="1" slack="0"/>
</pin_list>
<bind>
<opcode="read(1150) " fcode="read"/>
<opset="dividend_136_reload_read/1 "/>
</bind>
</comp>

<comp id="190" class="1004" name="dividend_135_reload_read_read_fu_190">
<pin_list>
<pin id="191" dir="0" index="0" bw="1" slack="0"/>
<pin id="192" dir="0" index="1" bw="1" slack="0"/>
<pin id="193" dir="1" index="2" bw="1" slack="0"/>
</pin_list>
<bind>
<opcode="read(1150) " fcode="read"/>
<opset="dividend_135_reload_read/1 "/>
</bind>
</comp>

<comp id="196" class="1004" name="dividend_134_reload_read_read_fu_196">
<pin_list>
<pin id="197" dir="0" index="0" bw="1" slack="0"/>
<pin id="198" dir="0" index="1" bw="1" slack="0"/>
<pin id="199" dir="1" index="2" bw="1" slack="0"/>
</pin_list>
<bind>
<opcode="read(1150) " fcode="read"/>
<opset="dividend_134_reload_read/1 "/>
</bind>
</comp>

<comp id="202" class="1004" name="dividend_133_reload_read_read_fu_202">
<pin_list>
<pin id="203" dir="0" index="0" bw="1" slack="0"/>
<pin id="204" dir="0" index="1" bw="1" slack="0"/>
<pin id="205" dir="1" index="2" bw="1" slack="0"/>
</pin_list>
<bind>
<opcode="read(1150) " fcode="read"/>
<opset="dividend_133_reload_read/1 "/>
</bind>
</comp>

<comp id="208" class="1004" name="dividend_132_reload_read_read_fu_208">
<pin_list>
<pin id="209" dir="0" index="0" bw="1" slack="0"/>
<pin id="210" dir="0" index="1" bw="1" slack="0"/>
<pin id="211" dir="1" index="2" bw="1" slack="0"/>
</pin_list>
<bind>
<opcode="read(1150) " fcode="read"/>
<opset="dividend_132_reload_read/1 "/>
</bind>
</comp>

<comp id="214" class="1004" name="dividend_131_reload_read_read_fu_214">
<pin_list>
<pin id="215" dir="0" index="0" bw="1" slack="0"/>
<pin id="216" dir="0" index="1" bw="1" slack="0"/>
<pin id="217" dir="1" index="2" bw="1" slack="0"/>
</pin_list>
<bind>
<opcode="read(1150) " fcode="read"/>
<opset="dividend_131_reload_read/1 "/>
</bind>
</comp>

<comp id="220" class="1004" name="dividend_130_reload_read_read_fu_220">
<pin_list>
<pin id="221" dir="0" index="0" bw="1" slack="0"/>
<pin id="222" dir="0" index="1" bw="1" slack="0"/>
<pin id="223" dir="1" index="2" bw="1" slack="0"/>
</pin_list>
<bind>
<opcode="read(1150) " fcode="read"/>
<opset="dividend_130_reload_read/1 "/>
</bind>
</comp>

<comp id="226" class="1004" name="dividend_129_reload_read_read_fu_226">
<pin_list>
<pin id="227" dir="0" index="0" bw="1" slack="0"/>
<pin id="228" dir="0" index="1" bw="1" slack="0"/>
<pin id="229" dir="1" index="2" bw="1" slack="0"/>
</pin_list>
<bind>
<opcode="read(1150) " fcode="read"/>
<opset="dividend_129_reload_read/1 "/>
</bind>
</comp>

<comp id="232" class="1004" name="dividend_128_reload_read_read_fu_232">
<pin_list>
<pin id="233" dir="0" index="0" bw="1" slack="0"/>
<pin id="234" dir="0" index="1" bw="1" slack="0"/>
<pin id="235" dir="1" index="2" bw="1" slack="0"/>
</pin_list>
<bind>
<opcode="read(1150) " fcode="read"/>
<opset="dividend_128_reload_read/1 "/>
</bind>
</comp>

<comp id="238" class="1004" name="dividend_127_reload_read_read_fu_238">
<pin_list>
<pin id="239" dir="0" index="0" bw="1" slack="0"/>
<pin id="240" dir="0" index="1" bw="1" slack="0"/>
<pin id="241" dir="1" index="2" bw="1" slack="0"/>
</pin_list>
<bind>
<opcode="read(1150) " fcode="read"/>
<opset="dividend_127_reload_read/1 "/>
</bind>
</comp>

<comp id="244" class="1004" name="dividend_126_reload_read_read_fu_244">
<pin_list>
<pin id="245" dir="0" index="0" bw="1" slack="0"/>
<pin id="246" dir="0" index="1" bw="1" slack="0"/>
<pin id="247" dir="1" index="2" bw="1" slack="0"/>
</pin_list>
<bind>
<opcode="read(1150) " fcode="read"/>
<opset="dividend_126_reload_read/1 "/>
</bind>
</comp>

<comp id="250" class="1004" name="dividend_125_reload_read_read_fu_250">
<pin_list>
<pin id="251" dir="0" index="0" bw="1" slack="0"/>
<pin id="252" dir="0" index="1" bw="1" slack="0"/>
<pin id="253" dir="1" index="2" bw="1" slack="0"/>
</pin_list>
<bind>
<opcode="read(1150) " fcode="read"/>
<opset="dividend_125_reload_read/1 "/>
</bind>
</comp>

<comp id="256" class="1004" name="dividend_124_reload_read_read_fu_256">
<pin_list>
<pin id="257" dir="0" index="0" bw="1" slack="0"/>
<pin id="258" dir="0" index="1" bw="1" slack="0"/>
<pin id="259" dir="1" index="2" bw="1" slack="0"/>
</pin_list>
<bind>
<opcode="read(1150) " fcode="read"/>
<opset="dividend_124_reload_read/1 "/>
</bind>
</comp>

<comp id="262" class="1004" name="dividend_123_reload_read_read_fu_262">
<pin_list>
<pin id="263" dir="0" index="0" bw="1" slack="0"/>
<pin id="264" dir="0" index="1" bw="1" slack="0"/>
<pin id="265" dir="1" index="2" bw="1" slack="0"/>
</pin_list>
<bind>
<opcode="read(1150) " fcode="read"/>
<opset="dividend_123_reload_read/1 "/>
</bind>
</comp>

<comp id="268" class="1004" name="dividend_122_reload_read_read_fu_268">
<pin_list>
<pin id="269" dir="0" index="0" bw="1" slack="0"/>
<pin id="270" dir="0" index="1" bw="1" slack="0"/>
<pin id="271" dir="1" index="2" bw="1" slack="0"/>
</pin_list>
<bind>
<opcode="read(1150) " fcode="read"/>
<opset="dividend_122_reload_read/1 "/>
</bind>
</comp>

<comp id="274" class="1004" name="dividend_121_reload_read_read_fu_274">
<pin_list>
<pin id="275" dir="0" index="0" bw="1" slack="0"/>
<pin id="276" dir="0" index="1" bw="1" slack="0"/>
<pin id="277" dir="1" index="2" bw="1" slack="0"/>
</pin_list>
<bind>
<opcode="read(1150) " fcode="read"/>
<opset="dividend_121_reload_read/1 "/>
</bind>
</comp>

<comp id="280" class="1004" name="dividend_120_reload_read_read_fu_280">
<pin_list>
<pin id="281" dir="0" index="0" bw="1" slack="0"/>
<pin id="282" dir="0" index="1" bw="1" slack="0"/>
<pin id="283" dir="1" index="2" bw="1" slack="0"/>
</pin_list>
<bind>
<opcode="read(1150) " fcode="read"/>
<opset="dividend_120_reload_read/1 "/>
</bind>
</comp>

<comp id="286" class="1004" name="dividend_119_reload_read_read_fu_286">
<pin_list>
<pin id="287" dir="0" index="0" bw="1" slack="0"/>
<pin id="288" dir="0" index="1" bw="1" slack="0"/>
<pin id="289" dir="1" index="2" bw="1" slack="0"/>
</pin_list>
<bind>
<opcode="read(1150) " fcode="read"/>
<opset="dividend_119_reload_read/1 "/>
</bind>
</comp>

<comp id="292" class="1004" name="dividend_118_reload_read_read_fu_292">
<pin_list>
<pin id="293" dir="0" index="0" bw="1" slack="0"/>
<pin id="294" dir="0" index="1" bw="1" slack="0"/>
<pin id="295" dir="1" index="2" bw="1" slack="0"/>
</pin_list>
<bind>
<opcode="read(1150) " fcode="read"/>
<opset="dividend_118_reload_read/1 "/>
</bind>
</comp>

<comp id="298" class="1004" name="dividend_117_reload_read_read_fu_298">
<pin_list>
<pin id="299" dir="0" index="0" bw="1" slack="0"/>
<pin id="300" dir="0" index="1" bw="1" slack="0"/>
<pin id="301" dir="1" index="2" bw="1" slack="0"/>
</pin_list>
<bind>
<opcode="read(1150) " fcode="read"/>
<opset="dividend_117_reload_read/1 "/>
</bind>
</comp>

<comp id="304" class="1004" name="dividend_116_reload_read_read_fu_304">
<pin_list>
<pin id="305" dir="0" index="0" bw="1" slack="0"/>
<pin id="306" dir="0" index="1" bw="1" slack="0"/>
<pin id="307" dir="1" index="2" bw="1" slack="0"/>
</pin_list>
<bind>
<opcode="read(1150) " fcode="read"/>
<opset="dividend_116_reload_read/1 "/>
</bind>
</comp>

<comp id="310" class="1004" name="dividend_115_reload_read_read_fu_310">
<pin_list>
<pin id="311" dir="0" index="0" bw="1" slack="0"/>
<pin id="312" dir="0" index="1" bw="1" slack="0"/>
<pin id="313" dir="1" index="2" bw="1" slack="0"/>
</pin_list>
<bind>
<opcode="read(1150) " fcode="read"/>
<opset="dividend_115_reload_read/1 "/>
</bind>
</comp>

<comp id="316" class="1004" name="dividend_114_reload_read_read_fu_316">
<pin_list>
<pin id="317" dir="0" index="0" bw="1" slack="0"/>
<pin id="318" dir="0" index="1" bw="1" slack="0"/>
<pin id="319" dir="1" index="2" bw="1" slack="0"/>
</pin_list>
<bind>
<opcode="read(1150) " fcode="read"/>
<opset="dividend_114_reload_read/1 "/>
</bind>
</comp>

<comp id="322" class="1004" name="dividend_113_reload_read_read_fu_322">
<pin_list>
<pin id="323" dir="0" index="0" bw="1" slack="0"/>
<pin id="324" dir="0" index="1" bw="1" slack="0"/>
<pin id="325" dir="1" index="2" bw="1" slack="0"/>
</pin_list>
<bind>
<opcode="read(1150) " fcode="read"/>
<opset="dividend_113_reload_read/1 "/>
</bind>
</comp>

<comp id="328" class="1004" name="dividend_112_reload_read_read_fu_328">
<pin_list>
<pin id="329" dir="0" index="0" bw="1" slack="0"/>
<pin id="330" dir="0" index="1" bw="1" slack="0"/>
<pin id="331" dir="1" index="2" bw="1" slack="0"/>
</pin_list>
<bind>
<opcode="read(1150) " fcode="read"/>
<opset="dividend_112_reload_read/1 "/>
</bind>
</comp>

<comp id="334" class="1004" name="dividend_111_reload_read_read_fu_334">
<pin_list>
<pin id="335" dir="0" index="0" bw="1" slack="0"/>
<pin id="336" dir="0" index="1" bw="1" slack="0"/>
<pin id="337" dir="1" index="2" bw="1" slack="0"/>
</pin_list>
<bind>
<opcode="read(1150) " fcode="read"/>
<opset="dividend_111_reload_read/1 "/>
</bind>
</comp>

<comp id="340" class="1004" name="dividend_110_reload_read_read_fu_340">
<pin_list>
<pin id="341" dir="0" index="0" bw="1" slack="0"/>
<pin id="342" dir="0" index="1" bw="1" slack="0"/>
<pin id="343" dir="1" index="2" bw="1" slack="0"/>
</pin_list>
<bind>
<opcode="read(1150) " fcode="read"/>
<opset="dividend_110_reload_read/1 "/>
</bind>
</comp>

<comp id="346" class="1004" name="dividend_109_reload_read_read_fu_346">
<pin_list>
<pin id="347" dir="0" index="0" bw="1" slack="0"/>
<pin id="348" dir="0" index="1" bw="1" slack="0"/>
<pin id="349" dir="1" index="2" bw="1" slack="0"/>
</pin_list>
<bind>
<opcode="read(1150) " fcode="read"/>
<opset="dividend_109_reload_read/1 "/>
</bind>
</comp>

<comp id="352" class="1004" name="dividend_108_reload_read_read_fu_352">
<pin_list>
<pin id="353" dir="0" index="0" bw="1" slack="0"/>
<pin id="354" dir="0" index="1" bw="1" slack="0"/>
<pin id="355" dir="1" index="2" bw="1" slack="0"/>
</pin_list>
<bind>
<opcode="read(1150) " fcode="read"/>
<opset="dividend_108_reload_read/1 "/>
</bind>
</comp>

<comp id="358" class="1004" name="dividend_107_reload_read_read_fu_358">
<pin_list>
<pin id="359" dir="0" index="0" bw="1" slack="0"/>
<pin id="360" dir="0" index="1" bw="1" slack="0"/>
<pin id="361" dir="1" index="2" bw="1" slack="0"/>
</pin_list>
<bind>
<opcode="read(1150) " fcode="read"/>
<opset="dividend_107_reload_read/1 "/>
</bind>
</comp>

<comp id="364" class="1004" name="dividend_106_reload_read_read_fu_364">
<pin_list>
<pin id="365" dir="0" index="0" bw="1" slack="0"/>
<pin id="366" dir="0" index="1" bw="1" slack="0"/>
<pin id="367" dir="1" index="2" bw="1" slack="0"/>
</pin_list>
<bind>
<opcode="read(1150) " fcode="read"/>
<opset="dividend_106_reload_read/1 "/>
</bind>
</comp>

<comp id="370" class="1004" name="dividend_105_reload_read_read_fu_370">
<pin_list>
<pin id="371" dir="0" index="0" bw="1" slack="0"/>
<pin id="372" dir="0" index="1" bw="1" slack="0"/>
<pin id="373" dir="1" index="2" bw="1" slack="0"/>
</pin_list>
<bind>
<opcode="read(1150) " fcode="read"/>
<opset="dividend_105_reload_read/1 "/>
</bind>
</comp>

<comp id="376" class="1004" name="dividend_104_reload_read_read_fu_376">
<pin_list>
<pin id="377" dir="0" index="0" bw="1" slack="0"/>
<pin id="378" dir="0" index="1" bw="1" slack="0"/>
<pin id="379" dir="1" index="2" bw="1" slack="0"/>
</pin_list>
<bind>
<opcode="read(1150) " fcode="read"/>
<opset="dividend_104_reload_read/1 "/>
</bind>
</comp>

<comp id="382" class="1004" name="dividend_103_reload_read_read_fu_382">
<pin_list>
<pin id="383" dir="0" index="0" bw="1" slack="0"/>
<pin id="384" dir="0" index="1" bw="1" slack="0"/>
<pin id="385" dir="1" index="2" bw="1" slack="0"/>
</pin_list>
<bind>
<opcode="read(1150) " fcode="read"/>
<opset="dividend_103_reload_read/1 "/>
</bind>
</comp>

<comp id="388" class="1004" name="dividend_102_reload_read_read_fu_388">
<pin_list>
<pin id="389" dir="0" index="0" bw="1" slack="0"/>
<pin id="390" dir="0" index="1" bw="1" slack="0"/>
<pin id="391" dir="1" index="2" bw="1" slack="0"/>
</pin_list>
<bind>
<opcode="read(1150) " fcode="read"/>
<opset="dividend_102_reload_read/1 "/>
</bind>
</comp>

<comp id="394" class="1004" name="dividend_101_reload_read_read_fu_394">
<pin_list>
<pin id="395" dir="0" index="0" bw="1" slack="0"/>
<pin id="396" dir="0" index="1" bw="1" slack="0"/>
<pin id="397" dir="1" index="2" bw="1" slack="0"/>
</pin_list>
<bind>
<opcode="read(1150) " fcode="read"/>
<opset="dividend_101_reload_read/1 "/>
</bind>
</comp>

<comp id="400" class="1004" name="dividend_100_reload_read_read_fu_400">
<pin_list>
<pin id="401" dir="0" index="0" bw="1" slack="0"/>
<pin id="402" dir="0" index="1" bw="1" slack="0"/>
<pin id="403" dir="1" index="2" bw="1" slack="0"/>
</pin_list>
<bind>
<opcode="read(1150) " fcode="read"/>
<opset="dividend_100_reload_read/1 "/>
</bind>
</comp>

<comp id="406" class="1004" name="dividend_99_reload_read_read_fu_406">
<pin_list>
<pin id="407" dir="0" index="0" bw="1" slack="0"/>
<pin id="408" dir="0" index="1" bw="1" slack="0"/>
<pin id="409" dir="1" index="2" bw="1" slack="0"/>
</pin_list>
<bind>
<opcode="read(1150) " fcode="read"/>
<opset="dividend_99_reload_read/1 "/>
</bind>
</comp>

<comp id="412" class="1004" name="dividend_98_reload_read_read_fu_412">
<pin_list>
<pin id="413" dir="0" index="0" bw="1" slack="0"/>
<pin id="414" dir="0" index="1" bw="1" slack="0"/>
<pin id="415" dir="1" index="2" bw="1" slack="0"/>
</pin_list>
<bind>
<opcode="read(1150) " fcode="read"/>
<opset="dividend_98_reload_read/1 "/>
</bind>
</comp>

<comp id="418" class="1004" name="dividend_97_reload_read_read_fu_418">
<pin_list>
<pin id="419" dir="0" index="0" bw="1" slack="0"/>
<pin id="420" dir="0" index="1" bw="1" slack="0"/>
<pin id="421" dir="1" index="2" bw="1" slack="0"/>
</pin_list>
<bind>
<opcode="read(1150) " fcode="read"/>
<opset="dividend_97_reload_read/1 "/>
</bind>
</comp>

<comp id="424" class="1004" name="dividend_48_reload_read_read_fu_424">
<pin_list>
<pin id="425" dir="0" index="0" bw="1" slack="0"/>
<pin id="426" dir="0" index="1" bw="1" slack="0"/>
<pin id="427" dir="1" index="2" bw="1" slack="0"/>
</pin_list>
<bind>
<opcode="read(1150) " fcode="read"/>
<opset="dividend_48_reload_read/1 "/>
</bind>
</comp>

<comp id="430" class="1004" name="grp_write_fu_430">
<pin_list>
<pin id="431" dir="0" index="0" bw="0" slack="0"/>
<pin id="432" dir="0" index="1" bw="6" slack="0"/>
<pin id="433" dir="0" index="2" bw="6" slack="0"/>
<pin id="434" dir="1" index="3" bw="0" slack="2147483647"/>
</pin_list>
<bind>
<opcode="write(1151) " fcode="write"/>
<opset="write_ln47/1 write_ln0/1 "/>
</bind>
</comp>

<comp id="437" class="1004" name="grp_write_fu_437">
<pin_list>
<pin id="438" dir="0" index="0" bw="0" slack="0"/>
<pin id="439" dir="0" index="1" bw="1" slack="0"/>
<pin id="440" dir="0" index="2" bw="1" slack="0"/>
<pin id="441" dir="1" index="3" bw="0" slack="2147483647"/>
</pin_list>
<bind>
<opcode="write(1151) " fcode="write"/>
<opset="write_ln0/1 write_ln0/1 "/>
</bind>
</comp>

<comp id="447" class="1005" name="UnifiedRetVal_reg_447">
<pin_list>
<pin id="448" dir="0" index="0" bw="1" slack="2147483647"/>
<pin id="449" dir="1" index="1" bw="1" slack="2147483647"/>
</pin_list>
<bind>
<opset="UnifiedRetVal (phireg) "/>
</bind>
</comp>

<comp id="450" class="1004" name="UnifiedRetVal_phi_fu_450">
<pin_list>
<pin id="451" dir="0" index="0" bw="1" slack="0"/>
<pin id="452" dir="0" index="1" bw="0" slack="2147483647"/>
<pin id="453" dir="0" index="2" bw="1" slack="0"/>
<pin id="454" dir="0" index="3" bw="0" slack="2147483647"/>
<pin id="455" dir="1" index="4" bw="1" slack="2147483647"/>
</pin_list>
<bind>
<opcode="phi(47) " fcode="phi"/>
<opset="UnifiedRetVal/1 "/>
</bind>
</comp>

<comp id="458" class="1004" name="store_ln0_store_fu_458">
<pin_list>
<pin id="459" dir="0" index="0" bw="1" slack="0"/>
<pin id="460" dir="0" index="1" bw="6" slack="0"/>
<pin id="461" dir="1" index="2" bw="0" slack="2147483647"/>
</pin_list>
<bind>
<opcode="store(28) " fcode="store"/>
<opset="store_ln0/1 "/>
</bind>
</comp>

<comp id="463" class="1004" name="startIdx_1_load_fu_463">
<pin_list>
<pin id="464" dir="0" index="0" bw="6" slack="0"/>
<pin id="465" dir="1" index="1" bw="6" slack="0"/>
</pin_list>
<bind>
<opcode="load(27) " fcode="load"/>
<opset="startIdx_1/1 "/>
</bind>
</comp>

<comp id="467" class="1004" name="icmp_ln45_fu_467">
<pin_list>
<pin id="468" dir="0" index="0" bw="6" slack="0"/>
<pin id="469" dir="0" index="1" bw="5" slack="0"/>
<pin id="470" dir="1" index="2" bw="1" slack="2147483647"/>
</pin_list>
<bind>
<opcode="icmp(45) " fcode="icmp"/>
<opset="icmp_ln45/1 "/>
</bind>
</comp>

<comp id="473" class="1004" name="add_ln47_fu_473">
<pin_list>
<pin id="474" dir="0" index="0" bw="6" slack="0"/>
<pin id="475" dir="0" index="1" bw="1" slack="0"/>
<pin id="476" dir="1" index="2" bw="6" slack="0"/>
</pin_list>
<bind>
<opcode="add(8) " fcode="add"/>
<opset="add_ln47/1 "/>
</bind>
</comp>

<comp id="479" class="1004" name="tmp_1_fu_479">
<pin_list>
<pin id="480" dir="0" index="0" bw="1" slack="0"/>
<pin id="481" dir="0" index="1" bw="1" slack="0"/>
<pin id="482" dir="0" index="2" bw="1" slack="0"/>
<pin id="483" dir="0" index="3" bw="1" slack="0"/>
<pin id="484" dir="0" index="4" bw="1" slack="0"/>
<pin id="485" dir="0" index="5" bw="1" slack="0"/>
<pin id="486" dir="0" index="6" bw="1" slack="0"/>
<pin id="487" dir="0" index="7" bw="1" slack="0"/>
<pin id="488" dir="0" index="8" bw="1" slack="0"/>
<pin id="489" dir="0" index="9" bw="1" slack="0"/>
<pin id="490" dir="0" index="10" bw="1" slack="0"/>
<pin id="491" dir="0" index="11" bw="1" slack="0"/>
<pin id="492" dir="0" index="12" bw="1" slack="0"/>
<pin id="493" dir="0" index="13" bw="1" slack="0"/>
<pin id="494" dir="0" index="14" bw="1" slack="0"/>
<pin id="495" dir="0" index="15" bw="1" slack="0"/>
<pin id="496" dir="0" index="16" bw="1" slack="0"/>
<pin id="497" dir="0" index="17" bw="1" slack="0"/>
<pin id="498" dir="0" index="18" bw="1" slack="0"/>
<pin id="499" dir="0" index="19" bw="1" slack="0"/>
<pin id="500" dir="0" index="20" bw="1" slack="0"/>
<pin id="501" dir="0" index="21" bw="1" slack="0"/>
<pin id="502" dir="0" index="22" bw="1" slack="0"/>
<pin id="503" dir="0" index="23" bw="1" slack="0"/>
<pin id="504" dir="0" index="24" bw="1" slack="0"/>
<pin id="505" dir="0" index="25" bw="1" slack="0"/>
<pin id="506" dir="0" index="26" bw="1" slack="0"/>
<pin id="507" dir="0" index="27" bw="1" slack="0"/>
<pin id="508" dir="0" index="28" bw="1" slack="0"/>
<pin id="509" dir="0" index="29" bw="1" slack="0"/>
<pin id="510" dir="0" index="30" bw="1" slack="0"/>
<pin id="511" dir="0" index="31" bw="1" slack="0"/>
<pin id="512" dir="0" index="32" bw="1" slack="0"/>
<pin id="513" dir="0" index="33" bw="1" slack="0"/>
<pin id="514" dir="0" index="34" bw="1" slack="0"/>
<pin id="515" dir="0" index="35" bw="1" slack="0"/>
<pin id="516" dir="0" index="36" bw="1" slack="0"/>
<pin id="517" dir="0" index="37" bw="1" slack="0"/>
<pin id="518" dir="0" index="38" bw="1" slack="0"/>
<pin id="519" dir="0" index="39" bw="1" slack="0"/>
<pin id="520" dir="0" index="40" bw="1" slack="0"/>
<pin id="521" dir="0" index="41" bw="1" slack="0"/>
<pin id="522" dir="0" index="42" bw="1" slack="0"/>
<pin id="523" dir="0" index="43" bw="1" slack="0"/>
<pin id="524" dir="0" index="44" bw="1" slack="0"/>
<pin id="525" dir="0" index="45" bw="1" slack="0"/>
<pin id="526" dir="0" index="46" bw="1" slack="0"/>
<pin id="527" dir="0" index="47" bw="1" slack="0"/>
<pin id="528" dir="0" index="48" bw="1" slack="0"/>
<pin id="529" dir="0" index="49" bw="6" slack="0"/>
<pin id="530" dir="1" index="50" bw="1" slack="2147483647"/>
</pin_list>
<bind>
<opcode="mux(1196) " fcode="mux"/>
<opset="tmp_1/1 "/>
</bind>
</comp>

<comp id="581" class="1004" name="store_ln45_store_fu_581">
<pin_list>
<pin id="582" dir="0" index="0" bw="6" slack="0"/>
<pin id="583" dir="0" index="1" bw="6" slack="0"/>
<pin id="584" dir="1" index="2" bw="0" slack="2147483647"/>
</pin_list>
<bind>
<opcode="store(28) " fcode="store"/>
<opset="store_ln45/1 "/>
</bind>
</comp>

<comp id="586" class="1005" name="startIdx_reg_586">
<pin_list>
<pin id="587" dir="0" index="0" bw="6" slack="0"/>
<pin id="588" dir="1" index="1" bw="6" slack="0"/>
</pin_list>
<bind>
<opset="startIdx "/>
</bind>
</comp>

</comp_list>

<net_list>
<net id="141"><net_src comp="100" pin="0"/><net_sink comp="138" pin=0"/></net>

<net id="146"><net_src comp="102" pin="0"/><net_sink comp="142" pin=0"/></net>

<net id="147"><net_src comp="94" pin="0"/><net_sink comp="142" pin=1"/></net>

<net id="152"><net_src comp="102" pin="0"/><net_sink comp="148" pin=0"/></net>

<net id="153"><net_src comp="92" pin="0"/><net_sink comp="148" pin=1"/></net>

<net id="158"><net_src comp="102" pin="0"/><net_sink comp="154" pin=0"/></net>

<net id="159"><net_src comp="90" pin="0"/><net_sink comp="154" pin=1"/></net>

<net id="164"><net_src comp="102" pin="0"/><net_sink comp="160" pin=0"/></net>

<net id="165"><net_src comp="88" pin="0"/><net_sink comp="160" pin=1"/></net>

<net id="170"><net_src comp="102" pin="0"/><net_sink comp="166" pin=0"/></net>

<net id="171"><net_src comp="86" pin="0"/><net_sink comp="166" pin=1"/></net>

<net id="176"><net_src comp="102" pin="0"/><net_sink comp="172" pin=0"/></net>

<net id="177"><net_src comp="84" pin="0"/><net_sink comp="172" pin=1"/></net>

<net id="182"><net_src comp="102" pin="0"/><net_sink comp="178" pin=0"/></net>

<net id="183"><net_src comp="82" pin="0"/><net_sink comp="178" pin=1"/></net>

<net id="188"><net_src comp="102" pin="0"/><net_sink comp="184" pin=0"/></net>

<net id="189"><net_src comp="80" pin="0"/><net_sink comp="184" pin=1"/></net>

<net id="194"><net_src comp="102" pin="0"/><net_sink comp="190" pin=0"/></net>

<net id="195"><net_src comp="78" pin="0"/><net_sink comp="190" pin=1"/></net>

<net id="200"><net_src comp="102" pin="0"/><net_sink comp="196" pin=0"/></net>

<net id="201"><net_src comp="76" pin="0"/><net_sink comp="196" pin=1"/></net>

<net id="206"><net_src comp="102" pin="0"/><net_sink comp="202" pin=0"/></net>

<net id="207"><net_src comp="74" pin="0"/><net_sink comp="202" pin=1"/></net>

<net id="212"><net_src comp="102" pin="0"/><net_sink comp="208" pin=0"/></net>

<net id="213"><net_src comp="72" pin="0"/><net_sink comp="208" pin=1"/></net>

<net id="218"><net_src comp="102" pin="0"/><net_sink comp="214" pin=0"/></net>

<net id="219"><net_src comp="70" pin="0"/><net_sink comp="214" pin=1"/></net>

<net id="224"><net_src comp="102" pin="0"/><net_sink comp="220" pin=0"/></net>

<net id="225"><net_src comp="68" pin="0"/><net_sink comp="220" pin=1"/></net>

<net id="230"><net_src comp="102" pin="0"/><net_sink comp="226" pin=0"/></net>

<net id="231"><net_src comp="66" pin="0"/><net_sink comp="226" pin=1"/></net>

<net id="236"><net_src comp="102" pin="0"/><net_sink comp="232" pin=0"/></net>

<net id="237"><net_src comp="64" pin="0"/><net_sink comp="232" pin=1"/></net>

<net id="242"><net_src comp="102" pin="0"/><net_sink comp="238" pin=0"/></net>

<net id="243"><net_src comp="62" pin="0"/><net_sink comp="238" pin=1"/></net>

<net id="248"><net_src comp="102" pin="0"/><net_sink comp="244" pin=0"/></net>

<net id="249"><net_src comp="60" pin="0"/><net_sink comp="244" pin=1"/></net>

<net id="254"><net_src comp="102" pin="0"/><net_sink comp="250" pin=0"/></net>

<net id="255"><net_src comp="58" pin="0"/><net_sink comp="250" pin=1"/></net>

<net id="260"><net_src comp="102" pin="0"/><net_sink comp="256" pin=0"/></net>

<net id="261"><net_src comp="56" pin="0"/><net_sink comp="256" pin=1"/></net>

<net id="266"><net_src comp="102" pin="0"/><net_sink comp="262" pin=0"/></net>

<net id="267"><net_src comp="54" pin="0"/><net_sink comp="262" pin=1"/></net>

<net id="272"><net_src comp="102" pin="0"/><net_sink comp="268" pin=0"/></net>

<net id="273"><net_src comp="52" pin="0"/><net_sink comp="268" pin=1"/></net>

<net id="278"><net_src comp="102" pin="0"/><net_sink comp="274" pin=0"/></net>

<net id="279"><net_src comp="50" pin="0"/><net_sink comp="274" pin=1"/></net>

<net id="284"><net_src comp="102" pin="0"/><net_sink comp="280" pin=0"/></net>

<net id="285"><net_src comp="48" pin="0"/><net_sink comp="280" pin=1"/></net>

<net id="290"><net_src comp="102" pin="0"/><net_sink comp="286" pin=0"/></net>

<net id="291"><net_src comp="46" pin="0"/><net_sink comp="286" pin=1"/></net>

<net id="296"><net_src comp="102" pin="0"/><net_sink comp="292" pin=0"/></net>

<net id="297"><net_src comp="44" pin="0"/><net_sink comp="292" pin=1"/></net>

<net id="302"><net_src comp="102" pin="0"/><net_sink comp="298" pin=0"/></net>

<net id="303"><net_src comp="42" pin="0"/><net_sink comp="298" pin=1"/></net>

<net id="308"><net_src comp="102" pin="0"/><net_sink comp="304" pin=0"/></net>

<net id="309"><net_src comp="40" pin="0"/><net_sink comp="304" pin=1"/></net>

<net id="314"><net_src comp="102" pin="0"/><net_sink comp="310" pin=0"/></net>

<net id="315"><net_src comp="38" pin="0"/><net_sink comp="310" pin=1"/></net>

<net id="320"><net_src comp="102" pin="0"/><net_sink comp="316" pin=0"/></net>

<net id="321"><net_src comp="36" pin="0"/><net_sink comp="316" pin=1"/></net>

<net id="326"><net_src comp="102" pin="0"/><net_sink comp="322" pin=0"/></net>

<net id="327"><net_src comp="34" pin="0"/><net_sink comp="322" pin=1"/></net>

<net id="332"><net_src comp="102" pin="0"/><net_sink comp="328" pin=0"/></net>

<net id="333"><net_src comp="32" pin="0"/><net_sink comp="328" pin=1"/></net>

<net id="338"><net_src comp="102" pin="0"/><net_sink comp="334" pin=0"/></net>

<net id="339"><net_src comp="30" pin="0"/><net_sink comp="334" pin=1"/></net>

<net id="344"><net_src comp="102" pin="0"/><net_sink comp="340" pin=0"/></net>

<net id="345"><net_src comp="28" pin="0"/><net_sink comp="340" pin=1"/></net>

<net id="350"><net_src comp="102" pin="0"/><net_sink comp="346" pin=0"/></net>

<net id="351"><net_src comp="26" pin="0"/><net_sink comp="346" pin=1"/></net>

<net id="356"><net_src comp="102" pin="0"/><net_sink comp="352" pin=0"/></net>

<net id="357"><net_src comp="24" pin="0"/><net_sink comp="352" pin=1"/></net>

<net id="362"><net_src comp="102" pin="0"/><net_sink comp="358" pin=0"/></net>

<net id="363"><net_src comp="22" pin="0"/><net_sink comp="358" pin=1"/></net>

<net id="368"><net_src comp="102" pin="0"/><net_sink comp="364" pin=0"/></net>

<net id="369"><net_src comp="20" pin="0"/><net_sink comp="364" pin=1"/></net>

<net id="374"><net_src comp="102" pin="0"/><net_sink comp="370" pin=0"/></net>

<net id="375"><net_src comp="18" pin="0"/><net_sink comp="370" pin=1"/></net>

<net id="380"><net_src comp="102" pin="0"/><net_sink comp="376" pin=0"/></net>

<net id="381"><net_src comp="16" pin="0"/><net_sink comp="376" pin=1"/></net>

<net id="386"><net_src comp="102" pin="0"/><net_sink comp="382" pin=0"/></net>

<net id="387"><net_src comp="14" pin="0"/><net_sink comp="382" pin=1"/></net>

<net id="392"><net_src comp="102" pin="0"/><net_sink comp="388" pin=0"/></net>

<net id="393"><net_src comp="12" pin="0"/><net_sink comp="388" pin=1"/></net>

<net id="398"><net_src comp="102" pin="0"/><net_sink comp="394" pin=0"/></net>

<net id="399"><net_src comp="10" pin="0"/><net_sink comp="394" pin=1"/></net>

<net id="404"><net_src comp="102" pin="0"/><net_sink comp="400" pin=0"/></net>

<net id="405"><net_src comp="8" pin="0"/><net_sink comp="400" pin=1"/></net>

<net id="410"><net_src comp="102" pin="0"/><net_sink comp="406" pin=0"/></net>

<net id="411"><net_src comp="6" pin="0"/><net_sink comp="406" pin=1"/></net>

<net id="416"><net_src comp="102" pin="0"/><net_sink comp="412" pin=0"/></net>

<net id="417"><net_src comp="4" pin="0"/><net_sink comp="412" pin=1"/></net>

<net id="422"><net_src comp="102" pin="0"/><net_sink comp="418" pin=0"/></net>

<net id="423"><net_src comp="2" pin="0"/><net_sink comp="418" pin=1"/></net>

<net id="428"><net_src comp="102" pin="0"/><net_sink comp="424" pin=0"/></net>

<net id="429"><net_src comp="0" pin="0"/><net_sink comp="424" pin=1"/></net>

<net id="435"><net_src comp="130" pin="0"/><net_sink comp="430" pin=0"/></net>

<net id="436"><net_src comp="96" pin="0"/><net_sink comp="430" pin=1"/></net>

<net id="442"><net_src comp="132" pin="0"/><net_sink comp="437" pin=0"/></net>

<net id="443"><net_src comp="98" pin="0"/><net_sink comp="437" pin=1"/></net>

<net id="444"><net_src comp="134" pin="0"/><net_sink comp="437" pin=2"/></net>

<net id="445"><net_src comp="106" pin="0"/><net_sink comp="430" pin=2"/></net>

<net id="446"><net_src comp="136" pin="0"/><net_sink comp="437" pin=2"/></net>

<net id="456"><net_src comp="136" pin="0"/><net_sink comp="450" pin=0"/></net>

<net id="457"><net_src comp="134" pin="0"/><net_sink comp="450" pin=2"/></net>

<net id="462"><net_src comp="104" pin="0"/><net_sink comp="458" pin=0"/></net>

<net id="466"><net_src comp="463" pin="1"/><net_sink comp="430" pin=2"/></net>

<net id="471"><net_src comp="463" pin="1"/><net_sink comp="467" pin=0"/></net>

<net id="472"><net_src comp="106" pin="0"/><net_sink comp="467" pin=1"/></net>

<net id="477"><net_src comp="463" pin="1"/><net_sink comp="473" pin=0"/></net>

<net id="478"><net_src comp="116" pin="0"/><net_sink comp="473" pin=1"/></net>

<net id="531"><net_src comp="128" pin="0"/><net_sink comp="479" pin=0"/></net>

<net id="532"><net_src comp="424" pin="2"/><net_sink comp="479" pin=1"/></net>

<net id="533"><net_src comp="418" pin="2"/><net_sink comp="479" pin=2"/></net>

<net id="534"><net_src comp="412" pin="2"/><net_sink comp="479" pin=3"/></net>

<net id="535"><net_src comp="406" pin="2"/><net_sink comp="479" pin=4"/></net>

<net id="536"><net_src comp="400" pin="2"/><net_sink comp="479" pin=5"/></net>

<net id="537"><net_src comp="394" pin="2"/><net_sink comp="479" pin=6"/></net>

<net id="538"><net_src comp="388" pin="2"/><net_sink comp="479" pin=7"/></net>

<net id="539"><net_src comp="382" pin="2"/><net_sink comp="479" pin=8"/></net>

<net id="540"><net_src comp="376" pin="2"/><net_sink comp="479" pin=9"/></net>

<net id="541"><net_src comp="370" pin="2"/><net_sink comp="479" pin=10"/></net>

<net id="542"><net_src comp="364" pin="2"/><net_sink comp="479" pin=11"/></net>

<net id="543"><net_src comp="358" pin="2"/><net_sink comp="479" pin=12"/></net>

<net id="544"><net_src comp="352" pin="2"/><net_sink comp="479" pin=13"/></net>

<net id="545"><net_src comp="346" pin="2"/><net_sink comp="479" pin=14"/></net>

<net id="546"><net_src comp="340" pin="2"/><net_sink comp="479" pin=15"/></net>

<net id="547"><net_src comp="334" pin="2"/><net_sink comp="479" pin=16"/></net>

<net id="548"><net_src comp="328" pin="2"/><net_sink comp="479" pin=17"/></net>

<net id="549"><net_src comp="322" pin="2"/><net_sink comp="479" pin=18"/></net>

<net id="550"><net_src comp="316" pin="2"/><net_sink comp="479" pin=19"/></net>

<net id="551"><net_src comp="310" pin="2"/><net_sink comp="479" pin=20"/></net>

<net id="552"><net_src comp="304" pin="2"/><net_sink comp="479" pin=21"/></net>

<net id="553"><net_src comp="298" pin="2"/><net_sink comp="479" pin=22"/></net>

<net id="554"><net_src comp="292" pin="2"/><net_sink comp="479" pin=23"/></net>

<net id="555"><net_src comp="286" pin="2"/><net_sink comp="479" pin=24"/></net>

<net id="556"><net_src comp="280" pin="2"/><net_sink comp="479" pin=25"/></net>

<net id="557"><net_src comp="274" pin="2"/><net_sink comp="479" pin=26"/></net>

<net id="558"><net_src comp="268" pin="2"/><net_sink comp="479" pin=27"/></net>

<net id="559"><net_src comp="262" pin="2"/><net_sink comp="479" pin=28"/></net>

<net id="560"><net_src comp="256" pin="2"/><net_sink comp="479" pin=29"/></net>

<net id="561"><net_src comp="250" pin="2"/><net_sink comp="479" pin=30"/></net>

<net id="562"><net_src comp="244" pin="2"/><net_sink comp="479" pin=31"/></net>

<net id="563"><net_src comp="238" pin="2"/><net_sink comp="479" pin=32"/></net>

<net id="564"><net_src comp="232" pin="2"/><net_sink comp="479" pin=33"/></net>

<net id="565"><net_src comp="226" pin="2"/><net_sink comp="479" pin=34"/></net>

<net id="566"><net_src comp="220" pin="2"/><net_sink comp="479" pin=35"/></net>

<net id="567"><net_src comp="214" pin="2"/><net_sink comp="479" pin=36"/></net>

<net id="568"><net_src comp="208" pin="2"/><net_sink comp="479" pin=37"/></net>

<net id="569"><net_src comp="202" pin="2"/><net_sink comp="479" pin=38"/></net>

<net id="570"><net_src comp="196" pin="2"/><net_sink comp="479" pin=39"/></net>

<net id="571"><net_src comp="190" pin="2"/><net_sink comp="479" pin=40"/></net>

<net id="572"><net_src comp="184" pin="2"/><net_sink comp="479" pin=41"/></net>

<net id="573"><net_src comp="178" pin="2"/><net_sink comp="479" pin=42"/></net>

<net id="574"><net_src comp="172" pin="2"/><net_sink comp="479" pin=43"/></net>

<net id="575"><net_src comp="166" pin="2"/><net_sink comp="479" pin=44"/></net>

<net id="576"><net_src comp="160" pin="2"/><net_sink comp="479" pin=45"/></net>

<net id="577"><net_src comp="154" pin="2"/><net_sink comp="479" pin=46"/></net>

<net id="578"><net_src comp="148" pin="2"/><net_sink comp="479" pin=47"/></net>

<net id="579"><net_src comp="142" pin="2"/><net_sink comp="479" pin=48"/></net>

<net id="580"><net_src comp="463" pin="1"/><net_sink comp="479" pin=49"/></net>

<net id="585"><net_src comp="473" pin="2"/><net_sink comp="581" pin=0"/></net>

<net id="589"><net_src comp="138" pin="1"/><net_sink comp="586" pin=0"/></net>

<net id="590"><net_src comp="586" pin="1"/><net_sink comp="458" pin=1"/></net>

<net id="591"><net_src comp="586" pin="1"/><net_sink comp="463" pin=0"/></net>

<net id="592"><net_src comp="586" pin="1"/><net_sink comp="581" pin=1"/></net>

</net_list>

</model> 
---------------- Datapath Model END ------------------

* FSMD analyzer results:
  - Output states:
	Port: startIdx_out | {1 }
	Port: icmp_ln45_out | {1 }
 - Input state : 
	Port: crc24a_Pipeline_VITIS_LOOP_45_4 : dividend_48_reload | {1 }
	Port: crc24a_Pipeline_VITIS_LOOP_45_4 : dividend_97_reload | {1 }
	Port: crc24a_Pipeline_VITIS_LOOP_45_4 : dividend_98_reload | {1 }
	Port: crc24a_Pipeline_VITIS_LOOP_45_4 : dividend_99_reload | {1 }
	Port: crc24a_Pipeline_VITIS_LOOP_45_4 : dividend_100_reload | {1 }
	Port: crc24a_Pipeline_VITIS_LOOP_45_4 : dividend_101_reload | {1 }
	Port: crc24a_Pipeline_VITIS_LOOP_45_4 : dividend_102_reload | {1 }
	Port: crc24a_Pipeline_VITIS_LOOP_45_4 : dividend_103_reload | {1 }
	Port: crc24a_Pipeline_VITIS_LOOP_45_4 : dividend_104_reload | {1 }
	Port: crc24a_Pipeline_VITIS_LOOP_45_4 : dividend_105_reload | {1 }
	Port: crc24a_Pipeline_VITIS_LOOP_45_4 : dividend_106_reload | {1 }
	Port: crc24a_Pipeline_VITIS_LOOP_45_4 : dividend_107_reload | {1 }
	Port: crc24a_Pipeline_VITIS_LOOP_45_4 : dividend_108_reload | {1 }
	Port: crc24a_Pipeline_VITIS_LOOP_45_4 : dividend_109_reload | {1 }
	Port: crc24a_Pipeline_VITIS_LOOP_45_4 : dividend_110_reload | {1 }
	Port: crc24a_Pipeline_VITIS_LOOP_45_4 : dividend_111_reload | {1 }
	Port: crc24a_Pipeline_VITIS_LOOP_45_4 : dividend_112_reload | {1 }
	Port: crc24a_Pipeline_VITIS_LOOP_45_4 : dividend_113_reload | {1 }
	Port: crc24a_Pipeline_VITIS_LOOP_45_4 : dividend_114_reload | {1 }
	Port: crc24a_Pipeline_VITIS_LOOP_45_4 : dividend_115_reload | {1 }
	Port: crc24a_Pipeline_VITIS_LOOP_45_4 : dividend_116_reload | {1 }
	Port: crc24a_Pipeline_VITIS_LOOP_45_4 : dividend_117_reload | {1 }
	Port: crc24a_Pipeline_VITIS_LOOP_45_4 : dividend_118_reload | {1 }
	Port: crc24a_Pipeline_VITIS_LOOP_45_4 : dividend_119_reload | {1 }
	Port: crc24a_Pipeline_VITIS_LOOP_45_4 : dividend_120_reload | {1 }
	Port: crc24a_Pipeline_VITIS_LOOP_45_4 : dividend_121_reload | {1 }
	Port: crc24a_Pipeline_VITIS_LOOP_45_4 : dividend_122_reload | {1 }
	Port: crc24a_Pipeline_VITIS_LOOP_45_4 : dividend_123_reload | {1 }
	Port: crc24a_Pipeline_VITIS_LOOP_45_4 : dividend_124_reload | {1 }
	Port: crc24a_Pipeline_VITIS_LOOP_45_4 : dividend_125_reload | {1 }
	Port: crc24a_Pipeline_VITIS_LOOP_45_4 : dividend_126_reload | {1 }
	Port: crc24a_Pipeline_VITIS_LOOP_45_4 : dividend_127_reload | {1 }
	Port: crc24a_Pipeline_VITIS_LOOP_45_4 : dividend_128_reload | {1 }
	Port: crc24a_Pipeline_VITIS_LOOP_45_4 : dividend_129_reload | {1 }
	Port: crc24a_Pipeline_VITIS_LOOP_45_4 : dividend_130_reload | {1 }
	Port: crc24a_Pipeline_VITIS_LOOP_45_4 : dividend_131_reload | {1 }
	Port: crc24a_Pipeline_VITIS_LOOP_45_4 : dividend_132_reload | {1 }
	Port: crc24a_Pipeline_VITIS_LOOP_45_4 : dividend_133_reload | {1 }
	Port: crc24a_Pipeline_VITIS_LOOP_45_4 : dividend_134_reload | {1 }
	Port: crc24a_Pipeline_VITIS_LOOP_45_4 : dividend_135_reload | {1 }
	Port: crc24a_Pipeline_VITIS_LOOP_45_4 : dividend_136_reload | {1 }
	Port: crc24a_Pipeline_VITIS_LOOP_45_4 : dividend_137_reload | {1 }
	Port: crc24a_Pipeline_VITIS_LOOP_45_4 : dividend_138_reload | {1 }
	Port: crc24a_Pipeline_VITIS_LOOP_45_4 : dividend_139_reload | {1 }
	Port: crc24a_Pipeline_VITIS_LOOP_45_4 : dividend_140_reload | {1 }
	Port: crc24a_Pipeline_VITIS_LOOP_45_4 : dividend_141_reload | {1 }
	Port: crc24a_Pipeline_VITIS_LOOP_45_4 : dividend_142_reload | {1 }
	Port: crc24a_Pipeline_VITIS_LOOP_45_4 : dividend_143_reload | {1 }
  - Chain level:
	State 1
		store_ln0 : 1
		startIdx_1 : 1
		icmp_ln45 : 2
		add_ln47 : 2
		br_ln45 : 3
		tmp_1 : 2
		br_ln45 : 3
		store_ln45 : 3
		write_ln47 : 2
		UnifiedRetVal : 1
		ret_ln0 : 2


============================================================
+ Verbose Summary: Datapath Resource usage 
============================================================

* Functional unit list:
|----------|--------------------------------------|---------|---------|
| Operation|            Functional Unit           |    FF   |   LUT   |
|----------|--------------------------------------|---------|---------|
|    mux   |             tmp_1_fu_479             |    0    |   209   |
|----------|--------------------------------------|---------|---------|
|    add   |            add_ln47_fu_473           |    0    |    14   |
|----------|--------------------------------------|---------|---------|
|   icmp   |           icmp_ln45_fu_467           |    0    |    10   |
|----------|--------------------------------------|---------|---------|
|          | dividend_143_reload_read_read_fu_142 |    0    |    0    |
|          | dividend_142_reload_read_read_fu_148 |    0    |    0    |
|          | dividend_141_reload_read_read_fu_154 |    0    |    0    |
|          | dividend_140_reload_read_read_fu_160 |    0    |    0    |
|          | dividend_139_reload_read_read_fu_166 |    0    |    0    |
|          | dividend_138_reload_read_read_fu_172 |    0    |    0    |
|          | dividend_137_reload_read_read_fu_178 |    0    |    0    |
|          | dividend_136_reload_read_read_fu_184 |    0    |    0    |
|          | dividend_135_reload_read_read_fu_190 |    0    |    0    |
|          | dividend_134_reload_read_read_fu_196 |    0    |    0    |
|          | dividend_133_reload_read_read_fu_202 |    0    |    0    |
|          | dividend_132_reload_read_read_fu_208 |    0    |    0    |
|          | dividend_131_reload_read_read_fu_214 |    0    |    0    |
|          | dividend_130_reload_read_read_fu_220 |    0    |    0    |
|          | dividend_129_reload_read_read_fu_226 |    0    |    0    |
|          | dividend_128_reload_read_read_fu_232 |    0    |    0    |
|          | dividend_127_reload_read_read_fu_238 |    0    |    0    |
|          | dividend_126_reload_read_read_fu_244 |    0    |    0    |
|          | dividend_125_reload_read_read_fu_250 |    0    |    0    |
|          | dividend_124_reload_read_read_fu_256 |    0    |    0    |
|          | dividend_123_reload_read_read_fu_262 |    0    |    0    |
|          | dividend_122_reload_read_read_fu_268 |    0    |    0    |
|          | dividend_121_reload_read_read_fu_274 |    0    |    0    |
|   read   | dividend_120_reload_read_read_fu_280 |    0    |    0    |
|          | dividend_119_reload_read_read_fu_286 |    0    |    0    |
|          | dividend_118_reload_read_read_fu_292 |    0    |    0    |
|          | dividend_117_reload_read_read_fu_298 |    0    |    0    |
|          | dividend_116_reload_read_read_fu_304 |    0    |    0    |
|          | dividend_115_reload_read_read_fu_310 |    0    |    0    |
|          | dividend_114_reload_read_read_fu_316 |    0    |    0    |
|          | dividend_113_reload_read_read_fu_322 |    0    |    0    |
|          | dividend_112_reload_read_read_fu_328 |    0    |    0    |
|          | dividend_111_reload_read_read_fu_334 |    0    |    0    |
|          | dividend_110_reload_read_read_fu_340 |    0    |    0    |
|          | dividend_109_reload_read_read_fu_346 |    0    |    0    |
|          | dividend_108_reload_read_read_fu_352 |    0    |    0    |
|          | dividend_107_reload_read_read_fu_358 |    0    |    0    |
|          | dividend_106_reload_read_read_fu_364 |    0    |    0    |
|          | dividend_105_reload_read_read_fu_370 |    0    |    0    |
|          | dividend_104_reload_read_read_fu_376 |    0    |    0    |
|          | dividend_103_reload_read_read_fu_382 |    0    |    0    |
|          | dividend_102_reload_read_read_fu_388 |    0    |    0    |
|          | dividend_101_reload_read_read_fu_394 |    0    |    0    |
|          | dividend_100_reload_read_read_fu_400 |    0    |    0    |
|          |  dividend_99_reload_read_read_fu_406 |    0    |    0    |
|          |  dividend_98_reload_read_read_fu_412 |    0    |    0    |
|          |  dividend_97_reload_read_read_fu_418 |    0    |    0    |
|          |  dividend_48_reload_read_read_fu_424 |    0    |    0    |
|----------|--------------------------------------|---------|---------|
|   write  |           grp_write_fu_430           |    0    |    0    |
|          |           grp_write_fu_437           |    0    |    0    |
|----------|--------------------------------------|---------|---------|
|   Total  |                                      |    0    |   233   |
|----------|--------------------------------------|---------|---------|

Memories:
N/A

* Register list:
+---------------------+--------+
|                     |   FF   |
+---------------------+--------+
|UnifiedRetVal_reg_447|    1   |
|   startIdx_reg_586  |    6   |
+---------------------+--------+
|        Total        |    7   |
+---------------------+--------+

* Multiplexer (MUX) list: 
|------------------|------|------|------|--------||---------||---------|
|       Comp       |  Pin | Size |  BW  | S x BW ||  Delay  ||   LUT   |
|------------------|------|------|------|--------||---------||---------|
| grp_write_fu_430 |  p2  |   2  |   6  |   12   ||    9    |
| grp_write_fu_437 |  p2  |   2  |   1  |    2   |
|------------------|------|------|------|--------||---------||---------|
|       Total      |      |      |      |   14   ||  3.176  ||    9    |
|------------------|------|------|------|--------||---------||---------|



* Summary:
+-----------+--------+--------+--------+
|           |  Delay |   FF   |   LUT  |
+-----------+--------+--------+--------+
|  Function |    -   |    0   |   233  |
|   Memory  |    -   |    -   |    -   |
|Multiplexer|    3   |    -   |    9   |
|  Register |    -   |    7   |    -   |
+-----------+--------+--------+--------+
|   Total   |    3   |    7   |   242  |
+-----------+--------+--------+--------+
