#-----------------------------------------------------------
# xsim v2018.3 (64-bit)
# SW Build 2405991 on Thu Dec  6 23:36:41 MST 2018
# IP Build 2404404 on Fri Dec  7 01:43:56 MST 2018
# Start of session at: Wed Apr  5 10:06:35 2023
# Process ID: 4938
# Current directory: /home/sam-admin/git/Training/HLS_Assignments/A5/5.2/codes/Assignment5b/solution1/sim/verilog
# Command line: xsim -mode tcl -source {xsim.dir/a5b/xsim_script.tcl}
# Log file: /home/sam-admin/git/Training/HLS_Assignments/A5/5.2/codes/Assignment5b/solution1/sim/verilog/xsim.log
# Journal file: /home/sam-admin/git/Training/HLS_Assignments/A5/5.2/codes/Assignment5b/solution1/sim/verilog/xsim.jou
#-----------------------------------------------------------
source xsim.dir/a5b/xsim_script.tcl
# xsim {a5b} -autoloadwcfg -tclbatch {a5b.tcl}
Vivado Simulator 2018.3
Time resolution is 1 ps
source a5b.tcl
## run all
////////////////////////////////////////////////////////////////////////////////////
// Inter-Transaction Progress: Completed Transaction / Total Transaction
// Intra-Transaction Progress: Measured Latency / Latency Estimation * 100%
//
// RTL Simulation : "Inter-Transaction Progress" ["Intra-Transaction Progress"] @ "Simulation Time"
////////////////////////////////////////////////////////////////////////////////////
// RTL Simulation : 0 / 1 [0.00%] @ "125000"
// RTL Simulation : 1 / 1 [100.00%] @ "235000"
////////////////////////////////////////////////////////////////////////////////////
$finish called at time : 275 ns : File "/home/sam-admin/git/Training/HLS_Assignments/A5/5.2/codes/Assignment5b/solution1/sim/verilog/a5b.autotb.v" Line 607
## quit
INFO: [Common 17-206] Exiting xsim at Wed Apr  5 10:06:52 2023...
