#-----------------------------------------------------------
# xsim v2018.3 (64-bit)
# SW Build 2405991 on Thu Dec  6 23:36:41 MST 2018
# IP Build 2404404 on Fri Dec  7 01:43:56 MST 2018
# Start of session at: Mon Apr  3 13:47:27 2023
# Process ID: 4657
# Current directory: /home/sam-admin/git/Training/HLS_Assignments/A5/5.1/codes/Assignmnet5a/solution52a/sim/verilog
# Command line: xsim -mode tcl -source {xsim.dir/a5a/xsim_script.tcl}
# Log file: /home/sam-admin/git/Training/HLS_Assignments/A5/5.1/codes/Assignmnet5a/solution52a/sim/verilog/xsim.log
# Journal file: /home/sam-admin/git/Training/HLS_Assignments/A5/5.1/codes/Assignmnet5a/solution52a/sim/verilog/xsim.jou
#-----------------------------------------------------------
source xsim.dir/a5a/xsim_script.tcl
# xsim {a5a} -autoloadwcfg -tclbatch {a5a.tcl}
Vivado Simulator 2018.3
Time resolution is 1 ps
source a5a.tcl
## run all
////////////////////////////////////////////////////////////////////////////////////
// Inter-Transaction Progress: Completed Transaction / Total Transaction
// Intra-Transaction Progress: Measured Latency / Latency Estimation * 100%
//
// RTL Simulation : "Inter-Transaction Progress" ["Intra-Transaction Progress"] @ "Simulation Time"
////////////////////////////////////////////////////////////////////////////////////
// RTL Simulation : 0 / 8 [0.00%] @ "125000"
// RTL Simulation : 1 / 8 [100.00%] @ "165000"
// RTL Simulation : 2 / 8 [100.00%] @ "195000"
// RTL Simulation : 3 / 8 [100.00%] @ "225000"
// RTL Simulation : 4 / 8 [100.00%] @ "255000"
// RTL Simulation : 5 / 8 [100.00%] @ "285000"
// RTL Simulation : 6 / 8 [100.00%] @ "315000"
// RTL Simulation : 7 / 8 [100.00%] @ "345000"
// RTL Simulation : 8 / 8 [100.00%] @ "375000"
////////////////////////////////////////////////////////////////////////////////////
$finish called at time : 415 ns : File "/home/sam-admin/git/Training/HLS_Assignments/A5/5.1/codes/Assignmnet5a/solution52a/sim/verilog/a5a.autotb.v" Line 671
## quit
INFO: [Common 17-206] Exiting xsim at Mon Apr  3 13:47:44 2023...
