Mon Jun 19 16:49:29 2023: Running xcd server. This server was NOT built by gradle, but presumably rdi.
Mon Jun 19 16:49:29 2023: Server was asked to start on port: '40985'
Mon Jun 19 16:49:29 2023: Server is using token UUID: '0b16466a-573a-413e-812f-a55101047eed'
Mon Jun 19 16:49:29 2023: SESSION_MGR: creating session with session uuid: '6d04a3e9-ade5-4ab9-8d63-1f78fcd2ec76' and name 'default'
Mon Jun 19 16:49:29 2023: Attempting to start server on port '40985'
Mon Jun 19 16:49:29 2023: XCD main fifo: created main fifo '/tmp/xcdmain0b16466a-573a-413e-812f-a55101047eed', fd read = 13
Mon Jun 19 16:49:29 2023: Running Dispatch Server
Mon Jun 19 16:49:29 2023: Version 2.2.0
Mon Jun 19 16:49:38 2023: Dispatch Server: Accepted socket connection from client
Mon Jun 19 16:49:38 2023: Starting Socket connection
Mon Jun 19 16:49:38 2023: EXCHANGE_TOKEN received, server token: 0b16466a-573a-413e-812f-a55101047eed, passed token: 0b16466a-573a-413e-812f-a55101047eed
Mon Jun 19 16:49:38 2023: SESSION_MGR: creating session with session uuid: 'd3c3b3ab-286c-4a39-8750-db66435f88a4' and name 'vitis_hls'
Mon Jun 19 16:49:38 2023: KERNEL_SVC: creating session with uuid: 'd3c3b3ab-286c-4a39-8750-db66435f88a4' and name 'vitis_hls'
Mon Jun 19 16:49:38 2023: GUIDANCE_SMGR: creating guidance session with uuid: 'd3c3b3ab-286c-4a39-8750-db66435f88a4' and name 'vitis_hls'
Mon Jun 19 16:50:02 2023: STOP_SERVER received, server token: 0b16466a-573a-413e-812f-a55101047eed, passed token: 0b16466a-573a-413e-812f-a55101047eed
Mon Jun 19 16:50:02 2023: Socket received request to stop server.
Mon Jun 19 16:50:02 2023: Dispatch Server: do_await_stop
Mon Jun 19 16:50:02 2023: Dispatch Server: stopping mainFifo_
Mon Jun 19 16:50:02 2023: XCD main fifo: Stopping
Mon Jun 19 16:50:02 2023: XCD main fifo: do_read error code: Operation canceled
Mon Jun 19 16:50:02 2023: XCD main fifo: bytes_transferred: 0
Mon Jun 19 16:50:02 2023: SERVER: destructor for server bound to port 40985
Mon Jun 19 16:50:02 2023: XCD main fifo: Good unlink of /tmp/xcdmain0b16466a-573a-413e-812f-a55101047eed
Mon Jun 19 16:50:02 2023: Server exiting with status 0.
Mon Jun 19 16:50:02 2023: Closing log file.
