INFO: [VRFC 10-2263] Analyzing Verilog file "/home/sam-admin/git/Training/HLS_Vivado/A9/RTL/project_crc/project_crc.gen/sources_1/bd/design_1/ipshared/a7eb/hdl/verilog/gen_hls_deadlock_idx0_monitor.v" into library xil_defaultlib
INFO: [VRFC 10-311] analyzing module gen_hls_deadlock_idx0_monitor
INFO: [VRFC 10-2263] Analyzing Verilog file "/home/sam-admin/git/Training/HLS_Vivado/A9/RTL/project_crc/project_crc.gen/sources_1/bd/design_1/ipshared/a7eb/hdl/verilog/gen_regslice_both.v" into library xil_defaultlib
INFO: [VRFC 10-311] analyzing module gen_regslice_both
INFO: [VRFC 10-311] analyzing module gen_regslice_both_w1
INFO: [VRFC 10-2263] Analyzing Verilog file "/home/sam-admin/git/Training/HLS_Vivado/A9/RTL/project_crc/project_crc.gen/sources_1/bd/design_1/ipshared/a7eb/hdl/verilog/gen.v" into library xil_defaultlib
INFO: [VRFC 10-311] analyzing module gen
INFO: [VRFC 10-2263] Analyzing Verilog file "/home/sam-admin/git/Training/HLS_Vivado/A9/RTL/project_crc/project_crc.ip_user_files/bd/design_1/ip/design_1_gen_0_1/sim/design_1_gen_0_1.v" into library xil_defaultlib
INFO: [VRFC 10-311] analyzing module design_1_gen_0_1
INFO: [VRFC 10-2263] Analyzing Verilog file "/home/sam-admin/git/Training/HLS_Vivado/A9/RTL/project_crc/project_crc.srcs/sources_1/imports/hdl/design_1_wrapper.v" into library xil_defaultlib
INFO: [VRFC 10-311] analyzing module design_1_wrapper
INFO: [VRFC 10-2263] Analyzing Verilog file "/home/sam-admin/git/Training/HLS_Vivado/A9/RTL/project_crc/project_crc.gen/sources_1/bd/design_2/ipshared/902d/hdl/verilog/crc24a_crc24a_Pipeline_VITIS_LOOP_18_1.v" into library xil_defaultlib
INFO: [VRFC 10-311] analyzing module crc24a_crc24a_Pipeline_VITIS_LOOP_18_1
INFO: [VRFC 10-2263] Analyzing Verilog file "/home/sam-admin/git/Training/HLS_Vivado/A9/RTL/project_crc/project_crc.gen/sources_1/bd/design_2/ipshared/902d/hdl/verilog/crc24a_crc24a_Pipeline_VITIS_LOOP_38_2.v" into library xil_defaultlib
INFO: [VRFC 10-311] analyzing module crc24a_crc24a_Pipeline_VITIS_LOOP_38_2
INFO: [VRFC 10-2263] Analyzing Verilog file "/home/sam-admin/git/Training/HLS_Vivado/A9/RTL/project_crc/project_crc.gen/sources_1/bd/design_2/ipshared/902d/hdl/verilog/crc24a_crc24a_Pipeline_VITIS_LOOP_45_3.v" into library xil_defaultlib
INFO: [VRFC 10-311] analyzing module crc24a_crc24a_Pipeline_VITIS_LOOP_45_3
INFO: [VRFC 10-2263] Analyzing Verilog file "/home/sam-admin/git/Training/HLS_Vivado/A9/RTL/project_crc/project_crc.gen/sources_1/bd/design_2/ipshared/902d/hdl/verilog/crc24a_crc24a_Pipeline_VITIS_LOOP_57_5.v" into library xil_defaultlib
INFO: [VRFC 10-311] analyzing module crc24a_crc24a_Pipeline_VITIS_LOOP_57_5
INFO: [VRFC 10-2263] Analyzing Verilog file "/home/sam-admin/git/Training/HLS_Vivado/A9/RTL/project_crc/project_crc.gen/sources_1/bd/design_2/ipshared/902d/hdl/verilog/crc24a_crc24a_Pipeline_VITIS_LOOP_67_6.v" into library xil_defaultlib
INFO: [VRFC 10-311] analyzing module crc24a_crc24a_Pipeline_VITIS_LOOP_67_6
INFO: [VRFC 10-2263] Analyzing Verilog file "/home/sam-admin/git/Training/HLS_Vivado/A9/RTL/project_crc/project_crc.gen/sources_1/bd/design_2/ipshared/902d/hdl/verilog/crc24a_crc24a_Pipeline_VITIS_LOOP_78_7.v" into library xil_defaultlib
INFO: [VRFC 10-311] analyzing module crc24a_crc24a_Pipeline_VITIS_LOOP_78_7
INFO: [VRFC 10-2263] Analyzing Verilog file "/home/sam-admin/git/Training/HLS_Vivado/A9/RTL/project_crc/project_crc.gen/sources_1/bd/design_2/ipshared/902d/hdl/verilog/crc24a_crc24a_Pipeline_VITIS_LOOP_82_8.v" into library xil_defaultlib
INFO: [VRFC 10-311] analyzing module crc24a_crc24a_Pipeline_VITIS_LOOP_82_8
INFO: [VRFC 10-2263] Analyzing Verilog file "/home/sam-admin/git/Training/HLS_Vivado/A9/RTL/project_crc/project_crc.gen/sources_1/bd/design_2/ipshared/902d/hdl/verilog/crc24a_crc24a_Pipeline_VITIS_LOOP_86_9.v" into library xil_defaultlib
INFO: [VRFC 10-311] analyzing module crc24a_crc24a_Pipeline_VITIS_LOOP_86_9
INFO: [VRFC 10-2263] Analyzing Verilog file "/home/sam-admin/git/Training/HLS_Vivado/A9/RTL/project_crc/project_crc.gen/sources_1/bd/design_2/ipshared/902d/hdl/verilog/crc24a_flow_control_loop_pipe_sequential_init.v" into library xil_defaultlib
INFO: [VRFC 10-311] analyzing module crc24a_flow_control_loop_pipe_sequential_init
INFO: [VRFC 10-2263] Analyzing Verilog file "/home/sam-admin/git/Training/HLS_Vivado/A9/RTL/project_crc/project_crc.gen/sources_1/bd/design_2/ipshared/902d/hdl/verilog/crc24a_hls_deadlock_idx0_monitor.v" into library xil_defaultlib
INFO: [VRFC 10-311] analyzing module crc24a_hls_deadlock_idx0_monitor
INFO: [VRFC 10-2263] Analyzing Verilog file "/home/sam-admin/git/Training/HLS_Vivado/A9/RTL/project_crc/project_crc.gen/sources_1/bd/design_2/ipshared/902d/hdl/verilog/crc24a_mux_83_1_1_1.v" into library xil_defaultlib
INFO: [VRFC 10-311] analyzing module crc24a_mux_83_1_1_1
INFO: [VRFC 10-2263] Analyzing Verilog file "/home/sam-admin/git/Training/HLS_Vivado/A9/RTL/project_crc/project_crc.gen/sources_1/bd/design_2/ipshared/902d/hdl/verilog/crc24a_mux_164_1_1_1.v" into library xil_defaultlib
INFO: [VRFC 10-311] analyzing module crc24a_mux_164_1_1_1
INFO: [VRFC 10-2263] Analyzing Verilog file "/home/sam-admin/git/Training/HLS_Vivado/A9/RTL/project_crc/project_crc.gen/sources_1/bd/design_2/ipshared/902d/hdl/verilog/crc24a_mux_245_1_1_1.v" into library xil_defaultlib
INFO: [VRFC 10-311] analyzing module crc24a_mux_245_1_1_1
INFO: [VRFC 10-2263] Analyzing Verilog file "/home/sam-admin/git/Training/HLS_Vivado/A9/RTL/project_crc/project_crc.gen/sources_1/bd/design_2/ipshared/902d/hdl/verilog/crc24a_mux_325_1_1_1.v" into library xil_defaultlib
INFO: [VRFC 10-311] analyzing module crc24a_mux_325_1_1_1
INFO: [VRFC 10-2263] Analyzing Verilog file "/home/sam-admin/git/Training/HLS_Vivado/A9/RTL/project_crc/project_crc.gen/sources_1/bd/design_2/ipshared/902d/hdl/verilog/crc24a_regslice_both.v" into library xil_defaultlib
INFO: [VRFC 10-311] analyzing module crc24a_regslice_both
INFO: [VRFC 10-311] analyzing module crc24a_regslice_both_w1
INFO: [VRFC 10-2263] Analyzing Verilog file "/home/sam-admin/git/Training/HLS_Vivado/A9/RTL/project_crc/project_crc.gen/sources_1/bd/design_2/ipshared/902d/hdl/verilog/crc24a.v" into library xil_defaultlib
INFO: [VRFC 10-311] analyzing module crc24a
INFO: [VRFC 10-2263] Analyzing Verilog file "/home/sam-admin/git/Training/HLS_Vivado/A9/RTL/project_crc/project_crc.ip_user_files/bd/design_2/ip/design_2_crc24a_0_0/sim/design_2_crc24a_0_0.v" into library xil_defaultlib
INFO: [VRFC 10-311] analyzing module design_2_crc24a_0_0
INFO: [VRFC 10-2263] Analyzing Verilog file "/home/sam-admin/git/Training/HLS_Vivado/A9/RTL/project_crc/project_crc.ip_user_files/bd/design_2/sim/design_2.v" into library xil_defaultlib
INFO: [VRFC 10-311] analyzing module design_2
INFO: [VRFC 10-2263] Analyzing Verilog file "/home/sam-admin/git/Training/HLS_Vivado/A9/RTL/project_crc/project_crc.srcs/sources_1/imports/hdl/design_2_wrapper.v" into library xil_defaultlib
INFO: [VRFC 10-311] analyzing module design_2_wrapper
INFO: [VRFC 10-2263] Analyzing Verilog file "/home/sam-admin/git/Training/HLS_Vivado/A9/RTL/project_crc/project_crc.srcs/sim_1/new/sem.v" into library xil_defaultlib
INFO: [VRFC 10-311] analyzing module sem
INFO: [VRFC 10-2263] Analyzing Verilog file "/home/sam-admin/git/Training/HLS_Vivado/A9/RTL/project_crc/project_crc.srcs/sim_1/new/d2sim.v" into library xil_defaultlib
INFO: [VRFC 10-311] analyzing module d2sim
