INFO: [HLS 200-10] Running '/tools/Xilinx/Vivado/2018.3/bin/unwrapped/lnx64.o/vivado_hls'
INFO: [HLS 200-10] For user 'sam-admin' on host 'sampaths-lappie' (Linux_x86_64 version 5.19.0-38-generic) on Wed Apr 05 10:05:45 IST 2023
INFO: [HLS 200-10] On os Ubuntu 22.04.2 LTS
INFO: [HLS 200-10] In directory '/home/sam-admin/git/Training/HLS_Assignments/A5/5.2/codes'
INFO: [HLS 200-10] Opening project '/home/sam-admin/git/Training/HLS_Assignments/A5/5.2/codes/Assignment5b'.
INFO: [HLS 200-10] Opening solution '/home/sam-admin/git/Training/HLS_Assignments/A5/5.2/codes/Assignment5b/solution1'.
INFO: [SYN 201-201] Setting up clock 'default' with a period of 10ns.
INFO: [HLS 200-10] Setting target device to 'xc7z020clg484-1'
INFO: [COSIM 212-47] Using XSIM for RTL simulation.
INFO: [COSIM 212-14] Instrumenting C test bench ...
   Build using "/tools/Xilinx/Vivado/2018.3/tps/lnx64/gcc-6.2.0/bin/g++"
   Compiling a5b.cpp_pre.cpp.tb.cpp
   Compiling a5b_tb.cpp_pre.cpp.tb.cpp
   Compiling apatb_a5b.cpp
   Generating cosim.tv.exe
INFO: [COSIM 212-302] Starting C TB testing ... 
ALL THE TEST CASES ARE PASSED!
INFO: [COSIM 212-333] Generating C post check test bench ...
INFO: [COSIM 212-12] Generating RTL test bench ...
INFO: [COSIM 212-323] Starting verilog simulation. 
INFO: [COSIM 212-15] Starting XSIM ...
INFO: [XSIM 43-3496] Using init file passed via -initfile option "/tools/Xilinx/Vivado/2018.3/data/xsim/ip/xsim_ip.ini".
Vivado Simulator 2018.3
Copyright 1986-1999, 2001-2018 Xilinx, Inc. All Rights Reserved.
Running: /tools/Xilinx/Vivado/2018.3/bin/unwrapped/lnx64.o/xelab xil_defaultlib.apatb_a5b_top glbl -prj a5b.prj -L smartconnect_v1_0 -L axi_protocol_checker_v1_1_12 -L axi_protocol_checker_v1_1_13 -L axis_protocol_checker_v1_1_11 -L axis_protocol_checker_v1_1_12 -L xil_defaultlib -L unisims_ver -L xpm --initfile /tools/Xilinx/Vivado/2018.3/data/xsim/ip/xsim_ip.ini --lib ieee_proposed=./ieee_proposed -s a5b 
Multi-threading is on. Using 6 slave threads.
WARNING: [XSIM 43-3431] One or more environment variables have been detected which affect the operation of the C compiler. These are typically not set in standard installations and are not tested by Xilinx, however they may be appropriate for your system, so the flow will attempt to continue.  If errors occur, try running xelab with the "-mt off -v 1" switches to see more information from the C compiler. The following environment variables have been detected:
    LIBRARY_PATH
INFO: [VRFC 10-2263] Analyzing SystemVerilog file "/home/sam-admin/git/Training/HLS_Assignments/A5/5.2/codes/Assignment5b/solution1/sim/verilog/glbl.v" into library work
INFO: [VRFC 10-311] analyzing module glbl
INFO: [VRFC 10-2263] Analyzing SystemVerilog file "/home/sam-admin/git/Training/HLS_Assignments/A5/5.2/codes/Assignment5b/solution1/sim/verilog/a5b.autotb.v" into library xil_defaultlib
INFO: [VRFC 10-311] analyzing module apatb_a5b_top
INFO: [VRFC 10-2263] Analyzing SystemVerilog file "/home/sam-admin/git/Training/HLS_Assignments/A5/5.2/codes/Assignment5b/solution1/sim/verilog/AESL_autofifo_in_V_data_2_V.v" into library xil_defaultlib
INFO: [VRFC 10-311] analyzing module AESL_autofifo_in_V_data_2_V
INFO: [VRFC 10-2263] Analyzing SystemVerilog file "/home/sam-admin/git/Training/HLS_Assignments/A5/5.2/codes/Assignment5b/solution1/sim/verilog/AESL_autofifo_out_V_data_0_V.v" into library xil_defaultlib
INFO: [VRFC 10-311] analyzing module AESL_autofifo_out_V_data_0_V
INFO: [VRFC 10-2263] Analyzing SystemVerilog file "/home/sam-admin/git/Training/HLS_Assignments/A5/5.2/codes/Assignment5b/solution1/sim/verilog/a5b.v" into library xil_defaultlib
INFO: [VRFC 10-311] analyzing module a5b
INFO: [VRFC 10-2263] Analyzing SystemVerilog file "/home/sam-admin/git/Training/HLS_Assignments/A5/5.2/codes/Assignment5b/solution1/sim/verilog/AESL_autofifo_out_V_data_3_V.v" into library xil_defaultlib
INFO: [VRFC 10-311] analyzing module AESL_autofifo_out_V_data_3_V
INFO: [VRFC 10-2263] Analyzing SystemVerilog file "/home/sam-admin/git/Training/HLS_Assignments/A5/5.2/codes/Assignment5b/solution1/sim/verilog/a5b_mux_42_8_1_1.v" into library xil_defaultlib
INFO: [VRFC 10-311] analyzing module a5b_mux_42_8_1_1
INFO: [VRFC 10-2263] Analyzing SystemVerilog file "/home/sam-admin/git/Training/HLS_Assignments/A5/5.2/codes/Assignment5b/solution1/sim/verilog/AESL_autofifo_out_V_data_2_V.v" into library xil_defaultlib
INFO: [VRFC 10-311] analyzing module AESL_autofifo_out_V_data_2_V
INFO: [VRFC 10-2263] Analyzing SystemVerilog file "/home/sam-admin/git/Training/HLS_Assignments/A5/5.2/codes/Assignment5b/solution1/sim/verilog/AESL_autofifo_in_V_data_3_V.v" into library xil_defaultlib
INFO: [VRFC 10-311] analyzing module AESL_autofifo_in_V_data_3_V
INFO: [VRFC 10-2263] Analyzing SystemVerilog file "/home/sam-admin/git/Training/HLS_Assignments/A5/5.2/codes/Assignment5b/solution1/sim/verilog/a5b_bram_V.v" into library xil_defaultlib
INFO: [VRFC 10-311] analyzing module a5b_bram_V_ram
INFO: [VRFC 10-311] analyzing module a5b_bram_V
INFO: [VRFC 10-2263] Analyzing SystemVerilog file "/home/sam-admin/git/Training/HLS_Assignments/A5/5.2/codes/Assignment5b/solution1/sim/verilog/AESL_autofifo_in_V_data_1_V.v" into library xil_defaultlib
INFO: [VRFC 10-311] analyzing module AESL_autofifo_in_V_data_1_V
INFO: [VRFC 10-2263] Analyzing SystemVerilog file "/home/sam-admin/git/Training/HLS_Assignments/A5/5.2/codes/Assignment5b/solution1/sim/verilog/AESL_autofifo_out_V_data_1_V.v" into library xil_defaultlib
INFO: [VRFC 10-311] analyzing module AESL_autofifo_out_V_data_1_V
INFO: [VRFC 10-2263] Analyzing SystemVerilog file "/home/sam-admin/git/Training/HLS_Assignments/A5/5.2/codes/Assignment5b/solution1/sim/verilog/AESL_autofifo_in_V_data_0_V.v" into library xil_defaultlib
INFO: [VRFC 10-311] analyzing module AESL_autofifo_in_V_data_0_V
Starting static elaboration
Completed static elaboration
Starting simulation data flow analysis
Completed simulation data flow analysis
Time Resolution for simulation is 1ps
Compiling module xil_defaultlib.a5b_bram_V_ram_default
Compiling module xil_defaultlib.a5b_bram_V(DataWidth=32,AddressR...
Compiling module xil_defaultlib.a5b_mux_42_8_1_1(ID=1,din0_WIDTH...
Compiling module xil_defaultlib.a5b
Compiling module xil_defaultlib.AESL_autofifo_in_V_data_0_V
Compiling module xil_defaultlib.AESL_autofifo_in_V_data_1_V
Compiling module xil_defaultlib.AESL_autofifo_in_V_data_2_V
Compiling module xil_defaultlib.AESL_autofifo_in_V_data_3_V
Compiling module xil_defaultlib.AESL_autofifo_out_V_data_0_V
Compiling module xil_defaultlib.AESL_autofifo_out_V_data_1_V
Compiling module xil_defaultlib.AESL_autofifo_out_V_data_2_V
Compiling module xil_defaultlib.AESL_autofifo_out_V_data_3_V
Compiling module xil_defaultlib.apatb_a5b_top
Compiling module work.glbl
Built simulation snapshot a5b

****** Webtalk v2018.3 (64-bit)
  **** SW Build 2405991 on Thu Dec  6 23:36:41 MST 2018
  **** IP Build 2404404 on Fri Dec  7 01:43:56 MST 2018
    ** Copyright 1986-2018 Xilinx, Inc. All Rights Reserved.

source /home/sam-admin/git/Training/HLS_Assignments/A5/5.2/codes/Assignment5b/solution1/sim/verilog/xsim.dir/a5b/webtalk/xsim_webtalk.tcl -notrace
INFO: [Common 17-206] Exiting Webtalk at Wed Apr  5 10:06:34 2023...

****** xsim v2018.3 (64-bit)
  **** SW Build 2405991 on Thu Dec  6 23:36:41 MST 2018
  **** IP Build 2404404 on Fri Dec  7 01:43:56 MST 2018
    ** Copyright 1986-2018 Xilinx, Inc. All Rights Reserved.

source xsim.dir/a5b/xsim_script.tcl
# xsim {a5b} -autoloadwcfg -tclbatch {a5b.tcl}
Vivado Simulator 2018.3
Time resolution is 1 ps
source a5b.tcl
## run all
////////////////////////////////////////////////////////////////////////////////////
// Inter-Transaction Progress: Completed Transaction / Total Transaction
// Intra-Transaction Progress: Measured Latency / Latency Estimation * 100%
//
// RTL Simulation : "Inter-Transaction Progress" ["Intra-Transaction Progress"] @ "Simulation Time"
////////////////////////////////////////////////////////////////////////////////////
// RTL Simulation : 0 / 1 [0.00%] @ "125000"
// RTL Simulation : 1 / 1 [100.00%] @ "235000"
////////////////////////////////////////////////////////////////////////////////////
$finish called at time : 275 ns : File "/home/sam-admin/git/Training/HLS_Assignments/A5/5.2/codes/Assignment5b/solution1/sim/verilog/a5b.autotb.v" Line 607
## quit
INFO: [Common 17-206] Exiting xsim at Wed Apr  5 10:06:52 2023...
INFO: [COSIM 212-316] Starting C post checking ...
ALL THE TEST CASES ARE PASSED!
INFO: [COSIM 212-1000] *** C/RTL co-simulation finished: PASS ***
INFO: [COSIM 212-211] II is measurable only when transaction number is greater than 1 in RTL simulation. Otherwise, they will be marked as all NA. If user wants to calculate them, please make sure there are at least 2 transactions in RTL simulation.
