

================================================================
== Vitis HLS Report for 'crc24a_Pipeline_loop2'
================================================================
* Date:           Mon Jul  3 15:27:31 2023

* Version:        2022.2.2 (Build 3779808 on Feb 17 2023)
* Project:        vitis_ap
* Solution:       sol_crc (Vivado IP Flow Target)
* Product family: zynquplus
* Target device:  xczu7ev-ffvc1156-2-e


================================================================
== Performance Estimates
================================================================
+ Timing: 
    * Summary: 
    +--------+----------+----------+------------+
    |  Clock |  Target  | Estimated| Uncertainty|
    +--------+----------+----------+------------+
    |ap_clk  |  10.00 ns|  3.444 ns|     2.70 ns|
    +--------+----------+----------+------------+

+ Latency: 
    * Summary: 
    +---------+---------+----------+----------+-----+-----+---------+
    |  Latency (cycles) |  Latency (absolute) |  Interval | Pipeline|
    |   min   |   max   |    min   |    max   | min | max |   Type  |
    +---------+---------+----------+----------+-----+-----+---------+
    |       10|       10|  0.100 us|  0.100 us|   10|   10|       no|
    +---------+---------+----------+----------+-----+-----+---------+

    + Detail: 
        * Instance: 
        N/A

        * Loop: 
        +----------+---------+---------+----------+-----------+-----------+------+----------+
        |          |  Latency (cycles) | Iteration|  Initiation Interval  | Trip |          |
        | Loop Name|   min   |   max   |  Latency |  achieved |   target  | Count| Pipelined|
        +----------+---------+---------+----------+-----------+-----------+------+----------+
        |- loop2   |        8|        8|         1|          1|          1|     8|       yes|
        +----------+---------+---------+----------+-----------+-----------+------+----------+

============================================================
+ Verbose Summary: Synthesis Manager
============================================================
InlineROM: 1
ExposeGlobal: 0
============================================================
+ Verbose Summary: CDFG Model
============================================================
IsTopModel: 0
ResetActiveHigh: 1
IsCombinational: 0
IsDatapathOnly: 0
HasWiredReturn: 1
HasMFsm: 2
HasVarLatency: 1
IsPipeline: 0
IsRtlPipelined: 0
IsInstanceOverlapped: 0
IsDontTouch: 0
HasImplIP: 0
IsGatedGlobalClock: 0

+ Individual pipeline summary: 
  * Pipeline-0: initiation interval (II) = 1, depth = 1


============================================================
+ Verbose Summary: Schedule
============================================================
* Number of FSM states : 1
* Pipeline : 1
  Pipeline-0 : II = 1, D = 1, States = { 1 }
* Dataflow Pipeline: 0

* FSM state transitions: 
1 --> 

* FSM state operations: 

State 1 <SV = 0> <Delay = 3.44>
ST_1 : Operation 4 [1/1] (0.00ns)   --->   "%k = alloca i32 1"   --->   Operation 4 'alloca' 'k' <Predicate = true> <Delay = 0.00>
ST_1 : Operation 5 [1/1] (0.00ns)   --->   "%last_read = read i1 @_ssdm_op_Read.ap_auto.i1, i1 %last"   --->   Operation 5 'read' 'last_read' <Predicate = true> <Delay = 0.00>
ST_1 : Operation 6 [1/1] (0.00ns)   --->   "%crc_V_78_read = read i1 @_ssdm_op_Read.ap_auto.i1, i1 %crc_V_78"   --->   Operation 6 'read' 'crc_V_78_read' <Predicate = true> <Delay = 0.00>
ST_1 : Operation 7 [1/1] (0.00ns)   --->   "%crc_V_79_read = read i1 @_ssdm_op_Read.ap_auto.i1, i1 %crc_V_79"   --->   Operation 7 'read' 'crc_V_79_read' <Predicate = true> <Delay = 0.00>
ST_1 : Operation 8 [1/1] (0.00ns)   --->   "%crc_V_80_read = read i1 @_ssdm_op_Read.ap_auto.i1, i1 %crc_V_80"   --->   Operation 8 'read' 'crc_V_80_read' <Predicate = true> <Delay = 0.00>
ST_1 : Operation 9 [1/1] (0.00ns)   --->   "%crc_V_81_read = read i1 @_ssdm_op_Read.ap_auto.i1, i1 %crc_V_81"   --->   Operation 9 'read' 'crc_V_81_read' <Predicate = true> <Delay = 0.00>
ST_1 : Operation 10 [1/1] (0.00ns)   --->   "%crc_V_82_read = read i1 @_ssdm_op_Read.ap_auto.i1, i1 %crc_V_82"   --->   Operation 10 'read' 'crc_V_82_read' <Predicate = true> <Delay = 0.00>
ST_1 : Operation 11 [1/1] (0.00ns)   --->   "%crc_V_83_read = read i1 @_ssdm_op_Read.ap_auto.i1, i1 %crc_V_83"   --->   Operation 11 'read' 'crc_V_83_read' <Predicate = true> <Delay = 0.00>
ST_1 : Operation 12 [1/1] (0.00ns)   --->   "%crc_V_84_read = read i1 @_ssdm_op_Read.ap_auto.i1, i1 %crc_V_84"   --->   Operation 12 'read' 'crc_V_84_read' <Predicate = true> <Delay = 0.00>
ST_1 : Operation 13 [1/1] (0.00ns)   --->   "%crc_V_85_read = read i1 @_ssdm_op_Read.ap_auto.i1, i1 %crc_V_85"   --->   Operation 13 'read' 'crc_V_85_read' <Predicate = true> <Delay = 0.00>
ST_1 : Operation 14 [1/1] (0.42ns)   --->   "%store_ln0 = store i4 0, i4 %k"   --->   Operation 14 'store' 'store_ln0' <Predicate = true> <Delay = 0.42>
ST_1 : Operation 15 [1/1] (0.42ns)   --->   "%br_ln0 = br void %for.body50"   --->   Operation 15 'br' 'br_ln0' <Predicate = true> <Delay = 0.42>
ST_1 : Operation 16 [1/1] (0.00ns)   --->   "%crc_V_31 = phi i1 0, void %newFuncRoot, i1 %crc_V_69, void %for.body50.split_ifconv"   --->   Operation 16 'phi' 'crc_V_31' <Predicate = true> <Delay = 0.00>
ST_1 : Operation 17 [1/1] (0.00ns)   --->   "%crc_V_90 = phi i1 0, void %newFuncRoot, i1 %crc_V_38, void %for.body50.split_ifconv"   --->   Operation 17 'phi' 'crc_V_90' <Predicate = true> <Delay = 0.00>
ST_1 : Operation 18 [1/1] (0.00ns)   --->   "%crc_V_89 = phi i1 0, void %newFuncRoot, i1 %crc_V_68, void %for.body50.split_ifconv"   --->   Operation 18 'phi' 'crc_V_89' <Predicate = true> <Delay = 0.00>
ST_1 : Operation 19 [1/1] (0.00ns)   --->   "%crc_V_28 = phi i1 0, void %newFuncRoot, i1 %crc_V_67, void %for.body50.split_ifconv"   --->   Operation 19 'phi' 'crc_V_28' <Predicate = true> <Delay = 0.00>
ST_1 : Operation 20 [1/1] (0.00ns)   --->   "%crc_V_88 = phi i1 0, void %newFuncRoot, i1 %crc_V_66, void %for.body50.split_ifconv"   --->   Operation 20 'phi' 'crc_V_88' <Predicate = true> <Delay = 0.00>
ST_1 : Operation 21 [1/1] (0.00ns)   --->   "%crc_V_87 = phi i1 0, void %newFuncRoot, i1 %crc_V_65, void %for.body50.split_ifconv"   --->   Operation 21 'phi' 'crc_V_87' <Predicate = true> <Delay = 0.00>
ST_1 : Operation 22 [1/1] (0.00ns)   --->   "%crc_V_86 = phi i1 0, void %newFuncRoot, i1 %crc_V_64, void %for.body50.split_ifconv"   --->   Operation 22 'phi' 'crc_V_86' <Predicate = true> <Delay = 0.00>
ST_1 : Operation 23 [1/1] (0.00ns)   --->   "%crc_V_77 = phi i1 0, void %newFuncRoot, i1 %crc_V_63, void %for.body50.split_ifconv"   --->   Operation 23 'phi' 'crc_V_77' <Predicate = true> <Delay = 0.00>
ST_1 : Operation 24 [1/1] (0.00ns)   --->   "%crc_V_76 = phi i1 0, void %newFuncRoot, i1 %crc_V_62, void %for.body50.split_ifconv"   --->   Operation 24 'phi' 'crc_V_76' <Predicate = true> <Delay = 0.00>
ST_1 : Operation 25 [1/1] (0.00ns)   --->   "%crc_V_22 = phi i1 0, void %newFuncRoot, i1 %crc_V_61, void %for.body50.split_ifconv"   --->   Operation 25 'phi' 'crc_V_22' <Predicate = true> <Delay = 0.00>
ST_1 : Operation 26 [1/1] (0.00ns)   --->   "%crc_V_21 = phi i1 0, void %newFuncRoot, i1 %crc_V_60, void %for.body50.split_ifconv"   --->   Operation 26 'phi' 'crc_V_21' <Predicate = true> <Delay = 0.00>
ST_1 : Operation 27 [1/1] (0.00ns)   --->   "%crc_V_75 = phi i1 0, void %newFuncRoot, i1 %crc_V_59, void %for.body50.split_ifconv"   --->   Operation 27 'phi' 'crc_V_75' <Predicate = true> <Delay = 0.00>
ST_1 : Operation 28 [1/1] (0.00ns)   --->   "%crc_V_74 = phi i1 0, void %newFuncRoot, i1 %crc_V_58, void %for.body50.split_ifconv"   --->   Operation 28 'phi' 'crc_V_74' <Predicate = true> <Delay = 0.00>
ST_1 : Operation 29 [1/1] (0.00ns)   --->   "%crc_V_18 = phi i1 0, void %newFuncRoot, i1 %crc_V_57, void %for.body50.split_ifconv"   --->   Operation 29 'phi' 'crc_V_18' <Predicate = true> <Delay = 0.00>
ST_1 : Operation 30 [1/1] (0.00ns)   --->   "%crc_V_17 = phi i1 0, void %newFuncRoot, i1 %crc_V_56, void %for.body50.split_ifconv"   --->   Operation 30 'phi' 'crc_V_17' <Predicate = true> <Delay = 0.00>
ST_1 : Operation 31 [1/1] (0.00ns)   --->   "%crc_V_73 = phi i1 0, void %newFuncRoot, i1 %crc_V_55, void %for.body50.split_ifconv"   --->   Operation 31 'phi' 'crc_V_73' <Predicate = true> <Delay = 0.00>
ST_1 : Operation 32 [1/1] (0.00ns)   --->   "%crc_V_15 = phi i1 0, void %newFuncRoot, i1 %crc_V_54, void %for.body50.split_ifconv"   --->   Operation 32 'phi' 'crc_V_15' <Predicate = true> <Delay = 0.00>
ST_1 : Operation 33 [1/1] (0.00ns)   --->   "%crc_V_14 = phi i1 0, void %newFuncRoot, i1 %crc_V_53, void %for.body50.split_ifconv"   --->   Operation 33 'phi' 'crc_V_14' <Predicate = true> <Delay = 0.00>
ST_1 : Operation 34 [1/1] (0.00ns)   --->   "%crc_V_72 = phi i1 0, void %newFuncRoot, i1 %crc_V_52, void %for.body50.split_ifconv"   --->   Operation 34 'phi' 'crc_V_72' <Predicate = true> <Delay = 0.00>
ST_1 : Operation 35 [1/1] (0.00ns)   --->   "%crc_V_71 = phi i1 0, void %newFuncRoot, i1 %crc_V_51, void %for.body50.split_ifconv"   --->   Operation 35 'phi' 'crc_V_71' <Predicate = true> <Delay = 0.00>
ST_1 : Operation 36 [1/1] (0.00ns)   --->   "%crc_V_11 = phi i1 0, void %newFuncRoot, i1 %crc_V_50, void %for.body50.split_ifconv"   --->   Operation 36 'phi' 'crc_V_11' <Predicate = true> <Delay = 0.00>
ST_1 : Operation 37 [1/1] (0.00ns)   --->   "%crc_V_10 = phi i1 0, void %newFuncRoot, i1 %crc_V_49, void %for.body50.split_ifconv"   --->   Operation 37 'phi' 'crc_V_10' <Predicate = true> <Delay = 0.00>
ST_1 : Operation 38 [1/1] (0.00ns)   --->   "%crc_V_9 = phi i1 0, void %newFuncRoot, i1 %crc_V_48, void %for.body50.split_ifconv"   --->   Operation 38 'phi' 'crc_V_9' <Predicate = true> <Delay = 0.00>
ST_1 : Operation 39 [1/1] (0.00ns)   --->   "%crc_V_8 = phi i1 0, void %newFuncRoot, i1 %crc_V_47, void %for.body50.split_ifconv"   --->   Operation 39 'phi' 'crc_V_8' <Predicate = true> <Delay = 0.00>
ST_1 : Operation 40 [1/1] (0.00ns)   --->   "%crc_V_70 = phi i1 %crc_V_85_read, void %newFuncRoot, i1 %crc_V_46, void %for.body50.split_ifconv"   --->   Operation 40 'phi' 'crc_V_70' <Predicate = true> <Delay = 0.00>
ST_1 : Operation 41 [1/1] (0.00ns)   --->   "%crc_V_6 = phi i1 %crc_V_84_read, void %newFuncRoot, i1 %crc_V_45, void %for.body50.split_ifconv"   --->   Operation 41 'phi' 'crc_V_6' <Predicate = true> <Delay = 0.00>
ST_1 : Operation 42 [1/1] (0.00ns)   --->   "%crc_V_5 = phi i1 %crc_V_83_read, void %newFuncRoot, i1 %crc_V_44, void %for.body50.split_ifconv"   --->   Operation 42 'phi' 'crc_V_5' <Predicate = true> <Delay = 0.00>
ST_1 : Operation 43 [1/1] (0.00ns)   --->   "%crc_V_4 = phi i1 %crc_V_82_read, void %newFuncRoot, i1 %crc_V_43, void %for.body50.split_ifconv"   --->   Operation 43 'phi' 'crc_V_4' <Predicate = true> <Delay = 0.00>
ST_1 : Operation 44 [1/1] (0.00ns)   --->   "%crc_V_3 = phi i1 %crc_V_81_read, void %newFuncRoot, i1 %crc_V_42, void %for.body50.split_ifconv"   --->   Operation 44 'phi' 'crc_V_3' <Predicate = true> <Delay = 0.00>
ST_1 : Operation 45 [1/1] (0.00ns)   --->   "%crc_V_2 = phi i1 %crc_V_80_read, void %newFuncRoot, i1 %crc_V_41, void %for.body50.split_ifconv"   --->   Operation 45 'phi' 'crc_V_2' <Predicate = true> <Delay = 0.00>
ST_1 : Operation 46 [1/1] (0.00ns)   --->   "%crc_V_1 = phi i1 %crc_V_79_read, void %newFuncRoot, i1 %crc_V_40, void %for.body50.split_ifconv"   --->   Operation 46 'phi' 'crc_V_1' <Predicate = true> <Delay = 0.00>
ST_1 : Operation 47 [1/1] (0.00ns)   --->   "%crc_V = phi i1 %crc_V_78_read, void %newFuncRoot, i1 %crc_V_39, void %for.body50.split_ifconv"   --->   Operation 47 'phi' 'crc_V' <Predicate = true> <Delay = 0.00>
ST_1 : Operation 48 [1/1] (0.00ns)   --->   "%i = load i4 %k"   --->   Operation 48 'load' 'i' <Predicate = true> <Delay = 0.00>
ST_1 : Operation 49 [1/1] (0.72ns)   --->   "%icmp_ln22 = icmp_eq  i4 %i, i4 8" [codes/crc.cpp:22]   --->   Operation 49 'icmp' 'icmp_ln22' <Predicate = true> <Delay = 0.72> <CoreInst = "Cmp">   --->   Core 9 'Cmp' <Latency = 0> <II = 1> <Delay = 0.72> <FuncUnit> <Opcode : 'icmp'> <InPorts = 2> <OutPorts = 1>
ST_1 : Operation 50 [1/1] (0.00ns)   --->   "%empty = speclooptripcount i32 @_ssdm_op_SpecLoopTripCount, i64 8, i64 8, i64 8"   --->   Operation 50 'speclooptripcount' 'empty' <Predicate = true> <Delay = 0.00>
ST_1 : Operation 51 [1/1] (0.79ns)   --->   "%add_ln22 = add i4 %i, i4 1" [codes/crc.cpp:22]   --->   Operation 51 'add' 'add_ln22' <Predicate = true> <Delay = 0.79> <CoreInst = "Adder">   --->   Core 1 'Adder' <Latency = 0> <II = 1> <Delay = 0.79> <FuncUnit> <Opcode : 'add' 'sub'> <InPorts = 2> <OutPorts = 1>
ST_1 : Operation 52 [1/1] (0.00ns)   --->   "%br_ln22 = br i1 %icmp_ln22, void %for.body50.split_ifconv, void %for.body76.exitStub" [codes/crc.cpp:22]   --->   Operation 52 'br' 'br_ln22' <Predicate = true> <Delay = 0.00>
ST_1 : Operation 53 [1/1] (0.00ns)   --->   "%specpipeline_ln23 = specpipeline void @_ssdm_op_SpecPipeline, i32 1, i32 0, i32 0, i32 0, void @empty_1" [codes/crc.cpp:23]   --->   Operation 53 'specpipeline' 'specpipeline_ln23' <Predicate = (!icmp_ln22)> <Delay = 0.00>
ST_1 : Operation 54 [1/1] (0.00ns)   --->   "%specloopname_ln8 = specloopname void @_ssdm_op_SpecLoopName, void @empty_3" [codes/crc.cpp:8]   --->   Operation 54 'specloopname' 'specloopname_ln8' <Predicate = (!icmp_ln22)> <Delay = 0.00>
ST_1 : Operation 55 [1/1] (0.00ns)   --->   "%trunc_ln1019 = trunc i4 %i"   --->   Operation 55 'trunc' 'trunc_ln1019' <Predicate = (!icmp_ln22)> <Delay = 0.00>
ST_1 : Operation 56 [1/1] (0.72ns)   --->   "%lhs_V = mux i1 @_ssdm_op_Mux.ap_auto.8i1.i3, i1 %crc_V, i1 %crc_V_1, i1 %crc_V_2, i1 %crc_V_3, i1 %crc_V_4, i1 %crc_V_5, i1 %crc_V_6, i1 %crc_V_70, i3 %trunc_ln1019"   --->   Operation 56 'mux' 'lhs_V' <Predicate = (!icmp_ln22)> <Delay = 0.72> <CoreInst = "Multiplexer">   --->   Core 76 'Multiplexer' <Latency = 0> <II = 1> <Delay = 0.72> <FuncUnit> <Opcode : 'mux'> <InPorts = 2> <OutPorts = 1>
ST_1 : Operation 57 [1/1] (0.28ns)   --->   "%and_ln24 = and i1 %lhs_V, i1 %last_read" [codes/crc.cpp:24]   --->   Operation 57 'and' 'and_ln24' <Predicate = (!icmp_ln22)> <Delay = 0.28> <CoreInst = "LogicGate">   --->   Core 74 'LogicGate' <Latency = 0> <II = 1> <Delay = 0.28> <FuncUnit> <Opcode : 'and' 'or' 'xor'> <InPorts = 2> <OutPorts = 1>
ST_1 : Operation 58 [1/1] (0.00ns) (grouped into LUT with out node crc_V_40)   --->   "%xor_ln1499 = xor i1 %crc_V_1, i1 1"   --->   Operation 58 'xor' 'xor_ln1499' <Predicate = (!icmp_ln22)> <Delay = 0.00> <CoreInst = "LogicGate">   --->   Core 74 'LogicGate' <Latency = 0> <II = 1> <Delay = 0.28> <FuncUnit> <Opcode : 'and' 'or' 'xor'> <InPorts = 2> <OutPorts = 1>
ST_1 : Operation 59 [1/1] (0.28ns)   --->   "%xor_ln1499_1 = xor i1 %crc_V_6, i1 1"   --->   Operation 59 'xor' 'xor_ln1499_1' <Predicate = (!icmp_ln22)> <Delay = 0.28> <CoreInst = "LogicGate">   --->   Core 74 'LogicGate' <Latency = 0> <II = 1> <Delay = 0.28> <FuncUnit> <Opcode : 'and' 'or' 'xor'> <InPorts = 2> <OutPorts = 1>
ST_1 : Operation 60 [1/1] (0.28ns)   --->   "%ret_V = xor i1 %crc_V_70, i1 1"   --->   Operation 60 'xor' 'ret_V' <Predicate = (!icmp_ln22)> <Delay = 0.28> <CoreInst = "LogicGate">   --->   Core 74 'LogicGate' <Latency = 0> <II = 1> <Delay = 0.28> <FuncUnit> <Opcode : 'and' 'or' 'xor'> <InPorts = 2> <OutPorts = 1>
ST_1 : Operation 61 [1/1] (0.28ns)   --->   "%xor_ln1499_3 = xor i1 %crc_V_10, i1 1"   --->   Operation 61 'xor' 'xor_ln1499_3' <Predicate = (!icmp_ln22)> <Delay = 0.28> <CoreInst = "LogicGate">   --->   Core 74 'LogicGate' <Latency = 0> <II = 1> <Delay = 0.28> <FuncUnit> <Opcode : 'and' 'or' 'xor'> <InPorts = 2> <OutPorts = 1>
ST_1 : Operation 62 [1/1] (0.00ns) (grouped into LUT with out node crc_V_57)   --->   "%xor_ln1499_4 = xor i1 %crc_V_18, i1 1"   --->   Operation 62 'xor' 'xor_ln1499_4' <Predicate = (!icmp_ln22)> <Delay = 0.00> <CoreInst = "LogicGate">   --->   Core 74 'LogicGate' <Latency = 0> <II = 1> <Delay = 0.28> <FuncUnit> <Opcode : 'and' 'or' 'xor'> <InPorts = 2> <OutPorts = 1>
ST_1 : Operation 63 [1/1] (0.28ns)   --->   "%ret_V_3 = xor i1 %crc_V_74, i1 1"   --->   Operation 63 'xor' 'ret_V_3' <Predicate = (!icmp_ln22)> <Delay = 0.28> <CoreInst = "LogicGate">   --->   Core 74 'LogicGate' <Latency = 0> <II = 1> <Delay = 0.28> <FuncUnit> <Opcode : 'and' 'or' 'xor'> <InPorts = 2> <OutPorts = 1>
ST_1 : Operation 64 [1/1] (0.28ns)   --->   "%ret_V_4 = xor i1 %crc_V_76, i1 1"   --->   Operation 64 'xor' 'ret_V_4' <Predicate = (!icmp_ln22)> <Delay = 0.28> <CoreInst = "LogicGate">   --->   Core 74 'LogicGate' <Latency = 0> <II = 1> <Delay = 0.28> <FuncUnit> <Opcode : 'and' 'or' 'xor'> <InPorts = 2> <OutPorts = 1>
ST_1 : Operation 65 [1/1] (0.00ns) (grouped into LUT with out node crc_V_41)   --->   "%xor_ln1499_7 = xor i1 %crc_V_2, i1 1"   --->   Operation 65 'xor' 'xor_ln1499_7' <Predicate = (!icmp_ln22)> <Delay = 0.00> <CoreInst = "LogicGate">   --->   Core 74 'LogicGate' <Latency = 0> <II = 1> <Delay = 0.28> <FuncUnit> <Opcode : 'and' 'or' 'xor'> <InPorts = 2> <OutPorts = 1>
ST_1 : Operation 66 [1/1] (0.28ns)   --->   "%xor_ln1499_8 = xor i1 %crc_V_11, i1 1"   --->   Operation 66 'xor' 'xor_ln1499_8' <Predicate = (!icmp_ln22)> <Delay = 0.28> <CoreInst = "LogicGate">   --->   Core 74 'LogicGate' <Latency = 0> <II = 1> <Delay = 0.28> <FuncUnit> <Opcode : 'and' 'or' 'xor'> <InPorts = 2> <OutPorts = 1>
ST_1 : Operation 67 [1/1] (0.28ns)   --->   "%xor_ln1499_9 = xor i1 %crc_V_15, i1 1"   --->   Operation 67 'xor' 'xor_ln1499_9' <Predicate = (!icmp_ln22)> <Delay = 0.28> <CoreInst = "LogicGate">   --->   Core 74 'LogicGate' <Latency = 0> <II = 1> <Delay = 0.28> <FuncUnit> <Opcode : 'and' 'or' 'xor'> <InPorts = 2> <OutPorts = 1>
ST_1 : Operation 68 [1/1] (0.28ns)   --->   "%xor_ln1499_10 = xor i1 %crc_V_22, i1 1"   --->   Operation 68 'xor' 'xor_ln1499_10' <Predicate = (!icmp_ln22)> <Delay = 0.28> <CoreInst = "LogicGate">   --->   Core 74 'LogicGate' <Latency = 0> <II = 1> <Delay = 0.28> <FuncUnit> <Opcode : 'and' 'or' 'xor'> <InPorts = 2> <OutPorts = 1>
ST_1 : Operation 69 [1/1] (0.00ns) (grouped into LUT with out node crc_V_42)   --->   "%xor_ln1499_11 = xor i1 %crc_V_3, i1 1"   --->   Operation 69 'xor' 'xor_ln1499_11' <Predicate = (!icmp_ln22)> <Delay = 0.00> <CoreInst = "LogicGate">   --->   Core 74 'LogicGate' <Latency = 0> <II = 1> <Delay = 0.28> <FuncUnit> <Opcode : 'and' 'or' 'xor'> <InPorts = 2> <OutPorts = 1>
ST_1 : Operation 70 [1/1] (0.28ns)   --->   "%xor_ln1499_12 = xor i1 %crc_V_9, i1 1"   --->   Operation 70 'xor' 'xor_ln1499_12' <Predicate = (!icmp_ln22)> <Delay = 0.28> <CoreInst = "LogicGate">   --->   Core 74 'LogicGate' <Latency = 0> <II = 1> <Delay = 0.28> <FuncUnit> <Opcode : 'and' 'or' 'xor'> <InPorts = 2> <OutPorts = 1>
ST_1 : Operation 71 [1/1] (0.28ns)   --->   "%ret_V_1 = xor i1 %crc_V_71, i1 1"   --->   Operation 71 'xor' 'ret_V_1' <Predicate = (!icmp_ln22)> <Delay = 0.28> <CoreInst = "LogicGate">   --->   Core 74 'LogicGate' <Latency = 0> <II = 1> <Delay = 0.28> <FuncUnit> <Opcode : 'and' 'or' 'xor'> <InPorts = 2> <OutPorts = 1>
ST_1 : Operation 72 [1/1] (0.28ns)   --->   "%ret_V_2 = xor i1 %crc_V_73, i1 1"   --->   Operation 72 'xor' 'ret_V_2' <Predicate = (!icmp_ln22)> <Delay = 0.28> <CoreInst = "LogicGate">   --->   Core 74 'LogicGate' <Latency = 0> <II = 1> <Delay = 0.28> <FuncUnit> <Opcode : 'and' 'or' 'xor'> <InPorts = 2> <OutPorts = 1>
ST_1 : Operation 73 [1/1] (0.00ns) (grouped into LUT with out node crc_V_43)   --->   "%xor_ln1499_15 = xor i1 %crc_V_4, i1 1"   --->   Operation 73 'xor' 'xor_ln1499_15' <Predicate = (!icmp_ln22)> <Delay = 0.00> <CoreInst = "LogicGate">   --->   Core 74 'LogicGate' <Latency = 0> <II = 1> <Delay = 0.28> <FuncUnit> <Opcode : 'and' 'or' 'xor'> <InPorts = 2> <OutPorts = 1>
ST_1 : Operation 74 [1/1] (0.00ns) (grouped into LUT with out node crc_V_44)   --->   "%xor_ln1499_16 = xor i1 %crc_V_5, i1 1"   --->   Operation 74 'xor' 'xor_ln1499_16' <Predicate = (!icmp_ln22)> <Delay = 0.00> <CoreInst = "LogicGate">   --->   Core 74 'LogicGate' <Latency = 0> <II = 1> <Delay = 0.28> <FuncUnit> <Opcode : 'and' 'or' 'xor'> <InPorts = 2> <OutPorts = 1>
ST_1 : Operation 75 [1/1] (0.28ns)   --->   "%ret_V_5 = xor i1 %crc_V_89, i1 1"   --->   Operation 75 'xor' 'ret_V_5' <Predicate = (!icmp_ln22)> <Delay = 0.28> <CoreInst = "LogicGate">   --->   Core 74 'LogicGate' <Latency = 0> <II = 1> <Delay = 0.28> <FuncUnit> <Opcode : 'and' 'or' 'xor'> <InPorts = 2> <OutPorts = 1>
ST_1 : Operation 76 [1/1] (0.58ns)   --->   "%icmp_ln28 = icmp_eq  i3 %trunc_ln1019, i3 0" [codes/crc.cpp:28]   --->   Operation 76 'icmp' 'icmp_ln28' <Predicate = (!icmp_ln22)> <Delay = 0.58> <CoreInst = "Cmp">   --->   Core 9 'Cmp' <Latency = 0> <II = 1> <Delay = 0.58> <FuncUnit> <Opcode : 'icmp'> <InPorts = 2> <OutPorts = 1>
ST_1 : Operation 77 [1/1] (0.58ns)   --->   "%icmp_ln28_1 = icmp_eq  i3 %trunc_ln1019, i3 1" [codes/crc.cpp:28]   --->   Operation 77 'icmp' 'icmp_ln28_1' <Predicate = (!icmp_ln22)> <Delay = 0.58> <CoreInst = "Cmp">   --->   Core 9 'Cmp' <Latency = 0> <II = 1> <Delay = 0.58> <FuncUnit> <Opcode : 'icmp'> <InPorts = 2> <OutPorts = 1>
ST_1 : Operation 78 [1/1] (0.58ns)   --->   "%icmp_ln28_2 = icmp_eq  i3 %trunc_ln1019, i3 2" [codes/crc.cpp:28]   --->   Operation 78 'icmp' 'icmp_ln28_2' <Predicate = (!icmp_ln22)> <Delay = 0.58> <CoreInst = "Cmp">   --->   Core 9 'Cmp' <Latency = 0> <II = 1> <Delay = 0.58> <FuncUnit> <Opcode : 'icmp'> <InPorts = 2> <OutPorts = 1>
ST_1 : Operation 79 [1/1] (0.58ns)   --->   "%icmp_ln28_3 = icmp_eq  i3 %trunc_ln1019, i3 3" [codes/crc.cpp:28]   --->   Operation 79 'icmp' 'icmp_ln28_3' <Predicate = (!icmp_ln22)> <Delay = 0.58> <CoreInst = "Cmp">   --->   Core 9 'Cmp' <Latency = 0> <II = 1> <Delay = 0.58> <FuncUnit> <Opcode : 'icmp'> <InPorts = 2> <OutPorts = 1>
ST_1 : Operation 80 [1/1] (0.58ns)   --->   "%icmp_ln28_4 = icmp_eq  i3 %trunc_ln1019, i3 4" [codes/crc.cpp:28]   --->   Operation 80 'icmp' 'icmp_ln28_4' <Predicate = (!icmp_ln22)> <Delay = 0.58> <CoreInst = "Cmp">   --->   Core 9 'Cmp' <Latency = 0> <II = 1> <Delay = 0.58> <FuncUnit> <Opcode : 'icmp'> <InPorts = 2> <OutPorts = 1>
ST_1 : Operation 81 [1/1] (0.58ns)   --->   "%icmp_ln28_5 = icmp_eq  i3 %trunc_ln1019, i3 5" [codes/crc.cpp:28]   --->   Operation 81 'icmp' 'icmp_ln28_5' <Predicate = (!icmp_ln22)> <Delay = 0.58> <CoreInst = "Cmp">   --->   Core 9 'Cmp' <Latency = 0> <II = 1> <Delay = 0.58> <FuncUnit> <Opcode : 'icmp'> <InPorts = 2> <OutPorts = 1>
ST_1 : Operation 82 [1/1] (0.58ns)   --->   "%icmp_ln28_6 = icmp_eq  i3 %trunc_ln1019, i3 6" [codes/crc.cpp:28]   --->   Operation 82 'icmp' 'icmp_ln28_6' <Predicate = (!icmp_ln22)> <Delay = 0.58> <CoreInst = "Cmp">   --->   Core 9 'Cmp' <Latency = 0> <II = 1> <Delay = 0.58> <FuncUnit> <Opcode : 'icmp'> <InPorts = 2> <OutPorts = 1>
ST_1 : Operation 83 [1/1] (0.28ns)   --->   "%xor_ln24 = xor i1 %and_ln24, i1 1" [codes/crc.cpp:24]   --->   Operation 83 'xor' 'xor_ln24' <Predicate = (!icmp_ln22)> <Delay = 0.28> <CoreInst = "LogicGate">   --->   Core 74 'LogicGate' <Latency = 0> <II = 1> <Delay = 0.28> <FuncUnit> <Opcode : 'and' 'or' 'xor'> <InPorts = 2> <OutPorts = 1>
ST_1 : Operation 84 [1/1] (0.28ns)   --->   "%or_ln28 = or i1 %icmp_ln28, i1 %xor_ln24" [codes/crc.cpp:28]   --->   Operation 84 'or' 'or_ln28' <Predicate = (!icmp_ln22)> <Delay = 0.28> <CoreInst = "LogicGate">   --->   Core 74 'LogicGate' <Latency = 0> <II = 1> <Delay = 0.28> <FuncUnit> <Opcode : 'and' 'or' 'xor'> <InPorts = 2> <OutPorts = 1>
ST_1 : Operation 85 [1/1] (0.28ns)   --->   "%or_ln28_1 = or i1 %or_ln28, i1 %icmp_ln28_1" [codes/crc.cpp:28]   --->   Operation 85 'or' 'or_ln28_1' <Predicate = (!icmp_ln22)> <Delay = 0.28> <CoreInst = "LogicGate">   --->   Core 74 'LogicGate' <Latency = 0> <II = 1> <Delay = 0.28> <FuncUnit> <Opcode : 'and' 'or' 'xor'> <InPorts = 2> <OutPorts = 1>
ST_1 : Operation 86 [1/1] (0.28ns)   --->   "%or_ln28_2 = or i1 %or_ln28_1, i1 %icmp_ln28_2" [codes/crc.cpp:28]   --->   Operation 86 'or' 'or_ln28_2' <Predicate = (!icmp_ln22)> <Delay = 0.28> <CoreInst = "LogicGate">   --->   Core 74 'LogicGate' <Latency = 0> <II = 1> <Delay = 0.28> <FuncUnit> <Opcode : 'and' 'or' 'xor'> <InPorts = 2> <OutPorts = 1>
ST_1 : Operation 87 [1/1] (0.28ns)   --->   "%or_ln28_3 = or i1 %or_ln28_2, i1 %icmp_ln28_3" [codes/crc.cpp:28]   --->   Operation 87 'or' 'or_ln28_3' <Predicate = (!icmp_ln22)> <Delay = 0.28> <CoreInst = "LogicGate">   --->   Core 74 'LogicGate' <Latency = 0> <II = 1> <Delay = 0.28> <FuncUnit> <Opcode : 'and' 'or' 'xor'> <InPorts = 2> <OutPorts = 1>
ST_1 : Operation 88 [1/1] (0.28ns)   --->   "%or_ln28_4 = or i1 %icmp_ln28_4, i1 %icmp_ln28_5" [codes/crc.cpp:28]   --->   Operation 88 'or' 'or_ln28_4' <Predicate = (!icmp_ln22)> <Delay = 0.28> <CoreInst = "LogicGate">   --->   Core 74 'LogicGate' <Latency = 0> <II = 1> <Delay = 0.28> <FuncUnit> <Opcode : 'and' 'or' 'xor'> <InPorts = 2> <OutPorts = 1>
ST_1 : Operation 89 [1/1] (0.28ns)   --->   "%or_ln28_5 = or i1 %or_ln28_4, i1 %or_ln28_3" [codes/crc.cpp:28]   --->   Operation 89 'or' 'or_ln28_5' <Predicate = (!icmp_ln22)> <Delay = 0.28> <CoreInst = "LogicGate">   --->   Core 74 'LogicGate' <Latency = 0> <II = 1> <Delay = 0.28> <FuncUnit> <Opcode : 'and' 'or' 'xor'> <InPorts = 2> <OutPorts = 1>
ST_1 : Operation 90 [1/1] (0.00ns) (grouped into LUT with out node crc_V_69)   --->   "%or_ln28_6 = or i1 %or_ln28_5, i1 %icmp_ln28_6" [codes/crc.cpp:28]   --->   Operation 90 'or' 'or_ln28_6' <Predicate = (!icmp_ln22)> <Delay = 0.00> <CoreInst = "LogicGate">   --->   Core 74 'LogicGate' <Latency = 0> <II = 1> <Delay = 0.28> <FuncUnit> <Opcode : 'and' 'or' 'xor'> <InPorts = 2> <OutPorts = 1>
ST_1 : Operation 91 [1/1] (0.00ns) (grouped into LUT with out node crc_V_69)   --->   "%xor_ln28 = xor i1 %or_ln28_6, i1 1" [codes/crc.cpp:28]   --->   Operation 91 'xor' 'xor_ln28' <Predicate = (!icmp_ln22)> <Delay = 0.00> <CoreInst = "LogicGate">   --->   Core 74 'LogicGate' <Latency = 0> <II = 1> <Delay = 0.28> <FuncUnit> <Opcode : 'and' 'or' 'xor'> <InPorts = 2> <OutPorts = 1>
ST_1 : Operation 92 [1/1] (0.28ns) (out node of the LUT)   --->   "%crc_V_69 = xor i1 %crc_V_31, i1 %xor_ln28" [codes/crc.cpp:28]   --->   Operation 92 'xor' 'crc_V_69' <Predicate = (!icmp_ln22)> <Delay = 0.28> <CoreInst = "LogicGate">   --->   Core 74 'LogicGate' <Latency = 0> <II = 1> <Delay = 0.28> <FuncUnit> <Opcode : 'and' 'or' 'xor'> <InPorts = 2> <OutPorts = 1>
ST_1 : Operation 93 [1/1] (0.00ns) (grouped into LUT with out node crc_V_38)   --->   "%xor_ln28_2 = xor i1 %or_ln28_5, i1 1" [codes/crc.cpp:28]   --->   Operation 93 'xor' 'xor_ln28_2' <Predicate = (!icmp_ln22)> <Delay = 0.00> <CoreInst = "LogicGate">   --->   Core 74 'LogicGate' <Latency = 0> <II = 1> <Delay = 0.28> <FuncUnit> <Opcode : 'and' 'or' 'xor'> <InPorts = 2> <OutPorts = 1>
ST_1 : Operation 94 [1/1] (0.28ns)   --->   "%and_ln28 = and i1 %and_ln24, i1 %icmp_ln28_6" [codes/crc.cpp:28]   --->   Operation 94 'and' 'and_ln28' <Predicate = (!icmp_ln22)> <Delay = 0.28> <CoreInst = "LogicGate">   --->   Core 74 'LogicGate' <Latency = 0> <II = 1> <Delay = 0.28> <FuncUnit> <Opcode : 'and' 'or' 'xor'> <InPorts = 2> <OutPorts = 1>
ST_1 : Operation 95 [1/1] (0.00ns) (grouped into LUT with out node crc_V_38)   --->   "%or_ln28_7 = or i1 %and_ln28, i1 %xor_ln28_2" [codes/crc.cpp:28]   --->   Operation 95 'or' 'or_ln28_7' <Predicate = (!icmp_ln22)> <Delay = 0.00> <CoreInst = "LogicGate">   --->   Core 74 'LogicGate' <Latency = 0> <II = 1> <Delay = 0.28> <FuncUnit> <Opcode : 'and' 'or' 'xor'> <InPorts = 2> <OutPorts = 1>
ST_1 : Operation 96 [1/1] (0.28ns) (out node of the LUT)   --->   "%crc_V_38 = xor i1 %or_ln28_7, i1 %crc_V_90" [codes/crc.cpp:28]   --->   Operation 96 'xor' 'crc_V_38' <Predicate = (!icmp_ln22)> <Delay = 0.28> <CoreInst = "LogicGate">   --->   Core 74 'LogicGate' <Latency = 0> <II = 1> <Delay = 0.28> <FuncUnit> <Opcode : 'and' 'or' 'xor'> <InPorts = 2> <OutPorts = 1>
ST_1 : Operation 97 [1/1] (0.28ns)   --->   "%and_ln28_1 = and i1 %and_ln24, i1 %icmp_ln28_5" [codes/crc.cpp:28]   --->   Operation 97 'and' 'and_ln28_1' <Predicate = (!icmp_ln22)> <Delay = 0.28> <CoreInst = "LogicGate">   --->   Core 74 'LogicGate' <Latency = 0> <II = 1> <Delay = 0.28> <FuncUnit> <Opcode : 'and' 'or' 'xor'> <InPorts = 2> <OutPorts = 1>
ST_1 : Operation 98 [1/1] (0.00ns) (grouped into LUT with out node crc_V_68)   --->   "%select_ln28 = select i1 %and_ln28_1, i1 %ret_V_5, i1 %crc_V_89" [codes/crc.cpp:28]   --->   Operation 98 'select' 'select_ln28' <Predicate = (!icmp_ln22)> <Delay = 0.00> <CoreInst = "Sel">   --->   Core 73 'Sel' <Latency = 0> <II = 1> <Delay = 0.17> <FuncUnit> <Opcode : 'select'> <InPorts = 3> <OutPorts = 1>
ST_1 : Operation 99 [1/1] (0.17ns) (out node of the LUT)   --->   "%crc_V_68 = select i1 %and_ln28, i1 %ret_V_5, i1 %select_ln28" [codes/crc.cpp:28]   --->   Operation 99 'select' 'crc_V_68' <Predicate = (!icmp_ln22)> <Delay = 0.17> <CoreInst = "Sel">   --->   Core 73 'Sel' <Latency = 0> <II = 1> <Delay = 0.17> <FuncUnit> <Opcode : 'select'> <InPorts = 3> <OutPorts = 1>
ST_1 : Operation 100 [1/1] (0.00ns) (grouped into LUT with out node crc_V_67)   --->   "%or_ln28_8 = or i1 %or_ln28_3, i1 %icmp_ln28_6" [codes/crc.cpp:28]   --->   Operation 100 'or' 'or_ln28_8' <Predicate = (!icmp_ln22)> <Delay = 0.00> <CoreInst = "LogicGate">   --->   Core 74 'LogicGate' <Latency = 0> <II = 1> <Delay = 0.28> <FuncUnit> <Opcode : 'and' 'or' 'xor'> <InPorts = 2> <OutPorts = 1>
ST_1 : Operation 101 [1/1] (0.00ns) (grouped into LUT with out node crc_V_67)   --->   "%xor_ln28_4 = xor i1 %or_ln28_8, i1 1" [codes/crc.cpp:28]   --->   Operation 101 'xor' 'xor_ln28_4' <Predicate = (!icmp_ln22)> <Delay = 0.00> <CoreInst = "LogicGate">   --->   Core 74 'LogicGate' <Latency = 0> <II = 1> <Delay = 0.28> <FuncUnit> <Opcode : 'and' 'or' 'xor'> <InPorts = 2> <OutPorts = 1>
ST_1 : Operation 102 [1/1] (0.28ns) (out node of the LUT)   --->   "%crc_V_67 = xor i1 %crc_V_28, i1 %xor_ln28_4" [codes/crc.cpp:28]   --->   Operation 102 'xor' 'crc_V_67' <Predicate = (!icmp_ln22)> <Delay = 0.28> <CoreInst = "LogicGate">   --->   Core 74 'LogicGate' <Latency = 0> <II = 1> <Delay = 0.28> <FuncUnit> <Opcode : 'and' 'or' 'xor'> <InPorts = 2> <OutPorts = 1>
ST_1 : Operation 103 [1/1] (0.00ns) (grouped into LUT with out node crc_V_66)   --->   "%or_ln28_9 = or i1 %or_ln28_2, i1 %icmp_ln28_5" [codes/crc.cpp:28]   --->   Operation 103 'or' 'or_ln28_9' <Predicate = (!icmp_ln22)> <Delay = 0.00> <CoreInst = "LogicGate">   --->   Core 74 'LogicGate' <Latency = 0> <II = 1> <Delay = 0.28> <FuncUnit> <Opcode : 'and' 'or' 'xor'> <InPorts = 2> <OutPorts = 1>
ST_1 : Operation 104 [1/1] (0.00ns) (grouped into LUT with out node crc_V_66)   --->   "%xor_ln28_6 = xor i1 %or_ln28_9, i1 1" [codes/crc.cpp:28]   --->   Operation 104 'xor' 'xor_ln28_6' <Predicate = (!icmp_ln22)> <Delay = 0.00> <CoreInst = "LogicGate">   --->   Core 74 'LogicGate' <Latency = 0> <II = 1> <Delay = 0.28> <FuncUnit> <Opcode : 'and' 'or' 'xor'> <InPorts = 2> <OutPorts = 1>
ST_1 : Operation 105 [1/1] (0.28ns)   --->   "%and_ln28_2 = and i1 %and_ln24, i1 %icmp_ln28_4" [codes/crc.cpp:28]   --->   Operation 105 'and' 'and_ln28_2' <Predicate = (!icmp_ln22)> <Delay = 0.28> <CoreInst = "LogicGate">   --->   Core 74 'LogicGate' <Latency = 0> <II = 1> <Delay = 0.28> <FuncUnit> <Opcode : 'and' 'or' 'xor'> <InPorts = 2> <OutPorts = 1>
ST_1 : Operation 106 [1/1] (0.28ns)   --->   "%and_ln28_3 = and i1 %and_ln24, i1 %icmp_ln28_3" [codes/crc.cpp:28]   --->   Operation 106 'and' 'and_ln28_3' <Predicate = (!icmp_ln22)> <Delay = 0.28> <CoreInst = "LogicGate">   --->   Core 74 'LogicGate' <Latency = 0> <II = 1> <Delay = 0.28> <FuncUnit> <Opcode : 'and' 'or' 'xor'> <InPorts = 2> <OutPorts = 1>
ST_1 : Operation 107 [1/1] (0.00ns) (grouped into LUT with out node crc_V_66)   --->   "%or_ln28_10 = or i1 %and_ln28_2, i1 %xor_ln28_6" [codes/crc.cpp:28]   --->   Operation 107 'or' 'or_ln28_10' <Predicate = (!icmp_ln22)> <Delay = 0.00> <CoreInst = "LogicGate">   --->   Core 74 'LogicGate' <Latency = 0> <II = 1> <Delay = 0.28> <FuncUnit> <Opcode : 'and' 'or' 'xor'> <InPorts = 2> <OutPorts = 1>
ST_1 : Operation 108 [1/1] (0.00ns) (grouped into LUT with out node crc_V_66)   --->   "%or_ln28_11 = or i1 %and_ln28_3, i1 %and_ln28" [codes/crc.cpp:28]   --->   Operation 108 'or' 'or_ln28_11' <Predicate = (!icmp_ln22)> <Delay = 0.00> <CoreInst = "LogicGate">   --->   Core 74 'LogicGate' <Latency = 0> <II = 1> <Delay = 0.28> <FuncUnit> <Opcode : 'and' 'or' 'xor'> <InPorts = 2> <OutPorts = 1>
ST_1 : Operation 109 [1/1] (0.00ns) (grouped into LUT with out node crc_V_66)   --->   "%or_ln28_12 = or i1 %or_ln28_11, i1 %or_ln28_10" [codes/crc.cpp:28]   --->   Operation 109 'or' 'or_ln28_12' <Predicate = (!icmp_ln22)> <Delay = 0.00> <CoreInst = "LogicGate">   --->   Core 74 'LogicGate' <Latency = 0> <II = 1> <Delay = 0.28> <FuncUnit> <Opcode : 'and' 'or' 'xor'> <InPorts = 2> <OutPorts = 1>
ST_1 : Operation 110 [1/1] (0.28ns) (out node of the LUT)   --->   "%crc_V_66 = xor i1 %or_ln28_12, i1 %crc_V_88" [codes/crc.cpp:28]   --->   Operation 110 'xor' 'crc_V_66' <Predicate = (!icmp_ln22)> <Delay = 0.28> <CoreInst = "LogicGate">   --->   Core 74 'LogicGate' <Latency = 0> <II = 1> <Delay = 0.28> <FuncUnit> <Opcode : 'and' 'or' 'xor'> <InPorts = 2> <OutPorts = 1>
ST_1 : Operation 111 [1/1] (0.00ns) (grouped into LUT with out node crc_V_65)   --->   "%or_ln28_13 = or i1 %or_ln28_1, i1 %icmp_ln28_4" [codes/crc.cpp:28]   --->   Operation 111 'or' 'or_ln28_13' <Predicate = (!icmp_ln22)> <Delay = 0.00> <CoreInst = "LogicGate">   --->   Core 74 'LogicGate' <Latency = 0> <II = 1> <Delay = 0.28> <FuncUnit> <Opcode : 'and' 'or' 'xor'> <InPorts = 2> <OutPorts = 1>
ST_1 : Operation 112 [1/1] (0.00ns) (grouped into LUT with out node crc_V_65)   --->   "%xor_ln28_8 = xor i1 %or_ln28_13, i1 1" [codes/crc.cpp:28]   --->   Operation 112 'xor' 'xor_ln28_8' <Predicate = (!icmp_ln22)> <Delay = 0.00> <CoreInst = "LogicGate">   --->   Core 74 'LogicGate' <Latency = 0> <II = 1> <Delay = 0.28> <FuncUnit> <Opcode : 'and' 'or' 'xor'> <InPorts = 2> <OutPorts = 1>
ST_1 : Operation 113 [1/1] (0.28ns)   --->   "%and_ln28_4 = and i1 %and_ln24, i1 %icmp_ln28_2" [codes/crc.cpp:28]   --->   Operation 113 'and' 'and_ln28_4' <Predicate = (!icmp_ln22)> <Delay = 0.28> <CoreInst = "LogicGate">   --->   Core 74 'LogicGate' <Latency = 0> <II = 1> <Delay = 0.28> <FuncUnit> <Opcode : 'and' 'or' 'xor'> <InPorts = 2> <OutPorts = 1>
ST_1 : Operation 114 [1/1] (0.00ns) (grouped into LUT with out node crc_V_65)   --->   "%or_ln28_14 = or i1 %and_ln28_3, i1 %xor_ln28_8" [codes/crc.cpp:28]   --->   Operation 114 'or' 'or_ln28_14' <Predicate = (!icmp_ln22)> <Delay = 0.00> <CoreInst = "LogicGate">   --->   Core 74 'LogicGate' <Latency = 0> <II = 1> <Delay = 0.28> <FuncUnit> <Opcode : 'and' 'or' 'xor'> <InPorts = 2> <OutPorts = 1>
ST_1 : Operation 115 [1/1] (0.28ns)   --->   "%or_ln28_15 = or i1 %and_ln28_4, i1 %and_ln28" [codes/crc.cpp:28]   --->   Operation 115 'or' 'or_ln28_15' <Predicate = (!icmp_ln22)> <Delay = 0.28> <CoreInst = "LogicGate">   --->   Core 74 'LogicGate' <Latency = 0> <II = 1> <Delay = 0.28> <FuncUnit> <Opcode : 'and' 'or' 'xor'> <InPorts = 2> <OutPorts = 1>
ST_1 : Operation 116 [1/1] (0.00ns) (grouped into LUT with out node crc_V_65)   --->   "%or_ln28_16 = or i1 %or_ln28_15, i1 %or_ln28_14" [codes/crc.cpp:28]   --->   Operation 116 'or' 'or_ln28_16' <Predicate = (!icmp_ln22)> <Delay = 0.00> <CoreInst = "LogicGate">   --->   Core 74 'LogicGate' <Latency = 0> <II = 1> <Delay = 0.28> <FuncUnit> <Opcode : 'and' 'or' 'xor'> <InPorts = 2> <OutPorts = 1>
ST_1 : Operation 117 [1/1] (0.28ns) (out node of the LUT)   --->   "%crc_V_65 = xor i1 %or_ln28_16, i1 %crc_V_87" [codes/crc.cpp:28]   --->   Operation 117 'xor' 'crc_V_65' <Predicate = (!icmp_ln22)> <Delay = 0.28> <CoreInst = "LogicGate">   --->   Core 74 'LogicGate' <Latency = 0> <II = 1> <Delay = 0.28> <FuncUnit> <Opcode : 'and' 'or' 'xor'> <InPorts = 2> <OutPorts = 1>
ST_1 : Operation 118 [1/1] (0.28ns)   --->   "%or_ln28_17 = or i1 %or_ln28, i1 %icmp_ln28_3" [codes/crc.cpp:28]   --->   Operation 118 'or' 'or_ln28_17' <Predicate = (!icmp_ln22)> <Delay = 0.28> <CoreInst = "LogicGate">   --->   Core 74 'LogicGate' <Latency = 0> <II = 1> <Delay = 0.28> <FuncUnit> <Opcode : 'and' 'or' 'xor'> <InPorts = 2> <OutPorts = 1>
ST_1 : Operation 119 [1/1] (0.00ns) (grouped into LUT with out node crc_V_64)   --->   "%xor_ln28_10 = xor i1 %or_ln28_17, i1 1" [codes/crc.cpp:28]   --->   Operation 119 'xor' 'xor_ln28_10' <Predicate = (!icmp_ln22)> <Delay = 0.00> <CoreInst = "LogicGate">   --->   Core 74 'LogicGate' <Latency = 0> <II = 1> <Delay = 0.28> <FuncUnit> <Opcode : 'and' 'or' 'xor'> <InPorts = 2> <OutPorts = 1>
ST_1 : Operation 120 [1/1] (0.28ns)   --->   "%and_ln28_5 = and i1 %and_ln24, i1 %icmp_ln28_1" [codes/crc.cpp:28]   --->   Operation 120 'and' 'and_ln28_5' <Predicate = (!icmp_ln22)> <Delay = 0.28> <CoreInst = "LogicGate">   --->   Core 74 'LogicGate' <Latency = 0> <II = 1> <Delay = 0.28> <FuncUnit> <Opcode : 'and' 'or' 'xor'> <InPorts = 2> <OutPorts = 1>
ST_1 : Operation 121 [1/1] (0.00ns) (grouped into LUT with out node crc_V_64)   --->   "%or_ln28_18 = or i1 %and_ln28_4, i1 %xor_ln28_10" [codes/crc.cpp:28]   --->   Operation 121 'or' 'or_ln28_18' <Predicate = (!icmp_ln22)> <Delay = 0.00> <CoreInst = "LogicGate">   --->   Core 74 'LogicGate' <Latency = 0> <II = 1> <Delay = 0.28> <FuncUnit> <Opcode : 'and' 'or' 'xor'> <InPorts = 2> <OutPorts = 1>
ST_1 : Operation 122 [1/1] (0.00ns) (grouped into LUT with out node crc_V_64)   --->   "%or_ln28_19 = or i1 %and_ln28_5, i1 %and_ln28" [codes/crc.cpp:28]   --->   Operation 122 'or' 'or_ln28_19' <Predicate = (!icmp_ln22)> <Delay = 0.00> <CoreInst = "LogicGate">   --->   Core 74 'LogicGate' <Latency = 0> <II = 1> <Delay = 0.28> <FuncUnit> <Opcode : 'and' 'or' 'xor'> <InPorts = 2> <OutPorts = 1>
ST_1 : Operation 123 [1/1] (0.00ns) (grouped into LUT with out node crc_V_64)   --->   "%or_ln28_20 = or i1 %or_ln28_19, i1 %or_ln28_18" [codes/crc.cpp:28]   --->   Operation 123 'or' 'or_ln28_20' <Predicate = (!icmp_ln22)> <Delay = 0.00> <CoreInst = "LogicGate">   --->   Core 74 'LogicGate' <Latency = 0> <II = 1> <Delay = 0.28> <FuncUnit> <Opcode : 'and' 'or' 'xor'> <InPorts = 2> <OutPorts = 1>
ST_1 : Operation 124 [1/1] (0.28ns) (out node of the LUT)   --->   "%crc_V_64 = xor i1 %or_ln28_20, i1 %crc_V_86" [codes/crc.cpp:28]   --->   Operation 124 'xor' 'crc_V_64' <Predicate = (!icmp_ln22)> <Delay = 0.28> <CoreInst = "LogicGate">   --->   Core 74 'LogicGate' <Latency = 0> <II = 1> <Delay = 0.28> <FuncUnit> <Opcode : 'and' 'or' 'xor'> <InPorts = 2> <OutPorts = 1>
ST_1 : Operation 125 [1/1] (0.58ns)   --->   "%icmp_ln28_7 = icmp_ne  i3 %trunc_ln1019, i3 2" [codes/crc.cpp:28]   --->   Operation 125 'icmp' 'icmp_ln28_7' <Predicate = (!icmp_ln22)> <Delay = 0.58> <CoreInst = "Cmp">   --->   Core 9 'Cmp' <Latency = 0> <II = 1> <Delay = 0.58> <FuncUnit> <Opcode : 'icmp'> <InPorts = 2> <OutPorts = 1>
ST_1 : Operation 126 [1/1] (0.00ns) (grouped into LUT with out node crc_V_63)   --->   "%and_ln28_6 = and i1 %and_ln24, i1 %icmp_ln28_7" [codes/crc.cpp:28]   --->   Operation 126 'and' 'and_ln28_6' <Predicate = (!icmp_ln22)> <Delay = 0.00> <CoreInst = "LogicGate">   --->   Core 74 'LogicGate' <Latency = 0> <II = 1> <Delay = 0.28> <FuncUnit> <Opcode : 'and' 'or' 'xor'> <InPorts = 2> <OutPorts = 1>
ST_1 : Operation 127 [1/1] (0.28ns) (out node of the LUT)   --->   "%crc_V_63 = xor i1 %and_ln28_6, i1 %crc_V_77" [codes/crc.cpp:28]   --->   Operation 127 'xor' 'crc_V_63' <Predicate = (!icmp_ln22)> <Delay = 0.28> <CoreInst = "LogicGate">   --->   Core 74 'LogicGate' <Latency = 0> <II = 1> <Delay = 0.28> <FuncUnit> <Opcode : 'and' 'or' 'xor'> <InPorts = 2> <OutPorts = 1>
ST_1 : Operation 128 [1/1] (0.28ns)   --->   "%and_ln28_7 = and i1 %and_ln24, i1 %icmp_ln28" [codes/crc.cpp:28]   --->   Operation 128 'and' 'and_ln28_7' <Predicate = (!icmp_ln22)> <Delay = 0.28> <CoreInst = "LogicGate">   --->   Core 74 'LogicGate' <Latency = 0> <II = 1> <Delay = 0.28> <FuncUnit> <Opcode : 'and' 'or' 'xor'> <InPorts = 2> <OutPorts = 1>
ST_1 : Operation 129 [1/1] (0.28ns)   --->   "%or_ln28_21 = or i1 %and_ln28, i1 %and_ln28_7" [codes/crc.cpp:28]   --->   Operation 129 'or' 'or_ln28_21' <Predicate = (!icmp_ln22)> <Delay = 0.28> <CoreInst = "LogicGate">   --->   Core 74 'LogicGate' <Latency = 0> <II = 1> <Delay = 0.28> <FuncUnit> <Opcode : 'and' 'or' 'xor'> <InPorts = 2> <OutPorts = 1>
ST_1 : Operation 130 [1/1] (0.00ns) (grouped into LUT with out node or_ln28_24)   --->   "%or_ln28_22 = or i1 %and_ln28_4, i1 %and_ln28_3" [codes/crc.cpp:28]   --->   Operation 130 'or' 'or_ln28_22' <Predicate = (!icmp_ln22)> <Delay = 0.00> <CoreInst = "LogicGate">   --->   Core 74 'LogicGate' <Latency = 0> <II = 1> <Delay = 0.28> <FuncUnit> <Opcode : 'and' 'or' 'xor'> <InPorts = 2> <OutPorts = 1>
ST_1 : Operation 131 [1/1] (0.28ns)   --->   "%or_ln28_23 = or i1 %and_ln28_2, i1 %and_ln28_1" [codes/crc.cpp:28]   --->   Operation 131 'or' 'or_ln28_23' <Predicate = (!icmp_ln22)> <Delay = 0.28> <CoreInst = "LogicGate">   --->   Core 74 'LogicGate' <Latency = 0> <II = 1> <Delay = 0.28> <FuncUnit> <Opcode : 'and' 'or' 'xor'> <InPorts = 2> <OutPorts = 1>
ST_1 : Operation 132 [1/1] (0.28ns) (out node of the LUT)   --->   "%or_ln28_24 = or i1 %or_ln28_21, i1 %or_ln28_22" [codes/crc.cpp:28]   --->   Operation 132 'or' 'or_ln28_24' <Predicate = (!icmp_ln22)> <Delay = 0.28> <CoreInst = "LogicGate">   --->   Core 74 'LogicGate' <Latency = 0> <II = 1> <Delay = 0.28> <FuncUnit> <Opcode : 'and' 'or' 'xor'> <InPorts = 2> <OutPorts = 1>
ST_1 : Operation 133 [1/1] (0.00ns) (grouped into LUT with out node crc_V_62)   --->   "%select_ln28_2 = select i1 %or_ln28_23, i1 %ret_V_4, i1 %crc_V_76" [codes/crc.cpp:28]   --->   Operation 133 'select' 'select_ln28_2' <Predicate = (!icmp_ln22)> <Delay = 0.00> <CoreInst = "Sel">   --->   Core 73 'Sel' <Latency = 0> <II = 1> <Delay = 0.17> <FuncUnit> <Opcode : 'select'> <InPorts = 3> <OutPorts = 1>
ST_1 : Operation 134 [1/1] (0.17ns) (out node of the LUT)   --->   "%crc_V_62 = select i1 %or_ln28_24, i1 %ret_V_4, i1 %select_ln28_2" [codes/crc.cpp:28]   --->   Operation 134 'select' 'crc_V_62' <Predicate = (!icmp_ln22)> <Delay = 0.17> <CoreInst = "Sel">   --->   Core 73 'Sel' <Latency = 0> <II = 1> <Delay = 0.17> <FuncUnit> <Opcode : 'select'> <InPorts = 3> <OutPorts = 1>
ST_1 : Operation 135 [1/1] (0.28ns)   --->   "%or_ln28_25 = or i1 %and_ln28_5, i1 %and_ln28_4" [codes/crc.cpp:28]   --->   Operation 135 'or' 'or_ln28_25' <Predicate = (!icmp_ln22)> <Delay = 0.28> <CoreInst = "LogicGate">   --->   Core 74 'LogicGate' <Latency = 0> <II = 1> <Delay = 0.28> <FuncUnit> <Opcode : 'and' 'or' 'xor'> <InPorts = 2> <OutPorts = 1>
ST_1 : Operation 136 [1/1] (0.00ns) (grouped into LUT with out node or_ln28_27)   --->   "%or_ln28_26 = or i1 %and_ln28_3, i1 %and_ln28_2" [codes/crc.cpp:28]   --->   Operation 136 'or' 'or_ln28_26' <Predicate = (!icmp_ln22)> <Delay = 0.00> <CoreInst = "LogicGate">   --->   Core 74 'LogicGate' <Latency = 0> <II = 1> <Delay = 0.28> <FuncUnit> <Opcode : 'and' 'or' 'xor'> <InPorts = 2> <OutPorts = 1>
ST_1 : Operation 137 [1/1] (0.00ns) (grouped into LUT with out node crc_V_61)   --->   "%select_ln28_4 = select i1 %and_ln28_1, i1 %xor_ln1499_10, i1 %crc_V_22" [codes/crc.cpp:28]   --->   Operation 137 'select' 'select_ln28_4' <Predicate = (!icmp_ln22)> <Delay = 0.00> <CoreInst = "Sel">   --->   Core 73 'Sel' <Latency = 0> <II = 1> <Delay = 0.17> <FuncUnit> <Opcode : 'select'> <InPorts = 3> <OutPorts = 1>
ST_1 : Operation 138 [1/1] (0.28ns) (out node of the LUT)   --->   "%or_ln28_27 = or i1 %or_ln28_25, i1 %or_ln28_26" [codes/crc.cpp:28]   --->   Operation 138 'or' 'or_ln28_27' <Predicate = (!icmp_ln22)> <Delay = 0.28> <CoreInst = "LogicGate">   --->   Core 74 'LogicGate' <Latency = 0> <II = 1> <Delay = 0.28> <FuncUnit> <Opcode : 'and' 'or' 'xor'> <InPorts = 2> <OutPorts = 1>
ST_1 : Operation 139 [1/1] (0.17ns) (out node of the LUT)   --->   "%crc_V_61 = select i1 %or_ln28_27, i1 %xor_ln1499_10, i1 %select_ln28_4" [codes/crc.cpp:28]   --->   Operation 139 'select' 'crc_V_61' <Predicate = (!icmp_ln22)> <Delay = 0.17> <CoreInst = "Sel">   --->   Core 73 'Sel' <Latency = 0> <II = 1> <Delay = 0.17> <FuncUnit> <Opcode : 'select'> <InPorts = 3> <OutPorts = 1>
ST_1 : Operation 140 [1/1] (0.00ns) (grouped into LUT with out node or_ln28_31)   --->   "%or_ln28_28 = or i1 %icmp_ln28_6, i1 %xor_ln24" [codes/crc.cpp:28]   --->   Operation 140 'or' 'or_ln28_28' <Predicate = (!icmp_ln22)> <Delay = 0.00> <CoreInst = "LogicGate">   --->   Core 74 'LogicGate' <Latency = 0> <II = 1> <Delay = 0.28> <FuncUnit> <Opcode : 'and' 'or' 'xor'> <InPorts = 2> <OutPorts = 1>
ST_1 : Operation 141 [1/1] (0.00ns) (grouped into LUT with out node or_ln28_31)   --->   "%or_ln28_29 = or i1 %or_ln28_28, i1 %icmp_ln28_5" [codes/crc.cpp:28]   --->   Operation 141 'or' 'or_ln28_29' <Predicate = (!icmp_ln22)> <Delay = 0.00> <CoreInst = "LogicGate">   --->   Core 74 'LogicGate' <Latency = 0> <II = 1> <Delay = 0.28> <FuncUnit> <Opcode : 'and' 'or' 'xor'> <InPorts = 2> <OutPorts = 1>
ST_1 : Operation 142 [1/1] (0.00ns) (grouped into LUT with out node or_ln28_31)   --->   "%xor_ln28_13 = xor i1 %or_ln28_29, i1 1" [codes/crc.cpp:28]   --->   Operation 142 'xor' 'xor_ln28_13' <Predicate = (!icmp_ln22)> <Delay = 0.00> <CoreInst = "LogicGate">   --->   Core 74 'LogicGate' <Latency = 0> <II = 1> <Delay = 0.28> <FuncUnit> <Opcode : 'and' 'or' 'xor'> <InPorts = 2> <OutPorts = 1>
ST_1 : Operation 143 [1/1] (0.00ns) (grouped into LUT with out node or_ln28_31)   --->   "%or_ln28_30 = or i1 %and_ln28_3, i1 %xor_ln28_13" [codes/crc.cpp:28]   --->   Operation 143 'or' 'or_ln28_30' <Predicate = (!icmp_ln22)> <Delay = 0.00> <CoreInst = "LogicGate">   --->   Core 74 'LogicGate' <Latency = 0> <II = 1> <Delay = 0.28> <FuncUnit> <Opcode : 'and' 'or' 'xor'> <InPorts = 2> <OutPorts = 1>
ST_1 : Operation 144 [1/1] (0.28ns) (out node of the LUT)   --->   "%or_ln28_31 = or i1 %or_ln28_30, i1 %and_ln28_2" [codes/crc.cpp:28]   --->   Operation 144 'or' 'or_ln28_31' <Predicate = (!icmp_ln22)> <Delay = 0.28> <CoreInst = "LogicGate">   --->   Core 74 'LogicGate' <Latency = 0> <II = 1> <Delay = 0.28> <FuncUnit> <Opcode : 'and' 'or' 'xor'> <InPorts = 2> <OutPorts = 1>
ST_1 : Operation 145 [1/1] (0.28ns)   --->   "%or_ln28_32 = or i1 %and_ln28_5, i1 %and_ln28_7" [codes/crc.cpp:28]   --->   Operation 145 'or' 'or_ln28_32' <Predicate = (!icmp_ln22)> <Delay = 0.28> <CoreInst = "LogicGate">   --->   Core 74 'LogicGate' <Latency = 0> <II = 1> <Delay = 0.28> <FuncUnit> <Opcode : 'and' 'or' 'xor'> <InPorts = 2> <OutPorts = 1>
ST_1 : Operation 146 [1/1] (0.00ns) (grouped into LUT with out node crc_V_60)   --->   "%or_ln28_33 = or i1 %or_ln28_32, i1 %and_ln28_4" [codes/crc.cpp:28]   --->   Operation 146 'or' 'or_ln28_33' <Predicate = (!icmp_ln22)> <Delay = 0.00> <CoreInst = "LogicGate">   --->   Core 74 'LogicGate' <Latency = 0> <II = 1> <Delay = 0.28> <FuncUnit> <Opcode : 'and' 'or' 'xor'> <InPorts = 2> <OutPorts = 1>
ST_1 : Operation 147 [1/1] (0.00ns) (grouped into LUT with out node crc_V_60)   --->   "%or_ln28_34 = or i1 %or_ln28_33, i1 %or_ln28_31" [codes/crc.cpp:28]   --->   Operation 147 'or' 'or_ln28_34' <Predicate = (!icmp_ln22)> <Delay = 0.00> <CoreInst = "LogicGate">   --->   Core 74 'LogicGate' <Latency = 0> <II = 1> <Delay = 0.28> <FuncUnit> <Opcode : 'and' 'or' 'xor'> <InPorts = 2> <OutPorts = 1>
ST_1 : Operation 148 [1/1] (0.28ns) (out node of the LUT)   --->   "%crc_V_60 = xor i1 %or_ln28_34, i1 %crc_V_21" [codes/crc.cpp:28]   --->   Operation 148 'xor' 'crc_V_60' <Predicate = (!icmp_ln22)> <Delay = 0.28> <CoreInst = "LogicGate">   --->   Core 74 'LogicGate' <Latency = 0> <II = 1> <Delay = 0.28> <FuncUnit> <Opcode : 'and' 'or' 'xor'> <InPorts = 2> <OutPorts = 1>
ST_1 : Operation 149 [1/1] (0.00ns) (grouped into LUT with out node or_ln28_38)   --->   "%or_ln28_35 = or i1 %icmp_ln28_5, i1 %xor_ln24" [codes/crc.cpp:28]   --->   Operation 149 'or' 'or_ln28_35' <Predicate = (!icmp_ln22)> <Delay = 0.00> <CoreInst = "LogicGate">   --->   Core 74 'LogicGate' <Latency = 0> <II = 1> <Delay = 0.28> <FuncUnit> <Opcode : 'and' 'or' 'xor'> <InPorts = 2> <OutPorts = 1>
ST_1 : Operation 150 [1/1] (0.00ns) (grouped into LUT with out node or_ln28_38)   --->   "%or_ln28_36 = or i1 %or_ln28_35, i1 %icmp_ln28_4" [codes/crc.cpp:28]   --->   Operation 150 'or' 'or_ln28_36' <Predicate = (!icmp_ln22)> <Delay = 0.00> <CoreInst = "LogicGate">   --->   Core 74 'LogicGate' <Latency = 0> <II = 1> <Delay = 0.28> <FuncUnit> <Opcode : 'and' 'or' 'xor'> <InPorts = 2> <OutPorts = 1>
ST_1 : Operation 151 [1/1] (0.00ns) (grouped into LUT with out node or_ln28_38)   --->   "%xor_ln28_15 = xor i1 %or_ln28_36, i1 1" [codes/crc.cpp:28]   --->   Operation 151 'xor' 'xor_ln28_15' <Predicate = (!icmp_ln22)> <Delay = 0.00> <CoreInst = "LogicGate">   --->   Core 74 'LogicGate' <Latency = 0> <II = 1> <Delay = 0.28> <FuncUnit> <Opcode : 'and' 'or' 'xor'> <InPorts = 2> <OutPorts = 1>
ST_1 : Operation 152 [1/1] (0.00ns) (grouped into LUT with out node or_ln28_38)   --->   "%or_ln28_37 = or i1 %and_ln28_4, i1 %xor_ln28_15" [codes/crc.cpp:28]   --->   Operation 152 'or' 'or_ln28_37' <Predicate = (!icmp_ln22)> <Delay = 0.00> <CoreInst = "LogicGate">   --->   Core 74 'LogicGate' <Latency = 0> <II = 1> <Delay = 0.28> <FuncUnit> <Opcode : 'and' 'or' 'xor'> <InPorts = 2> <OutPorts = 1>
ST_1 : Operation 153 [1/1] (0.28ns) (out node of the LUT)   --->   "%or_ln28_38 = or i1 %or_ln28_37, i1 %and_ln28_3" [codes/crc.cpp:28]   --->   Operation 153 'or' 'or_ln28_38' <Predicate = (!icmp_ln22)> <Delay = 0.28> <CoreInst = "LogicGate">   --->   Core 74 'LogicGate' <Latency = 0> <II = 1> <Delay = 0.28> <FuncUnit> <Opcode : 'and' 'or' 'xor'> <InPorts = 2> <OutPorts = 1>
ST_1 : Operation 154 [1/1] (0.00ns) (grouped into LUT with out node crc_V_59)   --->   "%or_ln28_39 = or i1 %or_ln28_21, i1 %and_ln28_5" [codes/crc.cpp:28]   --->   Operation 154 'or' 'or_ln28_39' <Predicate = (!icmp_ln22)> <Delay = 0.00> <CoreInst = "LogicGate">   --->   Core 74 'LogicGate' <Latency = 0> <II = 1> <Delay = 0.28> <FuncUnit> <Opcode : 'and' 'or' 'xor'> <InPorts = 2> <OutPorts = 1>
ST_1 : Operation 155 [1/1] (0.00ns) (grouped into LUT with out node crc_V_59)   --->   "%or_ln28_40 = or i1 %or_ln28_39, i1 %or_ln28_38" [codes/crc.cpp:28]   --->   Operation 155 'or' 'or_ln28_40' <Predicate = (!icmp_ln22)> <Delay = 0.00> <CoreInst = "LogicGate">   --->   Core 74 'LogicGate' <Latency = 0> <II = 1> <Delay = 0.28> <FuncUnit> <Opcode : 'and' 'or' 'xor'> <InPorts = 2> <OutPorts = 1>
ST_1 : Operation 156 [1/1] (0.28ns) (out node of the LUT)   --->   "%crc_V_59 = xor i1 %or_ln28_40, i1 %crc_V_75" [codes/crc.cpp:28]   --->   Operation 156 'xor' 'crc_V_59' <Predicate = (!icmp_ln22)> <Delay = 0.28> <CoreInst = "LogicGate">   --->   Core 74 'LogicGate' <Latency = 0> <II = 1> <Delay = 0.28> <FuncUnit> <Opcode : 'and' 'or' 'xor'> <InPorts = 2> <OutPorts = 1>
ST_1 : Operation 157 [1/1] (0.00ns) (grouped into LUT with out node crc_V_58)   --->   "%select_ln28_6 = select i1 %and_ln28_1, i1 %ret_V_3, i1 %crc_V_74" [codes/crc.cpp:28]   --->   Operation 157 'select' 'select_ln28_6' <Predicate = (!icmp_ln22)> <Delay = 0.00> <CoreInst = "Sel">   --->   Core 73 'Sel' <Latency = 0> <II = 1> <Delay = 0.17> <FuncUnit> <Opcode : 'select'> <InPorts = 3> <OutPorts = 1>
ST_1 : Operation 158 [1/1] (0.00ns) (grouped into LUT with out node crc_V_58)   --->   "%or_ln28_41 = or i1 %or_ln28_21, i1 %or_ln28_25" [codes/crc.cpp:28]   --->   Operation 158 'or' 'or_ln28_41' <Predicate = (!icmp_ln22)> <Delay = 0.00> <CoreInst = "LogicGate">   --->   Core 74 'LogicGate' <Latency = 0> <II = 1> <Delay = 0.28> <FuncUnit> <Opcode : 'and' 'or' 'xor'> <InPorts = 2> <OutPorts = 1>
ST_1 : Operation 159 [1/1] (0.28ns) (out node of the LUT)   --->   "%crc_V_58 = select i1 %or_ln28_41, i1 %ret_V_3, i1 %select_ln28_6" [codes/crc.cpp:28]   --->   Operation 159 'select' 'crc_V_58' <Predicate = (!icmp_ln22)> <Delay = 0.28> <CoreInst = "Sel">   --->   Core 73 'Sel' <Latency = 0> <II = 1> <Delay = 0.17> <FuncUnit> <Opcode : 'select'> <InPorts = 3> <OutPorts = 1>
ST_1 : Operation 160 [1/1] (0.00ns) (grouped into LUT with out node crc_V_57)   --->   "%or_ln28_42 = or i1 %or_ln28_32, i1 %or_ln28_23" [codes/crc.cpp:28]   --->   Operation 160 'or' 'or_ln28_42' <Predicate = (!icmp_ln22)> <Delay = 0.00> <CoreInst = "LogicGate">   --->   Core 74 'LogicGate' <Latency = 0> <II = 1> <Delay = 0.28> <FuncUnit> <Opcode : 'and' 'or' 'xor'> <InPorts = 2> <OutPorts = 1>
ST_1 : Operation 161 [1/1] (0.28ns) (out node of the LUT)   --->   "%crc_V_57 = select i1 %or_ln28_42, i1 %xor_ln1499_4, i1 %crc_V_18" [codes/crc.cpp:28]   --->   Operation 161 'select' 'crc_V_57' <Predicate = (!icmp_ln22)> <Delay = 0.28> <CoreInst = "Sel">   --->   Core 73 'Sel' <Latency = 0> <II = 1> <Delay = 0.17> <FuncUnit> <Opcode : 'select'> <InPorts = 3> <OutPorts = 1>
ST_1 : Operation 162 [1/1] (0.00ns) (grouped into LUT with out node or_ln28_44)   --->   "%or_ln28_43 = or i1 %icmp_ln28_2, i1 %xor_ln24" [codes/crc.cpp:28]   --->   Operation 162 'or' 'or_ln28_43' <Predicate = (!icmp_ln22)> <Delay = 0.00> <CoreInst = "LogicGate">   --->   Core 74 'LogicGate' <Latency = 0> <II = 1> <Delay = 0.28> <FuncUnit> <Opcode : 'and' 'or' 'xor'> <InPorts = 2> <OutPorts = 1>
ST_1 : Operation 163 [1/1] (0.28ns) (out node of the LUT)   --->   "%or_ln28_44 = or i1 %or_ln28_43, i1 %icmp_ln28_1" [codes/crc.cpp:28]   --->   Operation 163 'or' 'or_ln28_44' <Predicate = (!icmp_ln22)> <Delay = 0.28> <CoreInst = "LogicGate">   --->   Core 74 'LogicGate' <Latency = 0> <II = 1> <Delay = 0.28> <FuncUnit> <Opcode : 'and' 'or' 'xor'> <InPorts = 2> <OutPorts = 1>
ST_1 : Operation 164 [1/1] (0.28ns)   --->   "%or_ln28_45 = or i1 %icmp_ln28_5, i1 %icmp_ln28_6" [codes/crc.cpp:28]   --->   Operation 164 'or' 'or_ln28_45' <Predicate = (!icmp_ln22)> <Delay = 0.28> <CoreInst = "LogicGate">   --->   Core 74 'LogicGate' <Latency = 0> <II = 1> <Delay = 0.28> <FuncUnit> <Opcode : 'and' 'or' 'xor'> <InPorts = 2> <OutPorts = 1>
ST_1 : Operation 165 [1/1] (0.00ns) (grouped into LUT with out node crc_V_56)   --->   "%or_ln28_46 = or i1 %or_ln28_45, i1 %or_ln28_44" [codes/crc.cpp:28]   --->   Operation 165 'or' 'or_ln28_46' <Predicate = (!icmp_ln22)> <Delay = 0.00> <CoreInst = "LogicGate">   --->   Core 74 'LogicGate' <Latency = 0> <II = 1> <Delay = 0.28> <FuncUnit> <Opcode : 'and' 'or' 'xor'> <InPorts = 2> <OutPorts = 1>
ST_1 : Operation 166 [1/1] (0.00ns) (grouped into LUT with out node crc_V_56)   --->   "%xor_ln28_17 = xor i1 %or_ln28_46, i1 1" [codes/crc.cpp:28]   --->   Operation 166 'xor' 'xor_ln28_17' <Predicate = (!icmp_ln22)> <Delay = 0.00> <CoreInst = "LogicGate">   --->   Core 74 'LogicGate' <Latency = 0> <II = 1> <Delay = 0.28> <FuncUnit> <Opcode : 'and' 'or' 'xor'> <InPorts = 2> <OutPorts = 1>
ST_1 : Operation 167 [1/1] (0.00ns) (grouped into LUT with out node crc_V_56)   --->   "%or_ln28_47 = or i1 %and_ln28_2, i1 %xor_ln28_17" [codes/crc.cpp:28]   --->   Operation 167 'or' 'or_ln28_47' <Predicate = (!icmp_ln22)> <Delay = 0.00> <CoreInst = "LogicGate">   --->   Core 74 'LogicGate' <Latency = 0> <II = 1> <Delay = 0.28> <FuncUnit> <Opcode : 'and' 'or' 'xor'> <InPorts = 2> <OutPorts = 1>
ST_1 : Operation 168 [1/1] (0.28ns)   --->   "%or_ln28_48 = or i1 %and_ln28_3, i1 %and_ln28_7" [codes/crc.cpp:28]   --->   Operation 168 'or' 'or_ln28_48' <Predicate = (!icmp_ln22)> <Delay = 0.28> <CoreInst = "LogicGate">   --->   Core 74 'LogicGate' <Latency = 0> <II = 1> <Delay = 0.28> <FuncUnit> <Opcode : 'and' 'or' 'xor'> <InPorts = 2> <OutPorts = 1>
ST_1 : Operation 169 [1/1] (0.00ns) (grouped into LUT with out node crc_V_56)   --->   "%or_ln28_49 = or i1 %or_ln28_48, i1 %or_ln28_47" [codes/crc.cpp:28]   --->   Operation 169 'or' 'or_ln28_49' <Predicate = (!icmp_ln22)> <Delay = 0.00> <CoreInst = "LogicGate">   --->   Core 74 'LogicGate' <Latency = 0> <II = 1> <Delay = 0.28> <FuncUnit> <Opcode : 'and' 'or' 'xor'> <InPorts = 2> <OutPorts = 1>
ST_1 : Operation 170 [1/1] (0.28ns) (out node of the LUT)   --->   "%crc_V_56 = xor i1 %or_ln28_49, i1 %crc_V_17" [codes/crc.cpp:28]   --->   Operation 170 'xor' 'crc_V_56' <Predicate = (!icmp_ln22)> <Delay = 0.28> <CoreInst = "LogicGate">   --->   Core 74 'LogicGate' <Latency = 0> <II = 1> <Delay = 0.28> <FuncUnit> <Opcode : 'and' 'or' 'xor'> <InPorts = 2> <OutPorts = 1>
ST_1 : Operation 171 [1/1] (0.00ns) (grouped into LUT with out node crc_V_55)   --->   "%select_ln28_9 = select i1 %and_ln28_3, i1 %ret_V_2, i1 %crc_V_73" [codes/crc.cpp:28]   --->   Operation 171 'select' 'select_ln28_9' <Predicate = (!icmp_ln22)> <Delay = 0.00> <CoreInst = "Sel">   --->   Core 73 'Sel' <Latency = 0> <II = 1> <Delay = 0.17> <FuncUnit> <Opcode : 'select'> <InPorts = 3> <OutPorts = 1>
ST_1 : Operation 172 [1/1] (0.17ns) (out node of the LUT)   --->   "%crc_V_55 = select i1 %or_ln28_15, i1 %ret_V_2, i1 %select_ln28_9" [codes/crc.cpp:28]   --->   Operation 172 'select' 'crc_V_55' <Predicate = (!icmp_ln22)> <Delay = 0.17> <CoreInst = "Sel">   --->   Core 73 'Sel' <Latency = 0> <II = 1> <Delay = 0.17> <FuncUnit> <Opcode : 'select'> <InPorts = 3> <OutPorts = 1>
ST_1 : Operation 173 [1/1] (0.00ns) (grouped into LUT with out node crc_V_54)   --->   "%select_ln28_11 = select i1 %and_ln28_1, i1 %xor_ln1499_9, i1 %crc_V_15" [codes/crc.cpp:28]   --->   Operation 173 'select' 'select_ln28_11' <Predicate = (!icmp_ln22)> <Delay = 0.00> <CoreInst = "Sel">   --->   Core 73 'Sel' <Latency = 0> <II = 1> <Delay = 0.17> <FuncUnit> <Opcode : 'select'> <InPorts = 3> <OutPorts = 1>
ST_1 : Operation 174 [1/1] (0.17ns) (out node of the LUT)   --->   "%crc_V_54 = select i1 %or_ln28_25, i1 %xor_ln1499_9, i1 %select_ln28_11" [codes/crc.cpp:28]   --->   Operation 174 'select' 'crc_V_54' <Predicate = (!icmp_ln22)> <Delay = 0.17> <CoreInst = "Sel">   --->   Core 73 'Sel' <Latency = 0> <II = 1> <Delay = 0.17> <FuncUnit> <Opcode : 'select'> <InPorts = 3> <OutPorts = 1>
ST_1 : Operation 175 [1/1] (0.00ns) (grouped into LUT with out node or_ln28_51)   --->   "%or_ln28_50 = or i1 %icmp_ln28_2, i1 %icmp_ln28_3" [codes/crc.cpp:28]   --->   Operation 175 'or' 'or_ln28_50' <Predicate = (!icmp_ln22)> <Delay = 0.00> <CoreInst = "LogicGate">   --->   Core 74 'LogicGate' <Latency = 0> <II = 1> <Delay = 0.28> <FuncUnit> <Opcode : 'and' 'or' 'xor'> <InPorts = 2> <OutPorts = 1>
ST_1 : Operation 176 [1/1] (0.28ns) (out node of the LUT)   --->   "%or_ln28_51 = or i1 %or_ln28_50, i1 %xor_ln24" [codes/crc.cpp:28]   --->   Operation 176 'or' 'or_ln28_51' <Predicate = (!icmp_ln22)> <Delay = 0.28> <CoreInst = "LogicGate">   --->   Core 74 'LogicGate' <Latency = 0> <II = 1> <Delay = 0.28> <FuncUnit> <Opcode : 'and' 'or' 'xor'> <InPorts = 2> <OutPorts = 1>
ST_1 : Operation 177 [1/1] (0.00ns) (grouped into LUT with out node crc_V_53)   --->   "%or_ln28_52 = or i1 %or_ln28_45, i1 %or_ln28_51" [codes/crc.cpp:28]   --->   Operation 177 'or' 'or_ln28_52' <Predicate = (!icmp_ln22)> <Delay = 0.00> <CoreInst = "LogicGate">   --->   Core 74 'LogicGate' <Latency = 0> <II = 1> <Delay = 0.28> <FuncUnit> <Opcode : 'and' 'or' 'xor'> <InPorts = 2> <OutPorts = 1>
ST_1 : Operation 178 [1/1] (0.00ns) (grouped into LUT with out node crc_V_53)   --->   "%xor_ln28_19 = xor i1 %or_ln28_52, i1 1" [codes/crc.cpp:28]   --->   Operation 178 'xor' 'xor_ln28_19' <Predicate = (!icmp_ln22)> <Delay = 0.00> <CoreInst = "LogicGate">   --->   Core 74 'LogicGate' <Latency = 0> <II = 1> <Delay = 0.28> <FuncUnit> <Opcode : 'and' 'or' 'xor'> <InPorts = 2> <OutPorts = 1>
ST_1 : Operation 179 [1/1] (0.00ns) (grouped into LUT with out node crc_V_53)   --->   "%or_ln28_53 = or i1 %and_ln28_2, i1 %xor_ln28_19" [codes/crc.cpp:28]   --->   Operation 179 'or' 'or_ln28_53' <Predicate = (!icmp_ln22)> <Delay = 0.00> <CoreInst = "LogicGate">   --->   Core 74 'LogicGate' <Latency = 0> <II = 1> <Delay = 0.28> <FuncUnit> <Opcode : 'and' 'or' 'xor'> <InPorts = 2> <OutPorts = 1>
ST_1 : Operation 180 [1/1] (0.00ns) (grouped into LUT with out node crc_V_53)   --->   "%or_ln28_54 = or i1 %or_ln28_32, i1 %or_ln28_53" [codes/crc.cpp:28]   --->   Operation 180 'or' 'or_ln28_54' <Predicate = (!icmp_ln22)> <Delay = 0.00> <CoreInst = "LogicGate">   --->   Core 74 'LogicGate' <Latency = 0> <II = 1> <Delay = 0.28> <FuncUnit> <Opcode : 'and' 'or' 'xor'> <InPorts = 2> <OutPorts = 1>
ST_1 : Operation 181 [1/1] (0.28ns) (out node of the LUT)   --->   "%crc_V_53 = xor i1 %or_ln28_54, i1 %crc_V_14" [codes/crc.cpp:28]   --->   Operation 181 'xor' 'crc_V_53' <Predicate = (!icmp_ln22)> <Delay = 0.28> <CoreInst = "LogicGate">   --->   Core 74 'LogicGate' <Latency = 0> <II = 1> <Delay = 0.28> <FuncUnit> <Opcode : 'and' 'or' 'xor'> <InPorts = 2> <OutPorts = 1>
ST_1 : Operation 182 [1/1] (0.00ns) (grouped into LUT with out node crc_V_52)   --->   "%or_ln28_55 = or i1 %or_ln28_4, i1 %or_ln28_44" [codes/crc.cpp:28]   --->   Operation 182 'or' 'or_ln28_55' <Predicate = (!icmp_ln22)> <Delay = 0.00> <CoreInst = "LogicGate">   --->   Core 74 'LogicGate' <Latency = 0> <II = 1> <Delay = 0.28> <FuncUnit> <Opcode : 'and' 'or' 'xor'> <InPorts = 2> <OutPorts = 1>
ST_1 : Operation 183 [1/1] (0.00ns) (grouped into LUT with out node crc_V_52)   --->   "%xor_ln28_21 = xor i1 %or_ln28_55, i1 1" [codes/crc.cpp:28]   --->   Operation 183 'xor' 'xor_ln28_21' <Predicate = (!icmp_ln22)> <Delay = 0.00> <CoreInst = "LogicGate">   --->   Core 74 'LogicGate' <Latency = 0> <II = 1> <Delay = 0.28> <FuncUnit> <Opcode : 'and' 'or' 'xor'> <InPorts = 2> <OutPorts = 1>
ST_1 : Operation 184 [1/1] (0.00ns) (grouped into LUT with out node crc_V_52)   --->   "%or_ln28_56 = or i1 %and_ln28_3, i1 %xor_ln28_21" [codes/crc.cpp:28]   --->   Operation 184 'or' 'or_ln28_56' <Predicate = (!icmp_ln22)> <Delay = 0.00> <CoreInst = "LogicGate">   --->   Core 74 'LogicGate' <Latency = 0> <II = 1> <Delay = 0.28> <FuncUnit> <Opcode : 'and' 'or' 'xor'> <InPorts = 2> <OutPorts = 1>
ST_1 : Operation 185 [1/1] (0.00ns) (grouped into LUT with out node crc_V_52)   --->   "%or_ln28_57 = or i1 %or_ln28_21, i1 %or_ln28_56" [codes/crc.cpp:28]   --->   Operation 185 'or' 'or_ln28_57' <Predicate = (!icmp_ln22)> <Delay = 0.00> <CoreInst = "LogicGate">   --->   Core 74 'LogicGate' <Latency = 0> <II = 1> <Delay = 0.28> <FuncUnit> <Opcode : 'and' 'or' 'xor'> <InPorts = 2> <OutPorts = 1>
ST_1 : Operation 186 [1/1] (0.28ns) (out node of the LUT)   --->   "%crc_V_52 = xor i1 %or_ln28_57, i1 %crc_V_72" [codes/crc.cpp:28]   --->   Operation 186 'xor' 'crc_V_52' <Predicate = (!icmp_ln22)> <Delay = 0.28> <CoreInst = "LogicGate">   --->   Core 74 'LogicGate' <Latency = 0> <II = 1> <Delay = 0.28> <FuncUnit> <Opcode : 'and' 'or' 'xor'> <InPorts = 2> <OutPorts = 1>
ST_1 : Operation 187 [1/1] (0.00ns) (grouped into LUT with out node crc_V_51)   --->   "%select_ln28_13 = select i1 %and_ln28_1, i1 %ret_V_1, i1 %crc_V_71" [codes/crc.cpp:28]   --->   Operation 187 'select' 'select_ln28_13' <Predicate = (!icmp_ln22)> <Delay = 0.00> <CoreInst = "Sel">   --->   Core 73 'Sel' <Latency = 0> <II = 1> <Delay = 0.17> <FuncUnit> <Opcode : 'select'> <InPorts = 3> <OutPorts = 1>
ST_1 : Operation 188 [1/1] (0.17ns) (out node of the LUT)   --->   "%crc_V_51 = select i1 %or_ln28_15, i1 %ret_V_1, i1 %select_ln28_13" [codes/crc.cpp:28]   --->   Operation 188 'select' 'crc_V_51' <Predicate = (!icmp_ln22)> <Delay = 0.17> <CoreInst = "Sel">   --->   Core 73 'Sel' <Latency = 0> <II = 1> <Delay = 0.17> <FuncUnit> <Opcode : 'select'> <InPorts = 3> <OutPorts = 1>
ST_1 : Operation 189 [1/1] (0.00ns) (grouped into LUT with out node crc_V_50)   --->   "%or_ln28_58 = or i1 %and_ln28_5, i1 %and_ln28_2" [codes/crc.cpp:28]   --->   Operation 189 'or' 'or_ln28_58' <Predicate = (!icmp_ln22)> <Delay = 0.00> <CoreInst = "LogicGate">   --->   Core 74 'LogicGate' <Latency = 0> <II = 1> <Delay = 0.28> <FuncUnit> <Opcode : 'and' 'or' 'xor'> <InPorts = 2> <OutPorts = 1>
ST_1 : Operation 190 [1/1] (0.00ns) (grouped into LUT with out node crc_V_50)   --->   "%select_ln28_15 = select i1 %and_ln28_1, i1 %xor_ln1499_8, i1 %crc_V_11" [codes/crc.cpp:28]   --->   Operation 190 'select' 'select_ln28_15' <Predicate = (!icmp_ln22)> <Delay = 0.00> <CoreInst = "Sel">   --->   Core 73 'Sel' <Latency = 0> <II = 1> <Delay = 0.17> <FuncUnit> <Opcode : 'select'> <InPorts = 3> <OutPorts = 1>
ST_1 : Operation 191 [1/1] (0.28ns) (out node of the LUT)   --->   "%crc_V_50 = select i1 %or_ln28_58, i1 %xor_ln1499_8, i1 %select_ln28_15" [codes/crc.cpp:28]   --->   Operation 191 'select' 'crc_V_50' <Predicate = (!icmp_ln22)> <Delay = 0.28> <CoreInst = "Sel">   --->   Core 73 'Sel' <Latency = 0> <II = 1> <Delay = 0.17> <FuncUnit> <Opcode : 'select'> <InPorts = 3> <OutPorts = 1>
ST_1 : Operation 192 [1/1] (0.00ns) (grouped into LUT with out node crc_V_49)   --->   "%select_ln28_17 = select i1 %and_ln28_2, i1 %xor_ln1499_3, i1 %crc_V_10" [codes/crc.cpp:28]   --->   Operation 192 'select' 'select_ln28_17' <Predicate = (!icmp_ln22)> <Delay = 0.00> <CoreInst = "Sel">   --->   Core 73 'Sel' <Latency = 0> <II = 1> <Delay = 0.17> <FuncUnit> <Opcode : 'select'> <InPorts = 3> <OutPorts = 1>
ST_1 : Operation 193 [1/1] (0.17ns) (out node of the LUT)   --->   "%crc_V_49 = select i1 %or_ln28_48, i1 %xor_ln1499_3, i1 %select_ln28_17" [codes/crc.cpp:28]   --->   Operation 193 'select' 'crc_V_49' <Predicate = (!icmp_ln22)> <Delay = 0.17> <CoreInst = "Sel">   --->   Core 73 'Sel' <Latency = 0> <II = 1> <Delay = 0.17> <FuncUnit> <Opcode : 'select'> <InPorts = 3> <OutPorts = 1>
ST_1 : Operation 194 [1/1] (0.00ns) (grouped into LUT with out node crc_V_48)   --->   "%select_ln28_19 = select i1 %and_ln28_3, i1 %xor_ln1499_12, i1 %crc_V_9" [codes/crc.cpp:28]   --->   Operation 194 'select' 'select_ln28_19' <Predicate = (!icmp_ln22)> <Delay = 0.00> <CoreInst = "Sel">   --->   Core 73 'Sel' <Latency = 0> <II = 1> <Delay = 0.17> <FuncUnit> <Opcode : 'select'> <InPorts = 3> <OutPorts = 1>
ST_1 : Operation 195 [1/1] (0.17ns) (out node of the LUT)   --->   "%crc_V_48 = select i1 %and_ln28_4, i1 %xor_ln1499_12, i1 %select_ln28_19" [codes/crc.cpp:28]   --->   Operation 195 'select' 'crc_V_48' <Predicate = (!icmp_ln22)> <Delay = 0.17> <CoreInst = "Sel">   --->   Core 73 'Sel' <Latency = 0> <II = 1> <Delay = 0.17> <FuncUnit> <Opcode : 'select'> <InPorts = 3> <OutPorts = 1>
ST_1 : Operation 196 [1/1] (0.00ns) (grouped into LUT with out node crc_V_47)   --->   "%or_ln28_59 = or i1 %or_ln28_17, i1 %icmp_ln28_4" [codes/crc.cpp:28]   --->   Operation 196 'or' 'or_ln28_59' <Predicate = (!icmp_ln22)> <Delay = 0.00> <CoreInst = "LogicGate">   --->   Core 74 'LogicGate' <Latency = 0> <II = 1> <Delay = 0.28> <FuncUnit> <Opcode : 'and' 'or' 'xor'> <InPorts = 2> <OutPorts = 1>
ST_1 : Operation 197 [1/1] (0.00ns) (grouped into LUT with out node crc_V_47)   --->   "%or_ln28_60 = or i1 %or_ln28_45, i1 %or_ln28_59" [codes/crc.cpp:28]   --->   Operation 197 'or' 'or_ln28_60' <Predicate = (!icmp_ln22)> <Delay = 0.00> <CoreInst = "LogicGate">   --->   Core 74 'LogicGate' <Latency = 0> <II = 1> <Delay = 0.28> <FuncUnit> <Opcode : 'and' 'or' 'xor'> <InPorts = 2> <OutPorts = 1>
ST_1 : Operation 198 [1/1] (0.00ns) (grouped into LUT with out node crc_V_47)   --->   "%xor_ln28_23 = xor i1 %or_ln28_60, i1 1" [codes/crc.cpp:28]   --->   Operation 198 'xor' 'xor_ln28_23' <Predicate = (!icmp_ln22)> <Delay = 0.00> <CoreInst = "LogicGate">   --->   Core 74 'LogicGate' <Latency = 0> <II = 1> <Delay = 0.28> <FuncUnit> <Opcode : 'and' 'or' 'xor'> <InPorts = 2> <OutPorts = 1>
ST_1 : Operation 199 [1/1] (0.00ns) (grouped into LUT with out node crc_V_47)   --->   "%or_ln28_61 = or i1 %and_ln28_5, i1 %xor_ln28_23" [codes/crc.cpp:28]   --->   Operation 199 'or' 'or_ln28_61' <Predicate = (!icmp_ln22)> <Delay = 0.00> <CoreInst = "LogicGate">   --->   Core 74 'LogicGate' <Latency = 0> <II = 1> <Delay = 0.28> <FuncUnit> <Opcode : 'and' 'or' 'xor'> <InPorts = 2> <OutPorts = 1>
ST_1 : Operation 200 [1/1] (0.00ns) (grouped into LUT with out node crc_V_47)   --->   "%or_ln28_62 = or i1 %or_ln28_61, i1 %and_ln28_4" [codes/crc.cpp:28]   --->   Operation 200 'or' 'or_ln28_62' <Predicate = (!icmp_ln22)> <Delay = 0.00> <CoreInst = "LogicGate">   --->   Core 74 'LogicGate' <Latency = 0> <II = 1> <Delay = 0.28> <FuncUnit> <Opcode : 'and' 'or' 'xor'> <InPorts = 2> <OutPorts = 1>
ST_1 : Operation 201 [1/1] (0.28ns) (out node of the LUT)   --->   "%crc_V_47 = xor i1 %or_ln28_62, i1 %crc_V_8" [codes/crc.cpp:28]   --->   Operation 201 'xor' 'crc_V_47' <Predicate = (!icmp_ln22)> <Delay = 0.28> <CoreInst = "LogicGate">   --->   Core 74 'LogicGate' <Latency = 0> <II = 1> <Delay = 0.28> <FuncUnit> <Opcode : 'and' 'or' 'xor'> <InPorts = 2> <OutPorts = 1>
ST_1 : Operation 202 [1/1] (0.00ns) (grouped into LUT with out node select_ln28_21)   --->   "%or_ln28_63 = or i1 %or_ln28_4, i1 %or_ln28_51" [codes/crc.cpp:28]   --->   Operation 202 'or' 'or_ln28_63' <Predicate = (!icmp_ln22)> <Delay = 0.00> <CoreInst = "LogicGate">   --->   Core 74 'LogicGate' <Latency = 0> <II = 1> <Delay = 0.28> <FuncUnit> <Opcode : 'and' 'or' 'xor'> <InPorts = 2> <OutPorts = 1>
ST_1 : Operation 203 [1/1] (0.00ns) (grouped into LUT with out node select_ln28_21)   --->   "%and_ln28_8 = and i1 %or_ln28_63, i1 %crc_V_70" [codes/crc.cpp:28]   --->   Operation 203 'and' 'and_ln28_8' <Predicate = (!icmp_ln22)> <Delay = 0.00> <CoreInst = "LogicGate">   --->   Core 74 'LogicGate' <Latency = 0> <II = 1> <Delay = 0.28> <FuncUnit> <Opcode : 'and' 'or' 'xor'> <InPorts = 2> <OutPorts = 1>
ST_1 : Operation 204 [1/1] (0.28ns) (out node of the LUT)   --->   "%select_ln28_21 = select i1 %and_ln28_5, i1 %ret_V, i1 %and_ln28_8" [codes/crc.cpp:28]   --->   Operation 204 'select' 'select_ln28_21' <Predicate = (!icmp_ln22)> <Delay = 0.28> <CoreInst = "Sel">   --->   Core 73 'Sel' <Latency = 0> <II = 1> <Delay = 0.17> <FuncUnit> <Opcode : 'select'> <InPorts = 3> <OutPorts = 1>
ST_1 : Operation 205 [1/1] (0.17ns) (out node of the LUT)   --->   "%crc_V_46 = select i1 %or_ln28_21, i1 %ret_V, i1 %select_ln28_21" [codes/crc.cpp:28]   --->   Operation 205 'select' 'crc_V_46' <Predicate = (!icmp_ln22)> <Delay = 0.17> <CoreInst = "Sel">   --->   Core 73 'Sel' <Latency = 0> <II = 1> <Delay = 0.17> <FuncUnit> <Opcode : 'select'> <InPorts = 3> <OutPorts = 1>
ST_1 : Operation 206 [1/1] (0.00ns) (grouped into LUT with out node crc_V_45)   --->   "%select_ln28_23 = select i1 %and_ln28_1, i1 %xor_ln1499_1, i1 %crc_V_6" [codes/crc.cpp:28]   --->   Operation 206 'select' 'select_ln28_23' <Predicate = (!icmp_ln22)> <Delay = 0.00> <CoreInst = "Sel">   --->   Core 73 'Sel' <Latency = 0> <II = 1> <Delay = 0.17> <FuncUnit> <Opcode : 'select'> <InPorts = 3> <OutPorts = 1>
ST_1 : Operation 207 [1/1] (0.00ns) (grouped into LUT with out node crc_V_45)   --->   "%select_ln28_24 = select i1 %and_ln28_7, i1 %xor_ln1499_1, i1 %select_ln28_23" [codes/crc.cpp:28]   --->   Operation 207 'select' 'select_ln28_24' <Predicate = (!icmp_ln22)> <Delay = 0.00> <CoreInst = "Sel">   --->   Core 73 'Sel' <Latency = 0> <II = 1> <Delay = 0.17> <FuncUnit> <Opcode : 'select'> <InPorts = 3> <OutPorts = 1>
ST_1 : Operation 208 [1/1] (0.00ns) (grouped into LUT with out node crc_V_45)   --->   "%xor_ln28_25 = xor i1 %and_ln28, i1 1" [codes/crc.cpp:28]   --->   Operation 208 'xor' 'xor_ln28_25' <Predicate = (!icmp_ln22)> <Delay = 0.00> <CoreInst = "LogicGate">   --->   Core 74 'LogicGate' <Latency = 0> <II = 1> <Delay = 0.28> <FuncUnit> <Opcode : 'and' 'or' 'xor'> <InPorts = 2> <OutPorts = 1>
ST_1 : Operation 209 [1/1] (0.28ns) (out node of the LUT)   --->   "%crc_V_45 = and i1 %select_ln28_24, i1 %xor_ln28_25" [codes/crc.cpp:28]   --->   Operation 209 'and' 'crc_V_45' <Predicate = (!icmp_ln22)> <Delay = 0.28> <CoreInst = "LogicGate">   --->   Core 74 'LogicGate' <Latency = 0> <II = 1> <Delay = 0.28> <FuncUnit> <Opcode : 'and' 'or' 'xor'> <InPorts = 2> <OutPorts = 1>
ST_1 : Operation 210 [1/1] (0.00ns) (grouped into LUT with out node crc_V_44)   --->   "%xor_ln28_26 = xor i1 %and_ln28_1, i1 1" [codes/crc.cpp:28]   --->   Operation 210 'xor' 'xor_ln28_26' <Predicate = (!icmp_ln22)> <Delay = 0.00> <CoreInst = "LogicGate">   --->   Core 74 'LogicGate' <Latency = 0> <II = 1> <Delay = 0.28> <FuncUnit> <Opcode : 'and' 'or' 'xor'> <InPorts = 2> <OutPorts = 1>
ST_1 : Operation 211 [1/1] (0.00ns) (grouped into LUT with out node crc_V_44)   --->   "%and_ln28_10 = and i1 %crc_V_5, i1 %xor_ln28_26" [codes/crc.cpp:28]   --->   Operation 211 'and' 'and_ln28_10' <Predicate = (!icmp_ln22)> <Delay = 0.00> <CoreInst = "LogicGate">   --->   Core 74 'LogicGate' <Latency = 0> <II = 1> <Delay = 0.28> <FuncUnit> <Opcode : 'and' 'or' 'xor'> <InPorts = 2> <OutPorts = 1>
ST_1 : Operation 212 [1/1] (0.28ns) (out node of the LUT)   --->   "%crc_V_44 = select i1 %and_ln28_2, i1 %xor_ln1499_16, i1 %and_ln28_10" [codes/crc.cpp:28]   --->   Operation 212 'select' 'crc_V_44' <Predicate = (!icmp_ln22)> <Delay = 0.28> <CoreInst = "Sel">   --->   Core 73 'Sel' <Latency = 0> <II = 1> <Delay = 0.17> <FuncUnit> <Opcode : 'select'> <InPorts = 3> <OutPorts = 1>
ST_1 : Operation 213 [1/1] (0.00ns) (grouped into LUT with out node crc_V_43)   --->   "%xor_ln28_27 = xor i1 %and_ln28_2, i1 1" [codes/crc.cpp:28]   --->   Operation 213 'xor' 'xor_ln28_27' <Predicate = (!icmp_ln22)> <Delay = 0.00> <CoreInst = "LogicGate">   --->   Core 74 'LogicGate' <Latency = 0> <II = 1> <Delay = 0.28> <FuncUnit> <Opcode : 'and' 'or' 'xor'> <InPorts = 2> <OutPorts = 1>
ST_1 : Operation 214 [1/1] (0.00ns) (grouped into LUT with out node crc_V_43)   --->   "%and_ln28_11 = and i1 %crc_V_4, i1 %xor_ln28_27" [codes/crc.cpp:28]   --->   Operation 214 'and' 'and_ln28_11' <Predicate = (!icmp_ln22)> <Delay = 0.00> <CoreInst = "LogicGate">   --->   Core 74 'LogicGate' <Latency = 0> <II = 1> <Delay = 0.28> <FuncUnit> <Opcode : 'and' 'or' 'xor'> <InPorts = 2> <OutPorts = 1>
ST_1 : Operation 215 [1/1] (0.28ns) (out node of the LUT)   --->   "%crc_V_43 = select i1 %and_ln28_3, i1 %xor_ln1499_15, i1 %and_ln28_11" [codes/crc.cpp:28]   --->   Operation 215 'select' 'crc_V_43' <Predicate = (!icmp_ln22)> <Delay = 0.28> <CoreInst = "Sel">   --->   Core 73 'Sel' <Latency = 0> <II = 1> <Delay = 0.17> <FuncUnit> <Opcode : 'select'> <InPorts = 3> <OutPorts = 1>
ST_1 : Operation 216 [1/1] (0.00ns) (grouped into LUT with out node crc_V_42)   --->   "%xor_ln28_28 = xor i1 %and_ln28_3, i1 1" [codes/crc.cpp:28]   --->   Operation 216 'xor' 'xor_ln28_28' <Predicate = (!icmp_ln22)> <Delay = 0.00> <CoreInst = "LogicGate">   --->   Core 74 'LogicGate' <Latency = 0> <II = 1> <Delay = 0.28> <FuncUnit> <Opcode : 'and' 'or' 'xor'> <InPorts = 2> <OutPorts = 1>
ST_1 : Operation 217 [1/1] (0.00ns) (grouped into LUT with out node crc_V_42)   --->   "%and_ln28_12 = and i1 %crc_V_3, i1 %xor_ln28_28" [codes/crc.cpp:28]   --->   Operation 217 'and' 'and_ln28_12' <Predicate = (!icmp_ln22)> <Delay = 0.00> <CoreInst = "LogicGate">   --->   Core 74 'LogicGate' <Latency = 0> <II = 1> <Delay = 0.28> <FuncUnit> <Opcode : 'and' 'or' 'xor'> <InPorts = 2> <OutPorts = 1>
ST_1 : Operation 218 [1/1] (0.28ns) (out node of the LUT)   --->   "%crc_V_42 = select i1 %and_ln28_4, i1 %xor_ln1499_11, i1 %and_ln28_12" [codes/crc.cpp:28]   --->   Operation 218 'select' 'crc_V_42' <Predicate = (!icmp_ln22)> <Delay = 0.28> <CoreInst = "Sel">   --->   Core 73 'Sel' <Latency = 0> <II = 1> <Delay = 0.17> <FuncUnit> <Opcode : 'select'> <InPorts = 3> <OutPorts = 1>
ST_1 : Operation 219 [1/1] (0.00ns) (grouped into LUT with out node crc_V_41)   --->   "%xor_ln28_29 = xor i1 %and_ln28_4, i1 1" [codes/crc.cpp:28]   --->   Operation 219 'xor' 'xor_ln28_29' <Predicate = (!icmp_ln22)> <Delay = 0.00> <CoreInst = "LogicGate">   --->   Core 74 'LogicGate' <Latency = 0> <II = 1> <Delay = 0.28> <FuncUnit> <Opcode : 'and' 'or' 'xor'> <InPorts = 2> <OutPorts = 1>
ST_1 : Operation 220 [1/1] (0.00ns) (grouped into LUT with out node crc_V_41)   --->   "%and_ln28_13 = and i1 %crc_V_2, i1 %xor_ln28_29" [codes/crc.cpp:28]   --->   Operation 220 'and' 'and_ln28_13' <Predicate = (!icmp_ln22)> <Delay = 0.00> <CoreInst = "LogicGate">   --->   Core 74 'LogicGate' <Latency = 0> <II = 1> <Delay = 0.28> <FuncUnit> <Opcode : 'and' 'or' 'xor'> <InPorts = 2> <OutPorts = 1>
ST_1 : Operation 221 [1/1] (0.28ns) (out node of the LUT)   --->   "%crc_V_41 = select i1 %and_ln28_5, i1 %xor_ln1499_7, i1 %and_ln28_13" [codes/crc.cpp:28]   --->   Operation 221 'select' 'crc_V_41' <Predicate = (!icmp_ln22)> <Delay = 0.28> <CoreInst = "Sel">   --->   Core 73 'Sel' <Latency = 0> <II = 1> <Delay = 0.17> <FuncUnit> <Opcode : 'select'> <InPorts = 3> <OutPorts = 1>
ST_1 : Operation 222 [1/1] (0.00ns) (grouped into LUT with out node crc_V_40)   --->   "%xor_ln28_30 = xor i1 %and_ln28_5, i1 1" [codes/crc.cpp:28]   --->   Operation 222 'xor' 'xor_ln28_30' <Predicate = (!icmp_ln22)> <Delay = 0.00> <CoreInst = "LogicGate">   --->   Core 74 'LogicGate' <Latency = 0> <II = 1> <Delay = 0.28> <FuncUnit> <Opcode : 'and' 'or' 'xor'> <InPorts = 2> <OutPorts = 1>
ST_1 : Operation 223 [1/1] (0.00ns) (grouped into LUT with out node crc_V_40)   --->   "%and_ln28_14 = and i1 %crc_V_1, i1 %xor_ln28_30" [codes/crc.cpp:28]   --->   Operation 223 'and' 'and_ln28_14' <Predicate = (!icmp_ln22)> <Delay = 0.00> <CoreInst = "LogicGate">   --->   Core 74 'LogicGate' <Latency = 0> <II = 1> <Delay = 0.28> <FuncUnit> <Opcode : 'and' 'or' 'xor'> <InPorts = 2> <OutPorts = 1>
ST_1 : Operation 224 [1/1] (0.28ns) (out node of the LUT)   --->   "%crc_V_40 = select i1 %and_ln28_7, i1 %xor_ln1499, i1 %and_ln28_14" [codes/crc.cpp:28]   --->   Operation 224 'select' 'crc_V_40' <Predicate = (!icmp_ln22)> <Delay = 0.28> <CoreInst = "Sel">   --->   Core 73 'Sel' <Latency = 0> <II = 1> <Delay = 0.17> <FuncUnit> <Opcode : 'select'> <InPorts = 3> <OutPorts = 1>
ST_1 : Operation 225 [1/1] (0.00ns) (grouped into LUT with out node crc_V_39)   --->   "%xor_ln28_31 = xor i1 %and_ln28_7, i1 1" [codes/crc.cpp:28]   --->   Operation 225 'xor' 'xor_ln28_31' <Predicate = (!icmp_ln22)> <Delay = 0.00> <CoreInst = "LogicGate">   --->   Core 74 'LogicGate' <Latency = 0> <II = 1> <Delay = 0.28> <FuncUnit> <Opcode : 'and' 'or' 'xor'> <InPorts = 2> <OutPorts = 1>
ST_1 : Operation 226 [1/1] (0.28ns) (out node of the LUT)   --->   "%crc_V_39 = and i1 %crc_V, i1 %xor_ln28_31" [codes/crc.cpp:28]   --->   Operation 226 'and' 'crc_V_39' <Predicate = (!icmp_ln22)> <Delay = 0.28> <CoreInst = "LogicGate">   --->   Core 74 'LogicGate' <Latency = 0> <II = 1> <Delay = 0.28> <FuncUnit> <Opcode : 'and' 'or' 'xor'> <InPorts = 2> <OutPorts = 1>
ST_1 : Operation 227 [1/1] (0.42ns)   --->   "%store_ln22 = store i4 %add_ln22, i4 %k" [codes/crc.cpp:22]   --->   Operation 227 'store' 'store_ln22' <Predicate = (!icmp_ln22)> <Delay = 0.42>
ST_1 : Operation 228 [1/1] (0.00ns)   --->   "%br_ln22 = br void %for.body50" [codes/crc.cpp:22]   --->   Operation 228 'br' 'br_ln22' <Predicate = (!icmp_ln22)> <Delay = 0.00>
ST_1 : Operation 229 [1/1] (0.00ns)   --->   "%write_ln28 = write void @_ssdm_op_Write.ap_auto.i1P0A, i1 %crc_V_31_out, i1 %crc_V_31" [codes/crc.cpp:28]   --->   Operation 229 'write' 'write_ln28' <Predicate = (icmp_ln22)> <Delay = 0.00>
ST_1 : Operation 230 [1/1] (0.00ns)   --->   "%write_ln28 = write void @_ssdm_op_Write.ap_auto.i1P0A, i1 %crc_V_98_out, i1 %crc_V_90" [codes/crc.cpp:28]   --->   Operation 230 'write' 'write_ln28' <Predicate = (icmp_ln22)> <Delay = 0.00>
ST_1 : Operation 231 [1/1] (0.00ns)   --->   "%write_ln28 = write void @_ssdm_op_Write.ap_auto.i1P0A, i1 %crc_V_97_out, i1 %crc_V_89" [codes/crc.cpp:28]   --->   Operation 231 'write' 'write_ln28' <Predicate = (icmp_ln22)> <Delay = 0.00>
ST_1 : Operation 232 [1/1] (0.00ns)   --->   "%write_ln28 = write void @_ssdm_op_Write.ap_auto.i1P0A, i1 %crc_V_28_out, i1 %crc_V_28" [codes/crc.cpp:28]   --->   Operation 232 'write' 'write_ln28' <Predicate = (icmp_ln22)> <Delay = 0.00>
ST_1 : Operation 233 [1/1] (0.00ns)   --->   "%write_ln28 = write void @_ssdm_op_Write.ap_auto.i1P0A, i1 %crc_V_96_out, i1 %crc_V_88" [codes/crc.cpp:28]   --->   Operation 233 'write' 'write_ln28' <Predicate = (icmp_ln22)> <Delay = 0.00>
ST_1 : Operation 234 [1/1] (0.00ns)   --->   "%write_ln28 = write void @_ssdm_op_Write.ap_auto.i1P0A, i1 %crc_V_95_out, i1 %crc_V_87" [codes/crc.cpp:28]   --->   Operation 234 'write' 'write_ln28' <Predicate = (icmp_ln22)> <Delay = 0.00>
ST_1 : Operation 235 [1/1] (0.00ns)   --->   "%write_ln28 = write void @_ssdm_op_Write.ap_auto.i1P0A, i1 %crc_V_94_out, i1 %crc_V_86" [codes/crc.cpp:28]   --->   Operation 235 'write' 'write_ln28' <Predicate = (icmp_ln22)> <Delay = 0.00>
ST_1 : Operation 236 [1/1] (0.00ns)   --->   "%write_ln28 = write void @_ssdm_op_Write.ap_auto.i1P0A, i1 %crc_V_93_out, i1 %crc_V_77" [codes/crc.cpp:28]   --->   Operation 236 'write' 'write_ln28' <Predicate = (icmp_ln22)> <Delay = 0.00>
ST_1 : Operation 237 [1/1] (0.00ns)   --->   "%write_ln28 = write void @_ssdm_op_Write.ap_auto.i1P0A, i1 %crc_V_92_out, i1 %crc_V_76" [codes/crc.cpp:28]   --->   Operation 237 'write' 'write_ln28' <Predicate = (icmp_ln22)> <Delay = 0.00>
ST_1 : Operation 238 [1/1] (0.00ns)   --->   "%write_ln28 = write void @_ssdm_op_Write.ap_auto.i1P0A, i1 %crc_V_22_out, i1 %crc_V_22" [codes/crc.cpp:28]   --->   Operation 238 'write' 'write_ln28' <Predicate = (icmp_ln22)> <Delay = 0.00>
ST_1 : Operation 239 [1/1] (0.00ns)   --->   "%write_ln28 = write void @_ssdm_op_Write.ap_auto.i1P0A, i1 %crc_V_21_out, i1 %crc_V_21" [codes/crc.cpp:28]   --->   Operation 239 'write' 'write_ln28' <Predicate = (icmp_ln22)> <Delay = 0.00>
ST_1 : Operation 240 [1/1] (0.00ns)   --->   "%write_ln28 = write void @_ssdm_op_Write.ap_auto.i1P0A, i1 %crc_V_91_out, i1 %crc_V_75" [codes/crc.cpp:28]   --->   Operation 240 'write' 'write_ln28' <Predicate = (icmp_ln22)> <Delay = 0.00>
ST_1 : Operation 241 [1/1] (0.00ns)   --->   "%write_ln28 = write void @_ssdm_op_Write.ap_auto.i1P0A, i1 %crc_V_90_out, i1 %crc_V_74" [codes/crc.cpp:28]   --->   Operation 241 'write' 'write_ln28' <Predicate = (icmp_ln22)> <Delay = 0.00>
ST_1 : Operation 242 [1/1] (0.00ns)   --->   "%write_ln28 = write void @_ssdm_op_Write.ap_auto.i1P0A, i1 %crc_V_18_out, i1 %crc_V_18" [codes/crc.cpp:28]   --->   Operation 242 'write' 'write_ln28' <Predicate = (icmp_ln22)> <Delay = 0.00>
ST_1 : Operation 243 [1/1] (0.00ns)   --->   "%write_ln28 = write void @_ssdm_op_Write.ap_auto.i1P0A, i1 %crc_V_17_out, i1 %crc_V_17" [codes/crc.cpp:28]   --->   Operation 243 'write' 'write_ln28' <Predicate = (icmp_ln22)> <Delay = 0.00>
ST_1 : Operation 244 [1/1] (0.00ns)   --->   "%write_ln28 = write void @_ssdm_op_Write.ap_auto.i1P0A, i1 %crc_V_89_out, i1 %crc_V_73" [codes/crc.cpp:28]   --->   Operation 244 'write' 'write_ln28' <Predicate = (icmp_ln22)> <Delay = 0.00>
ST_1 : Operation 245 [1/1] (0.00ns)   --->   "%write_ln28 = write void @_ssdm_op_Write.ap_auto.i1P0A, i1 %crc_V_15_out, i1 %crc_V_15" [codes/crc.cpp:28]   --->   Operation 245 'write' 'write_ln28' <Predicate = (icmp_ln22)> <Delay = 0.00>
ST_1 : Operation 246 [1/1] (0.00ns)   --->   "%write_ln28 = write void @_ssdm_op_Write.ap_auto.i1P0A, i1 %crc_V_14_out, i1 %crc_V_14" [codes/crc.cpp:28]   --->   Operation 246 'write' 'write_ln28' <Predicate = (icmp_ln22)> <Delay = 0.00>
ST_1 : Operation 247 [1/1] (0.00ns)   --->   "%write_ln28 = write void @_ssdm_op_Write.ap_auto.i1P0A, i1 %crc_V_88_out, i1 %crc_V_72" [codes/crc.cpp:28]   --->   Operation 247 'write' 'write_ln28' <Predicate = (icmp_ln22)> <Delay = 0.00>
ST_1 : Operation 248 [1/1] (0.00ns)   --->   "%write_ln28 = write void @_ssdm_op_Write.ap_auto.i1P0A, i1 %crc_V_87_out, i1 %crc_V_71" [codes/crc.cpp:28]   --->   Operation 248 'write' 'write_ln28' <Predicate = (icmp_ln22)> <Delay = 0.00>
ST_1 : Operation 249 [1/1] (0.00ns)   --->   "%write_ln28 = write void @_ssdm_op_Write.ap_auto.i1P0A, i1 %crc_V_11_out, i1 %crc_V_11" [codes/crc.cpp:28]   --->   Operation 249 'write' 'write_ln28' <Predicate = (icmp_ln22)> <Delay = 0.00>
ST_1 : Operation 250 [1/1] (0.00ns)   --->   "%write_ln28 = write void @_ssdm_op_Write.ap_auto.i1P0A, i1 %crc_V_10_out, i1 %crc_V_10" [codes/crc.cpp:28]   --->   Operation 250 'write' 'write_ln28' <Predicate = (icmp_ln22)> <Delay = 0.00>
ST_1 : Operation 251 [1/1] (0.00ns)   --->   "%write_ln28 = write void @_ssdm_op_Write.ap_auto.i1P0A, i1 %crc_V_9_out, i1 %crc_V_9" [codes/crc.cpp:28]   --->   Operation 251 'write' 'write_ln28' <Predicate = (icmp_ln22)> <Delay = 0.00>
ST_1 : Operation 252 [1/1] (0.00ns)   --->   "%write_ln28 = write void @_ssdm_op_Write.ap_auto.i1P0A, i1 %crc_V_8_out, i1 %crc_V_8" [codes/crc.cpp:28]   --->   Operation 252 'write' 'write_ln28' <Predicate = (icmp_ln22)> <Delay = 0.00>
ST_1 : Operation 253 [1/1] (0.00ns)   --->   "%write_ln28 = write void @_ssdm_op_Write.ap_auto.i1P0A, i1 %crc_V_86_out, i1 %crc_V_70" [codes/crc.cpp:28]   --->   Operation 253 'write' 'write_ln28' <Predicate = (icmp_ln22)> <Delay = 0.00>
ST_1 : Operation 254 [1/1] (0.00ns)   --->   "%write_ln28 = write void @_ssdm_op_Write.ap_auto.i1P0A, i1 %crc_V_6_out, i1 %crc_V_6" [codes/crc.cpp:28]   --->   Operation 254 'write' 'write_ln28' <Predicate = (icmp_ln22)> <Delay = 0.00>
ST_1 : Operation 255 [1/1] (0.00ns)   --->   "%write_ln28 = write void @_ssdm_op_Write.ap_auto.i1P0A, i1 %crc_V_5_out, i1 %crc_V_5" [codes/crc.cpp:28]   --->   Operation 255 'write' 'write_ln28' <Predicate = (icmp_ln22)> <Delay = 0.00>
ST_1 : Operation 256 [1/1] (0.00ns)   --->   "%write_ln28 = write void @_ssdm_op_Write.ap_auto.i1P0A, i1 %crc_V_4_out, i1 %crc_V_4" [codes/crc.cpp:28]   --->   Operation 256 'write' 'write_ln28' <Predicate = (icmp_ln22)> <Delay = 0.00>
ST_1 : Operation 257 [1/1] (0.00ns)   --->   "%write_ln28 = write void @_ssdm_op_Write.ap_auto.i1P0A, i1 %crc_V_3_out, i1 %crc_V_3" [codes/crc.cpp:28]   --->   Operation 257 'write' 'write_ln28' <Predicate = (icmp_ln22)> <Delay = 0.00>
ST_1 : Operation 258 [1/1] (0.00ns)   --->   "%write_ln28 = write void @_ssdm_op_Write.ap_auto.i1P0A, i1 %crc_V_2_out, i1 %crc_V_2" [codes/crc.cpp:28]   --->   Operation 258 'write' 'write_ln28' <Predicate = (icmp_ln22)> <Delay = 0.00>
ST_1 : Operation 259 [1/1] (0.00ns)   --->   "%write_ln28 = write void @_ssdm_op_Write.ap_auto.i1P0A, i1 %crc_V_1_out, i1 %crc_V_1" [codes/crc.cpp:28]   --->   Operation 259 'write' 'write_ln28' <Predicate = (icmp_ln22)> <Delay = 0.00>
ST_1 : Operation 260 [1/1] (0.00ns)   --->   "%write_ln28 = write void @_ssdm_op_Write.ap_auto.i1P0A, i1 %crc_V_out, i1 %crc_V" [codes/crc.cpp:28]   --->   Operation 260 'write' 'write_ln28' <Predicate = (icmp_ln22)> <Delay = 0.00>
ST_1 : Operation 261 [1/1] (0.00ns)   --->   "%ret_ln0 = ret"   --->   Operation 261 'ret' 'ret_ln0' <Predicate = (icmp_ln22)> <Delay = 0.00>


============================================================
+ Verbose Summary: Timing violations
============================================================
Target clock period: 10ns, clock uncertainty: 2.7ns.

 <State 1>: 3.44ns
The critical path consists of the following:
	multiplexor before 'phi' operation ('crc.V') with incoming values : ('crc_V_85_read') ('crc.V', codes/crc.cpp:28) [79]  (0.427 ns)
	'phi' operation ('crc.V') with incoming values : ('crc_V_85_read') ('crc.V', codes/crc.cpp:28) [79]  (0 ns)
	'mux' operation ('lhs.V') [96]  (0.721 ns)
	'and' operation ('and_ln24', codes/crc.cpp:24) [97]  (0.287 ns)
	'xor' operation ('xor_ln24', codes/crc.cpp:24) [123]  (0.287 ns)
	'or' operation ('or_ln28', codes/crc.cpp:28) [124]  (0.287 ns)
	'or' operation ('or_ln28_1', codes/crc.cpp:28) [125]  (0.287 ns)
	'or' operation ('or_ln28_2', codes/crc.cpp:28) [126]  (0.287 ns)
	'or' operation ('or_ln28_3', codes/crc.cpp:28) [127]  (0.287 ns)
	'or' operation ('or_ln28_5', codes/crc.cpp:28) [129]  (0.287 ns)
	'or' operation ('or_ln28_6', codes/crc.cpp:28) [130]  (0 ns)
	'xor' operation ('xor_ln28', codes/crc.cpp:28) [131]  (0 ns)
	'xor' operation ('crc.V', codes/crc.cpp:28) [132]  (0.287 ns)


============================================================
+ Verbose Summary: Binding
============================================================
N/A
* FSMD analyzer results:
  - Output states:
 - Input state : 
  - Chain level:
	State 1


============================================================
+ Verbose Summary: Datapath Resource usage 
============================================================
N/A
